Hello, traveler. This is the beginning of a log file called: "Fascist Tweet Archiver".
Some basic system info about the host machine: posix.uname_result(sysname='Linux', nodename='file-server', release='3.16.0-4-686-pae', version='#1 SMP Debian 3.16.51-3 (2017-12-13)', machine='i686')
This log was begun Friday, 29 December 2017 at 07:11



INFO: read target account data; we're tracking 52 accounts
WARNING: no ProtocolError (got exception "name 'ProtocolError' is not defined");
 trying requests.packages.urllib3.exceptions instead
NOTE: successfully imported from requests
Starting up...
about to get all tweets newer than ID #946184802096513025 for account
@seanspicer
about to get all tweets newer than ID #946469698497105921 for account
@SecShulkin
about to get all tweets newer than ID #946497500634124288 for account
@SpeakerRyan
about to get all tweets newer than ID #898401955847876608 for account
@Linda_McMahon
ERROR: unable to get tweets for account @Linda_McMahon
           the system said: Failed to parse JSON payload: Unterminated string
starting at: line 1 column 505170 (char 505169)
about to get all tweets newer than ID #946731576687235072 for account
@realDonaldTrump
about to get all tweets newer than ID #946484911980056578 for account
@SecretaryZinke
about to get all tweets newer than ID #946468526478553089 for account
@SecretaryPerry
about to get all tweets newer than ID #946131448364437505 for account
@JessicaDitto45
about to get all tweets newer than ID #943545273489510400 for account
@MickMulvaneyOMB
about to get all tweets newer than ID #946443492921937920 for account @PressSec
about to get all tweets newer than ID #941074527592812545 for account
@SecretaryRoss
about to get all tweets newer than ID #945045186899570693 for account
@SecretaryAcosta
about to get all tweets newer than ID #898632795517403136 for account
@GeneralJFKellly
ERROR: unable to get tweets for account @GeneralJFKellly
           the system said: Not authorized.
about to get all tweets newer than ID #946257048035086336 for account
@KellyannePolls
about to get all tweets newer than ID #943908455793823744 for account @Reince
about to get all tweets newer than ID #816846808789958656 for account
@SenDanCoats
about to get all tweets newer than ID #816290296048873472 for account
@WilburRoss
about to get all tweets newer than ID #946526973702045697 for account @POTUS
about to get all tweets newer than ID #836780744810844161 for account
@StephenMillerAL
about to get all tweets newer than ID #945250460880928768 for account
@SecretarySonny
about to get all tweets newer than ID #946558457397829632 for account
@DanScavino
about to get all tweets newer than ID #946046285546602496 for account @SBALinda
about to get all tweets newer than ID #946504185947795456 for account @VP
about to get all tweets newer than ID #856041462164836355 for account
@FirstLadyIN
about to get all tweets newer than ID #867385249340297217 for account
@RealBenCarson
about to get all tweets newer than ID #930982584649175047 for account
@mike_pence
about to get all tweets newer than ID #945412679887413248 for account
@BetsyDeVosED
about to get all tweets newer than ID #890659905798983680 for account @Reince45
about to get all tweets newer than ID #832282841471918080 for account
@BetsyDeVos
about to get all tweets newer than ID #946739970047447040 for account
@Scaramucci
about to get all tweets newer than ID #946607890487488514 for account
@nikkihaley
about to get all tweets newer than ID #824610180881117184 for account
@GovPenceIN
about to get all tweets newer than ID #945295587301253120 for account @PRyan
about to get all tweets newer than ID #945432117319680000 for account
@GovernorPerry
ERROR: unable to get tweets for account @GovernorPerry
           the system said: Failed to parse JSON payload: Unterminated string
starting at: line 1 column 506916 (char 506915)
about to get all tweets newer than ID #943545231244439555 for account
@SecretaryCarson
about to get all tweets newer than ID #-1 for account @jaredkushner
about to get all tweets newer than ID #946726223861952513 for account
@IvankaTrump
about to get all tweets newer than ID #795981284761894912 for account
@MELANIATRUMP
about to get all tweets newer than ID #830074939298414592 for account
@RepTomPrice
about to get all tweets newer than ID #903694300306923521 for account
@SecElaineChao
about to get all tweets newer than ID #945836760617103361 for account
@SecondLady
about to get all tweets newer than ID #946575858717872129 for account @Scavino45
ERROR: unable to get tweets for account @Scavino45
           the system said: Failed to parse JSON payload: Unterminated string
starting at: line 1 column 505545 (char 505544)
about to get all tweets newer than ID #946627730136743936 for account
@stevenmnuchin1
about to get all tweets newer than ID #946387776328617984 for account
@IvankaTrumpHQ
about to get all tweets newer than ID #945107090221273093 for account
@EPAScottPruitt
about to get all tweets newer than ID #913881045652688901 for account
@SecPriceMD
about to get all tweets newer than ID #946473690757087232 for account
@AshLeeStrong
about to get all tweets newer than ID #-1 for account @ElaineChao
about to get all tweets newer than ID #945299954049933314 for account @FLOTUS
about to get all tweets newer than ID #946156999041052672 for account
@TomBossert45
about to get all tweets newer than ID #946573741848498176 for account
@WhiteHouse
about to get all tweets newer than ID #946035200471027712 for account
@StephGrisham45
... OK, we're set up, and about to watch 20776147, 831482588246196225, 18916432,
 65522706, 25073877, 827258161841135623, 830128820447539208, 836724024688410625,
 888031054141022209, 818927131883356161, 836305915452272641, 819980276570976256,
 892173412818354177, 471672239, 20733972, 212262370, 809836066316451840,
822215679726100480, 728361177986797568, 842072478834909184, 620571475,
819992522109894658, 818910970567344128, 1923451808, 1180379185, 22203756,
828997388920619008, 803703725730779136, 599530439, 24578794, 37666984, 15985455,
 733751245, 18906561, 828613457020870657, 29547260, 52544275, 108471631,
6577802, 826065858548133888, 822127086194348032, 823367015830323201,
799764016885329921, 798195585824104449, 832672006113931269, 829782369670410240,
296060169, 105267762, 818876014390603776, 866746592853979137,
822215673812119553, 823638938590085124


New tweet from DanScavino: Dear @jason_kint,

I actually just learned about it
 from your tweet, and have nothing to do with it — it’s from a c…
https://t.co/xf9iazyS1r

archiving URL http://twitter.com/DanScavino/status/946750417182093318
    ... archiving using prefix http://web.archive.org/save/

archiving URL https://twitter.com/DanScavino/status/946750417182093318
    ... archiving using prefix http://web.archive.org/save/
WARNING: received error ('Connection broken: IncompleteRead(0 bytes read)',
IncompleteRead(0 bytes read)); sleeping and trying again ...
WARNING: received error ('Connection broken: IncompleteRead(0 bytes read, 512
more expected)', IncompleteRead(0 bytes read, 512 more expected)); sleeping and
trying again ...
WARNING: received error ('Connection broken: IncompleteRead(0 bytes read, 976
more expected)', IncompleteRead(0 bytes read, 976 more expected)); sleeping and
trying again ...
