Hello, traveler. This is the beginning of a log file called: "Fascist Tweet Archiver".
Some basic system info about the host machine: posix.uname_result(sysname='Linux', nodename='file-server', release='3.16.0-4-686-pae', version='#1 SMP Debian 3.16.43-2+deb8u5 (2017-09-19)', machine='i686')
This log was begun Saturday, 25 November 2017 at 10:18



INFO: read target account data; we're tracking 52 accounts
WARNING: no ProtocolError (got exception "name 'ProtocolError' is not defined");
 trying requests.packages.urllib3.exceptions instead
NOTE: successfully imported from requests
Starting up...
about to get all tweets newer than ID #830074939298414592 for account
@RepTomPrice
about to get all tweets newer than ID #934108754731307009 for account
@IvankaTrump
about to get all tweets newer than ID #934100508570193920 for account @VP
about to get all tweets newer than ID #934435526035128320 for account @PRyan
about to get all tweets newer than ID #890659905798983680 for account @Reince45
about to get all tweets newer than ID #934235876913242113 for account
@MickMulvaneyOMB
about to get all tweets newer than ID #934407982493978624 for account
@JessicaDitto45
about to get all tweets newer than ID #933730630407507968 for account
@SecShulkin
about to get all tweets newer than ID #898401955847876608 for account
@Linda_McMahon
about to get all tweets newer than ID #816290296048873472 for account
@WilburRoss
about to get all tweets newer than ID #934403381929451522 for account
@AshLeeStrong
about to get all tweets newer than ID #923261387434012672 for account
@SecretaryRoss
about to get all tweets newer than ID #933764914363142149 for account
@SecretaryCarson
about to get all tweets newer than ID #832282841471918080 for account
@BetsyDeVos
about to get all tweets newer than ID #-1 for account @jaredkushner
about to get all tweets newer than ID #856041462164836355 for account
@FirstLadyIN
about to get all tweets newer than ID #934452629832454144 for account
@SecretaryAcosta
ERROR: unable to get tweets for account @SecretaryAcosta
           the system said: Failed to send request:
HTTPSConnectionPool(host='api.twitter.com', port=443): Read timed out.
about to get all tweets newer than ID #836780744810844161 for account
@StephenMillerAL
about to get all tweets newer than ID #934469551181373440 for account @SBALinda
about to get all tweets newer than ID #934184102395342848 for account
@SecretaryZinke
about to get all tweets newer than ID #913881045652688901 for account
@SecPriceMD
ERROR: unable to get tweets for account @SecPriceMD
           the system said: Failed to parse JSON payload: Unterminated string
starting at: line 1 column 508940 (char 508939)
about to get all tweets newer than ID #933733277701148672 for account
@SecondLady
about to get all tweets newer than ID #898632795517403136 for account
@GeneralJFKellly
ERROR: unable to get tweets for account @GeneralJFKellly
           the system said: Not authorized.
about to get all tweets newer than ID #816846808789958656 for account
@SenDanCoats
about to get all tweets newer than ID #934189999045693441 for account
@realDonaldTrump
about to get all tweets newer than ID #934330330043035648 for account @Scavino45
ERROR: unable to get tweets for account @Scavino45
           the system said: Failed to parse JSON payload: Unterminated string
starting at: line 1 column 508439 (char 508438)
about to get all tweets newer than ID #933832825815601154 for account
@seanspicer
ERROR: unable to get tweets for account @seanspicer
           the system said: Failed to parse JSON payload: Expecting property
name enclosed in double quotes: line 1 column 508900 (char 508899)
about to get all tweets newer than ID #934275009891184640 for account
@DanScavino
about to get all tweets newer than ID #934454177476108288 for account
@WhiteHouse
about to get all tweets newer than ID #928306806681735168 for account
@BetsyDeVosED
about to get all tweets newer than ID #930982584649175047 for account
@mike_pence
about to get all tweets newer than ID #934468160866091012 for account
@SpeakerRyan
about to get all tweets newer than ID #933749689714991105 for account
@TomBossert45
about to get all tweets newer than ID #903694300306923521 for account
@SecElaineChao
about to get all tweets newer than ID #795981284761894912 for account
@MELANIATRUMP
about to get all tweets newer than ID #824610180881117184 for account
@GovPenceIN
about to get all tweets newer than ID #934443265239154689 for account
@KellyannePolls
about to get all tweets newer than ID #934198554951913479 for account
@nikkihaley
ERROR: unable to get tweets for account @nikkihaley
           the system said: Failed to parse JSON payload: Unterminated string
starting at: line 1 column 503131 (char 503130)
about to get all tweets newer than ID #928448335584858113 for account @Reince
about to get all tweets newer than ID #934213853449261057 for account @PressSec
about to get all tweets newer than ID #934081286351794179 for account @POTUS
about to get all tweets newer than ID #933713814859780098 for account
@EPAScottPruitt
ERROR: unable to get tweets for account @EPAScottPruitt
           the system said: Failed to send request:
HTTPSConnectionPool(host='api.twitter.com', port=443): Read timed out.
about to get all tweets newer than ID #929769209055338496 for account
@GovernorPerry
about to get all tweets newer than ID #934439148601081857 for account
@Scaramucci
about to get all tweets newer than ID #-1 for account @ElaineChao
about to get all tweets newer than ID #934195424033955840 for account
@stevenmnuchin1
about to get all tweets newer than ID #867385249340297217 for account
@RealBenCarson
ERROR: unable to get tweets for account @RealBenCarson
           the system said: Failed to send request:
HTTPSConnectionPool(host='api.twitter.com', port=443): Read timed out. (read
timeout=60)
about to get all tweets newer than ID #933745035564273665 for account @FLOTUS
about to get all tweets newer than ID #933696660034560000 for account
@SecretaryPerry
about to get all tweets newer than ID #933349414835576834 for account
@IvankaTrumpHQ
ERROR: unable to get tweets for account @IvankaTrumpHQ
           the system said: Failed to parse JSON payload: Unterminated string
starting at: line 1 column 504024 (char 504023)
about to get all tweets newer than ID #934411780998225921 for account
@SecretarySonny
getting all tweets before ID #923350963922112511
ERROR: unable to get tweets for account @SecretarySonny
           the system said: Failed to parse JSON payload: Expecting value: line
1 column 501698 (char 501697)
about to get all tweets newer than ID #933745683550662657 for account
@StephGrisham45
... OK, we're set up, and about to watch 6577802, 52544275, 818910970567344128,
733751245, 803703725730779136, 888031054141022209, 836724024688410625,
831482588246196225, 65522706, 809836066316451840, 296060169, 836305915452272641,
 828613457020870657, 599530439, 29547260, 1923451808, 819980276570976256,
728361177986797568, 819992522109894658, 827258161841135623, 829782369670410240,
822127086194348032, 892173412818354177, 212262370, 25073877, 823367015830323201,
 20776147, 620571475, 822215673812119553, 828997388920619008, 22203756,
18916432, 866746592853979137, 826065858548133888, 108471631, 15985455,
471672239, 37666984, 20733972, 818927131883356161, 822215679726100480,
832672006113931269, 18906561, 24578794, 105267762, 799764016885329921,
1180379185, 818876014390603776, 830128820447539208, 798195585824104449,
842072478834909184, 823638938590085124
