Beginning of a log file: "Fascist Tweet Archiver".
System info: posix.uname_result(sysname='Linux', nodename='file-server', release='3.16.0-4-686-pae', version='#1 SMP Debian 3.16.43-2+deb8u3 (2017-08-15)', machine='i686')
Log started 2017-09-14 07:30:05.445605



INFO: read target account data; we're tracking 52 accounts
WARNING: no ProtocolError (got exception "name 'ProtocolError' is not defined");
 trying requests.packages.urllib3.exceptions instead
NOTE: successfully imported from requests
Starting up...
about to get all tweets newer than ID #908084925957591041 for account
@nikkihaley
about to get all tweets newer than ID #898632795517403136 for account
@GeneralJFKellly
about to get all tweets newer than ID #908331582183952384 for account @SBALinda
about to get all tweets newer than ID #795981284761894912 for account
@MELANIATRUMP
about to get all tweets newer than ID #907990623344627712 for account
@JessicaDitto45
about to get all tweets newer than ID #856041462164836355 for account
@FirstLadyIN
about to get all tweets newer than ID #908334946305167362 for account
@SpeakerRyan
about to get all tweets newer than ID #867385249340297217 for account
@RealBenCarson
about to get all tweets newer than ID #908300997566648320 for account
@TomBossert45
about to get all tweets newer than ID #908187874113331201 for account
@DanScavino
about to get all tweets newer than ID #830074939298414592 for account
@RepTomPrice
about to get all tweets newer than ID #908313150289793024 for account @VP
about to get all tweets newer than ID #908285679335034880 for account
@realDonaldTrump
about to get all tweets newer than ID #908307102346743808 for account @FLOTUS
about to get all tweets newer than ID #875771618638917632 for account
@SecretaryRoss
about to get all tweets newer than ID #908311677401272320 for account
@StephGrisham45
about to get all tweets newer than ID #900176895505043457 for account
@mike_pence
about to get all tweets newer than ID #832282841471918080 for account
@BetsyDeVos
about to get all tweets newer than ID #890345975247753216 for account @Reince
about to get all tweets newer than ID #816290296048873472 for account
@WilburRoss
about to get all tweets newer than ID #908321755290374146 for account
@BetsyDeVosED
about to get all tweets newer than ID #907306884293697536 for account
@SecretaryCarson
about to get all tweets newer than ID #904032783621816321 for account
@GovernorPerry
about to get all tweets newer than ID #908035567593586688 for account
@SecPriceMD
about to get all tweets newer than ID #908335897623408640 for account
@seanspicer
about to get all tweets newer than ID #908335208436551680 for account @Scavino45
about to get all tweets newer than ID #890659905798983680 for account @Reince45
about to get all tweets newer than ID #908316523525283840 for account
@SecShulkin
about to get all tweets newer than ID #824610180881117184 for account
@GovPenceIN
about to get all tweets newer than ID #908283157123923969 for account @POTUS
about to get all tweets newer than ID #816846808789958656 for account
@SenDanCoats
about to get all tweets newer than ID #908046499262627840 for account
@SecretaryAcosta
about to get all tweets newer than ID #-1 for account @ElaineChao
about to get all tweets newer than ID #908311873686142976 for account @PRyan
about to get all tweets newer than ID #908052838735122432 for account
@IvankaTrumpHQ
about to get all tweets newer than ID #907980802163658752 for account
@KellyannePolls
about to get all tweets newer than ID #908127738099322881 for account
@AshLeeStrong
about to get all tweets newer than ID #-1 for account @jaredkushner
about to get all tweets newer than ID #836780744810844161 for account
@StephenMillerAL
about to get all tweets newer than ID #908153680259686400 for account @PressSec
about to get all tweets newer than ID #908324084068614144 for account
@SecretaryZinke
about to get all tweets newer than ID #908010353983983616 for account
@IvankaTrump
about to get all tweets newer than ID #908143588894281730 for account
@EPAScottPruitt
about to get all tweets newer than ID #908322973890830336 for account
@stevenmnuchin1
about to get all tweets newer than ID #906521136531492870 for account
@MickMulvaneyOMB
about to get all tweets newer than ID #908318409552793601 for account
@SecretaryPerry
about to get all tweets newer than ID #903694300306923521 for account
@SecElaineChao
about to get all tweets newer than ID #908071048616316928 for account
@SecretarySonny
about to get all tweets newer than ID #907972681387180032 for account
@SecondLady
about to get all tweets newer than ID #898401955847876608 for account
@Linda_McMahon
about to get all tweets newer than ID #908330213767032832 for account
@WhiteHouse
about to get all tweets newer than ID #908329241569140736 for account
@Scaramucci
... OK, we're set up, and about to watch 37666984, 892173412818354177,
819992522109894658, 108471631, 836724024688410625, 1923451808, 18916432,
1180379185, 866746592853979137, 620571475, 6577802, 818910970567344128,
25073877, 818876014390603776, 836305915452272641, 823638938590085124, 22203756,
599530439, 20733972, 809836066316451840, 828997388920619008, 828613457020870657,
 18906561, 829782369670410240, 20776147, 823367015830323201, 803703725730779136,
 831482588246196225, 15985455, 822215679726100480, 212262370,
819980276570976256, 105267762, 733751245, 798195585824104449, 471672239,
296060169, 29547260, 728361177986797568, 818927131883356161, 827258161841135623,
 52544275, 832672006113931269, 799764016885329921, 888031054141022209,
830128820447539208, 826065858548133888, 842072478834909184, 822127086194348032,
65522706, 822215673812119553, 24578794
New tweet from SpeakerRyan: It’s time we stand up for our children and end this
brutal gang violence occurring in our neighborhoods, once and for all.

archiving URL http://twitter.com/SpeakerRyan/status/908338500424093698
    ... archiving using prefix http://web.archive.org/save/

archiving URL https://twitter.com/SpeakerRyan/status/908338500424093698
    ... archiving using prefix http://web.archive.org/save/
INFO: We're handling a deletion notification for tweet ID# 908056910015889409 on
 account SecretaryZinke
ERROR: 
  Exception is:
<class 'ValueError'>
  Value of data is:
{'delete': {'status': {'id': 908056910015889409,
'id_str': '908056910015889409',
                       'user_id':
827258161841135623,
                       'user_id_str': '827258161841135623'},

            'timestamp_ms': '1505399937984'}}
