Hello, traveler. This is the beginning of a log file called: "Fascist Tweet Archiver".
Some basic system info about the host machine: posix.uname_result(sysname='Linux', nodename='file-server', release='3.16.0-4-686-pae', version='#1 SMP Debian 3.16.43-2+deb8u5 (2017-09-19)', machine='i686')
This log was begun Saturday, 30 September 2017 at 13:04



INFO: read target account data; we're tracking 52 accounts
WARNING: no ProtocolError (got exception "name 'ProtocolError' is not defined"); trying requests.packages.urllib3.exceptions instead
NOTE: successfully imported from requests
Starting up...
about to get all tweets newer than ID #890659905798983680 for account @Reince45
about to get all tweets newer than ID #913981692708315136 for account @nikkihaley
about to get all tweets newer than ID #913439274820935685 for account @BetsyDeVosED
about to get all tweets newer than ID #913089366150565888 for account @SecretaryAcosta
about to get all tweets newer than ID #-1 for account @jaredkushner
about to get all tweets newer than ID #914168558585819137 for account @DanScavino
about to get all tweets newer than ID #913881452877615104 for account @SBALinda
about to get all tweets newer than ID #913421602280427521 for account @SecretaryCarson
about to get all tweets newer than ID #914177087816249345 for account @AshLeeStrong
about to get all tweets newer than ID #912867571015258113 for account @mike_pence
about to get all tweets newer than ID #913881045652688901 for account @SecPriceMD
about to get all tweets newer than ID #898632795517403136 for account @GeneralJFKellly
about to get all tweets newer than ID #914154980843687936 for account @SecretaryZinke
about to get all tweets newer than ID #914211862580989952 for account @JessicaDitto45
about to get all tweets newer than ID #913924855916986374 for account @seanspicer
about to get all tweets newer than ID #867385249340297217 for account @RealBenCarson
about to get all tweets newer than ID #914214480040677377 for account @Scaramucci
about to get all tweets newer than ID #795981284761894912 for account @MELANIATRUMP
about to get all tweets newer than ID #914197415519023104 for account @WhiteHouse
about to get all tweets newer than ID #913933872676704256 for account @EPAScottPruitt
about to get all tweets newer than ID #914153165792178176 for account @StephGrisham45
about to get all tweets newer than ID #875771618638917632 for account @SecretaryRoss
about to get all tweets newer than ID #-1 for account @ElaineChao
about to get all tweets newer than ID #914130120973127680 for account @SpeakerRyan
about to get all tweets newer than ID #913447017044692992 for account @stevenmnuchin1
about to get all tweets newer than ID #913805829710675974 for account @GovernorPerry
about to get all tweets newer than ID #913192155950321664 for account @MickMulvaneyOMB
about to get all tweets newer than ID #816846808789958656 for account @SenDanCoats
about to get all tweets newer than ID #830074939298414592 for account @RepTomPrice
about to get all tweets newer than ID #913866267467149315 for account @SecShulkin
about to get all tweets newer than ID #913980769969885185 for account @KellyannePolls
about to get all tweets newer than ID #913873113426821120 for account @IvankaTrump
about to get all tweets newer than ID #824610180881117184 for account @GovPenceIN
about to get all tweets newer than ID #913526807508520960 for account @FLOTUS
about to get all tweets newer than ID #913116074476019713 for account @IvankaTrumpHQ
about to get all tweets newer than ID #914149674302431232 for account @SecondLady
about to get all tweets newer than ID #913982361230041089 for account @Scavino45
about to get all tweets newer than ID #914200181670842371 for account @TomBossert45
about to get all tweets newer than ID #914217658517737472 for account @realDonaldTrump
about to get all tweets newer than ID #914168719286431749 for account @PressSec
about to get all tweets newer than ID #890345975247753216 for account @Reince
about to get all tweets newer than ID #913810868835565569 for account @PRyan
about to get all tweets newer than ID #832282841471918080 for account @BetsyDeVos
about to get all tweets newer than ID #913960514992136193 for account @POTUS
about to get all tweets newer than ID #914209453385355264 for account @SecretaryPerry
about to get all tweets newer than ID #903694300306923521 for account @SecElaineChao
about to get all tweets newer than ID #836780744810844161 for account @StephenMillerAL
about to get all tweets newer than ID #816290296048873472 for account @WilburRoss
about to get all tweets newer than ID #898401955847876608 for account @Linda_McMahon
about to get all tweets newer than ID #914211215009828864 for account @SecretarySonny
about to get all tweets newer than ID #856041462164836355 for account @FirstLadyIN
about to get all tweets newer than ID #914215230405791744 for account @VP
... OK, we're set up, and about to watch 803703725730779136, 37666984, 828997388920619008, 819980276570976256, 29547260, 620571475,
819992522109894658, 828613457020870657, 296060169, 22203756, 829782369670410240, 892173412818354177, 827258161841135623,
836724024688410625, 20776147, 1180379185, 24578794, 108471631, 822215673812119553, 832672006113931269, 823638938590085124,
836305915452272641, 105267762, 18916432, 799764016885329921, 18906561, 888031054141022209, 212262370, 6577802, 831482588246196225,
471672239, 52544275, 15985455, 818876014390603776, 798195585824104449, 822127086194348032, 823367015830323201, 866746592853979137,
25073877, 818927131883356161, 20733972, 733751245, 599530439, 822215679726100480, 830128820447539208, 826065858548133888,
728361177986797568, 809836066316451840, 65522706, 842072478834909184, 1923451808, 818910970567344128


New tweet from VP: RT @realDonaldTrump: Congresswoman Jennifer Gonzalez-Colon of Puerto Rico has been wonderful to deal with and a
great representative of the…

archiving URL http://twitter.com/VP/status/914221283814121484
    ... archiving using prefix http://web.archive.org/save/

archiving URL https://twitter.com/VP/status/914221283814121484
    ... archiving using prefix http://web.archive.org/save/


New tweet from VP: RT @realDonaldTrump: We must all be united in offering assistance to everyone suffering in Puerto Rico and
elsewhere in the wake of this te…

archiving URL http://twitter.com/VP/status/914221406199717890
    ... archiving using prefix http://web.archive.org/save/

archiving URL https://twitter.com/VP/status/914221406199717890
    ... archiving using prefix http://web.archive.org/save/


New tweet from SecretaryPerry: RT @ENERGY: Our #ManhattanProject series explored DOE's roots🎧 #InternationalPodcastDay

Part 1➡
https://t.co/LMktMjpsx3
Part 2…

archiving URL http://twitter.com/SecretaryPerry/status/914222071777042433
    ... archiving using prefix http://web.archive.org/save/

archiving URL https://twitter.com/SecretaryPerry/status/914222071777042433
    ... archiving using prefix http://web.archive.org/save/


New tweet from Scaramucci: RT @ScaramucciPost: We will issue this warning again: Please do not follow our account until our
official launch on Monday. We are just in…

archiving URL http://twitter.com/Scaramucci/status/914223828431245313
    ... archiving using prefix http://web.archive.org/save/

archiving URL https://twitter.com/Scaramucci/status/914223828431245313
    ... archiving using prefix http://web.archive.org/save/


New tweet from Scaramucci: RT @ScaramucciPost: Who should be the 131st follow of @ScaramucciPost? @brainpicker @IngrahamAngle @dril
 @NASCAR

archiving URL http://twitter.com/Scaramucci/status/914224778256502784
    ... archiving using prefix http://web.archive.org/save/

archiving URL https://twitter.com/Scaramucci/status/914224778256502784
    ... archiving using prefix http://web.archive.org/save/
INFO: handling a deletion for data:

{'delete': {'status': {'id': 914224778256502784,
                       'id_str':
'914224778256502784',
                       'user_id': 24578794,
                       'user_id_str': '24578794'},
'timestamp_ms': '1506803243608'}}
INFO: successfully dumped raw data to JSON file
INFO: We're handling a deletion notification for tweet ID# 914224778256502784 on account Scaramucci
INFO: get_archived_tweet() called to get tweet ID 914224778256502784 for account Scaramucci
INFO: found a tweet!		http://web.archive.org/*/http://twitter.com/Scaramucci/status/914224778256502784	RT @ScaramucciPost: Who should
 be the 131st follow of @ScaramucciPost? @brainpicker @IngrahamAngle @dril @NASCAR
... adding to list of deleted tweets
... added
... but we're not going to tweet about it because Scaramucci is not in the list of accounts we tweet about


New tweet from realDonaldTrump: Results of recovery efforts will speak much louder than complaints by San Juan Mayor. Doing
everything we can to help great people of PR!

archiving URL http://twitter.com/realDonaldTrump/status/914227642131509248
    ... archiving using prefix http://web.archive.org/save/

archiving URL https://twitter.com/realDonaldTrump/status/914227642131509248
    ... archiving using prefix http://web.archive.org/save/


New tweet from WhiteHouse: RT @fema: Here’s an updated snapshot of efforts happening today (9/30) to deliver food, water &amp;
other supplies to Puerto Rico…

archiving URL http://twitter.com/WhiteHouse/status/914230513761693697
    ... archiving using prefix http://web.archive.org/save/

archiving URL https://twitter.com/WhiteHouse/status/914230513761693697
    ... archiving using prefix http://web.archive.org/save/


New tweet from WhiteHouse: RT @VP: Update on progress from @ricardorossello &amp; Gov. Mapp. @POTUS &amp; I grateful for leadership
 of these governors &amp; the w…

archiving URL http://twitter.com/WhiteHouse/status/914230743878000647
    ... archiving using prefix http://web.archive.org/save/

archiving URL https://twitter.com/WhiteHouse/status/914230743878000647
    ... archiving using prefix http://web.archive.org/save/


New tweet from WhiteHouse: RT @VP: .@POTUS sent me to @FEMA today for briefing on progress in Puerto Rico &amp; VI. Proud of our
team and all first respon…

archiving URL http://twitter.com/WhiteHouse/status/914230764912422913
    ... archiving using prefix http://web.archive.org/save/

archiving URL https://twitter.com/WhiteHouse/status/914230764912422913
    ... archiving using prefix http://web.archive.org/save/


New tweet from SecretarySonny: Residents of #PuertoRico receiving @USDANutrition food boxes. Important b/c without electricity,
can't store food. https://t.co/QMZsLngUg3

archiving URL http://twitter.com/SecretarySonny/status/914241159190519809
    ... archiving using prefix http://web.archive.org/save/

archiving URL https://twitter.com/SecretarySonny/status/914241159190519809
    ... archiving using prefix http://web.archive.org/save/


New tweet from SecretaryZinke: RT @NatureBridge: NatureBridge's Dr. Autumn Saxton-Ross w/daughter Winter, @SecretaryZinke &amp;
@PWForestPark Superintendent enjoying th…

archiving URL http://twitter.com/SecretaryZinke/status/914243116890251265
    ... archiving using prefix http://web.archive.org/save/

archiving URL https://twitter.com/SecretaryZinke/status/914243116890251265
    ... archiving using prefix http://web.archive.org/save/


New tweet from SecretaryZinke: RT @PWForestPark: @SecretaryZinke join Prince William Forest Park staff and over 100 volunteers for
National Public Lands Day! #NPLD https:…

archiving URL http://twitter.com/SecretaryZinke/status/914243206094704641
    ... archiving using prefix http://web.archive.org/save/

archiving URL https://twitter.com/SecretaryZinke/status/914243206094704641
    ... archiving using prefix http://web.archive.org/save/
INFO: handling a deletion for data:

{'delete': {'status': {'id': 914243206094704641,
                       'id_str':
'914243206094704641',
                       'user_id': 827258161841135623,
                       'user_id_str':
'827258161841135623'},
            'timestamp_ms': '1506807545521'}}
INFO: successfully dumped raw data to JSON file
INFO: We're handling a deletion notification for tweet ID# 914243206094704641 on account SecretaryZinke
INFO: get_archived_tweet() called to get tweet ID 914243206094704641 for account SecretaryZinke
INFO: found a tweet!		http://web.archive.org/*/http://twitter.com/SecretaryZinke/status/914243206094704641	RT @PWForestPark:
@SecretaryZinke join Prince William Forest Park staff and over 100 volunteers for National Public Lands Day! #NPLD https:…
... adding to list of deleted tweets
... added
... but we're not going to tweet about it because SecretaryZinke is not in the list of accounts we tweet about


New tweet from SecretaryZinke: Awesome day! I encourage anyone in the DMV area to visit @PWForestPark and #FindYourPark!
#NationalPublicLandsDay  https://t.co/qMkqtpHokA

archiving URL http://twitter.com/SecretaryZinke/status/914243634026942464
    ... archiving using prefix http://web.archive.org/save/

archiving URL https://twitter.com/SecretaryZinke/status/914243634026942464
    ... archiving using prefix http://web.archive.org/save/


New tweet from SecretaryZinke: RT @blmnv: Celebrating success at #NPLD at Logandale Trails. https://t.co/mODEJubLgQ

archiving URL http://twitter.com/SecretaryZinke/status/914243955524595713
    ... archiving using prefix http://web.archive.org/save/

archiving URL https://twitter.com/SecretaryZinke/status/914243955524595713
    ... archiving using prefix http://web.archive.org/save/


New tweet from SecretaryZinke: RT @DenaliNPS: Today is the day! Come out and #findyourpark, free of charge in celebration of
#NationalPublicLandsDay. https://t.co/tMKF4XJ…

archiving URL http://twitter.com/SecretaryZinke/status/914244150299635712
    ... archiving using prefix http://web.archive.org/save/

archiving URL https://twitter.com/SecretaryZinke/status/914244150299635712
    ... archiving using prefix http://web.archive.org/save/


New tweet from SecretaryZinke: RT @USFWSAlaska: Don't just look through a window - get out and explore your public lands.
#NationalPublicLands Day https://t.co/5jYOe6MSLP

archiving URL http://twitter.com/SecretaryZinke/status/914244192242724865
    ... archiving using prefix http://web.archive.org/save/

archiving URL https://twitter.com/SecretaryZinke/status/914244192242724865
    ... archiving using prefix http://web.archive.org/save/
INFO: handling a deletion for data:

{'delete': {'status': {'id': 914241159190519809,
                       'id_str':
'914241159190519809',
                       'user_id': 842072478834909184,
                       'user_id_str':
'842072478834909184'},
            'timestamp_ms': '1506807783184'}}
INFO: successfully dumped raw data to JSON file
INFO: We're handling a deletion notification for tweet ID# 914241159190519809 on account SecretarySonny
INFO: get_archived_tweet() called to get tweet ID 914241159190519809 for account SecretarySonny
INFO: found a tweet!		http://web.archive.org/*/http://twitter.com/SecretarySonny/status/914241159190519809	Residents of #PuertoRico
receiving @USDANutrition food boxes. Important b/c without electricity, can't store food. https://t.co/QMZsLngUg3
... adding to list of deleted tweets
... added
... but we're not going to tweet about it because SecretarySonny is not in the list of accounts we tweet about


New tweet from SecretarySonny: Residents of #PuertoRico &amp; #USVI receiving @USDANutrition food boxes. Important b/c without
power, can't store food. https://t.co/QMZsLngUg3

archiving URL http://twitter.com/SecretarySonny/status/914244487555293184
    ... archiving using prefix http://web.archive.org/save/

archiving URL https://twitter.com/SecretarySonny/status/914244487555293184
    ... archiving using prefix http://web.archive.org/save/


New tweet from SecretaryZinke: RT @BLMOregon: Happy #NationalPublicLandsDay! Thanks to volunteers working right now across the
Northwest ⛏💪🇺🇸 More #NPLD pics:…

archiving URL http://twitter.com/SecretaryZinke/status/914244557293998080
    ... archiving using prefix http://web.archive.org/save/


New tweet from SecretaryZinke: 👍🏼🇺🇸👍🏼 https://t.co/5QI3ZUtGRc

archiving URL http://twitter.com/SecretaryZinke/status/914244684494536704
    ... archiving using prefix http://web.archive.org/save/

archiving URL https://twitter.com/SecretaryZinke/status/914244684494536704
    ... archiving using prefix http://web.archive.org/save/

archiving URL https://twitter.com/SecretaryZinke/status/914244557293998080
    ... archiving using prefix http://web.archive.org/save/


New tweet from PressSec: "It is not the critic who counts...credit belongs to the man actually in the arena" -TR
Proud of our
military &amp; fir… https://t.co/3lSX8O1Qbj

archiving URL http://twitter.com/PressSec/status/914246888555188225
    ... archiving using prefix http://web.archive.org/save/

archiving URL https://twitter.com/PressSec/status/914246888555188225
    ... archiving using prefix http://web.archive.org/save/


New tweet from seanspicer: Congrats @RedSox 2017 AL East Champions #WinDanceRepeat #redsox #RedSoxNation

archiving URL http://twitter.com/seanspicer/status/914247179350548485
    ... archiving using prefix http://web.archive.org/save/

archiving URL https://twitter.com/seanspicer/status/914247179350548485
    ... archiving using prefix http://web.archive.org/save/


New tweet from realDonaldTrump: I will be in PR on Tues. to further ensure we continue doing everything possible to assist &amp;
support the people in their time of great need.

archiving URL http://twitter.com/realDonaldTrump/status/914252271982178306
    ... archiving using prefix http://web.archive.org/save/


New tweet from POTUS: RT @realDonaldTrump: Despite the Fake News Media in conjunction with the Dems, an amazing job is being done
in Puerto Rico. Great people!

archiving URL http://twitter.com/POTUS/status/914252372775489537
    ... archiving using prefix http://web.archive.org/save/

archiving URL https://twitter.com/POTUS/status/914252372775489537
    ... archiving using prefix http://web.archive.org/save/


New tweet from POTUS: RT @realDonaldTrump: The Governor of Puerto Rico, Ricardo Rossello, is a great guy and leader who is really
working hard. Thank you Ricky!

archiving URL http://twitter.com/POTUS/status/914252378177703936
    ... archiving using prefix http://web.archive.org/save/

archiving URL https://twitter.com/POTUS/status/914252378177703936
    ... archiving using prefix http://web.archive.org/save/


New tweet from POTUS: RT @realDonaldTrump: Just spoke to Governor Kenneth Mapp of the U.S. Virgin Islands who stated that #FEMA and
 Military are doing a GREAT jo…

archiving URL http://twitter.com/POTUS/status/914252395940581378
    ... archiving using prefix http://web.archive.org/save/

archiving URL https://twitter.com/POTUS/status/914252395940581378
    ... archiving using prefix http://web.archive.org/save/


New tweet from POTUS: RT @realDonaldTrump: To the people of Puerto Rico:
Do not believe the #FakeNews!
#PRStrong🇵🇷

archiving URL http://twitter.com/POTUS/status/914252414118715397
    ... archiving using prefix http://web.archive.org/save/

archiving URL https://twitter.com/POTUS/status/914252414118715397
    ... archiving using prefix http://web.archive.org/save/


New tweet from POTUS: RT @realDonaldTrump: My Administration, Governor @RicardoRossello, and many others are working together to
help the people of Puerto Rico i…

archiving URL http://twitter.com/POTUS/status/914252424952647682
    ... archiving using prefix http://web.archive.org/save/

archiving URL https://twitter.com/POTUS/status/914252424952647682
    ... archiving using prefix http://web.archive.org/save/


New tweet from POTUS: RT @realDonaldTrump: Results of recovery efforts will speak much louder than complaints by San Juan Mayor.
Doing everything we can to help…

archiving URL http://twitter.com/POTUS/status/914252454543396865
    ... archiving using prefix http://web.archive.org/save/

archiving URL https://twitter.com/POTUS/status/914252454543396865
    ... archiving using prefix http://web.archive.org/save/

archiving URL https://twitter.com/realDonaldTrump/status/914252271982178306
    ... archiving using prefix http://web.archive.org/save/


New tweet from Scavino45: RT @realDonaldTrump: To the people of Puerto Rico:
Do not believe the #FakeNews!
#PRStrong🇵🇷

archiving URL http://twitter.com/Scavino45/status/914252537179537408
    ... archiving using prefix http://web.archive.org/save/

archiving URL https://twitter.com/Scavino45/status/914252537179537408
    ... archiving using prefix http://web.archive.org/save/


New tweet from Scavino45: RT @realDonaldTrump: My Administration, Governor @RicardoRossello, and many others are working together
to help the people of Puerto Rico i…

archiving URL http://twitter.com/Scavino45/status/914252542527381505
    ... archiving using prefix http://web.archive.org/save/

archiving URL https://twitter.com/Scavino45/status/914252542527381505
    ... archiving using prefix http://web.archive.org/save/


New tweet from Scavino45: RT @realDonaldTrump: We must all be united in offering assistance to everyone suffering in Puerto Rico
and elsewhere in the wake of this te…

archiving URL http://twitter.com/Scavino45/status/914252561145847809
    ... archiving using prefix http://web.archive.org/save/


New tweet from Scavino45: RT @realDonaldTrump: Results of recovery efforts will speak much louder than complaints by San Juan
Mayor. Doing everything we can to help…

archiving URL http://twitter.com/Scavino45/status/914252582490710016
    ... archiving using prefix http://web.archive.org/save/

archiving URL https://twitter.com/Scavino45/status/914252582490710016
    ... archiving using prefix http://web.archive.org/save/

archiving URL https://twitter.com/Scavino45/status/914252561145847809
    ... archiving using prefix http://web.archive.org/save/


New tweet from Scavino45: RT @realDonaldTrump: I will be in PR on Tues. to further ensure we continue doing everything possible to
assist &amp; support the people in the…

archiving URL http://twitter.com/Scavino45/status/914252588685647874
    ... archiving using prefix http://web.archive.org/save/

archiving URL https://twitter.com/Scavino45/status/914252588685647874
    ... archiving using prefix http://web.archive.org/save/


New tweet from TomBossert45: RT @realDonaldTrump: We must all be united in offering assistance to everyone suffering in Puerto Rico
 and elsewhere in the wake of this te…

archiving URL http://twitter.com/TomBossert45/status/914253133764808714
    ... archiving using prefix http://web.archive.org/save/

archiving URL https://twitter.com/TomBossert45/status/914253133764808714
    ... archiving using prefix http://web.archive.org/save/


New tweet from VP: With leadership of @POTUS &amp; @ricardorossello - @FEMA &amp; Team Puerto Rico making real progress. Millions
more meals &amp; water delivered today...

archiving URL http://twitter.com/VP/status/914253179310747649
    ... archiving using prefix http://web.archive.org/save/

archiving URL https://twitter.com/VP/status/914253179310747649
    ... archiving using prefix http://web.archive.org/save/


New tweet from TomBossert45: RT @realDonaldTrump: Results of recovery efforts will speak much louder than complaints by San Juan
Mayor. Doing everything we can to help…

archiving URL http://twitter.com/TomBossert45/status/914253181407891456
    ... archiving using prefix http://web.archive.org/save/

archiving URL https://twitter.com/TomBossert45/status/914253181407891456
    ... archiving using prefix http://web.archive.org/save/


New tweet from TomBossert45: RT @realDonaldTrump: My Administration, Governor @RicardoRossello, and many others are working
together to help the people of Puerto Rico i…

archiving URL http://twitter.com/TomBossert45/status/914253271937757184
    ... archiving using prefix http://web.archive.org/save/

archiving URL https://twitter.com/TomBossert45/status/914253271937757184
    ... archiving using prefix http://web.archive.org/save/


New tweet from VP: ...51 of 69 hospitals taking patients, half of grocery/big box stores now open,11 major highways cleared &amp;
over 60% of fuel stations open...

archiving URL http://twitter.com/VP/status/914253426258739200
    ... archiving using prefix http://web.archive.org/save/

archiving URL https://twitter.com/VP/status/914253426258739200
    ... archiving using prefix http://web.archive.org/save/


New tweet from TomBossert45: RT @realDonaldTrump: The Governor of Puerto Rico, Ricardo Rossello, is a great guy and leader who is
really working hard. Thank you Ricky!

archiving URL http://twitter.com/TomBossert45/status/914253436295802880
    ... archiving using prefix http://web.archive.org/save/

archiving URL https://twitter.com/TomBossert45/status/914253436295802880
    ... archiving using prefix http://web.archive.org/save/


New tweet from VP: ...much more work to do but as @POTUS has said to PR &amp; VI: We are with you, we will stay with you, and we
will come back stronger than ever.

archiving URL http://twitter.com/VP/status/914253494349176832
    ... archiving using prefix http://web.archive.org/save/

archiving URL https://twitter.com/VP/status/914253494349176832
    ... archiving using prefix http://web.archive.org/save/


New tweet from realDonaldTrump: Very important that NFL players STAND tomorrow, and always, for the playing of our National Anthem.
 Respect our Flag and our Country!

archiving URL http://twitter.com/realDonaldTrump/status/914255264282480640
    ... archiving using prefix http://web.archive.org/save/

archiving URL https://twitter.com/realDonaldTrump/status/914255264282480640
    ... archiving using prefix http://web.archive.org/save/


New tweet from PressSec: RT @fema: It’s been 10 days since #Maria made landfall in the USVI &amp; Puerto Rico. Track progress made
so far on our timeline:…

archiving URL http://twitter.com/PressSec/status/914255700590809088
    ... archiving using prefix http://web.archive.org/save/

archiving URL https://twitter.com/PressSec/status/914255700590809088
    ... archiving using prefix http://web.archive.org/save/


New tweet from PressSec: RT @PRFAA: Updated list of hospitals that are open and operational in Puerto Rico: https://t.co/NNwj6d7aY4

archiving URL http://twitter.com/PressSec/status/914256001297240066
    ... archiving using prefix http://web.archive.org/save/


New tweet from PressSec: RT @fortalezapr: Gasolineras abiertas. Infórmate aquí &gt;&gt;&gt;&gt; https://t.co/vuUNrTNgw0
https://t.co/e8G9mSJRAW

archiving URL http://twitter.com/PressSec/status/914256018716192768
    ... archiving using prefix http://web.archive.org/save/

archiving URL https://twitter.com/PressSec/status/914256001297240066
    ... archiving using prefix http://web.archive.org/save/

archiving URL https://twitter.com/PressSec/status/914256018716192768
    ... archiving using prefix http://web.archive.org/save/


New tweet from PressSec: RT @FEMAspox: Stores are opening: +60% of gas stations operating &amp; providing fuel; 49% of grocery
&amp; big box stores on the island now open i…

archiving URL http://twitter.com/PressSec/status/914256060671840256
    ... archiving using prefix http://web.archive.org/save/

archiving URL https://twitter.com/PressSec/status/914256060671840256
    ... archiving using prefix http://web.archive.org/save/


New tweet from PressSec: RT @realDonaldTrump: We must all be united in offering assistance to everyone suffering in Puerto Rico and
 elsewhere in the wake of this te…

archiving URL http://twitter.com/PressSec/status/914256279002140672
    ... archiving using prefix http://web.archive.org/save/

archiving URL https://twitter.com/PressSec/status/914256279002140672
    ... archiving using prefix http://web.archive.org/save/


New tweet from PressSec: RT @realDonaldTrump: I will be in PR on Tues. to further ensure we continue doing everything possible to
assist &amp; support the people in the…

archiving URL http://twitter.com/PressSec/status/914256297553530880
    ... archiving using prefix http://web.archive.org/save/

archiving URL https://twitter.com/PressSec/status/914256297553530880
    ... archiving using prefix http://web.archive.org/save/


New tweet from Scaramucci: RT @jaydeflix: You should consider hiring a social media manager who knows what they're doing maybe.
https://t.co/pHPZmLPrTn

archiving URL http://twitter.com/Scaramucci/status/914259994786267142
    ... archiving using prefix http://web.archive.org/save/

archiving URL https://twitter.com/Scaramucci/status/914259994786267142
    ... archiving using prefix http://web.archive.org/save/


New tweet from realDonaldTrump: Because of #FakeNews my people are not getting the credit they deserve for doing a great job. As
seen here, they ar… https://t.co/11L5rePtWp

archiving URL http://twitter.com/realDonaldTrump/status/914260261304860672
    ... archiving using prefix http://web.archive.org/save/

archiving URL https://twitter.com/realDonaldTrump/status/914260261304860672
    ... archiving using prefix http://web.archive.org/save/


New tweet from PressSec: For those who don't let the truth get in the way of a good story here's the actual timeline of massive
federal resp… https://t.co/XDmd8lHcFV

archiving URL http://twitter.com/PressSec/status/914260993273888768
    ... archiving using prefix http://web.archive.org/save/

archiving URL https://twitter.com/PressSec/status/914260993273888768
    ... archiving using prefix http://web.archive.org/save/


New tweet from POTUS: RT @realDonaldTrump: Because of #FakeNews my people are not getting the credit they deserve for doing a great
 job. As seen here, they ar…

archiving URL http://twitter.com/POTUS/status/914261144415633409
    ... archiving using prefix http://web.archive.org/save/

archiving URL https://twitter.com/POTUS/status/914261144415633409
    ... archiving using prefix http://web.archive.org/save/


New tweet from Scavino45: RT @realDonaldTrump: Because of #FakeNews my people are not getting the credit they deserve for doing a
great job. As seen here, they ar…

archiving URL http://twitter.com/Scavino45/status/914261175298347008
    ... archiving using prefix http://web.archive.org/save/

archiving URL https://twitter.com/Scavino45/status/914261175298347008
    ... archiving using prefix http://web.archive.org/save/


New tweet from StephGrisham45: RT @PressSec: For those who don't let the truth get in the way of a good story here's the actual
timeline of massive federal resp…

archiving URL http://twitter.com/StephGrisham45/status/914261679227236352
    ... archiving using prefix http://web.archive.org/save/

archiving URL https://twitter.com/StephGrisham45/status/914261679227236352
    ... archiving using prefix http://web.archive.org/save/


New tweet from DanScavino: RT @realDonaldTrump: Because of #FakeNews my people are not getting the credit they deserve for doing a
great job. As seen here, they ar…

archiving URL http://twitter.com/DanScavino/status/914264691408556033
    ... archiving using prefix http://web.archive.org/save/

archiving URL https://twitter.com/DanScavino/status/914264691408556033
    ... archiving using prefix http://web.archive.org/save/


New tweet from realDonaldTrump: In analyzing the Alabama Primary race, Fake News always fails to mention that the candidate I
endorsed went up MANY points after Election!

archiving URL http://twitter.com/realDonaldTrump/status/914267744345972737
    ... archiving using prefix http://web.archive.org/save/

archiving URL https://twitter.com/realDonaldTrump/status/914267744345972737
    ... archiving using prefix http://web.archive.org/save/
INFO: handling a deletion for data:

{'delete': {'status': {'id': 914267744345972737,
                       'id_str':
'914267744345972737',
                       'user_id': 25073877,
                       'user_id_str': '25073877'},
'timestamp_ms': '1506813517899'}}
INFO: successfully dumped raw data to JSON file
INFO: We're handling a deletion notification for tweet ID# 914267744345972737 on account realDonaldTrump
INFO: get_archived_tweet() called to get tweet ID 914267744345972737 for account realDonaldTrump
INFO: found a tweet!		http://web.archive.org/*/http://twitter.com/realDonaldTrump/status/914267744345972737	In analyzing the Alabama
Primary race, Fake News always fails to mention that the candidate I endorsed went up MANY points after Election!
... adding to list of deleted tweets
... added
 ... and we're going to tweet about it


New tweet from SecretaryPerry: RT @ENERGY: Several DOE employees were honored in tonight's 3rd annual #AcademyDay to highlight our
support of the @Nationals S…

archiving URL http://twitter.com/SecretaryPerry/status/914268363265888256
    ... archiving using prefix http://web.archive.org/save/

archiving URL https://twitter.com/SecretaryPerry/status/914268363265888256
    ... archiving using prefix http://web.archive.org/save/


New tweet from SecretaryPerry: Patricia Hoffman, acting Under Sec. of Science &amp; Energy delivers the Lineup card to @Nationals
Umpire before tonigh… https://t.co/SbjYfnBlPu

archiving URL http://twitter.com/SecretaryPerry/status/914268968197685248
    ... archiving using prefix http://web.archive.org/save/

archiving URL https://twitter.com/SecretaryPerry/status/914268968197685248
    ... archiving using prefix http://web.archive.org/save/


New tweet from realDonaldTrump: In analyzing the Alabama Primary race,FAKE NEWS always fails to mention that the candidate I
endorsed went up MANY points after endorsement!

archiving URL http://twitter.com/realDonaldTrump/status/914269704440737792
    ... archiving using prefix http://web.archive.org/save/

archiving URL https://twitter.com/realDonaldTrump/status/914269704440737792
    ... archiving using prefix http://web.archive.org/save/
INFO: handling a deletion for data:

{'delete': {'status': {'id': 914261144415633409,
                       'id_str':
'914261144415633409',
                       'user_id': 822215679726100480,
                       'user_id_str':
'822215679726100480'},
            'timestamp_ms': '1506814791868'}}
INFO: successfully dumped raw data to JSON file
INFO: We're handling a deletion notification for tweet ID# 914261144415633409 on account POTUS
INFO: get_archived_tweet() called to get tweet ID 914261144415633409 for account POTUS
ERROR: unable to read line "['@FreeBeacon ']" because: need more than 1 value to unpack.
ERROR: unable to read line "[]" because: need more than 0 values to unpack.
ERROR: unable to read line "['r.com/POTUS/status/885521506058608640"']" because: need more than 1 value to unpack.
ERROR: unable to read line "['910219763690942466"']" because: need more than 1 value to unpack.
INFO: found a tweet!		http://web.archive.org/*/http://twitter.com/POTUS/status/914261144415633409	RT @realDonaldTrump: Because of
#FakeNews my people are not getting the credit they deserve for doing a great job. As seen here, they ar…
... adding to list of deleted tweets
... added
 ... and we're going to tweet about it


New tweet from WhiteHouse: President Trump signs memorandum for STEM education funding: https://t.co/UImDu6yDph

archiving URL http://twitter.com/WhiteHouse/status/914275670938865664
    ... archiving using prefix http://web.archive.org/save/

archiving URL https://twitter.com/WhiteHouse/status/914275670938865664
    ... archiving using prefix http://web.archive.org/save/


New tweet from WhiteHouse: RT @fema: It’s been 10 days since #Maria made landfall in the USVI &amp; Puerto Rico. Track progress
made so far on our timeline:…

archiving URL http://twitter.com/WhiteHouse/status/914278187953246213
    ... archiving using prefix http://web.archive.org/save/

archiving URL https://twitter.com/WhiteHouse/status/914278187953246213
    ... archiving using prefix http://web.archive.org/save/


New tweet from POTUS: RT @realDonaldTrump: Because of #FakeNews my people are not getting the credit they deserve for doing a great
 job. As seen here, they ar…

archiving URL http://twitter.com/POTUS/status/914283899974569984
    ... archiving using prefix http://web.archive.org/save/

archiving URL https://twitter.com/POTUS/status/914283899974569984
    ... archiving using prefix http://web.archive.org/save/


New tweet from JessicaDitto45: RT @realDonaldTrump: I will be in PR on Tues. to further ensure we continue doing everything
possible to assist &amp; support the people in the…

archiving URL http://twitter.com/JessicaDitto45/status/914286889305329665
    ... archiving using prefix http://web.archive.org/save/

archiving URL https://twitter.com/JessicaDitto45/status/914286889305329665
    ... archiving using prefix http://web.archive.org/save/


New tweet from JessicaDitto45: RT @realDonaldTrump: We must all be united in offering assistance to everyone suffering in Puerto
Rico and elsewhere in the wake of this te…

archiving URL http://twitter.com/JessicaDitto45/status/914286938621976576
    ... archiving using prefix http://web.archive.org/save/

archiving URL https://twitter.com/JessicaDitto45/status/914286938621976576
    ... archiving using prefix http://web.archive.org/save/


New tweet from JessicaDitto45: RT @PressSec: For those who don't let the truth get in the way of a good story here's the actual
timeline of massive federal resp…

archiving URL http://twitter.com/JessicaDitto45/status/914287130658181120
    ... archiving using prefix http://web.archive.org/save/

archiving URL https://twitter.com/JessicaDitto45/status/914287130658181120
    ... archiving using prefix http://web.archive.org/save/


New tweet from JessicaDitto45: RT @fema: It’s been 10 days since #Maria made landfall in the USVI &amp; Puerto Rico. Track progress
 made so far on our timeline:…

archiving URL http://twitter.com/JessicaDitto45/status/914298696996737026
    ... archiving using prefix http://web.archive.org/save/

archiving URL https://twitter.com/JessicaDitto45/status/914298696996737026
    ... archiving using prefix http://web.archive.org/save/


New tweet from JessicaDitto45: RT @FEMAspox: ❤️ https://t.co/TzcccqRg04

archiving URL http://twitter.com/JessicaDitto45/status/914298820082765824
    ... archiving using prefix http://web.archive.org/save/

archiving URL https://twitter.com/JessicaDitto45/status/914298820082765824
    ... archiving using prefix http://web.archive.org/save/


New tweet from VP: RT @SecondLady: Fantastic visit with military spouses at the Joint Military Spouses Conference in Hawaii.
Honored to be the keynote…

archiving URL http://twitter.com/VP/status/914299495818698753
    ... archiving using prefix http://web.archive.org/save/

archiving URL https://twitter.com/VP/status/914299495818698753
    ... archiving using prefix http://web.archive.org/save/


New tweet from SecondLady: Thank you to Mrs. Hollyanne Milley, wife of the Army's Chief of Staff, General Mark Milley, for
traveling with me t… https://t.co/urtU2fAdym

archiving URL http://twitter.com/SecondLady/status/914302388223299584
    ... archiving using prefix http://web.archive.org/save/

archiving URL https://twitter.com/SecondLady/status/914302388223299584
    ... archiving using prefix http://web.archive.org/save/


New tweet from AshLeeStrong: "Dominant offense, Strong’s 3 interceptions lead to road win at Portland State" #gogriz
https://t.co/UkkdcErYem

archiving URL http://twitter.com/AshLeeStrong/status/914306758138630145
    ... archiving using prefix http://web.archive.org/save/

archiving URL https://twitter.com/AshLeeStrong/status/914306758138630145
    ... archiving using prefix http://web.archive.org/save/


New tweet from DanScavino: "Fellow Puerto Rico Mayor Rips San Juan Mayor — She’s Not Participating In Any Meetings"
https://t.co/0aVIifFn8x

archiving URL http://twitter.com/DanScavino/status/914307209667936256
    ... archiving using prefix http://web.archive.org/save/

archiving URL https://twitter.com/DanScavino/status/914307209667936256
    ... archiving using prefix http://web.archive.org/save/


New tweet from JessicaDitto45: RT @DeptofDefense: Human Chain. @USCGSoutheast, local, state and federal officials work together to
offload food near Ponce,…

archiving URL http://twitter.com/JessicaDitto45/status/914309342823948288
    ... archiving using prefix http://web.archive.org/save/

archiving URL https://twitter.com/JessicaDitto45/status/914309342823948288
    ... archiving using prefix http://web.archive.org/save/


New tweet from realDonaldTrump: 19,000 RESPECTING our National Anthem! #StandForOurAnthem🇺🇸 https://t.co/czutyGaMQV

archiving URL http://twitter.com/realDonaldTrump/status/914310901855129601
    ... archiving using prefix http://web.archive.org/save/

archiving URL https://twitter.com/realDonaldTrump/status/914310901855129601
    ... archiving using prefix http://web.archive.org/save/


New tweet from Scavino45: RT @realDonaldTrump: 19,000 RESPECTING our National Anthem! #StandForOurAnthem🇺🇸 https://t.co/czutyGaMQV

archiving URL http://twitter.com/Scavino45/status/914311110823686150
    ... archiving using prefix http://web.archive.org/save/

archiving URL https://twitter.com/Scavino45/status/914311110823686150
    ... archiving using prefix http://web.archive.org/save/


New tweet from POTUS: RT @realDonaldTrump: 19,000 RESPECTING our National Anthem! #StandForOurAnthem🇺🇸 https://t.co/czutyGaMQV

archiving URL http://twitter.com/POTUS/status/914311139533709312
    ... archiving using prefix http://web.archive.org/save/

archiving URL https://twitter.com/POTUS/status/914311139533709312
    ... archiving using prefix http://web.archive.org/save/


New tweet from DanScavino: "We've had a joint field office est. for numerous days in San Juan..what we need is for the Mayor (San
Juan) to mak… https://t.co/lQZ0CM4Blx

archiving URL http://twitter.com/DanScavino/status/914327253886136320
    ... archiving using prefix http://web.archive.org/save/

archiving URL https://twitter.com/DanScavino/status/914327253886136320
    ... archiving using prefix http://web.archive.org/save/


New tweet from AshLeeStrong: Banner day for CBS tomorrow. Ryan on @FaceTheNation with @johndickerson &amp; Scalise on @60Minutes
with @NorahODonnell https://t.co/DhRVk79YdN

archiving URL http://twitter.com/AshLeeStrong/status/914331724557021189
    ... archiving using prefix http://web.archive.org/save/

archiving URL https://twitter.com/AshLeeStrong/status/914331724557021189
    ... archiving using prefix http://web.archive.org/save/


New tweet from DanScavino: RT @GeraldoRivera: #SanJuanMayor says residents are "dying," &amp; somehow @realDonaldTrump is to blame.
 I'm here. Who is dying? Why? Where? Le…

archiving URL http://twitter.com/DanScavino/status/914337453074501632
    ... archiving using prefix http://web.archive.org/save/

archiving URL https://twitter.com/DanScavino/status/914337453074501632
    ... archiving using prefix http://web.archive.org/save/


New tweet from Scavino45: EXCLUSIVE: Fellow Puerto Rico Mayor Rips San Juan Mayor — 

‘She’s Not Participating In Any Meetings’
https://t.co/JikGmTHwNz

archiving URL http://twitter.com/Scavino45/status/914339376041250817
    ... archiving using prefix http://web.archive.org/save/

archiving URL https://twitter.com/Scavino45/status/914339376041250817
    ... archiving using prefix http://web.archive.org/save/


New tweet from Scavino45: Neighboring mayor praises Trump, says San Juan Mayor playing 'politics,' AWOL at meetings
https://t.co/LdLkVIfIym

archiving URL http://twitter.com/Scavino45/status/914339986832592896
    ... archiving using prefix http://web.archive.org/save/

archiving URL https://twitter.com/Scavino45/status/914339986832592896
    ... archiving using prefix http://web.archive.org/save/
INFO: handling a deletion for data:

{'delete': {'status': {'id': 914339376041250817,
                       'id_str':
'914339376041250817',
                       'user_id': 823367015830323201,
                       'user_id_str':
'823367015830323201'},
            'timestamp_ms': '1506830749542'}}
INFO: successfully dumped raw data to JSON file
INFO: We're handling a deletion notification for tweet ID# 914339376041250817 on account Scavino45
INFO: get_archived_tweet() called to get tweet ID 914339376041250817 for account Scavino45
INFO: found a tweet!		http://web.archive.org/*/http://twitter.com/Scavino45/status/914339376041250817	EXCLUSIVE: Fellow Puerto Rico
Mayor Rips San Juan Mayor — 

‘She’s Not Participating In Any Meetings’ 

https://t.co/JikGmTHwNz
... adding to list of deleted tweets
... added
... but we're not going to tweet about it because Scavino45 is not in the list of accounts we tweet about


New tweet from Scavino45: EXCLUSIVE: Fellow Puerto Rico Mayor Rips San Juan Mayor — 

"She’s Not Participating In Any Meetings"
https://t.co/asT8T12Vf8

archiving URL http://twitter.com/Scavino45/status/914340913983496192
    ... archiving using prefix http://web.archive.org/save/

archiving URL https://twitter.com/Scavino45/status/914340913983496192
    ... archiving using prefix http://web.archive.org/save/


New tweet from DanScavino: "When I played from 12 years in the NFL...when that National Anthem plays I get chills down my spine. I
stand at ho… https://t.co/VMXbz3lrpB

archiving URL http://twitter.com/DanScavino/status/914342463325851648
    ... archiving using prefix http://web.archive.org/save/

archiving URL https://twitter.com/DanScavino/status/914342463325851648
    ... archiving using prefix http://web.archive.org/save/


New tweet from Scavino45: President @realDonaldTrump's Tax Reform Will Be ‘Rocket Fuel’ For US Economy https://t.co/aOPUzRw6nF

archiving URL http://twitter.com/Scavino45/status/914345531043926016
    ... archiving using prefix http://web.archive.org/save/

archiving URL https://twitter.com/Scavino45/status/914345531043926016
    ... archiving using prefix http://web.archive.org/save/


New tweet from nikkihaley: Another Tiger win! #ClemsonPride https://t.co/SiNo8sYG6N

archiving URL http://twitter.com/nikkihaley/status/914346093261058048
    ... archiving using prefix http://web.archive.org/save/

archiving URL https://twitter.com/nikkihaley/status/914346093261058048
    ... archiving using prefix http://web.archive.org/save/


New tweet from Scavino45: "We've had a joint field office est. for numerous days in San Juan..what we need is for the Mayor (San
Juan) to mak… https://t.co/UmsLXdgxRy

archiving URL http://twitter.com/Scavino45/status/914357555266244609
    ... archiving using prefix http://web.archive.org/save/

archiving URL https://twitter.com/Scavino45/status/914357555266244609
    ... archiving using prefix http://web.archive.org/save/
