Hello, traveler. This is the beginning of a log file called: "Fascist Tweet Archiver".
Some basic system info about the host machine: posix.uname_result(sysname='Linux', nodename='file-server', release='3.16.0-4-686-pae', version='#1 SMP Debian 3.16.51-3 (2017-12-13)', machine='i686')
This log was begun Sunday, 31 December 2017 at 16:47



INFO: read target account data; we're tracking 52 accounts
WARNING: no ProtocolError (got exception "name 'ProtocolError' is not defined");
 trying requests.packages.urllib3.exceptions instead
NOTE: successfully imported from requests
Starting up...
about to get all tweets newer than ID #945299954049933314 for account @FLOTUS
about to get all tweets newer than ID #945432117319680000 for account
@GovernorPerry
about to get all tweets newer than ID #832282841471918080 for account
@BetsyDeVos
about to get all tweets newer than ID #947581961987612672 for account
@SecondLady
about to get all tweets newer than ID #946750417182093318 for account
@DanScavino
about to get all tweets newer than ID #824610180881117184 for account
@GovPenceIN
about to get all tweets newer than ID #946766565063778304 for account
@SecretaryPerry
about to get all tweets newer than ID #898401955847876608 for account
@Linda_McMahon
about to get all tweets newer than ID #795981284761894912 for account
@MELANIATRUMP
about to get all tweets newer than ID #945045186899570693 for account
@SecretaryAcosta
about to get all tweets newer than ID #946387776328617984 for account
@IvankaTrumpHQ
about to get all tweets newer than ID #947583871314427905 for account
@IvankaTrump
about to get all tweets newer than ID #867385249340297217 for account
@RealBenCarson
about to get all tweets newer than ID #947604978553761793 for account
@Scaramucci
about to get all tweets newer than ID #943545231244439555 for account
@SecretaryCarson
about to get all tweets newer than ID #903694300306923521 for account
@SecElaineChao
about to get all tweets newer than ID #947535963487686656 for account
@nikkihaley
about to get all tweets newer than ID #946046285546602496 for account @SBALinda
about to get all tweets newer than ID #-1 for account @ElaineChao
about to get all tweets newer than ID #816846808789958656 for account
@SenDanCoats
about to get all tweets newer than ID #945295587301253120 for account @PRyan
ERROR: unable to get tweets for account @PRyan
           the system said: Failed to parse JSON payload: Unterminated string
starting at: line 1 column 506355 (char 506354)
about to get all tweets newer than ID #946847208451837953 for account
@SpeakerRyan
about to get all tweets newer than ID #898632795517403136 for account
@GeneralJFKellly
ERROR: unable to get tweets for account @GeneralJFKellly
           the system said: Not authorized.
about to get all tweets newer than ID #816290296048873472 for account
@WilburRoss
about to get all tweets newer than ID #856041462164836355 for account
@FirstLadyIN
about to get all tweets newer than ID #947565944913702913 for account @VP
about to get all tweets newer than ID #947592785519173637 for account
@realDonaldTrump
ERROR: unable to get tweets for account @realDonaldTrump
           the system said: Failed to send request:
HTTPSConnectionPool(host='api.twitter.com', port=443): Read timed out.
about to get all tweets newer than ID #946753093877854208 for account
@SecretaryZinke
ERROR: unable to get tweets for account @SecretaryZinke
           the system said: Failed to send request:
HTTPSConnectionPool(host='api.twitter.com', port=443): Read timed out.
about to get all tweets newer than ID #947544855672213507 for account @Scavino45
getting all tweets before ID #938410436881518591
ERROR: unable to get tweets for account @Scavino45
           the system said: Failed to parse JSON payload: Expecting value: line
1 column 503981 (char 503980)
about to get all tweets newer than ID #836780744810844161 for account
@StephenMillerAL
about to get all tweets newer than ID #947547145590202368 for account @POTUS
ERROR: unable to get tweets for account @POTUS
           the system said: Failed to parse JSON payload: Unterminated string
starting at: line 1 column 505464 (char 505463)
about to get all tweets newer than ID #946627730136743936 for account
@stevenmnuchin1
about to get all tweets newer than ID #943545273489510400 for account
@MickMulvaneyOMB
about to get all tweets newer than ID #947163144593559553 for account
@StephGrisham45
about to get all tweets newer than ID #947272380208111616 for account
@JessicaDitto45
about to get all tweets newer than ID #947572300509073415 for account
@SecretarySonny
ERROR: unable to get tweets for account @SecretarySonny
           the system said: Failed to parse JSON payload: Unterminated string
starting at: line 1 column 504590 (char 504589)
about to get all tweets newer than ID #913881045652688901 for account
@SecPriceMD
about to get all tweets newer than ID #941074527592812545 for account
@SecretaryRoss
about to get all tweets newer than ID #890659905798983680 for account @Reince45
about to get all tweets newer than ID #946156999041052672 for account
@TomBossert45
about to get all tweets newer than ID #945412679887413248 for account
@BetsyDeVosED
about to get all tweets newer than ID #947584655934607363 for account @PressSec
getting all tweets before ID #933133828956176385
    ...400 tweets downloaded so far


New tweet from PressSec: 🇺🇸🇺🇸🇺🇸cheers to an amazing &amp; unforgettable 2017
and an even better 2018 🇺🇸🇺🇸🇺🇸
 https://t.co/Nmrw62kP07

archiving URL http://twitter.com/PressSec/status/947603046225375232
    ... archiving using prefix http://web.archive.org/save/
about to get all tweets newer than ID #830074939298414592 for account
@RepTomPrice

archiving URL https://twitter.com/PressSec/status/947603046225375232
    ... archiving using prefix http://web.archive.org/save/
about to get all tweets newer than ID #947075673222451200 for account
@KellyannePolls
about to get all tweets newer than ID #946809083050512384 for account
@SecShulkin
about to get all tweets newer than ID #947593266664390656 for account
@AshLeeStrong
about to get all tweets newer than ID #943908455793823744 for account @Reince
about to get all tweets newer than ID #947497325731155970 for account
@EPAScottPruitt
about to get all tweets newer than ID #-1 for account @jaredkushner
about to get all tweets newer than ID #930982584649175047 for account
@mike_pence
about to get all tweets newer than ID #947553822616047616 for account
@WhiteHouse
about to get all tweets newer than ID #947577988979273728 for account
@seanspicer
... OK, we're set up, and about to watch 818876014390603776, 18906561,
599530439, 822127086194348032, 620571475, 15985455, 830128820447539208,
65522706, 108471631, 819980276570976256, 798195585824104449, 52544275,
1180379185, 24578794, 828613457020870657, 826065858548133888, 37666984,
819992522109894658, 105267762, 212262370, 733751245, 18916432,
892173412818354177, 809836066316451840, 1923451808, 818910970567344128,
25073877, 827258161841135623, 823367015830323201, 728361177986797568,
822215679726100480, 799764016885329921, 888031054141022209, 823638938590085124,
836724024688410625, 842072478834909184, 829782369670410240, 836305915452272641,
803703725730779136, 866746592853979137, 828997388920619008, 818927131883356161,
6577802, 471672239, 831482588246196225, 296060169, 20733972, 832672006113931269,
 29547260, 22203756, 822215673812119553, 20776147
WARNING: received error ('Connection broken: IncompleteRead(0 bytes read, 512
more expected)', IncompleteRead(0 bytes read, 512 more expected)); sleeping and
trying again ...
