Hello, traveler. This is the beginning of a log file called: "Fascist Tweet Archiver".
Some basic system info about the host machine: posix.uname_result(sysname='Linux', nodename='file-server', release='3.16.0-4-686-pae', version='#1 SMP Debian 3.16.43-2+deb8u5 (2017-09-19)', machine='i686')
This log was begun Friday, 24 November 2017 at 14:57



INFO: read target account data; we're tracking 52 accounts
WARNING: no ProtocolError (got exception "name 'ProtocolError' is not defined");
 trying requests.packages.urllib3.exceptions instead
NOTE: successfully imported from requests
Starting up...
about to get all tweets newer than ID #933733277701148672 for account
@SecondLady
about to get all tweets newer than ID #934081286351794179 for account @POTUS
ERROR: unable to get tweets for account @POTUS
           the system said: Failed to parse JSON payload: Unterminated string
starting at: line 1 column 1210410 (char 1210409)
about to get all tweets newer than ID #934175014903013376 for account
@SpeakerRyan
ERROR: unable to get tweets for account @SpeakerRyan
           the system said: Failed to parse JSON payload: Unterminated string
starting at: line 1 column 501698 (char 501697)
about to get all tweets newer than ID #933745035564273665 for account @FLOTUS
about to get all tweets newer than ID #933741073461137409 for account
@stevenmnuchin1
about to get all tweets newer than ID #933707283942596615 for account
@KellyannePolls
about to get all tweets newer than ID #867385249340297217 for account
@RealBenCarson
about to get all tweets newer than ID #890659905798983680 for account @Reince45
ERROR: unable to get tweets for account @Reince45
           the system said: Failed to parse JSON payload: Unterminated string
starting at: line 1 column 502641 (char 502640)
about to get all tweets newer than ID #933959401580490753 for account
@DanScavino
about to get all tweets newer than ID #934108754731307009 for account
@IvankaTrump
ERROR: unable to get tweets for account @IvankaTrump
           the system said: Failed to parse JSON payload: Unterminated string
starting at: line 1 column 860801 (char 860800)
about to get all tweets newer than ID #929769209055338496 for account
@GovernorPerry
about to get all tweets newer than ID #933055817535885313 for account
@MickMulvaneyOMB
about to get all tweets newer than ID #933349414835576834 for account
@IvankaTrumpHQ
about to get all tweets newer than ID #933871886349619200 for account
@nikkihaley
about to get all tweets newer than ID #933800512432082947 for account
@SecretarySonny
about to get all tweets newer than ID #933730630407507968 for account
@SecShulkin
about to get all tweets newer than ID #830074939298414592 for account
@RepTomPrice
about to get all tweets newer than ID #795981284761894912 for account
@MELANIATRUMP
about to get all tweets newer than ID #934138387468050437 for account @SBALinda
about to get all tweets newer than ID #930982584649175047 for account
@mike_pence
about to get all tweets newer than ID #933749689714991105 for account
@TomBossert45
about to get all tweets newer than ID #928448335584858113 for account @Reince
about to get all tweets newer than ID #933745683550662657 for account
@StephGrisham45
about to get all tweets newer than ID #856041462164836355 for account
@FirstLadyIN
about to get all tweets newer than ID #933651543521447936 for account
@SecretaryAcosta
about to get all tweets newer than ID #898632795517403136 for account
@GeneralJFKellly
ERROR: unable to get tweets for account @GeneralJFKellly
           the system said: Not authorized.
about to get all tweets newer than ID #824610180881117184 for account
@GovPenceIN
about to get all tweets newer than ID #934081421572001792 for account @PressSec
about to get all tweets newer than ID #928306806681735168 for account
@BetsyDeVosED
about to get all tweets newer than ID #923261387434012672 for account
@SecretaryRoss
about to get all tweets newer than ID #816846808789958656 for account
@SenDanCoats
about to get all tweets newer than ID #933832825815601154 for account
@seanspicer
about to get all tweets newer than ID #933896541470724096 for account
@AshLeeStrong
about to get all tweets newer than ID #933764914363142149 for account
@SecretaryCarson
about to get all tweets newer than ID #933696660034560000 for account
@SecretaryPerry
about to get all tweets newer than ID #933713814859780098 for account
@EPAScottPruitt
about to get all tweets newer than ID #934145953224945664 for account @Scavino45
getting all tweets before ID #926678569392128001
    ...400 tweets downloaded so far


New tweet from Scavino45: .@POTUS @realDonaldTrump spoke today with President
Recep Tayyip Erdogan of Turkey.  President Trump reaffirmed the…
https://t.co/xacWq8GVmK

archiving URL http://twitter.com/Scavino45/status/934179343923843072
    ... archiving using prefix http://web.archive.org/save/
about to get all tweets newer than ID #934087162441629696 for account
@JessicaDitto45

archiving URL https://twitter.com/Scavino45/status/934179343923843072
    ... archiving using prefix http://web.archive.org/save/


New tweet from Scavino45: .@POTUS @realDonaldTrump spoke today with President
Abdel Fattah Al Sisi of Egypt to offer condolences to the peopl…
https://t.co/ZNH4yetrK0

archiving URL http://twitter.com/Scavino45/status/934180066187202560
    ... archiving using prefix http://web.archive.org/save/
about to get all tweets newer than ID #832282841471918080 for account
@BetsyDeVos

archiving URL https://twitter.com/Scavino45/status/934180066187202560
    ... archiving using prefix http://web.archive.org/save/
about to get all tweets newer than ID #-1 for account @ElaineChao
about to get all tweets newer than ID #934184102395342848 for account
@SecretaryZinke
about to get all tweets newer than ID #933722580791345152 for account @PRyan
about to get all tweets newer than ID #934131805409697792 for account
@realDonaldTrump
about to get all tweets newer than ID #898401955847876608 for account
@Linda_McMahon
about to get all tweets newer than ID #934100508570193920 for account @VP
about to get all tweets newer than ID #913881045652688901 for account
@SecPriceMD
about to get all tweets newer than ID #836780744810844161 for account
@StephenMillerAL
about to get all tweets newer than ID #934150219788357632 for account
@WhiteHouse
about to get all tweets newer than ID #-1 for account @jaredkushner
about to get all tweets newer than ID #903694300306923521 for account
@SecElaineChao
about to get all tweets newer than ID #934125603720228864 for account
@Scaramucci
about to get all tweets newer than ID #816290296048873472 for account
@WilburRoss
... OK, we're set up, and about to watch 822127086194348032, 822215679726100480,
 18916432, 818876014390603776, 799764016885329921, 471672239, 1180379185,
803703725730779136, 620571475, 52544275, 18906561, 888031054141022209,
798195585824104449, 37666984, 842072478834909184, 831482588246196225, 6577802,
108471631, 819992522109894658, 22203756, 866746592853979137, 20733972,
823638938590085124, 1923451808, 819980276570976256, 892173412818354177,
15985455, 818927131883356161, 828997388920619008, 836305915452272641, 212262370,
 20776147, 296060169, 828613457020870657, 830128820447539208,
832672006113931269, 823367015830323201, 836724024688410625, 599530439,
105267762, 827258161841135623, 733751245, 25073877, 65522706,
818910970567344128, 829782369670410240, 728361177986797568, 822215673812119553,
29547260, 826065858548133888, 24578794, 809836066316451840
WARNING: received error ('Connection broken: IncompleteRead(0 bytes read, 2 more
 expected)', IncompleteRead(0 bytes read, 2 more expected)); sleeping and trying
 again ...
WARNING: received error ('Connection broken: IncompleteRead(0 bytes read, 512
more expected)', IncompleteRead(0 bytes read, 512 more expected)); sleeping and
trying again ...
WARNING: received error ('Connection broken: IncompleteRead(0 bytes read, 512
more expected)', IncompleteRead(0 bytes read, 512 more expected)); sleeping and
trying again ...


New tweet from realDonaldTrump: Time Magazine called to say that I was
PROBABLY going to be named “Man (Person) of the Year,” like last year, but I…
https://t.co/yFDS5Pz9yB

archiving URL http://twitter.com/realDonaldTrump/status/934189999045693441
    ... archiving using prefix http://web.archive.org/save/
WARNING: received error ('Connection broken: IncompleteRead(1482 bytes read)',
IncompleteRead(1482 bytes read)); sleeping and trying again ...

archiving URL https://twitter.com/realDonaldTrump/status/934189999045693441
    ... archiving using prefix http://web.archive.org/save/
WARNING: received error ('Connection broken: IncompleteRead(0 bytes read, 512
more expected)', IncompleteRead(0 bytes read, 512 more expected)); sleeping and
trying again ...
WARNING: received error ('Connection broken: IncompleteRead(0 bytes read, 512
more expected)', IncompleteRead(0 bytes read, 512 more expected)); sleeping and
trying again ...
WARNING: received error ('Connection broken: IncompleteRead(0 bytes read, 512
more expected)', IncompleteRead(0 bytes read, 512 more expected)); sleeping and
trying again ...
WARNING: received error ('Connection broken: IncompleteRead(0 bytes read, 512
more expected)', IncompleteRead(0 bytes read, 512 more expected)); sleeping and
trying again ...
WARNING: received error ('Connection broken: IncompleteRead(0 bytes read, 512
more expected)', IncompleteRead(0 bytes read, 512 more expected)); sleeping and
trying again ...
WARNING: received error ('Connection broken: IncompleteRead(0 bytes read, 512
more expected)', IncompleteRead(0 bytes read, 512 more expected)); sleeping and
trying again ...
WARNING: received error HTTPSConnectionPool(host='stream.twitter.com',
port=443): Read timed out.; sleeping and trying again ...
WARNING: received error ('Connection broken: IncompleteRead(0 bytes read, 512
more expected)', IncompleteRead(0 bytes read, 512 more expected)); sleeping and
trying again ...
WARNING: received error ('Connection broken: IncompleteRead(0 bytes read, 512
more expected)', IncompleteRead(0 bytes read, 512 more expected)); sleeping and
trying again ...
WARNING: received error ('Connection broken: IncompleteRead(0 bytes read, 976
more expected)', IncompleteRead(0 bytes read, 976 more expected)); sleeping and
trying again ...
