Hello, traveler. This is the beginning of a log file called: "Fascist Tweet Archiver".
Some basic system info about the host machine: posix.uname_result(sysname='Linux', nodename='file-server', release='3.16.0-4-686-pae', version='#1 SMP Debian 3.16.51-3 (2017-12-13)', machine='i686')
This log was begun Thursday, 28 December 2017 at 20:22



INFO: read target account data; we're tracking 52 accounts
WARNING: no ProtocolError (got exception "name 'ProtocolError' is not defined");
 trying requests.packages.urllib3.exceptions instead
NOTE: successfully imported from requests
Starting up...
about to get all tweets newer than ID #832282841471918080 for account
@BetsyDeVos
about to get all tweets newer than ID #898401955847876608 for account
@Linda_McMahon
ERROR: unable to get tweets for account @Linda_McMahon
           the system said: Failed to parse JSON payload: Unterminated string
starting at: line 1 column 508930 (char 508929)
about to get all tweets newer than ID #930982584649175047 for account
@mike_pence
ERROR: unable to get tweets for account @mike_pence
           the system said: Failed to parse JSON payload: Expecting value: line
1 column 507493 (char 507492)
about to get all tweets newer than ID #898632795517403136 for account
@GeneralJFKellly
ERROR: unable to get tweets for account @GeneralJFKellly
           the system said: Not authorized.
about to get all tweets newer than ID #945299954049933314 for account @FLOTUS
ERROR: unable to get tweets for account @FLOTUS
           the system said: Failed to parse JSON payload: Expecting value: line
1 column 676173 (char 676172)
about to get all tweets newer than ID #816290296048873472 for account
@WilburRoss
about to get all tweets newer than ID #946468526478553089 for account
@SecretaryPerry
about to get all tweets newer than ID #-1 for account @jaredkushner
about to get all tweets newer than ID #946387776328617984 for account
@IvankaTrumpHQ
ERROR: unable to get tweets for account @IvankaTrumpHQ
           the system said: Failed to parse JSON payload: Unterminated string
starting at: line 1 column 508938 (char 508937)
about to get all tweets newer than ID #945107090221273093 for account
@EPAScottPruitt
ERROR: unable to get tweets for account @EPAScottPruitt
           the system said: Failed to parse JSON payload: Unterminated string
starting at: line 1 column 506478 (char 506477)
about to get all tweets newer than ID #945432117319680000 for account
@GovernorPerry
about to get all tweets newer than ID #946531657229701120 for account
@realDonaldTrump
about to get all tweets newer than ID #946526973702045697 for account @POTUS
about to get all tweets newer than ID #946156999041052672 for account
@TomBossert45
ERROR: unable to get tweets for account @TomBossert45
           the system said: Failed to parse JSON payload: Unterminated string
starting at: line 1 column 509387 (char 509386)
about to get all tweets newer than ID #945836760617103361 for account
@SecondLady
ERROR: unable to get tweets for account @SecondLady
           the system said: Failed to parse JSON payload: Unterminated string
starting at: line 1 column 501597 (char 501596)
about to get all tweets newer than ID #913881045652688901 for account
@SecPriceMD
about to get all tweets newer than ID #945045186899570693 for account
@SecretaryAcosta
about to get all tweets newer than ID #945412679887413248 for account
@BetsyDeVosED
about to get all tweets newer than ID #836780744810844161 for account
@StephenMillerAL
about to get all tweets newer than ID #903694300306923521 for account
@SecElaineChao
about to get all tweets newer than ID #946469698497105921 for account
@SecShulkin
about to get all tweets newer than ID #867385249340297217 for account
@RealBenCarson
about to get all tweets newer than ID #945295587301253120 for account @PRyan
about to get all tweets newer than ID #943908455793823744 for account @Reince
ERROR: unable to get tweets for account @Reince
           the system said: Failed to parse JSON payload: Unterminated string
starting at: line 1 column 853547 (char 853546)
about to get all tweets newer than ID #946257048035086336 for account
@KellyannePolls
ERROR: unable to get tweets for account @KellyannePolls
           the system said: Failed to send request: EOF occurred in violation of
 protocol (_ssl.c:600)
about to get all tweets newer than ID #946035200471027712 for account
@StephGrisham45
ERROR: unable to get tweets for account @StephGrisham45
           the system said: Failed to parse JSON payload: Unterminated string
starting at: line 1 column 510387 (char 510386)
about to get all tweets newer than ID #946473690757087232 for account
@AshLeeStrong
about to get all tweets newer than ID #824610180881117184 for account
@GovPenceIN
about to get all tweets newer than ID #946184802096513025 for account
@seanspicer
ERROR: unable to get tweets for account @seanspicer
           the system said: Failed to send request: ('Connection aborted.',
ConnectionResetError(104, 'Connection reset by peer'))
about to get all tweets newer than ID #816846808789958656 for account
@SenDanCoats
ERROR: unable to get tweets for account @SenDanCoats
           the system said: Failed to parse JSON payload: Expecting property
name enclosed in double quotes: line 1 column 508941 (char 508940)
about to get all tweets newer than ID #945250460880928768 for account
@SecretarySonny
about to get all tweets newer than ID #946046285546602496 for account @SBALinda
about to get all tweets newer than ID #-1 for account @ElaineChao
about to get all tweets newer than ID #830074939298414592 for account
@RepTomPrice
about to get all tweets newer than ID #946564160330125313 for account
@Scaramucci
about to get all tweets newer than ID #946131448364437505 for account
@JessicaDitto45
ERROR: unable to get tweets for account @JessicaDitto45
           the system said: Failed to parse JSON payload: Unterminated string
starting at: line 1 column 508697 (char 508696)
about to get all tweets newer than ID #946575858717872129 for account @Scavino45
ERROR: unable to get tweets for account @Scavino45
           the system said: Failed to send request:
HTTPSConnectionPool(host='api.twitter.com', port=443): Max retries exceeded with
 url: /1.1/statuses/user_timeline.json?screen_name=Scavino45&count=200 (Caused
by NewConnectionError('<requests.packages.urllib3.connection.VerifiedHTTPSConnec
tion object at 0xb6313c2c>: Failed to establish a new connection: [Errno -2]
Name or service not known',))
about to get all tweets newer than ID #946443492921937920 for account @PressSec
ERROR: unable to get tweets for account @PressSec
           the system said: Failed to parse JSON payload: Expecting ','
delimiter: line 1 column 504596 (char 504595)
about to get all tweets newer than ID #890659905798983680 for account @Reince45
about to get all tweets newer than ID #946187547532779525 for account
@nikkihaley
about to get all tweets newer than ID #944192733324996608 for account
@stevenmnuchin1
about to get all tweets newer than ID #946573741848498176 for account
@WhiteHouse
about to get all tweets newer than ID #946504185947795456 for account @VP
about to get all tweets newer than ID #943545231244439555 for account
@SecretaryCarson
ERROR: unable to get tweets for account @SecretaryCarson
           the system said: Failed to parse JSON payload: Unterminated string
starting at: line 1 column 505541 (char 505540)
about to get all tweets newer than ID #795981284761894912 for account
@MELANIATRUMP
ERROR: unable to get tweets for account @MELANIATRUMP
           the system said: Failed to parse JSON payload: Unterminated string
starting at: line 1 column 510302 (char 510301)
about to get all tweets newer than ID #856041462164836355 for account
@FirstLadyIN
about to get all tweets newer than ID #943545273489510400 for account
@MickMulvaneyOMB
about to get all tweets newer than ID #946567314002137088 for account
@IvankaTrump
about to get all tweets newer than ID #941074527592812545 for account
@SecretaryRoss
ERROR: unable to get tweets for account @SecretaryRoss
           the system said: Failed to send request: EOF occurred in violation of
 protocol (_ssl.c:600)
about to get all tweets newer than ID #946497500634124288 for account
@SpeakerRyan
ERROR: unable to get tweets for account @SpeakerRyan
           the system said: Failed to parse JSON payload: Expecting ','
delimiter: line 1 column 507493 (char 507492)
about to get all tweets newer than ID #946484911980056578 for account
@SecretaryZinke
about to get all tweets newer than ID #946558457397829632 for account
@DanScavino
ERROR: unable to get tweets for account @DanScavino
           the system said: Failed to send request:
HTTPSConnectionPool(host='api.twitter.com', port=443): Read timed out.
... OK, we're set up, and about to watch 599530439, 65522706, 22203756,
892173412818354177, 818876014390603776, 809836066316451840, 830128820447539208,
29547260, 798195585824104449, 832672006113931269, 18906561, 25073877,
822215679726100480, 866746592853979137, 822127086194348032, 829782369670410240,
819980276570976256, 828997388920619008, 728361177986797568, 826065858548133888,
831482588246196225, 1180379185, 733751245, 20733972, 471672239,
823638938590085124, 296060169, 15985455, 20776147, 212262370,
842072478834909184, 819992522109894658, 105267762, 6577802, 24578794,
836724024688410625, 823367015830323201, 818927131883356161, 803703725730779136,
37666984, 799764016885329921, 822215673812119553, 818910970567344128,
828613457020870657, 108471631, 1923451808, 888031054141022209, 52544275,
836305915452272641, 18916432, 827258161841135623, 620571475
WARNING: received error ('Connection broken: IncompleteRead(0 bytes read, 512
more expected)', IncompleteRead(0 bytes read, 512 more expected)); sleeping and
trying again ...
WARNING: received error ('Connection broken: IncompleteRead(0 bytes read, 2000
more expected)', IncompleteRead(0 bytes read, 2000 more expected)); sleeping and
 trying again ...
