Hello, traveler. This is the beginning of a log file called: "Fascist Tweet Archiver".
Some basic system info about the host machine: posix.uname_result(sysname='Linux', nodename='file-server', release='3.16.0-4-686-pae', version='#1 SMP Debian 3.16.51-3 (2017-12-13)', machine='i686')
This log was begun Tuesday, 26 December 2017 at 11:06



INFO: read target account data; we're tracking 52 accounts
WARNING: no ProtocolError (got exception "name 'ProtocolError' is not defined");
 trying requests.packages.urllib3.exceptions instead
NOTE: successfully imported from requests
Starting up...
about to get all tweets newer than ID #945674122058780672 for account
@JessicaDitto45
about to get all tweets newer than ID #945045186899570693 for account
@SecretaryAcosta
ERROR: unable to get tweets for account @SecretaryAcosta
           the system said: Failed to parse JSON payload: Unterminated string
starting at: line 1 column 508935 (char 508934)
about to get all tweets newer than ID #945516832978501632 for account
@KellyannePolls
ERROR: unable to get tweets for account @KellyannePolls
           the system said: Failed to parse JSON payload: Unterminated string
starting at: line 1 column 500690 (char 500689)
about to get all tweets newer than ID #913881045652688901 for account
@SecPriceMD
about to get all tweets newer than ID #945646491955290113 for account
@realDonaldTrump
about to get all tweets newer than ID #945287664487620608 for account @Scavino45
about to get all tweets newer than ID #816290296048873472 for account
@WilburRoss
about to get all tweets newer than ID #945287615636557825 for account @POTUS
about to get all tweets newer than ID #836780744810844161 for account
@StephenMillerAL
about to get all tweets newer than ID #945490561699598336 for account
@SecretaryPerry
ERROR: unable to get tweets for account @SecretaryPerry
           the system said: Failed to parse JSON payload: Unterminated string
starting at: line 1 column 686186 (char 686185)
about to get all tweets newer than ID #945325913444618240 for account
@nikkihaley
about to get all tweets newer than ID #945434897644220416 for account
@StephGrisham45
about to get all tweets newer than ID #945295587301253120 for account @PRyan
about to get all tweets newer than ID #943545231244439555 for account
@SecretaryCarson
ERROR: unable to get tweets for account @SecretaryCarson
           the system said: Failed to parse JSON payload: Expecting property
name enclosed in double quotes: line 1 column 507493 (char 507492)
about to get all tweets newer than ID #945701034675941377 for account @SBALinda
ERROR: unable to get tweets for account @SBALinda
           the system said: Failed to parse JSON payload: Unterminated string
starting at: line 1 column 510366 (char 510365)
about to get all tweets newer than ID #945425431620194305 for account
@seanspicer
about to get all tweets newer than ID #898401955847876608 for account
@Linda_McMahon
about to get all tweets newer than ID #945402889006133251 for account
@IvankaTrump
getting all tweets before ID #923549251183005695
    ...400 tweets downloaded so far


New tweet from IvankaTrump: “Starting in 2018, millions of small businesses
will have substantially more money to... buy new equipment, increas…
https://t.co/3tUdZCif5K

archiving URL http://twitter.com/IvankaTrump/status/945680468443320320
    ... archiving using prefix http://web.archive.org/save/
about to get all tweets newer than ID #-1 for account @ElaineChao
about to get all tweets newer than ID #945160311279181824 for account
@Scaramucci

archiving URL https://twitter.com/IvankaTrump/status/945680468443320320
    ... archiving using prefix http://web.archive.org/save/


New tweet from IvankaTrump: To any kid, this fish is a trophy!         🐟 🎣 🏆
https://t.co/wSpMZ0aFkQ

archiving URL http://twitter.com/IvankaTrump/status/945682617042636805
    ... archiving using prefix http://web.archive.org/save/

archiving URL https://twitter.com/IvankaTrump/status/945682617042636805
    ... archiving using prefix http://web.archive.org/save/
getting all tweets before ID #932662294898757631
    ...399 tweets downloaded so far


New tweet from Scaramucci: Of course it is! Merry Christmas!
https://t.co/r2J47rXiq0

archiving URL http://twitter.com/Scaramucci/status/945691892657901568
    ... archiving using prefix http://web.archive.org/save/
about to get all tweets newer than ID #930982584649175047 for account
@mike_pence

archiving URL https://twitter.com/Scaramucci/status/945691892657901568
    ... archiving using prefix http://web.archive.org/save/
about to get all tweets newer than ID #944192733324996608 for account
@stevenmnuchin1
about to get all tweets newer than ID #943545273489510400 for account
@MickMulvaneyOMB
ERROR: unable to get tweets for account @MickMulvaneyOMB
           the system said: Failed to send request: ('Connection aborted.',
BadStatusLine("''",))
about to get all tweets newer than ID #890659905798983680 for account @Reince45
about to get all tweets newer than ID #832282841471918080 for account
@BetsyDeVos
about to get all tweets newer than ID #943908455793823744 for account @Reince
about to get all tweets newer than ID #816846808789958656 for account
@SenDanCoats
about to get all tweets newer than ID #-1 for account @jaredkushner
about to get all tweets newer than ID #945712073270579200 for account
@IvankaTrumpHQ
ERROR: unable to get tweets for account @IvankaTrumpHQ
           the system said: Failed to parse JSON payload: Unterminated string
starting at: line 1 column 502983 (char 502982)
about to get all tweets newer than ID #945107090221273093 for account
@EPAScottPruitt
about to get all tweets newer than ID #903694300306923521 for account
@SecElaineChao
about to get all tweets newer than ID #945378313433944064 for account
@TomBossert45
about to get all tweets newer than ID #856041462164836355 for account
@FirstLadyIN
about to get all tweets newer than ID #945716347543023617 for account
@WhiteHouse
about to get all tweets newer than ID #941074527592812545 for account
@SecretaryRoss
about to get all tweets newer than ID #830074939298414592 for account
@RepTomPrice
about to get all tweets newer than ID #945014343871148032 for account
@DanScavino
about to get all tweets newer than ID #945250460880928768 for account
@SecretarySonny
about to get all tweets newer than ID #945294440599642112 for account @VP
about to get all tweets newer than ID #945428937525645313 for account
@SpeakerRyan
ERROR: unable to get tweets for account @SpeakerRyan
           the system said: Failed to parse JSON payload: Unterminated string
starting at: line 1 column 502606 (char 502605)
about to get all tweets newer than ID #945412679887413248 for account
@BetsyDeVosED
about to get all tweets newer than ID #945360964471357441 for account
@SecShulkin
about to get all tweets newer than ID #795981284761894912 for account
@MELANIATRUMP
about to get all tweets newer than ID #945382661404667904 for account
@SecretaryZinke
about to get all tweets newer than ID #945339299804917760 for account
@SecondLady
about to get all tweets newer than ID #898632795517403136 for account
@GeneralJFKellly
ERROR: unable to get tweets for account @GeneralJFKellly
           the system said: Not authorized.
about to get all tweets newer than ID #824610180881117184 for account
@GovPenceIN
about to get all tweets newer than ID #867385249340297217 for account
@RealBenCarson
about to get all tweets newer than ID #945432117319680000 for account
@GovernorPerry
about to get all tweets newer than ID #945683355940646912 for account @PressSec
about to get all tweets newer than ID #945299954049933314 for account @FLOTUS
about to get all tweets newer than ID #945373825885020160 for account
@AshLeeStrong
... OK, we're set up, and about to watch 836724024688410625, 819980276570976256,
 471672239, 829782369670410240, 25073877, 823367015830323201,
809836066316451840, 822215679726100480, 728361177986797568, 830128820447539208,
37666984, 823638938590085124, 733751245, 828613457020870657, 819992522109894658,
 20776147, 65522706, 52544275, 105267762, 24578794, 22203756,
799764016885329921, 888031054141022209, 803703725730779136, 599530439, 20733972,
 212262370, 29547260, 798195585824104449, 832672006113931269,
826065858548133888, 866746592853979137, 1923451808, 822215673812119553,
836305915452272641, 6577802, 620571475, 842072478834909184, 818910970567344128,
18916432, 828997388920619008, 831482588246196225, 108471631, 827258161841135623,
 822127086194348032, 892173412818354177, 15985455, 1180379185, 18906561,
818927131883356161, 818876014390603776, 296060169
WARNING: received error ('Connection broken: IncompleteRead(0 bytes read, 512
more expected)', IncompleteRead(0 bytes read, 512 more expected)); sleeping and
trying again ...
WARNING: received error HTTPSConnectionPool(host='stream.twitter.com',
port=443): Read timed out.; sleeping and trying again ...
