Hello, traveler. This is the beginning of a log file called: "Fascist Tweet Archiver".
Some basic system info about the host machine: posix.uname_result(sysname='Linux', nodename='file-server', release='3.16.0-4-686-pae', version='#1 SMP Debian 3.16.43-2+deb8u5 (2017-09-19)', machine='i686')
This log was begun Saturday, 18 November 2017 at 18:28



INFO: read target account data; we're tracking 52 accounts
WARNING: no ProtocolError (got exception "name 'ProtocolError' is not defined");
 trying requests.packages.urllib3.exceptions instead
NOTE: successfully imported from requests
Starting up...
about to get all tweets newer than ID #856041462164836355 for account
@FirstLadyIN
about to get all tweets newer than ID #931356199588716544 for account
@SecondLady
about to get all tweets newer than ID #930982584649175047 for account
@mike_pence
about to get all tweets newer than ID #931617435777683457 for account @FLOTUS
about to get all tweets newer than ID #898632795517403136 for account
@GeneralJFKellly
ERROR: unable to get tweets for account @GeneralJFKellly
           the system said: Not authorized.
about to get all tweets newer than ID #931301431814049792 for account
@IvankaTrump
about to get all tweets newer than ID #929382925270908928 for account
@StephGrisham45
about to get all tweets newer than ID #931725568298573824 for account
@AshLeeStrong
about to get all tweets newer than ID #931686266852265984 for account
@EPAScottPruitt
about to get all tweets newer than ID #932028013314748416 for account @POTUS
about to get all tweets newer than ID #931598018859753474 for account
@SecretarySonny
about to get all tweets newer than ID #931983853702537217 for account
@nikkihaley
about to get all tweets newer than ID #-1 for account @jaredkushner
about to get all tweets newer than ID #-1 for account @ElaineChao
about to get all tweets newer than ID #932026404274876416 for account @Scavino45
about to get all tweets newer than ID #931986725357932544 for account
@seanspicer
about to get all tweets newer than ID #931568373841973248 for account
@IvankaTrumpHQ
about to get all tweets newer than ID #903694300306923521 for account
@SecElaineChao
about to get all tweets newer than ID #931897909230137344 for account @PRyan
about to get all tweets newer than ID #931882145181773826 for account
@realDonaldTrump
about to get all tweets newer than ID #824610180881117184 for account
@GovPenceIN
about to get all tweets newer than ID #931884733847412737 for account
@SecretaryPerry
about to get all tweets newer than ID #931622141476462593 for account
@JessicaDitto45
about to get all tweets newer than ID #931638395931041793 for account
@SecShulkin
about to get all tweets newer than ID #898401955847876608 for account
@Linda_McMahon
about to get all tweets newer than ID #867385249340297217 for account
@RealBenCarson
about to get all tweets newer than ID #913881045652688901 for account
@SecPriceMD
about to get all tweets newer than ID #928448335584858113 for account @Reince
about to get all tweets newer than ID #926116193055989761 for account
@MickMulvaneyOMB
about to get all tweets newer than ID #928306806681735168 for account
@BetsyDeVosED
about to get all tweets newer than ID #832282841471918080 for account
@BetsyDeVos
about to get all tweets newer than ID #890659905798983680 for account @Reince45
about to get all tweets newer than ID #931619101612658689 for account
@SecretaryCarson
about to get all tweets newer than ID #932012293268832258 for account @PressSec
about to get all tweets newer than ID #923261387434012672 for account
@SecretaryRoss
about to get all tweets newer than ID #931952469286023168 for account @VP
about to get all tweets newer than ID #931256077672505346 for account
@SecretaryAcosta
about to get all tweets newer than ID #931951817033953285 for account
@Scaramucci
about to get all tweets newer than ID #816846808789958656 for account
@SenDanCoats
about to get all tweets newer than ID #816290296048873472 for account
@WilburRoss
about to get all tweets newer than ID #931547903772057601 for account
@stevenmnuchin1
about to get all tweets newer than ID #929769209055338496 for account
@GovernorPerry
about to get all tweets newer than ID #795981284761894912 for account
@MELANIATRUMP
about to get all tweets newer than ID #931962974331383808 for account
@WhiteHouse
about to get all tweets newer than ID #930628460250312704 for account
@TomBossert45
about to get all tweets newer than ID #830074939298414592 for account
@RepTomPrice
about to get all tweets newer than ID #931573276270264322 for account @SBALinda
about to get all tweets newer than ID #836780744810844161 for account
@StephenMillerAL
about to get all tweets newer than ID #931711307123974144 for account
@SecretaryZinke
about to get all tweets newer than ID #931923897532014592 for account
@KellyannePolls
about to get all tweets newer than ID #931944569951981570 for account
@SpeakerRyan
about to get all tweets newer than ID #931961196097523712 for account
@DanScavino
... OK, we're set up, and about to watch 1923451808, 822127086194348032,
22203756, 818876014390603776, 892173412818354177, 52544275, 823638938590085124,
296060169, 832672006113931269, 822215679726100480, 842072478834909184, 37666984,
 29547260, 105267762, 823367015830323201, 20776147, 798195585824104449,
826065858548133888, 733751245, 25073877, 15985455, 830128820447539208,
836724024688410625, 831482588246196225, 65522706, 1180379185,
829782369670410240, 20733972, 888031054141022209, 828997388920619008, 599530439,
 803703725730779136, 828613457020870657, 818927131883356161, 836305915452272641,
 818910970567344128, 819980276570976256, 24578794, 212262370,
809836066316451840, 799764016885329921, 18906561, 108471631, 822215673812119553,
 866746592853979137, 6577802, 819992522109894658, 728361177986797568,
827258161841135623, 471672239, 18916432, 620571475
WARNING: received error ('Connection broken: IncompleteRead(0 bytes read, 335
more expected)', IncompleteRead(0 bytes read, 335 more expected)); sleeping and
trying again ...
WARNING: received error HTTPSConnectionPool(host='stream.twitter.com',
port=443): Read timed out.; sleeping and trying again ...


New tweet from nikkihaley: Saturday night fun with South Carolina friends!
#LongtimeFriends #FunInNYC https://t.co/8Nyb9JMepJ

archiving URL http://twitter.com/nikkihaley/status/932090194676862976
    ... archiving using prefix http://web.archive.org/save/

archiving URL https://twitter.com/nikkihaley/status/932090194676862976
    ... archiving using prefix http://web.archive.org/save/


New tweet from AshLeeStrong: Painful game. But the #Montana rivalry continues.
 #catgriz #gogriz #poorbobcats https://t.co/FYvUlWR3zQ

archiving URL http://twitter.com/AshLeeStrong/status/932091472353964032
    ... archiving using prefix http://web.archive.org/save/

archiving URL https://twitter.com/AshLeeStrong/status/932091472353964032
    ... archiving using prefix http://web.archive.org/save/


New tweet from PressSec: The Trump effect: If you thought 2017 economy was
surprisingly good, just wait for 2018 
https://t.co/zWnNyQ4z7d

archiving URL http://twitter.com/PressSec/status/932092635262672896
    ... archiving using prefix http://web.archive.org/save/

archiving URL https://twitter.com/PressSec/status/932092635262672896
    ... archiving using prefix http://web.archive.org/save/
WARNING: received error HTTPSConnectionPool(host='stream.twitter.com',
port=443): Read timed out.; sleeping and trying again ...
