Hello, traveler. This is the beginning of a log file called: "Fascist Tweet Archiver".
Some basic system info about the host machine: posix.uname_result(sysname='Linux', nodename='file-server', release='3.16.0-4-686-pae', version='#1 SMP Debian 3.16.43-2+deb8u5 (2017-09-19)', machine='i686')
This log was begun Saturday, 28 October 2017 at 00:15



INFO: read target account data; we're tracking 52 accounts
WARNING: no ProtocolError (got exception "name 'ProtocolError' is not defined");
 trying requests.packages.urllib3.exceptions instead
NOTE: successfully imported from requests
Starting up...
about to get all tweets newer than ID #923714029645893637 for account
@mike_pence
about to get all tweets newer than ID #923140261856804865 for account @Reince
about to get all tweets newer than ID #924049591003213824 for account
@nikkihaley
about to get all tweets newer than ID #923976596683395072 for account
@SecretaryCarson
about to get all tweets newer than ID #923573932359331840 for account
@MickMulvaneyOMB
about to get all tweets newer than ID #816846808789958656 for account
@SenDanCoats
about to get all tweets newer than ID #923956179851673600 for account
@SecretarySonny
about to get all tweets newer than ID #923291711236911104 for account
@TomBossert45
about to get all tweets newer than ID #923722673972269056 for account
@DanScavino
about to get all tweets newer than ID #903694300306923521 for account
@SecElaineChao
about to get all tweets newer than ID #923975178979291137 for account
@SpeakerRyan
about to get all tweets newer than ID #836780744810844161 for account
@StephenMillerAL
about to get all tweets newer than ID #924154951407931392 for account @Scavino45
about to get all tweets newer than ID #924064815680716800 for account
@WhiteHouse
about to get all tweets newer than ID #913805829710675974 for account
@GovernorPerry
about to get all tweets newer than ID #923985283317686272 for account
@SecShulkin
about to get all tweets newer than ID #923965275522842626 for account @FLOTUS
about to get all tweets newer than ID #856041462164836355 for account
@FirstLadyIN
about to get all tweets newer than ID #923747741272100864 for account
@SecondLady
about to get all tweets newer than ID #795981284761894912 for account
@MELANIATRUMP
about to get all tweets newer than ID #824610180881117184 for account
@GovPenceIN
about to get all tweets newer than ID #924070592571170817 for account @PressSec
about to get all tweets newer than ID #923567628165308416 for account @PRyan
about to get all tweets newer than ID #816290296048873472 for account
@WilburRoss
about to get all tweets newer than ID #924096747122634752 for account
@realDonaldTrump
about to get all tweets newer than ID #924077892761473024 for account
@Scaramucci
about to get all tweets newer than ID #923557369749164033 for account
@BetsyDeVosED
about to get all tweets newer than ID #898632795517403136 for account
@GeneralJFKellly
