Hello, traveler. This is the beginning of a log file called: "Fascist Tweet Archiver".
Some basic system info about the host machine: posix.uname_result(sysname='Linux', nodename='file-server', release='3.16.0-4-686-pae', version='#1 SMP Debian 3.16.43-2+deb8u5 (2017-09-19)', machine='i686')
This log was begun Saturday, 28 October 2017 at 12:26



INFO: read target account data; we're tracking 52 accounts
WARNING: no ProtocolError (got exception "name 'ProtocolError' is not defined");
 trying requests.packages.urllib3.exceptions instead
NOTE: successfully imported from requests
Starting up...
about to get all tweets newer than ID #924031696718192640 for account
@AshLeeStrong
about to get all tweets newer than ID #924049591003213824 for account
@nikkihaley
about to get all tweets newer than ID #795981284761894912 for account
@MELANIATRUMP
about to get all tweets newer than ID #923588493116403717 for account @SBALinda
about to get all tweets newer than ID #867385249340297217 for account
@RealBenCarson
about to get all tweets newer than ID #923747741272100864 for account
@SecondLady
about to get all tweets newer than ID #924306194558341120 for account @VP
about to get all tweets newer than ID #923573932359331840 for account
@MickMulvaneyOMB
about to get all tweets newer than ID #923987250521788417 for account
@IvankaTrump
about to get all tweets newer than ID #923261387434012672 for account
@SecretaryRoss
about to get all tweets newer than ID #824610180881117184 for account
@GovPenceIN
about to get all tweets newer than ID #924352825018032128 for account
@WhiteHouse
about to get all tweets newer than ID #816290296048873472 for account
@WilburRoss
about to get all tweets newer than ID #898632795517403136 for account
@GeneralJFKellly
