Hello, traveler. This is the beginning of a log file called: "Fascist Tweet Archiver".
Some basic system info about the host machine: posix.uname_result(sysname='Linux', nodename='file-server', release='3.16.0-4-686-pae', version='#1 SMP Debian 3.16.51-2 (2017-12-03)', machine='i686')
This log was begun Sunday, 24 December 2017 at 20:02



INFO: read target account data; we're tracking 52 accounts
WARNING: no ProtocolError (got exception "name 'ProtocolError' is not defined");
 trying requests.packages.urllib3.exceptions instead
NOTE: successfully imported from requests
Starting up...
about to get all tweets newer than ID #944248881403039744 for account @SBALinda
about to get all tweets newer than ID #945061855487283201 for account
@StephGrisham45
about to get all tweets newer than ID #945030174290186241 for account
@realDonaldTrump
getting all tweets before ID #935489831005810687
    ...397 tweets downloaded so far


New tweet from realDonaldTrump: People are proud to be saying Merry Christmas
again. I am proud to have led the charge against the assault of our c…
https://t.co/TDmO0lcYHA

archiving URL http://twitter.com/realDonaldTrump/status/945126026824298497
    ... archiving using prefix http://web.archive.org/save/
about to get all tweets newer than ID #945067681211994114 for account @FLOTUS

archiving URL https://twitter.com/realDonaldTrump/status/945126026824298497
    ... archiving using prefix http://web.archive.org/save/
about to get all tweets newer than ID #867385249340297217 for account
@RealBenCarson
about to get all tweets newer than ID #816846808789958656 for account
@SenDanCoats
about to get all tweets newer than ID #945046147260755968 for account
@AshLeeStrong
about to get all tweets newer than ID #824610180881117184 for account
@GovPenceIN
about to get all tweets newer than ID #944995535534153728 for account @VP
about to get all tweets newer than ID #930982584649175047 for account
@mike_pence
about to get all tweets newer than ID #898401955847876608 for account
@Linda_McMahon
about to get all tweets newer than ID #945045186899570693 for account
@SecretaryAcosta
about to get all tweets newer than ID #945047293018955776 for account
@SecretaryZinke
about to get all tweets newer than ID #943949344738349063 for account
@IvankaTrumpHQ
about to get all tweets newer than ID #945063569007181824 for account @Scavino45
about to get all tweets newer than ID #945077192614207493 for account
@nikkihaley
about to get all tweets newer than ID #943545273489510400 for account
@MickMulvaneyOMB
about to get all tweets newer than ID #913881045652688901 for account
@SecPriceMD
about to get all tweets newer than ID #944623745053986817 for account
@SecShulkin
ERROR: unable to get tweets for account @SecShulkin
           the system said: Failed to parse JSON payload: Unterminated string
starting at: line 1 column 505468 (char 505467)
about to get all tweets newer than ID #830074939298414592 for account
@RepTomPrice
ERROR: unable to get tweets for account @RepTomPrice
           the system said: Failed to parse JSON payload: Unterminated string
starting at: line 1 column 603386 (char 603385)
about to get all tweets newer than ID #-1 for account @ElaineChao
about to get all tweets newer than ID #836780744810844161 for account
@StephenMillerAL
about to get all tweets newer than ID #856041462164836355 for account
@FirstLadyIN
about to get all tweets newer than ID #945050981208875008 for account
@Scaramucci
about to get all tweets newer than ID #943921618379792386 for account
@KellyannePolls
about to get all tweets newer than ID #945008394754297857 for account
@JessicaDitto45
about to get all tweets newer than ID #942785692974936064 for account
@GovernorPerry
about to get all tweets newer than ID #890659905798983680 for account @Reince45
about to get all tweets newer than ID #945107090221273093 for account
@EPAScottPruitt
ERROR: unable to get tweets for account @EPAScottPruitt
           the system said: Failed to parse JSON payload: Expecting ':'
delimiter: line 1 column 502653 (char 502652)
about to get all tweets newer than ID #898632795517403136 for account
@GeneralJFKellly
ERROR: unable to get tweets for account @GeneralJFKellly
           the system said: Not authorized.
about to get all tweets newer than ID #944996856265936898 for account
@SecretaryPerry
about to get all tweets newer than ID #945014343871148032 for account
@DanScavino
about to get all tweets newer than ID #944995720033132544 for account
@SecondLady
about to get all tweets newer than ID #943908455793823744 for account @Reince
about to get all tweets newer than ID #944192733324996608 for account
@stevenmnuchin1
ERROR: unable to get tweets for account @stevenmnuchin1
           the system said: Failed to parse JSON payload: Expecting ','
delimiter: line 1 column 508445 (char 508444)
about to get all tweets newer than ID #795981284761894912 for account
@MELANIATRUMP
about to get all tweets newer than ID #945008127526817792 for account @POTUS
about to get all tweets newer than ID #944989821889581057 for account @PressSec
about to get all tweets newer than ID #816290296048873472 for account
@WilburRoss
about to get all tweets newer than ID #832282841471918080 for account
@BetsyDeVos
about to get all tweets newer than ID #943142015063216130 for account
@BetsyDeVosED
about to get all tweets newer than ID #903694300306923521 for account
@SecElaineChao
about to get all tweets newer than ID #943545231244439555 for account
@SecretaryCarson
about to get all tweets newer than ID #945048580330545152 for account
@SpeakerRyan
about to get all tweets newer than ID #945074552060743683 for account
@WhiteHouse
about to get all tweets newer than ID #941463188490653698 for account
@TomBossert45
about to get all tweets newer than ID #941074527592812545 for account
@SecretaryRoss
about to get all tweets newer than ID #944600505816203264 for account @PRyan
about to get all tweets newer than ID #-1 for account @jaredkushner
about to get all tweets newer than ID #944273554752843776 for account
@SecretarySonny
about to get all tweets newer than ID #945017769258561537 for account
@seanspicer
about to get all tweets newer than ID #944294028669083648 for account
@IvankaTrump
... OK, we're set up, and about to watch 819992522109894658, 823638938590085124,
 25073877, 818876014390603776, 1180379185, 212262370, 296060169, 15985455,
818910970567344128, 22203756, 65522706, 819980276570976256, 827258161841135623,
798195585824104449, 823367015830323201, 37666984, 888031054141022209,
829782369670410240, 831482588246196225, 6577802, 105267762, 728361177986797568,
1923451808, 24578794, 471672239, 836724024688410625, 18906561,
803703725730779136, 832672006113931269, 892173412818354177, 830128820447539208,
620571475, 822127086194348032, 20733972, 799764016885329921, 108471631,
822215679726100480, 818927131883356161, 809836066316451840, 599530439,
828997388920619008, 826065858548133888, 828613457020870657, 18916432,
822215673812119553, 866746592853979137, 836305915452272641, 733751245, 29547260,
 842072478834909184, 20776147, 52544275
WARNING: received error ('Connection broken: IncompleteRead(0 bytes read, 512
more expected)', IncompleteRead(0 bytes read, 512 more expected)); sleeping and
trying again ...
