Hello, traveler. This is the beginning of a log file called: "Fascist Tweet Archiver".
Some basic system info about the host machine: posix.uname_result(sysname='Linux', nodename='file-server', release='3.16.0-4-686-pae', version='#1 SMP Debian 3.16.43-2+deb8u5 (2017-09-19)', machine='i686')
This log was begun Tuesday, 19 December 2017 at 10:24



INFO: read target account data; we're tracking 52 accounts
WARNING: no ProtocolError (got exception "name 'ProtocolError' is not defined");
 trying requests.packages.urllib3.exceptions instead
NOTE: successfully imported from requests
Starting up...
about to get all tweets newer than ID #942838836857536514 for account
@stevenmnuchin1
ERROR: unable to get tweets for account @stevenmnuchin1
           the system said: Failed to send request:
HTTPSConnectionPool(host='api.twitter.com', port=443): Max retries exceeded with
 url: /1.1/statuses/user_timeline.json?screen_name=stevenmnuchin1&count=200
(Caused by NewConnectionError('<requests.packages.urllib3.connection.VerifiedHTT
PSConnection object at 0xb66ae06c>: Failed to establish a new connection: [Errno
 -2] Name or service not known',))
about to get all tweets newer than ID #816846808789958656 for account
@SenDanCoats
ERROR: unable to get tweets for account @SenDanCoats
           the system said: Failed to send request:
HTTPSConnectionPool(host='api.twitter.com', port=443): Max retries exceeded with
 url: /1.1/statuses/user_timeline.json?screen_name=SenDanCoats&count=200 (Caused
 by NewConnectionError('<requests.packages.urllib3.connection.VerifiedHTTPSConne
ction object at 0xb66b7a2c>: Failed to establish a new connection: [Errno -2]
Name or service not known',))
about to get all tweets newer than ID #913881045652688901 for account
@SecPriceMD
ERROR: unable to get tweets for account @SecPriceMD
           the system said: Failed to send request:
HTTPSConnectionPool(host='api.twitter.com', port=443): Max retries exceeded with
 url: /1.1/statuses/user_timeline.json?screen_name=SecPriceMD&count=200 (Caused
by NewConnectionError('<requests.packages.urllib3.connection.VerifiedHTTPSConnec
tion object at 0xb66b726c>: Failed to establish a new connection: [Errno -2]
Name or service not known',))
about to get all tweets newer than ID #942785692974936064 for account
@GovernorPerry
ERROR: unable to get tweets for account @GovernorPerry
           the system said: Failed to send request:
HTTPSConnectionPool(host='api.twitter.com', port=443): Max retries exceeded with
 url: /1.1/statuses/user_timeline.json?screen_name=GovernorPerry&count=200
(Caused by NewConnectionError('<requests.packages.urllib3.connection.VerifiedHTT
PSConnection object at 0xb66c1d0c>: Failed to establish a new connection: [Errno
 -2] Name or service not known',))
about to get all tweets newer than ID #832282841471918080 for account
@BetsyDeVos
ERROR: unable to get tweets for account @BetsyDeVos
           the system said: Failed to send request:
HTTPSConnectionPool(host='api.twitter.com', port=443): Max retries exceeded with
 url: /1.1/statuses/user_timeline.json?screen_name=BetsyDeVos&count=200 (Caused
by NewConnectionError('<requests.packages.urllib3.connection.VerifiedHTTPSConnec
tion object at 0xb66cc62c>: Failed to establish a new connection: [Errno -2]
Name or service not known',))
about to get all tweets newer than ID #941740697538957312 for account
@StephGrisham45
ERROR: unable to get tweets for account @StephGrisham45
           the system said: Failed to send request:
HTTPSConnectionPool(host='api.twitter.com', port=443): Max retries exceeded with
 url: /1.1/statuses/user_timeline.json?screen_name=StephGrisham45&count=200
(Caused by NewConnectionError('<requests.packages.urllib3.connection.VerifiedHTT
PSConnection object at 0xb66c128c>: Failed to establish a new connection: [Errno
 -2] Name or service not known',))
about to get all tweets newer than ID #941756144384651264 for account
@MickMulvaneyOMB
ERROR: unable to get tweets for account @MickMulvaneyOMB
           the system said: Failed to send request:
HTTPSConnectionPool(host='api.twitter.com', port=443): Max retries exceeded with
 url: /1.1/statuses/user_timeline.json?screen_name=MickMulvaneyOMB&count=200
(Caused by NewConnectionError('<requests.packages.urllib3.connection.VerifiedHTT
PSConnection object at 0xb66b7aac>: Failed to establish a new connection: [Errno
 -2] Name or service not known',))
about to get all tweets newer than ID #939152289587228672 for account @Reince
ERROR: unable to get tweets for account @Reince
           the system said: Failed to send request:
HTTPSConnectionPool(host='api.twitter.com', port=443): Max retries exceeded with
 url: /1.1/statuses/user_timeline.json?screen_name=Reince&count=200 (Caused by N
ewConnectionError('<requests.packages.urllib3.connection.VerifiedHTTPSConnection
 object at 0xb66b786c>: Failed to establish a new connection: [Errno -2] Name or
 service not known',))
about to get all tweets newer than ID #942769181866553344 for account
@IvankaTrump
ERROR: unable to get tweets for account @IvankaTrump
           the system said: Failed to send request:
HTTPSConnectionPool(host='api.twitter.com', port=443): Max retries exceeded with
 url: /1.1/statuses/user_timeline.json?screen_name=IvankaTrump&count=200 (Caused
 by NewConnectionError('<requests.packages.urllib3.connection.VerifiedHTTPSConne
ction object at 0xb66ae84c>: Failed to establish a new connection: [Errno -2]
Name or service not known',))
about to get all tweets newer than ID #942816827419357184 for account @SBALinda
ERROR: unable to get tweets for account @SBALinda
           the system said: Failed to send request:
HTTPSConnectionPool(host='api.twitter.com', port=443): Max retries exceeded with
 url: /1.1/statuses/user_timeline.json?screen_name=SBALinda&count=200 (Caused by
 NewConnectionError('<requests.packages.urllib3.connection.VerifiedHTTPSConnecti
on object at 0xb66c98cc>: Failed to establish a new connection: [Errno -2] Name
or service not known',))
about to get all tweets newer than ID #942274765674500096 for account
@DanScavino
ERROR: unable to get tweets for account @DanScavino
           the system said: Failed to send request:
HTTPSConnectionPool(host='api.twitter.com', port=443): Max retries exceeded with
 url: /1.1/statuses/user_timeline.json?screen_name=DanScavino&count=200 (Caused
by NewConnectionError('<requests.packages.urllib3.connection.VerifiedHTTPSConnec
tion object at 0xb66c99ac>: Failed to establish a new connection: [Errno -2]
Name or service not known',))
about to get all tweets newer than ID #-1 for account @ElaineChao
ERROR: unable to get tweets for account @ElaineChao
           the system said: Failed to send request:
HTTPSConnectionPool(host='api.twitter.com', port=443): Max retries exceeded with
 url: /1.1/statuses/user_timeline.json?screen_name=ElaineChao&count=200 (Caused
by NewConnectionError('<requests.packages.urllib3.connection.VerifiedHTTPSConnec
tion object at 0xb66c146c>: Failed to establish a new connection: [Errno -2]
Name or service not known',))
about to get all tweets newer than ID #942502560329551872 for account
@SecretaryZinke
ERROR: unable to get tweets for account @SecretaryZinke
           the system said: Failed to send request:
HTTPSConnectionPool(host='api.twitter.com', port=443): Max retries exceeded with
 url: /1.1/statuses/user_timeline.json?screen_name=SecretaryZinke&count=200
(Caused by NewConnectionError('<requests.packages.urllib3.connection.VerifiedHTT
PSConnection object at 0xb66c3a6c>: Failed to establish a new connection: [Errno
 -2] Name or service not known',))
about to get all tweets newer than ID #943143050968256517 for account
@JessicaDitto45
ERROR: unable to get tweets for account @JessicaDitto45
           the system said: Failed to send request:
HTTPSConnectionPool(host='api.twitter.com', port=443): Max retries exceeded with
 url: /1.1/statuses/user_timeline.json?screen_name=JessicaDitto45&count=200
(Caused by NewConnectionError('<requests.packages.urllib3.connection.VerifiedHTT
PSConnection object at 0xb66c1e4c>: Failed to establish a new connection: [Errno
 -2] Name or service not known',))
about to get all tweets newer than ID #867385249340297217 for account
@RealBenCarson
ERROR: unable to get tweets for account @RealBenCarson
           the system said: Failed to send request:
HTTPSConnectionPool(host='api.twitter.com', port=443): Max retries exceeded with
 url: /1.1/statuses/user_timeline.json?screen_name=RealBenCarson&count=200
(Caused by NewConnectionError('<requests.packages.urllib3.connection.VerifiedHTT
PSConnection object at 0xb66cc78c>: Failed to establish a new connection: [Errno
 -2] Name or service not known',))
about to get all tweets newer than ID #942960132912304129 for account
@KellyannePolls
ERROR: unable to get tweets for account @KellyannePolls
           the system said: Failed to send request:
HTTPSConnectionPool(host='api.twitter.com', port=443): Max retries exceeded with
 url: /1.1/statuses/user_timeline.json?screen_name=KellyannePolls&count=200
(Caused by NewConnectionError('<requests.packages.urllib3.connection.VerifiedHTT
PSConnection object at 0xb66c9f6c>: Failed to establish a new connection: [Errno
 -2] Name or service not known',))
about to get all tweets newer than ID #836780744810844161 for account
@StephenMillerAL
ERROR: unable to get tweets for account @StephenMillerAL
           the system said: Failed to send request:
HTTPSConnectionPool(host='api.twitter.com', port=443): Max retries exceeded with
 url: /1.1/statuses/user_timeline.json?screen_name=StephenMillerAL&count=200
(Caused by NewConnectionError('<requests.packages.urllib3.connection.VerifiedHTT
PSConnection object at 0xb66cc72c>: Failed to establish a new connection: [Errno
 -2] Name or service not known',))
about to get all tweets newer than ID #942789560941064193 for account
@WhiteHouse
ERROR: unable to get tweets for account @WhiteHouse
           the system said: Failed to send request:
HTTPSConnectionPool(host='api.twitter.com', port=443): Max retries exceeded with
 url: /1.1/statuses/user_timeline.json?screen_name=WhiteHouse&count=200 (Caused
by NewConnectionError('<requests.packages.urllib3.connection.VerifiedHTTPSConnec
tion object at 0xb66c346c>: Failed to establish a new connection: [Errno -2]
Name or service not known',))
about to get all tweets newer than ID #942967418753835009 for account @PressSec
ERROR: unable to get tweets for account @PressSec
           the system said: Failed to send request:
HTTPSConnectionPool(host='api.twitter.com', port=443): Max retries exceeded with
 url: /1.1/statuses/user_timeline.json?screen_name=PressSec&count=200 (Caused by
 NewConnectionError('<requests.packages.urllib3.connection.VerifiedHTTPSConnecti
on object at 0xb66cc72c>: Failed to establish a new connection: [Errno -2] Name
or service not known',))
about to get all tweets newer than ID #941800042150670338 for account
@IvankaTrumpHQ
ERROR: unable to get tweets for account @IvankaTrumpHQ
           the system said: Failed to send request:
HTTPSConnectionPool(host='api.twitter.com', port=443): Max retries exceeded with
 url: /1.1/statuses/user_timeline.json?screen_name=IvankaTrumpHQ&count=200
(Caused by NewConnectionError('<requests.packages.urllib3.connection.VerifiedHTT
PSConnection object at 0xb66c15ac>: Failed to establish a new connection: [Errno
 -2] Name or service not known',))
about to get all tweets newer than ID #942880653732872193 for account @PRyan
ERROR: unable to get tweets for account @PRyan
           the system said: Failed to send request:
HTTPSConnectionPool(host='api.twitter.com', port=443): Max retries exceeded with
 url: /1.1/statuses/user_timeline.json?screen_name=PRyan&count=200 (Caused by Ne
wConnectionError('<requests.packages.urllib3.connection.VerifiedHTTPSConnection
object at 0xb66d1b2c>: Failed to establish a new connection: [Errno -2] Name or
service not known',))
about to get all tweets newer than ID #943140539318325248 for account
@AshLeeStrong
ERROR: unable to get tweets for account @AshLeeStrong
           the system said: Failed to send request:
HTTPSConnectionPool(host='api.twitter.com', port=443): Max retries exceeded with
 url: /1.1/statuses/user_timeline.json?screen_name=AshLeeStrong&count=200
(Caused by NewConnectionError('<requests.packages.urllib3.connection.VerifiedHTT
PSConnection object at 0xb66cd6cc>: Failed to establish a new connection: [Errno
 -2] Name or service not known',))
about to get all tweets newer than ID #943078445004804097 for account
@Scaramucci
ERROR: unable to get tweets for account @Scaramucci
           the system said: Failed to send request:
HTTPSConnectionPool(host='api.twitter.com', port=443): Max retries exceeded with
 url: /1.1/statuses/user_timeline.json?screen_name=Scaramucci&count=200 (Caused
by NewConnectionError('<requests.packages.urllib3.connection.VerifiedHTTPSConnec
tion object at 0xb66ae20c>: Failed to establish a new connection: [Errno -2]
Name or service not known',))
about to get all tweets newer than ID #942447006026518528 for account
@SecretaryAcosta
ERROR: unable to get tweets for account @SecretaryAcosta
           the system said: Failed to send request:
HTTPSConnectionPool(host='api.twitter.com', port=443): Max retries exceeded with
 url: /1.1/statuses/user_timeline.json?screen_name=SecretaryAcosta&count=200
(Caused by NewConnectionError('<requests.packages.urllib3.connection.VerifiedHTT
PSConnection object at 0xb66aefcc>: Failed to establish a new connection: [Errno
 -2] Name or service not known',))
about to get all tweets newer than ID #942551971659120640 for account @VP
ERROR: unable to get tweets for account @VP
           the system said: Failed to send request:
HTTPSConnectionPool(host='api.twitter.com', port=443): Max retries exceeded with
 url: /1.1/statuses/user_timeline.json?screen_name=VP&count=200 (Caused by NewCo
nnectionError('<requests.packages.urllib3.connection.VerifiedHTTPSConnection
object at 0xb66c3e8c>: Failed to establish a new connection: [Errno -2] Name or
service not known',))
about to get all tweets newer than ID #942866530001440768 for account @Scavino45
ERROR: unable to get tweets for account @Scavino45
           the system said: Failed to send request:
HTTPSConnectionPool(host='api.twitter.com', port=443): Max retries exceeded with
 url: /1.1/statuses/user_timeline.json?screen_name=Scavino45&count=200 (Caused
by NewConnectionError('<requests.packages.urllib3.connection.VerifiedHTTPSConnec
tion object at 0xb66ccb0c>: Failed to establish a new connection: [Errno -2]
Name or service not known',))
about to get all tweets newer than ID #942868971161866240 for account
@SecShulkin
ERROR: unable to get tweets for account @SecShulkin
           the system said: Failed to send request:
HTTPSConnectionPool(host='api.twitter.com', port=443): Max retries exceeded with
 url: /1.1/statuses/user_timeline.json?screen_name=SecShulkin&count=200 (Caused
by NewConnectionError('<requests.packages.urllib3.connection.VerifiedHTTPSConnec
tion object at 0xb66cc12c>: Failed to establish a new connection: [Errno -2]
Name or service not known',))
about to get all tweets newer than ID #942937179407470592 for account
@nikkihaley
ERROR: unable to get tweets for account @nikkihaley
           the system said: Failed to send request:
HTTPSConnectionPool(host='api.twitter.com', port=443): Max retries exceeded with
 url: /1.1/statuses/user_timeline.json?screen_name=nikkihaley&count=200 (Caused
by NewConnectionError('<requests.packages.urllib3.connection.VerifiedHTTPSConnec
tion object at 0xb66c378c>: Failed to establish a new connection: [Errno -2]
Name or service not known',))
about to get all tweets newer than ID #941403652010463233 for account @FLOTUS
getting all tweets before ID #850044938591096842
    ...222 tweets downloaded so far


New tweet from FLOTUS: RT @realDonaldTrump: My thoughts and prayers are with
everyone involved in the train accident in DuPont, Washington. Thank you to all
of ou…

archiving URL http://twitter.com/FLOTUS/status/942831854251663362
    ... archiving using prefix http://web.archive.org/save/
about to get all tweets newer than ID #942552004936785926 for account @POTUS

archiving URL https://twitter.com/FLOTUS/status/942831854251663362
    ... archiving using prefix http://web.archive.org/save/
ERROR: unable to get tweets for account @POTUS
           the system said: Failed to send request:
HTTPSConnectionPool(host='api.twitter.com', port=443): Read timed out.
about to get all tweets newer than ID #-1 for account @jaredkushner
about to get all tweets newer than ID #890659905798983680 for account @Reince45
about to get all tweets newer than ID #830074939298414592 for account
@RepTomPrice
about to get all tweets newer than ID #943092436309626880 for account
@SecretaryCarson
getting all tweets before ID #901975864744833025
    ...400 tweets downloaded so far


New tweet from SecretaryCarson: Encouraging our @HUDgov staff in Puerto Rico
to keep up the great work. They have been working tirelessly to help P…
https://t.co/1JsBMgy2JJ

archiving URL http://twitter.com/SecretaryCarson/status/943156124261462016
    ... archiving using prefix http://web.archive.org/save/
about to get all tweets newer than ID #824610180881117184 for account
@GovPenceIN

archiving URL https://twitter.com/SecretaryCarson/status/943156124261462016
    ... archiving using prefix http://web.archive.org/save/
about to get all tweets newer than ID #795981284761894912 for account
@MELANIATRUMP
about to get all tweets newer than ID #816290296048873472 for account
@WilburRoss
about to get all tweets newer than ID #942422647329185792 for account
@SecretarySonny
getting all tweets before ID #923351803441438719
    ...399 tweets downloaded so far


New tweet from SecretarySonny: We now have over 1,000 @forestservice personnel
 on the ground and in the air fighting the #ThomasFire. Our engageme…
https://t.co/ZcOJr0zdoa

archiving URL http://twitter.com/SecretarySonny/status/942800947893489664
    ... archiving using prefix http://web.archive.org/save/
about to get all tweets newer than ID #898401955847876608 for account
@Linda_McMahon

archiving URL https://twitter.com/SecretarySonny/status/942800947893489664
    ... archiving using prefix http://web.archive.org/save/
about to get all tweets newer than ID #941435065812377601 for account
@EPAScottPruitt
about to get all tweets newer than ID #942843640858025984 for account
@SecondLady
getting all tweets before ID #903628725140500480
    ...400 tweets downloaded so far


New tweet from SecondLady: RT @VP: Our hearts break after hearing about the
fatalities on board the train that derailed in Washington. Please keep the
victims, the in…

archiving URL http://twitter.com/SecondLady/status/942848945692332035
    ... archiving using prefix http://web.archive.org/save/
about to get all tweets newer than ID #941351899462332416 for account
@BetsyDeVosED

archiving URL https://twitter.com/SecondLady/status/942848945692332035
    ... archiving using prefix http://web.archive.org/save/
getting all tweets before ID #845317235761647615
    ...319 tweets downloaded so far


New tweet from BetsyDeVosED: RT @cspan: LIVE now on https://t.co/MlO245CgyJ:
@BetsyDeVosED @usedgov announces Second #rethinkschool School Summit to
Highlight Innovatio…

archiving URL http://twitter.com/BetsyDeVosED/status/943114839546847232
    ... archiving using prefix http://web.archive.org/save/
about to get all tweets newer than ID #898632795517403136 for account
@GeneralJFKellly
ERROR: unable to get tweets for account @GeneralJFKellly
           the system said: Not authorized.
about to get all tweets newer than ID #943161820705062917 for account
@SpeakerRyan

archiving URL https://twitter.com/BetsyDeVosED/status/943114839546847232
    ... archiving using prefix http://web.archive.org/save/


New tweet from BetsyDeVosED: RT @usedgov: "The traditional model doesn't honor
 the principle that people learn in different ways in different time frames” -
Superintend…

archiving URL http://twitter.com/BetsyDeVosED/status/943118653020626944
    ... archiving using prefix http://web.archive.org/save/
getting all tweets before ID #932649246305783807

archiving URL https://twitter.com/BetsyDeVosED/status/943118653020626944
    ... archiving using prefix http://web.archive.org/save/


New tweet from BetsyDeVosED: RT @PoliticsK12: At @usedgov innovation summit,
Tom Rooney, superintendent of Lindsay Unified School District, is talking about
how his dis…

archiving URL http://twitter.com/BetsyDeVosED/status/943125806754213891
    ... archiving using prefix http://web.archive.org/save/
    ...400 tweets downloaded so far


New tweet from SpeakerRyan: RT @CongressmanHice: This effort has been a long
time coming. Today, we are seizing on the opportunity to create a competitive,
pro-growth,…

archiving URL http://twitter.com/SpeakerRyan/status/943165356562108416
    ... archiving using prefix http://web.archive.org/save/
about to get all tweets newer than ID #941074527592812545 for account
@SecretaryRoss

archiving URL https://twitter.com/BetsyDeVosED/status/943125806754213891
    ... archiving using prefix http://web.archive.org/save/
about to get all tweets newer than ID #941463188490653698 for account
@TomBossert45

archiving URL https://twitter.com/SpeakerRyan/status/943165356562108416
    ... archiving using prefix http://web.archive.org/save/


New tweet from BetsyDeVosED: RT @usedgov: A common theme from today’s
panelists: COURAGE. Courage to innovate and to reimagine how to achieve student
success. #RethinkS…

archiving URL http://twitter.com/BetsyDeVosED/status/943130335105159168
    ... archiving using prefix http://web.archive.org/save/


New tweet from SpeakerRyan: RT @RepJackBergman: The time for #TaxReform is
now! https://t.co/utgBsrv4OA

archiving URL http://twitter.com/SpeakerRyan/status/943168439040073730
    ... archiving using prefix http://web.archive.org/save/
about to get all tweets newer than ID #942874781975810049 for account
@SecretaryPerry

archiving URL https://twitter.com/BetsyDeVosED/status/943130335105159168
    ... archiving using prefix http://web.archive.org/save/

archiving URL https://twitter.com/SpeakerRyan/status/943168439040073730
    ... archiving using prefix http://web.archive.org/save/


New tweet from BetsyDeVosED: RT @usedgov: Today’s final round of lightning
talks is about to begin. Join us live: https://t.co/Hk5cJWKQEP
#RethinkSchool https://t.c…

archiving URL http://twitter.com/BetsyDeVosED/status/943142015063216130
    ... archiving using prefix http://web.archive.org/save/
getting all tweets before ID #918134407747207167


New tweet from SpeakerRyan: RT @RepWesterman: For the first time in a
generation, the American people will see real, tangible tax relief.
https://t.co/n6IU0zp0Fc

archiving URL http://twitter.com/SpeakerRyan/status/943170776659890176
    ... archiving using prefix http://web.archive.org/save/

archiving URL https://twitter.com/BetsyDeVosED/status/943142015063216130
    ... archiving using prefix http://web.archive.org/save/

archiving URL https://twitter.com/SpeakerRyan/status/943170776659890176
    ... archiving using prefix http://web.archive.org/save/
    ...400 tweets downloaded so far


New tweet from SecretaryPerry: Over the next 2 days I'm highlighting our
exceptional #NationalLab directors. They visited @ENERGY HQ &amp; met w/ folk…
https://t.co/dmuB9iP1ip

archiving URL http://twitter.com/SecretaryPerry/status/943163268901801987
    ... archiving using prefix http://web.archive.org/save/
about to get all tweets newer than ID #856041462164836355 for account
@FirstLadyIN

archiving URL https://twitter.com/SecretaryPerry/status/943163268901801987
    ... archiving using prefix http://web.archive.org/save/
about to get all tweets newer than ID #930982584649175047 for account
@mike_pence
about to get all tweets newer than ID #943074475209355264 for account
@realDonaldTrump
getting all tweets before ID #933446283632824320
    ...397 tweets downloaded so far


New tweet from realDonaldTrump: Stocks and the economy have a long way to go
after the Tax Cut Bill is totally understood and appreciated in scope…
https://t.co/2BJwFD1CTu

archiving URL http://twitter.com/realDonaldTrump/status/943079382163353600
    ... archiving using prefix http://web.archive.org/save/
about to get all tweets newer than ID #942567298556137472 for account
@seanspicer

archiving URL https://twitter.com/realDonaldTrump/status/943079382163353600
    ... archiving using prefix http://web.archive.org/save/
getting all tweets before ID #919917410148343808


New tweet from realDonaldTrump: A  story in the @washingtonpost that I was
close to “rescinding” the nomination of Justice Gorsuch prior to confirm…
https://t.co/wu6B3WTgX0

archiving URL http://twitter.com/realDonaldTrump/status/943135588496093190
    ... archiving using prefix http://web.archive.org/save/
    ...400 tweets downloaded so far


New tweet from seanspicer: True news https://t.co/Uqdd4qs6uf

archiving URL http://twitter.com/seanspicer/status/942830678747598848
    ... archiving using prefix http://web.archive.org/save/

archiving URL https://twitter.com/realDonaldTrump/status/943135588496093190
    ... archiving using prefix http://web.archive.org/save/
about to get all tweets newer than ID #903694300306923521 for account
@SecElaineChao
... OK, we're set up, and about to watch 799764016885329921, 212262370,
829782369670410240, 18906561, 599530439, 823638938590085124, 888031054141022209,
 20733972, 52544275, 819992522109894658, 620571475, 105267762,
827258161841135623, 836724024688410625, 1180379185, 471672239,
728361177986797568, 822215673812119553, 818927131883356161, 798195585824104449,
733751245, 296060169, 24578794, 819980276570976256, 818910970567344128,
823367015830323201, 831482588246196225, 37666984, 818876014390603776,
822215679726100480, 29547260, 803703725730779136, 6577802, 828613457020870657,
15985455, 108471631, 809836066316451840, 842072478834909184, 65522706,
832672006113931269, 822127086194348032, 828997388920619008, 892173412818354177,
18916432, 836305915452272641, 866746592853979137, 830128820447539208,
1923451808, 22203756, 25073877, 20776147, 826065858548133888

archiving URL https://twitter.com/seanspicer/status/942830678747598848
    ... archiving using prefix http://web.archive.org/save/


New tweet from seanspicer: RT @AriFleischer: I think the falsified rumor about
 Trump firing Mueller has gotten more MSM coverage than an actual text message
between F…

archiving URL http://twitter.com/seanspicer/status/942959944135053312
    ... archiving using prefix http://web.archive.org/save/

archiving URL https://twitter.com/seanspicer/status/942959944135053312
    ... archiving using prefix http://web.archive.org/save/


New tweet from seanspicer: .@realDonaldTrump  first year is starting to look
like a big win
Via @nypost @RichLowry 
https://t.co/JRI4C3zk7u

archiving URL http://twitter.com/seanspicer/status/943102783414292480
    ... archiving using prefix http://web.archive.org/save/

archiving URL https://twitter.com/seanspicer/status/943102783414292480
    ... archiving using prefix http://web.archive.org/save/


New tweet from seanspicer: For over 2 decades @SpeakerRyan has been fighting
for #TaxReform #TaxCut    See new video: https://t.co/jenki6wKIy via @youtube

archiving URL http://twitter.com/seanspicer/status/943135520703614977
    ... archiving using prefix http://web.archive.org/save/

archiving URL https://twitter.com/seanspicer/status/943135520703614977
    ... archiving using prefix http://web.archive.org/save/


New tweet from seanspicer: RT @scottwongDC: Speaker Ryan just told members
that he’s not going anywhere, prompting standing ovation and loud cheers. He
then joked, "o…

archiving URL http://twitter.com/seanspicer/status/943138688258793472
    ... archiving using prefix http://web.archive.org/save/

archiving URL https://twitter.com/seanspicer/status/943138688258793472
    ... archiving using prefix http://web.archive.org/save/


New tweet from seanspicer: .@WhiteHouse @realDonaldTrump cyber chief Tom
Bossert: It’s Official: North Korea Is Behind WannaCry
Via…
https://t.co/1JPFSpkZDA

archiving URL http://twitter.com/seanspicer/status/943139481376448512
    ... archiving using prefix http://web.archive.org/save/

archiving URL https://twitter.com/seanspicer/status/943139481376448512
    ... archiving using prefix http://web.archive.org/save/


New tweet from SecretaryCarson: Getting a field briefing on the recovery in
Puerto Rico. Federal agencies are working across silos to help the isla…
https://t.co/PJG4fdtN4T

archiving URL http://twitter.com/SecretaryCarson/status/943175104158208000
    ... archiving using prefix http://web.archive.org/save/

archiving URL https://twitter.com/SecretaryCarson/status/943175104158208000
    ... archiving using prefix http://web.archive.org/save/
WARNING: received error ('Connection broken: IncompleteRead(0 bytes read, 512
more expected)', IncompleteRead(0 bytes read, 512 more expected)); sleeping and
trying again ...


New tweet from SpeakerRyan: RT @RepLoudermilk: Our #TaxReform plan will
continue to revitalize our economy, bring thousands of better-paying jobs, and
put more mo…

archiving URL http://twitter.com/SpeakerRyan/status/943176622462701570
    ... archiving using prefix http://web.archive.org/save/

archiving URL https://twitter.com/SpeakerRyan/status/943176622462701570
    ... archiving using prefix http://web.archive.org/save/


New tweet from AshLeeStrong: Real, tangible relief for the middle class.
https://t.co/UbBe8XRbW4

archiving URL http://twitter.com/AshLeeStrong/status/943176803295924226
    ... archiving using prefix http://web.archive.org/save/

archiving URL https://twitter.com/AshLeeStrong/status/943176803295924226
    ... archiving using prefix http://web.archive.org/save/
WARNING: received error ('Connection broken: IncompleteRead(0 bytes read, 1567
more expected)', IncompleteRead(0 bytes read, 1567 more expected)); sleeping and
 trying again ...
WARNING: received error ('Connection broken: IncompleteRead(0 bytes read, 512
more expected)', IncompleteRead(0 bytes read, 512 more expected)); sleeping and
trying again ...
WARNING: received error ('Connection broken: IncompleteRead(0 bytes read, 976
more expected)', IncompleteRead(0 bytes read, 976 more expected)); sleeping and
trying again ...


New tweet from Scaramucci: RT @foxnewsradio: He was only there for a total of
11 days, but former White House Communications Director @Scaramucci made sure he
 m…

archiving URL http://twitter.com/Scaramucci/status/943179860649938944
    ... archiving using prefix http://web.archive.org/save/

archiving URL https://twitter.com/Scaramucci/status/943179860649938944
    ... archiving using prefix http://web.archive.org/save/


New tweet from SpeakerRyan: RT @RepShimkus: Americans spent more than 8.9
billion hours complying with IRS tax filing requirements last year, at a cost to
 the…

archiving URL http://twitter.com/SpeakerRyan/status/943180961507954689
    ... archiving using prefix http://web.archive.org/save/

archiving URL https://twitter.com/SpeakerRyan/status/943180961507954689
    ... archiving using prefix http://web.archive.org/save/


New tweet from SecShulkin: We received a care package from 8 year old Sawyer
of Michigan, who has sent over 2,000 Christmas stockings to our t…
https://t.co/mj0FXpWnIG

archiving URL http://twitter.com/SecShulkin/status/943181725609455616
    ... archiving using prefix http://web.archive.org/save/

archiving URL https://twitter.com/SecShulkin/status/943181725609455616
    ... archiving using prefix http://web.archive.org/save/


New tweet from SpeakerRyan: RT @RobWittman: Help is on the way for our
working-class families and small businesses! #TaxCutsandJobsAct
https://t.co/DQ5Q0vVn1G

archiving URL http://twitter.com/SpeakerRyan/status/943181764532588544
    ... archiving using prefix http://web.archive.org/save/

archiving URL https://twitter.com/SpeakerRyan/status/943181764532588544
    ... archiving using prefix http://web.archive.org/save/


New tweet from SpeakerRyan: This is the moment for which hardworking Americans
 have been waiting a generation. In a few minutes, I'll be speaki…
https://t.co/vR9Pinbhtc

archiving URL http://twitter.com/SpeakerRyan/status/943186338907648005
    ... archiving using prefix http://web.archive.org/save/

archiving URL https://twitter.com/SpeakerRyan/status/943186338907648005
    ... archiving using prefix http://web.archive.org/save/


New tweet from EPAScottPruitt: I’ve appointed Cathy Stepp as Regional
Administrator for Region 5. Cathy’s experience working as a statewide cabine…
https://t.co/HwHtqn00ee

archiving URL http://twitter.com/EPAScottPruitt/status/943189901251670022
    ... archiving using prefix http://web.archive.org/save/

archiving URL https://twitter.com/EPAScottPruitt/status/943189901251670022
    ... archiving using prefix http://web.archive.org/save/


New tweet from AshLeeStrong: Heads up: Speaker Ryan will be on the House floor
 shortly to address the historic tax relief vote. #2059more

archiving URL http://twitter.com/AshLeeStrong/status/943190497711001600
    ... archiving using prefix http://web.archive.org/save/

archiving URL https://twitter.com/AshLeeStrong/status/943190497711001600
    ... archiving using prefix http://web.archive.org/save/


New tweet from SecretaryCarson: Meeting some of the great Puerto Rico Joint
Field Office staff with @SecNielsen. The staffers have tirelessly tackl…
https://t.co/wgLtKbvCjp

archiving URL http://twitter.com/SecretaryCarson/status/943190940503756800
    ... archiving using prefix http://web.archive.org/save/

archiving URL https://twitter.com/SecretaryCarson/status/943190940503756800
    ... archiving using prefix http://web.archive.org/save/


New tweet from SecretaryPerry: Going alphabetically, first are the
#NationalLab directors from @Ames_Labratory, @Argonne, @Brookhaven &amp;
@FermiLab.… https://t.co/vdTVqPrd2e

archiving URL http://twitter.com/SecretaryPerry/status/943191003955171329
    ... archiving using prefix http://web.archive.org/save/

archiving URL https://twitter.com/SecretaryPerry/status/943191003955171329
    ... archiving using prefix http://web.archive.org/save/


New tweet from SpeakerRyan: Today, we give the people of this country their
money back. https://t.co/UDHKclgrFd

archiving URL http://twitter.com/SpeakerRyan/status/943191760871632897
    ... archiving using prefix http://web.archive.org/save/

archiving URL https://twitter.com/SpeakerRyan/status/943191760871632897
    ... archiving using prefix http://web.archive.org/save/
WARNING: received error ('Connection broken: IncompleteRead(0 bytes read, 512
more expected)', IncompleteRead(0 bytes read, 512 more expected)); sleeping and
trying again ...


New tweet from SpeakerRyan: Economic growth and job creation will not solve
all of our problems, but they will make our problems easier to solv…
https://t.co/ZjSv3Xm1Pw

archiving URL http://twitter.com/SpeakerRyan/status/943192523672920064
    ... archiving using prefix http://web.archive.org/save/

archiving URL https://twitter.com/SpeakerRyan/status/943192523672920064
    ... archiving using prefix http://web.archive.org/save/


New tweet from AshLeeStrong: THIS is the point. Bigger paychecks, more jobs,
increased economic freedom so Americans can get ahead in life.
https://t.co/FKRCp7yUUt

archiving URL http://twitter.com/AshLeeStrong/status/943192637376487424
    ... archiving using prefix http://web.archive.org/save/

archiving URL https://twitter.com/AshLeeStrong/status/943192637376487424
    ... archiving using prefix http://web.archive.org/save/


New tweet from AshLeeStrong: RT @NolanDMcCaskill: .@SpeakerRyan: "Today, we
are giving the people of this country their money back. This is their money
after all."

archiving URL http://twitter.com/AshLeeStrong/status/943192760798019585
    ... archiving using prefix http://web.archive.org/save/

archiving URL https://twitter.com/AshLeeStrong/status/943192760798019585
    ... archiving using prefix http://web.archive.org/save/


New tweet from SpeakerRyan: For years, the powers-that-be in Washington have
told you: just hand over more freedom to unelected bureaucrats, an…
https://t.co/jEZgJnXiTt

archiving URL http://twitter.com/SpeakerRyan/status/943193241720991744
    ... archiving using prefix http://web.archive.org/save/

archiving URL https://twitter.com/SpeakerRyan/status/943193241720991744
    ... archiving using prefix http://web.archive.org/save/


New tweet from SpeakerRyan: While the world has changed, our tax code has not.
 It has been open season for competitors to come in and take our…
https://t.co/D4SxUF008s

archiving URL http://twitter.com/SpeakerRyan/status/943193431744036864
    ... archiving using prefix http://web.archive.org/save/

archiving URL https://twitter.com/SpeakerRyan/status/943193431744036864
    ... archiving using prefix http://web.archive.org/save/


New tweet from SpeakerRyan: Finally, we are restoring the freedom to make your
 health care choices. This vote today will repeal the individual…
https://t.co/gfUcsLPdCo

archiving URL http://twitter.com/SpeakerRyan/status/943193438555475968
    ... archiving using prefix http://web.archive.org/save/

archiving URL https://twitter.com/SpeakerRyan/status/943193438555475968
    ... archiving using prefix http://web.archive.org/save/


New tweet from SpeakerRyan: After decades of debate, we are opening up a
small, non-wilderness area of the Alaska National Wildlife Refuge for…
https://t.co/IDjMQa5LSp

archiving URL http://twitter.com/SpeakerRyan/status/943193590842376192
    ... archiving using prefix http://web.archive.org/save/

archiving URL https://twitter.com/SpeakerRyan/status/943193590842376192
    ... archiving using prefix http://web.archive.org/save/


New tweet from SpeakerRyan: This is our country. This is our moment. We will
reclaim the principles that have guided us for generations so that…
https://t.co/oL7tVJsS2Z

archiving URL http://twitter.com/SpeakerRyan/status/943194018212491264
    ... archiving using prefix http://web.archive.org/save/

archiving URL https://twitter.com/SpeakerRyan/status/943194018212491264
    ... archiving using prefix http://web.archive.org/save/


New tweet from AshLeeStrong: What does tax reform mean for 2018? Thread below
from my friend Matt: https://t.co/VOmOaFa8TL

archiving URL http://twitter.com/AshLeeStrong/status/943194394232057857
    ... archiving using prefix http://web.archive.org/save/

archiving URL https://twitter.com/AshLeeStrong/status/943194394232057857
    ... archiving using prefix http://web.archive.org/save/


New tweet from AshLeeStrong: RT @MSNBC: Speaker Ryan ahead of GOP tax reform
vote: “This really is a generational defining moment … this is our chance, thi…

archiving URL http://twitter.com/AshLeeStrong/status/943195278202605569
    ... archiving using prefix http://web.archive.org/save/

archiving URL https://twitter.com/AshLeeStrong/status/943195278202605569
    ... archiving using prefix http://web.archive.org/save/


New tweet from AshLeeStrong: RT @JimMerrillNH: I admire @SpeakerRyan
https://t.co/nCv3Bz5SzE

archiving URL http://twitter.com/AshLeeStrong/status/943196866795266048
    ... archiving using prefix http://web.archive.org/save/

archiving URL https://twitter.com/AshLeeStrong/status/943196866795266048
    ... archiving using prefix http://web.archive.org/save/


New tweet from SecretaryCarson: The staff at the Joint Field Office in Puerto
Rico has been working hard. I can’t thank them enough for all they ar…
https://t.co/qdRxOnywSt

archiving URL http://twitter.com/SecretaryCarson/status/943197128020643845
    ... archiving using prefix http://web.archive.org/save/

archiving URL https://twitter.com/SecretaryCarson/status/943197128020643845
    ... archiving using prefix http://web.archive.org/save/


New tweet from AshLeeStrong: RT @CBSNews: This tax bill "will determine the
kind of country we are going to have this century," House Speaker Paul Ryan
says…

archiving URL http://twitter.com/AshLeeStrong/status/943197679298936833
    ... archiving using prefix http://web.archive.org/save/

archiving URL https://twitter.com/AshLeeStrong/status/943197679298936833
    ... archiving using prefix http://web.archive.org/save/
WARNING: received error ('Connection broken: IncompleteRead(0 bytes read, 343
more expected)', IncompleteRead(0 bytes read, 343 more expected)); sleeping and
trying again ...
WARNING: received error ('Connection broken: IncompleteRead(0 bytes read, 512
more expected)', IncompleteRead(0 bytes read, 512 more expected)); sleeping and
trying again ...


New tweet from SpeakerRyan: BREAKING NEWS→ the House just passed the Tax Cuts
and Jobs Act, cutting taxes for middle-income families across Ame…
https://t.co/QGpepHqPTr

archiving URL http://twitter.com/SpeakerRyan/status/943201483125903360
    ... archiving using prefix http://web.archive.org/save/

archiving URL https://twitter.com/SpeakerRyan/status/943201483125903360
    ... archiving using prefix http://web.archive.org/save/


New tweet from VP: Grateful for the support of @SpeakerRyan, @RepKevinBrady
&amp; the entire @HouseGOP for passing @POTUS’ historic pro-GR…
https://t.co/4AKGVUYnHa

archiving URL http://twitter.com/VP/status/943202604355588098
    ... archiving using prefix http://web.archive.org/save/

archiving URL https://twitter.com/VP/status/943202604355588098
    ... archiving using prefix http://web.archive.org/save/


New tweet from PRyan: This is a truly historic day for our country. I'm so
excited to finally deliver on tax relief for families, small b…
https://t.co/EtaQMRNj1Z

archiving URL http://twitter.com/PRyan/status/943203791217704960
    ... archiving using prefix http://web.archive.org/save/


New tweet from PRyan: This is a truly historic day for our country. I'm so
excited to finally deliver on tax relief for families, small b…
https://t.co/EtaQMRNj1Z

archiving URL http://twitter.com/PRyan/status/943203791217704960
    ... archiving using prefix http://web.archive.org/save/

archiving URL https://twitter.com/PRyan/status/943203791217704960
    ... archiving using prefix http://web.archive.org/save/

archiving URL https://twitter.com/PRyan/status/943203791217704960
    ... archiving using prefix http://web.archive.org/save/


New tweet from SpeakerRyan: The House of Reps just passed the biggest tax
reform package in a generation, cutting taxes for middle-income famil…
https://t.co/ApGO1E8Sdr

archiving URL http://twitter.com/SpeakerRyan/status/943204388671279105
    ... archiving using prefix http://web.archive.org/save/

archiving URL https://twitter.com/SpeakerRyan/status/943204388671279105
    ... archiving using prefix http://web.archive.org/save/


New tweet from SpeakerRyan: We’re live following the House passage of the Tax
Cuts and Jobs Act! https://t.co/uBT5X45dM7

archiving URL http://twitter.com/SpeakerRyan/status/943204646046150656
    ... archiving using prefix http://web.archive.org/save/

archiving URL https://twitter.com/SpeakerRyan/status/943204646046150656
    ... archiving using prefix http://web.archive.org/save/


New tweet from AshLeeStrong: RT @AlexNBCNews: Speaker Paul Ryan announces the
House passed the tax bill 227-203. VP Pence was on the House floor. Lots of
cheers on GOP…

archiving URL http://twitter.com/AshLeeStrong/status/943205617845579776
    ... archiving using prefix http://web.archive.org/save/

archiving URL https://twitter.com/AshLeeStrong/status/943205617845579776
    ... archiving using prefix http://web.archive.org/save/


New tweet from Scaramucci: RT @YoungDems4Trump: Not only is @DonaldJTrumpJr
here, but so is @charliekirk11 and @Scaramucci.

@TPUSA = Greatest Of All Time.
#SAS2017🌴🇺🇸

archiving URL http://twitter.com/Scaramucci/status/943205824796790785
    ... archiving using prefix http://web.archive.org/save/

archiving URL https://twitter.com/Scaramucci/status/943205824796790785
    ... archiving using prefix http://web.archive.org/save/
WARNING: received error ('Connection broken: IncompleteRead(0 bytes read)',
IncompleteRead(0 bytes read)); sleeping and trying again ...


New tweet from SBALinda: RT @VP: Grateful for the support of @SpeakerRyan,
@RepKevinBrady &amp; the entire @HouseGOP for passing @POTUS’ historic pro-
GROWTH, pro-JOBS T…

archiving URL http://twitter.com/SBALinda/status/943206325810532353
    ... archiving using prefix http://web.archive.org/save/


New tweet from IvankaTrump: Tax Cuts and Jobs Act just passed the House!!!
Looking forward to delivering our promise of #TaxReform tonight! @HouseGOP

archiving URL http://twitter.com/IvankaTrump/status/943206346693992448
    ... archiving using prefix http://web.archive.org/save/

archiving URL https://twitter.com/SBALinda/status/943206325810532353
    ... archiving using prefix http://web.archive.org/save/

archiving URL https://twitter.com/IvankaTrump/status/943206346693992448
    ... archiving using prefix http://web.archive.org/save/
WARNING: received error HTTPSConnectionPool(host='stream.twitter.com',
port=443): Read timed out.; sleeping and trying again ...
WARNING: received error ('Connection broken: IncompleteRead(0 bytes read, 512
more expected)', IncompleteRead(0 bytes read, 512 more expected)); sleeping and
trying again ...


New tweet from WhiteHouse: "...the House of Representatives voted for final
passage on the Tax Cuts and Jobs Act. That brings us one step clos…
https://t.co/Zru0f048Py

archiving URL http://twitter.com/WhiteHouse/status/943213103457755137
    ... archiving using prefix http://web.archive.org/save/

archiving URL https://twitter.com/WhiteHouse/status/943213103457755137
    ... archiving using prefix http://web.archive.org/save/


New tweet from SecShulkin: Happy holidays to all of our #Veterans, families,
#caregivers, @DeptVetAffairs employees and #volunteers. A special…
https://t.co/ZzFzsDtNe4

archiving URL http://twitter.com/SecShulkin/status/943213423164305409
    ... archiving using prefix http://web.archive.org/save/

archiving URL https://twitter.com/SecShulkin/status/943213423164305409
    ... archiving using prefix http://web.archive.org/save/


New tweet from realDonaldTrump: Congratulations to Paul Ryan, Kevin McCarthy,
Kevin Brady, Steve Scalise, Cathy McMorris Rodgers and all great Hous…
https://t.co/DjSHn7C6bL

archiving URL http://twitter.com/realDonaldTrump/status/943213901625294849
    ... archiving using prefix http://web.archive.org/save/

archiving URL https://twitter.com/realDonaldTrump/status/943213901625294849
    ... archiving using prefix http://web.archive.org/save/


New tweet from Scavino45: RT @realDonaldTrump: Congratulations to Paul Ryan,
Kevin McCarthy, Kevin Brady, Steve Scalise, Cathy McMorris Rodgers and all great
 House R…

archiving URL http://twitter.com/Scavino45/status/943213942381441029
    ... archiving using prefix http://web.archive.org/save/

archiving URL https://twitter.com/Scavino45/status/943213942381441029
    ... archiving using prefix http://web.archive.org/save/


New tweet from WhiteHouse: RT @realDonaldTrump: Congratulations to Paul Ryan,
Kevin McCarthy, Kevin Brady, Steve Scalise, Cathy McMorris Rodgers and all great
 House R…

archiving URL http://twitter.com/WhiteHouse/status/943213990016159744
    ... archiving using prefix http://web.archive.org/save/

archiving URL https://twitter.com/WhiteHouse/status/943213990016159744
    ... archiving using prefix http://web.archive.org/save/


New tweet from POTUS: RT @realDonaldTrump: Congratulations to Paul Ryan, Kevin
 McCarthy, Kevin Brady, Steve Scalise, Cathy McMorris Rodgers and all great
House R…

archiving URL http://twitter.com/POTUS/status/943214042822467584
    ... archiving using prefix http://web.archive.org/save/

archiving URL https://twitter.com/POTUS/status/943214042822467584
    ... archiving using prefix http://web.archive.org/save/
WARNING: received error ('Connection broken: IncompleteRead(0 bytes read, 512
more expected)', IncompleteRead(0 bytes read, 512 more expected)); sleeping and
trying again ...


New tweet from VP: .@POTUS Trump’s tax cut plan is designed to benefit
hardworking American families, like this young man's. We promis…
https://t.co/70iw334EOH

archiving URL http://twitter.com/VP/status/943215517740957696
    ... archiving using prefix http://web.archive.org/save/

archiving URL https://twitter.com/VP/status/943215517740957696
    ... archiving using prefix http://web.archive.org/save/


New tweet from VP: RT @realDonaldTrump: Congratulations to Paul Ryan, Kevin
McCarthy, Kevin Brady, Steve Scalise, Cathy McMorris Rodgers and all great House
 R…

archiving URL http://twitter.com/VP/status/943215719373856768
    ... archiving using prefix http://web.archive.org/save/

archiving URL https://twitter.com/VP/status/943215719373856768
    ... archiving using prefix http://web.archive.org/save/


New tweet from seanspicer: Live in studio with @LarryOConnor on @WMAL news til
 4pm.   Tune in https://t.co/FcMzK8lSdf

archiving URL http://twitter.com/seanspicer/status/943216162472476672
    ... archiving using prefix http://web.archive.org/save/

archiving URL https://twitter.com/seanspicer/status/943216162472476672
    ... archiving using prefix http://web.archive.org/save/
WARNING: received error ('Connection broken: IncompleteRead(0 bytes read, 512
more expected)', IncompleteRead(0 bytes read, 512 more expected)); sleeping and
trying again ...


New tweet from Reince: RT @SpeakerRyan: The American people placed their trust
 in us to do this work for them. Today, we are making good that promise.
https://t.c…

archiving URL http://twitter.com/Reince/status/943216727260893185
    ... archiving using prefix http://web.archive.org/save/

archiving URL https://twitter.com/Reince/status/943216727260893185
    ... archiving using prefix http://web.archive.org/save/


New tweet from Reince: RT @realDonaldTrump: Congratulations to Paul Ryan,
Kevin McCarthy, Kevin Brady, Steve Scalise, Cathy McMorris Rodgers and all great
 Hous…

archiving URL http://twitter.com/Reince/status/943216801625903104
    ... archiving using prefix http://web.archive.org/save/

archiving URL https://twitter.com/Reince/status/943216801625903104
    ... archiving using prefix http://web.archive.org/save/


New tweet from SecretaryCarson: Meeting with @ricardorossello to discuss the
rebuilding effort in Puerto Rico. It takes all of us, the local govern…
https://t.co/PE6HcxUle2

archiving URL http://twitter.com/SecretaryCarson/status/943217110288826370
    ... archiving using prefix http://web.archive.org/save/

archiving URL https://twitter.com/SecretaryCarson/status/943217110288826370
    ... archiving using prefix http://web.archive.org/save/
WARNING: received error ('Connection broken: IncompleteRead(0 bytes read, 512
more expected)', IncompleteRead(0 bytes read, 512 more expected)); sleeping and
trying again ...
WARNING: received error ('Connection broken: IncompleteRead(0 bytes read, 2832
more expected)', IncompleteRead(0 bytes read, 2832 more expected)); sleeping and
 trying again ...


New tweet from SecretaryPerry: #NationalLab directors from @NETL_DOE, @NREL,
&amp; @ORNL are next on the #NationalLab highlight! These folks lead the…
https://t.co/Xe9nNMavKM

archiving URL http://twitter.com/SecretaryPerry/status/943218740690391042
    ... archiving using prefix http://web.archive.org/save/

archiving URL https://twitter.com/SecretaryPerry/status/943218740690391042
    ... archiving using prefix http://web.archive.org/save/


New tweet from POTUS: RT @GOPLeader: America is back. We are tackling big
issues again. I’m proud we got this done. https://t.co/TpfH50boHP

archiving URL http://twitter.com/POTUS/status/943219003681591296
    ... archiving using prefix http://web.archive.org/save/

archiving URL https://twitter.com/POTUS/status/943219003681591296
    ... archiving using prefix http://web.archive.org/save/
WARNING: received error ('Connection broken: IncompleteRead(0 bytes read, 512
more expected)', IncompleteRead(0 bytes read, 512 more expected)); sleeping and
trying again ...


New tweet from POTUS: RT @GOPLeader: BREAKING → House passes Tax Cuts &amp;
Jobs Act. For the first time in 31 years, the American people will see real tax
relief. h…

archiving URL http://twitter.com/POTUS/status/943219328102600704
    ... archiving using prefix http://web.archive.org/save/

archiving URL https://twitter.com/POTUS/status/943219328102600704
    ... archiving using prefix http://web.archive.org/save/
WARNING: received error HTTPSConnectionPool(host='stream.twitter.com',
port=443): Read timed out.; sleeping and trying again ...
