Hello, traveler. This is the beginning of a log file called: "Fascist Tweet Archiver".
Some basic system info about the host machine: posix.uname_result(sysname='Linux', nodename='file-server', release='3.16.0-4-686-pae', version='#1 SMP Debian 3.16.51-2 (2017-12-03)', machine='i686')
This log was begun Sunday, 24 December 2017 at 07:29



INFO: read target account data; we're tracking 52 accounts
WARNING: no ProtocolError (got exception "name 'ProtocolError' is not defined");
 trying requests.packages.urllib3.exceptions instead
NOTE: successfully imported from requests
Starting up...
about to get all tweets newer than ID #903694300306923521 for account
@SecElaineChao
about to get all tweets newer than ID #944600505816203264 for account @PRyan
ERROR: unable to get tweets for account @PRyan
           the system said: Failed to parse JSON payload: Expecting ','
delimiter: line 1 column 508941 (char 508940)
about to get all tweets newer than ID #944601488160149504 for account @VP
ERROR: unable to get tweets for account @VP
           the system said: Failed to send request:
HTTPSConnectionPool(host='api.twitter.com', port=443): Max retries exceeded with
 url: /1.1/statuses/user_timeline.json?screen_name=VP&count=200 (Caused by NewCo
nnectionError('<requests.packages.urllib3.connection.VerifiedHTTPSConnection
object at 0xb65b072c>: Failed to establish a new connection: [Errno 101] Network
 is unreachable',))
about to get all tweets newer than ID #944775956841066496 for account @PressSec
about to get all tweets newer than ID #942785692974936064 for account
@GovernorPerry
ERROR: unable to get tweets for account @GovernorPerry
           the system said: Failed to parse JSON payload: Unterminated string
starting at: line 1 column 504578 (char 504577)
about to get all tweets newer than ID #944773317503963138 for account
@JessicaDitto45
about to get all tweets newer than ID #941074527592812545 for account
@SecretaryRoss
about to get all tweets newer than ID #944673249329369090 for account
@AshLeeStrong
ERROR: unable to get tweets for account @AshLeeStrong
           the system said: Failed to parse JSON payload: Unterminated string
starting at: line 1 column 853017 (char 853016)
about to get all tweets newer than ID #930982584649175047 for account
@mike_pence
ERROR: unable to get tweets for account @mike_pence
           the system said: Failed to parse JSON payload: Unterminated string
starting at: line 1 column 505005 (char 505004)
about to get all tweets newer than ID #944248881403039744 for account @SBALinda
ERROR: unable to get tweets for account @SBALinda
           the system said: Failed to parse JSON payload: Expecting ','
delimiter: line 1 column 501917 (char 501916)
about to get all tweets newer than ID #943949344738349063 for account
@IvankaTrumpHQ
ERROR: unable to get tweets for account @IvankaTrumpHQ
           the system said: Failed to send request:
HTTPSConnectionPool(host='api.twitter.com', port=443): Max retries exceeded with
 url: /1.1/statuses/user_timeline.json?screen_name=IvankaTrumpHQ&count=200
(Caused by NewConnectionError('<requests.packages.urllib3.connection.VerifiedHTT
PSConnection object at 0xb6554ccc>: Failed to establish a new connection: [Errno
 -2] Name or service not known',))
about to get all tweets newer than ID #944737545111461894 for account
@SecondLady
ERROR: unable to get tweets for account @SecondLady
           the system said: Failed to parse JSON payload: Unterminated string
starting at: line 1 column 506029 (char 506028)
about to get all tweets newer than ID #824610180881117184 for account
@GovPenceIN
ERROR: unable to get tweets for account @GovPenceIN
           the system said: Failed to parse JSON payload: Unterminated string
starting at: line 1 column 505923 (char 505922)
about to get all tweets newer than ID #944192733324996608 for account
@stevenmnuchin1
ERROR: unable to get tweets for account @stevenmnuchin1
           the system said: Failed to parse JSON payload: Unterminated string
starting at: line 1 column 506959 (char 506958)
about to get all tweets newer than ID #944372369187065857 for account
@seanspicer
ERROR: unable to get tweets for account @seanspicer
           the system said: Failed to parse JSON payload: Unterminated string
starting at: line 1 column 510381 (char 510380)
about to get all tweets newer than ID #944623745053986817 for account
@SecShulkin
ERROR: unable to get tweets for account @SecShulkin
           the system said: Failed to parse JSON payload: Unterminated string
starting at: line 1 column 503114 (char 503113)
about to get all tweets newer than ID #867385249340297217 for account
@RealBenCarson
ERROR: unable to get tweets for account @RealBenCarson
           the system said: Failed to parse JSON payload: Unterminated string
starting at: line 1 column 703921 (char 703920)
about to get all tweets newer than ID #898632795517403136 for account
@GeneralJFKellly
ERROR: unable to get tweets for account @GeneralJFKellly
           the system said: Not authorized.
about to get all tweets newer than ID #-1 for account @jaredkushner
about to get all tweets newer than ID #795981284761894912 for account
@MELANIATRUMP
ERROR: unable to get tweets for account @MELANIATRUMP
           the system said: Failed to parse JSON payload: Unterminated string
starting at: line 1 column 507399 (char 507398)
about to get all tweets newer than ID #944803240985718784 for account
@nikkihaley
ERROR: unable to get tweets for account @nikkihaley
           the system said: Failed to parse JSON payload: Unterminated string
starting at: line 1 column 506995 (char 506994)
about to get all tweets newer than ID #898401955847876608 for account
@Linda_McMahon
ERROR: unable to get tweets for account @Linda_McMahon
           the system said: Failed to parse JSON payload: Unterminated string
starting at: line 1 column 504044 (char 504043)
about to get all tweets newer than ID #943142015063216130 for account
@BetsyDeVosED
ERROR: unable to get tweets for account @BetsyDeVosED
           the system said: Failed to parse JSON payload: Expecting ':'
delimiter: line 1 column 857165 (char 857164)
about to get all tweets newer than ID #944690857168523265 for account
@WhiteHouse
ERROR: unable to get tweets for account @WhiteHouse
           the system said: Failed to parse JSON payload: Unterminated string
starting at: line 1 column 504591 (char 504590)
about to get all tweets newer than ID #942831854251663362 for account @FLOTUS
about to get all tweets newer than ID #816846808789958656 for account
@SenDanCoats
about to get all tweets newer than ID #943621605326053376 for account
@EPAScottPruitt
about to get all tweets newer than ID #944906847970119680 for account
@realDonaldTrump
ERROR: unable to get tweets for account @realDonaldTrump
           the system said: Failed to parse JSON payload: Unterminated string
starting at: line 1 column 690232 (char 690231)
about to get all tweets newer than ID #944700120968331265 for account
@SpeakerRyan
ERROR: unable to get tweets for account @SpeakerRyan
           the system said: Failed to parse JSON payload: Unterminated string
starting at: line 1 column 507478 (char 507477)
about to get all tweets newer than ID #943908455793823744 for account @Reince
ERROR: unable to get tweets for account @Reince
           the system said: Failed to parse JSON payload: Unterminated string
starting at: line 1 column 506499 (char 506498)
about to get all tweets newer than ID #836780744810844161 for account
@StephenMillerAL
about to get all tweets newer than ID #944570215928614912 for account
@SecretaryPerry
ERROR: unable to get tweets for account @SecretaryPerry
           the system said: Failed to parse JSON payload: Unterminated string
starting at: line 1 column 506486 (char 506485)
about to get all tweets newer than ID #944305695045939200 for account
@SecretaryZinke
ERROR: unable to get tweets for account @SecretaryZinke
           the system said: Failed to parse JSON payload: Expecting value: line
1 column 502652 (char 502651)
about to get all tweets newer than ID #856041462164836355 for account
@FirstLadyIN
ERROR: unable to get tweets for account @FirstLadyIN
           the system said: Failed to parse JSON payload: Expecting property
name enclosed in double quotes: line 1 column 1030676 (char 1030675)
about to get all tweets newer than ID #944294028669083648 for account
@IvankaTrump
ERROR: unable to get tweets for account @IvankaTrump
           the system said: Failed to parse JSON payload: Unterminated string
starting at: line 1 column 504587 (char 504586)
about to get all tweets newer than ID #943921618379792386 for account
@KellyannePolls
ERROR: unable to get tweets for account @KellyannePolls
           the system said: Failed to send request:
HTTPSConnectionPool(host='api.twitter.com', port=443): Read timed out.
about to get all tweets newer than ID #890659905798983680 for account @Reince45
ERROR: unable to get tweets for account @Reince45
           the system said: Failed to parse JSON payload: Unterminated string
starting at: line 1 column 502144 (char 502143)
about to get all tweets newer than ID #-1 for account @ElaineChao
about to get all tweets newer than ID #816290296048873472 for account
@WilburRoss
about to get all tweets newer than ID #943311051914964993 for account
@DanScavino
about to get all tweets newer than ID #944766421065764866 for account
@StephGrisham45
about to get all tweets newer than ID #913881045652688901 for account
@SecPriceMD
ERROR: unable to get tweets for account @SecPriceMD
           the system said: Failed to parse JSON payload: Unterminated string
starting at: line 1 column 510306 (char 510305)
about to get all tweets newer than ID #944243648929124352 for account
@SecretaryAcosta
ERROR: unable to get tweets for account @SecretaryAcosta
           the system said: Failed to send request:
HTTPSConnectionPool(host='api.twitter.com', port=443): Read timed out.
about to get all tweets newer than ID #944273554752843776 for account
@SecretarySonny
about to get all tweets newer than ID #944748451606269952 for account
@Scaramucci
ERROR: unable to get tweets for account @Scaramucci
           the system said: Failed to parse JSON payload: Unterminated string
starting at: line 1 column 506043 (char 506042)
about to get all tweets newer than ID #944769648393949185 for account @POTUS
ERROR: unable to get tweets for account @POTUS
           the system said: Failed to parse JSON payload: Unterminated string
starting at: line 1 column 850049 (char 850048)
about to get all tweets newer than ID #943545231244439555 for account
@SecretaryCarson
ERROR: unable to get tweets for account @SecretaryCarson
           the system said: Failed to parse JSON payload: Unterminated string
starting at: line 1 column 505521 (char 505520)
about to get all tweets newer than ID #941463188490653698 for account
@TomBossert45
ERROR: unable to get tweets for account @TomBossert45
           the system said: Failed to send request: EOF occurred in violation of
 protocol (_ssl.c:600)
about to get all tweets newer than ID #943545273489510400 for account
@MickMulvaneyOMB
about to get all tweets newer than ID #832282841471918080 for account
@BetsyDeVos
about to get all tweets newer than ID #944766091166932992 for account @Scavino45
about to get all tweets newer than ID #830074939298414592 for account
@RepTomPrice
... OK, we're set up, and about to watch 826065858548133888, 733751245,
818910970567344128, 818927131883356161, 18906561, 836724024688410625,
836305915452272641, 296060169, 22203756, 819992522109894658, 798195585824104449,
 822127086194348032, 15985455, 799764016885329921, 20776147, 831482588246196225,
 1180379185, 892173412818354177, 29547260, 108471631, 37666984, 65522706,
828997388920619008, 822215673812119553, 818876014390603776, 212262370,
832672006113931269, 25073877, 18916432, 20733972, 728361177986797568,
830128820447539208, 827258161841135623, 1923451808, 52544275, 471672239,
803703725730779136, 105267762, 809836066316451840, 620571475,
823638938590085124, 829782369670410240, 819980276570976256, 842072478834909184,
24578794, 822215679726100480, 828613457020870657, 866746592853979137,
888031054141022209, 599530439, 823367015830323201, 6577802
