Hello, traveler. This is the beginning of a log file called: "Fascist Tweet Archiver".
Some basic system info about the host machine: posix.uname_result(sysname='Linux', nodename='file-server', release='3.16.0-4-686-pae', version='#1 SMP Debian 3.16.43-2+deb8u5 (2017-09-19)', machine='i686')
This log was begun Monday, 04 December 2017 at 07:28



INFO: read target account data; we're tracking 52 accounts
WARNING: no ProtocolError (got exception "name 'ProtocolError' is not defined");
 trying requests.packages.urllib3.exceptions instead
NOTE: successfully imported from requests
Starting up...
about to get all tweets newer than ID #832282841471918080 for account
@BetsyDeVos
about to get all tweets newer than ID #930982584649175047 for account
@mike_pence
ERROR: unable to get tweets for account @mike_pence
           the system said: Failed to parse JSON payload: Unterminated string
starting at: line 1 column 502650 (char 502649)
about to get all tweets newer than ID #936637565167374337 for account @FLOTUS
ERROR: unable to get tweets for account @FLOTUS
           the system said: Failed to parse JSON payload: Unterminated string
starting at: line 1 column 506129 (char 506128)
about to get all tweets newer than ID #936709011596042240 for account
@IvankaTrumpHQ
about to get all tweets newer than ID #890659905798983680 for account @Reince45
ERROR: unable to get tweets for account @Reince45
           the system said: Failed to parse JSON payload: Unterminated string
starting at: line 1 column 506834 (char 506833)
about to get all tweets newer than ID #937168284553826304 for account
@JessicaDitto45
ERROR: unable to get tweets for account @JessicaDitto45
           the system said: Failed to parse JSON payload: Expecting property
name enclosed in double quotes: line 1 column 504596 (char 504595)
about to get all tweets newer than ID #937641904338063361 for account
@realDonaldTrump
ERROR: unable to get tweets for account @realDonaldTrump
           the system said: Failed to parse JSON payload: Unterminated string
starting at: line 1 column 680736 (char 680735)
about to get all tweets newer than ID #936688344108384256 for account
@EPAScottPruitt
ERROR: unable to get tweets for account @EPAScottPruitt
           the system said: Failed to parse JSON payload: Unterminated string
starting at: line 1 column 509351 (char 509350)
about to get all tweets newer than ID #-1 for account @jaredkushner
about to get all tweets newer than ID #836780744810844161 for account
@StephenMillerAL
about to get all tweets newer than ID #856041462164836355 for account
@FirstLadyIN
ERROR: unable to get tweets for account @FirstLadyIN
           the system said: Failed to parse JSON payload: Unterminated string
starting at: line 1 column 503134 (char 503133)
about to get all tweets newer than ID #898632795517403136 for account
@GeneralJFKellly
ERROR: unable to get tweets for account @GeneralJFKellly
           the system said: Not authorized.
about to get all tweets newer than ID #928448335584858113 for account @Reince
ERROR: unable to get tweets for account @Reince
           the system said: Failed to parse JSON payload: Unterminated string
starting at: line 1 column 508937 (char 508936)
about to get all tweets newer than ID #937667904325279745 for account
@IvankaTrump
ERROR: unable to get tweets for account @IvankaTrump
           the system said: Failed to parse JSON payload: Unterminated string
starting at: line 1 column 503054 (char 503053)
about to get all tweets newer than ID #937369789504344064 for account
@DanScavino
about to get all tweets newer than ID #934590789518286848 for account
@MickMulvaneyOMB
about to get all tweets newer than ID #936983467916713984 for account
@stevenmnuchin1
ERROR: unable to get tweets for account @stevenmnuchin1
           the system said: Failed to parse JSON payload: Unterminated string
starting at: line 1 column 677625 (char 677624)
about to get all tweets newer than ID #936941908064178177 for account
@TomBossert45
about to get all tweets newer than ID #923261387434012672 for account
@SecretaryRoss
about to get all tweets newer than ID #936922345134059520 for account
@SecretarySonny
getting all tweets before ID #923351103231660031
    ...399 tweets downloaded so far


New tweet from SecretarySonny: Boy, am I glad to see these folks. Swearing in
new state directors from across the country for @usdaRD and @usdafsa…
https://t.co/tCDvsx2i4F

archiving URL http://twitter.com/SecretarySonny/status/937690532846948352
    ... archiving using prefix http://web.archive.org/save/
about to get all tweets newer than ID #830074939298414592 for account
@RepTomPrice

archiving URL https://twitter.com/SecretarySonny/status/937690532846948352
    ... archiving using prefix http://web.archive.org/save/
about to get all tweets newer than ID #937493169473835008 for account
@Scaramucci
getting all tweets before ID #926095001561518080
    ...400 tweets downloaded so far


New tweet from Scaramucci: RT @Duvi_Honig: Duvi Honig live interview with Ron
DeSantis @BetEl Dinner in Times Square before #POTUS Jerusalem ancmt @ojchamber
 
https:/…

archiving URL http://twitter.com/Scaramucci/status/937682257564848132
    ... archiving using prefix http://web.archive.org/save/
about to get all tweets newer than ID #795981284761894912 for account
@MELANIATRUMP

archiving URL https://twitter.com/Scaramucci/status/937682257564848132
    ... archiving using prefix http://web.archive.org/save/
about to get all tweets newer than ID #867385249340297217 for account
@RealBenCarson


New tweet from Scaramucci: RT @cc660: Hello My Name Is Craig First Podcast is
alive and right here: https://t.co/Pdv73IZaPR   Hope you enjoy it and big thanks
 to  @Sc…

archiving URL http://twitter.com/Scaramucci/status/937689183501549568
    ... archiving using prefix http://web.archive.org/save/

archiving URL https://twitter.com/Scaramucci/status/937689183501549568
    ... archiving using prefix http://web.archive.org/save/


New tweet from Scaramucci: RT @IsraeliPM: I never imagined I'd say this...
https://t.co/vcjk7i0a6Q

archiving URL http://twitter.com/Scaramucci/status/937689863440207872
    ... archiving using prefix http://web.archive.org/save/
about to get all tweets newer than ID #937510909492322304 for account
@seanspicer

archiving URL https://twitter.com/Scaramucci/status/937689863440207872
    ... archiving using prefix http://web.archive.org/save/
about to get all tweets newer than ID #936643457468203008 for account
@StephGrisham45
about to get all tweets newer than ID #937500723545243654 for account
@AshLeeStrong
about to get all tweets newer than ID #937484336743505920 for account @PressSec
about to get all tweets newer than ID #937406263834632192 for account @VP
about to get all tweets newer than ID #937356770200109056 for account
@WhiteHouse
about to get all tweets newer than ID #937386035742494720 for account
@SecretaryPerry
about to get all tweets newer than ID #903694300306923521 for account
@SecElaineChao
about to get all tweets newer than ID #913881045652688901 for account
@SecPriceMD
about to get all tweets newer than ID #816846808789958656 for account
@SenDanCoats
about to get all tweets newer than ID #937288216935387136 for account
@GovernorPerry
ERROR: unable to get tweets for account @GovernorPerry
           the system said: Failed to parse JSON payload: Unterminated string
starting at: line 1 column 136307 (char 136306)
about to get all tweets newer than ID #937521567453495296 for account
@SecretaryZinke
ERROR: unable to get tweets for account @SecretaryZinke
           the system said: Failed to send request:
HTTPSConnectionPool(host='api.twitter.com', port=443): Read timed out.
about to get all tweets newer than ID #937016289448435712 for account
@SpeakerRyan
getting all tweets before ID #928679860138053632
ERROR: unable to get tweets for account @SpeakerRyan
           the system said: Failed to parse JSON payload: Expecting ','
delimiter: line 1 column 507493 (char 507492)
about to get all tweets newer than ID #936860838039654401 for account
@SecretaryAcosta
ERROR: unable to get tweets for account @SecretaryAcosta
           the system said: Failed to parse JSON payload: Expecting value: line
1 column 509852 (char 509851)
about to get all tweets newer than ID #816290296048873472 for account
@WilburRoss
about to get all tweets newer than ID #-1 for account @ElaineChao
about to get all tweets newer than ID #898401955847876608 for account
@Linda_McMahon
ERROR: unable to get tweets for account @Linda_McMahon
           the system said: Failed to parse JSON payload: Unterminated string
starting at: line 1 column 510379 (char 510378)
about to get all tweets newer than ID #937365346285244416 for account @POTUS
ERROR: unable to get tweets for account @POTUS
           the system said: Failed to parse JSON payload: Unterminated string
starting at: line 1 column 506188 (char 506187)
about to get all tweets newer than ID #937529939569664000 for account
@nikkihaley
ERROR: unable to get tweets for account @nikkihaley
           the system said: Failed to send request:
HTTPSConnectionPool(host='api.twitter.com', port=443): Read timed out.
about to get all tweets newer than ID #936299258340433920 for account
@BetsyDeVosED
ERROR: unable to get tweets for account @BetsyDeVosED
           the system said: Failed to send request:
HTTPSConnectionPool(host='api.twitter.com', port=443): Read timed out.
about to get all tweets newer than ID #824610180881117184 for account
@GovPenceIN
ERROR: unable to get tweets for account @GovPenceIN
           the system said: Failed to send request:
HTTPSConnectionPool(host='api.twitter.com', port=443): Max retries exceeded with
 url: /1.1/statuses/user_timeline.json?count=200&screen_name=GovPenceIN (Caused
by NewConnectionError('<requests.packages.urllib3.connection.VerifiedHTTPSConnec
tion object at 0xb666f9ec>: Failed to establish a new connection: [Errno -2]
Name or service not known',))
about to get all tweets newer than ID #936944920618786817 for account
@KellyannePolls
ERROR: unable to get tweets for account @KellyannePolls
           the system said: Failed to send request:
HTTPSConnectionPool(host='api.twitter.com', port=443): Max retries exceeded with
 url: /1.1/statuses/user_timeline.json?count=200&screen_name=KellyannePolls
(Caused by NewConnectionError('<requests.packages.urllib3.connection.VerifiedHTT
PSConnection object at 0xb65797ec>: Failed to establish a new connection: [Errno
 -2] Name or service not known',))
about to get all tweets newer than ID #936633952021958657 for account
@SecShulkin
ERROR: unable to get tweets for account @SecShulkin
           the system said: Failed to send request:
HTTPSConnectionPool(host='api.twitter.com', port=443): Max retries exceeded with
 url: /1.1/statuses/user_timeline.json?count=200&screen_name=SecShulkin (Caused
by NewConnectionError('<requests.packages.urllib3.connection.VerifiedHTTPSConnec
tion object at 0xb669a16c>: Failed to establish a new connection: [Errno -2]
Name or service not known',))
about to get all tweets newer than ID #937502032881123328 for account @Scavino45
ERROR: unable to get tweets for account @Scavino45
           the system said: Failed to send request:
HTTPSConnectionPool(host='api.twitter.com', port=443): Max retries exceeded with
 url: /1.1/statuses/user_timeline.json?count=200&screen_name=Scavino45 (Caused
by NewConnectionError('<requests.packages.urllib3.connection.VerifiedHTTPSConnec
tion object at 0xb652130c>: Failed to establish a new connection: [Errno -2]
Name or service not known',))
about to get all tweets newer than ID #937310560600944640 for account
@SecondLady
ERROR: unable to get tweets for account @SecondLady
           the system said: Failed to send request: ('Connection aborted.',
ConnectionResetError(104, 'Connection reset by peer'))
about to get all tweets newer than ID #937002944053968896 for account @PRyan
ERROR: unable to get tweets for account @PRyan
           the system said: Failed to send request: ('Connection aborted.',
ConnectionResetError(104, 'Connection reset by peer'))
about to get all tweets newer than ID #936626275279626240 for account
@SecretaryCarson
ERROR: unable to get tweets for account @SecretaryCarson
           the system said: Failed to send request:
HTTPSConnectionPool(host='api.twitter.com', port=443): Max retries exceeded with
 url: /1.1/statuses/user_timeline.json?count=200&screen_name=SecretaryCarson
(Caused by NewConnectionError('<requests.packages.urllib3.connection.VerifiedHTT
PSConnection object at 0xb695156c>: Failed to establish a new connection: [Errno
 -2] Name or service not known',))
about to get all tweets newer than ID #937094537205440512 for account @SBALinda
... OK, we're set up, and about to watch 599530439, 22203756,
818876014390603776, 798195585824104449, 803703725730779136, 836724024688410625,
25073877, 832672006113931269, 29547260, 728361177986797568, 1923451808,
892173412818354177, 20733972, 52544275, 620571475, 888031054141022209,
799764016885329921, 866746592853979137, 836305915452272641, 842072478834909184,
6577802, 24578794, 108471631, 1180379185, 20776147, 823638938590085124,
296060169, 818927131883356161, 818910970567344128, 822215673812119553,
830128820447539208, 826065858548133888, 829782369670410240, 212262370, 18906561,
 827258161841135623, 18916432, 819980276570976256, 809836066316451840,
105267762, 65522706, 822215679726100480, 37666984, 828997388920619008, 15985455,
 471672239, 831482588246196225, 823367015830323201, 822127086194348032,
733751245, 828613457020870657, 819992522109894658
