Hello, traveler. This is the beginning of a log file called: "Fascist Tweet Archiver".
Some basic system info about the host machine: posix.uname_result(sysname='Linux', nodename='file-server', release='3.16.0-4-686-pae', version='#1 SMP Debian 3.16.43-2+deb8u5 (2017-09-19)', machine='i686')
This log was begun Saturday, 28 October 2017 at 09:24



INFO: read target account data; we're tracking 52 accounts
WARNING: no ProtocolError (got exception "name 'ProtocolError' is not defined");
 trying requests.packages.urllib3.exceptions instead
NOTE: successfully imported from requests
Starting up...
about to get all tweets newer than ID #924288651378520066 for account @PressSec
about to get all tweets newer than ID #903694300306923521 for account
@SecElaineChao
about to get all tweets newer than ID #923714029645893637 for account
@mike_pence
about to get all tweets newer than ID #924284287205236741 for account
@StephGrisham45
about to get all tweets newer than ID #923567628165308416 for account @PRyan
about to get all tweets newer than ID #924300425267904514 for account @Scavino45
about to get all tweets newer than ID #795981284761894912 for account
@MELANIATRUMP
about to get all tweets newer than ID #924005462017748992 for account
@SecretaryZinke
about to get all tweets newer than ID #924284026394959872 for account
@realDonaldTrump
about to get all tweets newer than ID #923588493116403717 for account @SBALinda
about to get all tweets newer than ID #923987250521788417 for account
@IvankaTrump
about to get all tweets newer than ID #924283107188068352 for account
@SpeakerRyan
about to get all tweets newer than ID #913881045652688901 for account
@SecPriceMD
about to get all tweets newer than ID #924298992632123394 for account @POTUS
about to get all tweets newer than ID #856041462164836355 for account
@FirstLadyIN
about to get all tweets newer than ID #924286133898539008 for account
@WhiteHouse
getting all tweets before ID #918207332651323393
    ...400 tweets downloaded so far
about to get all tweets newer than ID #924286403327950848 for account
@JessicaDitto45


New tweet from WhiteHouse: RT @realDonaldTrump: Today is National Prescription
 Drug Take Back Day. Everyone can help fight the #OpioidEpidemic by
participating! https…

archiving URL http://twitter.com/WhiteHouse/status/924310504109170688
    ... archiving using prefix http://web.archive.org/save/
about to get all tweets newer than ID #923140261856804865 for account @Reince
about to get all tweets newer than ID #913805829710675974 for account
@GovernorPerry

archiving URL https://twitter.com/WhiteHouse/status/924310504109170688
    ... archiving using prefix http://web.archive.org/save/
about to get all tweets newer than ID #836780744810844161 for account
@StephenMillerAL
about to get all tweets newer than ID #816846808789958656 for account
@SenDanCoats
about to get all tweets newer than ID #923956179851673600 for account
@SecretarySonny
about to get all tweets newer than ID #867385249340297217 for account
@RealBenCarson
about to get all tweets newer than ID #898632795517403136 for account
@GeneralJFKellly
