Hello, traveler. This is the beginning of a log file called: "Fascist Tweet Archiver".
Some basic system info about the host machine: posix.uname_result(sysname='Linux', nodename='file-server', release='3.16.0-4-686-pae', version='#1 SMP Debian 3.16.43-2+deb8u5 (2017-09-19)', machine='i686')
This log was begun Sunday, 03 December 2017 at 09:28



INFO: read target account data; we're tracking 52 accounts
WARNING: no ProtocolError (got exception "name 'ProtocolError' is not defined");
 trying requests.packages.urllib3.exceptions instead
NOTE: successfully imported from requests
Starting up...
about to get all tweets newer than ID #936299258340433920 for account
@BetsyDeVosED
about to get all tweets newer than ID #816846808789958656 for account
@SenDanCoats
about to get all tweets newer than ID #903694300306923521 for account
@SecElaineChao
about to get all tweets newer than ID #937314665176207360 for account
@realDonaldTrump
about to get all tweets newer than ID #936709011596042240 for account
@IvankaTrumpHQ
ERROR: unable to get tweets for account @IvankaTrumpHQ
           the system said: Failed to parse JSON payload: Unterminated string
starting at: line 1 column 508425 (char 508424)
about to get all tweets newer than ID #836780744810844161 for account
@StephenMillerAL
about to get all tweets newer than ID #816290296048873472 for account
@WilburRoss
about to get all tweets newer than ID #930982584649175047 for account
@mike_pence
about to get all tweets newer than ID #936941908064178177 for account
@TomBossert45
about to get all tweets newer than ID #937105240196878336 for account
@nikkihaley
about to get all tweets newer than ID #937141402697388032 for account
@seanspicer
ERROR: unable to get tweets for account @seanspicer
           the system said: Failed to parse JSON payload: Unterminated string
starting at: line 1 column 850156 (char 850155)
about to get all tweets newer than ID #913881045652688901 for account
@SecPriceMD
about to get all tweets newer than ID #936688344108384256 for account
@EPAScottPruitt
ERROR: unable to get tweets for account @EPAScottPruitt
           the system said: Failed to parse JSON payload: Unterminated string
starting at: line 1 column 503046 (char 503045)
about to get all tweets newer than ID #936944920618786817 for account
@KellyannePolls
about to get all tweets newer than ID #937335233539641345 for account
@AshLeeStrong
about to get all tweets newer than ID #937016289448435712 for account
@SpeakerRyan
about to get all tweets newer than ID #937356770200109056 for account
@WhiteHouse
ERROR: unable to get tweets for account @WhiteHouse
           the system said: Failed to parse JSON payload: Unterminated string
starting at: line 1 column 503599 (char 503598)
about to get all tweets newer than ID #936974150958239745 for account @PressSec
about to get all tweets newer than ID #937126916812890112 for account
@SecretaryZinke
about to get all tweets newer than ID #936626275279626240 for account
@SecretaryCarson
ERROR: unable to get tweets for account @SecretaryCarson
           the system said: Failed to parse JSON payload: Unterminated string
starting at: line 1 column 505234 (char 505233)
about to get all tweets newer than ID #830074939298414592 for account
@RepTomPrice
about to get all tweets newer than ID #936983467916713984 for account
@stevenmnuchin1
about to get all tweets newer than ID #936637565167374337 for account @FLOTUS
ERROR: unable to get tweets for account @FLOTUS
           the system said: Failed to parse JSON payload: Unterminated string
starting at: line 1 column 508792 (char 508791)
about to get all tweets newer than ID #937168284553826304 for account
@JessicaDitto45
ERROR: unable to get tweets for account @JessicaDitto45
           the system said: Failed to parse JSON payload: Unterminated string
starting at: line 1 column 503099 (char 503098)
about to get all tweets newer than ID #937147954082795520 for account @VP
getting all tweets before ID #926192157211406337
    ...400 tweets downloaded so far


New tweet from VP: RT @realDonaldTrump: 62 years ago this week, a brave
seamstress in Montgomery, Alabama uttered one word that changed history...
https://t.c…

archiving URL http://twitter.com/VP/status/937337672267390980
    ... archiving using prefix http://web.archive.org/save/
about to get all tweets newer than ID #936922345134059520 for account
@SecretarySonny

archiving URL https://twitter.com/VP/status/937337672267390980
    ... archiving using prefix http://web.archive.org/save/


New tweet from VP: Under @POTUS, America stands with Israel. Discussed w/
@TheBrodyFile that we'll deliver that message in Israel late…
https://t.co/7HQS6mQdec

archiving URL http://twitter.com/VP/status/937349869072551936
    ... archiving using prefix http://web.archive.org/save/
ERROR: unable to get tweets for account @SecretarySonny
           the system said: Failed to parse JSON payload: Unterminated string
starting at: line 1 column 508933 (char 508932)
about to get all tweets newer than ID #937066809068605440 for account @POTUS

archiving URL https://twitter.com/VP/status/937349869072551936
    ... archiving using prefix http://web.archive.org/save/
ERROR: unable to get tweets for account @POTUS
           the system said: Failed to parse JSON payload: Unterminated string
starting at: line 1 column 682191 (char 682190)
about to get all tweets newer than ID #937310560600944640 for account
@SecondLady
about to get all tweets newer than ID #890659905798983680 for account @Reince45
about to get all tweets newer than ID #937101732953378816 for account @Scavino45
about to get all tweets newer than ID #937094537205440512 for account @SBALinda
about to get all tweets newer than ID #898401955847876608 for account
@Linda_McMahon
about to get all tweets newer than ID #898632795517403136 for account
@GeneralJFKellly
ERROR: unable to get tweets for account @GeneralJFKellly
           the system said: Not authorized.
about to get all tweets newer than ID #936633952021958657 for account
@SecShulkin
about to get all tweets newer than ID #795981284761894912 for account
@MELANIATRUMP
about to get all tweets newer than ID #937290345058127873 for account
@SecretaryPerry
getting all tweets before ID #916378243883765759
    ...400 tweets downloaded so far


New tweet from SecretaryPerry: Great visiting the beautiful King Abdullah
Petroleum Studies and Research Center this morning to learn about all of…
https://t.co/A9EqusSdxB

archiving URL http://twitter.com/SecretaryPerry/status/937360134539530246
    ... archiving using prefix http://web.archive.org/save/
about to get all tweets newer than ID #936860838039654401 for account
@SecretaryAcosta

archiving URL https://twitter.com/SecretaryPerry/status/937360134539530246
    ... archiving using prefix http://web.archive.org/save/
about to get all tweets newer than ID #928448335584858113 for account @Reince
about to get all tweets newer than ID #937092898402783238 for account
@DanScavino
about to get all tweets newer than ID #923261387434012672 for account
@SecretaryRoss
about to get all tweets newer than ID #867385249340297217 for account
@RealBenCarson
ERROR: unable to get tweets for account @RealBenCarson
           the system said: Failed to parse JSON payload: Unterminated string
starting at: line 1 column 506494 (char 506493)
about to get all tweets newer than ID #824610180881117184 for account
@GovPenceIN
about to get all tweets newer than ID #936643457468203008 for account
@StephGrisham45
ERROR: unable to get tweets for account @StephGrisham45
           the system said: Failed to parse JSON payload: Expecting value: line
1 column 507895 (char 507894)
about to get all tweets newer than ID #937288216935387136 for account
@GovernorPerry
about to get all tweets newer than ID #856041462164836355 for account
@FirstLadyIN
about to get all tweets newer than ID #934590789518286848 for account
@MickMulvaneyOMB
about to get all tweets newer than ID #937105115668013057 for account
@IvankaTrump
getting all tweets before ID #912742652541640703
ERROR: unable to get tweets for account @IvankaTrump
           the system said: Failed to send request:
HTTPSConnectionPool(host='api.twitter.com', port=443): Read timed out.
about to get all tweets newer than ID #-1 for account @ElaineChao
about to get all tweets newer than ID #937181240221929472 for account
@Scaramucci
about to get all tweets newer than ID #-1 for account @jaredkushner
about to get all tweets newer than ID #937002944053968896 for account @PRyan
about to get all tweets newer than ID #832282841471918080 for account
@BetsyDeVos
... OK, we're set up, and about to watch 828997388920619008, 212262370,
826065858548133888, 25073877, 798195585824104449, 728361177986797568,
809836066316451840, 22203756, 866746592853979137, 37666984, 20776147,
829782369670410240, 832672006113931269, 471672239, 296060169, 18916432,
822215673812119553, 818927131883356161, 827258161841135623, 828613457020870657,
6577802, 799764016885329921, 818876014390603776, 836724024688410625,
818910970567344128, 842072478834909184, 822215679726100480, 822127086194348032,
803703725730779136, 823367015830323201, 819992522109894658, 65522706,
892173412818354177, 831482588246196225, 108471631, 830128820447539208,
819980276570976256, 20733972, 620571475, 836305915452272641, 1180379185,
15985455, 823638938590085124, 18906561, 1923451808, 888031054141022209,
52544275, 105267762, 24578794, 29547260, 733751245, 599530439
WARNING: received error ('Connection broken: IncompleteRead(0 bytes read, 2 more
 expected)', IncompleteRead(0 bytes read, 2 more expected)); sleeping and trying
 again ...
WARNING: received error ('Connection broken: IncompleteRead(0 bytes read, 512
more expected)', IncompleteRead(0 bytes read, 512 more expected)); sleeping and
trying again ...
