Beginning of a log file: "Fascist Tweet Archiver".
System info: posix.uname_result(sysname='Linux', nodename='linawesome', release='4.9.0-3-amd64', version='#1 SMP Debian 4.9.30-2+deb9u3 (2017-08-06)', machine='x86_64')
Log started 2017-09-12 13:24:56.788077



INFO: read target account data; we're tracking 52 accounts
WARNING: no ProtocolError (got exception "name 'ProtocolError' is not defined"); trying requests.packages.urllib3.exceptions instead
NOTE: successfully imported from requests
Starting up...
about to get all tweets newer than ID #836780744810844161 for account @StephenMillerAL
about to get all tweets newer than ID #907543767149838336 for account @TomBossert45
about to get all tweets newer than ID #907336429868646401 for account @EPAScottPruitt
about to get all tweets newer than ID #907608957719601152 for account @VP
getting all tweets before ID #898636734040227839
    ...400 tweets downloaded so far
New tweet from VP: RT @WhiteHouse: Continued Support for Hurricane Relief: https://t.co/zt1bWTmEW4

archiving URL http://twitter.com/VP/status/907665315319963649
    ... archiving using prefix http://web.archive.org/save/
about to get all tweets newer than ID #907619202055512064 for account @AshLeeStrong
getting all tweets before ID #891054073302188031
    ...400 tweets downloaded so far
New tweet from AshLeeStrong: He's been traveling the country to talk about our 'once in a generation' moment to pass #taxreform.
Watch some of t… https://t.co/hxJJtl9us4
about to get all tweets newer than ID #907605483183321089 for account @WhiteHouse

archiving URL http://twitter.com/AshLeeStrong/status/907651050194083840
    ... archiving using prefix http://web.archive.org/save/

archiving URL https://twitter.com/VP/status/907665315319963649
    ... archiving using prefix http://web.archive.org/save/

archiving URL https://twitter.com/AshLeeStrong/status/907651050194083840
    ... archiving using prefix http://web.archive.org/save/
New tweet from VP: Karen &amp; I wish Eric &amp; Lara congratulations on the birth of their new son. https://t.co/o6nO0H2opy

archiving URL http://twitter.com/VP/status/907685730406760454
    ... archiving using prefix http://web.archive.org/save/
New tweet from AshLeeStrong: @Phil_Mattingly @RepKevinBrady Some alliteration is really needed

archiving URL http://twitter.com/AshLeeStrong/status/907654384284262400
    ... archiving using prefix http://web.archive.org/save/

archiving URL https://twitter.com/VP/status/907685730406760454
    ... archiving using prefix http://web.archive.org/save/
getting all tweets before ID #900741655103459327
    ...400 tweets downloaded so far
New tweet from WhiteHouse: RT @fema: It is incredibly important to only use generators outdoors and away from all doors, windows,
&amp; vents. #HurricaneIrma https://t.co…

archiving URL http://twitter.com/WhiteHouse/status/907622583528509440
    ... archiving using prefix http://web.archive.org/save/
about to get all tweets newer than ID #907261593796390912 for account @FLOTUS
getting all tweets before ID #822942050899398656
    ...131 tweets downloaded so far
New tweet from FLOTUS: My concern continues for all impacted by the hurricanes.Will fly to #Florida on Thursday w @potus to survey
the damages from #HurricaneIrma.

archiving URL http://twitter.com/FLOTUS/status/907682219677900800
    ... archiving using prefix http://web.archive.org/save/
about to get all tweets newer than ID #898632795517403136 for account @GeneralJFKellly

archiving URL https://twitter.com/FLOTUS/status/907682219677900800
    ... archiving using prefix http://web.archive.org/save/
about to get all tweets newer than ID #832282841471918080 for account @BetsyDeVos
about to get all tweets newer than ID #824610180881117184 for account @GovPenceIN

archiving URL https://twitter.com/AshLeeStrong/status/907654384284262400
    ... archiving using prefix http://web.archive.org/save/
about to get all tweets newer than ID #816846808789958656 for account @SenDanCoats
New tweet from AshLeeStrong: @pkcapitol @Phil_Mattingly @RepKevinBrady I'm gonna get in trouble here so I'll stop while I'm ahead.

archiving URL http://twitter.com/AshLeeStrong/status/907655361062211584
    ... archiving using prefix http://web.archive.org/save/
about to get all tweets newer than ID #856041462164836355 for account @FirstLadyIN

archiving URL https://twitter.com/AshLeeStrong/status/907655361062211584
    ... archiving using prefix http://web.archive.org/save/

archiving URL https://twitter.com/WhiteHouse/status/907622583528509440
    ... archiving using prefix http://web.archive.org/save/
New tweet from AshLeeStrong: @RichardRubinDC @levinecarrie @Phil_Mattingly @pkcapitol @RepKevinBrady #taxreform twitter is the
nerdiest twitter. paul ryan type twitter.

archiving URL http://twitter.com/AshLeeStrong/status/907664623649816576
    ... archiving using prefix http://web.archive.org/save/
about to get all tweets newer than ID #902161361060237312 for account @IvankaTrumpHQ
New tweet from WhiteHouse: Continued Support for Hurricane Relief: https://t.co/zt1bWTmEW4

archiving URL http://twitter.com/WhiteHouse/status/907664612203679744
    ... archiving using prefix http://web.archive.org/save/

archiving URL https://twitter.com/WhiteHouse/status/907664612203679744
    ... archiving using prefix http://web.archive.org/save/

archiving URL https://twitter.com/AshLeeStrong/status/907664623649816576
    ... archiving using prefix http://web.archive.org/save/
about to get all tweets newer than ID #907616034672214016 for account @SecretaryZinke
New tweet from WhiteHouse: RT @realDonaldTrump: It was a great honor to welcome Prime Minister Najib Abdul Razak of Malaysia and his
distinguished delegation to the @…

archiving URL http://twitter.com/WhiteHouse/status/907699456451244032
    ... archiving using prefix http://web.archive.org/save/
New tweet from AshLeeStrong: @RichardRubinDC @levinecarrie @Phil_Mattingly @pkcapitol @RepKevinBrady @SpeakerRyan
https://t.co/negtXU7p9F

archiving URL http://twitter.com/AshLeeStrong/status/907666004985217024
    ... archiving using prefix http://web.archive.org/save/
about to get all tweets newer than ID #-1 for account @jaredkushner
about to get all tweets newer than ID #900176895505043457 for account @mike_pence

archiving URL https://twitter.com/AshLeeStrong/status/907666004985217024
    ... archiving using prefix http://web.archive.org/save/

archiving URL https://twitter.com/WhiteHouse/status/907699456451244032
    ... archiving using prefix http://web.archive.org/save/
New tweet from AshLeeStrong: FOX News: "Pro-tax reform group's $2.5M TV ad buy targets 23 congressional districts"
https://t.co/wd6dA2Umjl

archiving URL http://twitter.com/AshLeeStrong/status/907700143339819010
    ... archiving using prefix http://web.archive.org/save/
about to get all tweets newer than ID #907444210264977408 for account @KellyannePolls

archiving URL https://twitter.com/AshLeeStrong/status/907700143339819010
    ... archiving using prefix http://web.archive.org/save/
about to get all tweets newer than ID #907611551347048449 for account @BetsyDeVosED
getting all tweets before ID #841332102763302911
    ...269 tweets downloaded so far
New tweet from BetsyDeVosED: First stop on #ReThinkSchool: Woods Learning Center #TeacherPowered Watch my visit on Facebook Live:
https://t.co/6pI8Z8PgAM

archiving URL http://twitter.com/BetsyDeVosED/status/907631766546022400
    ... archiving using prefix http://web.archive.org/save/
about to get all tweets newer than ID #816290296048873472 for account @WilburRoss
about to get all tweets newer than ID #907617333635686400 for account @SpeakerRyan

archiving URL https://twitter.com/BetsyDeVosED/status/907631766546022400
    ... archiving using prefix http://web.archive.org/save/
New tweet from BetsyDeVosED: RT @usedgov: Students demonstrate Woods Learning Center's project-based learning model for
@BetsyDeVosED. #ReThinkSchool https://t.co/f1JD4…

archiving URL http://twitter.com/BetsyDeVosED/status/907646259934134272
    ... archiving using prefix http://web.archive.org/save/
getting all tweets before ID #895743338917142528
    ...400 tweets downloaded so far
New tweet from SpeakerRyan: Conservative wins in the funding bill:
✔ Raises pay for troops
✔ Cracks down on illegal immigration
✔
#DefundPP
https://t.co/sIeekjM1HD

archiving URL http://twitter.com/SpeakerRyan/status/907625175218302976
    ... archiving using prefix http://web.archive.org/save/
about to get all tweets newer than ID #907618956621598721 for account @SBALinda
getting all tweets before ID #890591296607408127

archiving URL https://twitter.com/SpeakerRyan/status/907625175218302976
    ... archiving using prefix http://web.archive.org/save/
    ...400 tweets downloaded so far
New tweet from SBALinda: Don't miss my interview with @OANN's @emeraldrobinson, set to air this weekend on all things
#WomenEntrepreneurship… https://t.co/lr1VklYMPE

archiving URL http://twitter.com/SBALinda/status/907671468301012992
    ... archiving using prefix http://web.archive.org/save/
about to get all tweets newer than ID #907620325462028298 for account @SecShulkin
New tweet from SpeakerRyan: RT @EdWorkforce: .@SpeakerRyan knows why hardworking Americans need tax reform. Hear his take ↓
https://t.co/SMdtA2aVZp

archiving URL http://twitter.com/SpeakerRyan/status/907657133210161154
    ... archiving using prefix http://web.archive.org/save/

archiving URL https://twitter.com/BetsyDeVosED/status/907646259934134272
    ... archiving using prefix http://web.archive.org/save/

archiving URL https://twitter.com/SBALinda/status/907671468301012992
    ... archiving using prefix http://web.archive.org/save/
getting all tweets before ID #885587244186300417
New tweet from BetsyDeVosED: Thank you, Woods Learning Center, for welcoming me into your #TeacherPowered, #StudentCentered school!…
https://t.co/3TEsLQgfsz

archiving URL http://twitter.com/BetsyDeVosED/status/907654051986329601
    ... archiving using prefix http://web.archive.org/save/
New tweet from SBALinda: Speaking about #taxreform with @USChamber at the #SBS17 Small Business Summit. https://t.co/geQkrUGyim

archiving URL http://twitter.com/SBALinda/status/907678910376300545
    ... archiving using prefix http://web.archive.org/save/
    ...400 tweets downloaded so far
New tweet from SecShulkin: #SuicidePrevention is my top clinical priority at @DeptVetAffairs, and I need you to help us #BeThere for
#Veterans… https://t.co/bBSMz9KvfL

archiving URL http://twitter.com/SecShulkin/status/907635264306237442
    ... archiving using prefix http://web.archive.org/save/
about to get all tweets newer than ID #830074939298414592 for account @RepTomPrice
about to get all tweets newer than ID #903694300306923521 for account @SecElaineChao

archiving URL https://twitter.com/SpeakerRyan/status/907657133210161154
    ... archiving using prefix http://web.archive.org/save/
about to get all tweets newer than ID #907312416114999296 for account @PressSec

archiving URL https://twitter.com/BetsyDeVosED/status/907654051986329601
    ... archiving using prefix http://web.archive.org/save/

archiving URL https://twitter.com/SBALinda/status/907678910376300545
    ... archiving using prefix http://web.archive.org/save/
New tweet from SpeakerRyan: RT @WaysandMeansGOP: We’re going bold.
We’re going permanent.
We’re going now.
https://t.co/oYwEtW9aGV
https://t.co/UgQKuBFKEt

archiving URL http://twitter.com/SpeakerRyan/status/907660941424242688
    ... archiving using prefix http://web.archive.org/save/
New tweet from BetsyDeVosED: Next stop on the #ReThinkSchool tour: St. Stephens Indian School on the Wind River Reservation!
https://t.co/u5d8MGnITB
New tweet from SBALinda: Small businesses want #taxreform -- lower &amp; less complicated taxes so they can build their businesses
and create jo… https://t.co/WrT18AZnJO

archiving URL http://twitter.com/BetsyDeVosED/status/907684464523968512

archiving URL http://twitter.com/SBALinda/status/907679788281802752
    ... archiving using prefix http://web.archive.org/save/
    ... archiving using prefix http://web.archive.org/save/
about to get all tweets newer than ID #907598207961767936 for account @stevenmnuchin1

archiving URL https://twitter.com/SecShulkin/status/907635264306237442
    ... archiving using prefix http://web.archive.org/save/
about to get all tweets newer than ID #904032783621816321 for account @GovernorPerry

archiving URL https://twitter.com/SpeakerRyan/status/907660941424242688
    ... archiving using prefix http://web.archive.org/save/
New tweet from SecShulkin: Good meeting with @SenThomTillis and @SenatorTester this morning, next up ➡️ meeting with @DrPhilRoe and…
https://t.co/EhrkyJtjDu

archiving URL http://twitter.com/SecShulkin/status/907652542984867840
    ... archiving using prefix http://web.archive.org/save/
about to get all tweets newer than ID #907592460070768641 for account @realDonaldTrump

archiving URL https://twitter.com/BetsyDeVosED/status/907684464523968512
    ... archiving using prefix http://web.archive.org/save/
New tweet from SpeakerRyan: Along with a tax break, we’re going to reduce the number of tax brackets. We need to streamline and
simplify. https://t.co/LnKBuktQBK

archiving URL http://twitter.com/SpeakerRyan/status/907665940812386304
    ... archiving using prefix http://web.archive.org/save/

archiving URL https://twitter.com/SecShulkin/status/907652542984867840
    ... archiving using prefix http://web.archive.org/save/
getting all tweets before ID #897869174323728384

archiving URL https://twitter.com/SBALinda/status/907679788281802752
    ... archiving using prefix http://web.archive.org/save/
New tweet from SecShulkin: The #Senate should take a stand and preserve humane and carefully supervised canine research at VA
https://t.co/5LQJHIUD0g via @USATODAY

archiving URL http://twitter.com/SecShulkin/status/907670149976731652
    ... archiving using prefix http://web.archive.org/save/
New tweet from SBALinda: Small businesses are the engines of our economy. Tax reform will accelerate their success &amp; fuel our
nation’s econo… https://t.co/k27IGaYGxA

archiving URL http://twitter.com/SBALinda/status/907680260266905600
    ... archiving using prefix http://web.archive.org/save/
    ...400 tweets downloaded so far
New tweet from realDonaldTrump: Congratulations to Eric &amp; Lara on the birth of their son, Eric "Luke" Trump this morning!
https://t.co/Aw0AV82XdE

archiving URL http://twitter.com/realDonaldTrump/status/907675638055743489
    ... archiving using prefix http://web.archive.org/save/
about to get all tweets newer than ID #867385249340297217 for account @RealBenCarson

archiving URL https://twitter.com/SpeakerRyan/status/907665940812386304
    ... archiving using prefix http://web.archive.org/save/

archiving URL https://twitter.com/SecShulkin/status/907670149976731652
    ... archiving using prefix http://web.archive.org/save/

archiving URL https://twitter.com/SBALinda/status/907680260266905600
    ... archiving using prefix http://web.archive.org/save/
about to get all tweets newer than ID #-1 for account @ElaineChao
about to get all tweets newer than ID #906086426386853888 for account @DanScavino
New tweet from SpeakerRyan: Met with Ambassador @Hmohib today about our countries’ strengthened relationship and the importance of a
stable and… https://t.co/S1u0yfG0qR

archiving URL http://twitter.com/SpeakerRyan/status/907680300909678592
    ... archiving using prefix http://web.archive.org/save/
New tweet from SecShulkin: Another good meeting updating members of #Congress on @DeptVetAffairs issues with Chairman @DrPhilRoe and…
 https://t.co/pxIjuo2rAP

archiving URL http://twitter.com/SecShulkin/status/907683747109228544
    ... archiving using prefix http://web.archive.org/save/

archiving URL https://twitter.com/realDonaldTrump/status/907675638055743489
    ... archiving using prefix http://web.archive.org/save/

archiving URL https://twitter.com/SpeakerRyan/status/907680300909678592
    ... archiving using prefix http://web.archive.org/save/
about to get all tweets newer than ID #907453460618125312 for account @Scavino45
New tweet from SpeakerRyan: RT @RepSteveStivers: Why are we punishing small businesses for their hard work? There has to be a
#BetterWay. https://t.co/baHibjqwJk https…

archiving URL http://twitter.com/SpeakerRyan/status/907684573013790720
    ... archiving using prefix http://web.archive.org/save/

archiving URL https://twitter.com/SecShulkin/status/907683747109228544
    ... archiving using prefix http://web.archive.org/save/
New tweet from realDonaldTrump: It was a great honor to welcome Prime Minister Najib Abdul Razak of Malaysia and his distinguished
delegation to th… https://t.co/xihOApAZPf

archiving URL http://twitter.com/realDonaldTrump/status/907698529606541312
    ... archiving using prefix http://web.archive.org/save/
New tweet from SecShulkin: .@bvandahlen and I were joined by a live audience of #Veterans, VSOs and others to discuss mental health -
 will air… https://t.co/VDMZTnjGR8

archiving URL http://twitter.com/SecShulkin/status/907690310326681600
    ... archiving using prefix http://web.archive.org/save/

archiving URL https://twitter.com/SpeakerRyan/status/907684573013790720
    ... archiving using prefix http://web.archive.org/save/

archiving URL https://twitter.com/SecShulkin/status/907690310326681600
    ... archiving using prefix http://web.archive.org/save/

archiving URL https://twitter.com/realDonaldTrump/status/907698529606541312
    ... archiving using prefix http://web.archive.org/save/
New tweet from SpeakerRyan: America has the best workers in the world. They deserve a tax code that no longer puts them at a
disadvantage. https://t.co/7R9mdj2DO1

archiving URL http://twitter.com/SpeakerRyan/status/907688730508578816
    ... archiving using prefix http://web.archive.org/save/
getting all tweets before ID #900151784886353919

archiving URL https://twitter.com/SpeakerRyan/status/907688730508578816
    ... archiving using prefix http://web.archive.org/save/
    ...400 tweets downloaded so far
New tweet from Scavino45: RT @realDonaldTrump: Congratulations to Eric &amp; Lara on the birth of their son, Eric "Luke" Trump this
morning! https://t.co/Aw0AV82XdE

archiving URL http://twitter.com/Scavino45/status/907675712718598144
    ... archiving using prefix http://web.archive.org/save/
about to get all tweets newer than ID #907279926457286658 for account @StephGrisham45

archiving URL https://twitter.com/Scavino45/status/907675712718598144
    ... archiving using prefix http://web.archive.org/save/
getting all tweets before ID #852957717765468162
    ...225 tweets downloaded so far
New tweet from StephGrisham45: .@flotus will travel to #Florida w POTUS on Thurs to survey aftermath of #HurricaneIrma.

archiving URL http://twitter.com/StephGrisham45/status/907679013098983426
    ... archiving using prefix http://web.archive.org/save/
about to get all tweets newer than ID #907297208105684994 for account @SecPriceMD
about to get all tweets newer than ID #890345975247753216 for account @Reince

archiving URL https://twitter.com/StephGrisham45/status/907679013098983426
    ... archiving using prefix http://web.archive.org/save/
New tweet from StephGrisham45: RT @FLOTUS: My concern continues for all impacted by the hurricanes.Will fly to #Florida on Thursday w
 @potus to survey the damages from #H…

archiving URL http://twitter.com/StephGrisham45/status/907685584247902209
    ... archiving using prefix http://web.archive.org/save/
about to get all tweets newer than ID #907351893214670848 for account @JessicaDitto45

archiving URL https://twitter.com/StephGrisham45/status/907685584247902209
    ... archiving using prefix http://web.archive.org/save/
about to get all tweets newer than ID #795981284761894912 for account @MELANIATRUMP
about to get all tweets newer than ID #907355629576224768 for account @IvankaTrump
getting all tweets before ID #873268339661049855
    ...400 tweets downloaded so far
New tweet from IvankaTrump: Welcome to the world, baby boy. I can't wait to meet you ❤️ https://t.co/sIkPrFWKO2

archiving URL http://twitter.com/IvankaTrump/status/907648686980784128
    ... archiving using prefix http://web.archive.org/save/
about to get all tweets newer than ID #875771618638917632 for account @SecretaryRoss
about to get all tweets newer than ID #907597213634875392 for account @SecretarySonny
getting all tweets before ID #894277983065845760

archiving URL https://twitter.com/IvankaTrump/status/907648686980784128
    ... archiving using prefix http://web.archive.org/save/
    ...400 tweets downloaded so far
New tweet from SecretarySonny: Kudos to Jay Sellers, of @USDA IT. On own time, hooked up w/@OpBBQRelief to serve 1000s of meals to
families, 1st r… https://t.co/Co7XCFhd9z

archiving URL http://twitter.com/SecretarySonny/status/907702256493060096
    ... archiving using prefix http://web.archive.org/save/
about to get all tweets newer than ID #907405827476246528 for account @seanspicer

archiving URL https://twitter.com/SecretarySonny/status/907702256493060096
    ... archiving using prefix http://web.archive.org/save/
getting all tweets before ID #841688422007861247
    ...399 tweets downloaded so far
New tweet from seanspicer: And "if" I won the lottery I'd be rich: Hillary: ‘If I Had Won, I Would Have Been Seen As A Genius’
https://t.co/4cLD34I380 via @dailycaller

archiving URL http://twitter.com/seanspicer/status/907682504437403648
    ... archiving using prefix http://web.archive.org/save/
about to get all tweets newer than ID #907611064954744832 for account @Scaramucci
about to get all tweets newer than ID #907375052076789760 for account @POTUS

archiving URL https://twitter.com/seanspicer/status/907682504437403648
    ... archiving using prefix http://web.archive.org/save/
getting all tweets before ID #894053204182405119
New tweet from seanspicer: Cute https://t.co/YfWOzqBLKQ

archiving URL http://twitter.com/seanspicer/status/907683389666336768
    ... archiving using prefix http://web.archive.org/save/
    ...400 tweets downloaded so far
New tweet from POTUS: RT @realDonaldTrump: It was a great honor to welcome Prime Minister Najib Abdul Razak of Malaysia and his
distinguished delegation to the @…

archiving URL http://twitter.com/POTUS/status/907699121657716739
    ... archiving using prefix http://web.archive.org/save/
about to get all tweets newer than ID #907598674116706304 for account @PRyan

archiving URL https://twitter.com/seanspicer/status/907683389666336768
    ... archiving using prefix http://web.archive.org/save/

archiving URL https://twitter.com/POTUS/status/907699121657716739
    ... archiving using prefix http://web.archive.org/save/
New tweet from seanspicer: It's more like @politico hyped it up more than they downplayed it https://t.co/MvVcvMnyx5

archiving URL http://twitter.com/seanspicer/status/907686060053864448
    ... archiving using prefix http://web.archive.org/save/
about to get all tweets newer than ID #907388630989144066 for account @nikkihaley

archiving URL https://twitter.com/seanspicer/status/907686060053864448
    ... archiving using prefix http://web.archive.org/save/
about to get all tweets newer than ID #906521136531492870 for account @MickMulvaneyOMB
about to get all tweets newer than ID #890659905798983680 for account @Reince45
about to get all tweets newer than ID #907359743748001792 for account @SecondLady
getting all tweets before ID #864664147740565503
    ...376 tweets downloaded so far
New tweet from SecondLady: Wonderful time at the Congressional Club Luncheon! Had the pleasure to introduce @verabradley co-founder,
Pat Mille… https://t.co/S468m7AqYv

archiving URL http://twitter.com/SecondLady/status/907698570920431619
    ... archiving using prefix http://web.archive.org/save/
about to get all tweets newer than ID #907306884293697536 for account @SecretaryCarson
about to get all tweets newer than ID #907598849484759040 for account @SecretaryPerry
getting all tweets before ID #897553585101295615
    ...400 tweets downloaded so far
New tweet from SecretaryPerry: RT @SecShulkin: Great meeting with @SecretaryPerry this morning, we discussed @DeptVetAffairs +
@ENERGY partnerships and continued #moderni…

archiving URL http://twitter.com/SecretaryPerry/status/907651006653136896
    ... archiving using prefix http://web.archive.org/save/
about to get all tweets newer than ID #898401955847876608 for account @Linda_McMahon

archiving URL https://twitter.com/SecondLady/status/907698570920431619
    ... archiving using prefix http://web.archive.org/save/
about to get all tweets newer than ID #907189522521354240 for account @SecretaryAcosta

archiving URL https://twitter.com/SecretaryPerry/status/907651006653136896
    ... archiving using prefix http://web.archive.org/save/
getting all tweets before ID #865176037692497919
New tweet from SecretaryPerry: As communities recover from #Harvey and #Irma, we're working to continue strengthening and improving
America's elec… https://t.co/4nc2WtSEtB

archiving URL http://twitter.com/SecretaryPerry/status/907655555052949504
    ... archiving using prefix http://web.archive.org/save/
    ...266 tweets downloaded so far
New tweet from SecretaryAcosta: Today’s @BLS_gov JOLTS report underscores the importance of helping people gain skills for 6.2M
available jobs. https://t.co/QK84pXrmRK

archiving URL http://twitter.com/SecretaryAcosta/status/907652581362630656
    ... archiving using prefix http://web.archive.org/save/
... OK, we're set up, and about to watch 728361177986797568, 866746592853979137, 832672006113931269, 818910970567344128, 296060169,
822215673812119553, 818876014390603776, 892173412818354177, 599530439, 15985455, 212262370, 1923451808, 798195585824104449,
827258161841135623, 29547260, 22203756, 471672239, 828997388920619008, 809836066316451840, 18916432, 819992522109894658,
831482588246196225, 6577802, 826065858548133888, 818927131883356161, 799764016885329921, 18906561, 25073877, 1180379185, 105267762,
620571475, 823367015830323201, 823638938590085124, 829782369670410240, 20733972, 836724024688410625, 108471631, 52544275,
836305915452272641, 842072478834909184, 20776147, 24578794, 822215679726100480, 733751245, 37666984, 888031054141022209,
803703725730779136, 822127086194348032, 828613457020870657, 830128820447539208, 65522706, 819980276570976256

archiving URL https://twitter.com/SecretaryPerry/status/907655555052949504
    ... archiving using prefix http://web.archive.org/save/

archiving URL https://twitter.com/SecretaryAcosta/status/907652581362630656
    ... archiving using prefix http://web.archive.org/save/
New tweet from SecretaryAcosta: Thoughts and prayers are with all those affected by #HurricaneIrma. How we're helping:
https://t.co/J9Ez7ypySP

archiving URL http://twitter.com/SecretaryAcosta/status/907672943605506048
    ... archiving using prefix http://web.archive.org/save/

archiving URL https://twitter.com/SecretaryAcosta/status/907672943605506048
    ... archiving using prefix http://web.archive.org/save/
New tweet from Scavino45: RT @realDonaldTrump: It was a great honor to welcome Prime Minister Najib Abdul Razak of Malaysia and his
distinguished delegation to the @…

archiving URL http://twitter.com/Scavino45/status/907699079634964482
    ... archiving using prefix http://web.archive.org/save/

archiving URL https://twitter.com/Scavino45/status/907699079634964482
    ... archiving using prefix http://web.archive.org/save/
New tweet from SecretarySonny: While hurricane recovery continues elsewhere, @forestservice Chief Tony Tooke looks after wildfire
suppression.… https://t.co/Z4zVCU7mxX

archiving URL http://twitter.com/SecretarySonny/status/907703009949478913
    ... archiving using prefix http://web.archive.org/save/

archiving URL https://twitter.com/SecretarySonny/status/907703009949478913
    ... archiving using prefix http://web.archive.org/save/
New tweet from SecretarySonny: For farmers, ranchers, foresters &amp; producers, @USDA has many programs to help folks recover after
#Harvey and #Irma. https://t.co/61dheWWlxi

archiving URL http://twitter.com/SecretarySonny/status/907703900664365056
    ... archiving using prefix http://web.archive.org/save/

archiving URL https://twitter.com/SecretarySonny/status/907703900664365056
    ... archiving using prefix http://web.archive.org/save/
