Hello, traveler. This is the beginning of a log file called: "Fascist Tweet Archiver".
Some basic system info about the host machine: posix.uname_result(sysname='Linux', nodename='file-server', release='3.16.0-4-686-pae', version='#1 SMP Debian 3.16.43-2+deb8u5 (2017-09-19)', machine='i686')
This log was begun Tuesday, 28 November 2017 at 10:27



INFO: read target account data; we're tracking 52 accounts
WARNING: no ProtocolError (got exception "name 'ProtocolError' is not defined");
 trying requests.packages.urllib3.exceptions instead
NOTE: successfully imported from requests
Starting up...
about to get all tweets newer than ID #934590789518286848 for account
@MickMulvaneyOMB
ERROR: unable to get tweets for account @MickMulvaneyOMB
           the system said: Failed to send request: EOF occurred in violation of
 protocol (_ssl.c:600)
about to get all tweets newer than ID #832282841471918080 for account
@BetsyDeVos
about to get all tweets newer than ID #935531444671275008 for account
@SecShulkin
ERROR: unable to get tweets for account @SecShulkin
           the system said: Failed to send request: EOF occurred in violation of
 protocol (_ssl.c:600)
about to get all tweets newer than ID #830074939298414592 for account
@RepTomPrice
ERROR: unable to get tweets for account @RepTomPrice
           the system said: Failed to parse JSON payload: Unterminated string
starting at: line 1 column 507492 (char 507491)
about to get all tweets newer than ID #824610180881117184 for account
@GovPenceIN
ERROR: unable to get tweets for account @GovPenceIN
           the system said: Failed to parse JSON payload: Unterminated string
starting at: line 1 column 510526 (char 510525)
about to get all tweets newer than ID #935534452289150977 for account @SBALinda
ERROR: unable to get tweets for account @SBALinda
           the system said: Failed to parse JSON payload: Unterminated string
starting at: line 1 column 504536 (char 504535)
about to get all tweets newer than ID #933713814859780098 for account
@EPAScottPruitt
about to get all tweets newer than ID #856041462164836355 for account
@FirstLadyIN
ERROR: unable to get tweets for account @FirstLadyIN
           the system said: Failed to parse JSON payload: Unterminated string
starting at: line 1 column 505981 (char 505980)
about to get all tweets newer than ID #935177677950078976 for account @POTUS
ERROR: unable to get tweets for account @POTUS
           the system said: Failed to parse JSON payload: Expecting ','
delimiter: line 1 column 504596 (char 504595)
about to get all tweets newer than ID #935498951104585728 for account
@seanspicer
ERROR: unable to get tweets for account @seanspicer
           the system said: Failed to parse JSON payload: Expecting value: line
1 column 503148 (char 503147)
about to get all tweets newer than ID #933349414835576834 for account
@IvankaTrumpHQ
ERROR: unable to get tweets for account @IvankaTrumpHQ
           the system said: Failed to parse JSON payload: Unterminated string
starting at: line 1 column 508932 (char 508931)
about to get all tweets newer than ID #929769209055338496 for account
@GovernorPerry
ERROR: unable to get tweets for account @GovernorPerry
           the system said: Failed to send request: ('Connection aborted.',
BadStatusLine("''",))
about to get all tweets newer than ID #935326150850760709 for account @FLOTUS
ERROR: unable to get tweets for account @FLOTUS
           the system said: Failed to parse JSON payload: Unterminated string
starting at: line 1 column 508901 (char 508900)
about to get all tweets newer than ID #934452629832454144 for account
@SecretaryAcosta
ERROR: unable to get tweets for account @SecretaryAcosta
           the system said: Failed to parse JSON payload: Unterminated string
starting at: line 1 column 506028 (char 506027)
about to get all tweets newer than ID #935319666062438403 for account
@nikkihaley
ERROR: unable to get tweets for account @nikkihaley
           the system said: Failed to send request: EOF occurred in violation of
 protocol (_ssl.c:600)
about to get all tweets newer than ID #930982584649175047 for account
@mike_pence
about to get all tweets newer than ID #935525893971304450 for account @PressSec
about to get all tweets newer than ID #934446372824211456 for account
@SecretarySonny
ERROR: unable to get tweets for account @SecretarySonny
           the system said: Failed to parse JSON payload: Unterminated string
starting at: line 1 column 510384 (char 510383)
about to get all tweets newer than ID #898401955847876608 for account
@Linda_McMahon
about to get all tweets newer than ID #933749689714991105 for account
@TomBossert45
about to get all tweets newer than ID #935482361394933760 for account
@JessicaDitto45
ERROR: unable to get tweets for account @JessicaDitto45
           the system said: Failed to parse JSON payload: Unterminated string
starting at: line 1 column 508899 (char 508898)
about to get all tweets newer than ID #935542642477322240 for account
@stevenmnuchin1
ERROR: unable to get tweets for account @stevenmnuchin1
           the system said: Failed to parse JSON payload: Unterminated string
starting at: line 1 column 506427 (char 506426)
about to get all tweets newer than ID #935242326250807296 for account @Scavino45
ERROR: unable to get tweets for account @Scavino45
           the system said: Failed to parse JSON payload: Unterminated string
starting at: line 1 column 501183 (char 501182)
about to get all tweets newer than ID #928306806681735168 for account
@BetsyDeVosED
ERROR: unable to get tweets for account @BetsyDeVosED
           the system said: Failed to parse JSON payload: Unterminated string
starting at: line 1 column 503044 (char 503043)
about to get all tweets newer than ID #928448335584858113 for account @Reince
about to get all tweets newer than ID #836780744810844161 for account
@StephenMillerAL
about to get all tweets newer than ID #935338397857730561 for account
@StephGrisham45
ERROR: unable to get tweets for account @StephGrisham45
           the system said: Failed to parse JSON payload: Unterminated string
starting at: line 1 column 509208 (char 509207)
about to get all tweets newer than ID #-1 for account @ElaineChao
about to get all tweets newer than ID #935309226372747264 for account @VP
getting all tweets before ID #923993489846792192
ERROR: unable to get tweets for account @VP
           the system said: Failed to send request: EOF occurred in violation of
 protocol (_ssl.c:600)
about to get all tweets newer than ID #935188675050266624 for account
@SecretaryCarson
ERROR: unable to get tweets for account @SecretaryCarson
           the system said: Failed to parse JSON payload: Unterminated string
starting at: line 1 column 506788 (char 506787)
about to get all tweets newer than ID #935548091310145536 for account
@WhiteHouse
getting all tweets before ID #928015637976403968
    ...400 tweets downloaded so far


New tweet from WhiteHouse: Investor's Business Daily: "The Latest Tax Cut Lie:
 The Senate Bill Will Hurt The Poor" https://t.co/R6FzEkk7Ka

archiving URL http://twitter.com/WhiteHouse/status/935562939079196674
    ... archiving using prefix http://web.archive.org/save/
about to get all tweets newer than ID #898632795517403136 for account
@GeneralJFKellly
ERROR: unable to get tweets for account @GeneralJFKellly
           the system said: Not authorized.
about to get all tweets newer than ID #934443265239154689 for account
@KellyannePolls

archiving URL https://twitter.com/WhiteHouse/status/935562939079196674
    ... archiving using prefix http://web.archive.org/save/
about to get all tweets newer than ID #935532236375560192 for account @PRyan
ERROR: unable to get tweets for account @PRyan
           the system said: Failed to parse JSON payload: Unterminated string
starting at: line 1 column 502590 (char 502589)
about to get all tweets newer than ID #-1 for account @jaredkushner
about to get all tweets newer than ID #935373195418456065 for account
@AshLeeStrong
ERROR: unable to get tweets for account @AshLeeStrong
           the system said: Failed to parse JSON payload: Expecting value: line
1 column 504101 (char 504100)
about to get all tweets newer than ID #933733277701148672 for account
@SecondLady
ERROR: unable to get tweets for account @SecondLady
           the system said: Failed to parse JSON payload: Expecting ','
delimiter: line 1 column 508940 (char 508939)
about to get all tweets newer than ID #935539184437260288 for account
@SpeakerRyan
getting all tweets before ID #928259678684848129
ERROR: unable to get tweets for account @SpeakerRyan
           the system said: Failed to parse JSON payload: Unterminated string
starting at: line 1 column 682659 (char 682658)
about to get all tweets newer than ID #934972671384834049 for account
@DanScavino
about to get all tweets newer than ID #795981284761894912 for account
@MELANIATRUMP
about to get all tweets newer than ID #816846808789958656 for account
@SenDanCoats
about to get all tweets newer than ID #923261387434012672 for account
@SecretaryRoss
about to get all tweets newer than ID #890659905798983680 for account @Reince45
about to get all tweets newer than ID #867385249340297217 for account
@RealBenCarson
about to get all tweets newer than ID #935547075093295104 for account
@SecretaryPerry
about to get all tweets newer than ID #935513191374819328 for account
@realDonaldTrump
getting all tweets before ID #925913030159937536
    ...400 tweets downloaded so far


New tweet from realDonaldTrump: “Statement from President Donald J. Trump on
#GivingTuesday” https://t.co/NrfnmixAwR

archiving URL http://twitter.com/realDonaldTrump/status/935545697360891904
    ... archiving using prefix http://web.archive.org/save/
about to get all tweets newer than ID #935506217392267265 for account
@IvankaTrump

archiving URL https://twitter.com/realDonaldTrump/status/935545697360891904
    ... archiving using prefix http://web.archive.org/save/
about to get all tweets newer than ID #935518133506494464 for account
@Scaramucci
ERROR: unable to get tweets for account @Scaramucci
           the system said: Failed to parse JSON payload: Unterminated string
starting at: line 1 column 509190 (char 509189)
about to get all tweets newer than ID #913881045652688901 for account
@SecPriceMD
ERROR: unable to get tweets for account @SecPriceMD
           the system said: Failed to parse JSON payload: Unterminated string
starting at: line 1 column 502503 (char 502502)
about to get all tweets newer than ID #816290296048873472 for account
@WilburRoss
about to get all tweets newer than ID #903694300306923521 for account
@SecElaineChao
about to get all tweets newer than ID #935139754429108226 for account
@SecretaryZinke
getting all tweets before ID #916337749501927423
    ...400 tweets downloaded so far
... OK, we're set up, and about to watch 888031054141022209, 599530439,
831482588246196225, 6577802, 15985455, 819992522109894658, 832672006113931269,
1923451808, 822215679726100480, 20776147, 798195585824104449, 18906561,
818876014390603776, 819980276570976256, 37666984, 22203756, 818927131883356161,
842072478834909184, 65522706, 866746592853979137, 836724024688410625,
799764016885329921, 823367015830323201, 828997388920619008, 20733972,
728361177986797568, 823638938590085124, 105267762, 818910970567344128,
828613457020870657, 822215673812119553, 892173412818354177, 471672239,
733751245, 29547260, 296060169, 822127086194348032, 18916432, 620571475,
108471631, 212262370, 836305915452272641, 803703725730779136, 1180379185,
830128820447539208, 25073877, 52544275, 24578794, 829782369670410240,
809836066316451840, 826065858548133888, 827258161841135623


New tweet from SecretaryZinke: RT @VP: While today we celebrate the vote that
took place in the United Nations 70 years ago - every day we celebrate the
strength and vita…

archiving URL http://twitter.com/SecretaryZinke/status/935568666200084480
    ... archiving using prefix http://web.archive.org/save/

archiving URL https://twitter.com/SecretaryZinke/status/935568666200084480
    ... archiving using prefix http://web.archive.org/save/
WARNING: received error HTTPSConnectionPool(host='stream.twitter.com',
port=443): Read timed out.; sleeping and trying again ...
