Hello, traveler. This is the beginning of a log file called: "Fascist Tweet Archiver".
Some basic system info about the host machine: posix.uname_result(sysname='Linux', nodename='file-server', release='3.16.0-4-686-pae', version='#1 SMP Debian 3.16.43-2+deb8u5 (2017-09-19)', machine='i686')
This log was begun Saturday, 02 December 2017 at 18:33



INFO: read target account data; we're tracking 52 accounts
WARNING: no ProtocolError (got exception "name 'ProtocolError' is not defined");
 trying requests.packages.urllib3.exceptions instead
NOTE: successfully imported from requests
Starting up...
about to get all tweets newer than ID #824610180881117184 for account
@GovPenceIN
ERROR: unable to get tweets for account @GovPenceIN
           the system said: Failed to parse JSON payload: Unterminated string
starting at: line 1 column 509191 (char 509190)
about to get all tweets newer than ID #898632795517403136 for account
@GeneralJFKellly
ERROR: unable to get tweets for account @GeneralJFKellly
           the system said: Not authorized.
about to get all tweets newer than ID #936004212240068613 for account
@GovernorPerry
about to get all tweets newer than ID #923261387434012672 for account
@SecretaryRoss
about to get all tweets newer than ID #937002944053968896 for account @PRyan
ERROR: unable to get tweets for account @PRyan
           the system said: Failed to send request:
HTTPSConnectionPool(host='api.twitter.com', port=443): Read timed out. (read
timeout=60)
about to get all tweets newer than ID #937065834635292673 for account
@realDonaldTrump
about to get all tweets newer than ID #937094537205440512 for account @SBALinda
ERROR: unable to get tweets for account @SBALinda
           the system said: Failed to parse JSON payload: Expecting value: line
1 column 676371 (char 676370)
about to get all tweets newer than ID #936688344108384256 for account
@EPAScottPruitt
ERROR: unable to get tweets for account @EPAScottPruitt
           the system said: Failed to send request:
HTTPSConnectionPool(host='api.twitter.com', port=443): Max retries exceeded with
 url: /1.1/statuses/user_timeline.json?count=200&screen_name=EPAScottPruitt
(Caused by NewConnectionError('<requests.packages.urllib3.connection.VerifiedHTT
PSConnection object at 0xb658ccac>: Failed to establish a new connection: [Errno
 -2] Name or service not known',))
about to get all tweets newer than ID #890659905798983680 for account @Reince45
ERROR: unable to get tweets for account @Reince45
           the system said: Failed to send request:
HTTPSConnectionPool(host='api.twitter.com', port=443): Read timed out. (read
timeout=60)
about to get all tweets newer than ID #936941908064178177 for account
@TomBossert45
ERROR: unable to get tweets for account @TomBossert45
           the system said: Failed to parse JSON payload: Expecting value: line
1 column 504513 (char 504512)
about to get all tweets newer than ID #-1 for account @ElaineChao
about to get all tweets newer than ID #898401955847876608 for account
@Linda_McMahon
ERROR: unable to get tweets for account @Linda_McMahon
           the system said: Failed to parse JSON payload: Expecting value: line
1 column 503149 (char 503148)
about to get all tweets newer than ID #936974150958239745 for account @PressSec
about to get all tweets newer than ID #937127630956060672 for account
@JessicaDitto45
about to get all tweets newer than ID #928448335584858113 for account @Reince
ERROR: unable to get tweets for account @Reince
           the system said: Failed to parse JSON payload: Unterminated string
starting at: line 1 column 861753 (char 861752)
about to get all tweets newer than ID #903694300306923521 for account
@SecElaineChao
about to get all tweets newer than ID #930982584649175047 for account
@mike_pence
ERROR: unable to get tweets for account @mike_pence
           the system said: Failed to parse JSON payload: Unterminated string
starting at: line 1 column 509365 (char 509364)
about to get all tweets newer than ID #937100648356761600 for account
@seanspicer
ERROR: unable to get tweets for account @seanspicer
           the system said: Failed to parse JSON payload: Unterminated string
starting at: line 1 column 505998 (char 505997)
about to get all tweets newer than ID #937092898402783238 for account
@DanScavino
ERROR: unable to get tweets for account @DanScavino
           the system said: Failed to parse JSON payload: Unterminated string
starting at: line 1 column 509889 (char 509888)
about to get all tweets newer than ID #936299258340433920 for account
@BetsyDeVosED
ERROR: unable to get tweets for account @BetsyDeVosED
           the system said: Failed to parse JSON payload: Unterminated string
starting at: line 1 column 503588 (char 503587)
about to get all tweets newer than ID #830074939298414592 for account
@RepTomPrice
about to get all tweets newer than ID #936643457468203008 for account
@StephGrisham45
about to get all tweets newer than ID #937101732953378816 for account @Scavino45
about to get all tweets newer than ID #936983467916713984 for account
@stevenmnuchin1
about to get all tweets newer than ID #816290296048873472 for account
@WilburRoss
about to get all tweets newer than ID #-1 for account @jaredkushner
about to get all tweets newer than ID #934590789518286848 for account
@MickMulvaneyOMB
about to get all tweets newer than ID #937066809068605440 for account @POTUS
about to get all tweets newer than ID #795981284761894912 for account
@MELANIATRUMP
about to get all tweets newer than ID #816846808789958656 for account
@SenDanCoats
about to get all tweets newer than ID #936626275279626240 for account
@SecretaryCarson
about to get all tweets newer than ID #836780744810844161 for account
@StephenMillerAL
about to get all tweets newer than ID #937126916812890112 for account
@SecretaryZinke
about to get all tweets newer than ID #936963107955658753 for account
@SecretaryPerry
about to get all tweets newer than ID #936671139358826498 for account
@SecondLady
about to get all tweets newer than ID #936944920618786817 for account
@KellyannePolls
about to get all tweets newer than ID #937009146402082816 for account @VP
about to get all tweets newer than ID #937105115668013057 for account
@IvankaTrump
about to get all tweets newer than ID #936633952021958657 for account
@SecShulkin
about to get all tweets newer than ID #867385249340297217 for account
@RealBenCarson
about to get all tweets newer than ID #937016289448435712 for account
@SpeakerRyan
about to get all tweets newer than ID #937120333240393728 for account
@AshLeeStrong
about to get all tweets newer than ID #937006788154675201 for account
@Scaramucci
about to get all tweets newer than ID #936637565167374337 for account @FLOTUS
about to get all tweets newer than ID #832282841471918080 for account
@BetsyDeVos
about to get all tweets newer than ID #856041462164836355 for account
@FirstLadyIN
about to get all tweets newer than ID #937105240196878336 for account
@nikkihaley
about to get all tweets newer than ID #913881045652688901 for account
@SecPriceMD
about to get all tweets newer than ID #936860838039654401 for account
@SecretaryAcosta
about to get all tweets newer than ID #937053521131778048 for account
@WhiteHouse
about to get all tweets newer than ID #936709011596042240 for account
@IvankaTrumpHQ
about to get all tweets newer than ID #936922345134059520 for account
@SecretarySonny
... OK, we're set up, and about to watch 15985455, 892173412818354177, 18906561,
 836305915452272641, 733751245, 25073877, 819992522109894658,
832672006113931269, 803703725730779136, 866746592853979137, 105267762, 65522706,
 818927131883356161, 836724024688410625, 20733972, 826065858548133888, 22203756,
 20776147, 620571475, 828997388920619008, 6577802, 823638938590085124,
823367015830323201, 799764016885329921, 809836066316451840, 29547260,
888031054141022209, 822215679726100480, 108471631, 212262370,
828613457020870657, 728361177986797568, 827258161841135623, 830128820447539208,
822127086194348032, 471672239, 818910970567344128, 52544275, 831482588246196225,
 1180379185, 18916432, 296060169, 24578794, 818876014390603776, 599530439,
1923451808, 37666984, 829782369670410240, 819980276570976256,
822215673812119553, 798195585824104449, 842072478834909184


New tweet from seanspicer: RT @GovMikeHuckabee: Having dealt with ABC's Brian
Ross who fancies himself as an "investigative" something, not surprised he got
caught…

archiving URL http://twitter.com/seanspicer/status/937140868569550849
    ... archiving using prefix http://web.archive.org/save/

archiving URL https://twitter.com/seanspicer/status/937140868569550849
    ... archiving using prefix http://web.archive.org/save/


New tweet from realDonaldTrump: So General Flynn lies to the FBI and his life
is destroyed, while Crooked Hillary Clinton, on that now famous FBI h…
https://t.co/OPFBHVaU1Z

archiving URL http://twitter.com/realDonaldTrump/status/937141061343956992
    ... archiving using prefix http://web.archive.org/save/

archiving URL https://twitter.com/realDonaldTrump/status/937141061343956992
    ... archiving using prefix http://web.archive.org/save/
WARNING: received error ('Connection broken: IncompleteRead(0 bytes read, 512
more expected)', IncompleteRead(0 bytes read, 512 more expected)); sleeping and
trying again ...
WARNING: received error ('Connection broken: IncompleteRead(0 bytes read, 512
more expected)', IncompleteRead(0 bytes read, 512 more expected)); sleeping and
trying again ...
