Hello, traveler. This is the beginning of a log file called: "Fascist Tweet Archiver".
Some basic system info about the host machine: posix.uname_result(sysname='Linux', nodename='file-server', release='3.16.0-4-686-pae', version='#1 SMP Debian 3.16.51-3 (2017-12-13)', machine='i686')
This log was begun Saturday, 30 December 2017 at 15:41



INFO: read target account data; we're tracking 52 accounts
WARNING: no ProtocolError (got exception "name 'ProtocolError' is not defined");
 trying requests.packages.urllib3.exceptions instead
NOTE: successfully imported from requests
Starting up...
about to get all tweets newer than ID #-1 for account @jaredkushner
about to get all tweets newer than ID #943545273489510400 for account
@MickMulvaneyOMB
about to get all tweets newer than ID #947184166579384320 for account @POTUS
about to get all tweets newer than ID #816290296048873472 for account
@WilburRoss
about to get all tweets newer than ID #795981284761894912 for account
@MELANIATRUMP
about to get all tweets newer than ID #945045186899570693 for account
@SecretaryAcosta
about to get all tweets newer than ID #947221977751793664 for account @PressSec
about to get all tweets newer than ID #947134677718102016 for account
@Scaramucci
about to get all tweets newer than ID #946750417182093318 for account
@DanScavino
about to get all tweets newer than ID #898632795517403136 for account
@GeneralJFKellly
ERROR: unable to get tweets for account @GeneralJFKellly
           the system said: Not authorized.
about to get all tweets newer than ID #946387776328617984 for account
@IvankaTrumpHQ
about to get all tweets newer than ID #945295587301253120 for account @PRyan
about to get all tweets newer than ID #-1 for account @ElaineChao
about to get all tweets newer than ID #824610180881117184 for account
@GovPenceIN
about to get all tweets newer than ID #946753093877854208 for account
@SecretaryZinke
about to get all tweets newer than ID #943545231244439555 for account
@SecretaryCarson
about to get all tweets newer than ID #903694300306923521 for account
@SecElaineChao
about to get all tweets newer than ID #830074939298414592 for account
@RepTomPrice
about to get all tweets newer than ID #947183090702716929 for account @VP
about to get all tweets newer than ID #946766565063778304 for account
@SecretaryPerry
about to get all tweets newer than ID #943908455793823744 for account @Reince
about to get all tweets newer than ID #945836760617103361 for account
@SecondLady
about to get all tweets newer than ID #947075673222451200 for account
@KellyannePolls
about to get all tweets newer than ID #947163144593559553 for account
@StephGrisham45
about to get all tweets newer than ID #836780744810844161 for account
@StephenMillerAL
about to get all tweets newer than ID #946046285546602496 for account @SBALinda
about to get all tweets newer than ID #856041462164836355 for account
@FirstLadyIN
about to get all tweets newer than ID #947216580819279873 for account
@nikkihaley
ERROR: unable to get tweets for account @nikkihaley
           the system said: Failed to parse JSON payload: Unterminated string
starting at: line 1 column 502987 (char 502986)
about to get all tweets newer than ID #913881045652688901 for account
@SecPriceMD
about to get all tweets newer than ID #946847208451837953 for account
@SpeakerRyan
about to get all tweets newer than ID #867385249340297217 for account
@RealBenCarson
about to get all tweets newer than ID #946898619378143232 for account
@seanspicer
about to get all tweets newer than ID #947235015343202304 for account
@realDonaldTrump
getting all tweets before ID #936037588372283391
ERROR: unable to get tweets for account @realDonaldTrump
           the system said: Failed to parse JSON payload: Unterminated string
starting at: line 1 column 506016 (char 506015)
about to get all tweets newer than ID #946809083050512384 for account
@SecShulkin
about to get all tweets newer than ID #947184213463269378 for account
@WhiteHouse
about to get all tweets newer than ID #890659905798983680 for account @Reince45
about to get all tweets newer than ID #945432117319680000 for account
@GovernorPerry
about to get all tweets newer than ID #945107090221273093 for account
@EPAScottPruitt
ERROR: unable to get tweets for account @EPAScottPruitt
           the system said: Failed to parse JSON payload: Unterminated string
starting at: line 1 column 502425 (char 502424)
about to get all tweets newer than ID #832282841471918080 for account
@BetsyDeVos
about to get all tweets newer than ID #945412679887413248 for account
@BetsyDeVosED
about to get all tweets newer than ID #946950321145896962 for account
@JessicaDitto45
about to get all tweets newer than ID #947182601760108545 for account @Scavino45
about to get all tweets newer than ID #947215077668737025 for account
@SecretarySonny
about to get all tweets newer than ID #816846808789958656 for account
@SenDanCoats
about to get all tweets newer than ID #946627730136743936 for account
@stevenmnuchin1
about to get all tweets newer than ID #941074527592812545 for account
@SecretaryRoss
about to get all tweets newer than ID #946726223861952513 for account
@IvankaTrump
about to get all tweets newer than ID #945299954049933314 for account @FLOTUS
about to get all tweets newer than ID #898401955847876608 for account
@Linda_McMahon
about to get all tweets newer than ID #930982584649175047 for account
@mike_pence
about to get all tweets newer than ID #946981978137542657 for account
@AshLeeStrong
about to get all tweets newer than ID #946156999041052672 for account
@TomBossert45
... OK, we're set up, and about to watch 29547260, 888031054141022209,
822215679726100480, 809836066316451840, 108471631, 819980276570976256,
818927131883356161, 24578794, 620571475, 892173412818354177, 798195585824104449,
 733751245, 105267762, 15985455, 827258161841135623, 828613457020870657,
826065858548133888, 6577802, 818910970567344128, 830128820447539208, 20733972,
822127086194348032, 471672239, 823638938590085124, 728361177986797568,
819992522109894658, 1923451808, 37666984, 829782369670410240, 18916432,
1180379185, 20776147, 25073877, 831482588246196225, 822215673812119553,
803703725730779136, 18906561, 832672006113931269, 599530439, 828997388920619008,
 836724024688410625, 823367015830323201, 842072478834909184, 212262370,
799764016885329921, 836305915452272641, 52544275, 818876014390603776, 65522706,
22203756, 296060169, 866746592853979137
WARNING: received error ('Connection broken: IncompleteRead(0 bytes read, 512
more expected)', IncompleteRead(0 bytes read, 512 more expected)); sleeping and
trying again ...
WARNING: received error ('Connection broken: IncompleteRead(0 bytes read, 2588
more expected)', IncompleteRead(0 bytes read, 2588 more expected)); sleeping and
 trying again ...
WARNING: received error ('Connection broken: IncompleteRead(0 bytes read)',
IncompleteRead(0 bytes read)); sleeping and trying again ...
WARNING: received error ('Connection broken: IncompleteRead(0 bytes read, 512
more expected)', IncompleteRead(0 bytes read, 512 more expected)); sleeping and
trying again ...
WARNING: received error ('Connection broken: IncompleteRead(0 bytes read, 512
more expected)', IncompleteRead(0 bytes read, 512 more expected)); sleeping and
trying again ...
WARNING: received error ('Connection broken: IncompleteRead(0 bytes read, 512
more expected)', IncompleteRead(0 bytes read, 512 more expected)); sleeping and
trying again ...
WARNING: received error ('Connection broken: IncompleteRead(0 bytes read, 332
more expected)', IncompleteRead(0 bytes read, 332 more expected)); sleeping and
trying again ...
WARNING: received error ('Connection broken: IncompleteRead(0 bytes read, 512
more expected)', IncompleteRead(0 bytes read, 512 more expected)); sleeping and
trying again ...
WARNING: received error ('Connection broken: IncompleteRead(0 bytes read, 2000
more expected)', IncompleteRead(0 bytes read, 2000 more expected)); sleeping and
 trying again ...
WARNING: received error ('Connection broken: IncompleteRead(0 bytes read, 512
more expected)', IncompleteRead(0 bytes read, 512 more expected)); sleeping and
trying again ...
WARNING: received error ('Connection broken: IncompleteRead(0 bytes read, 338
more expected)', IncompleteRead(0 bytes read, 338 more expected)); sleeping and
trying again ...
