Hello, traveler. This is the beginning of a log file called: "Fascist Tweet Archiver".
Some basic system info about the host machine: posix.uname_result(sysname='Linux', nodename='file-server', release='3.16.0-4-686-pae', version='#1 SMP Debian 3.16.43-2+deb8u5 (2017-09-19)', machine='i686')
This log was begun Tuesday, 28 November 2017 at 19:34



INFO: read target account data; we're tracking 52 accounts
WARNING: no ProtocolError (got exception "name 'ProtocolError' is not defined");
 trying requests.packages.urllib3.exceptions instead
NOTE: successfully imported from requests
Starting up...
about to get all tweets newer than ID #935547075093295104 for account
@SecretaryPerry
about to get all tweets newer than ID #923261387434012672 for account
@SecretaryRoss
about to get all tweets newer than ID #935612360676532224 for account
@Scaramucci
about to get all tweets newer than ID #930982584649175047 for account
@mike_pence
about to get all tweets newer than ID #935648895505518592 for account @VP
getting all tweets before ID #924306194558341119
    ...400 tweets downloaded so far
about to get all tweets newer than ID #935603301596282880 for account @SBALinda


New tweet from VP: 70 years ago we recognized the future of the Jewish people
lay in a state they could call their own, &amp; today @POTUS…
https://t.co/aa85jWVVVt

archiving URL http://twitter.com/VP/status/935655100013596672
    ... archiving using prefix http://web.archive.org/save/

archiving URL https://twitter.com/VP/status/935655100013596672
    ... archiving using prefix http://web.archive.org/save/
about to get all tweets newer than ID #934443265239154689 for account
@KellyannePolls


New tweet from VP: Watch live! Speaking now at the @HudsonInstitute's 2017
Herman Kahn Award Dinner about @POTUS' pro-JOBS tax cuts an…
https://t.co/rZoAYVnjdy

archiving URL http://twitter.com/VP/status/935667983984332800
    ... archiving using prefix http://web.archive.org/save/

archiving URL https://twitter.com/VP/status/935667983984332800
    ... archiving using prefix http://web.archive.org/save/
about to get all tweets newer than ID #934446372824211456 for account
@SecretarySonny


New tweet from VP: Under @POTUS’ leadership, our administration has taken
decisive action to restore American strength – and American…
https://t.co/eoFC5OgQJK

archiving URL http://twitter.com/VP/status/935677497617911808
    ... archiving using prefix http://web.archive.org/save/

archiving URL https://twitter.com/VP/status/935677497617911808
    ... archiving using prefix http://web.archive.org/save/
about to get all tweets newer than ID #836780744810844161 for account
@StephenMillerAL


New tweet from VP: With the strong leadership of our @POTUS, we will pass the
largest tax cut in American history. https://t.co/eacgrqA6fb

archiving URL http://twitter.com/VP/status/935679221942366209
    ... archiving using prefix http://web.archive.org/save/
about to get all tweets newer than ID #935652983232188416 for account
@SecondLady

archiving URL https://twitter.com/VP/status/935679221942366209
    ... archiving using prefix http://web.archive.org/save/


New tweet from VP: Just last week, @POTUS Trump declared North Korea a state
sponsor of terrorism, and in the wake of today’s provocat…
https://t.co/pE0nARzT9k

archiving URL http://twitter.com/VP/status/935681189138100224
    ... archiving using prefix http://web.archive.org/save/
about to get all tweets newer than ID #935643095147958273 for account
@SecShulkin

archiving URL https://twitter.com/VP/status/935681189138100224
    ... archiving using prefix http://web.archive.org/save/


New tweet from VP: .@POTUS pledged to crush and destroy ISIS – and today,
thanks to the courage of our Armed Forces, and the resolve o…
https://t.co/viKPMn8LWU

archiving URL http://twitter.com/VP/status/935681553602109445
    ... archiving using prefix http://web.archive.org/save/

archiving URL https://twitter.com/VP/status/935681553602109445
    ... archiving using prefix http://web.archive.org/save/
ERROR: unable to get tweets for account @SecShulkin
           the system said: Failed to parse JSON payload: Unterminated string
starting at: line 1 column 508940 (char 508939)
about to get all tweets newer than ID #929769209055338496 for account
@GovernorPerry


New tweet from VP: Everywhere I go, I see the critical need for American
leadership &amp; the difference it makes, to confront the emergen…
https://t.co/UDEr8plC5H

archiving URL http://twitter.com/VP/status/935682225676353537
    ... archiving using prefix http://web.archive.org/save/

archiving URL https://twitter.com/VP/status/935682225676353537
    ... archiving using prefix http://web.archive.org/save/
about to get all tweets newer than ID #928306806681735168 for account
@BetsyDeVosED
ERROR: unable to get tweets for account @BetsyDeVosED
           the system said: Failed to send request:
HTTPSConnectionPool(host='api.twitter.com', port=443): Read timed out.
about to get all tweets newer than ID #935498951104585728 for account
@seanspicer
about to get all tweets newer than ID #935602234213257216 for account @FLOTUS
about to get all tweets newer than ID #935692301522882560 for account
@AshLeeStrong
getting all tweets before ID #926261890719862783
ERROR: unable to get tweets for account @AshLeeStrong
           the system said: Failed to parse JSON payload: Unterminated string
starting at: line 1 column 506959 (char 506958)
about to get all tweets newer than ID #890659905798983680 for account @Reince45
ERROR: unable to get tweets for account @Reince45
           the system said: Failed to parse JSON payload: Unterminated string
starting at: line 1 column 510384 (char 510383)
about to get all tweets newer than ID #928448335584858113 for account @Reince
about to get all tweets newer than ID #935658765466075137 for account
@IvankaTrump
about to get all tweets newer than ID #898632795517403136 for account
@GeneralJFKellly
ERROR: unable to get tweets for account @GeneralJFKellly
           the system said: Not authorized.
about to get all tweets newer than ID #935630766846939136 for account
@stevenmnuchin1
about to get all tweets newer than ID #934590789518286848 for account
@MickMulvaneyOMB
about to get all tweets newer than ID #935650276798750721 for account @PRyan
getting all tweets before ID #895094278631940095
ERROR: unable to get tweets for account @PRyan
           the system said: Failed to parse JSON payload: Unterminated string
starting at: line 1 column 506449 (char 506448)
about to get all tweets newer than ID #824610180881117184 for account
@GovPenceIN
about to get all tweets newer than ID #933713814859780098 for account
@EPAScottPruitt
ERROR: unable to get tweets for account @EPAScottPruitt
           the system said: Failed to parse JSON payload: Unterminated string
starting at: line 1 column 511287 (char 511286)
about to get all tweets newer than ID #933749689714991105 for account
@TomBossert45
ERROR: unable to get tweets for account @TomBossert45
           the system said: Failed to parse JSON payload: Expecting ':'
delimiter: line 1 column 510685 (char 510684)
about to get all tweets newer than ID #867385249340297217 for account
@RealBenCarson
about to get all tweets newer than ID #935565566785523713 for account
@SecretaryAcosta
ERROR: unable to get tweets for account @SecretaryAcosta
           the system said: Failed to parse JSON payload: Unterminated string
starting at: line 1 column 503563 (char 503562)
about to get all tweets newer than ID #935600579929309184 for account
@SecretaryZinke
about to get all tweets newer than ID #816290296048873472 for account
@WilburRoss
about to get all tweets newer than ID #935631894699544577 for account
@WhiteHouse
getting all tweets before ID #928088757793972223
ERROR: unable to get tweets for account @WhiteHouse
           the system said: Failed to parse JSON payload: Unterminated string
starting at: line 1 column 508935 (char 508934)
about to get all tweets newer than ID #-1 for account @ElaineChao
about to get all tweets newer than ID #935689292290187264 for account @PressSec
ERROR: unable to get tweets for account @PressSec
           the system said: Failed to parse JSON payload: Unterminated string
starting at: line 1 column 507946 (char 507945)
about to get all tweets newer than ID #933349414835576834 for account
@IvankaTrumpHQ
about to get all tweets newer than ID #935635098694832129 for account
@SpeakerRyan
about to get all tweets newer than ID #935686205429157888 for account
@realDonaldTrump
getting all tweets before ID #926139726129704959
ERROR: unable to get tweets for account @realDonaldTrump
           the system said: Failed to send request:
HTTPSConnectionPool(host='api.twitter.com', port=443): Max retries exceeded with
 url: /1.1/statuses/user_timeline.json?screen_name=realDonaldTrump&max_id=926139
726129704959&count=200 (Caused by NewConnectionError('<requests.packages.urllib3
.connection.VerifiedHTTPSConnection object at 0xb650378c>: Failed to establish a
 new connection: [Errno -2] Name or service not known',))
about to get all tweets newer than ID #795981284761894912 for account
@MELANIATRUMP
ERROR: unable to get tweets for account @MELANIATRUMP
           the system said: Failed to send request:
HTTPSConnectionPool(host='api.twitter.com', port=443): Max retries exceeded with
 url: /1.1/statuses/user_timeline.json?screen_name=MELANIATRUMP&count=200
(Caused by NewConnectionError('<requests.packages.urllib3.connection.VerifiedHTT
PSConnection object at 0xb65037ac>: Failed to establish a new connection: [Errno
 -2] Name or service not known',))
about to get all tweets newer than ID #935628698627313665 for account @POTUS
ERROR: unable to get tweets for account @POTUS
           the system said: Failed to send request:
HTTPSConnectionPool(host='api.twitter.com', port=443): Max retries exceeded with
 url: /1.1/statuses/user_timeline.json?screen_name=POTUS&count=200 (Caused by Ne
wConnectionError('<requests.packages.urllib3.connection.VerifiedHTTPSConnection
object at 0xb670e0cc>: Failed to establish a new connection: [Errno -2] Name or
service not known',))
about to get all tweets newer than ID #903694300306923521 for account
@SecElaineChao
ERROR: unable to get tweets for account @SecElaineChao
           the system said: Failed to send request: EOF occurred in violation of
 protocol (_ssl.c:600)
about to get all tweets newer than ID #934972671384834049 for account
@DanScavino
ERROR: unable to get tweets for account @DanScavino
           the system said: Failed to send request:
HTTPSConnectionPool(host='api.twitter.com', port=443): Read timed out.
about to get all tweets newer than ID #898401955847876608 for account
@Linda_McMahon
ERROR: unable to get tweets for account @Linda_McMahon
           the system said: Failed to send request:
HTTPSConnectionPool(host='api.twitter.com', port=443): Max retries exceeded with
 url: /1.1/statuses/user_timeline.json?screen_name=Linda_McMahon&count=200
(Caused by NewConnectionError('<requests.packages.urllib3.connection.VerifiedHTT
PSConnection object at 0xb63c266c>: Failed to establish a new connection: [Errno
 -2] Name or service not known',))
about to get all tweets newer than ID #935618071116513281 for account
@nikkihaley
ERROR: unable to get tweets for account @nikkihaley
           the system said: Failed to send request:
HTTPSConnectionPool(host='api.twitter.com', port=443): Read timed out.
about to get all tweets newer than ID #935603459331706881 for account
@SecretaryCarson
ERROR: unable to get tweets for account @SecretaryCarson
           the system said: Failed to send request:
HTTPSConnectionPool(host='api.twitter.com', port=443): Max retries exceeded with
 url: /1.1/statuses/user_timeline.json?screen_name=SecretaryCarson&count=200
(Caused by NewConnectionError('<requests.packages.urllib3.connection.VerifiedHTT
PSConnection object at 0xb63abb4c>: Failed to establish a new connection: [Errno
 -2] Name or service not known',))
about to get all tweets newer than ID #935660741847330816 for account @Scavino45
ERROR: unable to get tweets for account @Scavino45
           the system said: Failed to send request:
HTTPSConnectionPool(host='api.twitter.com', port=443): Read timed out. (read
timeout=60)
about to get all tweets newer than ID #935661414332682241 for account
@StephGrisham45
ERROR: unable to get tweets for account @StephGrisham45
           the system said: Failed to send request:
HTTPSConnectionPool(host='api.twitter.com', port=443): Read timed out. (read
timeout=60)
about to get all tweets newer than ID #832282841471918080 for account
@BetsyDeVos
about to get all tweets newer than ID #816846808789958656 for account
@SenDanCoats
ERROR: unable to get tweets for account @SenDanCoats
           the system said: Failed to parse JSON payload: Unterminated string
starting at: line 1 column 504592 (char 504591)
about to get all tweets newer than ID #935555948684496896 for account
@JessicaDitto45
ERROR: unable to get tweets for account @JessicaDitto45
           the system said: Failed to parse JSON payload: Unterminated string
starting at: line 1 column 507930 (char 507929)
about to get all tweets newer than ID #830074939298414592 for account
@RepTomPrice
ERROR: unable to get tweets for account @RepTomPrice
           the system said: Failed to parse JSON payload: Expecting ':'
delimiter: line 1 column 508941 (char 508940)
about to get all tweets newer than ID #856041462164836355 for account
@FirstLadyIN
about to get all tweets newer than ID #-1 for account @jaredkushner
about to get all tweets newer than ID #913881045652688901 for account
@SecPriceMD
ERROR: unable to get tweets for account @SecPriceMD
           the system said: Failed to parse JSON payload: Unterminated string
starting at: line 1 column 506041 (char 506040)
... OK, we're set up, and about to watch 830128820447539208, 836305915452272641,
 24578794, 22203756, 818910970567344128, 819992522109894658, 471672239,
842072478834909184, 728361177986797568, 822127086194348032, 831482588246196225,
18906561, 828997388920619008, 20776147, 818876014390603776, 296060169,
803703725730779136, 20733972, 52544275, 892173412818354177, 799764016885329921,
888031054141022209, 733751245, 15985455, 832672006113931269, 866746592853979137,
 1180379185, 819980276570976256, 827258161841135623, 809836066316451840,
822215673812119553, 105267762, 818927131883356161, 798195585824104449, 18916432,
 25073877, 108471631, 822215679726100480, 826065858548133888, 620571475,
65522706, 37666984, 828613457020870657, 823367015830323201, 823638938590085124,
599530439, 212262370, 836724024688410625, 6577802, 1923451808, 29547260,
829782369670410240
