Hello, traveler. This is the beginning of a log file called: "Fascist Tweet Archiver".
Some basic system info about the host machine: posix.uname_result(sysname='Linux', nodename='file-server', release='3.16.0-4-686-pae', version='#1 SMP Debian 3.16.43-2+deb8u5 (2017-09-19)', machine='i686')
This log was begun Saturday, 28 October 2017 at 00:55



INFO: read target account data; we're tracking 52 accounts
WARNING: no ProtocolError (got exception "name 'ProtocolError' is not defined");
 trying requests.packages.urllib3.exceptions instead
NOTE: successfully imported from requests
Starting up...
about to get all tweets newer than ID #795981284761894912 for account
@MELANIATRUMP
about to get all tweets newer than ID #-1 for account @ElaineChao
about to get all tweets newer than ID #923965275522842626 for account @FLOTUS
about to get all tweets newer than ID #923975178979291137 for account
@SpeakerRyan
about to get all tweets newer than ID #836780744810844161 for account
@StephenMillerAL
about to get all tweets newer than ID #924032980426903552 for account
@IvankaTrumpHQ
about to get all tweets newer than ID #923722673972269056 for account
@DanScavino
about to get all tweets newer than ID #923714029645893637 for account
@mike_pence
about to get all tweets newer than ID #923291711236911104 for account
@TomBossert45
about to get all tweets newer than ID #923140261856804865 for account @Reince
about to get all tweets newer than ID #923987250521788417 for account
@IvankaTrump
about to get all tweets newer than ID #923612454776725506 for account
@EPAScottPruitt
about to get all tweets newer than ID #898401955847876608 for account
@Linda_McMahon
about to get all tweets newer than ID #913881045652688901 for account
@SecPriceMD
about to get all tweets newer than ID #898632795517403136 for account
@GeneralJFKellly
