Hello, traveler. This is the beginning of a log file called: "Fascist Tweet Archiver".
Some basic system info about the host machine: posix.uname_result(sysname='Linux', nodename='linawesome', release='4.8.0-53-generic', version='#56~16.04.1-Ubuntu SMP Tue May 16 01:18:56 UTC 2017', machine='x86_64')
This log was begun Tuesday, 14 November 2017 at 14:12



INFO: read target account data; we're tracking 52 accounts
WARNING: no ProtocolError (got exception "name 'ProtocolError' is not defined"); trying requests.packages.urllib3.exceptions instead
NOTE: successfully imported from requests
Starting up...
about to get all tweets newer than ID #924326914000588805 for account @DanScavino
getting all tweets before ID #845687784706916351
    ...400 tweets downloaded so far


New tweet from DanScavino: What a game in Ames, Iowa! Congrats @CycloneATH🏈 https://t.co/jvTUUk4fNh

archiving URL http://twitter.com/DanScavino/status/924410320843616258
    ... archiving using prefix http://web.archive.org/save/
about to get all tweets newer than ID #924320476872302592 for account @SpeakerRyan
getting all tweets before ID #923704699882061823

archiving URL https://twitter.com/DanScavino/status/924410320843616258
    ... archiving using prefix http://web.archive.org/save/
    ...400 tweets downloaded so far


New tweet from SpeakerRyan: RT @PatrickMcHenry: This misguided rule was little more than a pay out for wealthy trial lawyers. I look
 forward to seeing @POTUS sign this…

archiving URL http://twitter.com/SpeakerRyan/status/925015161718624256
    ... archiving using prefix http://web.archive.org/save/
about to get all tweets newer than ID #924005462017748992 for account @SecretaryZinke


New tweet from DanScavino: .@AP, you forgot “Sloppy.” https://t.co/GLkONnq42N

archiving URL http://twitter.com/DanScavino/status/924458011313270785
    ... archiving using prefix http://web.archive.org/save/
getting all tweets before ID #912731267820597247

archiving URL https://twitter.com/DanScavino/status/924458011313270785
    ... archiving using prefix http://web.archive.org/save/
    ...400 tweets downloaded so far


New tweet from SecretaryZinke: The humane &amp; ethical treatment of wild horses is a big concern &amp; last month @Interior hosted
animal rights advocates https://t.co/tVhAxy5ZBs

archiving URL http://twitter.com/SecretaryZinke/status/925069198526701569
    ... archiving using prefix http://web.archive.org/save/
about to get all tweets newer than ID #923557369749164033 for account @BetsyDeVosED

archiving URL https://twitter.com/SpeakerRyan/status/925015161718624256
    ... archiving using prefix http://web.archive.org/save/


New tweet from DanScavino: RT @realDonaldTrump: Congratulations to all of the ”DEPLORABLES” and the millions of people who gave us a
 MASSIVE (304-227) Electoral Colle…

archiving URL http://twitter.com/DanScavino/status/928325907181322240
    ... archiving using prefix http://web.archive.org/save/
getting all tweets before ID #841334276864036863


New tweet from SpeakerRyan: RT @WaysandMeansGOP: Simpler tax code for all Americans:
✅Lower tax rates
✅Larger standard deduction
✅No
 more special interest tax breaks
h…

archiving URL http://twitter.com/SpeakerRyan/status/925022953934344198
    ... archiving using prefix http://web.archive.org/save/

archiving URL https://twitter.com/SecretaryZinke/status/925069198526701569
    ... archiving using prefix http://web.archive.org/save/
    ...299 tweets downloaded so far


New tweet from BetsyDeVosED: RT @ricardorossello: With @SecEducacionPR talking to @BetsyDeVosED about the condition of the Island's
schools and our plans for rebuilding…

archiving URL http://twitter.com/BetsyDeVosED/status/928306755939000322
    ... archiving using prefix http://web.archive.org/save/
about to get all tweets newer than ID #924381114868948992 for account @nikkihaley
getting all tweets before ID #894201365546897410


New tweet from SecretaryZinke: Hey lazy bones, off the bike &amp; back to work! Awesome #Halloween decor in this Insular Affairs
employee's office 💀🏍🇺🇸 https://t.co/mbh9Qm6osG

archiving URL http://twitter.com/SecretaryZinke/status/925076794885181441
    ... archiving using prefix http://web.archive.org/save/
    ...400 tweets downloaded so far


New tweet from nikkihaley: With no education,abducted as child soldiers,young girls raped...We can't take our eyes off the children
of S. Suda… https://t.co/dnZQmk9uWE

archiving URL http://twitter.com/nikkihaley/status/924544160895586304
    ... archiving using prefix http://web.archive.org/save/
about to get all tweets newer than ID #913805829710675974 for account @GovernorPerry

archiving URL https://twitter.com/DanScavino/status/928325907181322240
    ... archiving using prefix http://web.archive.org/save/
getting all tweets before ID #733018912757972991
    ...400 tweets downloaded so far

archiving URL https://twitter.com/BetsyDeVosED/status/928306755939000322


New tweet from GovernorPerry: Reading a great book about Leadership and Loyalty. They go together!!  Mac Richard has hit the…
https://t.co/pu0SUPq6aj

archiving URL http://twitter.com/GovernorPerry/status/929515897374601216
    ... archiving using prefix http://web.archive.org/save/
    ... archiving using prefix http://web.archive.org/save/
about to get all tweets newer than ID #-1 for account @jaredkushner

archiving URL https://twitter.com/SpeakerRyan/status/925022953934344198
    ... archiving using prefix http://web.archive.org/save/
about to get all tweets newer than ID #923588493116403717 for account @SBALinda

archiving URL https://twitter.com/nikkihaley/status/924544160895586304
    ... archiving using prefix http://web.archive.org/save/


New tweet from DanScavino: RT @DanScavino: Donald J. Trump Rally in Dallas, Texas. One word! EPIC!! #HistoryInMaking w/
@realDonaldTrump #Trump2016 http://t.co/ENT3LK…

archiving URL http://twitter.com/DanScavino/status/928451275934507008
    ... archiving using prefix http://web.archive.org/save/

archiving URL https://twitter.com/SecretaryZinke/status/925076794885181441
    ... archiving using prefix http://web.archive.org/save/

archiving URL https://twitter.com/GovernorPerry/status/929515897374601216
    ... archiving using prefix http://web.archive.org/save/


New tweet from BetsyDeVosED: RT @ricardorossello: With US Department of Education secretary @BetsyDeVosED and her staff itemizing
the areas that need the most attention…

archiving URL http://twitter.com/BetsyDeVosED/status/928306806681735168
    ... archiving using prefix http://web.archive.org/save/
getting all tweets before ID #906290432547725311


New tweet from SpeakerRyan: RT @RepMimiWalters: It's time to reform our tax code &amp; put more money back in your pockets. Read my
op-ed in today’s @ocregister: https://t…

archiving URL http://twitter.com/SpeakerRyan/status/925075570232262656
    ... archiving using prefix http://web.archive.org/save/


New tweet from nikkihaley: "It's not a democracy unless the ppls voices are heard.We won't condone elections being put off any
longer."Amb Hal… https://t.co/kg4OMKMXNU

archiving URL http://twitter.com/nikkihaley/status/924770380031627264
    ... archiving using prefix http://web.archive.org/save/


New tweet from SecretaryZinke: Fair winds and following seas, Governor Judy Martz. Her passion for #Montana and her people was
always clear. https://t.co/KGrSbiImYE

archiving URL http://twitter.com/SecretaryZinke/status/925714604289941505
    ... archiving using prefix http://web.archive.org/save/
    ...400 tweets downloaded so far


New tweet from SBALinda: This week we honor veterans who've followed their military service with entrepreneurship. Check out my
latest blog! https://t.co/0aNXE3ABNy

archiving URL http://twitter.com/SBALinda/status/925048084094160896
    ... archiving using prefix http://web.archive.org/save/
about to get all tweets newer than ID #924632430513934341 for account @KellyannePolls


New tweet from GovernorPerry: Entire Corps of Cadets forming a block T during game last night #oldschool #tamu
https://t.co/a8TLRpc4iZ

archiving URL http://twitter.com/GovernorPerry/status/929769209055338496
    ... archiving using prefix http://web.archive.org/save/

archiving URL https://twitter.com/DanScavino/status/928451275934507008
    ... archiving using prefix http://web.archive.org/save/

archiving URL https://twitter.com/BetsyDeVosED/status/928306806681735168
    ... archiving using prefix http://web.archive.org/save/

archiving URL https://twitter.com/nikkihaley/status/924770380031627264
    ... archiving using prefix http://web.archive.org/save/

archiving URL https://twitter.com/SecretaryZinke/status/925714604289941505
    ... archiving using prefix http://web.archive.org/save/
getting all tweets before ID #899058258094178307

archiving URL https://twitter.com/SpeakerRyan/status/925075570232262656
    ... archiving using prefix http://web.archive.org/save/

archiving URL https://twitter.com/SBALinda/status/925048084094160896
    ... archiving using prefix http://web.archive.org/save/

archiving URL https://twitter.com/GovernorPerry/status/929769209055338496
    ... archiving using prefix http://web.archive.org/save/


New tweet from DanScavino: RT @DanScavino: 112 DAYS since @realDonaldTrump announced his run. (2.6K+HRS, 
160K+MIN &amp; 9M+SEC)
Also, the length of time pundits have be…

archiving URL http://twitter.com/DanScavino/status/928451596907724800
    ... archiving using prefix http://web.archive.org/save/
    ...400 tweets downloaded so far


New tweet from KellyannePolls: Latest example of all @POTUS @SecShulkin &amp; Administration have accomplished for our beloved
#veterans in a matter o… https://t.co/C0MunTlCfb

archiving URL http://twitter.com/KellyannePolls/status/925039051853398018
    ... archiving using prefix http://web.archive.org/save/
about to get all tweets newer than ID #924960162858889217 for account @SecShulkin


New tweet from SecretaryZinke: RT @USIndianAffairs: Acting AS-IA Tahsuda welcomes the Kiowa Black Leggings Warrior Society to the
#NAHM17 Opening Ceremony at @Interior. h…

archiving URL http://twitter.com/SecretaryZinke/status/925738345640194048
    ... archiving using prefix http://web.archive.org/save/


New tweet from nikkihaley: Celebrating Halloween with our sweet Team USUN family! #HappyHalloween #GoodTimes https://t.co/pmLk2ut2qx

archiving URL http://twitter.com/nikkihaley/status/925141572634791936
    ... archiving using prefix http://web.archive.org/save/


New tweet from SpeakerRyan: From a Congressional Gold Medal ceremony to sending bills off to the @WhiteHouse, here are 10 photos
from October.… https://t.co/e1BAS5MIym

archiving URL http://twitter.com/SpeakerRyan/status/925089639538483200
    ... archiving using prefix http://web.archive.org/save/


New tweet from SBALinda: We've converted the conference center at @SBAgov HQ into a processing center for disaster loans...
https://t.co/wCLkFaaHyo

archiving URL http://twitter.com/SBALinda/status/925445044307484672
    ... archiving using prefix http://web.archive.org/save/
getting all tweets before ID #912673388644192255

archiving URL https://twitter.com/nikkihaley/status/925141572634791936
    ... archiving using prefix http://web.archive.org/save/

archiving URL https://twitter.com/SecretaryZinke/status/925738345640194048
    ... archiving using prefix http://web.archive.org/save/

archiving URL https://twitter.com/DanScavino/status/928451596907724800
    ... archiving using prefix http://web.archive.org/save/

archiving URL https://twitter.com/KellyannePolls/status/925039051853398018
    ... archiving using prefix http://web.archive.org/save/

archiving URL https://twitter.com/SpeakerRyan/status/925089639538483200
    ... archiving using prefix http://web.archive.org/save/
    ...400 tweets downloaded so far


New tweet from SecShulkin: #JNJ CEO Alex Gorsky and I announced the #BeThere campaign, aimed at helping #Veterans in crisis 🎥
https://t.co/NAMWtOlWek via @FoxBusiness

archiving URL http://twitter.com/SecShulkin/status/924996918022897664
    ... archiving using prefix http://web.archive.org/save/

archiving URL https://twitter.com/SBALinda/status/925445044307484672
    ... archiving using prefix http://web.archive.org/save/
about to get all tweets newer than ID #924347433571799042 for account @PressSec


New tweet from nikkihaley: Our trip to Africa was intense. I am thankful to this amazing team (insert Julie J)for the tireless work
they put i… https://t.co/rjLVSWMBjG

archiving URL http://twitter.com/nikkihaley/status/925358580718604288
    ... archiving using prefix http://web.archive.org/save/
getting all tweets before ID #915360895206920191


New tweet from SecretaryZinke: @NatResources @Interior @westerncaucus Thanks!

archiving URL http://twitter.com/SecretaryZinke/status/925795848549752832
    ... archiving using prefix http://web.archive.org/save/


New tweet from DanScavino: RT @DanScavino: November 10, 2015

4th # GOPDebate 

Pundits continue to be wrong on their "expert"
analysis of @realDonaldTrump.

#MakeAme…

archiving URL http://twitter.com/DanScavino/status/928452065424171008
    ... archiving using prefix http://web.archive.org/save/


New tweet from SpeakerRyan: RT @NFIB: #TaxReform starts w/#smallbiz. Thank you @SpeakerRyan for spending time w/@NFIB_WI members
&amp; #smallbiz owners at @RoyalBasketTrks…

archiving URL http://twitter.com/SpeakerRyan/status/925104676428804097
    ... archiving using prefix http://web.archive.org/save/

archiving URL https://twitter.com/SecShulkin/status/924996918022897664
    ... archiving using prefix http://web.archive.org/save/


New tweet from KellyannePolls: Strong #JobsReport: 261K jobs added, including 24K manufacturing jobs. Unemployment at 17-year low;
consumer confidence at 17-year high.

archiving URL http://twitter.com/KellyannePolls/status/926453896498819073
    ... archiving using prefix http://web.archive.org/save/


New tweet from SBALinda: ...Saying thanks to everyone at @SBAgov who stepped up to get help to hurricane victims in need....
https://t.co/zoJg4XaZz7

archiving URL http://twitter.com/SBALinda/status/925445351498289153
    ... archiving using prefix http://web.archive.org/save/
    ...400 tweets downloaded so far


New tweet from PressSec: RT @SenateGOP: This week, @IvankaTrump joined the @SenateGOP and @HouseGOP to discuss our commitment to
increasing the child tax credit. #T…

archiving URL http://twitter.com/PressSec/status/924700079646216192
    ... archiving using prefix http://web.archive.org/save/
about to get all tweets newer than ID #923573932359331840 for account @MickMulvaneyOMB

archiving URL https://twitter.com/nikkihaley/status/925358580718604288
    ... archiving using prefix http://web.archive.org/save/

archiving URL https://twitter.com/SBALinda/status/925445351498289153
    ... archiving using prefix http://web.archive.org/save/

archiving URL https://twitter.com/SecretaryZinke/status/925795848549752832
    ... archiving using prefix http://web.archive.org/save/


New tweet from SecShulkin: Good job to #Veterans and the @VANorthTexas team - it’s important we all get a #flushot this season
https://t.co/ctnkyH9zIy #VAntagePoint

archiving URL http://twitter.com/SecShulkin/status/925059853793579011
    ... archiving using prefix http://web.archive.org/save/
getting all tweets before ID #888046233138417663

archiving URL https://twitter.com/KellyannePolls/status/926453896498819073
    ... archiving using prefix http://web.archive.org/save/
    ...27 tweets downloaded so far


New tweet from MickMulvaneyOMB: We've had two consecutive quarters of 3% GDP growth or higher. Imagine what we can do with
#TaxReform! https://t.co/oG3Z1v947D

archiving URL http://twitter.com/MickMulvaneyOMB/status/926116193055989761
    ... archiving using prefix http://web.archive.org/save/

archiving URL https://twitter.com/DanScavino/status/928452065424171008
about to get all tweets newer than ID #923261387434012672 for account @SecretaryRoss
    ... archiving using prefix http://web.archive.org/save/

archiving URL https://twitter.com/SpeakerRyan/status/925104676428804097
    ... archiving using prefix http://web.archive.org/save/


New tweet from nikkihaley: Heartbroken by the loss of life &amp; for all injured in yesterday's attack. Violence won't stop us from
living our liv… https://t.co/EnPTmKyXyy

archiving URL http://twitter.com/nikkihaley/status/925701775352565760
    ... archiving using prefix http://web.archive.org/save/
about to get all tweets newer than ID #832282841471918080 for account @BetsyDeVos


New tweet from SBALinda: ... So far @SBAgov has approved 28,600 loans worth $2.1 billion for victims of hurricanes Harvey, Irma and
Maria. https://t.co/cLDj6x0kBo

archiving URL http://twitter.com/SBALinda/status/925445923232210944
    ... archiving using prefix http://web.archive.org/save/

archiving URL https://twitter.com/PressSec/status/924700079646216192
    ... archiving using prefix http://web.archive.org/save/


New tweet from SecretaryZinke: Congrats to Mark at @USFWS Joe at @BLMNational Kristin at @usbr &amp; Geoff at @USGS for winning
Safety, Innovation and Efficiency Awards!

archiving URL http://twitter.com/SecretaryZinke/status/926073278531334144
    ... archiving using prefix http://web.archive.org/save/


New tweet from KellyannePolls: RT @MarkSimoneNY: Trump delivers on promise, big economic growth in 1st year. NBC/CBS/ABC/CNN don't
consider it a news story: https://t.co/…

archiving URL http://twitter.com/KellyannePolls/status/927290871384543232
    ... archiving using prefix http://web.archive.org/save/
about to get all tweets newer than ID #924322223623634944 for account @Scaramucci


New tweet from DanScavino: RT @DanScavino: Pundits are running out of things 2say, as Dec approaches! 5 1/2 months in!
@realDonaldTrump is NOT going anywhere! https:/…

archiving URL http://twitter.com/DanScavino/status/928452247041613825
    ... archiving using prefix http://web.archive.org/save/

archiving URL https://twitter.com/MickMulvaneyOMB/status/926116193055989761
    ... archiving using prefix http://web.archive.org/save/


New tweet from SpeakerRyan: It my be #Halloween, but we're not getting spooked. #TaxReform will get done in 2017.
https://t.co/Yl2yRwuU1q

archiving URL http://twitter.com/SpeakerRyan/status/925346471846739968
    ... archiving using prefix http://web.archive.org/save/

archiving URL https://twitter.com/nikkihaley/status/925701775352565760
    ... archiving using prefix http://web.archive.org/save/

archiving URL https://twitter.com/SBALinda/status/925445923232210944
    ... archiving using prefix http://web.archive.org/save/

archiving URL https://twitter.com/SecShulkin/status/925059853793579011
    ... archiving using prefix http://web.archive.org/save/
getting all tweets before ID #920944007894720512

archiving URL https://twitter.com/SecretaryZinke/status/926073278531334144
    ... archiving using prefix http://web.archive.org/save/


New tweet from PressSec: RT @POTUS: #HappyHalloween from the @WhiteHouse! 👻🎃 https://t.co/LtTKT2fDF4

archiving URL http://twitter.com/PressSec/status/925126829673009153
    ... archiving using prefix http://web.archive.org/save/

archiving URL https://twitter.com/KellyannePolls/status/927290871384543232
    ... archiving using prefix http://web.archive.org/save/


New tweet from nikkihaley: On res. condemning the US:"As long as the Cuban ppl are deprived of their human rights &amp; freedoms –
we don't fear i… https://t.co/4dUxoILqIV

archiving URL http://twitter.com/nikkihaley/status/925857043319320578
    ... archiving using prefix http://web.archive.org/save/


New tweet from SBALinda: Thank you to our veterans for all the sacrifices they and their families make in service to our country!
https://t.co/453dzn9wMB

archiving URL http://twitter.com/SBALinda/status/925809747672096768
    ... archiving using prefix http://web.archive.org/save/

archiving URL https://twitter.com/DanScavino/status/928452247041613825
    ... archiving using prefix http://web.archive.org/save/


New tweet from SecShulkin: RT @DeptVetAffairs: VA employee volunteers time to play Taps at military funerals https://t.co/k35armTIyU
 via #VAntagePoint

archiving URL http://twitter.com/SecShulkin/status/925089929083973632
    ... archiving using prefix http://web.archive.org/save/


New tweet from SecretaryZinke: RT @realDonaldTrump: Just took off for ceremony @ Pearl Harbor. Will then be heading to Japan,
SKorea, China, Vietnam &amp; the Philippines. Wi…

archiving URL http://twitter.com/SecretaryZinke/status/926460585193156608
    ... archiving using prefix http://web.archive.org/save/

archiving URL https://twitter.com/PressSec/status/925126829673009153
    ... archiving using prefix http://web.archive.org/save/

archiving URL https://twitter.com/SpeakerRyan/status/925346471846739968
    ... archiving using prefix http://web.archive.org/save/


New tweet from KellyannePolls: .@jaketapper that's not nice 2 @brianstelter. You realize he cited the highly-rated @Foxnews first,
right? I talked… https://t.co/ZOqpbfvTao

archiving URL http://twitter.com/KellyannePolls/status/927292415496675328
    ... archiving using prefix http://web.archive.org/save/

archiving URL https://twitter.com/SBALinda/status/925809747672096768
    ...400 tweets downloaded so far
    ... archiving using prefix http://web.archive.org/save/


New tweet from Scaramucci: That was easy. Done https://t.co/5qHF8edLC6

archiving URL http://twitter.com/Scaramucci/status/924655413404033026
    ... archiving using prefix http://web.archive.org/save/

archiving URL https://twitter.com/nikkihaley/status/925857043319320578
    ... archiving using prefix http://web.archive.org/save/
about to get all tweets newer than ID #816846808789958656 for account @SenDanCoats


New tweet from DanScavino: RT @DanScavino: LETS GO #TrumpTrain🚂🇺🇸🇺🇸
Lets sweep #SuperTuesday &amp; PUNDITS 
will have a new CEILING
2discuss for @realDonaldTrump! https:/…

archiving URL http://twitter.com/DanScavino/status/928452931342385152
    ... archiving using prefix http://web.archive.org/save/

archiving URL https://twitter.com/SecShulkin/status/925089929083973632
    ... archiving using prefix http://web.archive.org/save/


New tweet from SpeakerRyan: RT @RepKevinCramer: Don’t Be Spooked. The Tax Code Defenders are Coming https://t.co/eGEmdgYEyJ via
@SpeakerRyan

archiving URL http://twitter.com/SpeakerRyan/status/925385803135676416
    ... archiving using prefix http://web.archive.org/save/

archiving URL https://twitter.com/SecretaryZinke/status/926460585193156608
    ... archiving using prefix http://web.archive.org/save/


New tweet from PressSec: RT @WhiteHouse: On President Trump’s orders, U.S. forces captured Mustafa al-Imam; he will face justice for
 his alleged role in 9/11/12 Ben…

archiving URL http://twitter.com/PressSec/status/925161404474232833
    ... archiving using prefix http://web.archive.org/save/
about to get all tweets newer than ID #923868752629977088 for account @stevenmnuchin1


New tweet from SBALinda: Chatting with @IrvingChamber about how @SBAgov can help small businesses start, grow &amp; succeed.
#SBAIgniteTour https://t.co/ip2l1KlH60

archiving URL http://twitter.com/SBALinda/status/926151462417305601
    ... archiving using prefix http://web.archive.org/save/


New tweet from nikkihaley: RT @AmazingiGrace: Remember the good times, be strong during the difficult times, love always, laugh
often, and thank God every day.

archiving URL http://twitter.com/nikkihaley/status/925904016420294657
    ... archiving using prefix http://web.archive.org/save/

archiving URL https://twitter.com/KellyannePolls/status/927292415496675328
    ... archiving using prefix http://web.archive.org/save/

archiving URL https://twitter.com/DanScavino/status/928452931342385152
    ... archiving using prefix http://web.archive.org/save/

archiving URL https://twitter.com/Scaramucci/status/924655413404033026
    ... archiving using prefix http://web.archive.org/save/

archiving URL https://twitter.com/SBALinda/status/926151462417305601
    ... archiving using prefix http://web.archive.org/save/


New tweet from SecShulkin: A look at our healthcare operations center and how we're working to improve our facilities
https://t.co/XMXWtr7Lei @USAToday @DonovanSlack

archiving URL http://twitter.com/SecShulkin/status/925359726661132290
    ... archiving using prefix http://web.archive.org/save/
getting all tweets before ID #872856225305833472


New tweet from SecretaryZinke: Early briefing this morning. We're going to rebuild @GlacierNPS Sperry Chalet better to last the next
 100 years. https://t.co/zzFr5ilKU7

archiving URL http://twitter.com/SecretaryZinke/status/926822074764574720
    ... archiving using prefix http://web.archive.org/save/


New tweet from KellyannePolls: As promised, I later watched @Eagles go 8-1 &amp; enjoyed my kids. 
As predicted, haters went online
to prove @CNN view… https://t.co/10EbGiifWe

archiving URL http://twitter.com/KellyannePolls/status/927294038113431552
    ... archiving using prefix http://web.archive.org/save/

archiving URL https://twitter.com/PressSec/status/925161404474232833
    ... archiving using prefix http://web.archive.org/save/

archiving URL https://twitter.com/SpeakerRyan/status/925385803135676416
    ... archiving using prefix http://web.archive.org/save/


New tweet from DanScavino: RT @DanScavino: Enjoyed watching pundits &amp; political "experts" tonight. You have been completely
wrong on @realDonaldTrump for 11+ months.…

archiving URL http://twitter.com/DanScavino/status/928453361472487425
    ... archiving using prefix http://web.archive.org/save/
    ...294 tweets downloaded so far


New tweet from stevenmnuchin1: Discussed regional &amp; economic issues w/ His Highness Sheikh Hamed bin Zayed al-Nahyan of Abu
Dhabi Investment Autho… https://t.co/lGsXyNtV12

archiving URL http://twitter.com/stevenmnuchin1/status/924610108323229697
    ... archiving using prefix http://web.archive.org/save/
about to get all tweets newer than ID #913881045652688901 for account @SecPriceMD

archiving URL https://twitter.com/nikkihaley/status/925904016420294657
    ... archiving using prefix http://web.archive.org/save/


New tweet from Scaramucci: Worth another look today  https://t.co/LnZ7B0ST2P

archiving URL http://twitter.com/Scaramucci/status/924668412697153538
    ... archiving using prefix http://web.archive.org/save/

archiving URL https://twitter.com/SecShulkin/status/925359726661132290
    ... archiving using prefix http://web.archive.org/save/


New tweet from SBALinda: Greeting the @SBAgov team working at the Disaster Processing &amp; Disbursement Center in Ft. Worth, TX, to
 get loans t… https://t.co/PKpWQ9Fulf

archiving URL http://twitter.com/SBALinda/status/926184780135305216
    ... archiving using prefix http://web.archive.org/save/

archiving URL https://twitter.com/KellyannePolls/status/927294038113431552
    ... archiving using prefix http://web.archive.org/save/

archiving URL https://twitter.com/SecretaryZinke/status/926822074764574720
    ... archiving using prefix http://web.archive.org/save/
about to get all tweets newer than ID #923928230683402241 for account @SecretaryAcosta


New tweet from PressSec: RT @WhiteHouse: U.S.'s law enforcement, prosecutors, intel, &amp; military personnel are tracking &amp;
capturing Benghazi attack fugitives. https:…

archiving URL http://twitter.com/PressSec/status/925161417996689408
    ... archiving using prefix http://web.archive.org/save/

archiving URL https://twitter.com/Scaramucci/status/924668412697153538
    ... archiving using prefix http://web.archive.org/save/


New tweet from SpeakerRyan: RT @RepArrington: ICYMI: Read my op-ed below on how #taxreform will improve the quality of life for West
 Texans and all Americans: https://…

archiving URL http://twitter.com/SpeakerRyan/status/925389732728791040
    ... archiving using prefix http://web.archive.org/save/


New tweet from nikkihaley: The rest of the world attempted to isolate us at the UN yesterday over our stance on Cuba. This was our
response: https://t.co/BFZgfriseZ

archiving URL http://twitter.com/nikkihaley/status/926185946730647553
    ... archiving using prefix http://web.archive.org/save/


New tweet from SecShulkin: Joined the bipartisan group @HillVets at their autumn alumni event last week - great to meet so many
#Veterans. https://t.co/DAXeFePqHU

archiving URL http://twitter.com/SecShulkin/status/925405746807955456
    ... archiving using prefix http://web.archive.org/save/

archiving URL https://twitter.com/stevenmnuchin1/status/924610108323229697
    ... archiving using prefix http://web.archive.org/save/
getting all tweets before ID #870308776183820287


New tweet from KellyannePolls: #Winning https://t.co/TeY8hnlYFX

archiving URL http://twitter.com/KellyannePolls/status/927294735672381440
    ... archiving using prefix http://web.archive.org/save/


New tweet from SecretaryZinke: Checking out areas @GlacierNPS is developing flood mitigation plans for after the 2017 fires. Gotta
prevent log jams https://t.co/Hxe6C0pA5c

archiving URL http://twitter.com/SecretaryZinke/status/926891704761819136
    ... archiving using prefix http://web.archive.org/save/

archiving URL https://twitter.com/SBALinda/status/926184780135305216
    ... archiving using prefix http://web.archive.org/save/

archiving URL https://twitter.com/DanScavino/status/928453361472487425
    ... archiving using prefix http://web.archive.org/save/

archiving URL https://twitter.com/SecShulkin/status/925405746807955456
    ... archiving using prefix http://web.archive.org/save/


New tweet from Scaramucci: RT @owigarj: Do the work as an offering, and then whatever happens, happens.

 https://t.co/e2zpSMnU5l

archiving URL http://twitter.com/Scaramucci/status/924799728394612736
    ... archiving using prefix http://web.archive.org/save/
    ...304 tweets downloaded so far


New tweet from SecretaryAcosta: Great to join @AHLA for today's announcement of $500K grant to introduce 1,000 young Americans to
hospitality jobs.… https://t.co/t7hp2qoPkh

archiving URL http://twitter.com/SecretaryAcosta/status/925044690864476160
    ... archiving using prefix http://web.archive.org/save/
about to get all tweets newer than ID #867385249340297217 for account @RealBenCarson

archiving URL https://twitter.com/PressSec/status/925161417996689408
    ... archiving using prefix http://web.archive.org/save/

archiving URL https://twitter.com/nikkihaley/status/926185946730647553
    ... archiving using prefix http://web.archive.org/save/

archiving URL https://twitter.com/SpeakerRyan/status/925389732728791040
    ... archiving using prefix http://web.archive.org/save/


New tweet from stevenmnuchin1: Discussed UAE econ issues w/ H.E. Minister of State for Financial Affairs Obaid al-Tayer and Central
Bank Gov. al-M… https://t.co/KKSxwHv7OC

archiving URL http://twitter.com/stevenmnuchin1/status/924610221238095872
    ... archiving using prefix http://web.archive.org/save/

archiving URL https://twitter.com/SecretaryZinke/status/926891704761819136
    ... archiving using prefix http://web.archive.org/save/


New tweet from SBALinda: So far, @SBAgov has approved 28,600 loans worth $2.1 billion for victims of hurricanes Harvey, Irma and
Maria. https://t.co/HVLK5uHrl5

archiving URL http://twitter.com/SBALinda/status/926185472233213955
    ... archiving using prefix http://web.archive.org/save/

archiving URL https://twitter.com/KellyannePolls/status/927294735672381440
    ... archiving using prefix http://web.archive.org/save/


New tweet from DanScavino: RT @DanScavino: If the political pundits were betting their money on this election – they would all be
broke by now! #Trump2016 https://t.c…

archiving URL http://twitter.com/DanScavino/status/928453396641673217
    ... archiving using prefix http://web.archive.org/save/
about to get all tweets newer than ID #924636578043047937 for account @Scavino45

archiving URL https://twitter.com/stevenmnuchin1/status/924610221238095872
    ... archiving using prefix http://web.archive.org/save/


New tweet from PressSec: RT @WhiteHouse: The brave Americans killed at Benghazi will never be forgotten and their families remain in
 the nation’s thoughts and praye…

archiving URL http://twitter.com/PressSec/status/925161438594961408
    ... archiving using prefix http://web.archive.org/save/

archiving URL https://twitter.com/SecretaryAcosta/status/925044690864476160
    ... archiving using prefix http://web.archive.org/save/

archiving URL https://twitter.com/Scaramucci/status/924799728394612736
    ... archiving using prefix http://web.archive.org/save/

archiving URL https://twitter.com/SBALinda/status/926185472233213955
    ... archiving using prefix http://web.archive.org/save/


New tweet from SecShulkin: #Filipino #Veterans received the #CongressionalGoldMedal for service to #USA during #WWII - thanks
@SpeakerRyan,… https://t.co/rdI2ccO05s

archiving URL http://twitter.com/SecShulkin/status/925432955673153536
    ... archiving using prefix http://web.archive.org/save/


New tweet from SecretaryZinke: Thx to @GlacierNPS #LawEnforcement Ranger Kyle - even if he did try to beat the Bulldogs when we
played high school🏈 https://t.co/MkcjlkkXDj

archiving URL http://twitter.com/SecretaryZinke/status/926894422859563008
    ... archiving using prefix http://web.archive.org/save/


New tweet from nikkihaley: Thanks @AIPAC for hosting us! We were excited to speak to such a strong, beautiful, talented group of
women who are… https://t.co/gtSeyJFDTy

archiving URL http://twitter.com/nikkihaley/status/926563650873241605
    ... archiving using prefix http://web.archive.org/save/


New tweet from KellyannePolls: RT @BreitbartNews: "I think CNN should own it. Why not say it’s in our commercial interest at CNN to
be anti-Trump?" https://t.co/US7BgcrEOU

archiving URL http://twitter.com/KellyannePolls/status/927296000124911616
    ... archiving using prefix http://web.archive.org/save/


New tweet from SpeakerRyan: RT @WaysandMeansGOP: "Conservatives in Congress are focused on one thing right now: tax relief for
American families." – @CongressmanHice
h…

archiving URL http://twitter.com/SpeakerRyan/status/925398551978442753
    ... archiving using prefix http://web.archive.org/save/
getting all tweets before ID #925126136572542975


New tweet from stevenmnuchin1: Great meeting w/ His Royal Highness Sheikh Mohammed bin Zayed al Nahyan of UAE. Strong partnership in
 countering terror financing.

archiving URL http://twitter.com/stevenmnuchin1/status/924610261797007360
    ... archiving using prefix http://web.archive.org/save/

archiving URL https://twitter.com/PressSec/status/925161438594961408
    ... archiving using prefix http://web.archive.org/save/

archiving URL https://twitter.com/SecShulkin/status/925432955673153536
    ... archiving using prefix http://web.archive.org/save/


New tweet from SecretaryAcosta: October's #JobsReport shows a return to strong pre-hurricane employment growth.
https://t.co/XXusoj9dJm https://t.co/a03PSFeqbn

archiving URL http://twitter.com/SecretaryAcosta/status/926449586574712832
    ... archiving using prefix http://web.archive.org/save/

archiving URL https://twitter.com/SecretaryZinke/status/926894422859563008
    ... archiving using prefix http://web.archive.org/save/


New tweet from SBALinda: .@SBAgov is working with partners at @fema and at state &amp; local levels to help small businesses recover
 from hurric… https://t.co/HhCgf1YwdD

archiving URL http://twitter.com/SBALinda/status/926186429658681344
    ... archiving using prefix http://web.archive.org/save/


New tweet from Scaramucci: Matt thanks for being so obsessed with me. You may however want to get out of the house more!
https://t.co/R1RoX6gsAT

archiving URL http://twitter.com/Scaramucci/status/925005901567799297
    ... archiving using prefix http://web.archive.org/save/

archiving URL https://twitter.com/nikkihaley/status/926563650873241605
    ... archiving using prefix http://web.archive.org/save/
    ...400 tweets downloaded so far
getting all tweets before ID #914755869732147199

archiving URL https://twitter.com/DanScavino/status/928453396641673217
    ... archiving using prefix http://web.archive.org/save/

archiving URL https://twitter.com/SpeakerRyan/status/925398551978442753
    ... archiving using prefix http://web.archive.org/save/


New tweet from SecShulkin: RT @DeptVetAffairs: This #VeteranOfTheDay survived the Bataan Death march and was a POW for more than
three years https://t.co/U4tIZcTPt4 v…

archiving URL http://twitter.com/SecShulkin/status/925743943622553600
    ... archiving using prefix http://web.archive.org/save/


New tweet from PressSec: RT @realDonaldTrump: In NYC, looks like another attack by a very sick and deranged person. Law enforcement
is following this closely. NOT I…

archiving URL http://twitter.com/PressSec/status/925476548223873026
    ... archiving using prefix http://web.archive.org/save/


New tweet from SecretaryZinke: Hey @SenPatRoberts I hear you have some great stories about @GlacierNPS Creekside Reading Room
#OrdersUp https://t.co/tq8Nwy3e1b

archiving URL http://twitter.com/SecretaryZinke/status/926912535512547328
    ... archiving using prefix http://web.archive.org/save/
    ...600 tweets downloaded so far


New tweet from Scavino45: #ICYMI last Friday:
@POTUS @realDonaldTrump re: Fed announcement from the @WhiteHouse State Dining Room on
 Friday.… https://t.co/cyANNwm3fM

archiving URL http://twitter.com/Scavino45/status/925086809914314752

archiving URL https://twitter.com/SecretaryAcosta/status/926449586574712832
    ... archiving using prefix http://web.archive.org/save/
    ... archiving using prefix http://web.archive.org/save/

archiving URL https://twitter.com/stevenmnuchin1/status/924610261797007360
    ... archiving using prefix http://web.archive.org/save/

archiving URL https://twitter.com/KellyannePolls/status/927296000124911616
    ... archiving using prefix http://web.archive.org/save/
about to get all tweets newer than ID #836780744810844161 for account @StephenMillerAL

archiving URL https://twitter.com/Scaramucci/status/925005901567799297
    ... archiving using prefix http://web.archive.org/save/


New tweet from DanScavino: RT @DanScavino: As I have been saying since June 16, 2015- DO NOT UNDER ESTIMATE DONALD J. TRUMP! Ignore
the pundits, as we have - since DA…

archiving URL http://twitter.com/DanScavino/status/928453516359753728
    ... archiving using prefix http://web.archive.org/save/

archiving URL https://twitter.com/SBALinda/status/926186429658681344
    ... archiving using prefix http://web.archive.org/save/
about to get all tweets newer than ID #898632795517403136 for account @GeneralJFKellly
