Hello, traveler. This is the beginning of a log file called: "Fascist Tweet Archiver".
Some basic system info about the host machine: posix.uname_result(sysname='Linux', nodename='file-server', release='3.16.0-4-686-pae', version='#1 SMP Debian 3.16.51-3 (2017-12-13)', machine='i686')
This log was begun Sunday, 31 December 2017 at 17:40



INFO: read target account data; we're tracking 52 accounts
WARNING: no ProtocolError (got exception "name 'ProtocolError' is not defined");
 trying requests.packages.urllib3.exceptions instead
NOTE: successfully imported from requests
Starting up...
about to get all tweets newer than ID #867385249340297217 for account
@RealBenCarson
ERROR: unable to get tweets for account @RealBenCarson
           the system said: Failed to parse JSON payload: Expecting value: line
1 column 505053 (char 505052)
about to get all tweets newer than ID #946046285546602496 for account @SBALinda
about to get all tweets newer than ID #947547145590202368 for account @POTUS
getting all tweets before ID #935636996818694146
    ...400 tweets downloaded so far
about to get all tweets newer than ID #946627730136743936 for account
@stevenmnuchin1


New tweet from POTUS: RT @realDonaldTrump: Iran, the Number One State of
Sponsored Terror with numerous violations of Human Rights occurring on an hourly
 basis,…

archiving URL http://twitter.com/POTUS/status/947615852328873986
    ... archiving using prefix http://web.archive.org/save/

archiving URL https://twitter.com/POTUS/status/947615852328873986
    ... archiving using prefix http://web.archive.org/save/


New tweet from POTUS: RT @realDonaldTrump: As our Country rapidly grows
stronger and smarter, I want to wish all of my friends, supporters, enemies,
haters, and…

archiving URL http://twitter.com/POTUS/status/947615864911745025
    ... archiving using prefix http://web.archive.org/save/

archiving URL https://twitter.com/POTUS/status/947615864911745025
    ... archiving using prefix http://web.archive.org/save/


New tweet from POTUS: RT @realDonaldTrump: HAPPY NEW YEAR! We are MAKING
AMERICA GREAT AGAIN, and much faster than anyone thought possible!

archiving URL http://twitter.com/POTUS/status/947615870490210304
    ... archiving using prefix http://web.archive.org/save/
ERROR: unable to get tweets for account @stevenmnuchin1
           the system said: Failed to parse JSON payload: Unterminated string
starting at: line 1 column 508925 (char 508924)
about to get all tweets newer than ID #945299954049933314 for account @FLOTUS

archiving URL https://twitter.com/POTUS/status/947615870490210304
    ... archiving using prefix http://web.archive.org/save/
about to get all tweets newer than ID #945412679887413248 for account
@BetsyDeVosED
about to get all tweets newer than ID #946750417182093318 for account
@DanScavino
about to get all tweets newer than ID #832282841471918080 for account
@BetsyDeVos
about to get all tweets newer than ID #943545231244439555 for account
@SecretaryCarson
about to get all tweets newer than ID #947604978553761793 for account
@Scaramucci
about to get all tweets newer than ID #947553822616047616 for account
@WhiteHouse
ERROR: unable to get tweets for account @WhiteHouse
           the system said: Failed to parse JSON payload: Unterminated string
starting at: line 1 column 510256 (char 510255)
about to get all tweets newer than ID #898401955847876608 for account
@Linda_McMahon
ERROR: unable to get tweets for account @Linda_McMahon
           the system said: Failed to parse JSON payload: Unterminated string
starting at: line 1 column 502155 (char 502154)
about to get all tweets newer than ID #816846808789958656 for account
@SenDanCoats
about to get all tweets newer than ID #947572300509073415 for account
@SecretarySonny
getting all tweets before ID #923352049122725887
    ...399 tweets downloaded so far
about to get all tweets newer than ID #947075673222451200 for account
@KellyannePolls


New tweet from SecretarySonny: We know that most people don't click on the
links in tweets. But if you do, check out this one. You'll see that 201…
https://t.co/F24VxXVmNM

archiving URL http://twitter.com/SecretarySonny/status/947627120301395969
    ... archiving using prefix http://web.archive.org/save/

archiving URL https://twitter.com/SecretarySonny/status/947627120301395969
    ... archiving using prefix http://web.archive.org/save/
about to get all tweets newer than ID #946387776328617984 for account
@IvankaTrumpHQ
about to get all tweets newer than ID #898632795517403136 for account
@GeneralJFKellly
ERROR: unable to get tweets for account @GeneralJFKellly
           the system said: Not authorized.
about to get all tweets newer than ID #941074527592812545 for account
@SecretaryRoss
about to get all tweets newer than ID #890659905798983680 for account @Reince45
about to get all tweets newer than ID #946809083050512384 for account
@SecShulkin
about to get all tweets newer than ID #947581961987612672 for account
@SecondLady
about to get all tweets newer than ID #945295587301253120 for account @PRyan
about to get all tweets newer than ID #947163144593559553 for account
@StephGrisham45
about to get all tweets newer than ID #856041462164836355 for account
@FirstLadyIN
ERROR: unable to get tweets for account @FirstLadyIN
           the system said: Failed to parse JSON payload: Unterminated string
starting at: line 1 column 504706 (char 504705)
about to get all tweets newer than ID #913881045652688901 for account
@SecPriceMD
about to get all tweets newer than ID #946766565063778304 for account
@SecretaryPerry
getting all tweets before ID #918821104453636095
    ...400 tweets downloaded so far


New tweet from SecretaryPerry: 2017 was quite the year. Honored to be
Secretary of Energy. Looking forward to continuing our efforts toward…
https://t.co/RHW3r4i5B8

archiving URL http://twitter.com/SecretaryPerry/status/947624310629457922
    ... archiving using prefix http://web.archive.org/save/
about to get all tweets newer than ID #946753093877854208 for account
@SecretaryZinke

archiving URL https://twitter.com/SecretaryPerry/status/947624310629457922
    ... archiving using prefix http://web.archive.org/save/
about to get all tweets newer than ID #903694300306923521 for account
@SecElaineChao
about to get all tweets newer than ID #947565944913702913 for account @VP
about to get all tweets newer than ID #947272380208111616 for account
@JessicaDitto45
ERROR: unable to get tweets for account @JessicaDitto45
           the system said: Failed to parse JSON payload: Unterminated string
starting at: line 1 column 508225 (char 508224)
about to get all tweets newer than ID #945432117319680000 for account
@GovernorPerry
ERROR: unable to get tweets for account @GovernorPerry
           the system said: Failed to parse JSON payload: Unterminated string
starting at: line 1 column 508933 (char 508932)
about to get all tweets newer than ID #943908455793823744 for account @Reince
about to get all tweets newer than ID #946156999041052672 for account
@TomBossert45
about to get all tweets newer than ID #947577988979273728 for account
@seanspicer
about to get all tweets newer than ID #836780744810844161 for account
@StephenMillerAL
about to get all tweets newer than ID #947603046225375232 for account @PressSec
about to get all tweets newer than ID #-1 for account @ElaineChao
about to get all tweets newer than ID #947583871314427905 for account
@IvankaTrump
about to get all tweets newer than ID #795981284761894912 for account
@MELANIATRUMP
about to get all tweets newer than ID #945045186899570693 for account
@SecretaryAcosta
getting all tweets before ID #872449574161481727
    ...327 tweets downloaded so far


New tweet from SecretaryAcosta: Happy New Year! Here's to a happy, safe,
healthy, and prosperous 2018.

archiving URL http://twitter.com/SecretaryAcosta/status/947627191080247296
    ... archiving using prefix http://web.archive.org/save/
about to get all tweets newer than ID #943545273489510400 for account
@MickMulvaneyOMB
about to get all tweets newer than ID #947593266664390656 for account
@AshLeeStrong

archiving URL https://twitter.com/SecretaryAcosta/status/947627191080247296
    ... archiving using prefix http://web.archive.org/save/
about to get all tweets newer than ID #824610180881117184 for account
@GovPenceIN
about to get all tweets newer than ID #830074939298414592 for account
@RepTomPrice
about to get all tweets newer than ID #947535963487686656 for account
@nikkihaley
ERROR: unable to get tweets for account @nikkihaley
           the system said: Failed to parse JSON payload: Unterminated string
starting at: line 1 column 509222 (char 509221)
about to get all tweets newer than ID #947592785519173637 for account
@realDonaldTrump
getting all tweets before ID #936260193536573439
    ...397 tweets downloaded so far


New tweet from realDonaldTrump: HAPPY NEW YEAR! We are MAKING AMERICA GREAT
AGAIN, and much faster than anyone thought possible!

archiving URL http://twitter.com/realDonaldTrump/status/947614110082043904
    ... archiving using prefix http://web.archive.org/save/
about to get all tweets newer than ID #-1 for account @jaredkushner
about to get all tweets newer than ID #947497325731155970 for account
@EPAScottPruitt

archiving URL https://twitter.com/realDonaldTrump/status/947614110082043904
    ... archiving using prefix http://web.archive.org/save/
about to get all tweets newer than ID #946847208451837953 for account
@SpeakerRyan
about to get all tweets newer than ID #930982584649175047 for account
@mike_pence
about to get all tweets newer than ID #816290296048873472 for account
@WilburRoss
about to get all tweets newer than ID #947619244811997184 for account @Scavino45
... OK, we're set up, and about to watch 1180379185, 819992522109894658,
822215679726100480, 799764016885329921, 818876014390603776, 828997388920619008,
620571475, 599530439, 828613457020870657, 24578794, 822215673812119553,
65522706, 212262370, 842072478834909184, 471672239, 798195585824104449,
892173412818354177, 836305915452272641, 803703725730779136, 831482588246196225,
822127086194348032, 733751245, 823638938590085124, 1923451808,
829782369670410240, 830128820447539208, 827258161841135623, 826065858548133888,
818910970567344128, 836724024688410625, 18906561, 20733972, 866746592853979137,
20776147, 728361177986797568, 818927131883356161, 105267762, 52544275,
108471631, 819980276570976256, 888031054141022209, 296060169, 15985455, 6577802,
 37666984, 25073877, 29547260, 832672006113931269, 18916432, 22203756,
809836066316451840, 823367015830323201
