Hello, traveler. This is the beginning of a log file called: "Fascist Tweet Archiver".
Some basic system info about the host machine: posix.uname_result(sysname='Linux', nodename='file-server', release='3.16.0-4-686-pae', version='#1 SMP Debian 3.16.43-2+deb8u5 (2017-09-19)', machine='i686')
This log was begun Thursday, 30 November 2017 at 07:08



INFO: read target account data; we're tracking 52 accounts
WARNING: no ProtocolError (got exception "name 'ProtocolError' is not defined");
 trying requests.packages.urllib3.exceptions instead
NOTE: successfully imported from requests
Starting up...
about to get all tweets newer than ID #935917539166695431 for account
@IvankaTrump
ERROR: unable to get tweets for account @IvankaTrump
           the system said: Failed to parse JSON payload: Unterminated string
starting at: line 1 column 508361 (char 508360)
about to get all tweets newer than ID #928306806681735168 for account
@BetsyDeVosED
about to get all tweets newer than ID #933349414835576834 for account
@IvankaTrumpHQ
about to get all tweets newer than ID #930982584649175047 for account
@mike_pence
ERROR: unable to get tweets for account @mike_pence
           the system said: Failed to parse JSON payload: Unterminated string
starting at: line 1 column 509888 (char 509887)
about to get all tweets newer than ID #934590789518286848 for account
@MickMulvaneyOMB
about to get all tweets newer than ID #936077922842144773 for account
@KellyannePolls
about to get all tweets newer than ID #898632795517403136 for account
@GeneralJFKellly
ERROR: unable to get tweets for account @GeneralJFKellly
           the system said: Not authorized.
about to get all tweets newer than ID #816846808789958656 for account
@SenDanCoats
about to get all tweets newer than ID #936043524189048833 for account
@seanspicer
about to get all tweets newer than ID #935652983232188416 for account
@SecondLady
about to get all tweets newer than ID #936017178121457665 for account
@SpeakerRyan
about to get all tweets newer than ID #936077403813810176 for account
@DanScavino
ERROR: unable to get tweets for account @DanScavino
           the system said: Failed to send request: EOF occurred in violation of
 protocol (_ssl.c:600)
about to get all tweets newer than ID #936016210306719744 for account @VP
getting all tweets before ID #925476361703174144
ERROR: unable to get tweets for account @VP
           the system said: Failed to send request:
HTTPSConnectionPool(host='api.twitter.com', port=443): Read timed out.
about to get all tweets newer than ID #936004035303362560 for account
@SecretaryPerry
about to get all tweets newer than ID #923261387434012672 for account
@SecretaryRoss
about to get all tweets newer than ID #936058006659321858 for account
@realDonaldTrump
getting all tweets before ID #926707692395102218
    ...400 tweets downloaded so far


New tweet from realDonaldTrump: The Failing @nytimes, the pipe organ for the
Democrat Party, has become a virtual lobbyist for them with regard to…
https://t.co/Dcr4Tge2Wb

archiving URL http://twitter.com/realDonaldTrump/status/936203511037136897
    ... archiving using prefix http://web.archive.org/save/
about to get all tweets newer than ID #935972875357573120 for account
@AshLeeStrong

archiving URL https://twitter.com/realDonaldTrump/status/936203511037136897
    ... archiving using prefix http://web.archive.org/save/


New tweet from realDonaldTrump: The Failing @nytimes has totally gone against
the Social Media Guidelines that they installed to preserve some cred…
https://t.co/cWMMAc5jUq

archiving URL http://twitter.com/realDonaldTrump/status/936206961728786432
    ... archiving using prefix http://web.archive.org/save/
about to get all tweets newer than ID #928448335584858113 for account @Reince

archiving URL https://twitter.com/realDonaldTrump/status/936206961728786432
    ... archiving using prefix http://web.archive.org/save/


New tweet from realDonaldTrump: The Chinese Envoy, who just returned from
North Korea, seems to have had no impact on Little Rocket Man. Hard to be…
https://t.co/ZySsGTqQHp

archiving URL http://twitter.com/realDonaldTrump/status/936209447747190784
    ... archiving using prefix http://web.archive.org/save/
ERROR: unable to get tweets for account @Reince
           the system said: Failed to parse JSON payload: Unterminated string
starting at: line 1 column 859261 (char 859260)
about to get all tweets newer than ID #816290296048873472 for account
@WilburRoss
about to get all tweets newer than ID #856041462164836355 for account
@FirstLadyIN
ERROR: unable to get tweets for account @FirstLadyIN
           the system said: Failed to parse JSON payload: Expecting ','
delimiter: line 1 column 511300 (char 511299)
about to get all tweets newer than ID #-1 for account @jaredkushner
about to get all tweets newer than ID #913881045652688901 for account
@SecPriceMD
about to get all tweets newer than ID #936006319076724742 for account @FLOTUS
about to get all tweets newer than ID #935988533696827392 for account
@SecShulkin
ERROR: unable to get tweets for account @SecShulkin
           the system said: Failed to parse JSON payload: Unterminated string
starting at: line 1 column 504030 (char 504029)
about to get all tweets newer than ID #-1 for account @ElaineChao
about to get all tweets newer than ID #936005990440427521 for account @Scavino45
ERROR: unable to get tweets for account @Scavino45
           the system said: Failed to parse JSON payload: Unterminated string
starting at: line 1 column 506288 (char 506287)
about to get all tweets newer than ID #898401955847876608 for account
@Linda_McMahon
ERROR: unable to get tweets for account @Linda_McMahon
           the system said: Failed to parse JSON payload: Unterminated string
starting at: line 1 column 508898 (char 508897)
about to get all tweets newer than ID #936072059574194176 for account
@Scaramucci
about to get all tweets newer than ID #824610180881117184 for account
@GovPenceIN
about to get all tweets newer than ID #933749689714991105 for account
@TomBossert45
ERROR: unable to get tweets for account @TomBossert45
           the system said: Failed to send request: ('Connection aborted.',
BadStatusLine("''",))
about to get all tweets newer than ID #795981284761894912 for account
@MELANIATRUMP
about to get all tweets newer than ID #890659905798983680 for account @Reince45
about to get all tweets newer than ID #935983201104875520 for account
@SecretaryAcosta
about to get all tweets newer than ID #935728170975875083 for account
@SecretaryCarson
ERROR: unable to get tweets for account @SecretaryCarson
           the system said: Failed to parse JSON payload: Expecting property
name enclosed in double quotes: line 1 column 510389 (char 510388)
about to get all tweets newer than ID #936091156965883904 for account @SBALinda
about to get all tweets newer than ID #936015799197761537 for account
@JessicaDitto45
getting all tweets before ID #922100476941828096
ERROR: unable to get tweets for account @JessicaDitto45
           the system said: Failed to parse JSON payload: Expecting ':'
delimiter: line 1 column 682164 (char 682163)
about to get all tweets newer than ID #936020966634799104 for account @PRyan
ERROR: unable to get tweets for account @PRyan
           the system said: Failed to parse JSON payload: Unterminated string
starting at: line 1 column 503021 (char 503020)
about to get all tweets newer than ID #936034096245100559 for account @POTUS
ERROR: unable to get tweets for account @POTUS
           the system said: Failed to parse JSON payload: Unterminated string
starting at: line 1 column 507482 (char 507481)
about to get all tweets newer than ID #832282841471918080 for account
@BetsyDeVos
about to get all tweets newer than ID #936004212240068613 for account
@GovernorPerry
ERROR: unable to get tweets for account @GovernorPerry
           the system said: Failed to parse JSON payload: Expecting ','
delimiter: line 1 column 506045 (char 506044)
about to get all tweets newer than ID #933713814859780098 for account
@EPAScottPruitt
ERROR: unable to get tweets for account @EPAScottPruitt
           the system said: Failed to parse JSON payload: Unterminated string
starting at: line 1 column 507184 (char 507183)
about to get all tweets newer than ID #935661414332682241 for account
@StephGrisham45
about to get all tweets newer than ID #936005146089312269 for account
@SecretarySonny
about to get all tweets newer than ID #935630766846939136 for account
@stevenmnuchin1
ERROR: unable to get tweets for account @stevenmnuchin1
           the system said: Failed to parse JSON payload: Unterminated string
starting at: line 1 column 505544 (char 505543)
about to get all tweets newer than ID #936200671229108225 for account @PressSec
ERROR: unable to get tweets for account @PressSec
           the system said: Failed to send request: EOF occurred in violation of
 protocol (_ssl.c:600)
about to get all tweets newer than ID #830074939298414592 for account
@RepTomPrice
ERROR: unable to get tweets for account @RepTomPrice
           the system said: Failed to parse JSON payload: Unterminated string
starting at: line 1 column 502983 (char 502982)
about to get all tweets newer than ID #936055849503547392 for account
@WhiteHouse
ERROR: unable to get tweets for account @WhiteHouse
           the system said: Failed to parse JSON payload: Unterminated string
starting at: line 1 column 504066 (char 504065)
about to get all tweets newer than ID #836780744810844161 for account
@StephenMillerAL
about to get all tweets newer than ID #936031410023993345 for account
@nikkihaley
getting all tweets before ID #900110774672216063
    ...400 tweets downloaded so far


New tweet from nikkihaley: RT @AmazingiGrace: Always remember who was there
for you when no one else was.

archiving URL http://twitter.com/nikkihaley/status/936231845657825280
    ... archiving using prefix http://web.archive.org/save/
about to get all tweets newer than ID #935986729022083072 for account
@SecretaryZinke

archiving URL https://twitter.com/nikkihaley/status/936231845657825280
    ... archiving using prefix http://web.archive.org/save/
ERROR: unable to get tweets for account @SecretaryZinke
           the system said: Failed to parse JSON payload: Unterminated string
starting at: line 1 column 503120 (char 503119)
about to get all tweets newer than ID #903694300306923521 for account
@SecElaineChao
about to get all tweets newer than ID #867385249340297217 for account
@RealBenCarson
ERROR: unable to get tweets for account @RealBenCarson
           the system said: Failed to parse JSON payload: Expecting value: line
1 column 510389 (char 510388)
... OK, we're set up, and about to watch 52544275, 828997388920619008,
798195585824104449, 22203756, 888031054141022209, 471672239, 892173412818354177,
 212262370, 20776147, 822127086194348032, 18916432, 620571475,
818910970567344128, 830128820447539208, 836305915452272641, 25073877, 296060169,
 20733972, 809836066316451840, 1923451808, 29547260, 829782369670410240,
818876014390603776, 831482588246196225, 105267762, 823367015830323201, 65522706,
 24578794, 15985455, 866746592853979137, 108471631, 803703725730779136,
819980276570976256, 828613457020870657, 819992522109894658, 836724024688410625,
733751245, 822215679726100480, 599530439, 18906561, 832672006113931269,
823638938590085124, 842072478834909184, 799764016885329921, 818927131883356161,
6577802, 822215673812119553, 728361177986797568, 37666984, 827258161841135623,
826065858548133888, 1180379185
WARNING: received error ('Connection broken: IncompleteRead(0 bytes read, 512
more expected)', IncompleteRead(0 bytes read, 512 more expected)); sleeping and
trying again ...
WARNING: received error ('Connection broken: IncompleteRead(0 bytes read, 512
more expected)', IncompleteRead(0 bytes read, 512 more expected)); sleeping and
trying again ...
