Hello, traveler. This is the beginning of a log file called: "Fascist Tweet Archiver".
Some basic system info about the host machine: posix.uname_result(sysname='Linux', nodename='file-server', release='3.16.0-4-686-pae', version='#1 SMP Debian 3.16.43-2+deb8u5 (2017-09-19)', machine='i686')
This log was begun Friday, 17 November 2017 at 19:00



INFO: read target account data; we're tracking 52 accounts
WARNING: no ProtocolError (got exception "name 'ProtocolError' is not defined");
 trying requests.packages.urllib3.exceptions instead
NOTE: successfully imported from requests
Starting up...
about to get all tweets newer than ID #931547903772057601 for account
@stevenmnuchin1
about to get all tweets newer than ID #867385249340297217 for account
@RealBenCarson
about to get all tweets newer than ID #830074939298414592 for account
@RepTomPrice
about to get all tweets newer than ID #931256077672505346 for account
@SecretaryAcosta
about to get all tweets newer than ID #-1 for account @ElaineChao
about to get all tweets newer than ID #931638395931041793 for account
@SecShulkin
about to get all tweets newer than ID #928306806681735168 for account
@BetsyDeVosED
about to get all tweets newer than ID #832282841471918080 for account
@BetsyDeVos
about to get all tweets newer than ID #931301431814049792 for account
@IvankaTrump
about to get all tweets newer than ID #931535339327574017 for account
@SecretaryPerry
about to get all tweets newer than ID #928448335584858113 for account @Reince
ERROR: unable to get tweets for account @Reince
           the system said: Failed to parse JSON payload: Unterminated string
starting at: line 1 column 676883 (char 676882)
about to get all tweets newer than ID #929769209055338496 for account
@GovernorPerry
about to get all tweets newer than ID #856041462164836355 for account
@FirstLadyIN
about to get all tweets newer than ID #931702389417168896 for account @Scavino45
about to get all tweets newer than ID #930628460250312704 for account
@TomBossert45
about to get all tweets newer than ID #931619101612658689 for account
@SecretaryCarson
about to get all tweets newer than ID #890659905798983680 for account @Reince45
about to get all tweets newer than ID #931664819672973313 for account @PRyan
about to get all tweets newer than ID #931573276270264322 for account @SBALinda
about to get all tweets newer than ID #931678869026934787 for account
@AshLeeStrong
about to get all tweets newer than ID #795981284761894912 for account
@MELANIATRUMP
about to get all tweets newer than ID #931657540026421248 for account @POTUS
ERROR: unable to get tweets for account @POTUS
           the system said: Failed to parse JSON payload: Unterminated string
starting at: line 1 column 1064963 (char 1064962)
about to get all tweets newer than ID #930982584649175047 for account
@mike_pence
about to get all tweets newer than ID #929382925270908928 for account
@StephGrisham45
about to get all tweets newer than ID #931677229825888256 for account
@nikkihaley
about to get all tweets newer than ID #816290296048873472 for account
@WilburRoss
about to get all tweets newer than ID #898632795517403136 for account
@GeneralJFKellly
ERROR: unable to get tweets for account @GeneralJFKellly
           the system said: Not authorized.
about to get all tweets newer than ID #931661592135168000 for account
@realDonaldTrump
getting all tweets before ID #923869147091451903
    ...400 tweets downloaded so far


New tweet from realDonaldTrump: Put big game trophy decision on hold until
such time as I review all conservation facts. Under study for years. Wil…
https://t.co/HalVQryMu4

archiving URL http://twitter.com/realDonaldTrump/status/931685146415255552
    ... archiving using prefix http://web.archive.org/save/
about to get all tweets newer than ID #-1 for account @jaredkushner
about to get all tweets newer than ID #931356199588716544 for account
@SecondLady

archiving URL https://twitter.com/realDonaldTrump/status/931685146415255552
    ... archiving using prefix http://web.archive.org/save/
about to get all tweets newer than ID #931658797340389377 for account
@Scaramucci
getting all tweets before ID #921415383302713345
    ...400 tweets downloaded so far


New tweet from Scaramucci: Well how about that! https://t.co/bRk8GJ6axV

archiving URL http://twitter.com/Scaramucci/status/931681664006283264
    ... archiving using prefix http://web.archive.org/save/
about to get all tweets newer than ID #928551104505245696 for account
@DanScavino

archiving URL https://twitter.com/Scaramucci/status/931681664006283264
    ... archiving using prefix http://web.archive.org/save/


New tweet from Scaramucci: RT @KatteyOrtizTV: I feel bad for the guy who
thought @Scaramucci's nickname was 'Gucci' on @Jeopardy just now......
https://t.co/WKsMf12Adv

archiving URL http://twitter.com/Scaramucci/status/931685906100183040
    ... archiving using prefix http://web.archive.org/save/

archiving URL https://twitter.com/Scaramucci/status/931685906100183040
    ... archiving using prefix http://web.archive.org/save/
about to get all tweets newer than ID #903694300306923521 for account
@SecElaineChao
about to get all tweets newer than ID #836780744810844161 for account
@StephenMillerAL
about to get all tweets newer than ID #931595503464218624 for account @VP
ERROR: unable to get tweets for account @VP
           the system said: Failed to parse JSON payload: Expecting ':'
delimiter: line 1 column 506045 (char 506044)
about to get all tweets newer than ID #816846808789958656 for account
@SenDanCoats
about to get all tweets newer than ID #931568373841973248 for account
@IvankaTrumpHQ
about to get all tweets newer than ID #931213063335956481 for account @PressSec
about to get all tweets newer than ID #931559659156021249 for account
@seanspicer
ERROR: unable to get tweets for account @seanspicer
           the system said: Failed to parse JSON payload: Expecting ':'
delimiter: line 1 column 702388 (char 702387)
about to get all tweets newer than ID #931622141476462593 for account
@JessicaDitto45
about to get all tweets newer than ID #898401955847876608 for account
@Linda_McMahon
about to get all tweets newer than ID #931617435777683457 for account @FLOTUS
about to get all tweets newer than ID #931239801403080704 for account
@KellyannePolls
about to get all tweets newer than ID #931681556820889600 for account
@EPAScottPruitt
getting all tweets before ID #864940897129181185
    ...324 tweets downloaded so far


New tweet from EPAScottPruitt: RT @realDonaldTrump: Today, it was an honor to
celebrate the Collegiate National Champions of 2016/2017 at the @WhiteHouse!
#NCAAChampions…

archiving URL http://twitter.com/EPAScottPruitt/status/931686266852265984
    ... archiving using prefix http://web.archive.org/save/
about to get all tweets newer than ID #913881045652688901 for account
@SecPriceMD

archiving URL https://twitter.com/EPAScottPruitt/status/931686266852265984
    ... archiving using prefix http://web.archive.org/save/
about to get all tweets newer than ID #931678105575526402 for account
@SpeakerRyan
getting all tweets before ID #927638035596042239
    ...400 tweets downloaded so far


New tweet from SpeakerRyan: RT @RepKinzinger: The #TaxCutsAndJobsAct will
simplify our outdated &amp; complicated tax code so that the vast majority of
Americans, includin…

archiving URL http://twitter.com/SpeakerRyan/status/931683754728460291
    ... archiving using prefix http://web.archive.org/save/
about to get all tweets newer than ID #931699040407912448 for account
@SecretaryZinke

archiving URL https://twitter.com/SpeakerRyan/status/931683754728460291
    ... archiving using prefix http://web.archive.org/save/
ERROR: unable to get tweets for account @SecretaryZinke
           the system said: Failed to parse JSON payload: Expecting property
name enclosed in double quotes: line 1 column 774852 (char 774851)
about to get all tweets newer than ID #926116193055989761 for account
@MickMulvaneyOMB
about to get all tweets newer than ID #923261387434012672 for account
@SecretaryRoss
about to get all tweets newer than ID #931674824212209664 for account
@WhiteHouse
about to get all tweets newer than ID #824610180881117184 for account
@GovPenceIN
ERROR: unable to get tweets for account @GovPenceIN
           the system said: Failed to parse JSON payload: Unterminated string
starting at: line 1 column 287385 (char 287384)
about to get all tweets newer than ID #931598018859753474 for account
@SecretarySonny
... OK, we're set up, and about to watch 799764016885329921, 1180379185,
6577802, 819980276570976256, 105267762, 831482588246196225, 828997388920619008,
599530439, 52544275, 830128820447539208, 20733972, 18906561, 1923451808,
823367015830323201, 866746592853979137, 828613457020870657, 803703725730779136,
733751245, 819992522109894658, 296060169, 108471631, 822215679726100480,
22203756, 823638938590085124, 37666984, 809836066316451840, 892173412818354177,
25073877, 29547260, 822127086194348032, 24578794, 620571475, 826065858548133888,
 728361177986797568, 818910970567344128, 212262370, 798195585824104449,
818927131883356161, 20776147, 836724024688410625, 65522706, 818876014390603776,
471672239, 832672006113931269, 829782369670410240, 18916432, 827258161841135623,
 888031054141022209, 836305915452272641, 822215673812119553, 15985455,
842072478834909184


New tweet from SecretaryZinke: .@realDonaldTrump &amp; I have talked &amp;
both believe that conservation &amp; healthy herds are critical...the issuing of
 pe… https://t.co/oVIs6vZ2rx

archiving URL http://twitter.com/SecretaryZinke/status/931711307123974144
    ... archiving using prefix http://web.archive.org/save/

archiving URL https://twitter.com/SecretaryZinke/status/931711307123974144
    ... archiving using prefix http://web.archive.org/save/
WARNING: received error HTTPSConnectionPool(host='stream.twitter.com',
port=443): Read timed out.; sleeping and trying again ...
WARNING: received error ('Connection broken: IncompleteRead(0 bytes read, 512
more expected)', IncompleteRead(0 bytes read, 512 more expected)); sleeping and
trying again ...
WARNING: received error HTTPSConnectionPool(host='stream.twitter.com',
port=443): Read timed out.; sleeping and trying again ...
WARNING: received error ('Connection broken: IncompleteRead(0 bytes read, 2000
more expected)', IncompleteRead(0 bytes read, 2000 more expected)); sleeping and
 trying again ...
WARNING: received error ('Connection broken: IncompleteRead(0 bytes read, 512
more expected)', IncompleteRead(0 bytes read, 512 more expected)); sleeping and
trying again ...
WARNING: received error ('Connection broken: IncompleteRead(0 bytes read, 512
more expected)', IncompleteRead(0 bytes read, 512 more expected)); sleeping and
trying again ...
WARNING: received error HTTPSConnectionPool(host='stream.twitter.com',
port=443): Read timed out.; sleeping and trying again ...
WARNING: received error ('Connection broken: IncompleteRead(0 bytes read, 1960
more expected)', IncompleteRead(0 bytes read, 1960 more expected)); sleeping and
 trying again ...
