Hello, traveler. This is the beginning of a log file called: "Fascist Tweet Archiver".
Some basic system info about the host machine: posix.uname_result(sysname='Linux', nodename='file-server', release='3.16.0-4-686-pae', version='#1 SMP Debian 3.16.43-2+deb8u5 (2017-09-19)', machine='i686')
This log was begun Friday, 15 December 2017 at 06:58



INFO: read target account data; we're tracking 52 accounts
WARNING: no ProtocolError (got exception "name 'ProtocolError' is not defined");
 trying requests.packages.urllib3.exceptions instead
NOTE: successfully imported from requests
Starting up...
about to get all tweets newer than ID #856041462164836355 for account
@FirstLadyIN
ERROR: unable to get tweets for account @FirstLadyIN
           the system said: Failed to send request:
HTTPSConnectionPool(host='api.twitter.com', port=443): Read timed out.
about to get all tweets newer than ID #941431102375366656 for account @PRyan
about to get all tweets newer than ID #-1 for account @jaredkushner
about to get all tweets newer than ID #941509936592445440 for account @Scavino45
getting all tweets before ID #933134445292474368
    ...400 tweets downloaded so far


New tweet from Scavino45: RT @SecretService: Thank you Mr. President
@realDonaldTrump for hosting the former leaders of the U.S. Secret Service
Presidential Protecti…

archiving URL http://twitter.com/Scavino45/status/941667362461376515
    ... archiving using prefix http://web.archive.org/save/
about to get all tweets newer than ID #795981284761894912 for account
@MELANIATRUMP
about to get all tweets newer than ID #824610180881117184 for account
@GovPenceIN

archiving URL https://twitter.com/Scavino45/status/941667362461376515
    ... archiving using prefix http://web.archive.org/save/
ERROR: unable to get tweets for account @GovPenceIN
           the system said: Failed to send request:
HTTPSConnectionPool(host='api.twitter.com', port=443): Read timed out.
about to get all tweets newer than ID #913881045652688901 for account
@SecPriceMD
ERROR: unable to get tweets for account @SecPriceMD
           the system said: Failed to send request:
HTTPSConnectionPool(host='api.twitter.com', port=443): Read timed out. (read
timeout=60)
about to get all tweets newer than ID #941343899129401344 for account
@SpeakerRyan
ERROR: unable to get tweets for account @SpeakerRyan
           the system said: Failed to parse JSON payload: Unterminated string
starting at: line 1 column 507525 (char 507524)
about to get all tweets newer than ID #-1 for account @ElaineChao
about to get all tweets newer than ID #941088603756736518 for account
@IvankaTrumpHQ
about to get all tweets newer than ID #941420877480153090 for account @SBALinda
about to get all tweets newer than ID #836780744810844161 for account
@StephenMillerAL
about to get all tweets newer than ID #941351899462332416 for account
@BetsyDeVosED
ERROR: unable to get tweets for account @BetsyDeVosED
           the system said: Failed to send request:
HTTPSConnectionPool(host='api.twitter.com', port=443): Read timed out. (read
timeout=60)
about to get all tweets newer than ID #832282841471918080 for account
@BetsyDeVos
about to get all tweets newer than ID #941504134804574208 for account
@AshLeeStrong
ERROR: unable to get tweets for account @AshLeeStrong
           the system said: Failed to send request:
HTTPSConnectionPool(host='api.twitter.com', port=443): Read timed out.
about to get all tweets newer than ID #941501015274213376 for account
@KellyannePolls
about to get all tweets newer than ID #898401955847876608 for account
@Linda_McMahon
ERROR: unable to get tweets for account @Linda_McMahon
           the system said: Failed to send request:
HTTPSConnectionPool(host='api.twitter.com', port=443): Read timed out. (read
timeout=60)
about to get all tweets newer than ID #939674523363872773 for account
@DanScavino
about to get all tweets newer than ID #941051488616484864 for account
@SecretaryAcosta
about to get all tweets newer than ID #941403652010463233 for account @FLOTUS
about to get all tweets newer than ID #941074527592812545 for account
@SecretaryRoss
about to get all tweets newer than ID #941416425285128192 for account
@SecretarySonny
about to get all tweets newer than ID #941503590434254849 for account @PressSec
ERROR: unable to get tweets for account @PressSec
           the system said: Failed to send request:
HTTPSConnectionPool(host='api.twitter.com', port=443): Read timed out.
about to get all tweets newer than ID #890659905798983680 for account @Reince45
about to get all tweets newer than ID #830074939298414592 for account
@RepTomPrice
ERROR: unable to get tweets for account @RepTomPrice
           the system said: Failed to send request:
HTTPSConnectionPool(host='api.twitter.com', port=443): Read timed out. (read
timeout=60)
about to get all tweets newer than ID #941664082486267906 for account
@Scaramucci
getting all tweets before ID #929084046868656127
    ...399 tweets downloaded so far


New tweet from Scaramucci: Any time Len. You are a NY legend. Proud to be on
with you and our hometown is the best. #ghostmotorcycles https://t.co/jtMXkpWOpE

archiving URL http://twitter.com/Scaramucci/status/941668144246153216
    ... archiving using prefix http://web.archive.org/save/
about to get all tweets newer than ID #941413739173236736 for account @POTUS

archiving URL https://twitter.com/Scaramucci/status/941668144246153216
    ... archiving using prefix http://web.archive.org/save/


New tweet from Scaramucci: RT @LenBermanSports: Hey Mooch....@Scaramucci
Thanks for the great interview! You gotta come back sometime. #PortWashington

archiving URL http://twitter.com/Scaramucci/status/941668180514295809
    ... archiving using prefix http://web.archive.org/save/

archiving URL https://twitter.com/Scaramucci/status/941668180514295809
    ... archiving using prefix http://web.archive.org/save/
getting all tweets before ID #929334997944815615
ERROR: unable to get tweets for account @POTUS
           the system said: Failed to send request:
HTTPSConnectionPool(host='api.twitter.com', port=443): Read timed out.
about to get all tweets newer than ID #937288216935387136 for account
@GovernorPerry
about to get all tweets newer than ID #941463188490653698 for account
@TomBossert45
ERROR: unable to get tweets for account @TomBossert45
           the system said: Failed to send request:
HTTPSConnectionPool(host='api.twitter.com', port=443): Read timed out. (read
timeout=60)
about to get all tweets newer than ID #939152289587228672 for account @Reince
about to get all tweets newer than ID #941431901587419136 for account @VP
about to get all tweets newer than ID #940686492053229571 for account
@SecretaryCarson
ERROR: unable to get tweets for account @SecretaryCarson
           the system said: Failed to send request:
HTTPSConnectionPool(host='api.twitter.com', port=443): Read timed out. (read
timeout=60)
about to get all tweets newer than ID #816846808789958656 for account
@SenDanCoats
about to get all tweets newer than ID #941400558220578816 for account
@MickMulvaneyOMB
about to get all tweets newer than ID #816290296048873472 for account
@WilburRoss
about to get all tweets newer than ID #903694300306923521 for account
@SecElaineChao
about to get all tweets newer than ID #941512154901073922 for account
@seanspicer
about to get all tweets newer than ID #941441360506302464 for account
@IvankaTrump
ERROR: unable to get tweets for account @IvankaTrump
           the system said: Failed to send request:
HTTPSConnectionPool(host='api.twitter.com', port=443): Read timed out. (read
timeout=60)
about to get all tweets newer than ID #941371307589013504 for account
@JessicaDitto45
ERROR: unable to get tweets for account @JessicaDitto45
           the system said: Failed to send request:
HTTPSConnectionPool(host='api.twitter.com', port=443): Read timed out. (read
timeout=60)
about to get all tweets newer than ID #941435065812377601 for account
@EPAScottPruitt
ERROR: unable to get tweets for account @EPAScottPruitt
           the system said: Failed to send request:
HTTPSConnectionPool(host='api.twitter.com', port=443): Read timed out. (read
timeout=60)
about to get all tweets newer than ID #941118287286587392 for account
@StephGrisham45
about to get all tweets newer than ID #941449449850761217 for account
@realDonaldTrump
getting all tweets before ID #931254609041068031
    ...400 tweets downloaded so far


New tweet from realDonaldTrump: It was my honor. THANK YOU!
https://t.co/1LvqbRQ1bi

archiving URL http://twitter.com/realDonaldTrump/status/941667918214987776
    ... archiving using prefix http://web.archive.org/save/
about to get all tweets newer than ID #898632795517403136 for account
@GeneralJFKellly
ERROR: unable to get tweets for account @GeneralJFKellly
           the system said: Not authorized.
about to get all tweets newer than ID #930982584649175047 for account
@mike_pence
ERROR: unable to get tweets for account @mike_pence
           the system said: Failed to send request:
HTTPSConnectionPool(host='api.twitter.com', port=443): Read timed out.
about to get all tweets newer than ID #941462608426696704 for account
@stevenmnuchin1
about to get all tweets newer than ID #941429798106288128 for account
@SecondLady
about to get all tweets newer than ID #941405858407305217 for account
@nikkihaley

archiving URL https://twitter.com/realDonaldTrump/status/941667918214987776
    ... archiving using prefix http://web.archive.org/save/
about to get all tweets newer than ID #941376675815804929 for account
@SecShulkin
about to get all tweets newer than ID #867385249340297217 for account
@RealBenCarson
about to get all tweets newer than ID #941435803472941057 for account
@SecretaryPerry
ERROR: unable to get tweets for account @SecretaryPerry
           the system said: Failed to send request:
HTTPSConnectionPool(host='api.twitter.com', port=443): Read timed out.
about to get all tweets newer than ID #941466092047945728 for account
@WhiteHouse
ERROR: unable to get tweets for account @WhiteHouse
           the system said: Failed to send request:
HTTPSConnectionPool(host='api.twitter.com', port=443): Read timed out.
about to get all tweets newer than ID #941350150647271424 for account
@SecretaryZinke
ERROR: unable to get tweets for account @SecretaryZinke
           the system said: Failed to parse JSON payload: Unterminated string
starting at: line 1 column 502102 (char 502101)
... OK, we're set up, and about to watch 1923451808, 733751245, 29547260,
823367015830323201, 108471631, 15985455, 829782369670410240, 18916432,
105267762, 798195585824104449, 819992522109894658, 728361177986797568,
828997388920619008, 599530439, 296060169, 471672239, 65522706, 620571475,
819980276570976256, 818876014390603776, 836305915452272641, 842072478834909184,
818927131883356161, 803703725730779136, 6577802, 24578794, 822215679726100480,
18906561, 866746592853979137, 20733972, 818910970567344128, 828613457020870657,
212262370, 888031054141022209, 809836066316451840, 826065858548133888, 20776147,
 52544275, 836724024688410625, 832672006113931269, 823638938590085124, 25073877,
 892173412818354177, 22203756, 799764016885329921, 822127086194348032, 37666984,
 831482588246196225, 1180379185, 830128820447539208, 822215673812119553,
827258161841135623
WARNING: received error HTTPSConnectionPool(host='stream.twitter.com',
port=443): Read timed out.; sleeping and trying again ...
WARNING: received error HTTPSConnectionPool(host='stream.twitter.com',
port=443): Read timed out.; sleeping and trying again ...
WARNING: received error HTTPSConnectionPool(host='stream.twitter.com',
port=443): Read timed out.; sleeping and trying again ...
WARNING: received error ('Connection broken: IncompleteRead(0 bytes read, 512
more expected)', IncompleteRead(0 bytes read, 512 more expected)); sleeping and
trying again ...
WARNING: received error HTTPSConnectionPool(host='stream.twitter.com',
port=443): Read timed out.; sleeping and trying again ...
WARNING: received error HTTPSConnectionPool(host='stream.twitter.com',
port=443): Read timed out.; sleeping and trying again ...
WARNING: received error HTTPSConnectionPool(host='stream.twitter.com',
port=443): Read timed out.; sleeping and trying again ...
WARNING: received error HTTPSConnectionPool(host='stream.twitter.com',
port=443): Read timed out.; sleeping and trying again ...
WARNING: received error HTTPSConnectionPool(host='stream.twitter.com',
port=443): Read timed out.; sleeping and trying again ...


New tweet from WhiteHouse: Watch LIVE as President Trump participates in the
FBI National Academy graduation ceremony: https://t.co/Dml0TzK1L0
https://t.co/HzeGfqmIUH

archiving URL http://twitter.com/WhiteHouse/status/941687586724118528
    ... archiving using prefix http://web.archive.org/save/

archiving URL https://twitter.com/WhiteHouse/status/941687586724118528
    ... archiving using prefix http://web.archive.org/save/
WARNING: received error HTTPSConnectionPool(host='stream.twitter.com',
port=443): Read timed out.; sleeping and trying again ...
WARNING: received error HTTPSConnectionPool(host='stream.twitter.com',
port=443): Read timed out.; sleeping and trying again ...
WARNING: received error HTTPSConnectionPool(host='stream.twitter.com',
port=443): Read timed out.; sleeping and trying again ...


New tweet from SecretaryCarson: Independence. Empowerment. Self-Reliance. The
tools to build a rewarding career, a fulfilling life, and a happy hom…
https://t.co/xLnhqbosuy

archiving URL http://twitter.com/SecretaryCarson/status/941692062742859776
    ... archiving using prefix http://web.archive.org/save/

archiving URL https://twitter.com/SecretaryCarson/status/941692062742859776
    ... archiving using prefix http://web.archive.org/save/
WARNING: received error HTTPSConnectionPool(host='stream.twitter.com',
port=443): Read timed out.; sleeping and trying again ...
WARNING: received error HTTPSConnectionPool(host='stream.twitter.com',
port=443): Read timed out.; sleeping and trying again ...
WARNING: received error HTTPSConnectionPool(host='stream.twitter.com',
port=443): Read timed out.; sleeping and trying again ...
WARNING: received error HTTPSConnectionPool(host='stream.twitter.com',
port=443): Read timed out.; sleeping and trying again ...
WARNING: received error HTTPSConnectionPool(host='stream.twitter.com',
port=443): Read timed out.; sleeping and trying again ...
WARNING: received error HTTPSConnectionPool(host='stream.twitter.com',
port=443): Read timed out.; sleeping and trying again ...
WARNING: received error HTTPSConnectionPool(host='stream.twitter.com',
port=443): Read timed out.; sleeping and trying again ...
WARNING: received error HTTPSConnectionPool(host='stream.twitter.com',
port=443): Read timed out.; sleeping and trying again ...
WARNING: received error HTTPSConnectionPool(host='stream.twitter.com',
port=443): Read timed out.; sleeping and trying again ...
WARNING: received error HTTPSConnectionPool(host='stream.twitter.com',
port=443): Read timed out.; sleeping and trying again ...
