Hello, traveler. This is the beginning of a log file called: "Fascist Tweet Archiver".
Some basic system info about the host machine: posix.uname_result(sysname='Linux', nodename='file-server', release='3.16.0-4-686-pae', version='#1 SMP Debian 3.16.43-2+deb8u5 (2017-09-19)', machine='i686')
This log was begun Saturday, 09 December 2017 at 14:04



INFO: read target account data; we're tracking 52 accounts
WARNING: no ProtocolError (got exception "name 'ProtocolError' is not defined");
 trying requests.packages.urllib3.exceptions instead
NOTE: successfully imported from requests
Starting up...
about to get all tweets newer than ID #867385249340297217 for account
@RealBenCarson
about to get all tweets newer than ID #898401955847876608 for account
@Linda_McMahon
about to get all tweets newer than ID #939351851765522432 for account
@KellyannePolls
about to get all tweets newer than ID #824610180881117184 for account
@GovPenceIN
ERROR: unable to get tweets for account @GovPenceIN
           the system said: Failed to parse JSON payload: Expecting ':'
delimiter: line 1 column 506005 (char 506004)
about to get all tweets newer than ID #939155810277642240 for account
@TomBossert45
ERROR: unable to get tweets for account @TomBossert45
           the system said: Failed to parse JSON payload: Expecting ','
delimiter: line 1 column 849221 (char 849220)
about to get all tweets newer than ID #913881045652688901 for account
@SecPriceMD
ERROR: unable to get tweets for account @SecPriceMD
           the system said: Failed to send request:
HTTPSConnectionPool(host='api.twitter.com', port=443): Read timed out. (read
timeout=60)
about to get all tweets newer than ID #795981284761894912 for account
@MELANIATRUMP
ERROR: unable to get tweets for account @MELANIATRUMP
           the system said: Failed to parse JSON payload: Unterminated string
starting at: line 1 column 142587 (char 142586)
about to get all tweets newer than ID #939257995644624897 for account
@IvankaTrump
about to get all tweets newer than ID #939514128514928646 for account
@BetsyDeVosED
about to get all tweets newer than ID #816846808789958656 for account
@SenDanCoats
about to get all tweets newer than ID #934590789518286848 for account
@MickMulvaneyOMB
about to get all tweets newer than ID #939565432092155906 for account @Scavino45
about to get all tweets newer than ID #939499208549306369 for account
@SecretaryPerry
about to get all tweets newer than ID #939564681743814661 for account
@realDonaldTrump
about to get all tweets newer than ID #923261387434012672 for account
@SecretaryRoss
about to get all tweets newer than ID #898632795517403136 for account
@GeneralJFKellly
ERROR: unable to get tweets for account @GeneralJFKellly
           the system said: Not authorized.
about to get all tweets newer than ID #939306156056563712 for account
@EPAScottPruitt
ERROR: unable to get tweets for account @EPAScottPruitt
           the system said: Failed to parse JSON payload: Unterminated string
starting at: line 1 column 679798 (char 679797)
about to get all tweets newer than ID #939278924261003264 for account @PRyan
ERROR: unable to get tweets for account @PRyan
           the system said: Failed to send request: EOF occurred in violation of
 protocol (_ssl.c:600)
about to get all tweets newer than ID #939268060816351232 for account
@SecondLady
about to get all tweets newer than ID #939230362995183617 for account
@SecretaryCarson
about to get all tweets newer than ID #903694300306923521 for account
@SecElaineChao
about to get all tweets newer than ID #937834988392931329 for account
@stevenmnuchin1
ERROR: unable to get tweets for account @stevenmnuchin1
           the system said: Failed to send request:
HTTPSConnectionPool(host='api.twitter.com', port=443): Read timed out.
about to get all tweets newer than ID #939560256593645568 for account @POTUS
about to get all tweets newer than ID #939522329322967040 for account @FLOTUS
ERROR: unable to get tweets for account @FLOTUS
           the system said: Failed to parse JSON payload: Expecting ','
delimiter: line 1 column 504557 (char 504556)
about to get all tweets newer than ID #939502594178932736 for account
@SecretarySonny
ERROR: unable to get tweets for account @SecretarySonny
           the system said: Failed to send request:
HTTPSConnectionPool(host='api.twitter.com', port=443): Read timed out.
about to get all tweets newer than ID #-1 for account @jaredkushner
about to get all tweets newer than ID #830074939298414592 for account
@RepTomPrice
about to get all tweets newer than ID #939553534520983553 for account
@SecShulkin
about to get all tweets newer than ID #939528299470118912 for account
@seanspicer
about to get all tweets newer than ID #939564526969737216 for account
@JessicaDitto45
about to get all tweets newer than ID #836780744810844161 for account
@StephenMillerAL
about to get all tweets newer than ID #938865975038038016 for account @SBALinda
about to get all tweets newer than ID #939261618629816320 for account
@SecretaryZinke
getting all tweets before ID #921133971660001280
    ...400 tweets downloaded so far


New tweet from SecretaryZinke: Here are the #facts the DC media refuses to
print. https://t.co/5tOovaYbnv

archiving URL http://twitter.com/SecretaryZinke/status/939598561649614849
    ... archiving using prefix http://web.archive.org/save/
about to get all tweets newer than ID #939258088200261632 for account
@nikkihaley

archiving URL https://twitter.com/SecretaryZinke/status/939598561649614849
    ... archiving using prefix http://web.archive.org/save/
getting all tweets before ID #903987378464927744
    ...400 tweets downloaded so far


New tweet from nikkihaley: We had a great time speaking with the sweet girls
from @nightingalenyc. Our discussions were about our role at the…
https://t.co/SImfmxSO2Y

archiving URL http://twitter.com/nikkihaley/status/939597198995664896
    ... archiving using prefix http://web.archive.org/save/
about to get all tweets newer than ID #939585291177865216 for account
@SpeakerRyan

archiving URL https://twitter.com/nikkihaley/status/939597198995664896
    ... archiving using prefix http://web.archive.org/save/
about to get all tweets newer than ID #939141525874802689 for account
@SecretaryAcosta
about to get all tweets newer than ID #930982584649175047 for account
@mike_pence
about to get all tweets newer than ID #-1 for account @ElaineChao
about to get all tweets newer than ID #939174898253131778 for account
@AshLeeStrong
about to get all tweets newer than ID #937288216935387136 for account
@GovernorPerry
about to get all tweets newer than ID #856041462164836355 for account
@FirstLadyIN
about to get all tweets newer than ID #939505195381350401 for account
@DanScavino
about to get all tweets newer than ID #939268759449145344 for account @VP
about to get all tweets newer than ID #939565386198142977 for account
@WhiteHouse
about to get all tweets newer than ID #939572506477891584 for account @PressSec
ERROR: unable to get tweets for account @PressSec
           the system said: Failed to send request:
HTTPSConnectionPool(host='api.twitter.com', port=443): Read timed out.
about to get all tweets newer than ID #816290296048873472 for account
@WilburRoss
about to get all tweets newer than ID #890659905798983680 for account @Reince45
ERROR: unable to get tweets for account @Reince45
           the system said: Failed to parse JSON payload: Unterminated string
starting at: line 1 column 511828 (char 511827)
about to get all tweets newer than ID #939522709020700672 for account
@StephGrisham45
about to get all tweets newer than ID #832282841471918080 for account
@BetsyDeVos
about to get all tweets newer than ID #938052857873555456 for account
@IvankaTrumpHQ
about to get all tweets newer than ID #939520024926187520 for account
@Scaramucci
getting all tweets before ID #928070148312924160
ERROR: unable to get tweets for account @Scaramucci
           the system said: Failed to send request:
HTTPSConnectionPool(host='api.twitter.com', port=443): Read timed out.
about to get all tweets newer than ID #939152289587228672 for account @Reince
... OK, we're set up, and about to watch 1180379185, 65522706, 471672239,
15985455, 866746592853979137, 829782369670410240, 108471631, 52544275,
828997388920619008, 212262370, 888031054141022209, 823367015830323201,
830128820447539208, 25073877, 836305915452272641, 892173412818354177,
832672006113931269, 733751245, 822127086194348032, 828613457020870657,
826065858548133888, 799764016885329921, 822215679726100480, 818876014390603776,
842072478834909184, 29547260, 6577802, 831482588246196225, 20776147,
836724024688410625, 728361177986797568, 819992522109894658, 827258161841135623,
37666984, 18916432, 819980276570976256, 22203756, 105267762, 296060169,
18906561, 1923451808, 620571475, 818910970567344128, 822215673812119553,
818927131883356161, 809836066316451840, 803703725730779136, 823638938590085124,
599530439, 798195585824104449, 24578794, 20733972
WARNING: received error HTTPSConnectionPool(host='stream.twitter.com',
port=443): Read timed out.; sleeping and trying again ...


New tweet from nikkihaley: @Bakari_Sellers @BenedictEDU @ArtisRoslyn Congrats
@Bakari_Sellers!

archiving URL http://twitter.com/nikkihaley/status/939610694537891841
    ... archiving using prefix http://web.archive.org/save/
WARNING: received error ('Connection broken: IncompleteRead(0 bytes read, 512
more expected)', IncompleteRead(0 bytes read, 512 more expected)); sleeping and
trying again ...

archiving URL https://twitter.com/nikkihaley/status/939610694537891841
    ... archiving using prefix http://web.archive.org/save/
WARNING: received error ('Connection broken: IncompleteRead(0 bytes read, 2969
more expected)', IncompleteRead(0 bytes read, 2969 more expected)); sleeping and
 trying again ...
WARNING: received error ('Connection broken: IncompleteRead(0 bytes read, 512
more expected)', IncompleteRead(0 bytes read, 512 more expected)); sleeping and
trying again ...
