Hello, traveler. This is the beginning of a log file called: "Fascist Tweet Archiver".
Some basic system info about the host machine: posix.uname_result(sysname='Linux', nodename='file-server', release='3.16.0-4-686-pae', version='#1 SMP Debian 3.16.43-2+deb8u5 (2017-09-19)', machine='i686')
This log was begun Saturday, 28 October 2017 at 07:40



INFO: read target account data; we're tracking 52 accounts
WARNING: no ProtocolError (got exception "name 'ProtocolError' is not defined");
 trying requests.packages.urllib3.exceptions instead
NOTE: successfully imported from requests
Starting up...
about to get all tweets newer than ID #924266387320827904 for account @VP
about to get all tweets newer than ID #856041462164836355 for account
@FirstLadyIN
about to get all tweets newer than ID #924005462017748992 for account
@SecretaryZinke
about to get all tweets newer than ID #923868752629977088 for account
@stevenmnuchin1
about to get all tweets newer than ID #924064815680716800 for account
@WhiteHouse
about to get all tweets newer than ID #924283832378982401 for account
@Scaramucci
about to get all tweets newer than ID #913805829710675974 for account
@GovernorPerry
about to get all tweets newer than ID #924281774074671104 for account
@JessicaDitto45
about to get all tweets newer than ID #923612454776725506 for account
@EPAScottPruitt
about to get all tweets newer than ID #924009083878993923 for account
@KellyannePolls
about to get all tweets newer than ID #924032980426903552 for account
@IvankaTrumpHQ
about to get all tweets newer than ID #824610180881117184 for account
@GovPenceIN
about to get all tweets newer than ID #924031696718192640 for account
@AshLeeStrong
about to get all tweets newer than ID #816290296048873472 for account
@WilburRoss
about to get all tweets newer than ID #867385249340297217 for account
@RealBenCarson
about to get all tweets newer than ID #923588493116403717 for account @SBALinda
about to get all tweets newer than ID #890659905798983680 for account @Reince45
about to get all tweets newer than ID #923375754821369856 for account
@seanspicer
about to get all tweets newer than ID #924284026394959872 for account
@realDonaldTrump
about to get all tweets newer than ID #-1 for account @ElaineChao
about to get all tweets newer than ID #923291711236911104 for account
@TomBossert45
about to get all tweets newer than ID #830074939298414592 for account
@RepTomPrice
about to get all tweets newer than ID #923956179851673600 for account
@SecretarySonny
about to get all tweets newer than ID #923747741272100864 for account
@SecondLady
about to get all tweets newer than ID #924116159368171521 for account @POTUS
about to get all tweets newer than ID #832282841471918080 for account
@BetsyDeVos
about to get all tweets newer than ID #898401955847876608 for account
@Linda_McMahon
about to get all tweets newer than ID #816846808789958656 for account
@SenDanCoats
about to get all tweets newer than ID #923557369749164033 for account
@BetsyDeVosED
about to get all tweets newer than ID #923976596683395072 for account
@SecretaryCarson
about to get all tweets newer than ID #924283107188068352 for account
@SpeakerRyan
about to get all tweets newer than ID #898632795517403136 for account
@GeneralJFKellly
