Hello, traveler. This is the beginning of a log file called: "Fascist Tweet Archiver".
Some basic system info about the host machine: posix.uname_result(sysname='Linux', nodename='file-server', release='3.16.0-4-686-pae', version='#1 SMP Debian 3.16.43-2+deb8u5 (2017-09-19)', machine='i686')
This log was begun Saturday, 28 October 2017 at 07:33



INFO: read target account data; we're tracking 52 accounts
WARNING: no ProtocolError (got exception "name 'ProtocolError' is not defined");
 trying requests.packages.urllib3.exceptions instead
NOTE: successfully imported from requests
Starting up...
about to get all tweets newer than ID #923975178979291137 for account
@SpeakerRyan
about to get all tweets newer than ID #923567628165308416 for account @PRyan
about to get all tweets newer than ID #924049591003213824 for account
@nikkihaley
about to get all tweets newer than ID #923261387434012672 for account
@SecretaryRoss
about to get all tweets newer than ID #924251386895880193 for account @PressSec
about to get all tweets newer than ID #923722673972269056 for account
@DanScavino
about to get all tweets newer than ID #924251519121346560 for account
@realDonaldTrump
about to get all tweets newer than ID #924278300410867712 for account @FLOTUS
about to get all tweets newer than ID #836780744810844161 for account
@StephenMillerAL
about to get all tweets newer than ID #923140261856804865 for account @Reince
about to get all tweets newer than ID #923969458695213056 for account
@StephGrisham45
about to get all tweets newer than ID #924154951407931392 for account @Scavino45
about to get all tweets newer than ID #924281774074671104 for account
@JessicaDitto45
about to get all tweets newer than ID #913805829710675974 for account
@GovernorPerry
about to get all tweets newer than ID #924116159368171521 for account @POTUS
about to get all tweets newer than ID #-1 for account @jaredkushner
about to get all tweets newer than ID #924032980426903552 for account
@IvankaTrumpHQ
about to get all tweets newer than ID #923985283317686272 for account
@SecShulkin
about to get all tweets newer than ID #816846808789958656 for account
@SenDanCoats
about to get all tweets newer than ID #924009083878993923 for account
@KellyannePolls
about to get all tweets newer than ID #924021411617718272 for account
@SecretaryPerry
about to get all tweets newer than ID #924064815680716800 for account
@WhiteHouse
about to get all tweets newer than ID #913881045652688901 for account
@SecPriceMD
about to get all tweets newer than ID #898401955847876608 for account
@Linda_McMahon
about to get all tweets newer than ID #923747741272100864 for account
@SecondLady
