Hello, traveler. This is the beginning of a log file called: "Fascist Tweet Archiver".
Some basic system info about the host machine: posix.uname_result(sysname='Linux', nodename='file-server', release='3.16.0-4-686-pae', version='#1 SMP Debian 3.16.43-2+deb8u5 (2017-09-19)', machine='i686')
This log was begun Sunday, 10 December 2017 at 01:30



INFO: read target account data; we're tracking 52 accounts
WARNING: no ProtocolError (got exception "name 'ProtocolError' is not defined");
 trying requests.packages.urllib3.exceptions instead
NOTE: successfully imported from requests
Starting up...
about to get all tweets newer than ID #939502594178932736 for account
@SecretarySonny
ERROR: unable to get tweets for account @SecretarySonny
           the system said: Failed to parse JSON payload: Expecting ','
delimiter: line 1 column 508445 (char 508444)
about to get all tweets newer than ID #939230362995183617 for account
@SecretaryCarson
ERROR: unable to get tweets for account @SecretaryCarson
           the system said: Failed to parse JSON payload: Unterminated string
starting at: line 1 column 502642 (char 502641)
about to get all tweets newer than ID #939674523363872773 for account
@DanScavino
about to get all tweets newer than ID #930982584649175047 for account
@mike_pence
about to get all tweets newer than ID #939522709020700672 for account
@StephGrisham45
about to get all tweets newer than ID #913881045652688901 for account
@SecPriceMD
about to get all tweets newer than ID #836780744810844161 for account
@StephenMillerAL
about to get all tweets newer than ID #939499208549306369 for account
@SecretaryPerry
about to get all tweets newer than ID #816846808789958656 for account
@SenDanCoats
ERROR: unable to get tweets for account @SenDanCoats
           the system said: Failed to parse JSON payload: Expecting ':'
delimiter: line 1 column 508405 (char 508404)
about to get all tweets newer than ID #939278924261003264 for account @PRyan
ERROR: unable to get tweets for account @PRyan
           the system said: Failed to parse JSON payload: Unterminated string
starting at: line 1 column 282687 (char 282686)
about to get all tweets newer than ID #939553534520983553 for account
@SecShulkin
about to get all tweets newer than ID #923261387434012672 for account
@SecretaryRoss
about to get all tweets newer than ID #939714013067382785 for account @Scavino45
about to get all tweets newer than ID #-1 for account @ElaineChao
about to get all tweets newer than ID #939699880355823616 for account
@Scaramucci
ERROR: unable to get tweets for account @Scaramucci
           the system said: Failed to send request:
HTTPSConnectionPool(host='api.twitter.com', port=443): Read timed out.
about to get all tweets newer than ID #939514128514928646 for account
@BetsyDeVosED
about to get all tweets newer than ID #939680422493073408 for account
@realDonaldTrump
ERROR: unable to get tweets for account @realDonaldTrump
           the system said: Failed to parse JSON payload: Expecting value: line
1 column 511259 (char 511258)
about to get all tweets newer than ID #-1 for account @jaredkushner
about to get all tweets newer than ID #937288216935387136 for account
@GovernorPerry
ERROR: unable to get tweets for account @GovernorPerry
           the system said: Failed to send request:
HTTPSConnectionPool(host='api.twitter.com', port=443): Read timed out. (read
timeout=60)
about to get all tweets newer than ID #939141525874802689 for account
@SecretaryAcosta
ERROR: unable to get tweets for account @SecretaryAcosta
           the system said: Failed to parse JSON payload: Unterminated string
starting at: line 1 column 504582 (char 504581)
about to get all tweets newer than ID #939522329322967040 for account @FLOTUS
about to get all tweets newer than ID #939351851765522432 for account
@KellyannePolls
about to get all tweets newer than ID #939592805646782464 for account @PressSec
ERROR: unable to get tweets for account @PressSec
           the system said: Failed to parse JSON payload: Expecting ':'
delimiter: line 1 column 506004 (char 506003)
about to get all tweets newer than ID #939675974492356609 for account @VP
ERROR: unable to get tweets for account @VP
           the system said: Failed to send request:
HTTPSConnectionPool(host='api.twitter.com', port=443): Read timed out.
about to get all tweets newer than ID #830074939298414592 for account
@RepTomPrice
ERROR: unable to get tweets for account @RepTomPrice
           the system said: Failed to send request:
HTTPSConnectionPool(host='api.twitter.com', port=443): Read timed out.
about to get all tweets newer than ID #816290296048873472 for account
@WilburRoss
about to get all tweets newer than ID #939564526969737216 for account
@JessicaDitto45
about to get all tweets newer than ID #939268060816351232 for account
@SecondLady
ERROR: unable to get tweets for account @SecondLady
           the system said: Failed to parse JSON payload: Unterminated string
starting at: line 1 column 282532 (char 282531)
about to get all tweets newer than ID #939669240100950016 for account
@SpeakerRyan
about to get all tweets newer than ID #795981284761894912 for account
@MELANIATRUMP
ERROR: unable to get tweets for account @MELANIATRUMP
           the system said: Failed to send request:
HTTPSConnectionPool(host='api.twitter.com', port=443): Read timed out.
about to get all tweets newer than ID #937834988392931329 for account
@stevenmnuchin1
ERROR: unable to get tweets for account @stevenmnuchin1
           the system said: Failed to send request:
HTTPSConnectionPool(host='api.twitter.com', port=443): Read timed out.
about to get all tweets newer than ID #939152289587228672 for account @Reince
ERROR: unable to get tweets for account @Reince
           the system said: Failed to parse JSON payload: Unterminated string
starting at: line 1 column 857847 (char 857846)
about to get all tweets newer than ID #938865975038038016 for account @SBALinda
ERROR: unable to get tweets for account @SBALinda
           the system said: Failed to parse JSON payload: Unterminated string
starting at: line 1 column 684124 (char 684123)
about to get all tweets newer than ID #856041462164836355 for account
@FirstLadyIN
about to get all tweets newer than ID #939598561649614849 for account
@SecretaryZinke
about to get all tweets newer than ID #903694300306923521 for account
@SecElaineChao
about to get all tweets newer than ID #939651906506579970 for account
@seanspicer
ERROR: unable to get tweets for account @seanspicer
           the system said: Failed to send request:
HTTPSConnectionPool(host='api.twitter.com', port=443): Read timed out.
about to get all tweets newer than ID #934590789518286848 for account
@MickMulvaneyOMB
about to get all tweets newer than ID #939155810277642240 for account
@TomBossert45
ERROR: unable to get tweets for account @TomBossert45
           the system said: Failed to parse JSON payload: Unterminated string
starting at: line 1 column 505027 (char 505026)
about to get all tweets newer than ID #898401955847876608 for account
@Linda_McMahon
ERROR: unable to get tweets for account @Linda_McMahon
           the system said: Failed to parse JSON payload: Unterminated string
starting at: line 1 column 508930 (char 508929)
about to get all tweets newer than ID #939680494756810754 for account @POTUS
ERROR: unable to get tweets for account @POTUS
           the system said: Failed to parse JSON payload: Expecting property
name enclosed in double quotes: line 1 column 860804 (char 860803)
about to get all tweets newer than ID #939612062606680066 for account
@AshLeeStrong
about to get all tweets newer than ID #890659905798983680 for account @Reince45
about to get all tweets newer than ID #939719481210953729 for account
@nikkihaley
about to get all tweets newer than ID #824610180881117184 for account
@GovPenceIN
ERROR: unable to get tweets for account @GovPenceIN
           the system said: Failed to parse JSON payload: Expecting value: line
1 column 506995 (char 506994)
about to get all tweets newer than ID #939682120196411392 for account
@WhiteHouse
about to get all tweets newer than ID #867385249340297217 for account
@RealBenCarson
about to get all tweets newer than ID #938052857873555456 for account
@IvankaTrumpHQ
about to get all tweets newer than ID #832282841471918080 for account
@BetsyDeVos
about to get all tweets newer than ID #939306156056563712 for account
@EPAScottPruitt
about to get all tweets newer than ID #939623122164174848 for account
@IvankaTrump
about to get all tweets newer than ID #898632795517403136 for account
@GeneralJFKellly
ERROR: unable to get tweets for account @GeneralJFKellly
           the system said: Not authorized.
... OK, we're set up, and about to watch 842072478834909184, 828613457020870657,
 620571475, 22203756, 823638938590085124, 829782369670410240,
728361177986797568, 830128820447539208, 212262370, 733751245,
831482588246196225, 836305915452272641, 823367015830323201, 105267762, 24578794,
 828997388920619008, 25073877, 29547260, 18906561, 819980276570976256,
818876014390603776, 471672239, 818927131883356161, 818910970567344128, 6577802,
809836066316451840, 836724024688410625, 822127086194348032, 18916432, 108471631,
 799764016885329921, 20733972, 819992522109894658, 1923451808,
827258161841135623, 826065858548133888, 20776147, 888031054141022209,
866746592853979137, 65522706, 822215679726100480, 296060169, 803703725730779136,
 37666984, 15985455, 822215673812119553, 1180379185, 798195585824104449,
599530439, 832672006113931269, 52544275, 892173412818354177
