Hello, traveler. This is the beginning of a log file called: "Fascist Tweet Archiver".
Some basic system info about the host machine: posix.uname_result(sysname='Linux', nodename='file-server', release='3.16.0-4-686-pae', version='#1 SMP Debian 3.16.43-2+deb8u5 (2017-09-19)', machine='i686')
This log was begun Friday, 24 November 2017 at 16:12



INFO: read target account data; we're tracking 52 accounts
WARNING: no ProtocolError (got exception "name 'ProtocolError' is not defined");
 trying requests.packages.urllib3.exceptions instead
NOTE: successfully imported from requests
Starting up...
about to get all tweets newer than ID #913881045652688901 for account
@SecPriceMD
about to get all tweets newer than ID #867385249340297217 for account
@RealBenCarson
about to get all tweets newer than ID #933730630407507968 for account
@SecShulkin
about to get all tweets newer than ID #836780744810844161 for account
@StephenMillerAL
about to get all tweets newer than ID #923261387434012672 for account
@SecretaryRoss
about to get all tweets newer than ID #933696660034560000 for account
@SecretaryPerry
about to get all tweets newer than ID #830074939298414592 for account
@RepTomPrice
about to get all tweets newer than ID #832282841471918080 for account
@BetsyDeVos
about to get all tweets newer than ID #933896541470724096 for account
@AshLeeStrong
about to get all tweets newer than ID #890659905798983680 for account @Reince45
about to get all tweets newer than ID #934108754731307009 for account
@IvankaTrump
ERROR: unable to get tweets for account @IvankaTrump
           the system said: Failed to parse JSON payload: Unterminated string
starting at: line 1 column 504345 (char 504344)
about to get all tweets newer than ID #934081421572001792 for account @PressSec
about to get all tweets newer than ID #934189999045693441 for account
@realDonaldTrump
about to get all tweets newer than ID #856041462164836355 for account
@FirstLadyIN
about to get all tweets newer than ID #934125603720228864 for account
@Scaramucci
about to get all tweets newer than ID #933349414835576834 for account
@IvankaTrumpHQ
about to get all tweets newer than ID #934181502270787586 for account
@DanScavino
about to get all tweets newer than ID #934175014903013376 for account
@SpeakerRyan
about to get all tweets newer than ID #903694300306923521 for account
@SecElaineChao
about to get all tweets newer than ID #933832825815601154 for account
@seanspicer
ERROR: unable to get tweets for account @seanspicer
           the system said: Failed to parse JSON payload: Unterminated string
starting at: line 1 column 504592 (char 504591)
about to get all tweets newer than ID #928306806681735168 for account
@BetsyDeVosED
about to get all tweets newer than ID #816290296048873472 for account
@WilburRoss
about to get all tweets newer than ID #929769209055338496 for account
@GovernorPerry
about to get all tweets newer than ID #898632795517403136 for account
@GeneralJFKellly
ERROR: unable to get tweets for account @GeneralJFKellly
           the system said: Not authorized.
about to get all tweets newer than ID #933713814859780098 for account
@EPAScottPruitt
about to get all tweets newer than ID #934100508570193920 for account @VP
about to get all tweets newer than ID #933745683550662657 for account
@StephGrisham45
about to get all tweets newer than ID #934087162441629696 for account
@JessicaDitto45
ERROR: unable to get tweets for account @JessicaDitto45
           the system said: Failed to send request:
HTTPSConnectionPool(host='api.twitter.com', port=443): Read timed out.
about to get all tweets newer than ID #-1 for account @jaredkushner
about to get all tweets newer than ID #795981284761894912 for account
@MELANIATRUMP
about to get all tweets newer than ID #933741073461137409 for account
@stevenmnuchin1
getting all tweets before ID #874590812658688004
    ...306 tweets downloaded so far
about to get all tweets newer than ID #816846808789958656 for account
@SenDanCoats


New tweet from stevenmnuchin1: RT @SpeakerRyan: The Tax Cuts and Jobs Act will
 create:
✔ Nearly 1 Million new jobs
✔ Faster economic growth
✔ Upward pressure
on wages for…

archiving URL http://twitter.com/stevenmnuchin1/status/934195424033955840
    ... archiving using prefix http://web.archive.org/save/

archiving URL https://twitter.com/stevenmnuchin1/status/934195424033955840
    ... archiving using prefix http://web.archive.org/save/
ERROR: unable to get tweets for account @SenDanCoats
           the system said: Failed to parse JSON payload: Expecting ':'
delimiter: line 1 column 506045 (char 506044)
about to get all tweets newer than ID #933722580791345152 for account @PRyan
about to get all tweets newer than ID #934138387468050437 for account @SBALinda
about to get all tweets newer than ID #934184102395342848 for account
@SecretaryZinke
about to get all tweets newer than ID #930982584649175047 for account
@mike_pence
ERROR: unable to get tweets for account @mike_pence
           the system said: Failed to parse JSON payload: Expecting ','
delimiter: line 1 column 506461 (char 506460)
about to get all tweets newer than ID #928448335584858113 for account @Reince
about to get all tweets newer than ID #824610180881117184 for account
@GovPenceIN
about to get all tweets newer than ID #933871886349619200 for account
@nikkihaley
getting all tweets before ID #898000907585155072
    ...400 tweets downloaded so far
about to get all tweets newer than ID #934150219788357632 for account
@WhiteHouse


New tweet from nikkihaley: RT @realDonaldTrump: Horrible and cowardly
terrorist attack on innocent and defenseless worshipers in Egypt. The world
cannot tolerate terr…

archiving URL http://twitter.com/nikkihaley/status/934198554951913479
    ... archiving using prefix http://web.archive.org/save/

archiving URL https://twitter.com/nikkihaley/status/934198554951913479
    ... archiving using prefix http://web.archive.org/save/
about to get all tweets newer than ID #933055817535885313 for account
@MickMulvaneyOMB
about to get all tweets newer than ID #934184876177281025 for account @Scavino45
about to get all tweets newer than ID #933733277701148672 for account
@SecondLady
about to get all tweets newer than ID #898401955847876608 for account
@Linda_McMahon
about to get all tweets newer than ID #933764914363142149 for account
@SecretaryCarson
about to get all tweets newer than ID #933707283942596615 for account
@KellyannePolls
about to get all tweets newer than ID #933651543521447936 for account
@SecretaryAcosta
about to get all tweets newer than ID #-1 for account @ElaineChao
about to get all tweets newer than ID #933745035564273665 for account @FLOTUS
about to get all tweets newer than ID #934081286351794179 for account @POTUS
about to get all tweets newer than ID #933749689714991105 for account
@TomBossert45
about to get all tweets newer than ID #933800512432082947 for account
@SecretarySonny
ERROR: unable to get tweets for account @SecretarySonny
           the system said: Failed to send request:
HTTPSConnectionPool(host='api.twitter.com', port=443): Read timed out.
... OK, we're set up, and about to watch 829782369670410240, 1180379185,
831482588246196225, 728361177986797568, 836305915452272641, 830128820447539208,
6577802, 599530439, 296060169, 803703725730779136, 52544275, 818927131883356161,
 25073877, 1923451808, 24578794, 798195585824104449, 620571475, 18916432,
826065858548133888, 20776147, 828997388920619008, 809836066316451840, 18906561,
892173412818354177, 832672006113931269, 818910970567344128, 823638938590085124,
836724024688410625, 29547260, 108471631, 799764016885329921, 212262370,
733751245, 819992522109894658, 827258161841135623, 22203756, 20733972, 15985455,
 37666984, 822215673812119553, 888031054141022209, 823367015830323201,
822127086194348032, 65522706, 828613457020870657, 471672239, 819980276570976256,
 105267762, 818876014390603776, 822215679726100480, 866746592853979137,
842072478834909184
