Hello, traveler. This is the beginning of a log file called: "Fascist Tweet Archiver".
Some basic system info about the host machine: posix.uname_result(sysname='Linux', nodename='file-server', release='3.16.0-4-686-pae', version='#1 SMP Debian 3.16.43-2+deb8u5 (2017-09-19)', machine='i686')
This log was begun Tuesday, 28 November 2017 at 14:35



INFO: read target account data; we're tracking 52 accounts
WARNING: no ProtocolError (got exception "name 'ProtocolError' is not defined");
 trying requests.packages.urllib3.exceptions instead
NOTE: successfully imported from requests
Starting up...
about to get all tweets newer than ID #935559513951932416 for account
@SpeakerRyan
about to get all tweets newer than ID #935560221799469056 for account
@Scaramucci
getting all tweets before ID #924283832378982400
ERROR: unable to get tweets for account @Scaramucci
           the system said: Failed to parse JSON payload: Unterminated string
starting at: line 1 column 504088 (char 504087)
about to get all tweets newer than ID #933749689714991105 for account
@TomBossert45
ERROR: unable to get tweets for account @TomBossert45
           the system said: Failed to parse JSON payload: Unterminated string
starting at: line 1 column 504583 (char 504582)
about to get all tweets newer than ID #935602234213257216 for account @FLOTUS
ERROR: unable to get tweets for account @FLOTUS
           the system said: Failed to send request:
HTTPSConnectionPool(host='api.twitter.com', port=443): Read timed out.
about to get all tweets newer than ID #890659905798983680 for account @Reince45
ERROR: unable to get tweets for account @Reince45
           the system said: Failed to send request:
HTTPSConnectionPool(host='api.twitter.com', port=443): Read timed out.
about to get all tweets newer than ID #935586942166683649 for account
@IvankaTrump
ERROR: unable to get tweets for account @IvankaTrump
           the system said: Failed to parse JSON payload: Unterminated string
starting at: line 1 column 507490 (char 507489)
about to get all tweets newer than ID #824610180881117184 for account
@GovPenceIN
about to get all tweets newer than ID #928448335584858113 for account @Reince
ERROR: unable to get tweets for account @Reince
           the system said: Failed to parse JSON payload: Unterminated string
starting at: line 1 column 504553 (char 504552)
about to get all tweets newer than ID #935550298554290177 for account
@nikkihaley
ERROR: unable to get tweets for account @nikkihaley
           the system said: Failed to send request:
HTTPSConnectionPool(host='api.twitter.com', port=443): Read timed out. (read
timeout=60)
about to get all tweets newer than ID #903694300306923521 for account
@SecElaineChao
about to get all tweets newer than ID #935592478564118528 for account @POTUS
ERROR: unable to get tweets for account @POTUS
           the system said: Failed to parse JSON payload: Unterminated string
starting at: line 1 column 507445 (char 507444)
about to get all tweets newer than ID #923261387434012672 for account
@SecretaryRoss
about to get all tweets newer than ID #935547075093295104 for account
@SecretaryPerry
ERROR: unable to get tweets for account @SecretaryPerry
           the system said: Failed to parse JSON payload: Unterminated string
starting at: line 1 column 503147 (char 503146)
about to get all tweets newer than ID #930982584649175047 for account
@mike_pence
ERROR: unable to get tweets for account @mike_pence
           the system said: Failed to parse JSON payload: Unterminated string
starting at: line 1 column 508930 (char 508929)
about to get all tweets newer than ID #934446372824211456 for account
@SecretarySonny
ERROR: unable to get tweets for account @SecretarySonny
           the system said: Failed to parse JSON payload: Unterminated string
starting at: line 1 column 506965 (char 506964)
about to get all tweets newer than ID #933349414835576834 for account
@IvankaTrumpHQ
ERROR: unable to get tweets for account @IvankaTrumpHQ
           the system said: Failed to parse JSON payload: Invalid \uXXXX escape:
 line 1 column 505546 (char 505545)
about to get all tweets newer than ID #935565566785523713 for account
@SecretaryAcosta
ERROR: unable to get tweets for account @SecretaryAcosta
           the system said: Failed to parse JSON payload: Unterminated string
starting at: line 1 column 506904 (char 506903)
about to get all tweets newer than ID #913881045652688901 for account
@SecPriceMD
about to get all tweets newer than ID #928306806681735168 for account
@BetsyDeVosED
about to get all tweets newer than ID #898632795517403136 for account
@GeneralJFKellly
ERROR: unable to get tweets for account @GeneralJFKellly
           the system said: Not authorized.
about to get all tweets newer than ID #830074939298414592 for account
@RepTomPrice
about to get all tweets newer than ID #935588306565427200 for account @PressSec
ERROR: unable to get tweets for account @PressSec
           the system said: Failed to parse JSON payload: Expecting ','
delimiter: line 1 column 508444 (char 508443)
about to get all tweets newer than ID #935532236375560192 for account @PRyan
getting all tweets before ID #894986317150523391
ERROR: unable to get tweets for account @PRyan
           the system said: Failed to parse JSON payload: Unterminated string
starting at: line 1 column 508869 (char 508868)
about to get all tweets newer than ID #867385249340297217 for account
@RealBenCarson
ERROR: unable to get tweets for account @RealBenCarson
           the system said: Failed to parse JSON payload: Unterminated string
starting at: line 1 column 511339 (char 511338)
about to get all tweets newer than ID #935604093338439681 for account @Scavino45
getting all tweets before ID #927719852294500351
    ...400 tweets downloaded so far


New tweet from Scavino45: United States Secretary of Defense, General James
Mattis re: North Korea with @POTUS @realDonaldTrump,… https://t.co/bIvnNnp20W

archiving URL http://twitter.com/Scavino45/status/935614463113392128
    ... archiving using prefix http://web.archive.org/save/
about to get all tweets newer than ID #935498951104585728 for account
@seanspicer

archiving URL https://twitter.com/Scavino45/status/935614463113392128
    ... archiving using prefix http://web.archive.org/save/


New tweet from Scavino45: "I think it's regrettable that our Democrat
colleagues and leadership chose not to join us today. For a bill to bec…
https://t.co/664W2D6Js5

archiving URL http://twitter.com/Scavino45/status/935618918974181376
    ... archiving using prefix http://web.archive.org/save/
ERROR: unable to get tweets for account @seanspicer
           the system said: Failed to parse JSON payload: Unterminated string
starting at: line 1 column 508423 (char 508422)
about to get all tweets newer than ID #-1 for account @ElaineChao

archiving URL https://twitter.com/Scavino45/status/935618918974181376
    ... archiving using prefix http://web.archive.org/save/
about to get all tweets newer than ID #933733277701148672 for account
@SecondLady


New tweet from Scavino45: “We want our military funded, and we want it funded
now...”
@POTUS @realDonaldTrump https://t.co/oZSdELTKqR

archiving URL http://twitter.com/Scavino45/status/935619576351678464
    ... archiving using prefix http://web.archive.org/save/
about to get all tweets newer than ID #832282841471918080 for account
@BetsyDeVos

archiving URL https://twitter.com/Scavino45/status/935619576351678464
    ... archiving using prefix http://web.archive.org/save/


New tweet from Scavino45: .@IvankaTrump at @GES2017 in India with Prime
Minister @narendramodi. #GES2017 https://t.co/0bTDFfkQLy

archiving URL http://twitter.com/Scavino45/status/935628575801266177
    ... archiving using prefix http://web.archive.org/save/
about to get all tweets newer than ID #933713814859780098 for account
@EPAScottPruitt

archiving URL https://twitter.com/Scavino45/status/935628575801266177
    ... archiving using prefix http://web.archive.org/save/
ERROR: unable to get tweets for account @EPAScottPruitt
           the system said: Failed to send request:
HTTPSConnectionPool(host='api.twitter.com', port=443): Read timed out.
about to get all tweets newer than ID #795981284761894912 for account
@MELANIATRUMP
ERROR: unable to get tweets for account @MELANIATRUMP
           the system said: Failed to parse JSON payload: Expecting value: line
1 column 504594 (char 504593)
about to get all tweets newer than ID #935338397857730561 for account
@StephGrisham45
about to get all tweets newer than ID #856041462164836355 for account
@FirstLadyIN
about to get all tweets newer than ID #898401955847876608 for account
@Linda_McMahon
ERROR: unable to get tweets for account @Linda_McMahon
           the system said: Failed to parse JSON payload: Unterminated string
starting at: line 1 column 506951 (char 506950)
about to get all tweets newer than ID #816846808789958656 for account
@SenDanCoats
ERROR: unable to get tweets for account @SenDanCoats
           the system said: Failed to parse JSON payload: Unterminated string
starting at: line 1 column 507147 (char 507146)
about to get all tweets newer than ID #816290296048873472 for account
@WilburRoss
about to get all tweets newer than ID #935600579929309184 for account
@SecretaryZinke
about to get all tweets newer than ID #934972671384834049 for account
@DanScavino
ERROR: unable to get tweets for account @DanScavino
           the system said: Failed to parse JSON payload: Unterminated string
starting at: line 1 column 508848 (char 508847)
about to get all tweets newer than ID #935603301596282880 for account @SBALinda
ERROR: unable to get tweets for account @SBALinda
           the system said: Failed to send request:
HTTPSConnectionPool(host='api.twitter.com', port=443): Read timed out. (read
timeout=60)
about to get all tweets newer than ID #836780744810844161 for account
@StephenMillerAL
about to get all tweets newer than ID #934443265239154689 for account
@KellyannePolls
about to get all tweets newer than ID #935613216717189120 for account
@WhiteHouse
ERROR: unable to get tweets for account @WhiteHouse
           the system said: Failed to parse JSON payload: Unterminated string
starting at: line 1 column 852508 (char 852507)
about to get all tweets newer than ID #935603459331706881 for account
@SecretaryCarson
ERROR: unable to get tweets for account @SecretaryCarson
           the system said: Failed to send request:
HTTPSConnectionPool(host='api.twitter.com', port=443): Read timed out.
about to get all tweets newer than ID #935555948684496896 for account
@JessicaDitto45
ERROR: unable to get tweets for account @JessicaDitto45
           the system said: Failed to send request:
HTTPSConnectionPool(host='api.twitter.com', port=443): Max retries exceeded with
 url: /1.1/statuses/user_timeline.json?count=200&screen_name=JessicaDitto45
(Caused by NewConnectionError('<requests.packages.urllib3.connection.VerifiedHTT
PSConnection object at 0xb66458ac>: Failed to establish a new connection: [Errno
 -2] Name or service not known',))
about to get all tweets newer than ID #935545697360891904 for account
@realDonaldTrump
ERROR: unable to get tweets for account @realDonaldTrump
           the system said: Failed to send request: ('Connection aborted.',
BadStatusLine("''",))
about to get all tweets newer than ID #935606386263777280 for account
@AshLeeStrong
ERROR: unable to get tweets for account @AshLeeStrong
           the system said: Failed to send request:
HTTPSConnectionPool(host='api.twitter.com', port=443): Read timed out.
about to get all tweets newer than ID #935542642477322240 for account
@stevenmnuchin1
ERROR: unable to get tweets for account @stevenmnuchin1
           the system said: Failed to send request:
HTTPSConnectionPool(host='api.twitter.com', port=443): Max retries exceeded with
 url: /1.1/statuses/user_timeline.json?count=200&screen_name=stevenmnuchin1
(Caused by NewConnectionError('<requests.packages.urllib3.connection.VerifiedHTT
PSConnection object at 0xb650abcc>: Failed to establish a new connection: [Errno
 -2] Name or service not known',))
about to get all tweets newer than ID #935603898655617025 for account
@SecShulkin
ERROR: unable to get tweets for account @SecShulkin
           the system said: Failed to send request:
HTTPSConnectionPool(host='api.twitter.com', port=443): Max retries exceeded with
 url: /1.1/statuses/user_timeline.json?count=200&screen_name=SecShulkin (Caused
by NewConnectionError('<requests.packages.urllib3.connection.VerifiedHTTPSConnec
tion object at 0xb651614c>: Failed to establish a new connection: [Errno -2]
Name or service not known',))
about to get all tweets newer than ID #935605276480286720 for account @VP
ERROR: unable to get tweets for account @VP
           the system said: Failed to send request:
HTTPSConnectionPool(host='api.twitter.com', port=443): Max retries exceeded with
 url: /1.1/statuses/user_timeline.json?count=200&screen_name=VP (Caused by NewCo
nnectionError('<requests.packages.urllib3.connection.VerifiedHTTPSConnection
object at 0xb65165cc>: Failed to establish a new connection: [Errno -2] Name or
service not known',))
about to get all tweets newer than ID #-1 for account @jaredkushner
ERROR: unable to get tweets for account @jaredkushner
           the system said: Failed to send request:
HTTPSConnectionPool(host='api.twitter.com', port=443): Read timed out. (read
timeout=60)
about to get all tweets newer than ID #929769209055338496 for account
@GovernorPerry
ERROR: unable to get tweets for account @GovernorPerry
           the system said: Failed to send request:
HTTPSConnectionPool(host='api.twitter.com', port=443): Read timed out. (read
timeout=60)
about to get all tweets newer than ID #934590789518286848 for account
@MickMulvaneyOMB
ERROR: unable to get tweets for account @MickMulvaneyOMB
           the system said: Failed to send request:
HTTPSConnectionPool(host='api.twitter.com', port=443): Max retries exceeded with
 url: /1.1/statuses/user_timeline.json?count=200&screen_name=MickMulvaneyOMB
(Caused by NewConnectionError('<requests.packages.urllib3.connection.VerifiedHTT
PSConnection object at 0xb650ad4c>: Failed to establish a new connection: [Errno
 -2] Name or service not known',))
... OK, we're set up, and about to watch 18916432, 24578794, 866746592853979137,
 818876014390603776, 803703725730779136, 52544275, 15985455, 20733972, 37666984,
 826065858548133888, 822215679726100480, 836305915452272641, 830128820447539208,
 22203756, 842072478834909184, 798195585824104449, 819980276570976256,
829782369670410240, 828997388920619008, 892173412818354177, 6577802,
818927131883356161, 733751245, 1180379185, 823367015830323201, 20776147,
105267762, 822127086194348032, 599530439, 832672006113931269, 108471631,
823638938590085124, 1923451808, 65522706, 212262370, 809836066316451840,
827258161841135623, 620571475, 819992522109894658, 728361177986797568,
471672239, 822215673812119553, 828613457020870657, 836724024688410625, 25073877,
 296060169, 799764016885329921, 831482588246196225, 818910970567344128,
29547260, 18906561, 888031054141022209
