Hello, traveler. This is the beginning of a log file called: "Fascist Tweet Archiver".
Some basic system info about the host machine: posix.uname_result(sysname='Linux', nodename='file-server', release='3.16.0-4-686-pae', version='#1 SMP Debian 3.16.51-3 (2017-12-13)', machine='i686')
This log was begun Saturday, 30 December 2017 at 07:33



INFO: read target account data; we're tracking 52 accounts
WARNING: no ProtocolError (got exception "name 'ProtocolError' is not defined");
 trying requests.packages.urllib3.exceptions instead
NOTE: successfully imported from requests
Starting up...
about to get all tweets newer than ID #946750417182093318 for account
@DanScavino
about to get all tweets newer than ID #946950119861227520 for account @Scavino45
about to get all tweets newer than ID #903694300306923521 for account
@SecElaineChao
about to get all tweets newer than ID #945299954049933314 for account @FLOTUS
about to get all tweets newer than ID #946809083050512384 for account
@SecShulkin
about to get all tweets newer than ID #946387776328617984 for account
@IvankaTrumpHQ
about to get all tweets newer than ID #945432117319680000 for account
@GovernorPerry
about to get all tweets newer than ID #946950195346137088 for account
@WhiteHouse
about to get all tweets newer than ID #943545273489510400 for account
@MickMulvaneyOMB
about to get all tweets newer than ID #890659905798983680 for account @Reince45
about to get all tweets newer than ID #867385249340297217 for account
@RealBenCarson
ERROR: unable to get tweets for account @RealBenCarson
           the system said: Failed to parse JSON payload: Unterminated string
starting at: line 1 column 508940 (char 508939)
about to get all tweets newer than ID #943545231244439555 for account
@SecretaryCarson
about to get all tweets newer than ID #945295587301253120 for account @PRyan
about to get all tweets newer than ID #946766565063778304 for account
@SecretaryPerry
about to get all tweets newer than ID #946826533653577729 for account
@Scaramucci
about to get all tweets newer than ID #945836760617103361 for account
@SecondLady
ERROR: unable to get tweets for account @SecondLady
           the system said: Failed to parse JSON payload: Unterminated string
starting at: line 1 column 505538 (char 505537)
about to get all tweets newer than ID #946918801588871168 for account @PressSec
about to get all tweets newer than ID #836780744810844161 for account
@StephenMillerAL
about to get all tweets newer than ID #946156999041052672 for account
@TomBossert45
about to get all tweets newer than ID #946726223861952513 for account
@IvankaTrump
about to get all tweets newer than ID #946898619378143232 for account
@seanspicer
about to get all tweets newer than ID #898632795517403136 for account
@GeneralJFKellly
ERROR: unable to get tweets for account @GeneralJFKellly
           the system said: Not authorized.
about to get all tweets newer than ID #898401955847876608 for account
@Linda_McMahon
about to get all tweets newer than ID #946046285546602496 for account @SBALinda
about to get all tweets newer than ID #946950057496055808 for account @POTUS
about to get all tweets newer than ID #941074527592812545 for account
@SecretaryRoss
about to get all tweets newer than ID #-1 for account @jaredkushner
about to get all tweets newer than ID #816846808789958656 for account
@SenDanCoats
about to get all tweets newer than ID #945107090221273093 for account
@EPAScottPruitt
about to get all tweets newer than ID #946753093877854208 for account
@SecretaryZinke
about to get all tweets newer than ID #947075673222451200 for account
@KellyannePolls
about to get all tweets newer than ID #946949708915924994 for account
@realDonaldTrump
ERROR: unable to get tweets for account @realDonaldTrump
           the system said: Failed to parse JSON payload: Unterminated string
starting at: line 1 column 507816 (char 507815)
about to get all tweets newer than ID #930982584649175047 for account
@mike_pence
about to get all tweets newer than ID #946035200471027712 for account
@StephGrisham45
about to get all tweets newer than ID #946950321145896962 for account
@JessicaDitto45
about to get all tweets newer than ID #816290296048873472 for account
@WilburRoss
about to get all tweets newer than ID #795981284761894912 for account
@MELANIATRUMP
about to get all tweets newer than ID #946981978137542657 for account
@AshLeeStrong
ERROR: unable to get tweets for account @AshLeeStrong
           the system said: Failed to parse JSON payload: Expecting ','
delimiter: line 1 column 509197 (char 509196)
about to get all tweets newer than ID #824610180881117184 for account
@GovPenceIN
about to get all tweets newer than ID #946847208451837953 for account
@SpeakerRyan
about to get all tweets newer than ID #913881045652688901 for account
@SecPriceMD
about to get all tweets newer than ID #943908455793823744 for account @Reince
about to get all tweets newer than ID #-1 for account @ElaineChao
about to get all tweets newer than ID #856041462164836355 for account
@FirstLadyIN
ERROR: unable to get tweets for account @FirstLadyIN
           the system said: Failed to parse JSON payload: Unterminated string
starting at: line 1 column 506995 (char 506994)
about to get all tweets newer than ID #832282841471918080 for account
@BetsyDeVos
about to get all tweets newer than ID #945045186899570693 for account
@SecretaryAcosta
about to get all tweets newer than ID #947094027652001792 for account
@SecretarySonny
about to get all tweets newer than ID #945412679887413248 for account
@BetsyDeVosED
about to get all tweets newer than ID #830074939298414592 for account
@RepTomPrice
about to get all tweets newer than ID #946627730136743936 for account
@stevenmnuchin1
about to get all tweets newer than ID #946798344697012227 for account @VP
about to get all tweets newer than ID #946806880357240832 for account
@nikkihaley
... OK, we're set up, and about to watch 620571475, 823367015830323201,
826065858548133888, 818876014390603776, 831482588246196225, 798195585824104449,
18906561, 822215673812119553, 888031054141022209, 803703725730779136,
1180379185, 828613457020870657, 733751245, 830128820447539208, 24578794,
822127086194348032, 818927131883356161, 728361177986797568, 866746592853979137,
52544275, 20776147, 892173412818354177, 65522706, 819992522109894658,
822215679726100480, 836305915452272641, 29547260, 212262370, 832672006113931269,
 827258161841135623, 471672239, 25073877, 22203756, 823638938590085124,
836724024688410625, 809836066316451840, 108471631, 296060169, 15985455,
18916432, 829782369670410240, 20733972, 105267762, 1923451808, 599530439,
819980276570976256, 842072478834909184, 828997388920619008, 6577802,
799764016885329921, 818910970567344128, 37666984


New tweet from Scaramucci: How:  corporations are made up of people. Taxing
them is double taxation and distorts their policies as they move t…
https://t.co/ffcKVgfA7d

archiving URL http://twitter.com/Scaramucci/status/947125120228888576
    ... archiving using prefix http://web.archive.org/save/

archiving URL https://twitter.com/Scaramucci/status/947125120228888576
    ... archiving using prefix http://web.archive.org/save/
WARNING: received error ('Connection broken: IncompleteRead(0 bytes read, 976
more expected)', IncompleteRead(0 bytes read, 976 more expected)); sleeping and
trying again ...
WARNING: received error ('Connection broken: IncompleteRead(0 bytes read, 512
more expected)', IncompleteRead(0 bytes read, 512 more expected)); sleeping and
trying again ...


New tweet from StephGrisham45: SAME. 🤨 https://t.co/zMVuJrl0aE

archiving URL http://twitter.com/StephGrisham45/status/947132464534781953
    ... archiving using prefix http://web.archive.org/save/

archiving URL https://twitter.com/StephGrisham45/status/947132464534781953
    ... archiving using prefix http://web.archive.org/save/
WARNING: received error ('Connection broken: IncompleteRead(0 bytes read, 512
more expected)', IncompleteRead(0 bytes read, 512 more expected)); sleeping and
trying again ...


New tweet from Scaramucci: Where did I say I agreed with eliminating SALT
deductions? I agree with you. https://t.co/YZCzd07BZJ

archiving URL http://twitter.com/Scaramucci/status/947134677718102016
    ... archiving using prefix http://web.archive.org/save/

archiving URL https://twitter.com/Scaramucci/status/947134677718102016
    ... archiving using prefix http://web.archive.org/save/
WARNING: received error HTTPSConnectionPool(host='stream.twitter.com',
port=443): Read timed out.; sleeping and trying again ...
WARNING: received error ('Connection broken: IncompleteRead(0 bytes read, 2 more
 expected)', IncompleteRead(0 bytes read, 2 more expected)); sleeping and trying
 again ...


New tweet from SecretarySonny: In 2017 @USDA responded to local school
nutrition workers, parents &amp; students to provide greater flexibility and lo…
 https://t.co/hylx9cBbIH

archiving URL http://twitter.com/SecretarySonny/status/947138759610585089
    ... archiving using prefix http://web.archive.org/save/

archiving URL https://twitter.com/SecretarySonny/status/947138759610585089
    ... archiving using prefix http://web.archive.org/save/
WARNING: received error HTTPSConnectionPool(host='stream.twitter.com',
port=443): Read timed out.; sleeping and trying again ...
WARNING: received error HTTPSConnectionPool(host='stream.twitter.com',
port=443): Read timed out.; sleeping and trying again ...
WARNING: received error ('Connection broken: IncompleteRead(0 bytes read)',
IncompleteRead(0 bytes read)); sleeping and trying again ...


New tweet from StephGrisham45: As we head in to the #NewYear I want to thank
all press wranglers &amp; press advance people. By far some of the most p…
https://t.co/46IQ7KHC1r

archiving URL http://twitter.com/StephGrisham45/status/947163144593559553
    ... archiving using prefix http://web.archive.org/save/

archiving URL https://twitter.com/StephGrisham45/status/947163144593559553
    ... archiving using prefix http://web.archive.org/save/


New tweet from nikkihaley: It’s a beautiful Saturday in NYC! #LifeInNYC
#IsItSpringYet https://t.co/5MW44ZNbBo

archiving URL http://twitter.com/nikkihaley/status/947167743513686018
    ... archiving using prefix http://web.archive.org/save/

archiving URL https://twitter.com/nikkihaley/status/947167743513686018
    ... archiving using prefix http://web.archive.org/save/
WARNING: received error HTTPSConnectionPool(host='stream.twitter.com',
port=443): Read timed out.; sleeping and trying again ...
