Hello, traveler. This is the beginning of a log file called: "Fascist Tweet Archiver".
Some basic system info about the host machine: posix.uname_result(sysname='Linux', nodename='file-server', release='3.16.0-4-686-pae', version='#1 SMP Debian 3.16.51-2 (2017-12-03)', machine='i686')
This log was begun Saturday, 23 December 2017 at 23:46



INFO: read target account data; we're tracking 52 accounts
WARNING: no ProtocolError (got exception "name 'ProtocolError' is not defined");
 trying requests.packages.urllib3.exceptions instead
NOTE: successfully imported from requests
Starting up...
about to get all tweets newer than ID #930982584649175047 for account
@mike_pence
about to get all tweets newer than ID #943921618379792386 for account
@KellyannePolls
about to get all tweets newer than ID #944700120968331265 for account
@SpeakerRyan
about to get all tweets newer than ID #943545273489510400 for account
@MickMulvaneyOMB
about to get all tweets newer than ID #941074527592812545 for account
@SecretaryRoss
about to get all tweets newer than ID #942831854251663362 for account @FLOTUS
about to get all tweets newer than ID #944748451606269952 for account
@Scaramucci
about to get all tweets newer than ID #913881045652688901 for account
@SecPriceMD
about to get all tweets newer than ID #944248881403039744 for account @SBALinda
about to get all tweets newer than ID #944372369187065857 for account
@seanspicer
about to get all tweets newer than ID #944737545111461894 for account
@SecondLady
about to get all tweets newer than ID #-1 for account @jaredkushner
about to get all tweets newer than ID #943621605326053376 for account
@EPAScottPruitt
about to get all tweets newer than ID #944766091166932992 for account @Scavino45
about to get all tweets newer than ID #-1 for account @ElaineChao
about to get all tweets newer than ID #944623745053986817 for account
@SecShulkin
about to get all tweets newer than ID #942785692974936064 for account
@GovernorPerry
about to get all tweets newer than ID #944294028669083648 for account
@IvankaTrump
about to get all tweets newer than ID #867385249340297217 for account
@RealBenCarson
about to get all tweets newer than ID #795981284761894912 for account
@MELANIATRUMP
about to get all tweets newer than ID #944243648929124352 for account
@SecretaryAcosta
about to get all tweets newer than ID #944192733324996608 for account
@stevenmnuchin1
about to get all tweets newer than ID #944703626454487042 for account
@realDonaldTrump
about to get all tweets newer than ID #943545231244439555 for account
@SecretaryCarson
about to get all tweets newer than ID #944775956841066496 for account @PressSec
about to get all tweets newer than ID #836780744810844161 for account
@StephenMillerAL
about to get all tweets newer than ID #944801143775006720 for account
@nikkihaley
getting all tweets before ID #908075429092884481
    ...400 tweets downloaded so far


New tweet from nikkihaley: @KatalinBogyay ❤️

archiving URL http://twitter.com/nikkihaley/status/944803240985718784
    ... archiving using prefix http://web.archive.org/save/
about to get all tweets newer than ID #944601488160149504 for account @VP

archiving URL https://twitter.com/nikkihaley/status/944803240985718784
    ... archiving using prefix http://web.archive.org/save/
about to get all tweets newer than ID #943908455793823744 for account @Reince
about to get all tweets newer than ID #944305695045939200 for account
@SecretaryZinke
about to get all tweets newer than ID #890659905798983680 for account @Reince45
about to get all tweets newer than ID #944673249329369090 for account
@AshLeeStrong
about to get all tweets newer than ID #816290296048873472 for account
@WilburRoss
about to get all tweets newer than ID #816846808789958656 for account
@SenDanCoats
about to get all tweets newer than ID #944773317503963138 for account
@JessicaDitto45
about to get all tweets newer than ID #944570215928614912 for account
@SecretaryPerry
about to get all tweets newer than ID #944273554752843776 for account
@SecretarySonny
about to get all tweets newer than ID #944769648393949185 for account @POTUS
about to get all tweets newer than ID #830074939298414592 for account
@RepTomPrice
about to get all tweets newer than ID #943311051914964993 for account
@DanScavino
about to get all tweets newer than ID #944600505816203264 for account @PRyan
about to get all tweets newer than ID #903694300306923521 for account
@SecElaineChao
about to get all tweets newer than ID #943142015063216130 for account
@BetsyDeVosED
about to get all tweets newer than ID #943949344738349063 for account
@IvankaTrumpHQ
about to get all tweets newer than ID #856041462164836355 for account
@FirstLadyIN
about to get all tweets newer than ID #898401955847876608 for account
@Linda_McMahon
about to get all tweets newer than ID #944690857168523265 for account
@WhiteHouse
about to get all tweets newer than ID #832282841471918080 for account
@BetsyDeVos
about to get all tweets newer than ID #898632795517403136 for account
@GeneralJFKellly
ERROR: unable to get tweets for account @GeneralJFKellly
           the system said: Not authorized.
about to get all tweets newer than ID #824610180881117184 for account
@GovPenceIN
about to get all tweets newer than ID #944766421065764866 for account
@StephGrisham45
about to get all tweets newer than ID #941463188490653698 for account
@TomBossert45
... OK, we're set up, and about to watch 22203756, 471672239, 18916432,
888031054141022209, 836305915452272641, 818876014390603776, 24578794,
829782369670410240, 819992522109894658, 20776147, 822127086194348032, 29547260,
832672006113931269, 823367015830323201, 105267762, 831482588246196225, 18906561,
 52544275, 1180379185, 108471631, 819980276570976256, 799764016885329921,
25073877, 828613457020870657, 818927131883356161, 728361177986797568, 37666984,
818910970567344128, 20733972, 827258161841135623, 803703725730779136, 296060169,
 809836066316451840, 212262370, 836724024688410625, 830128820447539208,
842072478834909184, 822215679726100480, 6577802, 620571475, 733751245,
826065858548133888, 828997388920619008, 798195585824104449, 1923451808,
65522706, 822215673812119553, 599530439, 892173412818354177, 15985455,
823638938590085124, 866746592853979137
WARNING: received error ('Connection broken: IncompleteRead(0 bytes read, 2 more
 expected)', IncompleteRead(0 bytes read, 2 more expected)); sleeping and trying
 again ...
WARNING: received error ('Connection broken: IncompleteRead(0 bytes read, 512
more expected)', IncompleteRead(0 bytes read, 512 more expected)); sleeping and
trying again ...
WARNING: received error ('Connection broken: IncompleteRead(0 bytes read, 512
more expected)', IncompleteRead(0 bytes read, 512 more expected)); sleeping and
trying again ...
WARNING: received error ('Connection broken: IncompleteRead(0 bytes read, 512
more expected)', IncompleteRead(0 bytes read, 512 more expected)); sleeping and
trying again ...
WARNING: received error ('Connection broken: IncompleteRead(0 bytes read, 512
more expected)', IncompleteRead(0 bytes read, 512 more expected)); sleeping and
trying again ...
