Hello, traveler. This is the beginning of a log file called: "Fascist Tweet Archiver".
Some basic system info about the host machine: posix.uname_result(sysname='Linux', nodename='file-server', release='3.16.0-4-686-pae', version='#1 SMP Debian 3.16.43-2+deb8u5 (2017-09-19)', machine='i686')
This log was begun Tuesday, 28 November 2017 at 17:12



INFO: read target account data; we're tracking 52 accounts
WARNING: no ProtocolError (got exception "name 'ProtocolError' is not defined");
 trying requests.packages.urllib3.exceptions instead
NOTE: successfully imported from requests
Starting up...
about to get all tweets newer than ID #898401955847876608 for account
@Linda_McMahon
about to get all tweets newer than ID #935635098694832129 for account
@SpeakerRyan
about to get all tweets newer than ID #832282841471918080 for account
@BetsyDeVos
about to get all tweets newer than ID #836780744810844161 for account
@StephenMillerAL
about to get all tweets newer than ID #816846808789958656 for account
@SenDanCoats
about to get all tweets newer than ID #929769209055338496 for account
@GovernorPerry
about to get all tweets newer than ID #935588306565427200 for account @PressSec
getting all tweets before ID #920109102793191423
    ...400 tweets downloaded so far


New tweet from PressSec: RT @realDonaldTrump: Remarks from the Roosevelt Room
with @SenateMajLdr Mitch McConnell, @SpeakerRyan and Secretary of Defense,
General Jam…

archiving URL http://twitter.com/PressSec/status/935632564965998593
    ... archiving using prefix http://web.archive.org/save/
about to get all tweets newer than ID #867385249340297217 for account
@RealBenCarson

archiving URL https://twitter.com/PressSec/status/935632564965998593
    ... archiving using prefix http://web.archive.org/save/


New tweet from PressSec: Christmas comes early! Finally, good news from @CNN.
  https://t.co/3GeJysIol3

archiving URL http://twitter.com/PressSec/status/935660952200138754
    ... archiving using prefix http://web.archive.org/save/

archiving URL https://twitter.com/PressSec/status/935660952200138754
    ... archiving using prefix http://web.archive.org/save/
ERROR: unable to get tweets for account @RealBenCarson
           the system said: Failed to parse JSON payload: Unterminated string
starting at: line 1 column 508398 (char 508397)
about to get all tweets newer than ID #935605276480286720 for account @VP
getting all tweets before ID #924004819320299519
ERROR: unable to get tweets for account @VP
           the system said: Failed to send request: ('Connection aborted.',
BadStatusLine("''",))
about to get all tweets newer than ID #933349414835576834 for account
@IvankaTrumpHQ
about to get all tweets newer than ID #898632795517403136 for account
@GeneralJFKellly
ERROR: unable to get tweets for account @GeneralJFKellly
           the system said: Not authorized.
about to get all tweets newer than ID #824610180881117184 for account
@GovPenceIN
ERROR: unable to get tweets for account @GovPenceIN
           the system said: Failed to parse JSON payload: Unterminated string
starting at: line 1 column 505468 (char 505467)
about to get all tweets newer than ID #-1 for account @ElaineChao
about to get all tweets newer than ID #935547075093295104 for account
@SecretaryPerry
about to get all tweets newer than ID #933749689714991105 for account
@TomBossert45
ERROR: unable to get tweets for account @TomBossert45
           the system said: Failed to parse JSON payload: Unterminated string
starting at: line 1 column 509886 (char 509885)
about to get all tweets newer than ID #935606386263777280 for account
@AshLeeStrong
ERROR: unable to get tweets for account @AshLeeStrong
           the system said: Failed to parse JSON payload: Expecting value: line
1 column 503053 (char 503052)
about to get all tweets newer than ID #-1 for account @jaredkushner
about to get all tweets newer than ID #935565566785523713 for account
@SecretaryAcosta
ERROR: unable to get tweets for account @SecretaryAcosta
           the system said: Failed to parse JSON payload: Unterminated string
starting at: line 1 column 505538 (char 505537)
about to get all tweets newer than ID #935631894699544577 for account
@WhiteHouse
ERROR: unable to get tweets for account @WhiteHouse
           the system said: Failed to parse JSON payload: Expecting value: line
1 column 506197 (char 506196)
about to get all tweets newer than ID #933713814859780098 for account
@EPAScottPruitt
ERROR: unable to get tweets for account @EPAScottPruitt
           the system said: Failed to parse JSON payload: Expecting ':'
delimiter: line 1 column 504597 (char 504596)
about to get all tweets newer than ID #935660327915704320 for account @Scavino45
ERROR: unable to get tweets for account @Scavino45
           the system said: Failed to send request:
HTTPSConnectionPool(host='api.twitter.com', port=443): Read timed out.
about to get all tweets newer than ID #856041462164836355 for account
@FirstLadyIN
about to get all tweets newer than ID #795981284761894912 for account
@MELANIATRUMP
about to get all tweets newer than ID #935602234213257216 for account @FLOTUS
about to get all tweets newer than ID #930982584649175047 for account
@mike_pence
about to get all tweets newer than ID #935650276798750721 for account @PRyan
about to get all tweets newer than ID #935498951104585728 for account
@seanspicer
about to get all tweets newer than ID #935542642477322240 for account
@stevenmnuchin1
getting all tweets before ID #875063449696555008
    ...311 tweets downloaded so far


New tweet from stevenmnuchin1: Well done and congratulations to the Senate
Budget Committee for progressing the historic #TaxReform bill for the American
people. 🇺🇸

archiving URL http://twitter.com/stevenmnuchin1/status/935630687582998530
    ... archiving using prefix http://web.archive.org/save/
about to get all tweets newer than ID #935550298554290177 for account
@nikkihaley
getting all tweets before ID #899738219159441408

archiving URL https://twitter.com/stevenmnuchin1/status/935630687582998530
    ... archiving using prefix http://web.archive.org/save/


New tweet from stevenmnuchin1: Great to visit @NewYorkFed for an important
discussion on America's long-term financial prospects &amp; delivering…
https://t.co/0ad1uPVq4Y

archiving URL http://twitter.com/stevenmnuchin1/status/935630766846939136
    ... archiving using prefix http://web.archive.org/save/
ERROR: unable to get tweets for account @nikkihaley
           the system said: Failed to send request:
HTTPSConnectionPool(host='api.twitter.com', port=443): Read timed out. (read
timeout=60)
about to get all tweets newer than ID #935560221799469056 for account
@Scaramucci

archiving URL https://twitter.com/stevenmnuchin1/status/935630766846939136
    ... archiving using prefix http://web.archive.org/save/
getting all tweets before ID #924283832378982400
ERROR: unable to get tweets for account @Scaramucci
           the system said: Failed to parse JSON payload: Unterminated string
starting at: line 1 column 683136 (char 683135)
about to get all tweets newer than ID #816290296048873472 for account
@WilburRoss
about to get all tweets newer than ID #935600579929309184 for account
@SecretaryZinke
ERROR: unable to get tweets for account @SecretaryZinke
           the system said: Failed to send request: ('Connection aborted.',
BadStatusLine("''",))
about to get all tweets newer than ID #935555948684496896 for account
@JessicaDitto45
ERROR: unable to get tweets for account @JessicaDitto45
           the system said: Failed to parse JSON payload: Unterminated string
starting at: line 1 column 503457 (char 503456)
about to get all tweets newer than ID #934446372824211456 for account
@SecretarySonny
ERROR: unable to get tweets for account @SecretarySonny
           the system said: Failed to parse JSON payload: Unterminated string
starting at: line 1 column 505952 (char 505951)
about to get all tweets newer than ID #935661414332682241 for account
@StephGrisham45
ERROR: unable to get tweets for account @StephGrisham45
           the system said: Failed to parse JSON payload: Unterminated string
starting at: line 1 column 683111 (char 683110)
about to get all tweets newer than ID #903694300306923521 for account
@SecElaineChao
about to get all tweets newer than ID #933733277701148672 for account
@SecondLady
ERROR: unable to get tweets for account @SecondLady
           the system said: Failed to parse JSON payload: Unterminated string
starting at: line 1 column 510372 (char 510371)
about to get all tweets newer than ID #935603459331706881 for account
@SecretaryCarson
ERROR: unable to get tweets for account @SecretaryCarson
           the system said: Failed to parse JSON payload: Expecting ','
delimiter: line 1 column 507453 (char 507452)
about to get all tweets newer than ID #935586942166683649 for account
@IvankaTrump
getting all tweets before ID #912444915296210946
ERROR: unable to get tweets for account @IvankaTrump
           the system said: Failed to parse JSON payload: Unterminated string
starting at: line 1 column 505012 (char 505011)
about to get all tweets newer than ID #935603898655617025 for account
@SecShulkin
ERROR: unable to get tweets for account @SecShulkin
           the system said: Failed to send request:
HTTPSConnectionPool(host='api.twitter.com', port=443): Read timed out.
about to get all tweets newer than ID #934443265239154689 for account
@KellyannePolls
about to get all tweets newer than ID #923261387434012672 for account
@SecretaryRoss
about to get all tweets newer than ID #935592478564118528 for account @POTUS
getting all tweets before ID #927855072943460352
    ...400 tweets downloaded so far


New tweet from POTUS: RT @PressSec: .@POTUS was briefed, while missile was
still in the air, on the situation in North Korea.

archiving URL http://twitter.com/POTUS/status/935628628909613056
    ... archiving using prefix http://web.archive.org/save/
about to get all tweets newer than ID #935603301596282880 for account @SBALinda

archiving URL https://twitter.com/POTUS/status/935628628909613056
    ... archiving using prefix http://web.archive.org/save/
ERROR: unable to get tweets for account @SBALinda
           the system said: Failed to parse JSON payload: Expecting property
name enclosed in double quotes: line 1 column 503301 (char 503300)
about to get all tweets newer than ID #890659905798983680 for account @Reince45


New tweet from POTUS: RT @Scavino45: "I think it's regrettable that our
Democrat colleagues and leadership chose not to join us today. For a bill to
become a law…

archiving URL http://twitter.com/POTUS/status/935628670030569472
    ... archiving using prefix http://web.archive.org/save/
about to get all tweets newer than ID #935545697360891904 for account
@realDonaldTrump

archiving URL https://twitter.com/POTUS/status/935628670030569472
    ... archiving using prefix http://web.archive.org/save/
getting all tweets before ID #926053970535243776


New tweet from POTUS: RT @WhiteHouse: Statement from @PressSec on the Tax Cuts
 and Jobs Act passing the Senate Budget Committee: https://t.co/HVSPKFhJU3

archiving URL http://twitter.com/POTUS/status/935628690611990530
    ... archiving using prefix http://web.archive.org/save/
    ...400 tweets downloaded so far


New tweet from realDonaldTrump: Remarks from the Roosevelt Room with
@SenateMajLdr Mitch McConnell, @SpeakerRyan and Secretary of Defense, General…
https://t.co/atei0EsluG

archiving URL http://twitter.com/realDonaldTrump/status/935632396841562112
    ... archiving using prefix http://web.archive.org/save/
about to get all tweets newer than ID #830074939298414592 for account
@RepTomPrice
about to get all tweets newer than ID #928448335584858113 for account @Reince

archiving URL https://twitter.com/realDonaldTrump/status/935632396841562112
    ... archiving using prefix http://web.archive.org/save/

archiving URL https://twitter.com/POTUS/status/935628690611990530
    ... archiving using prefix http://web.archive.org/save/


New tweet from realDonaldTrump: Dow, S&amp;P 500 and Nasdaq all finished the
day at new RECORD HIGHS! https://t.co/wJyB9d00hh

archiving URL http://twitter.com/realDonaldTrump/status/935636972252618753
    ... archiving using prefix http://web.archive.org/save/


New tweet from POTUS: RT @FLOTUS: So important to thank our service members
for their service, especially those away from their families during the
holidays. htt…

archiving URL http://twitter.com/POTUS/status/935628698627313665
    ... archiving using prefix http://web.archive.org/save/
about to get all tweets newer than ID #913881045652688901 for account
@SecPriceMD

archiving URL https://twitter.com/realDonaldTrump/status/935636972252618753
    ... archiving using prefix http://web.archive.org/save/

archiving URL https://twitter.com/POTUS/status/935628698627313665
    ... archiving using prefix http://web.archive.org/save/


New tweet from POTUS: RT @nikkihaley: Thrilled to see @IvankaTrump in India
promoting female entrepreneurs. At home that means improving workforce
development &amp;…

archiving URL http://twitter.com/POTUS/status/935628732001325056
    ... archiving using prefix http://web.archive.org/save/
about to get all tweets newer than ID #934590789518286848 for account
@MickMulvaneyOMB
about to get all tweets newer than ID #934972671384834049 for account
@DanScavino
ERROR: unable to get tweets for account @DanScavino
           the system said: Failed to send request: ('Connection aborted.',
BadStatusLine("''",))
about to get all tweets newer than ID #928306806681735168 for account
@BetsyDeVosED
ERROR: unable to get tweets for account @BetsyDeVosED
           the system said: Failed to send request:
HTTPSConnectionPool(host='api.twitter.com', port=443): Read timed out. (read
timeout=60)
... OK, we're set up, and about to watch 65522706, 18916432, 599530439,
728361177986797568, 212262370, 18906561, 818927131883356161, 1180379185,
818910970567344128, 798195585824104449, 892173412818354177, 15985455, 105267762,
 830128820447539208, 866746592853979137, 296060169, 29547260,
819980276570976256, 822215673812119553, 832672006113931269, 823367015830323201,
1923451808, 108471631, 818876014390603776, 22203756, 733751245, 20776147,
799764016885329921, 37666984, 24578794, 809836066316451840, 827258161841135623,
836724024688410625, 842072478834909184, 823638938590085124, 826065858548133888,
822127086194348032, 828613457020870657, 52544275, 831482588246196225, 471672239,
 836305915452272641, 822215679726100480, 819992522109894658, 803703725730779136,
 25073877, 6577802, 20733972, 829782369670410240, 888031054141022209, 620571475,
 828997388920619008
