Beginning of a log file: "Fascist Tweet Archiver".
System info: posix.uname_result(sysname='Linux', nodename='file-server', release='3.16.0-4-686-pae', version='#1 SMP Debian 3.16.43-2+deb8u3 (2017-08-15)', machine='i686')
Log started 2017-09-16 21:35:05.645827



INFO: read target account data; we're tracking 52 accounts
WARNING: no ProtocolError (got exception "name 'ProtocolError' is not defined");
 trying requests.packages.urllib3.exceptions instead
NOTE: successfully imported from requests
Starting up...
about to get all tweets newer than ID #909211135676682240 for account
@TomBossert45
about to get all tweets newer than ID #908842843560665088 for account @POTUS
about to get all tweets newer than ID #908828741484281856 for account @FLOTUS
about to get all tweets newer than ID #909168166751883266 for account @PressSec
about to get all tweets newer than ID #903694300306923521 for account
@SecElaineChao
about to get all tweets newer than ID #909097916916129793 for account @VP
about to get all tweets newer than ID #908861000085942272 for account
@BetsyDeVosED
about to get all tweets newer than ID #856041462164836355 for account
@FirstLadyIN
about to get all tweets newer than ID #875771618638917632 for account
@SecretaryRoss
about to get all tweets newer than ID #890345975247753216 for account @Reince
about to get all tweets newer than ID #-1 for account @ElaineChao
about to get all tweets newer than ID #836780744810844161 for account
@StephenMillerAL
about to get all tweets newer than ID #909206534571352064 for account
@DanScavino
about to get all tweets newer than ID #908798089246527488 for account
@SecPriceMD
about to get all tweets newer than ID #-1 for account @jaredkushner
about to get all tweets newer than ID #909199682370510852 for account
@nikkihaley
about to get all tweets newer than ID #907972681387180032 for account
@SecondLady
about to get all tweets newer than ID #909052320503263233 for account
@EPAScottPruitt
about to get all tweets newer than ID #824610180881117184 for account
@GovPenceIN
about to get all tweets newer than ID #890659905798983680 for account @Reince45
about to get all tweets newer than ID #867385249340297217 for account
@RealBenCarson
about to get all tweets newer than ID #906521136531492870 for account
@MickMulvaneyOMB
about to get all tweets newer than ID #904032783621816321 for account
@GovernorPerry
about to get all tweets newer than ID #900176895505043457 for account
@mike_pence
about to get all tweets newer than ID #909153679642636289 for account
@WhiteHouse
about to get all tweets newer than ID #909139399253921794 for account
@seanspicer
about to get all tweets newer than ID #908765308227407872 for account
@IvankaTrump
about to get all tweets newer than ID #909168174897262593 for account
@SecretaryZinke
about to get all tweets newer than ID #909211703069609984 for account
@Scaramucci
about to get all tweets newer than ID #909199397623418881 for account
@JessicaDitto45
about to get all tweets newer than ID #909162087745802241 for account
@SecretaryPerry
about to get all tweets newer than ID #909136806637182977 for account
@SecretarySonny
about to get all tweets newer than ID #816846808789958656 for account
@SenDanCoats
about to get all tweets newer than ID #908752326785159168 for account
@IvankaTrumpHQ
about to get all tweets newer than ID #908795110732779521 for account @SBALinda
about to get all tweets newer than ID #816290296048873472 for account
@WilburRoss
about to get all tweets newer than ID #832282841471918080 for account
@BetsyDeVos
about to get all tweets newer than ID #909157444177231879 for account
@KellyannePolls
about to get all tweets newer than ID #908046499262627840 for account
@SecretaryAcosta
about to get all tweets newer than ID #908772157379014657 for account @PRyan
about to get all tweets newer than ID #908804596386156548 for account
@SecShulkin
about to get all tweets newer than ID #908451912768421888 for account
@stevenmnuchin1
about to get all tweets newer than ID #830074939298414592 for account
@RepTomPrice
about to get all tweets newer than ID #908691528062767104 for account
@SecretaryCarson
about to get all tweets newer than ID #908847098656903168 for account
@StephGrisham45
about to get all tweets newer than ID #909230955507867648 for account
@AshLeeStrong
about to get all tweets newer than ID #898632795517403136 for account
@GeneralJFKellly
about to get all tweets newer than ID #909173054391095296 for account
@SpeakerRyan
about to get all tweets newer than ID #909272767270354944 for account @Scavino45
about to get all tweets newer than ID #909191177810915328 for account
@realDonaldTrump
about to get all tweets newer than ID #795981284761894912 for account
@MELANIATRUMP
about to get all tweets newer than ID #898401955847876608 for account
@Linda_McMahon
... OK, we're set up, and about to watch 866746592853979137, 822215679726100480,
 818876014390603776, 818927131883356161, 826065858548133888, 818910970567344128,
 828997388920619008, 1923451808, 836305915452272641, 20733972, 105267762,
728361177986797568, 620571475, 829782369670410240, 29547260, 37666984,
822127086194348032, 832672006113931269, 15985455, 803703725730779136,
1180379185, 888031054141022209, 18906561, 22203756, 822215673812119553,
20776147, 52544275, 827258161841135623, 24578794, 836724024688410625,
830128820447539208, 842072478834909184, 212262370, 798195585824104449,
819992522109894658, 809836066316451840, 599530439, 471672239,
819980276570976256, 733751245, 831482588246196225, 799764016885329921, 6577802,
828613457020870657, 823638938590085124, 296060169, 892173412818354177, 18916432,
 823367015830323201, 25073877, 108471631, 65522706
New tweet from DanScavino: .@NYTimes @GreenHouseNYT🤡 https://t.co/2hjycpImPW

archiving URL http://twitter.com/DanScavino/status/909277577151488000
    ... archiving using prefix http://web.archive.org/save/

archiving URL https://twitter.com/DanScavino/status/909277577151488000
    ... archiving using prefix http://web.archive.org/save/
New tweet from Scavino45: Mr. Hollywood - hang in there man. We're going to MAKE
 AMERICA GREAT AGAIN. PS, your drugs comment is disgraceful.…
https://t.co/kgREe30zcW

archiving URL http://twitter.com/Scavino45/status/909280214047444992
    ... archiving using prefix http://web.archive.org/save/

archiving URL https://twitter.com/Scavino45/status/909280214047444992
    ... archiving using prefix http://web.archive.org/save/
New tweet from DanScavino: 91% https://t.co/wAnXzfokMf

archiving URL http://twitter.com/DanScavino/status/909287820161949696
    ... archiving using prefix http://web.archive.org/save/

archiving URL https://twitter.com/DanScavino/status/909287820161949696
    ... archiving using prefix http://web.archive.org/save/
New tweet from Scaramucci: RT @ScaramucciPost: Who should be ~34th follow of the
 @ScaramucciPost? Poll will be decided at ~1,000 votes @Olivianuzzi @DanScavino
@JackP…

archiving URL http://twitter.com/Scaramucci/status/909292678923390976
    ... archiving using prefix http://web.archive.org/save/

archiving URL https://twitter.com/Scaramucci/status/909292678923390976
    ... archiving using prefix http://web.archive.org/save/
INFO: We're handling a deletion notification for tweet ID# 909292678923390976 on
 account Scaramucci
ERROR: 
  Exception is:
<class 'ValueError'>
  Value of data is:
{'delete': {'status': {'id': 909292678923390976,
'id_str': '909292678923390976',
                       'user_id': 24578794,

                       'user_id_str': '24578794'},
            'timestamp_ms':
'1505629897386'}}
