Hello, traveler. This is the beginning of a log file called: "Fascist Tweet Archiver".
Some basic system info about the host machine: posix.uname_result(sysname='Linux', nodename='file-server', release='3.16.0-4-686-pae', version='#1 SMP Debian 3.16.43-2+deb8u5 (2017-09-19)', machine='i686')
This log was begun Sunday, 10 December 2017 at 05:40



INFO: read target account data; we're tracking 52 accounts
WARNING: no ProtocolError (got exception "name 'ProtocolError' is not defined");
 trying requests.packages.urllib3.exceptions instead
NOTE: successfully imported from requests
Starting up...
about to get all tweets newer than ID #939699880355823616 for account
@Scaramucci
about to get all tweets newer than ID #939674523363872773 for account
@DanScavino
ERROR: unable to get tweets for account @DanScavino
           the system said: Failed to send request:
HTTPSConnectionPool(host='api.twitter.com', port=443): Read timed out.
about to get all tweets newer than ID #939598561649614849 for account
@SecretaryZinke
ERROR: unable to get tweets for account @SecretaryZinke
           the system said: Failed to parse JSON payload: Expecting ','
delimiter: line 1 column 509339 (char 509338)
about to get all tweets newer than ID #939669240100950016 for account
@SpeakerRyan
ERROR: unable to get tweets for account @SpeakerRyan
           the system said: Failed to parse JSON payload: Unterminated string
starting at: line 1 column 510843 (char 510842)
about to get all tweets newer than ID #938865975038038016 for account @SBALinda
ERROR: unable to get tweets for account @SBALinda
           the system said: Failed to parse JSON payload: Expecting value: line
1 column 506196 (char 506195)
about to get all tweets newer than ID #939230362995183617 for account
@SecretaryCarson
about to get all tweets newer than ID #816290296048873472 for account
@WilburRoss
about to get all tweets newer than ID #824610180881117184 for account
@GovPenceIN
ERROR: unable to get tweets for account @GovPenceIN
           the system said: Failed to parse JSON payload: Unterminated string
starting at: line 1 column 504510 (char 504509)
about to get all tweets newer than ID #-1 for account @jaredkushner
about to get all tweets newer than ID #939152289587228672 for account @Reince
about to get all tweets newer than ID #939141525874802689 for account
@SecretaryAcosta
about to get all tweets newer than ID #939680422493073408 for account
@realDonaldTrump
ERROR: unable to get tweets for account @realDonaldTrump
           the system said: Failed to parse JSON payload: Unterminated string
starting at: line 1 column 505593 (char 505592)
about to get all tweets newer than ID #939278924261003264 for account @PRyan
about to get all tweets newer than ID #939680494756810754 for account @POTUS
about to get all tweets newer than ID #937834988392931329 for account
@stevenmnuchin1
about to get all tweets newer than ID #939719481210953729 for account
@nikkihaley
ERROR: unable to get tweets for account @nikkihaley
           the system said: Failed to send request:
HTTPSConnectionPool(host='api.twitter.com', port=443): Read timed out.
about to get all tweets newer than ID #939306156056563712 for account
@EPAScottPruitt
about to get all tweets newer than ID #890659905798983680 for account @Reince45
ERROR: unable to get tweets for account @Reince45
           the system said: Failed to send request:
HTTPSConnectionPool(host='api.twitter.com', port=443): Read timed out.
about to get all tweets newer than ID #939714013067382785 for account @Scavino45
about to get all tweets newer than ID #939651906506579970 for account
@seanspicer
about to get all tweets newer than ID #939155810277642240 for account
@TomBossert45
ERROR: unable to get tweets for account @TomBossert45
           the system said: Failed to parse JSON payload: Unterminated string
starting at: line 1 column 510378 (char 510377)
about to get all tweets newer than ID #939502594178932736 for account
@SecretarySonny
about to get all tweets newer than ID #836780744810844161 for account
@StephenMillerAL
about to get all tweets newer than ID #939522709020700672 for account
@StephGrisham45
ERROR: unable to get tweets for account @StephGrisham45
           the system said: Failed to parse JSON payload: Unterminated string
starting at: line 1 column 503093 (char 503092)
about to get all tweets newer than ID #939351851765522432 for account
@KellyannePolls
about to get all tweets newer than ID #939564526969737216 for account
@JessicaDitto45
ERROR: unable to get tweets for account @JessicaDitto45
           the system said: Failed to parse JSON payload: Unterminated string
starting at: line 1 column 508398 (char 508397)
about to get all tweets newer than ID #903694300306923521 for account
@SecElaineChao
about to get all tweets newer than ID #898401955847876608 for account
@Linda_McMahon
ERROR: unable to get tweets for account @Linda_McMahon
           the system said: Failed to send request:
HTTPSConnectionPool(host='api.twitter.com', port=443): Read timed out.
about to get all tweets newer than ID #-1 for account @ElaineChao
about to get all tweets newer than ID #913881045652688901 for account
@SecPriceMD
about to get all tweets newer than ID #937288216935387136 for account
@GovernorPerry
ERROR: unable to get tweets for account @GovernorPerry
           the system said: Failed to send request:
HTTPSConnectionPool(host='api.twitter.com', port=443): Read timed out.
about to get all tweets newer than ID #923261387434012672 for account
@SecretaryRoss
about to get all tweets newer than ID #939675974492356609 for account @VP
ERROR: unable to get tweets for account @VP
           the system said: Failed to send request:
HTTPSConnectionPool(host='api.twitter.com', port=443): Read timed out.
about to get all tweets newer than ID #939522329322967040 for account @FLOTUS
about to get all tweets newer than ID #867385249340297217 for account
@RealBenCarson
ERROR: unable to get tweets for account @RealBenCarson
           the system said: Failed to parse JSON payload: Expecting ','
delimiter: line 1 column 674349 (char 674348)
about to get all tweets newer than ID #830074939298414592 for account
@RepTomPrice
about to get all tweets newer than ID #939499208549306369 for account
@SecretaryPerry
about to get all tweets newer than ID #816846808789958656 for account
@SenDanCoats
ERROR: unable to get tweets for account @SenDanCoats
           the system said: Failed to parse JSON payload: Unterminated string
starting at: line 1 column 505266 (char 505265)
about to get all tweets newer than ID #930982584649175047 for account
@mike_pence
ERROR: unable to get tweets for account @mike_pence
           the system said: Failed to parse JSON payload: Expecting value: line
1 column 507493 (char 507492)
about to get all tweets newer than ID #939612062606680066 for account
@AshLeeStrong
ERROR: unable to get tweets for account @AshLeeStrong
           the system said: Failed to send request:
HTTPSConnectionPool(host='api.twitter.com', port=443): Read timed out.
about to get all tweets newer than ID #939268060816351232 for account
@SecondLady
about to get all tweets newer than ID #898632795517403136 for account
@GeneralJFKellly
ERROR: unable to get tweets for account @GeneralJFKellly
           the system said: Not authorized.
about to get all tweets newer than ID #939623122164174848 for account
@IvankaTrump
ERROR: unable to get tweets for account @IvankaTrump
           the system said: Failed to send request:
HTTPSConnectionPool(host='api.twitter.com', port=443): Read timed out.
about to get all tweets newer than ID #939514128514928646 for account
@BetsyDeVosED
ERROR: unable to get tweets for account @BetsyDeVosED
           the system said: Failed to parse JSON payload: Unterminated string
starting at: line 1 column 508401 (char 508400)
about to get all tweets newer than ID #939553534520983553 for account
@SecShulkin
ERROR: unable to get tweets for account @SecShulkin
           the system said: Failed to send request: ('Connection aborted.',
BadStatusLine("''",))
about to get all tweets newer than ID #832282841471918080 for account
@BetsyDeVos
about to get all tweets newer than ID #934590789518286848 for account
@MickMulvaneyOMB
about to get all tweets newer than ID #939592805646782464 for account @PressSec
getting all tweets before ID #924251386895880192
ERROR: unable to get tweets for account @PressSec
           the system said: Failed to parse JSON payload: Unterminated string
starting at: line 1 column 505718 (char 505717)
about to get all tweets newer than ID #856041462164836355 for account
@FirstLadyIN
about to get all tweets newer than ID #938052857873555456 for account
@IvankaTrumpHQ
ERROR: unable to get tweets for account @IvankaTrumpHQ
           the system said: Failed to send request:
HTTPSConnectionPool(host='api.twitter.com', port=443): Read timed out.
about to get all tweets newer than ID #795981284761894912 for account
@MELANIATRUMP
ERROR: unable to get tweets for account @MELANIATRUMP
           the system said: Failed to send request:
HTTPSConnectionPool(host='api.twitter.com', port=443): Read timed out.
about to get all tweets newer than ID #939682120196411392 for account
@WhiteHouse
ERROR: unable to get tweets for account @WhiteHouse
           the system said: Failed to parse JSON payload: Unterminated string
starting at: line 1 column 504762 (char 504761)
... OK, we're set up, and about to watch 24578794, 620571475,
827258161841135623, 18916432, 819992522109894658, 828613457020870657,
809836066316451840, 15985455, 29547260, 20733972, 819980276570976256, 25073877,
733751245, 822215679726100480, 799764016885329921, 37666984, 832672006113931269,
 803703725730779136, 823367015830323201, 20776147, 866746592853979137,
842072478834909184, 728361177986797568, 823638938590085124, 471672239,
836724024688410625, 826065858548133888, 65522706, 105267762, 829782369670410240,
 18906561, 836305915452272641, 818910970567344128, 818876014390603776,
1180379185, 6577802, 830128820447539208, 212262370, 22203756, 296060169,
822127086194348032, 892173412818354177, 52544275, 828997388920619008,
831482588246196225, 599530439, 888031054141022209, 818927131883356161,
1923451808, 798195585824104449, 108471631, 822215673812119553
