Hello, traveler. This is the beginning of a log file called: "Fascist Tweet Archiver".
Some basic system info about the host machine: posix.uname_result(sysname='Linux', nodename='file-server', release='3.16.0-4-686-pae', version='#1 SMP Debian 3.16.43-2+deb8u5 (2017-09-19)', machine='i686')
This log was begun Saturday, 02 December 2017 at 07:20



INFO: read target account data; we're tracking 52 accounts
WARNING: no ProtocolError (got exception "name 'ProtocolError' is not defined");
 trying requests.packages.urllib3.exceptions instead
NOTE: successfully imported from requests
Starting up...
about to get all tweets newer than ID #830074939298414592 for account
@RepTomPrice
about to get all tweets newer than ID #936860838039654401 for account
@SecretaryAcosta
about to get all tweets newer than ID #936637565167374337 for account @FLOTUS
about to get all tweets newer than ID #936711268274077696 for account @PRyan
getting all tweets before ID #897823626950565888
    ...399 tweets downloaded so far


New tweet from PRyan: By fixing our tax code, we're not only giving a tax cut
to middle-class Wisconsin families, we're creating jobs and…
https://t.co/4T94kYfmkW

archiving URL http://twitter.com/PRyan/status/936742226477977600
    ... archiving using prefix http://web.archive.org/save/
about to get all tweets newer than ID #936633952021958657 for account
@SecShulkin

archiving URL https://twitter.com/PRyan/status/936742226477977600
    ... archiving using prefix http://web.archive.org/save/
about to get all tweets newer than ID #936688344108384256 for account
@EPAScottPruitt
about to get all tweets newer than ID #936922345134059520 for account
@SecretarySonny
about to get all tweets newer than ID #936864911778447360 for account
@WhiteHouse
getting all tweets before ID #929323116320485375
    ...400 tweets downloaded so far


New tweet from WhiteHouse: "The Administration looks forward to working with
Congress to fulfill the promise we made to deliver historic tax c…
https://t.co/fWMISOCykg

archiving URL http://twitter.com/WhiteHouse/status/936959648044863488
    ... archiving using prefix http://web.archive.org/save/
about to get all tweets newer than ID #-1 for account @jaredkushner
about to get all tweets newer than ID #934590789518286848 for account
@MickMulvaneyOMB
about to get all tweets newer than ID #936941988557000704 for account
@AshLeeStrong

archiving URL https://twitter.com/WhiteHouse/status/936959648044863488
    ... archiving using prefix http://web.archive.org/save/
ERROR: unable to get tweets for account @AshLeeStrong
           the system said: Failed to parse JSON payload: Unterminated string
starting at: line 1 column 675024 (char 675023)
about to get all tweets newer than ID #936864840240398337 for account
@realDonaldTrump
getting all tweets before ID #927672843504177151
    ...400 tweets downloaded so far


New tweet from realDonaldTrump: Biggest Tax Bill and Tax Cuts in history just
passed in the Senate. Now these great Republicans will be going for f…
https://t.co/5hPQSNDZV3

archiving URL http://twitter.com/realDonaldTrump/status/936941673124425728
    ... archiving using prefix http://web.archive.org/save/
about to get all tweets newer than ID #795981284761894912 for account
@MELANIATRUMP

archiving URL https://twitter.com/realDonaldTrump/status/936941673124425728
    ... archiving using prefix http://web.archive.org/save/
about to get all tweets newer than ID #898401955847876608 for account
@Linda_McMahon
about to get all tweets newer than ID #816290296048873472 for account
@WilburRoss
about to get all tweets newer than ID #936709011596042240 for account
@IvankaTrumpHQ
about to get all tweets newer than ID #913881045652688901 for account
@SecPriceMD
about to get all tweets newer than ID #936596010691948544 for account
@DanScavino
about to get all tweets newer than ID #936922873406676992 for account @PressSec
getting all tweets before ID #920799910739394560
    ...400 tweets downloaded so far


New tweet from PressSec: President talks year one accomplishments at WH
Christmas party last night before Senate passes historic tax cuts
https://t.co/OghQ9FI56d

archiving URL http://twitter.com/PressSec/status/936958282014625793
    ... archiving using prefix http://web.archive.org/save/
about to get all tweets newer than ID #935630766846939136 for account
@stevenmnuchin1

archiving URL https://twitter.com/PressSec/status/936958282014625793
    ... archiving using prefix http://web.archive.org/save/


New tweet from PressSec: Passing Tax Cuts and Jobs Act presents a once-
in-a-lifetime opportunity to reclaim America’s great destiny
https://t.co/mt4INvq27b

archiving URL http://twitter.com/PressSec/status/936960698885820416
    ... archiving using prefix http://web.archive.org/save/

archiving URL https://twitter.com/PressSec/status/936960698885820416
    ... archiving using prefix http://web.archive.org/save/
about to get all tweets newer than ID #936962027918065670 for account
@Scaramucci
about to get all tweets newer than ID #936347645743902721 for account @SBALinda
about to get all tweets newer than ID #936671139358826498 for account
@SecondLady
about to get all tweets newer than ID #856041462164836355 for account
@FirstLadyIN
about to get all tweets newer than ID #936927675519774720 for account
@JessicaDitto45
getting all tweets before ID #922675283857170431
    ...400 tweets downloaded so far


New tweet from JessicaDitto45: RT @PressSec: Passing Tax Cuts and Jobs Act
presents a once-in-a-lifetime opportunity to reclaim America’s great destiny
https://t.co/mt4IN…

archiving URL http://twitter.com/JessicaDitto45/status/936960867517845507
    ... archiving using prefix http://web.archive.org/save/
about to get all tweets newer than ID #936765255329427456 for account
@SecretaryPerry

archiving URL https://twitter.com/JessicaDitto45/status/936960867517845507
    ... archiving using prefix http://web.archive.org/save/
getting all tweets before ID #916360576368107519
    ...400 tweets downloaded so far


New tweet from SecretaryPerry: How Saudi Arabian scientists and other
researchers developed a new catalyst for water splitting ➜…
https://t.co/QekjtQnASQ

archiving URL http://twitter.com/SecretaryPerry/status/936958154461528069
    ... archiving using prefix http://web.archive.org/save/
about to get all tweets newer than ID #816846808789958656 for account
@SenDanCoats

archiving URL https://twitter.com/SecretaryPerry/status/936958154461528069
    ... archiving using prefix http://web.archive.org/save/
about to get all tweets newer than ID #936856405738270722 for account @VP


New tweet from SecretaryPerry: Interesting tour of Aramco’s facilities in
Dhahran. Fascinating technology being used there. I was grateful to meet…
https://t.co/sQP1ZpfPJw

archiving URL http://twitter.com/SecretaryPerry/status/936963107955658753
    ... archiving using prefix http://web.archive.org/save/

archiving URL https://twitter.com/SecretaryPerry/status/936963107955658753
    ... archiving using prefix http://web.archive.org/save/
getting all tweets before ID #926095238086774783
    ...400 tweets downloaded so far


New tweet from VP: RT @realDonaldTrump: We are one step closer to delivering
MASSIVE tax cuts for working families across America. Special thanks to
@SenateMa…

archiving URL http://twitter.com/VP/status/936956241091362816
    ... archiving using prefix http://web.archive.org/save/
about to get all tweets newer than ID #936864864508579840 for account @POTUS
ERROR: unable to get tweets for account @POTUS
           the system said: Failed to send request:
HTTPSConnectionPool(host='api.twitter.com', port=443): Read timed out.
about to get all tweets newer than ID #936725708600160258 for account
@SecretaryZinke
ERROR: unable to get tweets for account @SecretaryZinke
           the system said: Failed to parse JSON payload: Unterminated string
starting at: line 1 column 682139 (char 682138)
about to get all tweets newer than ID #936648715640737792 for account
@nikkihaley
ERROR: unable to get tweets for account @nikkihaley
           the system said: Failed to parse JSON payload: Unterminated string
starting at: line 1 column 501203 (char 501202)
about to get all tweets newer than ID #936299258340433920 for account
@BetsyDeVosED
ERROR: unable to get tweets for account @BetsyDeVosED
           the system said: Failed to parse JSON payload: Unterminated string
starting at: line 1 column 507945 (char 507944)
about to get all tweets newer than ID #836780744810844161 for account
@StephenMillerAL
about to get all tweets newer than ID #936004212240068613 for account
@GovernorPerry
about to get all tweets newer than ID #923261387434012672 for account
@SecretaryRoss
about to get all tweets newer than ID #936643457468203008 for account
@StephGrisham45
about to get all tweets newer than ID #930982584649175047 for account
@mike_pence
about to get all tweets newer than ID #903694300306923521 for account
@SecElaineChao
about to get all tweets newer than ID #898632795517403136 for account
@GeneralJFKellly
ERROR: unable to get tweets for account @GeneralJFKellly
           the system said: Not authorized.
about to get all tweets newer than ID #936767728437878784 for account
@seanspicer
getting all tweets before ID #914611076213411839
    ...400 tweets downloaded so far


New tweet from seanspicer: .@ABC “news” owes it viewers an apology.   Calling
false reporting a “clarification” is a cop out and just another…
https://t.co/eMv6DHVGKq

archiving URL http://twitter.com/seanspicer/status/936781359866982400
    ... archiving using prefix http://web.archive.org/save/
about to get all tweets newer than ID #824610180881117184 for account
@GovPenceIN
ERROR: unable to get tweets for account @GovPenceIN
           the system said: Failed to send request: ('Connection aborted.',
BadStatusLine("''",))
about to get all tweets newer than ID #832282841471918080 for account
@BetsyDeVos
about to get all tweets newer than ID #936626275279626240 for account
@SecretaryCarson

archiving URL https://twitter.com/seanspicer/status/936781359866982400
    ... archiving using prefix http://web.archive.org/save/
ERROR: unable to get tweets for account @SecretaryCarson
           the system said: Failed to parse JSON payload: Unterminated string
starting at: line 1 column 502601 (char 502600)
about to get all tweets newer than ID #928448335584858113 for account @Reince
about to get all tweets newer than ID #936243259688529920 for account
@IvankaTrump
about to get all tweets newer than ID #-1 for account @ElaineChao
about to get all tweets newer than ID #936851488244039680 for account
@SpeakerRyan
about to get all tweets newer than ID #867385249340297217 for account
@RealBenCarson
ERROR: unable to get tweets for account @RealBenCarson
           the system said: Failed to parse JSON payload: Expecting ','
delimiter: line 1 column 506045 (char 506044)
about to get all tweets newer than ID #890659905798983680 for account @Reince45
about to get all tweets newer than ID #936371949953003521 for account
@TomBossert45
getting all tweets before ID #869176668493139969
    ...167 tweets downloaded so far


New tweet from TomBossert45: MERRY CHRISTMAS on behalf of #TeamTrump from the
  @WhiteHouse. Together, MAKING AMERICA SAFE &amp; GREAT AGAIN! c:…
https://t.co/cW2LJ7MSXG

archiving URL http://twitter.com/TomBossert45/status/936789000282521600
    ... archiving using prefix http://web.archive.org/save/
about to get all tweets newer than ID #936606249944338432 for account
@KellyannePolls

archiving URL https://twitter.com/TomBossert45/status/936789000282521600
    ... archiving using prefix http://web.archive.org/save/


New tweet from TomBossert45: RT @realDonaldTrump: Biggest Tax Bill and Tax
Cuts in history just passed in the Senate. Now these great Republicans will be
going for fina…

archiving URL http://twitter.com/TomBossert45/status/936941908064178177
    ... archiving using prefix http://web.archive.org/save/

archiving URL https://twitter.com/TomBossert45/status/936941908064178177
    ... archiving using prefix http://web.archive.org/save/
getting all tweets before ID #902949362946510849
    ...400 tweets downloaded so far


New tweet from KellyannePolls: Why is this celebratory tweet (and clip) on
@TheView still active when their network @ABC was forced to correct the…
https://t.co/naTf43KDwV

archiving URL http://twitter.com/KellyannePolls/status/936940183919972354
    ... archiving using prefix http://web.archive.org/save/
about to get all tweets newer than ID #936960657282469890 for account @Scavino45

archiving URL https://twitter.com/KellyannePolls/status/936940183919972354
    ... archiving using prefix http://web.archive.org/save/


New tweet from KellyannePolls: Conservatives skewer ABC News over faulty
Trump-Flynn report https://t.co/TidaIg5tDp

archiving URL http://twitter.com/KellyannePolls/status/936941350792163329
    ... archiving using prefix http://web.archive.org/save/

archiving URL https://twitter.com/KellyannePolls/status/936941350792163329
    ... archiving using prefix http://web.archive.org/save/
ERROR: unable to get tweets for account @Scavino45
           the system said: Failed to parse JSON payload: Expecting ':'
delimiter: line 1 column 503149 (char 503148)
... OK, we're set up, and about to watch 6577802, 819980276570976256,
818876014390603776, 733751245, 831482588246196225, 832672006113931269,
842072478834909184, 822215673812119553, 29547260, 888031054141022209, 296060169,
 25073877, 108471631, 65522706, 809836066316451840, 798195585824104449,
829782369670410240, 620571475, 818927131883356161, 799764016885329921, 24578794,
 819992522109894658, 822127086194348032, 1923451808, 836724024688410625,
830128820447539208, 212262370, 818910970567344128, 822215679726100480,
827258161841135623, 37666984, 828997388920619008, 728361177986797568, 18906561,
836305915452272641, 823638938590085124, 22203756, 826065858548133888,
892173412818354177, 20776147, 15985455, 599530439, 828613457020870657, 20733972,
 52544275, 105267762, 18916432, 1180379185, 803703725730779136,
866746592853979137, 471672239, 823367015830323201


New tweet from KellyannePolls: 2/2: and not just conservatives "skewering" ABC
 for false reporting. This tweet from co-founder of @Axios &amp;…
https://t.co/S8w2e5nyWY

archiving URL http://twitter.com/KellyannePolls/status/936942456821731329
    ... archiving using prefix http://web.archive.org/save/

archiving URL https://twitter.com/KellyannePolls/status/936942456821731329
    ... archiving using prefix http://web.archive.org/save/


New tweet from KellyannePolls: Bold action in the US Senate overnight,
bringing us closer to @POTUS signing into law the most significant tax cuts…
https://t.co/1wge15oCnu

archiving URL http://twitter.com/KellyannePolls/status/936944920618786817
    ... archiving using prefix http://web.archive.org/save/

archiving URL https://twitter.com/KellyannePolls/status/936944920618786817
    ... archiving using prefix http://web.archive.org/save/
WARNING: received error ('Connection broken: IncompleteRead(0 bytes read, 512
more expected)', IncompleteRead(0 bytes read, 512 more expected)); sleeping and
trying again ...
WARNING: received error ('Connection broken: IncompleteRead(0 bytes read, 512
more expected)', IncompleteRead(0 bytes read, 512 more expected)); sleeping and
trying again ...
WARNING: received error ('Connection broken: IncompleteRead(0 bytes read, 512
more expected)', IncompleteRead(0 bytes read, 512 more expected)); sleeping and
trying again ...
WARNING: received error ('Connection broken: IncompleteRead(0 bytes read, 976
more expected)', IncompleteRead(0 bytes read, 976 more expected)); sleeping and
trying again ...


New tweet from WhiteHouse: "62 years ago this week, a brave seamstress in
Montgomery, Alabama uttered one word that changed history..."
https://t.co/CwFeD4LIzc

archiving URL http://twitter.com/WhiteHouse/status/936973748673982464
    ... archiving using prefix http://web.archive.org/save/


New tweet from WhiteHouse: "62 years ago this week, a brave seamstress in
Montgomery, Alabama uttered one word that changed history..."
https://t.co/CwFeD4LIzc

archiving URL http://twitter.com/WhiteHouse/status/936973748673982464
    ... archiving using prefix http://web.archive.org/save/

archiving URL https://twitter.com/WhiteHouse/status/936973748673982464
    ... archiving using prefix http://web.archive.org/save/

archiving URL https://twitter.com/WhiteHouse/status/936973748673982464
    ... archiving using prefix http://web.archive.org/save/
WARNING: received error ('Connection broken: IncompleteRead(0 bytes read, 512
more expected)', IncompleteRead(0 bytes read, 512 more expected)); sleeping and
trying again ...


New tweet from PressSec: Bill Clinton got one thing right: “it’s the economy
stupid.” The story of the year is the booming Trump economy, wh…
https://t.co/geohC2Uj2Q

archiving URL http://twitter.com/PressSec/status/936974150958239745
    ... archiving using prefix http://web.archive.org/save/

archiving URL https://twitter.com/PressSec/status/936974150958239745
    ... archiving using prefix http://web.archive.org/save/
WARNING: received error ('Connection broken: IncompleteRead(0 bytes read, 512
more expected)', IncompleteRead(0 bytes read, 512 more expected)); sleeping and
trying again ...
