Hello, traveler. This is the beginning of a log file called: "Fascist Tweet Archiver".
Some basic system info about the host machine: posix.uname_result(sysname='Linux', nodename='file-server', release='3.16.0-4-686-pae', version='#1 SMP Debian 3.16.51-2 (2017-12-03)', machine='i686')
This log was begun Monday, 25 December 2017 at 01:39



INFO: read target account data; we're tracking 52 accounts
WARNING: no ProtocolError (got exception "name 'ProtocolError' is not defined");
 trying requests.packages.urllib3.exceptions instead
NOTE: successfully imported from requests
Starting up...
about to get all tweets newer than ID #943949344738349063 for account
@IvankaTrumpHQ
ERROR: unable to get tweets for account @IvankaTrumpHQ
           the system said: Failed to parse JSON payload: Unterminated string
starting at: line 1 column 506500 (char 506499)
about to get all tweets newer than ID #945134823286476801 for account
@SecretaryZinke
about to get all tweets newer than ID #945048580330545152 for account
@SpeakerRyan
ERROR: unable to get tweets for account @SpeakerRyan
           the system said: Failed to parse JSON payload: Unterminated string
starting at: line 1 column 877664 (char 877663)
about to get all tweets newer than ID #-1 for account @ElaineChao
about to get all tweets newer than ID #943908455793823744 for account @Reince
about to get all tweets newer than ID #816290296048873472 for account
@WilburRoss
about to get all tweets newer than ID #944623745053986817 for account
@SecShulkin
about to get all tweets newer than ID #943545231244439555 for account
@SecretaryCarson
about to get all tweets newer than ID #945045186899570693 for account
@SecretaryAcosta
about to get all tweets newer than ID #945140007572004870 for account
@realDonaldTrump
about to get all tweets newer than ID #945160311279181824 for account
@Scaramucci
about to get all tweets newer than ID #941074527592812545 for account
@SecretaryRoss
about to get all tweets newer than ID #944996856265936898 for account
@SecretaryPerry
about to get all tweets newer than ID #945017769258561537 for account
@seanspicer
about to get all tweets newer than ID #816846808789958656 for account
@SenDanCoats
about to get all tweets newer than ID #945008394754297857 for account
@JessicaDitto45
ERROR: unable to get tweets for account @JessicaDitto45
           the system said: Failed to parse JSON payload: Unterminated string
starting at: line 1 column 680751 (char 680750)
about to get all tweets newer than ID #913881045652688901 for account
@SecPriceMD
about to get all tweets newer than ID #898401955847876608 for account
@Linda_McMahon
about to get all tweets newer than ID #943142015063216130 for account
@BetsyDeVosED
about to get all tweets newer than ID #944192733324996608 for account
@stevenmnuchin1
about to get all tweets newer than ID #832282841471918080 for account
@BetsyDeVos
about to get all tweets newer than ID #941463188490653698 for account
@TomBossert45
about to get all tweets newer than ID #945067681211994114 for account @FLOTUS
ERROR: unable to get tweets for account @FLOTUS
           the system said: Failed to parse JSON payload: Unterminated string
starting at: line 1 column 505531 (char 505530)
about to get all tweets newer than ID #903694300306923521 for account
@SecElaineChao
about to get all tweets newer than ID #867385249340297217 for account
@RealBenCarson
ERROR: unable to get tweets for account @RealBenCarson
           the system said: Failed to parse JSON payload: Unterminated string
starting at: line 1 column 684600 (char 684599)
about to get all tweets newer than ID #856041462164836355 for account
@FirstLadyIN
ERROR: unable to get tweets for account @FirstLadyIN
           the system said: Failed to parse JSON payload: Unterminated string
starting at: line 1 column 851201 (char 851200)
about to get all tweets newer than ID #944273554752843776 for account
@SecretarySonny
about to get all tweets newer than ID #945151897962459136 for account @Scavino45
about to get all tweets newer than ID #943545273489510400 for account
@MickMulvaneyOMB
about to get all tweets newer than ID #945140793983033344 for account @POTUS
ERROR: unable to get tweets for account @POTUS
           the system said: Failed to parse JSON payload: Expecting value: line
1 column 1029601 (char 1029600)
about to get all tweets newer than ID #943921618379792386 for account
@KellyannePolls
ERROR: unable to get tweets for account @KellyannePolls
           the system said: Failed to parse JSON payload: Unterminated string
starting at: line 1 column 1025852 (char 1025851)
about to get all tweets newer than ID #-1 for account @jaredkushner
about to get all tweets newer than ID #944600505816203264 for account @PRyan
about to get all tweets newer than ID #945170257093595136 for account
@AshLeeStrong
ERROR: unable to get tweets for account @AshLeeStrong
           the system said: Failed to parse JSON payload: Unterminated string
starting at: line 1 column 681248 (char 681247)
about to get all tweets newer than ID #945173772004483072 for account @PressSec
about to get all tweets newer than ID #824610180881117184 for account
@GovPenceIN
ERROR: unable to get tweets for account @GovPenceIN
           the system said: Failed to parse JSON payload: Unterminated string
starting at: line 1 column 862247 (char 862246)
about to get all tweets newer than ID #944995535534153728 for account @VP
ERROR: unable to get tweets for account @VP
           the system said: Failed to parse JSON payload: Unterminated string
starting at: line 1 column 678892 (char 678891)
about to get all tweets newer than ID #898632795517403136 for account
@GeneralJFKellly
ERROR: unable to get tweets for account @GeneralJFKellly
           the system said: Not authorized.
about to get all tweets newer than ID #945133753487253504 for account
@nikkihaley
about to get all tweets newer than ID #830074939298414592 for account
@RepTomPrice
about to get all tweets newer than ID #795981284761894912 for account
@MELANIATRUMP
about to get all tweets newer than ID #945107090221273093 for account
@EPAScottPruitt
about to get all tweets newer than ID #945061855487283201 for account
@StephGrisham45
ERROR: unable to get tweets for account @StephGrisham45
           the system said: Failed to parse JSON payload: Unterminated string
starting at: line 1 column 679799 (char 679798)
about to get all tweets newer than ID #942785692974936064 for account
@GovernorPerry
about to get all tweets newer than ID #945014343871148032 for account
@DanScavino
ERROR: unable to get tweets for account @DanScavino
           the system said: Failed to parse JSON payload: Unterminated string
starting at: line 1 column 501614 (char 501613)
about to get all tweets newer than ID #945140987931910145 for account
@WhiteHouse
about to get all tweets newer than ID #890659905798983680 for account @Reince45
about to get all tweets newer than ID #836780744810844161 for account
@StephenMillerAL
about to get all tweets newer than ID #944995720033132544 for account
@SecondLady
about to get all tweets newer than ID #930982584649175047 for account
@mike_pence
about to get all tweets newer than ID #944294028669083648 for account
@IvankaTrump
ERROR: unable to get tweets for account @IvankaTrump
           the system said: Failed to parse JSON payload: Unterminated string
starting at: line 1 column 508907 (char 508906)
about to get all tweets newer than ID #944248881403039744 for account @SBALinda
... OK, we're set up, and about to watch 798195585824104449, 827258161841135623,
 18916432, 105267762, 20733972, 809836066316451840, 831482588246196225,
828613457020870657, 819980276570976256, 25073877, 24578794, 836305915452272641,
830128820447539208, 20776147, 212262370, 836724024688410625, 829782369670410240,
 65522706, 828997388920619008, 799764016885329921, 599530439,
866746592853979137, 818876014390603776, 826065858548133888, 1180379185,
1923451808, 842072478834909184, 823367015830323201, 888031054141022209,
822215679726100480, 471672239, 29547260, 733751245, 296060169,
818927131883356161, 15985455, 818910970567344128, 892173412818354177, 37666984,
6577802, 108471631, 832672006113931269, 823638938590085124, 18906561, 620571475,
 822215673812119553, 803703725730779136, 728361177986797568, 822127086194348032,
 22203756, 52544275, 819992522109894658
WARNING: received error ('Connection broken: IncompleteRead(0 bytes read, 357
more expected)', IncompleteRead(0 bytes read, 357 more expected)); sleeping and
trying again ...
WARNING: received error ('Connection broken: IncompleteRead(0 bytes read, 4048
more expected)', IncompleteRead(0 bytes read, 4048 more expected)); sleeping and
 trying again ...
WARNING: received error ('Connection broken: IncompleteRead(0 bytes read, 512
more expected)', IncompleteRead(0 bytes read, 512 more expected)); sleeping and
trying again ...
WARNING: received error ('Connection broken: IncompleteRead(0 bytes read, 512
more expected)', IncompleteRead(0 bytes read, 512 more expected)); sleeping and
trying again ...
