Hello, traveler. This is the beginning of a log file called: "Fascist Tweet Archiver".
Some basic system info about the host machine: posix.uname_result(sysname='Linux', nodename='file-server', release='3.16.0-4-686-pae', version='#1 SMP Debian 3.16.43-2+deb8u5 (2017-09-19)', machine='i686')
This log was begun Saturday, 09 December 2017 at 07:22



INFO: read target account data; we're tracking 52 accounts
WARNING: no ProtocolError (got exception "name 'ProtocolError' is not defined");
 trying requests.packages.urllib3.exceptions instead
NOTE: successfully imported from requests
Starting up...
about to get all tweets newer than ID #939152289587228672 for account @Reince
ERROR: unable to get tweets for account @Reince
           the system said: Failed to send request: ('Connection aborted.',
ConnectionResetError(104, 'Connection reset by peer'))
about to get all tweets newer than ID #939267789486948353 for account
@SecShulkin
ERROR: unable to get tweets for account @SecShulkin
           the system said: Failed to parse JSON payload: Unterminated string
starting at: line 1 column 505032 (char 505031)
about to get all tweets newer than ID #913881045652688901 for account
@SecPriceMD
ERROR: unable to get tweets for account @SecPriceMD
           the system said: Failed to send request:
HTTPSConnectionPool(host='api.twitter.com', port=443): Read timed out.
about to get all tweets newer than ID #937834988392931329 for account
@stevenmnuchin1
ERROR: unable to get tweets for account @stevenmnuchin1
           the system said: Failed to send request:
HTTPSConnectionPool(host='api.twitter.com', port=443): Read timed out.
about to get all tweets newer than ID #898632795517403136 for account
@GeneralJFKellly
ERROR: unable to get tweets for account @GeneralJFKellly
           the system said: Not authorized.
about to get all tweets newer than ID #939148655071817728 for account @FLOTUS
ERROR: unable to get tweets for account @FLOTUS
           the system said: Failed to send request:
HTTPSConnectionPool(host='api.twitter.com', port=443): Read timed out. (read
timeout=60)
about to get all tweets newer than ID #-1 for account @jaredkushner
about to get all tweets newer than ID #832282841471918080 for account
@BetsyDeVos
ERROR: unable to get tweets for account @BetsyDeVos
           the system said: Failed to send request:
HTTPSConnectionPool(host='api.twitter.com', port=443): Read timed out.
about to get all tweets newer than ID #939141525874802689 for account
@SecretaryAcosta
ERROR: unable to get tweets for account @SecretaryAcosta
           the system said: Failed to parse JSON payload: Unterminated string
starting at: line 1 column 505832 (char 505831)
about to get all tweets newer than ID #938872791843078147 for account
@StephGrisham45
ERROR: unable to get tweets for account @StephGrisham45
           the system said: Failed to parse JSON payload: Unterminated string
starting at: line 1 column 507875 (char 507874)
about to get all tweets newer than ID #939239292047691777 for account
@SpeakerRyan
ERROR: unable to get tweets for account @SpeakerRyan
           the system said: Failed to send request:
HTTPSConnectionPool(host='api.twitter.com', port=443): Read timed out.
about to get all tweets newer than ID #856041462164836355 for account
@FirstLadyIN
ERROR: unable to get tweets for account @FirstLadyIN
           the system said: Failed to parse JSON payload: Unterminated string
starting at: line 1 column 507453 (char 507452)
about to get all tweets newer than ID #836780744810844161 for account
@StephenMillerAL
about to get all tweets newer than ID #830074939298414592 for account
@RepTomPrice
about to get all tweets newer than ID #867385249340297217 for account
@RealBenCarson
about to get all tweets newer than ID #930982584649175047 for account
@mike_pence
ERROR: unable to get tweets for account @mike_pence
           the system said: Failed to parse JSON payload: Expecting property
name enclosed in double quotes: line 1 column 511837 (char 511836)
about to get all tweets newer than ID #898401955847876608 for account
@Linda_McMahon
about to get all tweets newer than ID #939148092909211648 for account @VP
ERROR: unable to get tweets for account @VP
           the system said: Failed to send request:
HTTPSConnectionPool(host='api.twitter.com', port=443): Read timed out.
about to get all tweets newer than ID #939230362995183617 for account
@SecretaryCarson
ERROR: unable to get tweets for account @SecretaryCarson
           the system said: Failed to parse JSON payload: Unterminated string
starting at: line 1 column 508577 (char 508576)
about to get all tweets newer than ID #939351851765522432 for account
@KellyannePolls
ERROR: unable to get tweets for account @KellyannePolls
           the system said: Failed to send request: ('Connection aborted.',
ConnectionResetError(104, 'Connection reset by peer'))
about to get all tweets newer than ID #-1 for account @ElaineChao
about to get all tweets newer than ID #939228773391699968 for account
@BetsyDeVosED
ERROR: unable to get tweets for account @BetsyDeVosED
           the system said: Failed to parse JSON payload: Unterminated string
starting at: line 1 column 509859 (char 509858)
about to get all tweets newer than ID #939261618629816320 for account
@SecretaryZinke
about to get all tweets newer than ID #939408211735646208 for account
@DanScavino
ERROR: unable to get tweets for account @DanScavino
           the system said: Failed to parse JSON payload: Unterminated string
starting at: line 1 column 506043 (char 506042)
about to get all tweets newer than ID #938865975038038016 for account @SBALinda
about to get all tweets newer than ID #939278924261003264 for account @PRyan
about to get all tweets newer than ID #939375570919612416 for account
@realDonaldTrump
getting all tweets before ID #930089374187950080
    ...400 tweets downloaded so far


New tweet from realDonaldTrump: GREAT EVENING last night in Pensacola,
Florida. Arena was packed to the rafters, the crowd was loud, loving and rea…
https://t.co/I0mrbhZT3g

archiving URL http://twitter.com/realDonaldTrump/status/939475127552618496
    ... archiving using prefix http://web.archive.org/save/
about to get all tweets newer than ID #939306156056563712 for account
@EPAScottPruitt

archiving URL https://twitter.com/realDonaldTrump/status/939475127552618496
    ... archiving using prefix http://web.archive.org/save/


New tweet from realDonaldTrump: A big contingent of very enthusiastic Roy
Moore fans at the rally last night. We can’t have a Pelosi/Schumer Libera…
https://t.co/XHOCKzdEh6

archiving URL http://twitter.com/realDonaldTrump/status/939477807813595136
    ... archiving using prefix http://web.archive.org/save/
about to get all tweets newer than ID #939274968596131841 for account
@WhiteHouse

archiving URL https://twitter.com/realDonaldTrump/status/939477807813595136
    ... archiving using prefix http://web.archive.org/save/


New tweet from realDonaldTrump: Fake News CNN made a vicious and purposeful
mistake yesterday. They were caught red handed, just like lonely Brian…
https://t.co/8OH18LzYbT

archiving URL http://twitter.com/realDonaldTrump/status/939480342779580416
    ... archiving using prefix http://web.archive.org/save/
ERROR: unable to get tweets for account @WhiteHouse
           the system said: Failed to parse JSON payload: Unterminated string
starting at: line 1 column 504585 (char 504584)
about to get all tweets newer than ID #939257995644624897 for account
@IvankaTrump
ERROR: unable to get tweets for account @IvankaTrump
           the system said: Failed to send request: EOF occurred in violation of
 protocol (_ssl.c:600)
about to get all tweets newer than ID #923261387434012672 for account
@SecretaryRoss

archiving URL https://twitter.com/realDonaldTrump/status/939480342779580416
    ... archiving using prefix http://web.archive.org/save/
about to get all tweets newer than ID #939227299139944448 for account
@JessicaDitto45
ERROR: unable to get tweets for account @JessicaDitto45
           the system said: Failed to parse JSON payload: Unterminated string
starting at: line 1 column 501473 (char 501472)
about to get all tweets newer than ID #939502594178932736 for account
@SecretarySonny


New tweet from realDonaldTrump: CNN’S slogan is CNN, THE MOST TRUSTED NAME IN
NEWS. Everyone knows this is not true, that this could, in fact, be a…
https://t.co/FoPRXAVjsh

archiving URL http://twitter.com/realDonaldTrump/status/939485131693322240
    ... archiving using prefix http://web.archive.org/save/
ERROR: unable to get tweets for account @SecretarySonny
           the system said: Failed to send request: EOF occurred in violation of
 protocol (_ssl.c:600)
about to get all tweets newer than ID #939209961489555456 for account
@seanspicer

archiving URL https://twitter.com/realDonaldTrump/status/939485131693322240
    ... archiving using prefix http://web.archive.org/save/
about to get all tweets newer than ID #939319402931122176 for account @PressSec
ERROR: unable to get tweets for account @PressSec
           the system said: Failed to parse JSON payload: Expecting property
name enclosed in double quotes: line 1 column 502652 (char 502651)
about to get all tweets newer than ID #939268060816351232 for account
@SecondLady
about to get all tweets newer than ID #937288216935387136 for account
@GovernorPerry
about to get all tweets newer than ID #816290296048873472 for account
@WilburRoss
about to get all tweets newer than ID #939174898253131778 for account
@AshLeeStrong
about to get all tweets newer than ID #939499208549306369 for account
@SecretaryPerry
about to get all tweets newer than ID #934590789518286848 for account
@MickMulvaneyOMB
about to get all tweets newer than ID #939407768754249729 for account @Scavino45
getting all tweets before ID #931356733989105664
    ...400 tweets downloaded so far


New tweet from Scavino45: GOOD MORNING AMERICA! Air Force One is wheels up to
Mississippi. Today’s #TeamTrumpBTS (he doesn’t know yet😄) is St…
https://t.co/8H0PrklpqZ

archiving URL http://twitter.com/Scavino45/status/939507311726465029
    ... archiving using prefix http://web.archive.org/save/
about to get all tweets newer than ID #939277259549978624 for account @POTUS

archiving URL https://twitter.com/Scavino45/status/939507311726465029
    ... archiving using prefix http://web.archive.org/save/
getting all tweets before ID #928791130539511807
ERROR: unable to get tweets for account @POTUS
           the system said: Failed to parse JSON payload: Unterminated string
starting at: line 1 column 505999 (char 505998)
about to get all tweets newer than ID #903694300306923521 for account
@SecElaineChao
about to get all tweets newer than ID #939155810277642240 for account
@TomBossert45
about to get all tweets newer than ID #938052857873555456 for account
@IvankaTrumpHQ
about to get all tweets newer than ID #795981284761894912 for account
@MELANIATRUMP
about to get all tweets newer than ID #939258088200261632 for account
@nikkihaley
ERROR: unable to get tweets for account @nikkihaley
           the system said: Failed to parse JSON payload: Unterminated string
starting at: line 1 column 508440 (char 508439)
about to get all tweets newer than ID #824610180881117184 for account
@GovPenceIN
ERROR: unable to get tweets for account @GovPenceIN
           the system said: Failed to parse JSON payload: Unterminated string
starting at: line 1 column 502099 (char 502098)
about to get all tweets newer than ID #939344148523618304 for account
@Scaramucci
getting all tweets before ID #927963054385651711
ERROR: unable to get tweets for account @Scaramucci
           the system said: Failed to parse JSON payload: Unterminated string
starting at: line 1 column 504863 (char 504862)
about to get all tweets newer than ID #816846808789958656 for account
@SenDanCoats
about to get all tweets newer than ID #890659905798983680 for account @Reince45
... OK, we're set up, and about to watch 20733972, 831482588246196225,
829782369670410240, 799764016885329921, 892173412818354177, 818876014390603776,
29547260, 599530439, 819980276570976256, 823638938590085124, 18916432,
1923451808, 728361177986797568, 6577802, 1180379185, 22203756, 65522706,
818910970567344128, 828613457020870657, 471672239, 105267762,
828997388920619008, 827258161841135623, 620571475, 819992522109894658,
733751245, 25073877, 832672006113931269, 822215673812119553, 52544275,
836305915452272641, 836724024688410625, 842072478834909184, 20776147,
818927131883356161, 822127086194348032, 18906561, 809836066316451840, 296060169,
 830128820447539208, 888031054141022209, 823367015830323201, 822215679726100480,
 826065858548133888, 866746592853979137, 798195585824104449, 108471631,
37666984, 15985455, 24578794, 212262370, 803703725730779136
WARNING: received error ('Connection broken: IncompleteRead(0 bytes read, 512
more expected)', IncompleteRead(0 bytes read, 512 more expected)); sleeping and
trying again ...
WARNING: received error ('Connection broken: IncompleteRead(0 bytes read, 512
more expected)', IncompleteRead(0 bytes read, 512 more expected)); sleeping and
trying again ...
