Hello, traveler. This is the beginning of a log file called: "Fascist Tweet Archiver".
Some basic system info about the host machine: posix.uname_result(sysname='Linux', nodename='file-server', release='3.16.0-4-686-pae', version='#1 SMP Debian 3.16.43-2+deb8u5 (2017-09-19)', machine='i686')
This log was begun Saturday, 28 October 2017 at 02:25



INFO: read target account data; we're tracking 52 accounts
WARNING: no ProtocolError (got exception "name 'ProtocolError' is not defined");
 trying requests.packages.urllib3.exceptions instead
NOTE: successfully imported from requests
Starting up...
about to get all tweets newer than ID #924031696718192640 for account
@AshLeeStrong
about to get all tweets newer than ID #923975178979291137 for account
@SpeakerRyan
about to get all tweets newer than ID #795981284761894912 for account
@MELANIATRUMP
about to get all tweets newer than ID #924077892761473024 for account
@Scaramucci
about to get all tweets newer than ID #830074939298414592 for account
@RepTomPrice
about to get all tweets newer than ID #923976596683395072 for account
@SecretaryCarson
about to get all tweets newer than ID #923573932359331840 for account
@MickMulvaneyOMB
about to get all tweets newer than ID #923567628165308416 for account @PRyan
about to get all tweets newer than ID #923940424145874944 for account
@JessicaDitto45
about to get all tweets newer than ID #913881045652688901 for account
@SecPriceMD
about to get all tweets newer than ID #923557369749164033 for account
@BetsyDeVosED
about to get all tweets newer than ID #898632795517403136 for account
@GeneralJFKellly
