Hello, traveler. This is the beginning of a log file called: "Fascist Tweet Archiver".
Some basic system info about the host machine: posix.uname_result(sysname='Linux', nodename='file-server', release='3.16.0-4-686-pae', version='#1 SMP Debian 3.16.43-2+deb8u5 (2017-09-19)', machine='i686')
This log was begun Wednesday, 29 November 2017 at 13:50



INFO: read target account data; we're tracking 52 accounts
WARNING: no ProtocolError (got exception "name 'ProtocolError' is not defined");
 trying requests.packages.urllib3.exceptions instead
NOTE: successfully imported from requests
Starting up...
about to get all tweets newer than ID #935643095147958273 for account
@SecShulkin
getting all tweets before ID #918868921956032511
ERROR: unable to get tweets for account @SecShulkin
           the system said: Failed to parse JSON payload: Unterminated string
starting at: line 1 column 505031 (char 505030)
about to get all tweets newer than ID #830074939298414592 for account
@RepTomPrice
ERROR: unable to get tweets for account @RepTomPrice
           the system said: Failed to parse JSON payload: Unterminated string
starting at: line 1 column 506991 (char 506990)
about to get all tweets newer than ID #935663524210200576 for account
@WhiteHouse
getting all tweets before ID #928093221326147583
ERROR: unable to get tweets for account @WhiteHouse
           the system said: Failed to parse JSON payload: Unterminated string
starting at: line 1 column 679301 (char 679300)
about to get all tweets newer than ID #867385249340297217 for account
@RealBenCarson
ERROR: unable to get tweets for account @RealBenCarson
           the system said: Failed to parse JSON payload: Unterminated string
starting at: line 1 column 849612 (char 849611)
about to get all tweets newer than ID #935883355547160577 for account
@realDonaldTrump
getting all tweets before ID #926415703476928511
    ...400 tweets downloaded so far


New tweet from realDonaldTrump: Departing @JBA_NAFW for St. Charles, Missouri
to help push our plan for HISTORIC TAX CUTS across the finish line.…
https://t.co/A9I7mvnhUD

archiving URL http://twitter.com/realDonaldTrump/status/935940131311190021
    ... archiving using prefix http://web.archive.org/save/
about to get all tweets newer than ID #935723143368462336 for account
@DanScavino

archiving URL https://twitter.com/realDonaldTrump/status/935940131311190021
    ... archiving using prefix http://web.archive.org/save/
about to get all tweets newer than ID #836780744810844161 for account
@StephenMillerAL
about to get all tweets newer than ID #903694300306923521 for account
@SecElaineChao
ERROR: unable to get tweets for account @SecElaineChao
           the system said: Failed to send request: EOF occurred in violation of
 protocol (_ssl.c:600)
about to get all tweets newer than ID #923261387434012672 for account
@SecretaryRoss
about to get all tweets newer than ID #935879885012250624 for account @Scavino45
ERROR: unable to get tweets for account @Scavino45
           the system said: Failed to parse JSON payload: Expecting value: line
1 column 507493 (char 507492)
about to get all tweets newer than ID #935661414332682241 for account
@StephGrisham45
ERROR: unable to get tweets for account @StephGrisham45
           the system said: Failed to send request:
HTTPSConnectionPool(host='api.twitter.com', port=443): Read timed out.
about to get all tweets newer than ID #898632795517403136 for account
@GeneralJFKellly
ERROR: unable to get tweets for account @GeneralJFKellly
           the system said: Not authorized.
about to get all tweets newer than ID #890659905798983680 for account @Reince45
ERROR: unable to get tweets for account @Reince45
           the system said: Failed to parse JSON payload: Unterminated string
starting at: line 1 column 503103 (char 503102)
about to get all tweets newer than ID #933749689714991105 for account
@TomBossert45
ERROR: unable to get tweets for account @TomBossert45
           the system said: Failed to parse JSON payload: Unterminated string
starting at: line 1 column 509886 (char 509885)
about to get all tweets newer than ID #935902460404813827 for account
@SecretaryZinke
about to get all tweets newer than ID #935895906053971968 for account
@SecretaryAcosta
about to get all tweets newer than ID #935854094807392256 for account
@Scaramucci
about to get all tweets newer than ID #935884044054691841 for account @POTUS
ERROR: unable to get tweets for account @POTUS
           the system said: Failed to parse JSON payload: Unterminated string
starting at: line 1 column 505999 (char 505998)
about to get all tweets newer than ID #928306806681735168 for account
@BetsyDeVosED
about to get all tweets newer than ID #816290296048873472 for account
@WilburRoss
about to get all tweets newer than ID #934446372824211456 for account
@SecretarySonny
about to get all tweets newer than ID #935602234213257216 for account @FLOTUS
ERROR: unable to get tweets for account @FLOTUS
           the system said: Failed to parse JSON payload: Unterminated string
starting at: line 1 column 510701 (char 510700)
about to get all tweets newer than ID #898401955847876608 for account
@Linda_McMahon
ERROR: unable to get tweets for account @Linda_McMahon
           the system said: Failed to parse JSON payload: Unterminated string
starting at: line 1 column 507944 (char 507943)
about to get all tweets newer than ID #935941688215863296 for account
@SecretaryPerry
ERROR: unable to get tweets for account @SecretaryPerry
           the system said: Failed to parse JSON payload: Unterminated string
starting at: line 1 column 508391 (char 508390)
about to get all tweets newer than ID #824610180881117184 for account
@GovPenceIN
ERROR: unable to get tweets for account @GovPenceIN
           the system said: Failed to parse JSON payload: Expecting ':'
delimiter: line 1 column 684029 (char 684028)
about to get all tweets newer than ID #935936736710053888 for account
@AshLeeStrong
ERROR: unable to get tweets for account @AshLeeStrong
           the system said: Failed to parse JSON payload: Unterminated string
starting at: line 1 column 508444 (char 508443)
about to get all tweets newer than ID #935917539166695431 for account
@IvankaTrump
ERROR: unable to get tweets for account @IvankaTrump
           the system said: Failed to parse JSON payload: Unterminated string
starting at: line 1 column 509334 (char 509333)
about to get all tweets newer than ID #795981284761894912 for account
@MELANIATRUMP
about to get all tweets newer than ID #-1 for account @ElaineChao
about to get all tweets newer than ID #935979744646107138 for account @PressSec
ERROR: unable to get tweets for account @PressSec
           the system said: Failed to parse JSON payload: Unterminated string
starting at: line 1 column 505640 (char 505639)
about to get all tweets newer than ID #-1 for account @jaredkushner
ERROR: unable to get tweets for account @jaredkushner
           the system said: Failed to send request: EOF occurred in violation of
 protocol (_ssl.c:600)
about to get all tweets newer than ID #913881045652688901 for account
@SecPriceMD
ERROR: unable to get tweets for account @SecPriceMD
           the system said: Failed to parse JSON payload: Unterminated string
starting at: line 1 column 508940 (char 508939)
about to get all tweets newer than ID #935889881028616192 for account
@JessicaDitto45
ERROR: unable to get tweets for account @JessicaDitto45
           the system said: Failed to send request:
HTTPSConnectionPool(host='api.twitter.com', port=443): Read timed out.
about to get all tweets newer than ID #935919537798594560 for account @PRyan
ERROR: unable to get tweets for account @PRyan
           the system said: Failed to parse JSON payload: Unterminated string
starting at: line 1 column 511828 (char 511827)
about to get all tweets newer than ID #928448335584858113 for account @Reince
ERROR: unable to get tweets for account @Reince
           the system said: Failed to parse JSON payload: Unterminated string
starting at: line 1 column 506035 (char 506034)
about to get all tweets newer than ID #935652983232188416 for account
@SecondLady
ERROR: unable to get tweets for account @SecondLady
           the system said: Failed to parse JSON payload: Unterminated string
starting at: line 1 column 507482 (char 507481)
about to get all tweets newer than ID #935937567953956871 for account
@SpeakerRyan
ERROR: unable to get tweets for account @SpeakerRyan
           the system said: Failed to parse JSON payload: Unterminated string
starting at: line 1 column 510370 (char 510369)
about to get all tweets newer than ID #935904347791036417 for account @SBALinda
ERROR: unable to get tweets for account @SBALinda
           the system said: Failed to parse JSON payload: Unterminated string
starting at: line 1 column 503129 (char 503128)
about to get all tweets newer than ID #935728170975875083 for account
@SecretaryCarson
ERROR: unable to get tweets for account @SecretaryCarson
           the system said: Failed to parse JSON payload: Unterminated string
starting at: line 1 column 504591 (char 504590)
about to get all tweets newer than ID #935630766846939136 for account
@stevenmnuchin1
about to get all tweets newer than ID #935618071116513281 for account
@nikkihaley
about to get all tweets newer than ID #856041462164836355 for account
@FirstLadyIN
about to get all tweets newer than ID #935925959152340992 for account @VP
getting all tweets before ID #925408159723872256
    ...400 tweets downloaded so far


New tweet from VP: Good seeing New Hampshire's great Governor @GovChrisSununu
at the @WhiteHouse today. Talked about @POTUS' prioritie…
https://t.co/wOXwN3E59q

archiving URL http://twitter.com/VP/status/935963105036824577
    ... archiving using prefix http://web.archive.org/save/
about to get all tweets newer than ID #930982584649175047 for account
@mike_pence

archiving URL https://twitter.com/VP/status/935963105036824577
    ... archiving using prefix http://web.archive.org/save/
about to get all tweets newer than ID #832282841471918080 for account
@BetsyDeVos


New tweet from VP: Honored to meet with local and state leaders who serve
veterans in 49 states at the @WhiteHouse Veterans Affairs Co…
https://t.co/7bQLJWqBW8

archiving URL http://twitter.com/VP/status/935987790411689990
    ... archiving using prefix http://web.archive.org/save/

archiving URL https://twitter.com/VP/status/935987790411689990
    ... archiving using prefix http://web.archive.org/save/
about to get all tweets newer than ID #934590789518286848 for account
@MickMulvaneyOMB
about to get all tweets newer than ID #816846808789958656 for account
@SenDanCoats
ERROR: unable to get tweets for account @SenDanCoats
           the system said: Failed to parse JSON payload: Unterminated string
starting at: line 1 column 506980 (char 506979)
about to get all tweets newer than ID #935720011393626113 for account
@KellyannePolls
ERROR: unable to get tweets for account @KellyannePolls
           the system said: Failed to parse JSON payload: Unterminated string
starting at: line 1 column 503576 (char 503575)
about to get all tweets newer than ID #933349414835576834 for account
@IvankaTrumpHQ
ERROR: unable to get tweets for account @IvankaTrumpHQ
           the system said: Failed to parse JSON payload: Unterminated string
starting at: line 1 column 507894 (char 507893)
about to get all tweets newer than ID #929769209055338496 for account
@GovernorPerry
getting all tweets before ID #733757155661119487
    ...400 tweets downloaded so far


New tweet from GovernorPerry: Don't forget to follow my @SecretaryPerry
accounts on @Twitter and @instagram for all my @ENERGY work including tri…
https://t.co/4A99Ml84YH

archiving URL http://twitter.com/GovernorPerry/status/935973533833981953
    ... archiving using prefix http://web.archive.org/save/
about to get all tweets newer than ID #933713814859780098 for account
@EPAScottPruitt

archiving URL https://twitter.com/GovernorPerry/status/935973533833981953
    ... archiving using prefix http://web.archive.org/save/
ERROR: unable to get tweets for account @EPAScottPruitt
           the system said: Failed to parse JSON payload: Unterminated string
starting at: line 1 column 503143 (char 503142)
about to get all tweets newer than ID #935871851481518080 for account
@seanspicer
getting all tweets before ID #913244450322870271
ERROR: unable to get tweets for account @seanspicer
           the system said: Failed to parse JSON payload: Unterminated string
starting at: line 1 column 510785 (char 510784)
... OK, we're set up, and about to watch 831482588246196225, 6577802,
822215673812119553, 1180379185, 25073877, 620571475, 728361177986797568,
826065858548133888, 836305915452272641, 823367015830323201, 823638938590085124,
892173412818354177, 803703725730779136, 866746592853979137, 827258161841135623,
819980276570976256, 24578794, 822215679726100480, 828997388920619008,
809836066316451840, 842072478834909184, 818876014390603776, 65522706,
830128820447539208, 15985455, 296060169, 52544275, 108471631, 105267762,
818927131883356161, 29547260, 829782369670410240, 836724024688410625, 733751245,
 20733972, 822127086194348032, 18916432, 819992522109894658, 828613457020870657,
 799764016885329921, 37666984, 1923451808, 818910970567344128, 22203756,
599530439, 888031054141022209, 212262370, 471672239, 798195585824104449,
18906561, 832672006113931269, 20776147
