Hello, traveler. This is the beginning of a log file called: "Fascist Tweet Archiver".
Some basic system info about the host machine: posix.uname_result(sysname='Linux', nodename='file-server', release='3.16.0-4-686-pae', version='#1 SMP Debian 3.16.43-2+deb8u5 (2017-09-19)', machine='i686')
This log was begun Sunday, 10 December 2017 at 11:17



INFO: read target account data; we're tracking 52 accounts
WARNING: no ProtocolError (got exception "name 'ProtocolError' is not defined");
 trying requests.packages.urllib3.exceptions instead
NOTE: successfully imported from requests
Starting up...
about to get all tweets newer than ID #923261387434012672 for account
@SecretaryRoss
ERROR: unable to get tweets for account @SecretaryRoss
           the system said: Failed to send request: ('Connection aborted.',
BadStatusLine("''",))
about to get all tweets newer than ID #939860808565129216 for account
@SecondLady
ERROR: unable to get tweets for account @SecondLady
           the system said: Failed to parse JSON payload: Unterminated string
starting at: line 1 column 502142 (char 502141)
about to get all tweets newer than ID #856041462164836355 for account
@FirstLadyIN
about to get all tweets newer than ID #816290296048873472 for account
@WilburRoss
about to get all tweets newer than ID #937834988392931329 for account
@stevenmnuchin1
about to get all tweets newer than ID #939860287129378816 for account @VP
ERROR: unable to get tweets for account @VP
           the system said: Failed to send request:
HTTPSConnectionPool(host='api.twitter.com', port=443): Read timed out.
about to get all tweets newer than ID #938052857873555456 for account
@IvankaTrumpHQ
ERROR: unable to get tweets for account @IvankaTrumpHQ
           the system said: Failed to send request:
HTTPSConnectionPool(host='api.twitter.com', port=443): Read timed out.
about to get all tweets newer than ID #939152289587228672 for account @Reince
ERROR: unable to get tweets for account @Reince
           the system said: Failed to parse JSON payload: Unterminated string
starting at: line 1 column 508439 (char 508438)
about to get all tweets newer than ID #939612062606680066 for account
@AshLeeStrong
about to get all tweets newer than ID #898401955847876608 for account
@Linda_McMahon
ERROR: unable to get tweets for account @Linda_McMahon
           the system said: Failed to parse JSON payload: Expecting property
name enclosed in double quotes: line 1 column 505965 (char 505964)
about to get all tweets newer than ID #939522709020700672 for account
@StephGrisham45
ERROR: unable to get tweets for account @StephGrisham45
           the system said: Failed to parse JSON payload: Unterminated string
starting at: line 1 column 505846 (char 505845)
about to get all tweets newer than ID #939553534520983553 for account
@SecShulkin
ERROR: unable to get tweets for account @SecShulkin
           the system said: Failed to parse JSON payload: Expecting property
name enclosed in double quotes: line 1 column 505053 (char 505052)
about to get all tweets newer than ID #939592805646782464 for account @PressSec
ERROR: unable to get tweets for account @PressSec
           the system said: Failed to parse JSON payload: Unterminated string
starting at: line 1 column 503241 (char 503240)
about to get all tweets newer than ID #938865975038038016 for account @SBALinda
ERROR: unable to get tweets for account @SBALinda
           the system said: Failed to send request:
HTTPSConnectionPool(host='api.twitter.com', port=443): Read timed out.
about to get all tweets newer than ID #939230362995183617 for account
@SecretaryCarson
about to get all tweets newer than ID #937288216935387136 for account
@GovernorPerry
ERROR: unable to get tweets for account @GovernorPerry
           the system said: Failed to send request:
HTTPSConnectionPool(host='api.twitter.com', port=443): Read timed out. (read
timeout=60)
about to get all tweets newer than ID #913881045652688901 for account
@SecPriceMD
ERROR: unable to get tweets for account @SecPriceMD
           the system said: Failed to send request:
HTTPSConnectionPool(host='api.twitter.com', port=443): Read timed out.
about to get all tweets newer than ID #816846808789958656 for account
@SenDanCoats
ERROR: unable to get tweets for account @SenDanCoats
           the system said: Failed to parse JSON payload: Expecting value: line
1 column 507411 (char 507410)
about to get all tweets newer than ID #939674523363872773 for account
@DanScavino
about to get all tweets newer than ID #939682120196411392 for account
@WhiteHouse
ERROR: unable to get tweets for account @WhiteHouse
           the system said: Failed to parse JSON payload: Unterminated string
starting at: line 1 column 504586 (char 504585)
about to get all tweets newer than ID #898632795517403136 for account
@GeneralJFKellly
ERROR: unable to get tweets for account @GeneralJFKellly
           the system said: Not authorized.
about to get all tweets newer than ID #939669240100950016 for account
@SpeakerRyan
ERROR: unable to get tweets for account @SpeakerRyan
           the system said: Failed to send request:
HTTPSConnectionPool(host='api.twitter.com', port=443): Read timed out.
about to get all tweets newer than ID #939564526969737216 for account
@JessicaDitto45
ERROR: unable to get tweets for account @JessicaDitto45
           the system said: Failed to parse JSON payload: Expecting ','
delimiter: line 1 column 501700 (char 501699)
about to get all tweets newer than ID #903694300306923521 for account
@SecElaineChao
about to get all tweets newer than ID #939623122164174848 for account
@IvankaTrump
getting all tweets before ID #915308737962942464
    ...400 tweets downloaded so far


New tweet from IvankaTrump: Good editorial on the impact of deregulation,
coupled with tax reform, on economic growth: https://t.co/YVwBNIwivp @POTUS
@MickMulvaneyOMB

archiving URL http://twitter.com/IvankaTrump/status/939861312959639552
    ... archiving using prefix http://web.archive.org/save/
about to get all tweets newer than ID #-1 for account @ElaineChao
about to get all tweets newer than ID #939522329322967040 for account @FLOTUS

archiving URL https://twitter.com/IvankaTrump/status/939861312959639552
    ... archiving using prefix http://web.archive.org/save/


New tweet from IvankaTrump: RT @PressSec: Since the election "the jobless rate
 for African Americans dropped from 8% to 7.3%, while for Hispanics it fell from
 5.7% to…

archiving URL http://twitter.com/IvankaTrump/status/939875214661423104
    ... archiving using prefix http://web.archive.org/save/
ERROR: unable to get tweets for account @FLOTUS
           the system said: Failed to parse JSON payload: Unterminated string
starting at: line 1 column 501644 (char 501643)
about to get all tweets newer than ID #939680422493073408 for account
@realDonaldTrump

archiving URL https://twitter.com/IvankaTrump/status/939875214661423104
    ... archiving using prefix http://web.archive.org/save/


New tweet from IvankaTrump: Ice Skating ⛸ https://t.co/nDeYcOWRef

archiving URL http://twitter.com/IvankaTrump/status/939930344412893184
    ... archiving using prefix http://web.archive.org/save/
ERROR: unable to get tweets for account @realDonaldTrump
           the system said: Failed to parse JSON payload: Unterminated string
starting at: line 1 column 503585 (char 503584)
about to get all tweets newer than ID #939852939815944192 for account
@KellyannePolls

archiving URL https://twitter.com/IvankaTrump/status/939930344412893184
    ... archiving using prefix http://web.archive.org/save/
ERROR: unable to get tweets for account @KellyannePolls
           the system said: Failed to parse JSON payload: Unterminated string
starting at: line 1 column 504069 (char 504068)
about to get all tweets newer than ID #939306156056563712 for account
@EPAScottPruitt
about to get all tweets newer than ID #890659905798983680 for account @Reince45
ERROR: unable to get tweets for account @Reince45
           the system said: Failed to parse JSON payload: Unterminated string
starting at: line 1 column 504004 (char 504003)
about to get all tweets newer than ID #939141525874802689 for account
@SecretaryAcosta
ERROR: unable to get tweets for account @SecretaryAcosta
           the system said: Failed to send request:
HTTPSConnectionPool(host='api.twitter.com', port=443): Read timed out. (read
timeout=60)
about to get all tweets newer than ID #939651906506579970 for account
@seanspicer
ERROR: unable to get tweets for account @seanspicer
           the system said: Failed to send request:
HTTPSConnectionPool(host='api.twitter.com', port=443): Read timed out.
about to get all tweets newer than ID #939155810277642240 for account
@TomBossert45
ERROR: unable to get tweets for account @TomBossert45
           the system said: Failed to send request:
HTTPSConnectionPool(host='api.twitter.com', port=443): Read timed out.
about to get all tweets newer than ID #939499208549306369 for account
@SecretaryPerry
about to get all tweets newer than ID #867385249340297217 for account
@RealBenCarson
about to get all tweets newer than ID #-1 for account @jaredkushner
about to get all tweets newer than ID #939920115289788416 for account @Scavino45
about to get all tweets newer than ID #930982584649175047 for account
@mike_pence
about to get all tweets newer than ID #939699880355823616 for account
@Scaramucci
ERROR: unable to get tweets for account @Scaramucci
           the system said: Failed to send request:
HTTPSConnectionPool(host='api.twitter.com', port=443): Read timed out.
about to get all tweets newer than ID #824610180881117184 for account
@GovPenceIN
ERROR: unable to get tweets for account @GovPenceIN
           the system said: Failed to send request:
HTTPSConnectionPool(host='api.twitter.com', port=443): Read timed out.
about to get all tweets newer than ID #934590789518286848 for account
@MickMulvaneyOMB
about to get all tweets newer than ID #939502594178932736 for account
@SecretarySonny
ERROR: unable to get tweets for account @SecretarySonny
           the system said: Failed to parse JSON payload: Unterminated string
starting at: line 1 column 504058 (char 504057)
about to get all tweets newer than ID #939680494756810754 for account @POTUS
ERROR: unable to get tweets for account @POTUS
           the system said: Failed to parse JSON payload: Unterminated string
starting at: line 1 column 681208 (char 681207)
about to get all tweets newer than ID #795981284761894912 for account
@MELANIATRUMP
ERROR: unable to get tweets for account @MELANIATRUMP
           the system said: Failed to send request: EOF occurred in violation of
 protocol (_ssl.c:600)
about to get all tweets newer than ID #832282841471918080 for account
@BetsyDeVos
ERROR: unable to get tweets for account @BetsyDeVos
           the system said: Failed to send request:
HTTPSConnectionPool(host='api.twitter.com', port=443): Read timed out.
about to get all tweets newer than ID #939278924261003264 for account @PRyan
about to get all tweets newer than ID #939719481210953729 for account
@nikkihaley
ERROR: unable to get tweets for account @nikkihaley
           the system said: Failed to parse JSON payload: Unterminated string
starting at: line 1 column 502134 (char 502133)
about to get all tweets newer than ID #830074939298414592 for account
@RepTomPrice
about to get all tweets newer than ID #939598561649614849 for account
@SecretaryZinke
ERROR: unable to get tweets for account @SecretaryZinke
           the system said: Failed to send request:
HTTPSConnectionPool(host='api.twitter.com', port=443): Read timed out.
about to get all tweets newer than ID #836780744810844161 for account
@StephenMillerAL
about to get all tweets newer than ID #939514128514928646 for account
@BetsyDeVosED
ERROR: unable to get tweets for account @BetsyDeVosED
           the system said: Failed to send request:
HTTPSConnectionPool(host='api.twitter.com', port=443): Read timed out.
... OK, we're set up, and about to watch 836305915452272641, 822127086194348032,
 1923451808, 809836066316451840, 799764016885329921, 818910970567344128,
798195585824104449, 20733972, 296060169, 65522706, 823638938590085124,
831482588246196225, 818927131883356161, 819992522109894658, 828613457020870657,
18906561, 829782369670410240, 212262370, 620571475, 822215673812119553,
892173412818354177, 18916432, 836724024688410625, 826065858548133888, 52544275,
105267762, 818876014390603776, 25073877, 471672239, 832672006113931269,
803703725730779136, 819980276570976256, 20776147, 866746592853979137,
830128820447539208, 1180379185, 29547260, 823367015830323201, 22203756,
24578794, 15985455, 888031054141022209, 842072478834909184, 822215679726100480,
108471631, 599530439, 733751245, 37666984, 6577802, 827258161841135623,
728361177986797568, 828997388920619008
WARNING: received error HTTPSConnectionPool(host='stream.twitter.com',
port=443): Read timed out.; sleeping and trying again ...
WARNING: received error ('Connection broken: IncompleteRead(0 bytes read, 1057
more expected)', IncompleteRead(0 bytes read, 1057 more expected)); sleeping and
 trying again ...
WARNING: received error HTTPSConnectionPool(host='stream.twitter.com',
port=443): Read timed out.; sleeping and trying again ...
