Hello, traveler. This is the beginning of a log file called: "Fascist Tweet Archiver".
Some basic system info about the host machine: posix.uname_result(sysname='Linux', nodename='file-server', release='3.16.0-4-686-pae', version='#1 SMP Debian 3.16.51-3 (2017-12-13)', machine='i686')
This log was begun Sunday, 31 December 2017 at 14:56



INFO: read target account data; we're tracking 52 accounts
WARNING: no ProtocolError (got exception "name 'ProtocolError' is not defined");
 trying requests.packages.urllib3.exceptions instead
NOTE: successfully imported from requests
Starting up...
about to get all tweets newer than ID #903694300306923521 for account
@SecElaineChao
about to get all tweets newer than ID #913881045652688901 for account
@SecPriceMD
about to get all tweets newer than ID #947572300509073415 for account
@SecretarySonny
about to get all tweets newer than ID #947535963487686656 for account
@nikkihaley
about to get all tweets newer than ID #946156999041052672 for account
@TomBossert45
about to get all tweets newer than ID #943908455793823744 for account @Reince
about to get all tweets newer than ID #945836760617103361 for account
@SecondLady
getting all tweets before ID #905545075140292608
    ...400 tweets downloaded so far
about to get all tweets newer than ID #947297879332237313 for account
@AshLeeStrong


New tweet from SecondLady: RT @VP: Saddened to learn of the senseless violence
 involving officers in CO. Our hearts &amp; prayers are w/ the victims, their
families &amp; all…

archiving URL http://twitter.com/SecondLady/status/947581961987612672
    ... archiving using prefix http://web.archive.org/save/
about to get all tweets newer than ID #946387776328617984 for account
@IvankaTrumpHQ

archiving URL https://twitter.com/SecondLady/status/947581961987612672
    ... archiving using prefix http://web.archive.org/save/
about to get all tweets newer than ID #947577108087431168 for account
@Scaramucci
about to get all tweets newer than ID #-1 for account @ElaineChao
about to get all tweets newer than ID #946847208451837953 for account
@SpeakerRyan
about to get all tweets newer than ID #947547134303326208 for account
@IvankaTrump
getting all tweets before ID #926022831195922431
    ...400 tweets downloaded so far
about to get all tweets newer than ID #816846808789958656 for account
@SenDanCoats


New tweet from IvankaTrump: Inspired by the heroism &amp; bravery of the
peaceful protesters in #Iran. We must stand by the Iranian people as they seek
freedom from tyranny

archiving URL http://twitter.com/IvankaTrump/status/947583871314427905
    ... archiving using prefix http://web.archive.org/save/
about to get all tweets newer than ID #947577988979273728 for account
@seanspicer

archiving URL https://twitter.com/IvankaTrump/status/947583871314427905
    ... archiving using prefix http://web.archive.org/save/
ERROR: unable to get tweets for account @seanspicer
           the system said: Failed to parse JSON payload: Unterminated string
starting at: line 1 column 507489 (char 507488)
about to get all tweets newer than ID #946753093877854208 for account
@SecretaryZinke
about to get all tweets newer than ID #816290296048873472 for account
@WilburRoss
about to get all tweets newer than ID #945045186899570693 for account
@SecretaryAcosta
ERROR: unable to get tweets for account @SecretaryAcosta
           the system said: Failed to parse JSON payload: Unterminated string
starting at: line 1 column 702944 (char 702943)
about to get all tweets newer than ID #947272380208111616 for account
@JessicaDitto45
ERROR: unable to get tweets for account @JessicaDitto45
           the system said: Failed to send request: ('Connection aborted.',
BadStatusLine("''",))
about to get all tweets newer than ID #945412679887413248 for account
@BetsyDeVosED
ERROR: unable to get tweets for account @BetsyDeVosED
           the system said: Failed to parse JSON payload: Unterminated string
starting at: line 1 column 505281 (char 505280)
about to get all tweets newer than ID #947544600918372353 for account
@realDonaldTrump
ERROR: unable to get tweets for account @realDonaldTrump
           the system said: Failed to parse JSON payload: Unterminated string
starting at: line 1 column 502647 (char 502646)
about to get all tweets newer than ID #946809083050512384 for account
@SecShulkin
ERROR: unable to get tweets for account @SecShulkin
           the system said: Failed to parse JSON payload: Unterminated string
starting at: line 1 column 507890 (char 507889)
about to get all tweets newer than ID #898632795517403136 for account
@GeneralJFKellly
ERROR: unable to get tweets for account @GeneralJFKellly
           the system said: Not authorized.
about to get all tweets newer than ID #930982584649175047 for account
@mike_pence
about to get all tweets newer than ID #836780744810844161 for account
@StephenMillerAL
about to get all tweets newer than ID #941074527592812545 for account
@SecretaryRoss
about to get all tweets newer than ID #945299954049933314 for account @FLOTUS
about to get all tweets newer than ID #947553822616047616 for account
@WhiteHouse
about to get all tweets newer than ID #947075673222451200 for account
@KellyannePolls
about to get all tweets newer than ID #824610180881117184 for account
@GovPenceIN
about to get all tweets newer than ID #947547145590202368 for account @POTUS
about to get all tweets newer than ID #-1 for account @jaredkushner
about to get all tweets newer than ID #947163144593559553 for account
@StephGrisham45
about to get all tweets newer than ID #945432117319680000 for account
@GovernorPerry
about to get all tweets newer than ID #945295587301253120 for account @PRyan
about to get all tweets newer than ID #890659905798983680 for account @Reince45
about to get all tweets newer than ID #898401955847876608 for account
@Linda_McMahon
about to get all tweets newer than ID #946750417182093318 for account
@DanScavino
about to get all tweets newer than ID #832282841471918080 for account
@BetsyDeVos
about to get all tweets newer than ID #830074939298414592 for account
@RepTomPrice
about to get all tweets newer than ID #946046285546602496 for account @SBALinda
about to get all tweets newer than ID #943545273489510400 for account
@MickMulvaneyOMB
about to get all tweets newer than ID #795981284761894912 for account
@MELANIATRUMP
about to get all tweets newer than ID #947514012203388929 for account @PressSec
getting all tweets before ID #933133600840658943
    ...400 tweets downloaded so far


New tweet from PressSec: Bigger government under Obama: +188,000 federal
bureaucrats

Smaller government under @realDonaldTrump: 
-16,000 fe…
https://t.co/GGYv4pUvlM

archiving URL http://twitter.com/PressSec/status/947584655934607363
    ... archiving using prefix http://web.archive.org/save/
about to get all tweets newer than ID #856041462164836355 for account
@FirstLadyIN

archiving URL https://twitter.com/PressSec/status/947584655934607363
    ... archiving using prefix http://web.archive.org/save/
about to get all tweets newer than ID #947497325731155970 for account
@EPAScottPruitt
about to get all tweets newer than ID #947565944913702913 for account @VP
about to get all tweets newer than ID #943545231244439555 for account
@SecretaryCarson
about to get all tweets newer than ID #946766565063778304 for account
@SecretaryPerry
about to get all tweets newer than ID #867385249340297217 for account
@RealBenCarson
about to get all tweets newer than ID #947544855672213507 for account @Scavino45
about to get all tweets newer than ID #946627730136743936 for account
@stevenmnuchin1
... OK, we're set up, and about to watch 826065858548133888, 829782369670410240,
 842072478834909184, 37666984, 866746592853979137, 20733972, 822127086194348032,
 296060169, 798195585824104449, 24578794, 105267762, 18916432, 52544275,
212262370, 20776147, 827258161841135623, 809836066316451840, 819980276570976256,
 836724024688410625, 828997388920619008, 25073877, 831482588246196225,
892173412818354177, 22203756, 728361177986797568, 836305915452272641,
818876014390603776, 822215673812119553, 471672239, 15985455, 822215679726100480,
 29547260, 823638938590085124, 18906561, 733751245, 803703725730779136,
65522706, 620571475, 599530439, 6577802, 819992522109894658, 888031054141022209,
 108471631, 818927131883356161, 1923451808, 832672006113931269,
818910970567344128, 828613457020870657, 830128820447539208, 1180379185,
823367015830323201, 799764016885329921


New tweet from realDonaldTrump: As our Country rapidly grows stronger and
smarter, I want to wish all of my friends, supporters, enemies, haters, a…
https://t.co/irAgm3wwEU

archiving URL http://twitter.com/realDonaldTrump/status/947592785519173637
    ... archiving using prefix http://web.archive.org/save/

archiving URL https://twitter.com/realDonaldTrump/status/947592785519173637
    ... archiving using prefix http://web.archive.org/save/
WARNING: received error ('Connection broken: IncompleteRead(0 bytes read, 512
more expected)', IncompleteRead(0 bytes read, 512 more expected)); sleeping and
trying again ...
