Hello, traveler. This is the beginning of a log file called: "Fascist Tweet Archiver".
Some basic system info about the host machine: posix.uname_result(sysname='Linux', nodename='file-server', release='3.16.0-4-686-pae', version='#1 SMP Debian 3.16.43-2+deb8u5 (2017-09-19)', machine='i686')
This log was begun Saturday, 09 December 2017 at 18:14



INFO: read target account data; we're tracking 52 accounts
WARNING: no ProtocolError (got exception "name 'ProtocolError' is not defined");
 trying requests.packages.urllib3.exceptions instead
NOTE: successfully imported from requests
Starting up...
about to get all tweets newer than ID #939505195381350401 for account
@DanScavino
ERROR: unable to get tweets for account @DanScavino
           the system said: Failed to send request:
HTTPSConnectionPool(host='api.twitter.com', port=443): Read timed out. (read
timeout=60)
about to get all tweets newer than ID #795981284761894912 for account
@MELANIATRUMP
ERROR: unable to get tweets for account @MELANIATRUMP
           the system said: Failed to parse JSON payload: Unterminated string
starting at: line 1 column 681207 (char 681206)
about to get all tweets newer than ID #939155810277642240 for account
@TomBossert45
ERROR: unable to get tweets for account @TomBossert45
           the system said: Failed to parse JSON payload: Unterminated string
starting at: line 1 column 508843 (char 508842)
about to get all tweets newer than ID #939553534520983553 for account
@SecShulkin
ERROR: unable to get tweets for account @SecShulkin
           the system said: Failed to send request:
HTTPSConnectionPool(host='api.twitter.com', port=443): Read timed out.
about to get all tweets newer than ID #-1 for account @jaredkushner
about to get all tweets newer than ID #939268759449145344 for account @VP
ERROR: unable to get tweets for account @VP
           the system said: Failed to parse JSON payload: Unterminated string
starting at: line 1 column 509880 (char 509879)
about to get all tweets newer than ID #939623122164174848 for account
@IvankaTrump
about to get all tweets newer than ID #939585291177865216 for account
@SpeakerRyan
ERROR: unable to get tweets for account @SpeakerRyan
           the system said: Failed to parse JSON payload: Unterminated string
starting at: line 1 column 502648 (char 502647)
about to get all tweets newer than ID #938865975038038016 for account @SBALinda
about to get all tweets newer than ID #939651232582524934 for account
@seanspicer
ERROR: unable to get tweets for account @seanspicer
           the system said: Failed to parse JSON payload: Unterminated string
starting at: line 1 column 507947 (char 507946)
about to get all tweets newer than ID #939306156056563712 for account
@EPAScottPruitt
ERROR: unable to get tweets for account @EPAScottPruitt
           the system said: Failed to parse JSON payload: Expecting value: line
1 column 504597 (char 504596)
about to get all tweets newer than ID #939230362995183617 for account
@SecretaryCarson
ERROR: unable to get tweets for account @SecretaryCarson
           the system said: Failed to parse JSON payload: Expecting ','
delimiter: line 1 column 686421 (char 686420)
about to get all tweets newer than ID #939278924261003264 for account @PRyan
ERROR: unable to get tweets for account @PRyan
           the system said: Failed to send request:
HTTPSConnectionPool(host='api.twitter.com', port=443): Read timed out.
about to get all tweets newer than ID #939565432092155906 for account @Scavino45
ERROR: unable to get tweets for account @Scavino45
           the system said: Failed to parse JSON payload: Unterminated string
starting at: line 1 column 503009 (char 503008)
about to get all tweets newer than ID #939499208549306369 for account
@SecretaryPerry
about to get all tweets newer than ID #939560256593645568 for account @POTUS
ERROR: unable to get tweets for account @POTUS
           the system said: Failed to parse JSON payload: Expecting value: line
1 column 503564 (char 503563)
about to get all tweets newer than ID #939152289587228672 for account @Reince
ERROR: unable to get tweets for account @Reince
           the system said: Failed to send request:
HTTPSConnectionPool(host='api.twitter.com', port=443): Read timed out.
about to get all tweets newer than ID #-1 for account @ElaineChao
about to get all tweets newer than ID #937834988392931329 for account
@stevenmnuchin1
ERROR: unable to get tweets for account @stevenmnuchin1
           the system said: Failed to send request:
HTTPSConnectionPool(host='api.twitter.com', port=443): Read timed out.
about to get all tweets newer than ID #856041462164836355 for account
@FirstLadyIN
ERROR: unable to get tweets for account @FirstLadyIN
           the system said: Failed to send request:
HTTPSConnectionPool(host='api.twitter.com', port=443): Read timed out. (read
timeout=60)
about to get all tweets newer than ID #830074939298414592 for account
@RepTomPrice
ERROR: unable to get tweets for account @RepTomPrice
           the system said: Failed to parse JSON payload: Expecting ','
delimiter: line 1 column 703805 (char 703804)
about to get all tweets newer than ID #939522329322967040 for account @FLOTUS
ERROR: unable to get tweets for account @FLOTUS
           the system said: Failed to send request:
HTTPSConnectionPool(host='api.twitter.com', port=443): Read timed out. (read
timeout=60)
about to get all tweets newer than ID #939642796289470464 for account
@realDonaldTrump
about to get all tweets newer than ID #890659905798983680 for account @Reince45
about to get all tweets newer than ID #939514128514928646 for account
@BetsyDeVosED
ERROR: unable to get tweets for account @BetsyDeVosED
           the system said: Failed to parse JSON payload: Unterminated string
starting at: line 1 column 511339 (char 511338)
about to get all tweets newer than ID #913881045652688901 for account
@SecPriceMD
ERROR: unable to get tweets for account @SecPriceMD
           the system said: Failed to parse JSON payload: Unterminated string
starting at: line 1 column 504594 (char 504593)
about to get all tweets newer than ID #898632795517403136 for account
@GeneralJFKellly
ERROR: unable to get tweets for account @GeneralJFKellly
           the system said: Failed to send request: ('Connection aborted.',
ConnectionResetError(104, 'Connection reset by peer'))
about to get all tweets newer than ID #938052857873555456 for account
@IvankaTrumpHQ
ERROR: unable to get tweets for account @IvankaTrumpHQ
           the system said: Failed to parse JSON payload: Expecting property
name enclosed in double quotes: line 1 column 509357 (char 509356)
about to get all tweets newer than ID #816846808789958656 for account
@SenDanCoats
about to get all tweets newer than ID #939565386198142977 for account
@WhiteHouse
ERROR: unable to get tweets for account @WhiteHouse
           the system said: Failed to parse JSON payload: Expecting ':'
delimiter: line 1 column 505549 (char 505548)
about to get all tweets newer than ID #934590789518286848 for account
@MickMulvaneyOMB
ERROR: unable to get tweets for account @MickMulvaneyOMB
           the system said: Failed to send request: EOF occurred in violation of
 protocol (_ssl.c:600)
about to get all tweets newer than ID #898401955847876608 for account
@Linda_McMahon
ERROR: unable to get tweets for account @Linda_McMahon
           the system said: Failed to send request:
HTTPSConnectionPool(host='api.twitter.com', port=443): Read timed out.
about to get all tweets newer than ID #939522709020700672 for account
@StephGrisham45
ERROR: unable to get tweets for account @StephGrisham45
           the system said: Failed to parse JSON payload: Unterminated string
starting at: line 1 column 503036 (char 503035)
about to get all tweets newer than ID #923261387434012672 for account
@SecretaryRoss
about to get all tweets newer than ID #903694300306923521 for account
@SecElaineChao
about to get all tweets newer than ID #939610694537891841 for account
@nikkihaley
ERROR: unable to get tweets for account @nikkihaley
           the system said: Failed to send request:
HTTPSConnectionPool(host='api.twitter.com', port=443): Read timed out. (read
timeout=60)
about to get all tweets newer than ID #939502594178932736 for account
@SecretarySonny
about to get all tweets newer than ID #939598561649614849 for account
@SecretaryZinke
about to get all tweets newer than ID #930982584649175047 for account
@mike_pence
about to get all tweets newer than ID #867385249340297217 for account
@RealBenCarson
about to get all tweets newer than ID #939592805646782464 for account @PressSec
about to get all tweets newer than ID #939351851765522432 for account
@KellyannePolls
about to get all tweets newer than ID #939612062606680066 for account
@AshLeeStrong
about to get all tweets newer than ID #832282841471918080 for account
@BetsyDeVos
about to get all tweets newer than ID #824610180881117184 for account
@GovPenceIN
about to get all tweets newer than ID #937288216935387136 for account
@GovernorPerry
about to get all tweets newer than ID #939587205051441152 for account
@Scaramucci
about to get all tweets newer than ID #836780744810844161 for account
@StephenMillerAL
about to get all tweets newer than ID #939564526969737216 for account
@JessicaDitto45
about to get all tweets newer than ID #816290296048873472 for account
@WilburRoss
about to get all tweets newer than ID #939141525874802689 for account
@SecretaryAcosta
about to get all tweets newer than ID #939268060816351232 for account
@SecondLady
... OK, we're set up, and about to watch 620571475, 108471631,
866746592853979137, 831482588246196225, 29547260, 818910970567344128, 52544275,
18916432, 819992522109894658, 20776147, 832672006113931269, 828613457020870657,
733751245, 823367015830323201, 830128820447539208, 822215679726100480, 20733972,
 105267762, 799764016885329921, 1923451808, 6577802, 818876014390603776,
25073877, 803703725730779136, 828997388920619008, 829782369670410240,
892173412818354177, 798195585824104449, 212262370, 822215673812119553,
888031054141022209, 65522706, 823638938590085124, 836305915452272641,
826065858548133888, 37666984, 842072478834909184, 827258161841135623, 22203756,
1180379185, 818927131883356161, 471672239, 296060169, 599530439, 15985455,
18906561, 24578794, 728361177986797568, 836724024688410625, 809836066316451840,
819980276570976256, 822127086194348032
WARNING: received error ('Connection broken: IncompleteRead(0 bytes read, 512
more expected)', IncompleteRead(0 bytes read, 512 more expected)); sleeping and
trying again ...
