Hello, traveler. This is the beginning of a log file called: "Fascist Tweet Archiver".
Some basic system info about the host machine: posix.uname_result(sysname='Linux', nodename='file-server', release='3.16.0-4-686-pae', version='#1 SMP Debian 3.16.43-2+deb8u5 (2017-09-19)', machine='i686')
This log was begun Friday, 27 October 2017 at 20:54



INFO: read target account data; we're tracking 52 accounts
WARNING: no ProtocolError (got exception "name 'ProtocolError' is not defined");
 trying requests.packages.urllib3.exceptions instead
NOTE: successfully imported from requests
Starting up...
about to get all tweets newer than ID #923291711236911104 for account
@TomBossert45
about to get all tweets newer than ID #890659905798983680 for account @Reince45
about to get all tweets newer than ID #923975178979291137 for account
@SpeakerRyan
about to get all tweets newer than ID #924031696718192640 for account
@AshLeeStrong
about to get all tweets newer than ID #923557369749164033 for account
@BetsyDeVosED
about to get all tweets newer than ID #924070592571170817 for account @PressSec
about to get all tweets newer than ID #-1 for account @ElaineChao
about to get all tweets newer than ID #836780744810844161 for account
@StephenMillerAL
about to get all tweets newer than ID #924116159368171521 for account @POTUS
about to get all tweets newer than ID #903694300306923521 for account
@SecElaineChao
about to get all tweets newer than ID #924049591003213824 for account
@nikkihaley
about to get all tweets newer than ID #867385249340297217 for account
@RealBenCarson
about to get all tweets newer than ID #923747741272100864 for account
@SecondLady
about to get all tweets newer than ID #923567628165308416 for account @PRyan
about to get all tweets newer than ID #923940424145874944 for account
@JessicaDitto45
about to get all tweets newer than ID #824610180881117184 for account
@GovPenceIN
about to get all tweets newer than ID #816290296048873472 for account
@WilburRoss
about to get all tweets newer than ID #924009083878993923 for account
@KellyannePolls
about to get all tweets newer than ID #923140261856804865 for account @Reince
about to get all tweets newer than ID #795981284761894912 for account
@MELANIATRUMP
about to get all tweets newer than ID #923969458695213056 for account
@StephGrisham45
about to get all tweets newer than ID #898632795517403136 for account
@GeneralJFKellly
