Hello, traveler. This is the beginning of a log file called: "Fascist Tweet Archiver".
Some basic system info about the host machine: posix.uname_result(sysname='Linux', nodename='file-server', release='3.16.0-4-686-pae', version='#1 SMP Debian 3.16.43-2+deb8u5 (2017-09-19)', machine='i686')
This log was begun Thursday, 23 November 2017 at 15:36



INFO: read target account data; we're tracking 52 accounts
WARNING: no ProtocolError (got exception "name 'ProtocolError' is not defined");
 trying requests.packages.urllib3.exceptions instead
NOTE: successfully imported from requests
Starting up...
about to get all tweets newer than ID #913881045652688901 for account
@SecPriceMD
ERROR: unable to get tweets for account @SecPriceMD
           the system said: Failed to parse JSON payload: Unterminated string
starting at: line 1 column 511338 (char 511337)
about to get all tweets newer than ID #-1 for account @ElaineChao
about to get all tweets newer than ID #933824503330803712 for account
@Scaramucci
about to get all tweets newer than ID #898632795517403136 for account
@GeneralJFKellly
ERROR: unable to get tweets for account @GeneralJFKellly
           the system said: Not authorized.
about to get all tweets newer than ID #933783684557262851 for account
@JessicaDitto45
about to get all tweets newer than ID #933349414835576834 for account
@IvankaTrumpHQ
about to get all tweets newer than ID #816290296048873472 for account
@WilburRoss
about to get all tweets newer than ID #933473066805538816 for account
@SecretaryZinke
about to get all tweets newer than ID #830074939298414592 for account
@RepTomPrice
about to get all tweets newer than ID #890659905798983680 for account @Reince45
about to get all tweets newer than ID #923261387434012672 for account
@SecretaryRoss
about to get all tweets newer than ID #933745035564273665 for account @FLOTUS
about to get all tweets newer than ID #933764914363142149 for account
@SecretaryCarson
ERROR: unable to get tweets for account @SecretaryCarson
           the system said: Failed to parse JSON payload: Expecting value: line
1 column 508939 (char 508938)
about to get all tweets newer than ID #933529656505933824 for account
@AshLeeStrong
about to get all tweets newer than ID #903694300306923521 for account
@SecElaineChao
about to get all tweets newer than ID #928448335584858113 for account @Reince
about to get all tweets newer than ID #933713814859780098 for account
@EPAScottPruitt
about to get all tweets newer than ID #933780199870787584 for account
@WhiteHouse
ERROR: unable to get tweets for account @WhiteHouse
           the system said: Failed to parse JSON payload: Unterminated string
starting at: line 1 column 508812 (char 508811)
about to get all tweets newer than ID #933749689714991105 for account
@TomBossert45
ERROR: unable to get tweets for account @TomBossert45
           the system said: Failed to parse JSON payload: Unterminated string
starting at: line 1 column 502645 (char 502644)
about to get all tweets newer than ID #816846808789958656 for account
@SenDanCoats
about to get all tweets newer than ID #795981284761894912 for account
@MELANIATRUMP
about to get all tweets newer than ID #933730630407507968 for account
@SecShulkin
about to get all tweets newer than ID #933696660034560000 for account
@SecretaryPerry
ERROR: unable to get tweets for account @SecretaryPerry
           the system said: Failed to parse JSON payload: Expecting ':'
delimiter: line 1 column 506005 (char 506004)
about to get all tweets newer than ID #933719982072049669 for account @VP
about to get all tweets newer than ID #898401955847876608 for account
@Linda_McMahon
about to get all tweets newer than ID #933495974516928517 for account
@IvankaTrump
about to get all tweets newer than ID #933745683550662657 for account
@StephGrisham45
about to get all tweets newer than ID #824610180881117184 for account
@GovPenceIN
ERROR: unable to get tweets for account @GovPenceIN
           the system said: Failed to parse JSON payload: Unterminated string
starting at: line 1 column 504541 (char 504540)
about to get all tweets newer than ID #856041462164836355 for account
@FirstLadyIN
about to get all tweets newer than ID #836780744810844161 for account
@StephenMillerAL
about to get all tweets newer than ID #933541070192902145 for account
@DanScavino
ERROR: unable to get tweets for account @DanScavino
           the system said: Failed to parse JSON payload: Unterminated string
starting at: line 1 column 506995 (char 506994)
about to get all tweets newer than ID #933733277701148672 for account
@SecondLady
about to get all tweets newer than ID #933707283942596615 for account
@KellyannePolls
about to get all tweets newer than ID #933715491360837632 for account
@SpeakerRyan
ERROR: unable to get tweets for account @SpeakerRyan
           the system said: Failed to send request:
HTTPSConnectionPool(host='api.twitter.com', port=443): Read timed out.
about to get all tweets newer than ID #933725408738140160 for account @POTUS
getting all tweets before ID #926239409686634500
    ...400 tweets downloaded so far


New tweet from POTUS: RT @Scavino45: .@POTUS @realDonaldTrump and @FLOTUS
Melania visit the @USCG, Lake Worth Inlet in Riviera Beach, Florida on
#Thanksgiving Da…

archiving URL http://twitter.com/POTUS/status/933831038454857733
    ... archiving using prefix http://web.archive.org/save/
about to get all tweets newer than ID #933421378233094151 for account
@nikkihaley

archiving URL https://twitter.com/POTUS/status/933831038454857733
    ... archiving using prefix http://web.archive.org/save/
ERROR: unable to get tweets for account @nikkihaley
           the system said: Failed to parse JSON payload: Unterminated string
starting at: line 1 column 508932 (char 508931)
about to get all tweets newer than ID #-1 for account @jaredkushner
about to get all tweets newer than ID #928306806681735168 for account
@BetsyDeVosED


New tweet from POTUS: RT @Scavino45: .@POTUS @realDonaldTrump speaks with and
offers a special thanks to groups of U.S. Service members via a Thanksgiving Day
 te…

archiving URL http://twitter.com/POTUS/status/933831047858479104
    ... archiving using prefix http://web.archive.org/save/

archiving URL https://twitter.com/POTUS/status/933831047858479104
    ... archiving using prefix http://web.archive.org/save/


New tweet from POTUS: RT @FLOTUS: Thrilled to spend part of our Thanksgiving w
 the local Coast Guard station in Florida. Thank you to all members of the
military…

archiving URL http://twitter.com/POTUS/status/933831117177749504
    ... archiving using prefix http://web.archive.org/save/
about to get all tweets newer than ID #933782244166008832 for account @PressSec

archiving URL https://twitter.com/POTUS/status/933831117177749504
    ... archiving using prefix http://web.archive.org/save/


New tweet from POTUS: RT @realDonaldTrump: My great honor to join our
incredible men and women of the @USCG, at the Lake Worth Inlet Station, in
Riviera Beach, F…

archiving URL http://twitter.com/POTUS/status/933831240909774848
    ... archiving using prefix http://web.archive.org/save/
about to get all tweets newer than ID #933722580791345152 for account @PRyan
about to get all tweets newer than ID #832282841471918080 for account
@BetsyDeVos

archiving URL https://twitter.com/POTUS/status/933831240909774848
    ... archiving using prefix http://web.archive.org/save/
about to get all tweets newer than ID #933722214108672001 for account @SBALinda
ERROR: unable to get tweets for account @SBALinda
           the system said: Failed to parse JSON payload: Expecting ','
delimiter: line 1 column 679805 (char 679804)
about to get all tweets newer than ID #867385249340297217 for account
@RealBenCarson
about to get all tweets newer than ID #933651543521447936 for account
@SecretaryAcosta
about to get all tweets newer than ID #933055817535885313 for account
@MickMulvaneyOMB
about to get all tweets newer than ID #933741073461137409 for account
@stevenmnuchin1
about to get all tweets newer than ID #933734836967297026 for account
@seanspicer
getting all tweets before ID #909651913406218239
ERROR: unable to get tweets for account @seanspicer
           the system said: Failed to send request: ('Connection aborted.',
ConnectionResetError(104, 'Connection reset by peer'))
about to get all tweets newer than ID #929769209055338496 for account
@GovernorPerry
about to get all tweets newer than ID #933720598383026176 for account
@realDonaldTrump
getting all tweets before ID #925005659569041408
    ...400 tweets downloaded so far


New tweet from realDonaldTrump: My great honor to join our incredible men and
women of the @USCG, at the Lake Worth Inlet Station, in Riviera Beach…
https://t.co/x3XZJA9DiF

archiving URL http://twitter.com/realDonaldTrump/status/933831194558582784
    ... archiving using prefix http://web.archive.org/save/
about to get all tweets newer than ID #933800512432082947 for account
@SecretarySonny
WARNING: attempt to archive timed out, sleeping for 10 seconds
ERROR: unable to get tweets for account @SecretarySonny
           the system said: Failed to send request:
HTTPSConnectionPool(host='api.twitter.com', port=443): Max retries exceeded with
 url: /1.1/statuses/user_timeline.json?count=200&screen_name=SecretarySonny
(Caused by NewConnectionError('<requests.packages.urllib3.connection.VerifiedHTT
PSConnection object at 0xb68d8cac>: Failed to establish a new connection: [Errno
 -2] Name or service not known',))
about to get all tweets newer than ID #933770940269383680 for account @Scavino45

archiving URL https://twitter.com/realDonaldTrump/status/933831194558582784
    ... archiving using prefix http://web.archive.org/save/
ERROR: unable to get tweets for account @Scavino45
           the system said: Failed to send request:
HTTPSConnectionPool(host='api.twitter.com', port=443): Read timed out.
about to get all tweets newer than ID #930982584649175047 for account
@mike_pence
ERROR: unable to get tweets for account @mike_pence
           the system said: Failed to send request: EOF occurred in violation of
 protocol (_ssl.c:600)
... OK, we're set up, and about to watch 829782369670410240, 105267762,
24578794, 892173412818354177, 836724024688410625, 798195585824104449,
809836066316451840, 827258161841135623, 6577802, 803703725730779136,
836305915452272641, 818876014390603776, 828613457020870657, 296060169,
826065858548133888, 20733972, 832672006113931269, 822215673812119553,
866746592853979137, 212262370, 108471631, 831482588246196225,
830128820447539208, 818910970567344128, 65522706, 52544275, 823638938590085124,
15985455, 1923451808, 728361177986797568, 620571475, 822127086194348032,
471672239, 18916432, 822215679726100480, 37666984, 29547260, 828997388920619008,
 818927131883356161, 733751245, 599530439, 819992522109894658, 1180379185,
819980276570976256, 888031054141022209, 799764016885329921, 20776147, 18906561,
25073877, 842072478834909184, 823367015830323201, 22203756
