Beginning of a log file: "Fascist Tweet Archiver".
System info: posix.uname_result(sysname='Linux', nodename='file-server', release='3.16.0-4-686-pae', version='#1 SMP Debian 3.16.43-2+deb8u3 (2017-08-15)', machine='i686')
Log started 2017-09-13 12:26:05.471159



INFO: read target account data; we're tracking 52 accounts
WARNING: no ProtocolError (got exception "name 'ProtocolError' is not defined");
 trying requests.packages.urllib3.exceptions instead
NOTE: successfully imported from requests
Starting up...
about to get all tweets newer than ID #908007383330418689 for account
@BetsyDeVosED
about to get all tweets newer than ID #907790607871086593 for account @PressSec
about to get all tweets newer than ID #907959566075355136 for account
@IvankaTrumpHQ
about to get all tweets newer than ID #907699079634964482 for account @Scavino45
about to get all tweets newer than ID #907946177022369792 for account
@realDonaldTrump
about to get all tweets newer than ID #908000080858361856 for account
@AshLeeStrong
about to get all tweets newer than ID #903694300306923521 for account
@SecElaineChao
about to get all tweets newer than ID #856041462164836355 for account
@FirstLadyIN
about to get all tweets newer than ID #907980802163658752 for account
@KellyannePolls
about to get all tweets newer than ID #907682219677900800 for account @FLOTUS
about to get all tweets newer than ID #907306884293697536 for account
@SecretaryCarson
about to get all tweets newer than ID #898632795517403136 for account
@GeneralJFKellly
about to get all tweets newer than ID #908043154154311680 for account @VP
about to get all tweets newer than ID #907791732250738688 for account
@StephGrisham45
about to get all tweets newer than ID #908033298537910272 for account
@WhiteHouse
about to get all tweets newer than ID #836780744810844161 for account
@StephenMillerAL
about to get all tweets newer than ID #908010353983983616 for account
@IvankaTrump
about to get all tweets newer than ID #900176895505043457 for account
@mike_pence
about to get all tweets newer than ID #832282841471918080 for account
@BetsyDeVos
about to get all tweets newer than ID #890659905798983680 for account @Reince45
about to get all tweets newer than ID #908028283224240138 for account
@SecShulkin
about to get all tweets newer than ID #875771618638917632 for account
@SecretaryRoss
about to get all tweets newer than ID #907759689244581894 for account
@SecretarySonny
about to get all tweets newer than ID #907972681387180032 for account
@SecondLady
about to get all tweets newer than ID #908046499262627840 for account
@SecretaryAcosta
about to get all tweets newer than ID #867385249340297217 for account
@RealBenCarson
about to get all tweets newer than ID #908046848891478017 for account
@SecretaryPerry
about to get all tweets newer than ID #907986637463924736 for account @SBALinda
about to get all tweets newer than ID #907699121657716739 for account @POTUS
about to get all tweets newer than ID #907998760457793536 for account
@seanspicer
about to get all tweets newer than ID #898401955847876608 for account
@Linda_McMahon
about to get all tweets newer than ID #890345975247753216 for account @Reince
about to get all tweets newer than ID #816846808789958656 for account
@SenDanCoats
about to get all tweets newer than ID #907990623344627712 for account
@JessicaDitto45
about to get all tweets newer than ID #-1 for account @ElaineChao
about to get all tweets newer than ID #816290296048873472 for account
@WilburRoss
about to get all tweets newer than ID #908035567593586688 for account
@SecPriceMD
about to get all tweets newer than ID #830074939298414592 for account
@RepTomPrice
about to get all tweets newer than ID #907832213764538373 for account
@TomBossert45
about to get all tweets newer than ID #908019306109313024 for account @PRyan
about to get all tweets newer than ID #907728330966933504 for account
@nikkihaley
about to get all tweets newer than ID #-1 for account @jaredkushner
about to get all tweets newer than ID #906086426386853888 for account
@DanScavino
about to get all tweets newer than ID #906521136531492870 for account
@MickMulvaneyOMB
about to get all tweets newer than ID #907598207961767936 for account
@stevenmnuchin1
about to get all tweets newer than ID #795981284761894912 for account
@MELANIATRUMP
about to get all tweets newer than ID #908043177575186433 for account
@SpeakerRyan
about to get all tweets newer than ID #824610180881117184 for account
@GovPenceIN
about to get all tweets newer than ID #907730684671905792 for account
@EPAScottPruitt
about to get all tweets newer than ID #908020589222342656 for account
@Scaramucci
getting all tweets before ID #887121274027347967
    ...398 tweets downloaded so far
about to get all tweets newer than ID #907982250574270464 for account
@SecretaryZinke
New tweet from Scaramucci: RT @ScaramucciPost: Which account should be the
second account the @ScaramucciPost follows? @realDonaldTrump @mets @cnn @FoxNews

archiving URL http://twitter.com/Scaramucci/status/908049095146790915
    ... archiving using prefix http://web.archive.org/save/
about to get all tweets newer than ID #904032783621816321 for account
@GovernorPerry

archiving URL https://twitter.com/Scaramucci/status/908049095146790915
    ... archiving using prefix http://web.archive.org/save/
... OK, we're set up, and about to watch 828997388920619008, 818927131883356161,
 798195585824104449, 823367015830323201, 25073877, 296060169,
826065858548133888, 1923451808, 471672239, 818876014390603776,
828613457020870657, 892173412818354177, 818910970567344128, 823638938590085124,
822215673812119553, 728361177986797568, 52544275, 22203756, 599530439,
803703725730779136, 831482588246196225, 836305915452272641, 842072478834909184,
822127086194348032, 819980276570976256, 1180379185, 830128820447539208,
819992522109894658, 822215679726100480, 20776147, 65522706, 20733972, 212262370,
 836724024688410625, 105267762, 809836066316451840, 829782369670410240, 6577802,
 866746592853979137, 733751245, 37666984, 29547260, 620571475,
888031054141022209, 799764016885329921, 108471631, 18916432, 15985455,
832672006113931269, 24578794, 827258161841135623, 18906561
New tweet from IvankaTrumpHQ: @erikasovacool Never!

archiving URL http://twitter.com/IvankaTrumpHQ/status/908052838735122432
    ... archiving using prefix http://web.archive.org/save/

archiving URL https://twitter.com/IvankaTrumpHQ/status/908052838735122432
    ... archiving using prefix http://web.archive.org/save/
New tweet from SecretaryPerry: RT @ENERGY: ANNOUNCED TODAY: Funding for 54 new
projects to bring promising #NationalLab energy tech to the marketplace faster…

archiving URL http://twitter.com/SecretaryPerry/status/908056604737765376
    ... archiving using prefix http://web.archive.org/save/

archiving URL https://twitter.com/SecretaryPerry/status/908056604737765376
    ... archiving using prefix http://web.archive.org/save/
New tweet from SecretaryZinke: RT @davidwebbshow: My conversation with
@SecretaryZinke on Interior relief efforts in helping out with #HurricaneHarvey


@SiriusXMPatriot c…

archiving URL http://twitter.com/SecretaryZinke/status/908056910015889409
    ... archiving using prefix http://web.archive.org/save/

archiving URL https://twitter.com/SecretaryZinke/status/908056910015889409
    ... archiving using prefix http://web.archive.org/save/
New tweet from stevenmnuchin1: Im on @SpecialReport w/ @BretBaier at 6pm
discussing the need for #TaxReform for all #Americans. It is critical for…
https://t.co/5IWy82laQB

archiving URL http://twitter.com/stevenmnuchin1/status/908059245735706624
    ... archiving using prefix http://web.archive.org/save/

archiving URL https://twitter.com/stevenmnuchin1/status/908059245735706624
    ... archiving using prefix http://web.archive.org/save/
New tweet from Scaramucci: RT @TheEconomist: Islamic State have lost 90% of
their “caliphate” in Iraq and 85% of their territory in Syria
https://t.co/bdX3PHKqbr

archiving URL http://twitter.com/Scaramucci/status/908059945530155008
    ... archiving using prefix http://web.archive.org/save/

archiving URL https://twitter.com/Scaramucci/status/908059945530155008
    ... archiving using prefix http://web.archive.org/save/
New tweet from WhiteHouse: RT @fema: With power outages and lack of air
conditioning due to #Irma, be sure to check on your neighbors—especially those
w…

archiving URL http://twitter.com/WhiteHouse/status/908062985008107521
    ... archiving using prefix http://web.archive.org/save/

archiving URL https://twitter.com/WhiteHouse/status/908062985008107521
    ... archiving using prefix http://web.archive.org/save/
New tweet from BetsyDeVosED: Devastated to hear about the shooting
@SpokaneSchools Freeman HS. Praying for the victims, their loved ones &amp; the
entire community.

archiving URL http://twitter.com/BetsyDeVosED/status/908063553160142848
    ... archiving using prefix http://web.archive.org/save/

archiving URL https://twitter.com/BetsyDeVosED/status/908063553160142848
    ... archiving using prefix http://web.archive.org/save/
New tweet from nikkihaley: Since August 25, more than 370,000 of Burma's
Rohingya population has been forced to flee. #CrisisInBurma
https://t.co/c6mwMDY8hc

archiving URL http://twitter.com/nikkihaley/status/908068166676480000
    ... archiving using prefix http://web.archive.org/save/

archiving URL https://twitter.com/nikkihaley/status/908068166676480000
    ... archiving using prefix http://web.archive.org/save/
New tweet from SecretarySonny: In #USVirginIslands, many folks in shelters post
#Irma can't store food. @USDANutrition SNAP waivers for hot food.
https://t.co/UrfwyCaA0H

archiving URL http://twitter.com/SecretarySonny/status/908068440992358400
    ... archiving using prefix http://web.archive.org/save/

archiving URL https://twitter.com/SecretarySonny/status/908068440992358400
    ... archiving using prefix http://web.archive.org/save/
New tweet from SpeakerRyan: This week the House is going to vote on all of the
Appropriations bills before the fiscal year deadline. https://t.co/myWoHc8rG9

archiving URL http://twitter.com/SpeakerRyan/status/908068617903898625
    ... archiving using prefix http://web.archive.org/save/

archiving URL https://twitter.com/SpeakerRyan/status/908068617903898625
    ... archiving using prefix http://web.archive.org/save/
New tweet from nikkihaley: If the reports of killings, rapes and landmines are
true, these are egregious and unacceptable acts. #CrisisInBurma
https://t.co/cgy1lhq0Sx

archiving URL http://twitter.com/nikkihaley/status/908069564730224641
    ... archiving using prefix http://web.archive.org/save/

archiving URL https://twitter.com/nikkihaley/status/908069564730224641
    ... archiving using prefix http://web.archive.org/save/
New tweet from SecretarySonny: Special @USDA assistance for damage, lost crops
or livestock due to #Harvey &amp; #Irma. Flexibility for @usdafsa loans…
https://t.co/rT5DXQlEYa

archiving URL http://twitter.com/SecretarySonny/status/908071048616316928
    ... archiving using prefix http://web.archive.org/save/

archiving URL https://twitter.com/SecretarySonny/status/908071048616316928
    ... archiving using prefix http://web.archive.org/save/
New tweet from nikkihaley: @UN Human Rights Chief on what’s happening in
Rakhine: "The situation seems like a textbook example of ethnic clean…
https://t.co/ikiFC7YW1t

archiving URL http://twitter.com/nikkihaley/status/908071273900670976
    ... archiving using prefix http://web.archive.org/save/

archiving URL https://twitter.com/nikkihaley/status/908071273900670976
    ... archiving using prefix http://web.archive.org/save/
INFO: We're handling a deletion notification for tweet ID# 908071273900670976 on
 account nikkihaley
... adding to list of deleted tweets
... but we're not going to tweet about it because nikkihaley is not in the list
of accounts we tweet about
New tweet from nikkihaley: .@UN Human Rights Chief on what’s happening in
Rakhine: "The situation seems like a textbook example of ethnic clea…
https://t.co/hYVbdXyxcg

archiving URL http://twitter.com/nikkihaley/status/908072491180052481
    ... archiving using prefix http://web.archive.org/save/

archiving URL https://twitter.com/nikkihaley/status/908072491180052481
    ... archiving using prefix http://web.archive.org/save/
New tweet from nikkihaley: Burmese security forces must respect human rights and
 fundamental freedoms of civilians in Rakhine State.… https://t.co/XxAB001kow

archiving URL http://twitter.com/nikkihaley/status/908074117534044162
    ... archiving using prefix http://web.archive.org/save/

archiving URL https://twitter.com/nikkihaley/status/908074117534044162
    ... archiving using prefix http://web.archive.org/save/
INFO: We're handling a deletion notification for tweet ID# 908074117534044162 on
 account nikkihaley
... adding to list of deleted tweets
... but we're not going to tweet about it because nikkihaley is not in the list
of accounts we tweet about
New tweet from nikkihaley: Burmese security forces must respect the human rights
 and fundamental freedoms of civilians in Rakhine State. https://t.co/1lRh6X3Fnq

archiving URL http://twitter.com/nikkihaley/status/908075290223628288
    ... archiving using prefix http://web.archive.org/save/

archiving URL https://twitter.com/nikkihaley/status/908075290223628288
    ... archiving using prefix http://web.archive.org/save/
INFO: We're handling a deletion notification for tweet ID# 908075290223628288 on
 account nikkihaley
... adding to list of deleted tweets
... but we're not going to tweet about it because nikkihaley is not in the list
of accounts we tweet about
New tweet from nikkihaley: Burmese security forces must respect the human rights
 and fundamental freedoms of civilians in Rakhine State.…
https://t.co/kX6jdY2QwN

archiving URL http://twitter.com/nikkihaley/status/908075429092884482
    ... archiving using prefix http://web.archive.org/save/

archiving URL https://twitter.com/nikkihaley/status/908075429092884482
    ... archiving using prefix http://web.archive.org/save/
New tweet from nikkihaley: We need to see the restoration of @UN humanitarian
agency access in Rakhine State. #CrisisInBurma https://t.co/tmh9Sg6LMA

archiving URL http://twitter.com/nikkihaley/status/908077046819147778
    ... archiving using prefix http://web.archive.org/save/

archiving URL https://twitter.com/nikkihaley/status/908077046819147778
    ... archiving using prefix http://web.archive.org/save/
New tweet from nikkihaley: We thank Bangladesh for hosting hundreds of thousands
 of refugees, fleeing violence, with nowhere to go.… https://t.co/XHUb3XXt9z

archiving URL http://twitter.com/nikkihaley/status/908080142752378881
    ... archiving using prefix http://web.archive.org/save/

archiving URL https://twitter.com/nikkihaley/status/908080142752378881
    ... archiving using prefix http://web.archive.org/save/
New tweet from SpeakerRyan: That sounds like a normal, no big deal thing, but
the truth is it has not been done in a long time. So the House is getting the
job done.

archiving URL http://twitter.com/SpeakerRyan/status/908080381211148288
    ... archiving using prefix http://web.archive.org/save/

archiving URL https://twitter.com/SpeakerRyan/status/908080381211148288
    ... archiving using prefix http://web.archive.org/save/
New tweet from SecShulkin: When it comes to preventing suicide, we will do all
we can to make it as easy as possible for #Veterans to reach us
https://t.co/RnqGYB04kE

archiving URL http://twitter.com/SecShulkin/status/908081357351518209
    ... archiving using prefix http://web.archive.org/save/

archiving URL https://twitter.com/SecShulkin/status/908081357351518209
    ... archiving using prefix http://web.archive.org/save/
New tweet from WhiteHouse: RT @CDCgov: Turn around, don’t drown! Avoid driving
through flooded areas and standing water. https://t.co/BIB4rh3nTb #Irma
https://t.co/Tj…

archiving URL http://twitter.com/WhiteHouse/status/908082111097315328
    ... archiving using prefix http://web.archive.org/save/

archiving URL https://twitter.com/WhiteHouse/status/908082111097315328
    ... archiving using prefix http://web.archive.org/save/
INFO: We're handling a deletion notification for tweet ID# 908080142752378881 on
 account nikkihaley
... adding to list of deleted tweets
... but we're not going to tweet about it because nikkihaley is not in the list
of accounts we tweet about
New tweet from nikkihaley: We thank Bangladesh for hosting hundreds of thousands
 of refugees, fleeing violence, with nowhere to go.… https://t.co/6pLujbzX9c

archiving URL http://twitter.com/nikkihaley/status/908082804298326016
    ... archiving using prefix http://web.archive.org/save/

archiving URL https://twitter.com/nikkihaley/status/908082804298326016
    ... archiving using prefix http://web.archive.org/save/
New tweet from nikkihaley: Today, the UN Security Council was united in calling
for an end to violence against innocent civilians in Rakhine State.
#CrisisInBurma

archiving URL http://twitter.com/nikkihaley/status/908084925957591041
    ... archiving using prefix http://web.archive.org/save/

archiving URL https://twitter.com/nikkihaley/status/908084925957591041
    ... archiving using prefix http://web.archive.org/save/
New tweet from seanspicer: RT @JimmyKimmelLive: So this is happening tonight...
@SeanSpicer #Kimmel https://t.co/UmqF6ffJjS

archiving URL http://twitter.com/seanspicer/status/908085555136565248
    ... archiving using prefix http://web.archive.org/save/

archiving URL https://twitter.com/seanspicer/status/908085555136565248
    ... archiving using prefix http://web.archive.org/save/
New tweet from WhiteHouse: RT @femaregion4: FL: While you are cleaning up from
#Irma be mindful of the heat. Take breaks, stay hydrated, &amp; check on
neighbors. https:/…

archiving URL http://twitter.com/WhiteHouse/status/908090163871481856
    ... archiving using prefix http://web.archive.org/save/

archiving URL https://twitter.com/WhiteHouse/status/908090163871481856
    ... archiving using prefix http://web.archive.org/save/
New tweet from SpeakerRyan: It's time to level the playing field, simplify the
code, and cut taxes so we can have more American success stories.
https://t.co/7R9mdj2DO1

archiving URL http://twitter.com/SpeakerRyan/status/908091451191562242
    ... archiving using prefix http://web.archive.org/save/

archiving URL https://twitter.com/SpeakerRyan/status/908091451191562242
    ... archiving using prefix http://web.archive.org/save/
New tweet from SecretaryPerry: RT @FrankKlotzNNSA: Today @Energy and #NNSA mourn
 the loss of former Sen Pete Domenici of NM--ardent champion of our
#NationalLabs, our…

archiving URL http://twitter.com/SecretaryPerry/status/908093639863259136
    ... archiving using prefix http://web.archive.org/save/

archiving URL https://twitter.com/SecretaryPerry/status/908093639863259136
    ... archiving using prefix http://web.archive.org/save/
INFO: We're handling a deletion notification for tweet ID# 908049095146790915 on
 account Scaramucci
ERROR: 
  Exception is:
<class 'ValueError'>
  Value of data is:
{'delete': {'status': {'id': 908049095146790915,
'id_str': '908049095146790915',
                       'user_id': 24578794,

                       'user_id_str': '24578794'},
            'timestamp_ms':
'1505341587916'}}
