Beginning of a log file: "Fascist Tweet Archiver".
System info: posix.uname_result(sysname='Linux', nodename='file-server', release='3.16.0-4-686-pae', version='#1 SMP Debian 3.16.43-2+deb8u3 (2017-08-15)', machine='i686')
Log started 2017-09-16 15:45:08.451412



INFO: read target account data; we're tracking 52 accounts
WARNING: no ProtocolError (got exception "name 'ProtocolError' is not defined");
 trying requests.packages.urllib3.exceptions instead
NOTE: successfully imported from requests
Starting up...
about to get all tweets newer than ID #816290296048873472 for account
@WilburRoss
about to get all tweets newer than ID #907972681387180032 for account
@SecondLady
about to get all tweets newer than ID #909153679642636289 for account
@WhiteHouse
about to get all tweets newer than ID #909052320503263233 for account
@EPAScottPruitt
about to get all tweets newer than ID #795981284761894912 for account
@MELANIATRUMP
about to get all tweets newer than ID #908798089246527488 for account
@SecPriceMD
about to get all tweets newer than ID #908795110732779521 for account @SBALinda
about to get all tweets newer than ID #-1 for account @jaredkushner
about to get all tweets newer than ID #908772157379014657 for account @PRyan
about to get all tweets newer than ID #908899672915312641 for account
@TomBossert45
about to get all tweets newer than ID #909168174897262593 for account
@SecretaryZinke
about to get all tweets newer than ID #-1 for account @ElaineChao
about to get all tweets newer than ID #909097916916129793 for account @VP
about to get all tweets newer than ID #908691528062767104 for account
@SecretaryCarson
about to get all tweets newer than ID #909185223887347712 for account
@realDonaldTrump
about to get all tweets newer than ID #908779957375119360 for account
@nikkihaley
about to get all tweets newer than ID #875771618638917632 for account
@SecretaryRoss
about to get all tweets newer than ID #908842843560665088 for account @POTUS
about to get all tweets newer than ID #836780744810844161 for account
@StephenMillerAL
about to get all tweets newer than ID #908046499262627840 for account
@SecretaryAcosta
about to get all tweets newer than ID #832282841471918080 for account
@BetsyDeVos
about to get all tweets newer than ID #908828741484281856 for account @FLOTUS
about to get all tweets newer than ID #909177384401764352 for account
@Scaramucci
about to get all tweets newer than ID #909136806637182977 for account
@SecretarySonny
about to get all tweets newer than ID #909172569177280512 for account @Scavino45
about to get all tweets newer than ID #867385249340297217 for account
@RealBenCarson
about to get all tweets newer than ID #909139399253921794 for account
@seanspicer
about to get all tweets newer than ID #909173054391095296 for account
@SpeakerRyan
about to get all tweets newer than ID #908451912768421888 for account
@stevenmnuchin1
about to get all tweets newer than ID #909073063941218306 for account
@JessicaDitto45
about to get all tweets newer than ID #856041462164836355 for account
@FirstLadyIN
about to get all tweets newer than ID #908861000085942272 for account
@BetsyDeVosED
about to get all tweets newer than ID #908752326785159168 for account
@IvankaTrumpHQ
about to get all tweets newer than ID #890345975247753216 for account @Reince
about to get all tweets newer than ID #904032783621816321 for account
@GovernorPerry
about to get all tweets newer than ID #898401955847876608 for account
@Linda_McMahon
about to get all tweets newer than ID #909168166751883266 for account @PressSec
about to get all tweets newer than ID #909157444177231879 for account
@KellyannePolls
about to get all tweets newer than ID #908765308227407872 for account
@IvankaTrump
about to get all tweets newer than ID #816846808789958656 for account
@SenDanCoats
about to get all tweets newer than ID #908903198076915712 for account
@DanScavino
about to get all tweets newer than ID #908847098656903168 for account
@StephGrisham45
about to get all tweets newer than ID #908804596386156548 for account
@SecShulkin
about to get all tweets newer than ID #906521136531492870 for account
@MickMulvaneyOMB
about to get all tweets newer than ID #903694300306923521 for account
@SecElaineChao
about to get all tweets newer than ID #830074939298414592 for account
@RepTomPrice
about to get all tweets newer than ID #898632795517403136 for account
@GeneralJFKellly
about to get all tweets newer than ID #900176895505043457 for account
@mike_pence
about to get all tweets newer than ID #890659905798983680 for account @Reince45
about to get all tweets newer than ID #909162087745802241 for account
@SecretaryPerry
about to get all tweets newer than ID #909160131023327234 for account
@AshLeeStrong
about to get all tweets newer than ID #824610180881117184 for account
@GovPenceIN
... OK, we're set up, and about to watch 809836066316451840, 822127086194348032,
 822215673812119553, 832672006113931269, 108471631, 829782369670410240,
819992522109894658, 29547260, 733751245, 866746592853979137, 827258161841135623,
 105267762, 818910970567344128, 828613457020870657, 25073877, 37666984,
836305915452272641, 822215679726100480, 728361177986797568, 819980276570976256,
599530439, 818876014390603776, 24578794, 842072478834909184, 823367015830323201,
 1180379185, 20776147, 18916432, 799764016885329921, 836724024688410625,
1923451808, 828997388920619008, 798195585824104449, 20733972, 18906561,
65522706, 818927131883356161, 471672239, 52544275, 212262370, 620571475,
823638938590085124, 831482588246196225, 888031054141022209, 826065858548133888,
6577802, 892173412818354177, 22203756, 803703725730779136, 830128820447539208,
296060169, 15985455
New tweet from realDonaldTrump: Attorney General Bill Shuette will be a
fantastic Governor for the great State of Michigan. I am bringing back your jobs
 and Bill will help!

archiving URL http://twitter.com/realDonaldTrump/status/909189931154771970
    ... archiving using prefix http://web.archive.org/save/

archiving URL https://twitter.com/realDonaldTrump/status/909189931154771970
    ... archiving using prefix http://web.archive.org/save/
New tweet from realDonaldTrump: I will be in Huntsville, Alabama, on Saturday
night to support Luther Strange for Senate. "Big Luther" is a great guy who gets
 things done!

archiving URL http://twitter.com/realDonaldTrump/status/909191177810915328
    ... archiving using prefix http://web.archive.org/save/

archiving URL https://twitter.com/realDonaldTrump/status/909191177810915328
    ... archiving using prefix http://web.archive.org/save/
New tweet from Scavino45: "@SenatorDole officially awarded the Congressional
Gold Medal"
https://t.co/kKVkNWksnK

archiving URL http://twitter.com/Scavino45/status/909193349722198017
    ... archiving using prefix http://web.archive.org/save/

archiving URL https://twitter.com/Scavino45/status/909193349722198017
    ... archiving using prefix http://web.archive.org/save/
New tweet from JessicaDitto45: RT @PressSec: Our position on the Paris agreement
 has not changed. @POTUS has been clear, US withdrawing unless we get pro-
America terms.

archiving URL http://twitter.com/JessicaDitto45/status/909199272666681345
    ... archiving using prefix http://web.archive.org/save/

archiving URL https://twitter.com/JessicaDitto45/status/909199272666681345
    ... archiving using prefix http://web.archive.org/save/
New tweet from JessicaDitto45: RT @realDonaldTrump: A great deal of good things
happening for our country. Jobs and Stock Market at all time highs, and I
believe will be…

archiving URL http://twitter.com/JessicaDitto45/status/909199390048473089
    ... archiving using prefix http://web.archive.org/save/

archiving URL https://twitter.com/JessicaDitto45/status/909199390048473089
    ... archiving using prefix http://web.archive.org/save/
New tweet from JessicaDitto45: RT @WhiteHouse: Americans need a tax code that is
 simple, fair, &amp; easy to understand so they can get their time &amp; money
back. More:…

archiving URL http://twitter.com/JessicaDitto45/status/909199397623418881
    ... archiving using prefix http://web.archive.org/save/

archiving URL https://twitter.com/JessicaDitto45/status/909199397623418881
    ... archiving using prefix http://web.archive.org/save/
New tweet from nikkihaley: It is a perfect night for Clemson football. Go
Tigers!!! #BeatLouisville https://t.co/WI4GVVGBP9

archiving URL http://twitter.com/nikkihaley/status/909199682370510852
    ... archiving using prefix http://web.archive.org/save/

archiving URL https://twitter.com/nikkihaley/status/909199682370510852
    ... archiving using prefix http://web.archive.org/save/
New tweet from DanScavino: RT @markets: What Is Trump worth to Twitter? One
analyst estimates $2 billion https://t.co/knniVpqr35 https://t.co/djkZiRk5nL

archiving URL http://twitter.com/DanScavino/status/909206114453086209
    ... archiving using prefix http://web.archive.org/save/

archiving URL https://twitter.com/DanScavino/status/909206114453086209
    ... archiving using prefix http://web.archive.org/save/
New tweet from DanScavino: RT @dcexaminer: Trump officially donates $1 million
to Harvey relief efforts https://t.co/SBIbxmZIPA https://t.co/K2HA7fYYaA

archiving URL http://twitter.com/DanScavino/status/909206534571352064
    ... archiving using prefix http://web.archive.org/save/

archiving URL https://twitter.com/DanScavino/status/909206534571352064
    ... archiving using prefix http://web.archive.org/save/
New tweet from Scavino45: Who takes care of the thousands of historic artifacts
@WhiteHouse, cataloguing and preserving everything? #Podcast
https://t.co/xoxTyAr0Un

archiving URL http://twitter.com/Scavino45/status/909209946595655680
    ... archiving using prefix http://web.archive.org/save/

archiving URL https://twitter.com/Scavino45/status/909209946595655680
    ... archiving using prefix http://web.archive.org/save/
New tweet from TomBossert45: RT @FEMA_Brock: Hurricane Irma: Faith groups hold
key roles in disaster recovery https://t.co/KvdSjNyIjp

archiving URL http://twitter.com/TomBossert45/status/909211135676682240
    ... archiving using prefix http://web.archive.org/save/

archiving URL https://twitter.com/TomBossert45/status/909211135676682240
    ... archiving using prefix http://web.archive.org/save/
New tweet from Scaramucci: RT @ScaramucciPost: Thank you.
https://t.co/bWrI0BqNQJ

archiving URL http://twitter.com/Scaramucci/status/909211703069609984
    ... archiving using prefix http://web.archive.org/save/

archiving URL https://twitter.com/Scaramucci/status/909211703069609984
    ... archiving using prefix http://web.archive.org/save/
New tweet from Scavino45: #USAatUNGA #UNGA
https://t.co/AeHKDKkXz4

archiving URL http://twitter.com/Scavino45/status/909222159171678212
    ... archiving using prefix http://web.archive.org/save/

archiving URL https://twitter.com/Scavino45/status/909222159171678212
    ... archiving using prefix http://web.archive.org/save/
New tweet from AshLeeStrong: How has it been a year? I remember last year's Fall
 Fest like it was yesterday... #wi01 #wipol https://t.co/BcdfD0LgdP

archiving URL http://twitter.com/AshLeeStrong/status/909229459496214530
    ... archiving using prefix http://web.archive.org/save/

archiving URL https://twitter.com/AshLeeStrong/status/909229459496214530
    ... archiving using prefix http://web.archive.org/save/
New tweet from AshLeeStrong: RT @hollykmichels: Snow snow snow snow snow snow
snow snow #montana #mtwx https://t.co/rjByIXILvi https://t.co/FwzIcvKy2f

archiving URL http://twitter.com/AshLeeStrong/status/909230955507867648
    ... archiving using prefix http://web.archive.org/save/

archiving URL https://twitter.com/AshLeeStrong/status/909230955507867648
    ... archiving using prefix http://web.archive.org/save/
New tweet from Scavino45: Who is the #1 'WHO TO FOLLOW' Twitter recommendation
for @realDonaldTrump, on his feed? Will share on Monday!

archiving URL http://twitter.com/Scavino45/status/909254008275169280
    ... archiving using prefix http://web.archive.org/save/

archiving URL https://twitter.com/Scavino45/status/909254008275169280
    ... archiving using prefix http://web.archive.org/save/
New tweet from Scavino45: @realDonaldTrump To clarify⬆️⬆️who is it that TWITTER
is recommending for @realDonaldTrump to follow, in their 'who…
https://t.co/unLUCZoLlP

archiving URL http://twitter.com/Scavino45/status/909259232511512576
    ... archiving using prefix http://web.archive.org/save/

archiving URL https://twitter.com/Scavino45/status/909259232511512576
    ... archiving using prefix http://web.archive.org/save/
New tweet from Scavino45: @annakatherineal @ScaramucciPost .@Scaramucci, umm
nope. Not my first poll &amp; can honestly say - had no clue about S…
https://t.co/7KLKLBL9yP

archiving URL http://twitter.com/Scavino45/status/909272536143339521
    ... archiving using prefix http://web.archive.org/save/

archiving URL https://twitter.com/Scavino45/status/909272536143339521
    ... archiving using prefix http://web.archive.org/save/
New tweet from Scavino45: RT @Scavino45: @annakatherineal @ScaramucciPost
.@Scaramucci, umm nope. Not my first poll &amp; can honestly say - had no clue
about S…

archiving URL http://twitter.com/Scavino45/status/909272767270354944
    ... archiving using prefix http://web.archive.org/save/

archiving URL https://twitter.com/Scavino45/status/909272767270354944
    ... archiving using prefix http://web.archive.org/save/
INFO: We're handling a deletion notification for tweet ID# 909272767270354944 on
 account Scavino45
ERROR: 
  Exception is:
<class 'ValueError'>
  Value of data is:
{'delete': {'status': {'id': 909272767270354944,
'id_str': '909272767270354944',
                       'user_id':
823367015830323201,
                       'user_id_str': '823367015830323201'},

            'timestamp_ms': '1505622894140'}}
