Hello, traveler. This is the beginning of a log file called: "Fascist Tweet Archiver".
Some basic system info about the host machine: posix.uname_result(sysname='Linux', nodename='file-server', release='3.16.0-4-686-pae', version='#1 SMP Debian 3.16.43-2+deb8u5 (2017-09-19)', machine='i686')
This log was begun Saturday, 09 December 2017 at 11:43



INFO: read target account data; we're tracking 52 accounts
WARNING: no ProtocolError (got exception "name 'ProtocolError' is not defined");
 trying requests.packages.urllib3.exceptions instead
NOTE: successfully imported from requests
Starting up...
about to get all tweets newer than ID #939560154269405184 for account
@realDonaldTrump
getting all tweets before ID #930304414564351999
ERROR: unable to get tweets for account @realDonaldTrump
           the system said: Failed to parse JSON payload: Unterminated string
starting at: line 1 column 501620 (char 501619)
about to get all tweets newer than ID #939258088200261632 for account
@nikkihaley
about to get all tweets newer than ID #-1 for account @jaredkushner
about to get all tweets newer than ID #939553534520983553 for account
@SecShulkin
about to get all tweets newer than ID #939227910526906368 for account
@JessicaDitto45
getting all tweets before ID #925121330680422399
ERROR: unable to get tweets for account @JessicaDitto45
           the system said: Failed to parse JSON payload: Unterminated string
starting at: line 1 column 507848 (char 507847)
about to get all tweets newer than ID #824610180881117184 for account
@GovPenceIN
about to get all tweets newer than ID #830074939298414592 for account
@RepTomPrice
about to get all tweets newer than ID #816290296048873472 for account
@WilburRoss
about to get all tweets newer than ID #913881045652688901 for account
@SecPriceMD
about to get all tweets newer than ID #934590789518286848 for account
@MickMulvaneyOMB
about to get all tweets newer than ID #939152289587228672 for account @Reince
about to get all tweets newer than ID #930982584649175047 for account
@mike_pence
ERROR: unable to get tweets for account @mike_pence
           the system said: Failed to parse JSON payload: Expecting ':'
delimiter: line 1 column 509277 (char 509276)
about to get all tweets newer than ID #939155810277642240 for account
@TomBossert45
about to get all tweets newer than ID #836780744810844161 for account
@StephenMillerAL
about to get all tweets newer than ID #923261387434012672 for account
@SecretaryRoss
about to get all tweets newer than ID #816846808789958656 for account
@SenDanCoats
about to get all tweets newer than ID #939174898253131778 for account
@AshLeeStrong
about to get all tweets newer than ID #939268060816351232 for account
@SecondLady
about to get all tweets newer than ID #890659905798983680 for account @Reince45
about to get all tweets newer than ID #939230362995183617 for account
@SecretaryCarson
about to get all tweets newer than ID #939560256593645568 for account @POTUS
about to get all tweets newer than ID #938865975038038016 for account @SBALinda
about to get all tweets newer than ID #939520024926187520 for account
@Scaramucci
getting all tweets before ID #928070052817063937
ERROR: unable to get tweets for account @Scaramucci
           the system said: Failed to send request:
HTTPSConnectionPool(host='api.twitter.com', port=443): Read timed out.
about to get all tweets newer than ID #832282841471918080 for account
@BetsyDeVos
about to get all tweets newer than ID #867385249340297217 for account
@RealBenCarson
about to get all tweets newer than ID #939257995644624897 for account
@IvankaTrump
about to get all tweets newer than ID #939524375384088579 for account
@SpeakerRyan
about to get all tweets newer than ID #939306156056563712 for account
@EPAScottPruitt
about to get all tweets newer than ID #939505195381350401 for account
@DanScavino
about to get all tweets newer than ID #937288216935387136 for account
@GovernorPerry
about to get all tweets newer than ID #939522329322967040 for account @FLOTUS
about to get all tweets newer than ID #937834988392931329 for account
@stevenmnuchin1
ERROR: unable to get tweets for account @stevenmnuchin1
           the system said: Failed to parse JSON payload: Unterminated string
starting at: line 1 column 678811 (char 678810)
about to get all tweets newer than ID #938052857873555456 for account
@IvankaTrumpHQ
about to get all tweets newer than ID #939565386198142977 for account
@WhiteHouse
about to get all tweets newer than ID #903694300306923521 for account
@SecElaineChao
about to get all tweets newer than ID #856041462164836355 for account
@FirstLadyIN
about to get all tweets newer than ID #939268759449145344 for account @VP
about to get all tweets newer than ID #898632795517403136 for account
@GeneralJFKellly
ERROR: unable to get tweets for account @GeneralJFKellly
           the system said: Not authorized.
about to get all tweets newer than ID #898401955847876608 for account
@Linda_McMahon
about to get all tweets newer than ID #939141525874802689 for account
@SecretaryAcosta
about to get all tweets newer than ID #939560545426071552 for account @Scavino45
getting all tweets before ID #931473075622830081
    ...400 tweets downloaded so far
about to get all tweets newer than ID #939528299470118912 for account
@seanspicer


New tweet from Scavino45: RT @realDonaldTrump: Have a great game today,
@USArmy and @USNavy - I will be watching. 

We love our U.S. Military. On behalf
 of an entire…

archiving URL http://twitter.com/Scavino45/status/939565432092155906
    ... archiving using prefix http://web.archive.org/save/

archiving URL https://twitter.com/Scavino45/status/939565432092155906
    ... archiving using prefix http://web.archive.org/save/
about to get all tweets newer than ID #939522709020700672 for account
@StephGrisham45
ERROR: unable to get tweets for account @StephGrisham45
           the system said: Failed to parse JSON payload: Expecting ':'
delimiter: line 1 column 503052 (char 503051)
about to get all tweets newer than ID #-1 for account @ElaineChao
about to get all tweets newer than ID #939514128514928646 for account
@BetsyDeVosED
ERROR: unable to get tweets for account @BetsyDeVosED
           the system said: Failed to send request:
HTTPSConnectionPool(host='api.twitter.com', port=443): Read timed out.
about to get all tweets newer than ID #939278924261003264 for account @PRyan
ERROR: unable to get tweets for account @PRyan
           the system said: Failed to parse JSON payload: Unterminated string
starting at: line 1 column 503098 (char 503097)
about to get all tweets newer than ID #939351851765522432 for account
@KellyannePolls
about to get all tweets newer than ID #795981284761894912 for account
@MELANIATRUMP
about to get all tweets newer than ID #939499208549306369 for account
@SecretaryPerry
about to get all tweets newer than ID #939572506477891584 for account @PressSec
ERROR: unable to get tweets for account @PressSec
           the system said: Failed to parse JSON payload: Unterminated string
starting at: line 1 column 505225 (char 505224)
about to get all tweets newer than ID #939261618629816320 for account
@SecretaryZinke
ERROR: unable to get tweets for account @SecretaryZinke
           the system said: Failed to parse JSON payload: Unterminated string
starting at: line 1 column 503814 (char 503813)
about to get all tweets newer than ID #939502594178932736 for account
@SecretarySonny
ERROR: unable to get tweets for account @SecretarySonny
           the system said: Failed to parse JSON payload: Unterminated string
starting at: line 1 column 508932 (char 508931)
... OK, we're set up, and about to watch 25073877, 37666984, 29547260,
831482588246196225, 836724024688410625, 15985455, 6577802, 809836066316451840,
829782369670410240, 888031054141022209, 20733972, 22203756, 866746592853979137,
728361177986797568, 836305915452272641, 212262370, 296060169,
822127086194348032, 803703725730779136, 828613457020870657, 822215679726100480,
819992522109894658, 24578794, 599530439, 1180379185, 52544275, 18916432,
832672006113931269, 620571475, 18906561, 818876014390603776, 799764016885329921,
 798195585824104449, 822215673812119553, 826065858548133888, 1923451808,
818910970567344128, 892173412818354177, 65522706, 819980276570976256,
823367015830323201, 20776147, 823638938590085124, 105267762, 828997388920619008,
 733751245, 471672239, 108471631, 830128820447539208, 818927131883356161,
827258161841135623, 842072478834909184
WARNING: received error ('Connection broken: IncompleteRead(0 bytes read, 512
more expected)', IncompleteRead(0 bytes read, 512 more expected)); sleeping and
trying again ...
WARNING: received error ('Connection broken: IncompleteRead(0 bytes read, 512
more expected)', IncompleteRead(0 bytes read, 512 more expected)); sleeping and
trying again ...
WARNING: received error ('Connection broken: IncompleteRead(0 bytes read, 512
more expected)', IncompleteRead(0 bytes read, 512 more expected)); sleeping and
trying again ...
WARNING: received error ('Connection broken: IncompleteRead(0 bytes read, 512
more expected)', IncompleteRead(0 bytes read, 512 more expected)); sleeping and
trying again ...
WARNING: received error ('Connection broken: IncompleteRead(0 bytes read, 512
more expected)', IncompleteRead(0 bytes read, 512 more expected)); sleeping and
trying again ...
