Hello, traveler. This is the beginning of a log file called: "Fascist Tweet Archiver".
Some basic system info about the host machine: posix.uname_result(sysname='Linux', nodename='file-server', release='3.16.0-4-686-pae', version='#1 SMP Debian 3.16.43-2+deb8u5 (2017-09-19)', machine='i686')
This log was begun Saturday, 28 October 2017 at 02:35



INFO: read target account data; we're tracking 52 accounts
WARNING: no ProtocolError (got exception "name 'ProtocolError' is not defined");
 trying requests.packages.urllib3.exceptions instead
NOTE: successfully imported from requests
Starting up...
about to get all tweets newer than ID #795981284761894912 for account
@MELANIATRUMP
about to get all tweets newer than ID #898401955847876608 for account
@Linda_McMahon
about to get all tweets newer than ID #923987250521788417 for account
@IvankaTrump
about to get all tweets newer than ID #816290296048873472 for account
@WilburRoss
about to get all tweets newer than ID #832282841471918080 for account
@BetsyDeVos
about to get all tweets newer than ID #867385249340297217 for account
@RealBenCarson
about to get all tweets newer than ID #890659905798983680 for account @Reince45
about to get all tweets newer than ID #830074939298414592 for account
@RepTomPrice
about to get all tweets newer than ID #913881045652688901 for account
@SecPriceMD
about to get all tweets newer than ID #924116159368171521 for account @POTUS
about to get all tweets newer than ID #924049591003213824 for account
@nikkihaley
about to get all tweets newer than ID #923928230683402241 for account
@SecretaryAcosta
about to get all tweets newer than ID #923969458695213056 for account
@StephGrisham45
about to get all tweets newer than ID #924096747122634752 for account
@realDonaldTrump
about to get all tweets newer than ID #923573932359331840 for account
@MickMulvaneyOMB
about to get all tweets newer than ID #923747741272100864 for account
@SecondLady
about to get all tweets newer than ID #923868752629977088 for account
@stevenmnuchin1
about to get all tweets newer than ID #923965275522842626 for account @FLOTUS
about to get all tweets newer than ID #898632795517403136 for account
@GeneralJFKellly
