Hello, traveler. This is the beginning of a log file called: "Fascist Tweet Archiver".
Some basic system info about the host machine: posix.uname_result(sysname='Linux', nodename='file-server', release='3.16.0-4-686-pae', version='#1 SMP Debian 3.16.43-2+deb8u5 (2017-09-19)', machine='i686')
This log was begun Friday, 24 November 2017 at 14:05



INFO: read target account data; we're tracking 52 accounts
WARNING: no ProtocolError (got exception "name 'ProtocolError' is not defined");
 trying requests.packages.urllib3.exceptions instead
NOTE: successfully imported from requests
Starting up...
about to get all tweets newer than ID #933745683550662657 for account
@StephGrisham45
ERROR: unable to get tweets for account @StephGrisham45
           the system said: Failed to parse JSON payload: Expecting ','
delimiter: line 1 column 505284 (char 505283)
about to get all tweets newer than ID #928306806681735168 for account
@BetsyDeVosED
about to get all tweets newer than ID #930982584649175047 for account
@mike_pence
about to get all tweets newer than ID #933749689714991105 for account
@TomBossert45
about to get all tweets newer than ID #933959401580490753 for account
@DanScavino
about to get all tweets newer than ID #934133641290158080 for account @Scavino45
getting all tweets before ID #926618823200874495
    ...400 tweets downloaded so far


New tweet from Scavino45: #ICYMI- @VP Pence and @SecondLady Karen serving
Thanksgiving meals at Naval Air Station Meridian in Mississippi, wh…
https://t.co/OFhIu9WZGO

archiving URL http://twitter.com/Scavino45/status/934145953224945664
    ... archiving using prefix http://web.archive.org/save/
about to get all tweets newer than ID #795981284761894912 for account
@MELANIATRUMP

archiving URL https://twitter.com/Scavino45/status/934145953224945664
    ... archiving using prefix http://web.archive.org/save/
about to get all tweets newer than ID #933696660034560000 for account
@SecretaryPerry
about to get all tweets newer than ID #903694300306923521 for account
@SecElaineChao
about to get all tweets newer than ID #934138387468050437 for account @SBALinda
ERROR: unable to get tweets for account @SBALinda
           the system said: Failed to send request:
HTTPSConnectionPool(host='api.twitter.com', port=443): Read timed out.
about to get all tweets newer than ID #934131805409697792 for account
@realDonaldTrump
about to get all tweets newer than ID #933651543521447936 for account
@SecretaryAcosta
about to get all tweets newer than ID #933707283942596615 for account
@KellyannePolls
about to get all tweets newer than ID #933055817535885313 for account
@MickMulvaneyOMB
about to get all tweets newer than ID #856041462164836355 for account
@FirstLadyIN
about to get all tweets newer than ID #898632795517403136 for account
@GeneralJFKellly
ERROR: unable to get tweets for account @GeneralJFKellly
           the system said: Not authorized.
about to get all tweets newer than ID #934081286351794179 for account @POTUS
about to get all tweets newer than ID #836780744810844161 for account
@StephenMillerAL
about to get all tweets newer than ID #933800512432082947 for account
@SecretarySonny
about to get all tweets newer than ID #832282841471918080 for account
@BetsyDeVos
about to get all tweets newer than ID #867385249340297217 for account
@RealBenCarson
about to get all tweets newer than ID #933741073461137409 for account
@stevenmnuchin1
about to get all tweets newer than ID #934125603720228864 for account
@Scaramucci
about to get all tweets newer than ID #824610180881117184 for account
@GovPenceIN
about to get all tweets newer than ID #933730630407507968 for account
@SecShulkin
about to get all tweets newer than ID #934158776915169280 for account
@SecretaryZinke
about to get all tweets newer than ID #830074939298414592 for account
@RepTomPrice
ERROR: unable to get tweets for account @RepTomPrice
           the system said: Failed to parse JSON payload: Expecting property
name enclosed in double quotes: line 1 column 507493 (char 507492)
about to get all tweets newer than ID #933764914363142149 for account
@SecretaryCarson
about to get all tweets newer than ID #923261387434012672 for account
@SecretaryRoss
about to get all tweets newer than ID #913881045652688901 for account
@SecPriceMD
about to get all tweets newer than ID #890659905798983680 for account @Reince45
about to get all tweets newer than ID #934108754731307009 for account
@IvankaTrump
ERROR: unable to get tweets for account @IvankaTrump
           the system said: Failed to parse JSON payload: Unterminated string
starting at: line 1 column 510144 (char 510143)
about to get all tweets newer than ID #933713814859780098 for account
@EPAScottPruitt
about to get all tweets newer than ID #934100508570193920 for account @VP
ERROR: unable to get tweets for account @VP
           the system said: Failed to parse JSON payload: Unterminated string
starting at: line 1 column 854516 (char 854515)
about to get all tweets newer than ID #934087162441629696 for account
@JessicaDitto45
about to get all tweets newer than ID #816846808789958656 for account
@SenDanCoats
about to get all tweets newer than ID #933349414835576834 for account
@IvankaTrumpHQ
about to get all tweets newer than ID #933896541470724096 for account
@AshLeeStrong
about to get all tweets newer than ID #928448335584858113 for account @Reince
about to get all tweets newer than ID #933715491360837632 for account
@SpeakerRyan
ERROR: unable to get tweets for account @SpeakerRyan
           the system said: Failed to parse JSON payload: Expecting property
name enclosed in double quotes: line 1 column 679309 (char 679308)
about to get all tweets newer than ID #898401955847876608 for account
@Linda_McMahon
about to get all tweets newer than ID #816290296048873472 for account
@WilburRoss
about to get all tweets newer than ID #-1 for account @jaredkushner
about to get all tweets newer than ID #933722580791345152 for account @PRyan
about to get all tweets newer than ID #933745035564273665 for account @FLOTUS
about to get all tweets newer than ID #933733277701148672 for account
@SecondLady
about to get all tweets newer than ID #-1 for account @ElaineChao
about to get all tweets newer than ID #934149996953423872 for account
@WhiteHouse
getting all tweets before ID #926835439326990340
    ...400 tweets downloaded so far
about to get all tweets newer than ID #934081421572001792 for account @PressSec


New tweet from WhiteHouse: RT @VP: Such an evil and cowardly terrorist attack
on worshipers in Egypt. Our condolences &amp; prayers are with the victims &amp;
 their families.…

archiving URL http://twitter.com/WhiteHouse/status/934150219788357632
    ... archiving using prefix http://web.archive.org/save/

archiving URL https://twitter.com/WhiteHouse/status/934150219788357632
    ... archiving using prefix http://web.archive.org/save/
about to get all tweets newer than ID #933832825815601154 for account
@seanspicer
ERROR: unable to get tweets for account @seanspicer
           the system said: Failed to parse JSON payload: Unterminated string
starting at: line 1 column 508372 (char 508371)
about to get all tweets newer than ID #929769209055338496 for account
@GovernorPerry
ERROR: unable to get tweets for account @GovernorPerry
           the system said: Failed to send request: ('Connection aborted.',
BadStatusLine("''",))
about to get all tweets newer than ID #933871886349619200 for account
@nikkihaley
... OK, we're set up, and about to watch 823638938590085124, 828997388920619008,
 22203756, 866746592853979137, 620571475, 823367015830323201, 108471631,
830128820447539208, 826065858548133888, 819992522109894658, 25073877,
819980276570976256, 471672239, 888031054141022209, 1923451808,
892173412818354177, 822215679726100480, 728361177986797568, 842072478834909184,
599530439, 1180379185, 799764016885329921, 24578794, 15985455,
831482588246196225, 827258161841135623, 6577802, 828613457020870657,
836305915452272641, 829782369670410240, 803703725730779136, 52544275,
832672006113931269, 818910970567344128, 836724024688410625, 212262370,
798195585824104449, 296060169, 20733972, 18916432, 65522706, 809836066316451840,
 29547260, 733751245, 818876014390603776, 822127086194348032, 105267762,
822215673812119553, 818927131883356161, 20776147, 18906561, 37666984


New tweet from SpeakerRyan: The Tax Cuts and Jobs Act will create:
✔ Nearly 1
Million new jobs
✔ Faster economic growth
✔ Upward pressure on wa…
https://t.co/uyLGzPKfu6

archiving URL http://twitter.com/SpeakerRyan/status/934175014903013376
    ... archiving using prefix http://web.archive.org/save/
WARNING: received error ('Connection broken: IncompleteRead(0 bytes read, 4048
more expected)', IncompleteRead(0 bytes read, 4048 more expected)); sleeping and
 trying again ...

archiving URL https://twitter.com/SpeakerRyan/status/934175014903013376
    ... archiving using prefix http://web.archive.org/save/
WARNING: received error ('Connection broken: IncompleteRead(0 bytes read, 512
more expected)', IncompleteRead(0 bytes read, 512 more expected)); sleeping and
trying again ...
WARNING: received error ('Connection broken: IncompleteRead(0 bytes read, 2 more
 expected)', IncompleteRead(0 bytes read, 2 more expected)); sleeping and trying
 again ...
