Hello, traveler. This is the beginning of a log file called: "Fascist Tweet Archiver".
Some basic system info about the host machine: posix.uname_result(sysname='Linux', nodename='file-server', release='3.16.0-4-686-pae', version='#1 SMP Debian 3.16.43-2+deb8u5 (2017-09-19)', machine='i686')
This log was begun Saturday, 09 December 2017 at 19:42



INFO: read target account data; we're tracking 52 accounts
WARNING: no ProtocolError (got exception "name 'ProtocolError' is not defined");
 trying requests.packages.urllib3.exceptions instead
NOTE: successfully imported from requests
Starting up...
about to get all tweets newer than ID #939560256593645568 for account @POTUS
ERROR: unable to get tweets for account @POTUS
           the system said: Failed to parse JSON payload: Unterminated string
starting at: line 1 column 501691 (char 501690)
about to get all tweets newer than ID #898401955847876608 for account
@Linda_McMahon
ERROR: unable to get tweets for account @Linda_McMahon
           the system said: Failed to send request:
HTTPSConnectionPool(host='api.twitter.com', port=443): Read timed out.
about to get all tweets newer than ID #939306156056563712 for account
@EPAScottPruitt
about to get all tweets newer than ID #930982584649175047 for account
@mike_pence
ERROR: unable to get tweets for account @mike_pence
           the system said: Failed to parse JSON payload: Unterminated string
starting at: line 1 column 682658 (char 682657)
about to get all tweets newer than ID #938865975038038016 for account @SBALinda
ERROR: unable to get tweets for account @SBALinda
           the system said: Failed to send request: EOF occurred in violation of
 protocol (_ssl.c:600)
about to get all tweets newer than ID #913881045652688901 for account
@SecPriceMD
about to get all tweets newer than ID #939565432092155906 for account @Scavino45
getting all tweets before ID #931543906084417535
ERROR: unable to get tweets for account @Scavino45
           the system said: Failed to parse JSON payload: Unterminated string
starting at: line 1 column 503597 (char 503596)
about to get all tweets newer than ID #939612062606680066 for account
@AshLeeStrong
about to get all tweets newer than ID #939522329322967040 for account @FLOTUS
about to get all tweets newer than ID #836780744810844161 for account
@StephenMillerAL
about to get all tweets newer than ID #939230362995183617 for account
@SecretaryCarson
ERROR: unable to get tweets for account @SecretaryCarson
           the system said: Failed to parse JSON payload: Unterminated string
starting at: line 1 column 503043 (char 503042)
about to get all tweets newer than ID #824610180881117184 for account
@GovPenceIN
ERROR: unable to get tweets for account @GovPenceIN
           the system said: Failed to send request:
HTTPSConnectionPool(host='api.twitter.com', port=443): Read timed out. (read
timeout=60)
about to get all tweets newer than ID #939592805646782464 for account @PressSec
about to get all tweets newer than ID #939499208549306369 for account
@SecretaryPerry
ERROR: unable to get tweets for account @SecretaryPerry
           the system said: Failed to send request:
HTTPSConnectionPool(host='api.twitter.com', port=443): Read timed out.
about to get all tweets newer than ID #939587205051441152 for account
@Scaramucci
ERROR: unable to get tweets for account @Scaramucci
           the system said: Failed to parse JSON payload: Unterminated string
starting at: line 1 column 685088 (char 685087)
about to get all tweets newer than ID #816846808789958656 for account
@SenDanCoats
about to get all tweets newer than ID #937834988392931329 for account
@stevenmnuchin1
about to get all tweets newer than ID #934590789518286848 for account
@MickMulvaneyOMB
about to get all tweets newer than ID #898632795517403136 for account
@GeneralJFKellly
ERROR: unable to get tweets for account @GeneralJFKellly
           the system said: Failed to send request: ('Connection aborted.',
ConnectionResetError(104, 'Connection reset by peer'))
about to get all tweets newer than ID #939514128514928646 for account
@BetsyDeVosED
about to get all tweets newer than ID #867385249340297217 for account
@RealBenCarson
about to get all tweets newer than ID #-1 for account @jaredkushner
about to get all tweets newer than ID #856041462164836355 for account
@FirstLadyIN
about to get all tweets newer than ID #939522709020700672 for account
@StephGrisham45
about to get all tweets newer than ID #939651906506579970 for account
@seanspicer
about to get all tweets newer than ID #939610694537891841 for account
@nikkihaley
about to get all tweets newer than ID #939680422493073408 for account
@realDonaldTrump
about to get all tweets newer than ID #939598561649614849 for account
@SecretaryZinke
about to get all tweets newer than ID #795981284761894912 for account
@MELANIATRUMP
about to get all tweets newer than ID #939502594178932736 for account
@SecretarySonny
about to get all tweets newer than ID #939674523363872773 for account
@DanScavino
ERROR: unable to get tweets for account @DanScavino
           the system said: Failed to parse JSON payload: Unterminated string
starting at: line 1 column 506191 (char 506190)
about to get all tweets newer than ID #939155810277642240 for account
@TomBossert45
about to get all tweets newer than ID #939669240100950016 for account
@SpeakerRyan
about to get all tweets newer than ID #939351851765522432 for account
@KellyannePolls
about to get all tweets newer than ID #830074939298414592 for account
@RepTomPrice
about to get all tweets newer than ID #939152289587228672 for account @Reince
about to get all tweets newer than ID #816290296048873472 for account
@WilburRoss
about to get all tweets newer than ID #890659905798983680 for account @Reince45
about to get all tweets newer than ID #939268060816351232 for account
@SecondLady
about to get all tweets newer than ID #939564526969737216 for account
@JessicaDitto45
ERROR: unable to get tweets for account @JessicaDitto45
           the system said: Failed to send request:
HTTPSConnectionPool(host='api.twitter.com', port=443): Read timed out.
about to get all tweets newer than ID #923261387434012672 for account
@SecretaryRoss
about to get all tweets newer than ID #939682120196411392 for account
@WhiteHouse
about to get all tweets newer than ID #939553534520983553 for account
@SecShulkin
ERROR: unable to get tweets for account @SecShulkin
           the system said: Failed to parse JSON payload: Unterminated string
starting at: line 1 column 866812 (char 866811)
about to get all tweets newer than ID #938052857873555456 for account
@IvankaTrumpHQ
about to get all tweets newer than ID #939141525874802689 for account
@SecretaryAcosta
ERROR: unable to get tweets for account @SecretaryAcosta
           the system said: Failed to send request:
HTTPSConnectionPool(host='api.twitter.com', port=443): Read timed out.
about to get all tweets newer than ID #939675974492356609 for account @VP
about to get all tweets newer than ID #937288216935387136 for account
@GovernorPerry
about to get all tweets newer than ID #939278924261003264 for account @PRyan
about to get all tweets newer than ID #832282841471918080 for account
@BetsyDeVos
about to get all tweets newer than ID #903694300306923521 for account
@SecElaineChao
about to get all tweets newer than ID #939623122164174848 for account
@IvankaTrump
ERROR: unable to get tweets for account @IvankaTrump
           the system said: Failed to parse JSON payload: Unterminated string
starting at: line 1 column 504532 (char 504531)
about to get all tweets newer than ID #-1 for account @ElaineChao
... OK, we're set up, and about to watch 822215679726100480, 65522706,
832672006113931269, 22203756, 819992522109894658, 829782369670410240,
823367015830323201, 296060169, 818876014390603776, 728361177986797568,
828613457020870657, 15985455, 818927131883356161, 830128820447539208, 24578794,
212262370, 799764016885329921, 888031054141022209, 892173412818354177,
828997388920619008, 1180379185, 29547260, 1923451808, 823638938590085124,
20776147, 37666984, 25073877, 827258161841135623, 108471631, 842072478834909184,
 620571475, 866746592853979137, 18916432, 471672239, 6577802, 20733972,
809836066316451840, 803703725730779136, 822127086194348032, 836724024688410625,
836305915452272641, 822215673812119553, 831482588246196225, 798195585824104449,
819980276570976256, 818910970567344128, 18906561, 733751245, 599530439,
826065858548133888, 52544275, 105267762
WARNING: received error HTTPSConnectionPool(host='stream.twitter.com',
port=443): Read timed out.; sleeping and trying again ...
WARNING: received error HTTPSConnectionPool(host='stream.twitter.com',
port=443): Read timed out.; sleeping and trying again ...
WARNING: received error ('Connection broken: IncompleteRead(0 bytes read, 512
more expected)', IncompleteRead(0 bytes read, 512 more expected)); sleeping and
trying again ...
WARNING: received error ('Connection broken: IncompleteRead(0 bytes read, 512
more expected)', IncompleteRead(0 bytes read, 512 more expected)); sleeping and
trying again ...
WARNING: received error HTTPSConnectionPool(host='stream.twitter.com',
port=443): Read timed out.; sleeping and trying again ...
WARNING: received error HTTPSConnectionPool(host='stream.twitter.com',
port=443): Read timed out.; sleeping and trying again ...
WARNING: received error ('Connection broken: IncompleteRead(0 bytes read, 512
more expected)', IncompleteRead(0 bytes read, 512 more expected)); sleeping and
trying again ...
WARNING: received error HTTPSConnectionPool(host='stream.twitter.com',
port=443): Read timed out.; sleeping and trying again ...
WARNING: received error HTTPSConnectionPool(host='stream.twitter.com',
port=443): Read timed out.; sleeping and trying again ...
WARNING: received error ('Connection broken: IncompleteRead(0 bytes read, 512
more expected)', IncompleteRead(0 bytes read, 512 more expected)); sleeping and
trying again ...
