Hello, traveler. This is the beginning of a log file called: "Fascist Tweet Archiver".
Some basic system info about the host machine: posix.uname_result(sysname='Linux', nodename='file-server', release='3.16.0-4-686-pae', version='#1 SMP Debian 3.16.43-2+deb8u5 (2017-09-19)', machine='i686')
This log was begun Saturday, 25 November 2017 at 09:14



INFO: read target account data; we're tracking 52 accounts
WARNING: no ProtocolError (got exception "name 'ProtocolError' is not defined");
 trying requests.packages.urllib3.exceptions instead
NOTE: successfully imported from requests
Starting up...
about to get all tweets newer than ID #934403381929451522 for account
@AshLeeStrong
ERROR: unable to get tweets for account @AshLeeStrong
           the system said: Failed to parse JSON payload: Unterminated string
starting at: line 1 column 509390 (char 509389)
about to get all tweets newer than ID #934411780998225921 for account
@SecretarySonny
ERROR: unable to get tweets for account @SecretarySonny
           the system said: Failed to parse JSON payload: Unterminated string
starting at: line 1 column 508845 (char 508844)
about to get all tweets newer than ID #934198554951913479 for account
@nikkihaley
ERROR: unable to get tweets for account @nikkihaley
           the system said: Failed to parse JSON payload: Unterminated string
starting at: line 1 column 508934 (char 508933)
about to get all tweets newer than ID #934213853449261057 for account @PressSec
about to get all tweets newer than ID #903694300306923521 for account
@SecElaineChao
about to get all tweets newer than ID #933722580791345152 for account @PRyan
ERROR: unable to get tweets for account @PRyan
           the system said: Failed to parse JSON payload: Unterminated string
starting at: line 1 column 508201 (char 508200)
about to get all tweets newer than ID #-1 for account @jaredkushner
about to get all tweets newer than ID #933713814859780098 for account
@EPAScottPruitt
ERROR: unable to get tweets for account @EPAScottPruitt
           the system said: Failed to parse JSON payload: Unterminated string
starting at: line 1 column 509883 (char 509882)
about to get all tweets newer than ID #933696660034560000 for account
@SecretaryPerry
ERROR: unable to get tweets for account @SecretaryPerry
           the system said: Failed to send request: EOF occurred in violation of
 protocol (_ssl.c:600)
about to get all tweets newer than ID #934454177476108288 for account
@WhiteHouse
ERROR: unable to get tweets for account @WhiteHouse
           the system said: Failed to send request: EOF occurred in violation of
 protocol (_ssl.c:600)
about to get all tweets newer than ID #934100508570193920 for account @VP
ERROR: unable to get tweets for account @VP
           the system said: Failed to parse JSON payload: Unterminated string
starting at: line 1 column 682150 (char 682149)
about to get all tweets newer than ID #934081286351794179 for account @POTUS
ERROR: unable to get tweets for account @POTUS
           the system said: Failed to parse JSON payload: Unterminated string
starting at: line 1 column 508391 (char 508390)
about to get all tweets newer than ID #898401955847876608 for account
@Linda_McMahon
ERROR: unable to get tweets for account @Linda_McMahon
           the system said: Failed to parse JSON payload: Unterminated string
starting at: line 1 column 506034 (char 506033)
about to get all tweets newer than ID #933730630407507968 for account
@SecShulkin
ERROR: unable to get tweets for account @SecShulkin
           the system said: Failed to parse JSON payload: Unterminated string
starting at: line 1 column 505236 (char 505235)
about to get all tweets newer than ID #867385249340297217 for account
@RealBenCarson
about to get all tweets newer than ID #933707283942596615 for account
@KellyannePolls
ERROR: unable to get tweets for account @KellyannePolls
           the system said: Failed to parse JSON payload: Unterminated string
starting at: line 1 column 506043 (char 506042)
about to get all tweets newer than ID #898632795517403136 for account
@GeneralJFKellly
ERROR: unable to get tweets for account @GeneralJFKellly
           the system said: Not authorized.
about to get all tweets newer than ID #934235876913242113 for account
@MickMulvaneyOMB
about to get all tweets newer than ID #795981284761894912 for account
@MELANIATRUMP
about to get all tweets newer than ID #930982584649175047 for account
@mike_pence
ERROR: unable to get tweets for account @mike_pence
           the system said: Failed to send request:
HTTPSConnectionPool(host='api.twitter.com', port=443): Read timed out.
about to get all tweets newer than ID #934407982493978624 for account
@JessicaDitto45
ERROR: unable to get tweets for account @JessicaDitto45
           the system said: Failed to send request:
HTTPSConnectionPool(host='api.twitter.com', port=443): Read timed out.
about to get all tweets newer than ID #824610180881117184 for account
@GovPenceIN
ERROR: unable to get tweets for account @GovPenceIN
           the system said: Failed to parse JSON payload: Expecting ','
delimiter: line 1 column 507493 (char 507492)
about to get all tweets newer than ID #928306806681735168 for account
@BetsyDeVosED
about to get all tweets newer than ID #913881045652688901 for account
@SecPriceMD
ERROR: unable to get tweets for account @SecPriceMD
           the system said: Failed to send request:
HTTPSConnectionPool(host='api.twitter.com', port=443): Read timed out.
about to get all tweets newer than ID #816290296048873472 for account
@WilburRoss
about to get all tweets newer than ID #934408669319647232 for account
@SpeakerRyan
about to get all tweets newer than ID #890659905798983680 for account @Reince45
about to get all tweets newer than ID #816846808789958656 for account
@SenDanCoats
about to get all tweets newer than ID #933764914363142149 for account
@SecretaryCarson
about to get all tweets newer than ID #934275009891184640 for account
@DanScavino
about to get all tweets newer than ID #832282841471918080 for account
@BetsyDeVos
about to get all tweets newer than ID #933745683550662657 for account
@StephGrisham45
about to get all tweets newer than ID #928448335584858113 for account @Reince
about to get all tweets newer than ID #933651543521447936 for account
@SecretaryAcosta
getting all tweets before ID #870365306287476735
    ...308 tweets downloaded so far
about to get all tweets newer than ID #934108754731307009 for account
@IvankaTrump


New tweet from SecretaryAcosta: Small businesses in the United States create 2
 out of 3 net new jobs. https://t.co/l7CeL2816b

archiving URL http://twitter.com/SecretaryAcosta/status/934452629832454144
    ... archiving using prefix http://web.archive.org/save/

archiving URL https://twitter.com/SecretaryAcosta/status/934452629832454144
    ... archiving using prefix http://web.archive.org/save/
about to get all tweets newer than ID #934330330043035648 for account @Scavino45
about to get all tweets newer than ID #934439148601081857 for account
@Scaramucci
ERROR: unable to get tweets for account @Scaramucci
           the system said: Failed to parse JSON payload: Unterminated string
starting at: line 1 column 675329 (char 675328)
about to get all tweets newer than ID #836780744810844161 for account
@StephenMillerAL
about to get all tweets newer than ID #856041462164836355 for account
@FirstLadyIN
about to get all tweets newer than ID #933733277701148672 for account
@SecondLady
about to get all tweets newer than ID #934189999045693441 for account
@realDonaldTrump
about to get all tweets newer than ID #933749689714991105 for account
@TomBossert45
about to get all tweets newer than ID #929769209055338496 for account
@GovernorPerry
about to get all tweets newer than ID #934195424033955840 for account
@stevenmnuchin1
about to get all tweets newer than ID #923261387434012672 for account
@SecretaryRoss
about to get all tweets newer than ID #934184102395342848 for account
@SecretaryZinke
about to get all tweets newer than ID #-1 for account @ElaineChao
about to get all tweets newer than ID #933832825815601154 for account
@seanspicer
about to get all tweets newer than ID #934392232962154496 for account @SBALinda
ERROR: unable to get tweets for account @SBALinda
           the system said: Failed to send request:
HTTPSConnectionPool(host='api.twitter.com', port=443): Read timed out.
about to get all tweets newer than ID #830074939298414592 for account
@RepTomPrice
about to get all tweets newer than ID #933745035564273665 for account @FLOTUS
about to get all tweets newer than ID #933349414835576834 for account
@IvankaTrumpHQ
... OK, we're set up, and about to watch 296060169, 842072478834909184,
37666984, 818927131883356161, 826065858548133888, 733751245, 29547260,
832672006113931269, 830128820447539208, 822215673812119553, 818910970567344128,
822215679726100480, 65522706, 831482588246196225, 1180379185, 471672239,
892173412818354177, 888031054141022209, 108471631, 22203756, 836724024688410625,
 15985455, 828997388920619008, 829782369670410240, 809836066316451840, 18916432,
 803703725730779136, 212262370, 828613457020870657, 620571475, 599530439,
823638938590085124, 20733972, 819980276570976256, 52544275, 823367015830323201,
24578794, 728361177986797568, 1923451808, 822127086194348032, 25073877,
866746592853979137, 18906561, 799764016885329921, 836305915452272641,
827258161841135623, 105267762, 20776147, 819992522109894658, 6577802,
818876014390603776, 798195585824104449


New tweet from SBALinda: Made my first purchase at the family owned and
operated, Pellegrini Jewelers! It was a pleasure to meet owners Larr…
https://t.co/Z5NRZkmWJs

archiving URL http://twitter.com/SBALinda/status/934464896820944896
    ... archiving using prefix http://web.archive.org/save/

archiving URL https://twitter.com/SBALinda/status/934464896820944896
    ... archiving using prefix http://web.archive.org/save/


New tweet from SpeakerRyan: For every single taxpayer in America, the standard
 deduction will nearly double: $12,000 for an individual and $24,…
https://t.co/KXDsN3gcae

archiving URL http://twitter.com/SpeakerRyan/status/934468160866091012
    ... archiving using prefix http://web.archive.org/save/

archiving URL https://twitter.com/SpeakerRyan/status/934468160866091012
    ... archiving using prefix http://web.archive.org/save/


New tweet from SBALinda: Next stop? A Taste of Holland! I can't wait to try
these treats. #ShopSmall Did you know 97% of CT businesses are s…
https://t.co/9zOc2SoTAJ

archiving URL http://twitter.com/SBALinda/status/934469551181373440
    ... archiving using prefix http://web.archive.org/save/

archiving URL https://twitter.com/SBALinda/status/934469551181373440
    ... archiving using prefix http://web.archive.org/save/
WARNING: received error HTTPSConnectionPool(host='stream.twitter.com',
port=443): Read timed out.; sleeping and trying again ...
