Hello, traveler. This is the beginning of a log file called: "Fascist Tweet Archiver".
Some basic system info about the host machine: posix.uname_result(sysname='Linux', nodename='file-server', release='3.16.0-4-686-pae', version='#1 SMP Debian 3.16.43-2+deb8u5 (2017-09-19)', machine='i686')
This log was begun Wednesday, 15 November 2017 at 22:40



INFO: read target account data; we're tracking 52 accounts
WARNING: no ProtocolError (got exception "name 'ProtocolError' is not defined");
 trying requests.packages.urllib3.exceptions instead
NOTE: successfully imported from requests
Starting up...
about to get all tweets newer than ID #890659905798983680 for account @Reince45
about to get all tweets newer than ID #930491023930904576 for account @PressSec
about to get all tweets newer than ID #929769209055338496 for account
@GovernorPerry
about to get all tweets newer than ID #929382925270908928 for account
@StephGrisham45
about to get all tweets newer than ID #930889536737103873 for account
@SpeakerRyan
getting all tweets before ID #926128574628843519
    ...400 tweets downloaded so far
about to get all tweets newer than ID #928861995415363585 for account
@KellyannePolls


New tweet from SpeakerRyan: RT @RepMikeJohnson: Tax reform will help
individuals, families and businesses in Louisiana and around our nation. The
House votes tomorrow…

archiving URL http://twitter.com/SpeakerRyan/status/930902699230375936
    ... archiving using prefix http://web.archive.org/save/

archiving URL https://twitter.com/SpeakerRyan/status/930902699230375936
    ... archiving using prefix http://web.archive.org/save/


New tweet from SpeakerRyan: RT @RepDonBacon: You spend too much time and money
 filing your taxes. The Tax Cuts &amp; Jobs Act changes that. Find out more
here: https://t.c…

archiving URL http://twitter.com/SpeakerRyan/status/930906504194134017
    ... archiving using prefix http://web.archive.org/save/

archiving URL https://twitter.com/SpeakerRyan/status/930906504194134017
    ... archiving using prefix http://web.archive.org/save/


New tweet from SpeakerRyan: RT @RepMikeBishop: We know there’s a lot of
information flying around out there, but we've got the numbers you need to know.
 It's time for…

archiving URL http://twitter.com/SpeakerRyan/status/930910330435375105
    ... archiving using prefix http://web.archive.org/save/

archiving URL https://twitter.com/SpeakerRyan/status/930910330435375105
    ... archiving using prefix http://web.archive.org/save/


New tweet from SpeakerRyan: RT @RepPeteOlson: The #TaxCutsAndJobsAct will
simplify our complicated tax code so that most Americans will be able to file
their taxes on…

archiving URL http://twitter.com/SpeakerRyan/status/930914159142850560
    ... archiving using prefix http://web.archive.org/save/
getting all tweets before ID #899397403064840191

archiving URL https://twitter.com/SpeakerRyan/status/930914159142850560
    ... archiving using prefix http://web.archive.org/save/


New tweet from SpeakerRyan: RT @RepTipton: How will tax reform help the
American people? It’s all in the numbers. The time for tax reform is now!
https://t.co/ruBONOf5…

archiving URL http://twitter.com/SpeakerRyan/status/930918152514539522
    ... archiving using prefix http://web.archive.org/save/

archiving URL https://twitter.com/SpeakerRyan/status/930918152514539522
    ... archiving using prefix http://web.archive.org/save/


New tweet from SpeakerRyan: The average taxpayer in every income group will
get a tax cut. That is the whole purpose of the Tax Cuts and Jobs A…
https://t.co/Tzaumv2Jvc

archiving URL http://twitter.com/SpeakerRyan/status/930924730735038465
    ... archiving using prefix http://web.archive.org/save/

archiving URL https://twitter.com/SpeakerRyan/status/930924730735038465
    ... archiving using prefix http://web.archive.org/save/


New tweet from SpeakerRyan: With the Tax Cut and Jobs Act, the typical
American household of four will get a tax cut of $1,182. #1182more
https://t.co/Hv0wjaEAxM

archiving URL http://twitter.com/SpeakerRyan/status/930980931900502016
    ... archiving using prefix http://web.archive.org/save/

archiving URL https://twitter.com/SpeakerRyan/status/930980931900502016
    ... archiving using prefix http://web.archive.org/save/
    ...400 tweets downloaded so far
about to get all tweets newer than ID #930586330198892551 for account
@SecondLady


New tweet from KellyannePolls: A surprise guest gives small business owners a
boost during our tax cuts roundtable at Papa's Tomato Pies in NJ. .…
https://t.co/FPCk2cB7hp

archiving URL http://twitter.com/KellyannePolls/status/930848308452524033
    ... archiving using prefix http://web.archive.org/save/

archiving URL https://twitter.com/KellyannePolls/status/930848308452524033
    ... archiving using prefix http://web.archive.org/save/


New tweet from KellyannePolls: In between briefings on Capitol Hill, we took
the #taxcuts show on the road. Thank you, #NJ. Kellyanne Conway trump…
https://t.co/NfhkJgSpqY

archiving URL http://twitter.com/KellyannePolls/status/930903997699018753
    ... archiving using prefix http://web.archive.org/save/

archiving URL https://twitter.com/KellyannePolls/status/930903997699018753
    ... archiving using prefix http://web.archive.org/save/
getting all tweets before ID #895998237030494207
    ...399 tweets downloaded so far
about to get all tweets newer than ID #898632795517403136 for account
@GeneralJFKellly


New tweet from SecondLady: Thank you to The Congressional Club for helping to
pack 800 @EmmasArtKits. Now, heading to children's hospitals for…
https://t.co/CAM0k8AFqr

archiving URL http://twitter.com/SecondLady/status/930616897825107969
    ... archiving using prefix http://web.archive.org/save/

archiving URL https://twitter.com/SecondLady/status/930616897825107969
    ... archiving using prefix http://web.archive.org/save/


New tweet from SecondLady: Looking forward to visiting @DellsChildren Hospital
 today in Austin, TX #ArtTherapy https://t.co/FJsq2VarN3 https://t.co/0eOTAZoC1E

archiving URL http://twitter.com/SecondLady/status/930800598018134016
    ... archiving using prefix http://web.archive.org/save/

archiving URL https://twitter.com/SecondLady/status/930800598018134016
    ... archiving using prefix http://web.archive.org/save/
ERROR: unable to get tweets for account @GeneralJFKellly
           the system said: Not authorized.
about to get all tweets newer than ID #930846482898538498 for account
@SecretaryCarson


New tweet from SecondLady: Observed an art therapy session with a six year old
 patient &amp; her art therapist at @DellsChildren Hospital in Austi…
https://t.co/Ha6Rq9oznt

archiving URL http://twitter.com/SecondLady/status/930903288140259328
    ... archiving using prefix http://web.archive.org/save/

archiving URL https://twitter.com/SecondLady/status/930903288140259328
    ... archiving using prefix http://web.archive.org/save/


New tweet from SecondLady: Great visit! Viewed artwork created in art therapy
sessions @dellchildrens &amp; talked w/an art therapist &amp; physicians…
https://t.co/Me7bNWRw83

archiving URL http://twitter.com/SecondLady/status/930938229796298757
    ... archiving using prefix http://web.archive.org/save/

archiving URL https://twitter.com/SecondLady/status/930938229796298757
    ... archiving using prefix http://web.archive.org/save/


New tweet from SecondLady: RT @SpecNewsATX: .@SecondLady Karen Pence visited
@dellchildrens today to learn more about the hospital's art therapy initiatives
https://t…

archiving URL http://twitter.com/SecondLady/status/930964154508283905
    ... archiving using prefix http://web.archive.org/save/

archiving URL https://twitter.com/SecondLady/status/930964154508283905
    ... archiving using prefix http://web.archive.org/save/
about to get all tweets newer than ID #928551104505245696 for account
@DanScavino


New tweet from SecondLady: During today's visit @dellchildrens, gave the
hospital @EmmasArtKits for the art therapists to use with the patient…
https://t.co/hjNv1XoqYP

archiving URL http://twitter.com/SecondLady/status/930969025831751680
    ... archiving using prefix http://web.archive.org/save/

archiving URL https://twitter.com/SecondLady/status/930969025831751680
    ... archiving using prefix http://web.archive.org/save/


New tweet from SecondLady: MAKING NEWS: Second Lady Karen Pence supports art
therapy in Austin visit | KEYE #WatchVideo #ArtTherapy  https://t.co/Bxgkp4WmHM

archiving URL http://twitter.com/SecondLady/status/930980611212349441
    ... archiving using prefix http://web.archive.org/save/

archiving URL https://twitter.com/SecondLady/status/930980611212349441
    ... archiving using prefix http://web.archive.org/save/
about to get all tweets newer than ID #832282841471918080 for account
@BetsyDeVos
about to get all tweets newer than ID #930794214903906304 for account
@AshLeeStrong
getting all tweets before ID #918484295139897346
    ...400 tweets downloaded so far
about to get all tweets newer than ID #-1 for account @jaredkushner


New tweet from AshLeeStrong: President Trump touts the House passage of the
#NDAA to begin rebuilding our military.

archiving URL http://twitter.com/AshLeeStrong/status/930898956858658816
    ... archiving using prefix http://web.archive.org/save/

archiving URL https://twitter.com/AshLeeStrong/status/930898956858658816
    ... archiving using prefix http://web.archive.org/save/
about to get all tweets newer than ID #928283695353683970 for account
@mike_pence


New tweet from AshLeeStrong: @zackroday @mattsgorman you would not approve of
my life, Rod.

archiving URL http://twitter.com/AshLeeStrong/status/930911589758357504
    ... archiving using prefix http://web.archive.org/save/

archiving URL https://twitter.com/AshLeeStrong/status/930911589758357504
    ... archiving using prefix http://web.archive.org/save/


New tweet from AshLeeStrong: cc: everyone I owe texts https://t.co/yd5JOdUoDo

archiving URL http://twitter.com/AshLeeStrong/status/930928093627371520
    ... archiving using prefix http://web.archive.org/save/

archiving URL https://twitter.com/AshLeeStrong/status/930928093627371520
    ... archiving using prefix http://web.archive.org/save/


New tweet from AshLeeStrong: @JonahNRO @jpodhoretz Wait, what poll? #taxreform
 #TRIH

archiving URL http://twitter.com/AshLeeStrong/status/930974231369867267
    ... archiving using prefix http://web.archive.org/save/

archiving URL https://twitter.com/AshLeeStrong/status/930974231369867267
    ... archiving using prefix http://web.archive.org/save/


New tweet from AshLeeStrong: RT @guypbenson: USA Today column mostly attacking
 GOP tax reform plan includes a buried bullet point on 'winners' under the
proposal. This…

archiving URL http://twitter.com/AshLeeStrong/status/930978130487103493
    ... archiving using prefix http://web.archive.org/save/

archiving URL https://twitter.com/AshLeeStrong/status/930978130487103493
    ... archiving using prefix http://web.archive.org/save/
getting all tweets before ID #806113898780913663
    ...399 tweets downloaded so far
about to get all tweets newer than ID #930843863496802309 for account @FLOTUS


New tweet from mike_pence: Today at @The_RGA I told my fellow Republicans that
 before the end of this year, under @realdonaldtrump, we’re goin…
https://t.co/dsSKR4TqUM

archiving URL http://twitter.com/mike_pence/status/930954365334097921
    ... archiving using prefix http://web.archive.org/save/

archiving URL https://twitter.com/mike_pence/status/930954365334097921
    ... archiving using prefix http://web.archive.org/save/


New tweet from mike_pence: .@realdonaldtrump's vision for tax cuts will
deliver nothing short of that MIDDLE-CLASS MIRACLE – and each of the G…
https://t.co/hqDt7fokin

archiving URL http://twitter.com/mike_pence/status/930954564769124352
    ... archiving using prefix http://web.archive.org/save/

archiving URL https://twitter.com/mike_pence/status/930954564769124352
    ... archiving using prefix http://web.archive.org/save/


New tweet from mike_pence: Great meeting w/ GOP Govs at @The_RGA on
@realdonaldtrump's pro-JOBS tax cuts. Those Govs know all about tax cuts b…
https://t.co/dtRW0yHr3S

archiving URL http://twitter.com/mike_pence/status/930982584649175047
    ... archiving using prefix http://web.archive.org/save/

archiving URL https://twitter.com/mike_pence/status/930982584649175047
    ... archiving using prefix http://web.archive.org/save/
about to get all tweets newer than ID #930867362345123840 for account
@WhiteHouse
getting all tweets before ID #923647595041492992
    ...400 tweets downloaded so far
about to get all tweets newer than ID #930564725561352197 for account
@SecShulkin


New tweet from WhiteHouse: Watch LIVE as President Trump delivers remarks on
his trip to Asia: https://t.co/JxVdwO4NQp https://t.co/5Z1pWZYKSQ

archiving URL http://twitter.com/WhiteHouse/status/930896244716826625
    ... archiving using prefix http://web.archive.org/save/

archiving URL https://twitter.com/WhiteHouse/status/930896244716826625
    ... archiving using prefix http://web.archive.org/save/


New tweet from WhiteHouse: President Trump's visit to Asia advanced America
First priorities. More:  https://t.co/k5qLuC1qyi https://t.co/hmtBfi8VJq

archiving URL http://twitter.com/WhiteHouse/status/930923625426845698
    ... archiving using prefix http://web.archive.org/save/

archiving URL https://twitter.com/WhiteHouse/status/930923625426845698
    ... archiving using prefix http://web.archive.org/save/


New tweet from WhiteHouse: WSJ: "U.S. Manufacturing Rides Rising Tide, Buoyed
by Global Growth, Optimism" https://t.co/4hmPCBhBDE

archiving URL http://twitter.com/WhiteHouse/status/930929407182721024
    ... archiving using prefix http://web.archive.org/save/

archiving URL https://twitter.com/WhiteHouse/status/930929407182721024
    ... archiving using prefix http://web.archive.org/save/


New tweet from WhiteHouse: Here is what the West Wing staff is reading today:
https://t.co/8MoL0Zjdnb https://t.co/qxTEdhpiz0

archiving URL http://twitter.com/WhiteHouse/status/930941745080266752
    ... archiving using prefix http://web.archive.org/save/

archiving URL https://twitter.com/WhiteHouse/status/930941745080266752
    ... archiving using prefix http://web.archive.org/save/
getting all tweets before ID #913038016058404864


New tweet from WhiteHouse: Don't miss any of the photos from President Trump
and the First Lady's trip to Asia: https://t.co/6upHZjK2L4
https://t.co/GhoDXahbUK

archiving URL http://twitter.com/WhiteHouse/status/930965652357177348
    ... archiving using prefix http://web.archive.org/save/

archiving URL https://twitter.com/WhiteHouse/status/930965652357177348
    ... archiving using prefix http://web.archive.org/save/
    ...400 tweets downloaded so far
about to get all tweets newer than ID #930629537469263879 for account @Scavino45


New tweet from SecShulkin: In honor of #NativeAmericanHeritageMonth watch our
latest episode of The American Veteran to hear from… https://t.co/bmAOXAmVb6

archiving URL http://twitter.com/SecShulkin/status/930837432613908480
    ... archiving using prefix http://web.archive.org/save/

archiving URL https://twitter.com/SecShulkin/status/930837432613908480
    ... archiving using prefix http://web.archive.org/save/


New tweet from SecShulkin: I talked to @PeteHegseth on @foxandfriends about
@POTUS @realDonaldTrump's successful trip to Asia where he spent…
https://t.co/XUe9nVjnd2

archiving URL http://twitter.com/SecShulkin/status/930893900910419969
    ... archiving using prefix http://web.archive.org/save/

archiving URL https://twitter.com/SecShulkin/status/930893900910419969
    ... archiving using prefix http://web.archive.org/save/


New tweet from SecShulkin: RT @DeptVetAffairs: We can all play a role in
preventing suicide, but many people don't know what they can do to support the
Veteran or ser…

archiving URL http://twitter.com/SecShulkin/status/930952953309138944
    ... archiving using prefix http://web.archive.org/save/

archiving URL https://twitter.com/SecShulkin/status/930952953309138944
    ... archiving using prefix http://web.archive.org/save/
getting all tweets before ID #925202063176413183
    ...400 tweets downloaded so far


New tweet from Scavino45: RT @StateDept: .@POTUS provides an update on the
progress made to advance American security and prosperity.
https://t.co/ecEVNUcHpx
about to get all tweets newer than ID #903694300306923521 for account
@SecElaineChao

archiving URL http://twitter.com/Scavino45/status/931023324460863489
    ... archiving using prefix http://web.archive.org/save/

archiving URL https://twitter.com/Scavino45/status/931023324460863489
    ... archiving using prefix http://web.archive.org/save/
about to get all tweets newer than ID #923261387434012672 for account
@SecretaryRoss
about to get all tweets newer than ID #930873941438140417 for account
@EPAScottPruitt
getting all tweets before ID #864824432489058303
    ...319 tweets downloaded so far
about to get all tweets newer than ID #928306806681735168 for account
@BetsyDeVosED


New tweet from EPAScottPruitt: RT @EPA: #AmericaRecyclesDay is finally here!
Read our Press Release (link) and Presidential Proclamation
https://t.co/hRu7cT0a0V

archiving URL http://twitter.com/EPAScottPruitt/status/930910885392142341
    ... archiving using prefix http://web.archive.org/save/

archiving URL https://twitter.com/EPAScottPruitt/status/930910885392142341
    ... archiving using prefix http://web.archive.org/save/
about to get all tweets newer than ID #925479878346133504 for account
@TomBossert45
getting all tweets before ID #869176668493139969
    ...163 tweets downloaded so far
about to get all tweets newer than ID #830074939298414592 for account
@RepTomPrice


New tweet from TomBossert45: At 8am tomorrow we roll out the most transparent
policy for sharing computer software security vulnerabilities in t…
https://t.co/a9UpxGVw7J

archiving URL http://twitter.com/TomBossert45/status/930628460250312704
    ... archiving using prefix http://web.archive.org/save/

archiving URL https://twitter.com/TomBossert45/status/930628460250312704
    ... archiving using prefix http://web.archive.org/save/
about to get all tweets newer than ID #898401955847876608 for account
@Linda_McMahon
about to get all tweets newer than ID #816846808789958656 for account
@SenDanCoats
about to get all tweets newer than ID #930813739053539329 for account @VP
getting all tweets before ID #922846051865948159
    ...400 tweets downloaded so far
about to get all tweets newer than ID #930822477533646848 for account @SBALinda


New tweet from VP: .@POTUS' admin has made the FULL RESOURCES of the fed
government available to the people of Texas to help w/ Harvey…
https://t.co/WAr9kAzkVt

archiving URL http://twitter.com/VP/status/930894288048869376
    ... archiving using prefix http://web.archive.org/save/

archiving URL https://twitter.com/VP/status/930894288048869376
    ... archiving using prefix http://web.archive.org/save/


New tweet from VP: We’ve made progress together, but we understand we have a
long way to go. We know Texas will come ALL THE WAY back…
https://t.co/CIpRGp0VJ6

archiving URL http://twitter.com/VP/status/930901200098209792
    ... archiving using prefix http://web.archive.org/save/

archiving URL https://twitter.com/VP/status/930901200098209792
    ... archiving using prefix http://web.archive.org/save/


New tweet from VP: RT @SecondLady: Observed an art therapy session with a six
year old patient &amp; her art therapist at @DellsChildren Hospital in Austin.
Amazi…

archiving URL http://twitter.com/VP/status/930903704529788928
    ... archiving using prefix http://web.archive.org/save/

archiving URL https://twitter.com/VP/status/930903704529788928
    ... archiving using prefix http://web.archive.org/save/
getting all tweets before ID #906901620251906050


New tweet from VP: Thanks to the hard-working men &amp; women of @FEMA,
@FEMA_Brock, @GovAbbott, @SecretaryPerry &amp; emergency responders -…
https://t.co/HnF6mEwSuo

archiving URL http://twitter.com/VP/status/930917214785605634
    ... archiving using prefix http://web.archive.org/save/

archiving URL https://twitter.com/VP/status/930917214785605634
    ... archiving using prefix http://web.archive.org/save/


New tweet from VP: RT @SecondLady: Great visit! Viewed artwork created in art
therapy sessions @dellchildrens &amp; talked w/an art therapist &amp;
physicians. Thank…

archiving URL http://twitter.com/VP/status/930950518872117248
    ... archiving using prefix http://web.archive.org/save/

archiving URL https://twitter.com/VP/status/930950518872117248
    ... archiving using prefix http://web.archive.org/save/


New tweet from VP: .@statesman: "Pence, in Austin, stresses federal commitment
 to Harvey recovery"

Full article here:… https://t.co/vyaeORwooZ

archiving URL http://twitter.com/VP/status/930961693840158721
    ... archiving using prefix http://web.archive.org/save/

archiving URL https://twitter.com/VP/status/930961693840158721
    ... archiving using prefix http://web.archive.org/save/


New tweet from VP: RT @SpecNewsATX: .@SecondLady Karen Pence visited
@dellchildrens today to learn more about the hospital's art therapy initiatives
https://t…

archiving URL http://twitter.com/VP/status/930965826622181376
    ... archiving using prefix http://web.archive.org/save/

archiving URL https://twitter.com/VP/status/930965826622181376
    ... archiving using prefix http://web.archive.org/save/


New tweet from VP: Grateful to the brave men &amp; women of Texas law
enforcement for everything you do! https://t.co/I0mXrFVZaJ

archiving URL http://twitter.com/VP/status/930993557992767488
    ... archiving using prefix http://web.archive.org/save/

archiving URL https://twitter.com/VP/status/930993557992767488
    ... archiving using prefix http://web.archive.org/save/
    ...400 tweets downloaded so far


New tweet from SBALinda: Tune in now to the @HowieCarrShow and hear about
#TaxReform in relation to #SmallBusiness!

archiving URL http://twitter.com/SBALinda/status/930905532164173826
about to get all tweets newer than ID #930868410497585164 for account
@IvankaTrump
    ... archiving using prefix http://web.archive.org/save/

archiving URL https://twitter.com/SBALinda/status/930905532164173826
    ... archiving using prefix http://web.archive.org/save/
getting all tweets before ID #905972032621436927
    ...400 tweets downloaded so far
about to get all tweets newer than ID #930498387610427393 for account
@stevenmnuchin1


New tweet from IvankaTrump: RT @SenDeanHeller: Thank you @IvankaTrump for your
 leadership on enhancing the child tax credit. The Senate #taxrelief bill now
includes my…

archiving URL http://twitter.com/IvankaTrump/status/930929046157971456
    ... archiving using prefix http://web.archive.org/save/

archiving URL https://twitter.com/IvankaTrump/status/930929046157971456
    ... archiving using prefix http://web.archive.org/save/
about to get all tweets newer than ID #930462841525751809 for account
@SecretaryAcosta
getting all tweets before ID #870312908000985095
    ...305 tweets downloaded so far
about to get all tweets newer than ID #856041462164836355 for account
@FirstLadyIN


New tweet from SecretaryAcosta: As #NAW17 continues, I toured @smartunionworks
 Sheet Metal Workers’ Apprentice Training Center in #Maryland to see…
https://t.co/SmQ2NhYR4Z

archiving URL http://twitter.com/SecretaryAcosta/status/930925538109161473
    ... archiving using prefix http://web.archive.org/save/

archiving URL https://twitter.com/SecretaryAcosta/status/930925538109161473
    ... archiving using prefix http://web.archive.org/save/
about to get all tweets newer than ID #930884367328481280 for account @PRyan
getting all tweets before ID #890329736513294335
    ...397 tweets downloaded so far
about to get all tweets newer than ID #930805103157760000 for account
@IvankaTrumpHQ


New tweet from PRyan: We want to get our economy growing faster because that
means more jobs. Here’s how tax reform will help → https://t.co/V2ZRMw65Nr

archiving URL http://twitter.com/PRyan/status/930927658979934209
    ... archiving using prefix http://web.archive.org/save/

archiving URL https://twitter.com/PRyan/status/930927658979934209
    ... archiving using prefix http://web.archive.org/save/
about to get all tweets newer than ID #867385249340297217 for account
@RealBenCarson
about to get all tweets newer than ID #836780744810844161 for account
@StephenMillerAL
about to get all tweets newer than ID #930881950180556800 for account
@seanspicer
getting all tweets before ID #908477988718727168
    ...400 tweets downloaded so far


New tweet from seanspicer: Oped in @thehill via @AndyPuzder : Credit
@realDonaldTrump for boosting business and fueling our economic growth
https://t.co/YCHPEZij7N

archiving URL http://twitter.com/seanspicer/status/930906256151212032
about to get all tweets newer than ID #824610180881117184 for account
@GovPenceIN
    ... archiving using prefix http://web.archive.org/save/

archiving URL https://twitter.com/seanspicer/status/930906256151212032
    ... archiving using prefix http://web.archive.org/save/
about to get all tweets newer than ID #795981284761894912 for account
@MELANIATRUMP
about to get all tweets newer than ID #930790856734445568 for account @POTUS
getting all tweets before ID #925351022888923135
    ...400 tweets downloaded so far


New tweet from POTUS: RT @narendramodi: We look forward to welcoming you
@IvankaTrump. Closer economic cooperation between India and USA helps our
people, partic…
about to get all tweets newer than ID #926116193055989761 for account
@MickMulvaneyOMB

archiving URL http://twitter.com/POTUS/status/930790904348205056
    ... archiving using prefix http://web.archive.org/save/

archiving URL https://twitter.com/POTUS/status/930790904348205056
    ... archiving using prefix http://web.archive.org/save/


New tweet from POTUS: RT @realDonaldTrump: While in the Philippines I was
forced to watch @CNN, which I have not done in months, and again realized how
bad, and…

archiving URL http://twitter.com/POTUS/status/930790998212571136
    ... archiving using prefix http://web.archive.org/save/

archiving URL https://twitter.com/POTUS/status/930790998212571136
    ... archiving using prefix http://web.archive.org/save/
about to get all tweets newer than ID #930428141289574400 for account
@SecretarySonny
about to get all tweets newer than ID #930884494676185088 for account
@SecretaryPerry
getting all tweets before ID #915666669841809407
    ...400 tweets downloaded so far


New tweet from SecretaryPerry: @j_zelikova @ENERGY Thanks for asking! The
Department of @Energy does a lot to promote #WomeninSTEM including, but…
https://t.co/JpjbvBctaG
about to get all tweets newer than ID #930405784864911360 for account
@JessicaDitto45

archiving URL http://twitter.com/SecretaryPerry/status/930909871201050625
    ... archiving using prefix http://web.archive.org/save/

archiving URL https://twitter.com/SecretaryPerry/status/930909871201050625
    ... archiving using prefix http://web.archive.org/save/


New tweet from SecretaryPerry: An honor to be here, Sir.
https://t.co/DfD8VdYyrK

archiving URL http://twitter.com/SecretaryPerry/status/930921538982903808
    ... archiving using prefix http://web.archive.org/save/

archiving URL https://twitter.com/SecretaryPerry/status/930921538982903808
    ... archiving using prefix http://web.archive.org/save/
getting all tweets before ID #917542658238590975
    ...400 tweets downloaded so far


New tweet from JessicaDitto45: RT @Scavino45: 20,295 miles later #POTUSinAsia
has successfully concluded as @POTUS @realDonaldTrump lands on the South Lawn of
 @WhiteHouse…
about to get all tweets newer than ID #816290296048873472 for account
@WilburRoss

archiving URL http://twitter.com/JessicaDitto45/status/930645570372423681
    ... archiving using prefix http://web.archive.org/save/

archiving URL https://twitter.com/JessicaDitto45/status/930645570372423681
    ... archiving using prefix http://web.archive.org/save/


New tweet from JessicaDitto45: RT @realDonaldTrump: Just returned from Asia
after 12 very successful days. Great to be home!

archiving URL http://twitter.com/JessicaDitto45/status/930661274010124288
    ... archiving using prefix http://web.archive.org/save/

archiving URL https://twitter.com/JessicaDitto45/status/930661274010124288
    ... archiving using prefix http://web.archive.org/save/
about to get all tweets newer than ID #930844034830098433 for account
@nikkihaley


New tweet from JessicaDitto45: RT @VP: Thanks to the hard-working men &amp;
women of @FEMA, @FEMA_Brock, @GovAbbott, @SecretaryPerry &amp; emergency
responders - grateful for you…

archiving URL http://twitter.com/JessicaDitto45/status/930918402369220608
    ... archiving using prefix http://web.archive.org/save/

archiving URL https://twitter.com/JessicaDitto45/status/930918402369220608
    ... archiving using prefix http://web.archive.org/save/


New tweet from JessicaDitto45: Thank you for your dedication and partnership.
We are with you to help Puerto Rico rebuild. #PRStrong https://t.co/0FMxN2ubwz

archiving URL http://twitter.com/JessicaDitto45/status/930924097181290496
    ... archiving using prefix http://web.archive.org/save/

archiving URL https://twitter.com/JessicaDitto45/status/930924097181290496
    ... archiving using prefix http://web.archive.org/save/
about to get all tweets newer than ID #-1 for account @ElaineChao
about to get all tweets newer than ID #930854440772558848 for account
@Scaramucci
getting all tweets before ID #921062492838563839
    ...400 tweets downloaded so far


New tweet from Scaramucci: RT @laurasgoldman: For those that missed
@Scaramucci @wacphila , here is a video of his talk. You will find him
intelligent, informative, a…
about to get all tweets newer than ID #930840960346611712 for account
@realDonaldTrump

archiving URL http://twitter.com/Scaramucci/status/930916483928084480
    ... archiving using prefix http://web.archive.org/save/

archiving URL https://twitter.com/Scaramucci/status/930916483928084480
    ... archiving using prefix http://web.archive.org/save/


New tweet from Scaramucci: RT @IsraeliPM: Why did Israel offer medical aid to
victims of the earthquake on the Iran-Iraq border? For one reason...
https://t.co/f12LGJ…

archiving URL http://twitter.com/Scaramucci/status/930977815201239040
    ... archiving using prefix http://web.archive.org/save/

archiving URL https://twitter.com/Scaramucci/status/930977815201239040
    ... archiving using prefix http://web.archive.org/save/
getting all tweets before ID #923365521847934975
    ...400 tweets downloaded so far


New tweet from realDonaldTrump: Why are Democrats fighting massive tax cuts
for the middle class and business (jobs)? The reason: Obstruction and Delay!
about to get all tweets newer than ID #930854543931465728 for account
@SecretaryZinke

archiving URL http://twitter.com/realDonaldTrump/status/930981685658902528
    ... archiving using prefix http://web.archive.org/save/

archiving URL https://twitter.com/realDonaldTrump/status/930981685658902528
    ... archiving using prefix http://web.archive.org/save/


New tweet from realDonaldTrump: Big vote tomorrow in the House. Tax cuts are
getting close!

archiving URL http://twitter.com/realDonaldTrump/status/930982399202217984
    ... archiving using prefix http://web.archive.org/save/

archiving URL https://twitter.com/realDonaldTrump/status/930982399202217984
    ... archiving using prefix http://web.archive.org/save/
getting all tweets before ID #913488571478224896
    ...400 tweets downloaded so far


New tweet from SecretaryZinke: Beautiful craftsmanship and rich culture. We're
 celebrating  #NativeAmericanHeritageMonth #RockYourMocs at @Interior
https://t.co/WfCI2FgaEC
about to get all tweets newer than ID #928448335584858113 for account @Reince

archiving URL http://twitter.com/SecretaryZinke/status/930893700812754946
    ... archiving using prefix http://web.archive.org/save/

archiving URL https://twitter.com/SecretaryZinke/status/930893700812754946
    ... archiving using prefix http://web.archive.org/save/


New tweet from SecretaryZinke: Wrapping up #RockYourMocs Day w/
@USIndianAffairs Acting Assistant Sec Tahsuda #NAHM17 https://t.co/ZanaJDmwcG

archiving URL http://twitter.com/SecretaryZinke/status/930914572822896641
    ... archiving using prefix http://web.archive.org/save/

archiving URL https://twitter.com/SecretaryZinke/status/930914572822896641
    ... archiving using prefix http://web.archive.org/save/


New tweet from SecretaryZinke: RT @USIndianAffairs: Thank you @SecretaryZinke
for sharing in our celebration of #NAHM17 on #RockYourMocs Day!  We were honored
 to hear you…

archiving URL http://twitter.com/SecretaryZinke/status/930941697114234880
    ... archiving using prefix http://web.archive.org/save/
about to get all tweets newer than ID #913881045652688901 for account
@SecPriceMD

archiving URL https://twitter.com/SecretaryZinke/status/930941697114234880
    ... archiving using prefix http://web.archive.org/save/


New tweet from SecretaryZinke: RT @USFWSRefuges: One woman’s story of her
first white-tailed deer #hunt: https://t.co/IK8ZrPupsw https://t.co/B6CMuIPnEJ

archiving URL http://twitter.com/SecretaryZinke/status/930941798989647872
    ... archiving using prefix http://web.archive.org/save/

archiving URL https://twitter.com/SecretaryZinke/status/930941798989647872
    ... archiving using prefix http://web.archive.org/save/
... OK, we're set up, and about to watch 803703725730779136, 818927131883356161,
 18906561, 823638938590085124, 18916432, 471672239, 822127086194348032,
892173412818354177, 828613457020870657, 620571475, 599530439, 296060169,
29547260, 22203756, 818876014390603776, 822215673812119553, 831482588246196225,
823367015830323201, 826065858548133888, 836305915452272641, 832672006113931269,
828997388920619008, 866746592853979137, 6577802, 65522706, 212262370,
818910970567344128, 819992522109894658, 52544275, 799764016885329921,
819980276570976256, 1923451808, 733751245, 798195585824104449, 1180379185,
728361177986797568, 20776147, 15985455, 108471631, 822215679726100480,
888031054141022209, 842072478834909184, 830128820447539208, 836724024688410625,
809836066316451840, 37666984, 105267762, 24578794, 25073877, 827258161841135623,
 20733972, 829782369670410240
WARNING: received error HTTPSConnectionPool(host='stream.twitter.com',
port=443): Read timed out.; sleeping and trying again ...
WARNING: received error HTTPSConnectionPool(host='stream.twitter.com',
port=443): Read timed out.; sleeping and trying again ...
WARNING: received error HTTPSConnectionPool(host='stream.twitter.com',
port=443): Read timed out.; sleeping and trying again ...
WARNING: received error HTTPSConnectionPool(host='stream.twitter.com',
port=443): Read timed out.; sleeping and trying again ...
WARNING: received error HTTPSConnectionPool(host='stream.twitter.com',
port=443): Read timed out.; sleeping and trying again ...
WARNING: received error HTTPSConnectionPool(host='stream.twitter.com',
port=443): Read timed out.; sleeping and trying again ...
WARNING: received error HTTPSConnectionPool(host='stream.twitter.com',
port=443): Read timed out.; sleeping and trying again ...
WARNING: received error HTTPSConnectionPool(host='stream.twitter.com',
port=443): Read timed out.; sleeping and trying again ...
WARNING: received error HTTPSConnectionPool(host='stream.twitter.com',
port=443): Read timed out.; sleeping and trying again ...
