Hello, traveler. This is the beginning of a log file called: "Fascist Tweet Archiver".
Some basic system info about the host machine: posix.uname_result(sysname='Linux', nodename='file-server', release='3.16.0-4-686-pae', version='#1 SMP Debian 3.16.43-2+deb8u5 (2017-09-19)', machine='i686')
This log was begun Wednesday, 29 November 2017 at 06:42



INFO: read target account data; we're tracking 52 accounts
WARNING: no ProtocolError (got exception "name 'ProtocolError' is not defined");
 trying requests.packages.urllib3.exceptions instead
NOTE: successfully imported from requests
Starting up...
about to get all tweets newer than ID #933749689714991105 for account
@TomBossert45
ERROR: unable to get tweets for account @TomBossert45
           the system said: Failed to send request: ("Connection broken:
ConnectionResetError(104, 'Connection reset by peer')",
ConnectionResetError(104, 'Connection reset by peer'))
about to get all tweets newer than ID #890659905798983680 for account @Reince45
ERROR: unable to get tweets for account @Reince45
           the system said: Failed to parse JSON payload: Unterminated string
starting at: line 1 column 508438 (char 508437)
about to get all tweets newer than ID #935635098694832129 for account
@SpeakerRyan
ERROR: unable to get tweets for account @SpeakerRyan
           the system said: Failed to parse JSON payload: Expecting value: line
1 column 507252 (char 507251)
about to get all tweets newer than ID #830074939298414592 for account
@RepTomPrice
about to get all tweets newer than ID #935498951104585728 for account
@seanspicer
ERROR: unable to get tweets for account @seanspicer
           the system said: Failed to parse JSON payload: Unterminated string
starting at: line 1 column 507147 (char 507146)
about to get all tweets newer than ID #-1 for account @ElaineChao
about to get all tweets newer than ID #935663524210200576 for account
@WhiteHouse
ERROR: unable to get tweets for account @WhiteHouse
           the system said: Failed to parse JSON payload: Unterminated string
starting at: line 1 column 508886 (char 508885)
about to get all tweets newer than ID #935643095147958273 for account
@SecShulkin
ERROR: unable to get tweets for account @SecShulkin
           the system said: Failed to parse JSON payload: Unterminated string
starting at: line 1 column 702568 (char 702567)
about to get all tweets newer than ID #928306806681735168 for account
@BetsyDeVosED
ERROR: unable to get tweets for account @BetsyDeVosED
           the system said: Failed to parse JSON payload: Unterminated string
starting at: line 1 column 503782 (char 503781)
about to get all tweets newer than ID #935661414332682241 for account
@StephGrisham45
ERROR: unable to get tweets for account @StephGrisham45
           the system said: Failed to parse JSON payload: Unterminated string
starting at: line 1 column 508909 (char 508908)
about to get all tweets newer than ID #935720011393626113 for account
@KellyannePolls
ERROR: unable to get tweets for account @KellyannePolls
           the system said: Failed to parse JSON payload: Invalid \uXXXX escape:
 line 1 column 508938 (char 508937)
about to get all tweets newer than ID #935630766846939136 for account
@stevenmnuchin1
ERROR: unable to get tweets for account @stevenmnuchin1
           the system said: Failed to send request: ('Connection aborted.',
ConnectionResetError(104, 'Connection reset by peer'))
about to get all tweets newer than ID #935602234213257216 for account @FLOTUS
about to get all tweets newer than ID #935715376641511424 for account @Scavino45
ERROR: unable to get tweets for account @Scavino45
           the system said: Failed to send request:
HTTPSConnectionPool(host='api.twitter.com', port=443): Read timed out. (read
timeout=60)
about to get all tweets newer than ID #935658765466075137 for account
@IvankaTrump
ERROR: unable to get tweets for account @IvankaTrump
           the system said: Failed to parse JSON payload: Expecting property
name enclosed in double quotes: line 1 column 504596 (char 504595)
about to get all tweets newer than ID #903694300306923521 for account
@SecElaineChao
about to get all tweets newer than ID #935689292290187264 for account @PressSec
about to get all tweets newer than ID #913881045652688901 for account
@SecPriceMD
ERROR: unable to get tweets for account @SecPriceMD
           the system said: Failed to parse JSON payload: Unterminated string
starting at: line 1 column 503049 (char 503048)
about to get all tweets newer than ID #816290296048873472 for account
@WilburRoss
about to get all tweets newer than ID #935652983232188416 for account
@SecondLady
about to get all tweets newer than ID #935723143368462336 for account
@DanScavino
about to get all tweets newer than ID #934446372824211456 for account
@SecretarySonny
about to get all tweets newer than ID #930982584649175047 for account
@mike_pence
about to get all tweets newer than ID #898632795517403136 for account
@GeneralJFKellly
ERROR: unable to get tweets for account @GeneralJFKellly
           the system said: Not authorized.
about to get all tweets newer than ID #795981284761894912 for account
@MELANIATRUMP
about to get all tweets newer than ID #935670898031583232 for account @PRyan
about to get all tweets newer than ID #816846808789958656 for account
@SenDanCoats
about to get all tweets newer than ID #933713814859780098 for account
@EPAScottPruitt
about to get all tweets newer than ID #856041462164836355 for account
@FirstLadyIN
ERROR: unable to get tweets for account @FirstLadyIN
           the system said: Failed to send request: ('Connection aborted.',
BadStatusLine("''",))
about to get all tweets newer than ID #836780744810844161 for account
@StephenMillerAL
about to get all tweets newer than ID #935692301522882560 for account
@AshLeeStrong
ERROR: unable to get tweets for account @AshLeeStrong
           the system said: Failed to parse JSON payload: Unterminated string
starting at: line 1 column 503024 (char 503023)
about to get all tweets newer than ID #929769209055338496 for account
@GovernorPerry
ERROR: unable to get tweets for account @GovernorPerry
           the system said: Failed to parse JSON payload: Unterminated string
starting at: line 1 column 508920 (char 508919)
about to get all tweets newer than ID #923261387434012672 for account
@SecretaryRoss
about to get all tweets newer than ID #935600579929309184 for account
@SecretaryZinke
ERROR: unable to get tweets for account @SecretaryZinke
           the system said: Failed to parse JSON payload: Unterminated string
starting at: line 1 column 506947 (char 506946)
about to get all tweets newer than ID #935565566785523713 for account
@SecretaryAcosta
ERROR: unable to get tweets for account @SecretaryAcosta
           the system said: Failed to parse JSON payload: Unterminated string
starting at: line 1 column 506976 (char 506975)
about to get all tweets newer than ID #935686495054254080 for account @POTUS
ERROR: unable to get tweets for account @POTUS
           the system said: Failed to send request: EOF occurred in violation of
 protocol (_ssl.c:600)
about to get all tweets newer than ID #928448335584858113 for account @Reince
ERROR: unable to get tweets for account @Reince
           the system said: Failed to parse JSON payload: Invalid \uXXXX escape:
 line 1 column 509354 (char 509353)
about to get all tweets newer than ID #933349414835576834 for account
@IvankaTrumpHQ
ERROR: unable to get tweets for account @IvankaTrumpHQ
           the system said: Failed to parse JSON payload: Unterminated string
starting at: line 1 column 508932 (char 508931)
about to get all tweets newer than ID #824610180881117184 for account
@GovPenceIN
about to get all tweets newer than ID #934590789518286848 for account
@MickMulvaneyOMB
about to get all tweets newer than ID #832282841471918080 for account
@BetsyDeVos
about to get all tweets newer than ID #935555948684496896 for account
@JessicaDitto45
ERROR: unable to get tweets for account @JessicaDitto45
           the system said: Failed to parse JSON payload: Unterminated string
starting at: line 1 column 501572 (char 501571)
about to get all tweets newer than ID #935618071116513281 for account
@nikkihaley
about to get all tweets newer than ID #935728170975875083 for account
@SecretaryCarson
ERROR: unable to get tweets for account @SecretaryCarson
           the system said: Failed to parse JSON payload: Invalid \uXXXX escape:
 line 1 column 503600 (char 503599)
about to get all tweets newer than ID #935835032370982913 for account
@realDonaldTrump
ERROR: unable to get tweets for account @realDonaldTrump
           the system said: Failed to parse JSON payload: Expecting value: line
1 column 508594 (char 508593)
about to get all tweets newer than ID #867385249340297217 for account
@RealBenCarson
ERROR: unable to get tweets for account @RealBenCarson
           the system said: Failed to parse JSON payload: Unterminated string
starting at: line 1 column 505964 (char 505963)
about to get all tweets newer than ID #-1 for account @jaredkushner
about to get all tweets newer than ID #935703565456302080 for account @VP
ERROR: unable to get tweets for account @VP
           the system said: Failed to parse JSON payload: Unterminated string
starting at: line 1 column 506409 (char 506408)
about to get all tweets newer than ID #898401955847876608 for account
@Linda_McMahon
ERROR: unable to get tweets for account @Linda_McMahon
           the system said: Failed to parse JSON payload: Unterminated string
starting at: line 1 column 504758 (char 504757)
about to get all tweets newer than ID #935603301596282880 for account @SBALinda
ERROR: unable to get tweets for account @SBALinda
           the system said: Failed to send request:
HTTPSConnectionPool(host='api.twitter.com', port=443): Read timed out.
about to get all tweets newer than ID #935721234846900224 for account
@Scaramucci
getting all tweets before ID #924322157978628095
    ...399 tweets downloaded so far


New tweet from Scaramucci: No fraternity for me there. It was 35 year
relationship with the school. Time to move on now. https://t.co/pxzMf0ghSf

archiving URL http://twitter.com/Scaramucci/status/935854094807392256
    ... archiving using prefix http://web.archive.org/save/
about to get all tweets newer than ID #935547075093295104 for account
@SecretaryPerry

archiving URL https://twitter.com/Scaramucci/status/935854094807392256
    ... archiving using prefix http://web.archive.org/save/
... OK, we're set up, and about to watch 866746592853979137, 803703725730779136,
 18916432, 6577802, 20776147, 105267762, 822215673812119553, 831482588246196225,
 828997388920619008, 823638938590085124, 471672239, 799764016885329921,
818876014390603776, 823367015830323201, 52544275, 826065858548133888,
818927131883356161, 829782369670410240, 809836066316451840, 822127086194348032,
620571475, 842072478834909184, 22203756, 892173412818354177, 108471631,
733751245, 212262370, 832672006113931269, 1923451808, 728361177986797568,
296060169, 18906561, 836305915452272641, 827258161841135623, 819980276570976256,
 822215679726100480, 20733972, 798195585824104449, 15985455, 888031054141022209,
 599530439, 836724024688410625, 37666984, 828613457020870657, 25073877,
1180379185, 29547260, 818910970567344128, 65522706, 819992522109894658,
24578794, 830128820447539208
