Beginning of a log file: "Fascist Tweet Archiver".
System info: posix.uname_result(sysname='Linux', nodename='file-server', release='3.16.0-4-686-pae', version='#1 SMP Debian 3.16.43-2+deb8u3 (2017-08-15)', machine='i686')
Log started 2017-09-22 11:35:05.102957



INFO: read target account data; we're tracking 52 accounts
WARNING: no ProtocolError (got exception "name 'ProtocolError' is not defined");
 trying requests.packages.urllib3.exceptions instead
NOTE: successfully imported from requests
Starting up...
about to get all tweets newer than ID #904032783621816321 for account
@GovernorPerry
about to get all tweets newer than ID #911081130593361920 for account
@JessicaDitto45
about to get all tweets newer than ID #911286980650127360 for account
@SpeakerRyan
about to get all tweets newer than ID #910635369305186304 for account
@IvankaTrump
about to get all tweets newer than ID #911292093120827392 for account
@SecShulkin
about to get all tweets newer than ID #911296397621817345 for account
@SecretaryCarson
about to get all tweets newer than ID #-1 for account @jaredkushner
about to get all tweets newer than ID #911287162624192513 for account @VP
about to get all tweets newer than ID #908861000085942272 for account
@BetsyDeVosED
about to get all tweets newer than ID #911287627726409728 for account @PressSec
about to get all tweets newer than ID #900176895505043457 for account
@mike_pence
about to get all tweets newer than ID #911297444960489472 for account
@SecretarySonny
getting all tweets before ID #899693983877799937
    ...400 tweets downloaded so far
New tweet from SecretarySonny: Great crowd at SW Council of Agribusiness
gathering in Lamesa, TX. Heavy equipment as backdrop not too shabby, eith…
https://t.co/BIq1ImCs2X

archiving URL http://twitter.com/SecretarySonny/status/911297760451862528
    ... archiving using prefix http://web.archive.org/save/
about to get all tweets newer than ID #890345975247753216 for account @Reince

archiving URL https://twitter.com/SecretarySonny/status/911297760451862528
    ... archiving using prefix http://web.archive.org/save/
about to get all tweets newer than ID #898632795517403136 for account
@GeneralJFKellly
about to get all tweets newer than ID #910899489891868673 for account @FLOTUS
about to get all tweets newer than ID #875771618638917632 for account
@SecretaryRoss
about to get all tweets newer than ID #824610180881117184 for account
@GovPenceIN
about to get all tweets newer than ID #911283636753838080 for account
@SecretaryZinke
about to get all tweets newer than ID #867385249340297217 for account
@RealBenCarson
about to get all tweets newer than ID #816290296048873472 for account
@WilburRoss
about to get all tweets newer than ID #910576071036358656 for account
@seanspicer
about to get all tweets newer than ID #832282841471918080 for account
@BetsyDeVos
about to get all tweets newer than ID #816846808789958656 for account
@SenDanCoats
about to get all tweets newer than ID #856041462164836355 for account
@FirstLadyIN
about to get all tweets newer than ID #-1 for account @ElaineChao
about to get all tweets newer than ID #890659905798983680 for account @Reince45
about to get all tweets newer than ID #910891273892040704 for account
@SecondLady
about to get all tweets newer than ID #911287733854781440 for account @PRyan
about to get all tweets newer than ID #911285089501249536 for account
@AshLeeStrong
about to get all tweets newer than ID #911214392867467265 for account
@SecretaryPerry
about to get all tweets newer than ID #910948382088232961 for account
@SecretaryAcosta
about to get all tweets newer than ID #911287725847908352 for account
@realDonaldTrump
about to get all tweets newer than ID #911032135473090560 for account
@nikkihaley
about to get all tweets newer than ID #830074939298414592 for account
@RepTomPrice
about to get all tweets newer than ID #910688472343695360 for account
@DanScavino
about to get all tweets newer than ID #795981284761894912 for account
@MELANIATRUMP
about to get all tweets newer than ID #898401955847876608 for account
@Linda_McMahon
about to get all tweets newer than ID #911228466774888448 for account
@KellyannePolls
about to get all tweets newer than ID #911267285775654914 for account @POTUS
about to get all tweets newer than ID #911287404602019841 for account @SBALinda
about to get all tweets newer than ID #911256476299223046 for account
@Scaramucci
about to get all tweets newer than ID #910814333998915584 for account
@TomBossert45
about to get all tweets newer than ID #910567254806323200 for account
@SecPriceMD
about to get all tweets newer than ID #910176450531270656 for account
@EPAScottPruitt
about to get all tweets newer than ID #911267332743364609 for account @Scavino45
about to get all tweets newer than ID #903694300306923521 for account
@SecElaineChao
about to get all tweets newer than ID #911296797347368961 for account
@WhiteHouse
about to get all tweets newer than ID #906521136531492870 for account
@MickMulvaneyOMB
about to get all tweets newer than ID #911293497784840192 for account
@StephGrisham45
about to get all tweets newer than ID #836780744810844161 for account
@StephenMillerAL
about to get all tweets newer than ID #910973545676771329 for account
@stevenmnuchin1
about to get all tweets newer than ID #911273899157016576 for account
@IvankaTrumpHQ
... OK, we're set up, and about to watch 18906561, 836724024688410625, 18916432,
 52544275, 831482588246196225, 828613457020870657, 29547260, 818910970567344128,
 828997388920619008, 818927131883356161, 22203756, 842072478834909184, 20733972,
 892173412818354177, 818876014390603776, 836305915452272641, 15985455,
827258161841135623, 1180379185, 809836066316451840, 20776147, 599530439,
212262370, 1923451808, 105267762, 803703725730779136, 822127086194348032,
733751245, 296060169, 830128820447539208, 819980276570976256, 25073877,
37666984, 6577802, 620571475, 108471631, 65522706, 471672239,
822215679726100480, 819992522109894658, 24578794, 866746592853979137,
829782369670410240, 832672006113931269, 823367015830323201, 826065858548133888,
822215673812119553, 888031054141022209, 823638938590085124, 728361177986797568,
799764016885329921, 798195585824104449
New tweet from Scaramucci: RT @ScaramucciPost: Who was the better Anthony
Scaramucci on @TheView today? @Scaramucci or @macantone

archiving URL http://twitter.com/Scaramucci/status/911300104430157824
    ... archiving using prefix http://web.archive.org/save/

archiving URL https://twitter.com/Scaramucci/status/911300104430157824
    ... archiving using prefix http://web.archive.org/save/
INFO: We're handling a deletion notification for tweet ID# 911247603622440960 on
 account Scaramucci
ERROR: 
  Exception is:
<class 'ValueError'>
  Value of data is:
{'delete': {'status': {'id': 911247603622440960,
'id_str': '911247603622440960',
                       'user_id': 24578794,

                       'user_id_str': '24578794'},
            'timestamp_ms':
'1506105852962'}}
