Hello, traveler. This is the beginning of a log file called: "Fascist Tweet Archiver".
Some basic system info about the host machine: posix.uname_result(sysname='Linux', nodename='file-server', release='3.16.0-4-686-pae', version='#1 SMP Debian 3.16.43-2+deb8u5 (2017-09-19)', machine='i686')
This log was begun Wednesday, 29 November 2017 at 12:30



INFO: read target account data; we're tracking 52 accounts
WARNING: no ProtocolError (got exception "name 'ProtocolError' is not defined");
 trying requests.packages.urllib3.exceptions instead
NOTE: successfully imported from requests
Starting up...
about to get all tweets newer than ID #928448335584858113 for account @Reince
ERROR: unable to get tweets for account @Reince
           the system said: Failed to parse JSON payload: Unterminated string
starting at: line 1 column 504089 (char 504088)
about to get all tweets newer than ID #935908528736407553 for account @PressSec
ERROR: unable to get tweets for account @PressSec
           the system said: Failed to parse JSON payload: Unterminated string
starting at: line 1 column 508917 (char 508916)
about to get all tweets newer than ID #903694300306923521 for account
@SecElaineChao
about to get all tweets newer than ID #935937567953956871 for account
@SpeakerRyan
ERROR: unable to get tweets for account @SpeakerRyan
           the system said: Failed to parse JSON payload: Unterminated string
starting at: line 1 column 507946 (char 507945)
about to get all tweets newer than ID #795981284761894912 for account
@MELANIATRUMP
ERROR: unable to get tweets for account @MELANIATRUMP
           the system said: Failed to send request:
HTTPSConnectionPool(host='api.twitter.com', port=443): Read timed out.
about to get all tweets newer than ID #935895906053971968 for account
@SecretaryAcosta
about to get all tweets newer than ID #-1 for account @ElaineChao
about to get all tweets newer than ID #935728170975875083 for account
@SecretaryCarson
about to get all tweets newer than ID #935879885012250624 for account @Scavino45
ERROR: unable to get tweets for account @Scavino45
           the system said: Failed to parse JSON payload: Unterminated string
starting at: line 1 column 505408 (char 505407)
about to get all tweets newer than ID #856041462164836355 for account
@FirstLadyIN
ERROR: unable to get tweets for account @FirstLadyIN
           the system said: Failed to parse JSON payload: Unterminated string
starting at: line 1 column 1027318 (char 1027317)
about to get all tweets newer than ID #934446372824211456 for account
@SecretarySonny
ERROR: unable to get tweets for account @SecretarySonny
           the system said: Failed to parse JSON payload: Unterminated string
starting at: line 1 column 506977 (char 506976)
about to get all tweets newer than ID #816846808789958656 for account
@SenDanCoats
about to get all tweets newer than ID #935547075093295104 for account
@SecretaryPerry
ERROR: unable to get tweets for account @SecretaryPerry
           the system said: Failed to parse JSON payload: Unterminated string
starting at: line 1 column 501143 (char 501142)
about to get all tweets newer than ID #935643095147958273 for account
@SecShulkin
ERROR: unable to get tweets for account @SecShulkin
           the system said: Failed to parse JSON payload: Expecting property
name enclosed in double quotes: line 1 column 507493 (char 507492)
about to get all tweets newer than ID #928306806681735168 for account
@BetsyDeVosED
ERROR: unable to get tweets for account @BetsyDeVosED
           the system said: Failed to parse JSON payload: Unterminated string
starting at: line 1 column 509891 (char 509890)
about to get all tweets newer than ID #935602234213257216 for account @FLOTUS
ERROR: unable to get tweets for account @FLOTUS
           the system said: Failed to parse JSON payload: Unterminated string
starting at: line 1 column 510284 (char 510283)
about to get all tweets newer than ID #935630766846939136 for account
@stevenmnuchin1
ERROR: unable to get tweets for account @stevenmnuchin1
           the system said: Failed to parse JSON payload: Expecting property
name enclosed in double quotes: line 1 column 507493 (char 507492)
about to get all tweets newer than ID #935723143368462336 for account
@DanScavino
about to get all tweets newer than ID #935670898031583232 for account @PRyan
getting all tweets before ID #895345435405160455
    ...399 tweets downloaded so far


New tweet from PRyan: #RT if you want to start the year with a simpler, fairer
 tax code that puts money back in your pocket.

archiving URL http://twitter.com/PRyan/status/935914002286305283
    ... archiving using prefix http://web.archive.org/save/
about to get all tweets newer than ID #890659905798983680 for account @Reince45

archiving URL https://twitter.com/PRyan/status/935914002286305283
    ... archiving using prefix http://web.archive.org/save/
about to get all tweets newer than ID #934590789518286848 for account
@MickMulvaneyOMB
about to get all tweets newer than ID #913881045652688901 for account
@SecPriceMD


New tweet from PRyan: Passing #TaxReform will help us keep this growth going
⬆️ More Jobs
⬆️ Bigger Paychecks
⬆️ Better Opportunities https://t.co/zTSMZJAxww

archiving URL http://twitter.com/PRyan/status/935919537798594560
    ... archiving using prefix http://web.archive.org/save/

archiving URL https://twitter.com/PRyan/status/935919537798594560
    ... archiving using prefix http://web.archive.org/save/
about to get all tweets newer than ID #935917539166695431 for account
@IvankaTrump
about to get all tweets newer than ID #929769209055338496 for account
@GovernorPerry
about to get all tweets newer than ID #824610180881117184 for account
@GovPenceIN
ERROR: unable to get tweets for account @GovPenceIN
           the system said: Failed to parse JSON payload: Unterminated string
starting at: line 1 column 507941 (char 507940)
about to get all tweets newer than ID #935925959152340992 for account @VP
ERROR: unable to get tweets for account @VP
           the system said: Failed to parse JSON payload: Unterminated string
starting at: line 1 column 506029 (char 506028)
about to get all tweets newer than ID #836780744810844161 for account
@StephenMillerAL
about to get all tweets newer than ID #935661414332682241 for account
@StephGrisham45
ERROR: unable to get tweets for account @StephGrisham45
           the system said: Failed to parse JSON payload: Unterminated string
starting at: line 1 column 506724 (char 506723)
about to get all tweets newer than ID #935889881028616192 for account
@JessicaDitto45
about to get all tweets newer than ID #933749689714991105 for account
@TomBossert45
ERROR: unable to get tweets for account @TomBossert45
           the system said: Failed to parse JSON payload: Unterminated string
starting at: line 1 column 510777 (char 510776)
about to get all tweets newer than ID #933349414835576834 for account
@IvankaTrumpHQ
ERROR: unable to get tweets for account @IvankaTrumpHQ
           the system said: Failed to parse JSON payload: Expecting property
name enclosed in double quotes: line 1 column 504597 (char 504596)
about to get all tweets newer than ID #935652983232188416 for account
@SecondLady
about to get all tweets newer than ID #930982584649175047 for account
@mike_pence
ERROR: unable to get tweets for account @mike_pence
           the system said: Failed to parse JSON payload: Invalid \uXXXX escape:
 line 1 column 504100 (char 504099)
about to get all tweets newer than ID #935884044054691841 for account @POTUS
ERROR: unable to get tweets for account @POTUS
           the system said: Failed to parse JSON payload: Unterminated string
starting at: line 1 column 685586 (char 685585)
about to get all tweets newer than ID #898401955847876608 for account
@Linda_McMahon
ERROR: unable to get tweets for account @Linda_McMahon
           the system said: Failed to parse JSON payload: Unterminated string
starting at: line 1 column 507489 (char 507488)
about to get all tweets newer than ID #832282841471918080 for account
@BetsyDeVos
about to get all tweets newer than ID #898632795517403136 for account
@GeneralJFKellly
ERROR: unable to get tweets for account @GeneralJFKellly
           the system said: Not authorized.
about to get all tweets newer than ID #816290296048873472 for account
@WilburRoss
about to get all tweets newer than ID #935871851481518080 for account
@seanspicer
ERROR: unable to get tweets for account @seanspicer
           the system said: Failed to parse JSON payload: Unterminated string
starting at: line 1 column 506032 (char 506031)
about to get all tweets newer than ID #935904347791036417 for account @SBALinda
ERROR: unable to get tweets for account @SBALinda
           the system said: Failed to parse JSON payload: Unterminated string
starting at: line 1 column 506185 (char 506184)
about to get all tweets newer than ID #935720011393626113 for account
@KellyannePolls
ERROR: unable to get tweets for account @KellyannePolls
           the system said: Failed to parse JSON payload: Unterminated string
starting at: line 1 column 510040 (char 510039)
about to get all tweets newer than ID #935618071116513281 for account
@nikkihaley
ERROR: unable to get tweets for account @nikkihaley
           the system said: Failed to parse JSON payload: Unterminated string
starting at: line 1 column 508937 (char 508936)
about to get all tweets newer than ID #830074939298414592 for account
@RepTomPrice
ERROR: unable to get tweets for account @RepTomPrice
           the system said: Failed to parse JSON payload: Expecting ','
delimiter: line 1 column 505549 (char 505548)
about to get all tweets newer than ID #-1 for account @jaredkushner
about to get all tweets newer than ID #935883355547160577 for account
@realDonaldTrump
ERROR: unable to get tweets for account @realDonaldTrump
           the system said: Failed to parse JSON payload: Invalid \uXXXX escape:
 line 1 column 506496 (char 506495)
about to get all tweets newer than ID #935936736710053888 for account
@AshLeeStrong
getting all tweets before ID #926580709845880831
ERROR: unable to get tweets for account @AshLeeStrong
           the system said: Failed to send request:
HTTPSConnectionPool(host='api.twitter.com', port=443): Read timed out.
about to get all tweets newer than ID #935902460404813827 for account
@SecretaryZinke
about to get all tweets newer than ID #923261387434012672 for account
@SecretaryRoss
about to get all tweets newer than ID #933713814859780098 for account
@EPAScottPruitt
ERROR: unable to get tweets for account @EPAScottPruitt
           the system said: Failed to parse JSON payload: Unterminated string
starting at: line 1 column 506992 (char 506991)
about to get all tweets newer than ID #935663524210200576 for account
@WhiteHouse
ERROR: unable to get tweets for account @WhiteHouse
           the system said: Failed to parse JSON payload: Unterminated string
starting at: line 1 column 507412 (char 507411)
about to get all tweets newer than ID #867385249340297217 for account
@RealBenCarson
ERROR: unable to get tweets for account @RealBenCarson
           the system said: Failed to parse JSON payload: Unterminated string
starting at: line 1 column 507856 (char 507855)
about to get all tweets newer than ID #935854094807392256 for account
@Scaramucci
ERROR: unable to get tweets for account @Scaramucci
           the system said: Failed to parse JSON payload: Unterminated string
starting at: line 1 column 508937 (char 508936)
... OK, we're set up, and about to watch 20733972, 818927131883356161,
826065858548133888, 18916432, 108471631, 819980276570976256, 105267762,
828613457020870657, 823367015830323201, 1923451808, 842072478834909184,
212262370, 830128820447539208, 831482588246196225, 828997388920619008,
818876014390603776, 799764016885329921, 620571475, 733751245,
803703725730779136, 888031054141022209, 829782369670410240, 52544275, 18906561,
15985455, 818910970567344128, 728361177986797568, 823638938590085124,
836724024688410625, 866746592853979137, 798195585824104449, 822127086194348032,
22203756, 822215679726100480, 65522706, 599530439, 892173412818354177,
809836066316451840, 20776147, 819992522109894658, 471672239, 37666984, 6577802,
29547260, 25073877, 296060169, 827258161841135623, 836305915452272641,
832672006113931269, 822215673812119553, 1180379185, 24578794
