Hello, traveler. This is the beginning of a log file called: "Fascist Tweet Archiver".
Some basic system info about the host machine: posix.uname_result(sysname='Linux', nodename='file-server', release='3.16.0-4-686-pae', version='#1 SMP Debian 3.16.51-3 (2017-12-13)', machine='i686')
This log was begun Thursday, 28 December 2017 at 13:45



INFO: read target account data; we're tracking 52 accounts
WARNING: no ProtocolError (got exception "name 'ProtocolError' is not defined");
 trying requests.packages.urllib3.exceptions instead
NOTE: successfully imported from requests
Starting up...
about to get all tweets newer than ID #824610180881117184 for account
@GovPenceIN
about to get all tweets newer than ID #945432117319680000 for account
@GovernorPerry
about to get all tweets newer than ID #816846808789958656 for account
@SenDanCoats
about to get all tweets newer than ID #946046285546602496 for account @SBALinda
about to get all tweets newer than ID #946035200471027712 for account
@StephGrisham45
about to get all tweets newer than ID #946084902142914560 for account
@Scaramucci
getting all tweets before ID #932724191622778885
    ...399 tweets downloaded so far
about to get all tweets newer than ID #945836760617103361 for account
@SecondLady


New tweet from Scaramucci: RT @GOP: 2017 was a record-breaking fundraising
year thanks to the strong leadership of @GOPChairwoman.
https://t.co/x4X53JE1Jn

archiving URL http://twitter.com/Scaramucci/status/946408275272224768
    ... archiving using prefix http://web.archive.org/save/
about to get all tweets newer than ID #946111447943340032 for account
@WhiteHouse

archiving URL https://twitter.com/Scaramucci/status/946408275272224768
    ... archiving using prefix http://web.archive.org/save/
getting all tweets before ID #938869728302559232
    ...400 tweets downloaded so far
about to get all tweets newer than ID #943908455793823744 for account @Reince


New tweet from WhiteHouse: President Trump has unleashed oil and gas
development by expanding access to resources and the infrastructure neede…
https://t.co/GZ3dfm5Jh6

archiving URL http://twitter.com/WhiteHouse/status/946131331641171970
    ... archiving using prefix http://web.archive.org/save/

archiving URL https://twitter.com/WhiteHouse/status/946131331641171970
    ... archiving using prefix http://web.archive.org/save/
about to get all tweets newer than ID #945045186899570693 for account
@SecretaryAcosta


New tweet from WhiteHouse: On the National Space Council’s recommendation,
President Trump signed a directive that puts human exploration back…
https://t.co/RvH27sHNI3

archiving URL http://twitter.com/WhiteHouse/status/946156492230717441
    ... archiving using prefix http://web.archive.org/save/
about to get all tweets newer than ID #-1 for account @ElaineChao

archiving URL https://twitter.com/WhiteHouse/status/946156492230717441
    ... archiving using prefix http://web.archive.org/save/
about to get all tweets newer than ID #945250460880928768 for account
@SecretarySonny


New tweet from WhiteHouse: Congress has passed the first overhaul of the U.S.
tax code in more than 30 years, and the Tax Cuts Act means less…
https://t.co/8mz3IA7c7A

archiving URL http://twitter.com/WhiteHouse/status/946179900515512322
    ... archiving using prefix http://web.archive.org/save/
about to get all tweets newer than ID #816290296048873472 for account
@WilburRoss

archiving URL https://twitter.com/WhiteHouse/status/946179900515512322
    ... archiving using prefix http://web.archive.org/save/
about to get all tweets newer than ID #945295587301253120 for account @PRyan


New tweet from WhiteHouse: “Trump’s little-noticed war on hidden taxes”
https://t.co/YN6MK7F4cF

archiving URL http://twitter.com/WhiteHouse/status/946189459577561088
    ... archiving using prefix http://web.archive.org/save/
about to get all tweets newer than ID #946048269620260864 for account
@SpeakerRyan

archiving URL https://twitter.com/WhiteHouse/status/946189459577561088
    ... archiving using prefix http://web.archive.org/save/
about to get all tweets newer than ID #946416698718064640 for account @Scavino45


New tweet from WhiteHouse: RT @realDonaldTrump: “On 1/20 - the day Trump was
inaugurated - an estimated 35,000 ISIS fighters held approx 17,500 square miles
of territ…

archiving URL http://twitter.com/WhiteHouse/status/946256031868444672
    ... archiving using prefix http://web.archive.org/save/
getting all tweets before ID #937014758565400578

archiving URL https://twitter.com/WhiteHouse/status/946256031868444672
    ... archiving using prefix http://web.archive.org/save/


New tweet from WhiteHouse: RT @realDonaldTrump: “Arrests of MS-13 Members,
Associates Up 83% Under Trump” 
https://t.co/70iPHy2Yqn

archiving URL http://twitter.com/WhiteHouse/status/946256039766261760
    ... archiving using prefix http://web.archive.org/save/
    ...400 tweets downloaded so far


New tweet from Scavino45: RT @realDonaldTrump: I've been saying it for a long,
 long time. #NoKo https://t.co/LQl7tGhMdO

archiving URL http://twitter.com/Scavino45/status/946461709828534277
    ... archiving using prefix http://web.archive.org/save/
about to get all tweets newer than ID #836780744810844161 for account
@StephenMillerAL
about to get all tweets newer than ID #898401955847876608 for account
@Linda_McMahon

archiving URL https://twitter.com/WhiteHouse/status/946256039766261760
    ... archiving using prefix http://web.archive.org/save/

archiving URL https://twitter.com/Scavino45/status/946461709828534277
    ... archiving using prefix http://web.archive.org/save/
about to get all tweets newer than ID #946206555590086656 for account @PressSec


New tweet from WhiteHouse: President Trump has fulfilled his promise to put
America First by prioritizing the defense of America’s borders at…
https://t.co/XDUXDPKxzG

archiving URL http://twitter.com/WhiteHouse/status/946403621188587521
    ... archiving using prefix http://web.archive.org/save/
getting all tweets before ID #932297782815313919

archiving URL https://twitter.com/WhiteHouse/status/946403621188587521
    ... archiving using prefix http://web.archive.org/save/
    ...400 tweets downloaded so far
about to get all tweets newer than ID #830074939298414592 for account
@RepTomPrice


New tweet from PressSec: Back home where we learned how to do more than just
bake pecan pies. #trapshooting #pull https://t.co/y5Y1rsb35J

archiving URL http://twitter.com/PressSec/status/946226966537089025
    ... archiving using prefix http://web.archive.org/save/


New tweet from WhiteHouse: President Trump is following through on his promise
 to drain the Washington swamp and make the Government accountab…
https://t.co/NzeBB9m4RY

archiving URL http://twitter.com/WhiteHouse/status/946422247992037376
    ... archiving using prefix http://web.archive.org/save/
about to get all tweets newer than ID #945780569388015616 for account
@realDonaldTrump

archiving URL https://twitter.com/PressSec/status/946226966537089025
    ... archiving using prefix http://web.archive.org/save/

archiving URL https://twitter.com/WhiteHouse/status/946422247992037376
    ... archiving using prefix http://web.archive.org/save/


New tweet from PressSec: RT @sendavidperdue: .@realDonaldTrump is moving at a
business pace, not a bureaucratic pace, and as a result our economy is in the
midst of…

archiving URL http://twitter.com/PressSec/status/946443492921937920
    ... archiving using prefix http://web.archive.org/save/
getting all tweets before ID #935701139198181375


New tweet from WhiteHouse: "But one thing Trump has done that has received
little attention despite arguably driving today’s economic boom is…
https://t.co/3PNOTILWMs

archiving URL http://twitter.com/WhiteHouse/status/946441621603864576
    ... archiving using prefix http://web.archive.org/save/
    ...397 tweets downloaded so far


New tweet from realDonaldTrump: Just left West Palm Beach Fire &amp; Rescue
#2. Met with great men and women as representatives of those who do so much…
https://t.co/UK0Q7BUKbj
about to get all tweets newer than ID #898632795517403136 for account
@GeneralJFKellly

archiving URL http://twitter.com/realDonaldTrump/status/946156544927977477
    ... archiving using prefix http://web.archive.org/save/

archiving URL https://twitter.com/WhiteHouse/status/946441621603864576
    ... archiving using prefix http://web.archive.org/save/
ERROR: unable to get tweets for account @GeneralJFKellly
           the system said: Not authorized.
about to get all tweets newer than ID #946468526478553089 for account
@SecretaryPerry

archiving URL https://twitter.com/PressSec/status/946443492921937920
    ... archiving using prefix http://web.archive.org/save/


New tweet from WhiteHouse: In 2017, the Administration provided nearly $500M
to States to prevent and treat opioid abuse. The President’s FY 2…
https://t.co/HkosgX1LZ0

archiving URL http://twitter.com/WhiteHouse/status/946471573317410816
    ... archiving using prefix http://web.archive.org/save/

archiving URL https://twitter.com/realDonaldTrump/status/946156544927977477
    ... archiving using prefix http://web.archive.org/save/
about to get all tweets newer than ID #941074527592812545 for account
@SecretaryRoss

archiving URL https://twitter.com/WhiteHouse/status/946471573317410816
    ... archiving using prefix http://web.archive.org/save/
about to get all tweets newer than ID #913881045652688901 for account
@SecPriceMD


New tweet from realDonaldTrump: “On 1/20 - the day Trump was inaugurated - an
estimated 35,000 ISIS fighters held approx 17,500 square miles of ter…
https://t.co/xnR1mXhmr3

archiving URL http://twitter.com/realDonaldTrump/status/946201376652169220
    ... archiving using prefix http://web.archive.org/save/

archiving URL https://twitter.com/realDonaldTrump/status/946201376652169220
    ... archiving using prefix http://web.archive.org/save/
about to get all tweets newer than ID #943545231244439555 for account
@SecretaryCarson


New tweet from realDonaldTrump: “Arrests of MS-13 Members, Associates Up 83%
Under Trump” 
https://t.co/70iPHy2Yqn

archiving URL http://twitter.com/realDonaldTrump/status/946210723528572930
    ... archiving using prefix http://web.archive.org/save/

archiving URL https://twitter.com/realDonaldTrump/status/946210723528572930
    ... archiving using prefix http://web.archive.org/save/


New tweet from realDonaldTrump: Vanity Fair, which looks like it is on its
last legs, is bending over backwards in apologizing for the minor hit th…
https://t.co/Sx6AmzfKRp

archiving URL http://twitter.com/realDonaldTrump/status/946401576381505536
    ... archiving using prefix http://web.archive.org/save/
about to get all tweets newer than ID #945516832978501632 for account
@KellyannePolls

archiving URL https://twitter.com/realDonaldTrump/status/946401576381505536
    ... archiving using prefix http://web.archive.org/save/
getting all tweets before ID #908438933071106047


New tweet from realDonaldTrump: Retail sales are at record numbers. We’ve got
the economy going better than anyone ever dreamt - and you haven’t seen anything
 yet!

archiving URL http://twitter.com/realDonaldTrump/status/946415026402988033
    ... archiving using prefix http://web.archive.org/save/
    ...400 tweets downloaded so far
about to get all tweets newer than ID #832282841471918080 for account
@BetsyDeVos


New tweet from KellyannePolls: RT @MilitaryEarth: Let’s help this hero. A
Retweet can go a long way. https://t.co/57s5Pt9wY4

archiving URL http://twitter.com/KellyannePolls/status/946257048035086336
    ... archiving using prefix http://web.archive.org/save/

archiving URL https://twitter.com/realDonaldTrump/status/946415026402988033
    ... archiving using prefix http://web.archive.org/save/


New tweet from realDonaldTrump: Caught RED HANDED - very disappointed that
China is allowing oil to go into North Korea. There will never be a frie…
https://t.co/aIa4CFXNoA

archiving URL http://twitter.com/realDonaldTrump/status/946416486054285314
    ... archiving using prefix http://web.archive.org/save/

archiving URL https://twitter.com/KellyannePolls/status/946257048035086336
    ... archiving using prefix http://web.archive.org/save/
about to get all tweets newer than ID #945107090221273093 for account
@EPAScottPruitt

archiving URL https://twitter.com/realDonaldTrump/status/946416486054285314
    ... archiving using prefix http://web.archive.org/save/
about to get all tweets newer than ID #930982584649175047 for account
@mike_pence


New tweet from realDonaldTrump: I've been saying it for a long, long time.
#NoKo https://t.co/LQl7tGhMdO

archiving URL http://twitter.com/realDonaldTrump/status/946460939578167296
    ... archiving using prefix http://web.archive.org/save/

archiving URL https://twitter.com/realDonaldTrump/status/946460939578167296
    ... archiving using prefix http://web.archive.org/save/
ERROR: unable to get tweets for account @mike_pence
           the system said: Failed to parse JSON payload: Unterminated string
starting at: line 1 column 506380 (char 506379)
about to get all tweets newer than ID #946063151765876736 for account
@IvankaTrumpHQ
getting all tweets before ID #859422233386561536
    ...400 tweets downloaded so far
about to get all tweets newer than ID #946473690757087232 for account
@AshLeeStrong


New tweet from IvankaTrumpHQ: The best look of the season takes you from desk
to dinner: https://t.co/OJIx9c12ZJ  #StyleIT https://t.co/RvRxb0SabD

archiving URL http://twitter.com/IvankaTrumpHQ/status/946387776328617984
    ... archiving using prefix http://web.archive.org/save/

archiving URL https://twitter.com/IvankaTrumpHQ/status/946387776328617984
    ... archiving using prefix http://web.archive.org/save/
about to get all tweets newer than ID #946025944774594560 for account
@IvankaTrump
getting all tweets before ID #923683962152804352
    ...400 tweets downloaded so far
about to get all tweets newer than ID #795981284761894912 for account
@MELANIATRUMP


New tweet from IvankaTrump: “The Trump economy is booming.” One thing
@realDonaldTrump “has done that has received little attention despite arg…
https://t.co/W0xddNj2Li

archiving URL http://twitter.com/IvankaTrump/status/946372016193593344
    ... archiving using prefix http://web.archive.org/save/

archiving URL https://twitter.com/IvankaTrump/status/946372016193593344
    ... archiving using prefix http://web.archive.org/save/
about to get all tweets newer than ID #946106607108280321 for account
@SecShulkin
getting all tweets before ID #926128361813966847
    ...400 tweets downloaded so far
about to get all tweets newer than ID #945325913444618240 for account
@nikkihaley


New tweet from SecShulkin: RT @VeteransHealth: 'Tis the flu season...Spread
only good cheer. Get your flu vaccination before gathering with family and
friends! https:…

archiving URL http://twitter.com/SecShulkin/status/946462261719289861
    ... archiving using prefix http://web.archive.org/save/

archiving URL https://twitter.com/SecShulkin/status/946462261719289861
    ... archiving using prefix http://web.archive.org/save/
ERROR: unable to get tweets for account @nikkihaley
           the system said: Failed to parse JSON payload: Unterminated string
starting at: line 1 column 506182 (char 506181)
about to get all tweets newer than ID #-1 for account @jaredkushner
about to get all tweets newer than ID #946131448364437505 for account
@JessicaDitto45


New tweet from SecShulkin: RT @SecShulkin: My statement on @DeptVetAffairs
accomplishments in 2017 and thanks to @POTUS @realDonaldTrump, @VP Mike Pence,
members of C…

archiving URL http://twitter.com/SecShulkin/status/946469698497105921
    ... archiving using prefix http://web.archive.org/save/

archiving URL https://twitter.com/SecShulkin/status/946469698497105921
    ... archiving using prefix http://web.archive.org/save/
about to get all tweets newer than ID #943545273489510400 for account
@MickMulvaneyOMB
about to get all tweets newer than ID #946076517175562241 for account @VP
about to get all tweets newer than ID #946156999041052672 for account
@TomBossert45
about to get all tweets newer than ID #946220836196937729 for account
@DanScavino
about to get all tweets newer than ID #945795301293649926 for account @POTUS
getting all tweets before ID #935177677950078975
    ...400 tweets downloaded so far
about to get all tweets newer than ID #856041462164836355 for account
@FirstLadyIN


New tweet from POTUS: RT @realDonaldTrump: “On 1/20 - the day Trump was
inaugurated - an estimated 35,000 ISIS fighters held approx 17,500 square miles
of territ…

archiving URL http://twitter.com/POTUS/status/946210852251738113
    ... archiving using prefix http://web.archive.org/save/

archiving URL https://twitter.com/POTUS/status/946210852251738113
    ... archiving using prefix http://web.archive.org/save/


New tweet from POTUS: RT @VP: In just one year, @POTUS fulfilled promise after
 promise:

✓ Neil Gorsuch on the Supreme Court
✓ Repealed the Obamacare
individual…

archiving URL http://twitter.com/POTUS/status/946210894383603712
    ... archiving using prefix http://web.archive.org/save/

archiving URL https://twitter.com/POTUS/status/946210894383603712
    ... archiving using prefix http://web.archive.org/save/


New tweet from POTUS: RT @realDonaldTrump: “Arrests of MS-13 Members,
Associates Up 83% Under Trump” 
https://t.co/70iPHy2Yqn

archiving URL http://twitter.com/POTUS/status/946210918899376128
    ... archiving using prefix http://web.archive.org/save/
ERROR: unable to get tweets for account @FirstLadyIN
           the system said: Failed to parse JSON payload: Expecting value: line
1 column 510900 (char 510899)
about to get all tweets newer than ID #946113552217264128 for account
@SecretaryZinke

archiving URL https://twitter.com/POTUS/status/946210918899376128
    ... archiving using prefix http://web.archive.org/save/


New tweet from POTUS: RT @realDonaldTrump: Retail sales are at record numbers.
 We’ve got the economy going better than anyone ever dreamt - and you haven’t
seen…

archiving URL http://twitter.com/POTUS/status/946416623975616513
    ... archiving using prefix http://web.archive.org/save/
getting all tweets before ID #928384493802676223

archiving URL https://twitter.com/POTUS/status/946416623975616513
    ... archiving using prefix http://web.archive.org/save/
    ...400 tweets downloaded so far


New tweet from SecretaryZinke: If you're vacationing at Hawaii's
@Volcanoes_NPS over the holiday season, don't take the rocks! They are
beautiful… https://t.co/ihpPaIfDCa

archiving URL http://twitter.com/SecretaryZinke/status/946384347896205312
    ... archiving using prefix http://web.archive.org/save/
about to get all tweets newer than ID #903694300306923521 for account
@SecElaineChao
about to get all tweets newer than ID #867385249340297217 for account
@RealBenCarson


New tweet from POTUS: RT @realDonaldTrump: Caught RED HANDED - very
disappointed that China is allowing oil to go into North Korea. There will never
 be a friendl…

archiving URL http://twitter.com/POTUS/status/946416631768592384
    ... archiving using prefix http://web.archive.org/save/

archiving URL https://twitter.com/SecretaryZinke/status/946384347896205312
    ... archiving using prefix http://web.archive.org/save/

archiving URL https://twitter.com/POTUS/status/946416631768592384
    ... archiving using prefix http://web.archive.org/save/


New tweet from SecretaryZinke: .@realDonaldTrump promised the American people
that their voices would be heard and that we would prioritize Americ…
https://t.co/V1xpQrEvNI

archiving URL http://twitter.com/SecretaryZinke/status/946439800864854016
    ... archiving using prefix http://web.archive.org/save/

archiving URL https://twitter.com/SecretaryZinke/status/946439800864854016
    ... archiving using prefix http://web.archive.org/save/
about to get all tweets newer than ID #890659905798983680 for account @Reince45


New tweet from SecretaryZinke: RT @CIA: #ICYMI2017

The Son Also Rises: Jack
Hemingway

https://t.co/hiROlA5Nr7

#OSS 
#OSS75 
#WWII https://t.co/4vTEbjr5l8

archiving URL http://twitter.com/SecretaryZinke/status/946484911980056578
    ... archiving using prefix http://web.archive.org/save/
about to get all tweets newer than ID #946087406398246912 for account
@seanspicer

archiving URL https://twitter.com/SecretaryZinke/status/946484911980056578
    ... archiving using prefix http://web.archive.org/save/
getting all tweets before ID #925760399252901887
    ...400 tweets downloaded so far
about to get all tweets newer than ID #945299954049933314 for account @FLOTUS


New tweet from seanspicer: Welcome to @Patriots #92 @jharrison9292
https://t.co/22ANVnpcBT

archiving URL http://twitter.com/seanspicer/status/946181996883120130
    ... archiving using prefix http://web.archive.org/save/
about to get all tweets newer than ID #944192733324996608 for account
@stevenmnuchin1

archiving URL https://twitter.com/seanspicer/status/946181996883120130
    ... archiving using prefix http://web.archive.org/save/


New tweet from seanspicer: Actually I think he just wanted to win a #SuperBowl
 this year. https://t.co/bDceH9BpgD

archiving URL http://twitter.com/seanspicer/status/946184802096513025
    ... archiving using prefix http://web.archive.org/save/
about to get all tweets newer than ID #945412679887413248 for account
@BetsyDeVosED

archiving URL https://twitter.com/seanspicer/status/946184802096513025
    ... archiving using prefix http://web.archive.org/save/
... OK, we're set up, and about to watch 15985455, 18906561, 212262370,
819992522109894658, 823638938590085124, 24578794, 822127086194348032,
822215673812119553, 20733972, 819980276570976256, 105267762, 842072478834909184,
 809836066316451840, 733751245, 18916432, 823367015830323201,
728361177986797568, 65522706, 818927131883356161, 6577802, 25073877,
892173412818354177, 830128820447539208, 836305915452272641, 829782369670410240,
828613457020870657, 471672239, 599530439, 832672006113931269, 22203756,
798195585824104449, 296060169, 52544275, 108471631, 831482588246196225,
37666984, 29547260, 836724024688410625, 888031054141022209, 818910970567344128,
866746592853979137, 620571475, 822215679726100480, 1923451808,
827258161841135623, 826065858548133888, 1180379185, 803703725730779136,
20776147, 818876014390603776, 799764016885329921, 828997388920619008
WARNING: received error HTTPSConnectionPool(host='stream.twitter.com',
port=443): Read timed out.; sleeping and trying again ...


New tweet from SpeakerRyan: RT to agree → This is the greatest country on
Earth, and we know that America has better days ahead. https://t.co/Vb2fHBRilO

archiving URL http://twitter.com/SpeakerRyan/status/946497500634124288
    ... archiving using prefix http://web.archive.org/save/

archiving URL https://twitter.com/SpeakerRyan/status/946497500634124288
    ... archiving using prefix http://web.archive.org/save/


New tweet from VP: The U.S. economy is already responding to @POTUS' bold
actions this first year:

✓ 1.7 million new jobs
✓ 22 regula…
https://t.co/VyY9lcnpUJ

archiving URL http://twitter.com/VP/status/946504185947795456
    ... archiving using prefix http://web.archive.org/save/

archiving URL https://twitter.com/VP/status/946504185947795456
    ... archiving using prefix http://web.archive.org/save/


New tweet from realDonaldTrump: RT @IvankaTrump: “The Trump economy is
booming.” One thing @realDonaldTrump “has done that has received little
attention despite arguably d…

archiving URL http://twitter.com/realDonaldTrump/status/946505155809247232
    ... archiving using prefix http://web.archive.org/save/

archiving URL https://twitter.com/realDonaldTrump/status/946505155809247232
    ... archiving using prefix http://web.archive.org/save/


New tweet from realDonaldTrump: RT @EricTrump: #ThrowbackThursdays
@realDonaldTrump 🇺🇸🇺🇸🇺🇸 https://t.co/Z44IObGZ7V

archiving URL http://twitter.com/realDonaldTrump/status/946505312164630530
    ... archiving using prefix http://web.archive.org/save/

archiving URL https://twitter.com/realDonaldTrump/status/946505312164630530
    ... archiving using prefix http://web.archive.org/save/


New tweet from realDonaldTrump: RT @DanScavino: Congratulations to the 2017
@PinstripeBowl (Yankee Stadium) Champions, Iowa @HawkeyeFootball!
https://t.co/NlaWU6bKmH

archiving URL http://twitter.com/realDonaldTrump/status/946505439939911685
    ... archiving using prefix http://web.archive.org/save/

archiving URL https://twitter.com/realDonaldTrump/status/946505439939911685
    ... archiving using prefix http://web.archive.org/save/


New tweet from realDonaldTrump: RT @realDonaldTrump: “Arrests of MS-13
Members, Associates Up 83% Under Trump” 
https://t.co/70iPHy2Yqn

archiving URL http://twitter.com/realDonaldTrump/status/946505517417095168
    ... archiving using prefix http://web.archive.org/save/

archiving URL https://twitter.com/realDonaldTrump/status/946505517417095168
    ... archiving using prefix http://web.archive.org/save/


New tweet from WhiteHouse: President Trump is making sure the government
fulfills its commitment to our country’s veterans.
✅… https://t.co/dRwNvP9fxN

archiving URL http://twitter.com/WhiteHouse/status/946519135856549888
    ... archiving using prefix http://web.archive.org/save/

archiving URL https://twitter.com/WhiteHouse/status/946519135856549888
    ... archiving using prefix http://web.archive.org/save/


New tweet from realDonaldTrump: Together, we are MAKING AMERICA GREAT AGAIN!
https://t.co/OeyTdFyl1Q https://t.co/wdLQkfdy4m

archiving URL http://twitter.com/realDonaldTrump/status/946519720450252800
    ... archiving using prefix http://web.archive.org/save/

archiving URL https://twitter.com/realDonaldTrump/status/946519720450252800
    ... archiving using prefix http://web.archive.org/save/
WARNING: received error ('Connection broken: IncompleteRead(0 bytes read, 512
more expected)', IncompleteRead(0 bytes read, 512 more expected)); sleeping and
trying again ...


New tweet from POTUS: RT @IvankaTrump: “The Trump economy is booming.” One
thing @realDonaldTrump “has done that has received little attention despite
arguably d…

archiving URL http://twitter.com/POTUS/status/946526918735736833
    ... archiving using prefix http://web.archive.org/save/


New tweet from POTUS: RT @realDonaldTrump: I've been saying it for a long,
long time. #NoKo https://t.co/LQl7tGhMdO

archiving URL http://twitter.com/POTUS/status/946526957176524801
    ... archiving using prefix http://web.archive.org/save/


New tweet from POTUS: RT @realDonaldTrump: Together, we are MAKING AMERICA
GREAT AGAIN! https://t.co/OeyTdFyl1Q https://t.co/wdLQkfdy4m

archiving URL http://twitter.com/POTUS/status/946526973702045697
    ... archiving using prefix http://web.archive.org/save/

archiving URL https://twitter.com/POTUS/status/946526918735736833
    ... archiving using prefix http://web.archive.org/save/

archiving URL https://twitter.com/POTUS/status/946526957176524801
    ... archiving using prefix http://web.archive.org/save/

archiving URL https://twitter.com/POTUS/status/946526973702045697
    ... archiving using prefix http://web.archive.org/save/


New tweet from realDonaldTrump: In the East, it could be the COLDEST New
Year’s Eve on record. Perhaps we could use a little bit of that good old G…
https://t.co/tCjF8xdXep

archiving URL http://twitter.com/realDonaldTrump/status/946531657229701120
    ... archiving using prefix http://web.archive.org/save/

archiving URL https://twitter.com/realDonaldTrump/status/946531657229701120
    ... archiving using prefix http://web.archive.org/save/
WARNING: received error ('Connection broken: IncompleteRead(0 bytes read, 512
more expected)', IncompleteRead(0 bytes read, 512 more expected)); sleeping and
trying again ...
WARNING: received error ('Connection broken: IncompleteRead(0 bytes read, 512
more expected)', IncompleteRead(0 bytes read, 512 more expected)); sleeping and
trying again ...
WARNING: received error ('Connection broken: IncompleteRead(0 bytes read, 512
more expected)', IncompleteRead(0 bytes read, 512 more expected)); sleeping and
trying again ...
WARNING: received error ('Connection broken: IncompleteRead(0 bytes read, 512
more expected)', IncompleteRead(0 bytes read, 512 more expected)); sleeping and
trying again ...
WARNING: received error ('Connection broken: IncompleteRead(0 bytes read, 2207
more expected)', IncompleteRead(0 bytes read, 2207 more expected)); sleeping and
 trying again ...
WARNING: received error ('Connection broken: IncompleteRead(0 bytes read, 512
more expected)', IncompleteRead(0 bytes read, 512 more expected)); sleeping and
trying again ...
WARNING: received error ('Connection broken: IncompleteRead(0 bytes read, 512
more expected)', IncompleteRead(0 bytes read, 512 more expected)); sleeping and
trying again ...
