Hello, traveler. This is the beginning of a log file called: "Fascist Tweet Archiver".
Some basic system info about the host machine: posix.uname_result(sysname='Linux', nodename='file-server', release='3.16.0-4-686-pae', version='#1 SMP Debian 3.16.43-2+deb8u5 (2017-09-19)', machine='i686')
This log was begun Saturday, 28 October 2017 at 09:56



INFO: read target account data; we're tracking 52 accounts
WARNING: no ProtocolError (got exception "name 'ProtocolError' is not defined");
 trying requests.packages.urllib3.exceptions instead
NOTE: successfully imported from requests
Starting up...
about to get all tweets newer than ID #923985283317686272 for account
@SecShulkin
getting all tweets before ID #902270065734799359
    ...400 tweets downloaded so far
about to get all tweets newer than ID #923747741272100864 for account
@SecondLady


New tweet from SecShulkin: RT @WhiteHouse: Today is National Rx Drug Take Back
 Day. Find your nearest @DEAHQ collection site: https://t.co/BPEqyvy2cv
https://t.co/EDN…

archiving URL http://twitter.com/SecShulkin/status/924318666266693635
    ... archiving using prefix http://web.archive.org/save/
about to get all tweets newer than ID #816290296048873472 for account
@WilburRoss
about to get all tweets newer than ID #898401955847876608 for account
@Linda_McMahon

archiving URL https://twitter.com/SecShulkin/status/924318666266693635
    ... archiving using prefix http://web.archive.org/save/
about to get all tweets newer than ID #836780744810844161 for account
@StephenMillerAL
about to get all tweets newer than ID #924304325429682176 for account
@Scaramucci
about to get all tweets newer than ID #924298992632123394 for account @POTUS
about to get all tweets newer than ID #890659905798983680 for account @Reince45
about to get all tweets newer than ID #923976596683395072 for account
@SecretaryCarson
about to get all tweets newer than ID #-1 for account @jaredkushner
about to get all tweets newer than ID #923261387434012672 for account
@SecretaryRoss
about to get all tweets newer than ID #924284026394959872 for account
@realDonaldTrump
about to get all tweets newer than ID #924005462017748992 for account
@SecretaryZinke
about to get all tweets newer than ID #924310504109170688 for account
@WhiteHouse
about to get all tweets newer than ID #923956179851673600 for account
@SecretarySonny
about to get all tweets newer than ID #923588493116403717 for account @SBALinda
about to get all tweets newer than ID #913805829710675974 for account
@GovernorPerry
about to get all tweets newer than ID #924278300410867712 for account @FLOTUS
about to get all tweets newer than ID #898632795517403136 for account
@GeneralJFKellly
