Hello, traveler. This is the beginning of a log file called: "Fascist Tweet Archiver".
Some basic system info about the host machine: posix.uname_result(sysname='Linux', nodename='file-server', release='3.16.0-4-686-pae', version='#1 SMP Debian 3.16.43-2+deb8u5 (2017-09-19)', machine='i686')
This log was begun Thursday, 30 November 2017 at 15:05



INFO: read target account data; we're tracking 52 accounts
WARNING: no ProtocolError (got exception "name 'ProtocolError' is not defined");
 trying requests.packages.urllib3.exceptions instead
NOTE: successfully imported from requests
Starting up...
about to get all tweets newer than ID #936243259688529920 for account
@IvankaTrump
ERROR: unable to get tweets for account @IvankaTrump
           the system said: Failed to parse JSON payload: Expecting ','
delimiter: line 1 column 503148 (char 503147)
about to get all tweets newer than ID #933349414835576834 for account
@IvankaTrumpHQ
about to get all tweets newer than ID #935630766846939136 for account
@stevenmnuchin1
about to get all tweets newer than ID #936344013279506433 for account
@SecretaryPerry
about to get all tweets newer than ID #930982584649175047 for account
@mike_pence
about to get all tweets newer than ID #824610180881117184 for account
@GovPenceIN
about to get all tweets newer than ID #-1 for account @jaredkushner
about to get all tweets newer than ID #936351575420952576 for account
@SpeakerRyan
getting all tweets before ID #928611779290320896
    ...400 tweets downloaded so far
about to get all tweets newer than ID #936309964854964225 for account
@AshLeeStrong


New tweet from SpeakerRyan: RT @RepMoBrooks: Great to join many of my
colleagues, @SpeakerRyan, &amp; Chairman @MacTXPress this morning at the
enrollment of the National D…

archiving URL http://twitter.com/SpeakerRyan/status/936351685261365249
    ... archiving using prefix http://web.archive.org/save/

archiving URL https://twitter.com/SpeakerRyan/status/936351685261365249
    ... archiving using prefix http://web.archive.org/save/
ERROR: unable to get tweets for account @AshLeeStrong
           the system said: Failed to send request:
HTTPSConnectionPool(host='api.twitter.com', port=443): Read timed out.
about to get all tweets newer than ID #936299258340433920 for account
@BetsyDeVosED
ERROR: unable to get tweets for account @BetsyDeVosED
           the system said: Failed to send request:
HTTPSConnectionPool(host='api.twitter.com', port=443): Max retries exceeded with
 url: /1.1/statuses/user_timeline.json?count=200&screen_name=BetsyDeVosED
(Caused by NewConnectionError('<requests.packages.urllib3.connection.VerifiedHTT
PSConnection object at 0xb6540bac>: Failed to establish a new connection: [Errno
 -2] Name or service not known',))
about to get all tweets newer than ID #936077403813810176 for account
@DanScavino
about to get all tweets newer than ID #836780744810844161 for account
@StephenMillerAL
about to get all tweets newer than ID #936268271694868480 for account @SBALinda
getting all tweets before ID #912330162779430911
    ...400 tweets downloaded so far


New tweet from SBALinda: On Capitol Hill again with @SenateMajLdr to discuss
the urgent need for #TaxReform. Small businesses tell me they w…
https://t.co/9fUu9R6YCa

archiving URL http://twitter.com/SBALinda/status/936297508673900544
    ... archiving using prefix http://web.archive.org/save/
about to get all tweets newer than ID #936255855925846020 for account
@SecretaryAcosta

archiving URL https://twitter.com/SBALinda/status/936297508673900544
    ... archiving using prefix http://web.archive.org/save/
about to get all tweets newer than ID #830074939298414592 for account
@RepTomPrice


New tweet from SBALinda: ICYMI: my interview this morning with @Varneyco on
#TaxReform in relation to #SmallBusiness https://t.co/4i19Rib8QL

archiving URL http://twitter.com/SBALinda/status/936304703687806976
    ... archiving using prefix http://web.archive.org/save/
about to get all tweets newer than ID #832282841471918080 for account
@BetsyDeVos

archiving URL https://twitter.com/SBALinda/status/936304703687806976
    ... archiving using prefix http://web.archive.org/save/


New tweet from SBALinda: RT @SenateGOP: “Tax cuts are vital to our small
businesses.” – @SBAgov Administrator @SBALinda McMahon #TaxReform
https://t.co/zJZJbavFsZ

archiving URL http://twitter.com/SBALinda/status/936347645743902721
    ... archiving using prefix http://web.archive.org/save/
about to get all tweets newer than ID #936322443681001472 for account @PRyan

archiving URL https://twitter.com/SBALinda/status/936347645743902721
    ... archiving using prefix http://web.archive.org/save/
getting all tweets before ID #897137744631267327
    ...399 tweets downloaded so far
about to get all tweets newer than ID #934590789518286848 for account
@MickMulvaneyOMB


New tweet from PRyan: We are giving Americans at every income level a tax
break. For the average middle-class family, that's an extra $1,…
https://t.co/3SdgNvvqIO

archiving URL http://twitter.com/PRyan/status/936347366659047424
    ... archiving using prefix http://web.archive.org/save/

archiving URL https://twitter.com/PRyan/status/936347366659047424
    ... archiving using prefix http://web.archive.org/save/
about to get all tweets newer than ID #856041462164836355 for account
@FirstLadyIN
about to get all tweets newer than ID #898401955847876608 for account
@Linda_McMahon
about to get all tweets newer than ID #816846808789958656 for account
@SenDanCoats
about to get all tweets newer than ID #936328495424311296 for account
@EPAScottPruitt
about to get all tweets newer than ID #936200671229108225 for account @PressSec
about to get all tweets newer than ID #936323456269979656 for account
@SecretaryCarson
about to get all tweets newer than ID #936314902729449472 for account
@SecretarySonny
about to get all tweets newer than ID #933749689714991105 for account
@TomBossert45
about to get all tweets newer than ID #936304009165660161 for account
@JessicaDitto45
about to get all tweets newer than ID #936344049811951617 for account
@WhiteHouse
getting all tweets before ID #928696453605797889
    ...400 tweets downloaded so far
about to get all tweets newer than ID #936345978088706048 for account
@Scaramucci


New tweet from WhiteHouse: #ICYMI: November is National Veterans and Military
Families Month https://t.co/W6gH9rOXHh https://t.co/Rtpox0FYgq

archiving URL http://twitter.com/WhiteHouse/status/936351137925599234
    ... archiving using prefix http://web.archive.org/save/

archiving URL https://twitter.com/WhiteHouse/status/936351137925599234
    ... archiving using prefix http://web.archive.org/save/


New tweet from WhiteHouse: President Trump and the First Lady Take Part in
Lighting the National Christmas Tree https://t.co/G02vcm2sLs

archiving URL http://twitter.com/WhiteHouse/status/936356562477518848
    ... archiving using prefix http://web.archive.org/save/
getting all tweets before ID #925458473680285695

archiving URL https://twitter.com/WhiteHouse/status/936356562477518848
    ... archiving using prefix http://web.archive.org/save/


New tweet from WhiteHouse: Watch LIVE as President Trump and the First Lady
take part in lighting the National Christmas Tree:… https://t.co/BijpxB44zB

archiving URL http://twitter.com/WhiteHouse/status/936357192705499136
    ... archiving using prefix http://web.archive.org/save/

archiving URL https://twitter.com/WhiteHouse/status/936357192705499136
    ... archiving using prefix http://web.archive.org/save/
    ...399 tweets downloaded so far
about to get all tweets newer than ID #928448335584858113 for account @Reince


New tweet from Scaramucci: Totally https://t.co/aSSG9NcUyK

archiving URL http://twitter.com/Scaramucci/status/936358011777503233
    ... archiving using prefix http://web.archive.org/save/
ERROR: unable to get tweets for account @Reince
           the system said: Failed to send request: ('Connection aborted.',
BadStatusLine("''",))
about to get all tweets newer than ID #936260193536573440 for account
@realDonaldTrump
ERROR: unable to get tweets for account @realDonaldTrump
           the system said: Failed to parse JSON payload: Expecting value: line
1 column 508900 (char 508899)
about to get all tweets newer than ID #936345806906494977 for account @Scavino45

archiving URL https://twitter.com/Scaramucci/status/936358011777503233
    ... archiving using prefix http://web.archive.org/save/
getting all tweets before ID #928529469135925247
    ...400 tweets downloaded so far


New tweet from Scavino45: RT @realDonaldTrump: Our FIFTH 1K milestone of 2017!

#DOW24K #MAGA https://t.co/NoVt1uFp0y

archiving URL http://twitter.com/Scavino45/status/936354435537793026
    ... archiving using prefix http://web.archive.org/save/
about to get all tweets newer than ID #936004212240068613 for account
@GovernorPerry

archiving URL https://twitter.com/Scavino45/status/936354435537793026
    ... archiving using prefix http://web.archive.org/save/
about to get all tweets newer than ID #867385249340297217 for account
@RealBenCarson
about to get all tweets newer than ID #816290296048873472 for account
@WilburRoss
about to get all tweets newer than ID #935986729022083072 for account
@SecretaryZinke
ERROR: unable to get tweets for account @SecretaryZinke
           the system said: Failed to parse JSON payload: Unterminated string
starting at: line 1 column 850663 (char 850662)
about to get all tweets newer than ID #936329600124227584 for account
@SecShulkin
ERROR: unable to get tweets for account @SecShulkin
           the system said: Failed to send request:
HTTPSConnectionPool(host='api.twitter.com', port=443): Read timed out. (read
timeout=60)
about to get all tweets newer than ID #795981284761894912 for account
@MELANIATRUMP
about to get all tweets newer than ID #936231845657825280 for account
@nikkihaley
about to get all tweets newer than ID #936043524189048833 for account
@seanspicer
about to get all tweets newer than ID #913881045652688901 for account
@SecPriceMD
ERROR: unable to get tweets for account @SecPriceMD
           the system said: Failed to send request:
HTTPSConnectionPool(host='api.twitter.com', port=443): Read timed out. (read
timeout=60)
about to get all tweets newer than ID #890659905798983680 for account @Reince45
about to get all tweets newer than ID #-1 for account @ElaineChao
about to get all tweets newer than ID #935652983232188416 for account
@SecondLady
about to get all tweets newer than ID #898632795517403136 for account
@GeneralJFKellly
ERROR: unable to get tweets for account @GeneralJFKellly
           the system said: Not authorized.
about to get all tweets newer than ID #936339909740318721 for account @VP
about to get all tweets newer than ID #936077922842144773 for account
@KellyannePolls
ERROR: unable to get tweets for account @KellyannePolls
           the system said: Failed to parse JSON payload: Unterminated string
starting at: line 1 column 510798 (char 510797)
about to get all tweets newer than ID #935661414332682241 for account
@StephGrisham45
about to get all tweets newer than ID #923261387434012672 for account
@SecretaryRoss
about to get all tweets newer than ID #936006319076724742 for account @FLOTUS
about to get all tweets newer than ID #936316138702671872 for account @POTUS
getting all tweets before ID #928056523766497279
ERROR: unable to get tweets for account @POTUS
           the system said: Failed to send request:
HTTPSConnectionPool(host='api.twitter.com', port=443): Read timed out.
about to get all tweets newer than ID #903694300306923521 for account
@SecElaineChao
... OK, we're set up, and about to watch 52544275, 798195585824104449,
799764016885329921, 830128820447539208, 22203756, 15985455, 29547260, 18916432,
296060169, 828997388920619008, 620571475, 728361177986797568,
819992522109894658, 819980276570976256, 6577802, 599530439, 733751245,
888031054141022209, 1923451808, 65522706, 212262370, 832672006113931269,
818927131883356161, 828613457020870657, 842072478834909184, 866746592853979137,
836724024688410625, 822215673812119553, 24578794, 20733972, 25073877,
823367015830323201, 18906561, 1180379185, 809836066316451840,
827258161841135623, 831482588246196225, 108471631, 37666984, 20776147,
829782369670410240, 803703725730779136, 105267762, 822127086194348032,
892173412818354177, 818910970567344128, 471672239, 823638938590085124,
836305915452272641, 818876014390603776, 822215679726100480, 826065858548133888


New tweet from AshLeeStrong: @heatherscope Hard no. Never go bad.

archiving URL http://twitter.com/AshLeeStrong/status/936363067016871936
    ... archiving using prefix http://web.archive.org/save/


New tweet from SecondLady: So sad to hear about the passing of Jim Nabors. We
heard him sing "Back Home Again in Indiana" at the Indianapolis…
https://t.co/BUwWkluIRz

archiving URL http://twitter.com/SecondLady/status/936363092937756672
    ... archiving using prefix http://web.archive.org/save/

archiving URL https://twitter.com/AshLeeStrong/status/936363067016871936
    ... archiving using prefix http://web.archive.org/save/

archiving URL https://twitter.com/SecondLady/status/936363092937756672
    ... archiving using prefix http://web.archive.org/save/
WARNING: received error ('Connection broken: IncompleteRead(0 bytes read, 2000
more expected)', IncompleteRead(0 bytes read, 2000 more expected)); sleeping and
 trying again ...


New tweet from SpeakerRyan: In the world today, our strong alliance with
Germany is critical. I reaffirmed our commitment to this partnership d…
https://t.co/UW53KPp9US

archiving URL http://twitter.com/SpeakerRyan/status/936364125793472512
    ... archiving using prefix http://web.archive.org/save/

archiving URL https://twitter.com/SpeakerRyan/status/936364125793472512
    ... archiving using prefix http://web.archive.org/save/


New tweet from Scavino45: .@POTUS @realDonaldTrump and @FLOTUS Melania
countdown for the lighting of the #NationalChristmasTree at the…
https://t.co/xmcaACOC5N

archiving URL http://twitter.com/Scavino45/status/936365414262722565
    ... archiving using prefix http://web.archive.org/save/

archiving URL https://twitter.com/Scavino45/status/936365414262722565
    ... archiving using prefix http://web.archive.org/save/


New tweet from SecretaryZinke: Hard not to smile when you're listening to The
Beach Boys sing Christmas tunes! @realDonaldTrump @FLOTUS @GoParks 🎄🎼
https://t.co/Reero0o7nC

archiving URL http://twitter.com/SecretaryZinke/status/936365896200785920
    ... archiving using prefix http://web.archive.org/save/

archiving URL https://twitter.com/SecretaryZinke/status/936365896200785920
    ... archiving using prefix http://web.archive.org/save/


New tweet from IvankaTrumpHQ: Navigate the office holiday party in these
polished, professional looks: https://t.co/rJ8KiFI0hT https://t.co/e3ql27j4Ay

archiving URL http://twitter.com/IvankaTrumpHQ/status/936369277430648834
    ... archiving using prefix http://web.archive.org/save/

archiving URL https://twitter.com/IvankaTrumpHQ/status/936369277430648834
    ... archiving using prefix http://web.archive.org/save/


New tweet from SecretaryZinke: Two thumbs up for a beautiful
#ChristmasTreeLighting 🎄👍🏼👍🏼  #MerryChristmas https://t.co/t5jepd0KUI

archiving URL http://twitter.com/SecretaryZinke/status/936370270583083008
    ... archiving using prefix http://web.archive.org/save/

archiving URL https://twitter.com/SecretaryZinke/status/936370270583083008
    ... archiving using prefix http://web.archive.org/save/
INFO: handling a deletion for data:

{'delete': {'status': {'id':
936370270583083008,
                       'id_str': '936370270583083008',

                       'user_id': 827258161841135623,
'user_id_str': '827258161841135623'},
            'timestamp_ms':
'1512083059461'}}
INFO: successfully dumped raw data to JSON file
INFO: We're handling a deletion notification for tweet ID# 936370270583083008 on
 account SecretaryZinke
INFO: get_archived_tweet() called to get tweet ID 936370270583083008 for account
 SecretaryZinke
INFO: found a tweet!		http://web.archive.org/*/http://twitter.com/SecretaryZinke
/status/936370270583083008	Two thumbs up for a beautiful #ChristmasTreeLighting
🎄👍🏼👍🏼  #MerryChristmas https://t.co/t5jepd0KUI
... adding to list of deleted tweets
... added
... but we're not going to tweet about it because SecretaryZinke is not in the
list of accounts we tweet about


New tweet from SecretaryZinke: Two thumbs up for a beautiful
#ChristmasTreeLighting 🎄👍🏼👍🏼  #MerryChristmas Mr. President! @realDonaldTrump
https://t.co/MBie23DEHW

archiving URL http://twitter.com/SecretaryZinke/status/936370440641175552
    ... archiving using prefix http://web.archive.org/save/

archiving URL https://twitter.com/SecretaryZinke/status/936370440641175552
    ... archiving using prefix http://web.archive.org/save/


New tweet from SecretarySonny: Nice tour of @azagriculture Director Mark
Killian's ranch. They partner w/@UofA's @USDA certified beef processing p…
https://t.co/ywgU78FdR2

archiving URL http://twitter.com/SecretarySonny/status/936371287345295360
    ... archiving using prefix http://web.archive.org/save/

archiving URL https://twitter.com/SecretarySonny/status/936371287345295360
    ... archiving using prefix http://web.archive.org/save/


New tweet from TomBossert45: Today is the end of the 2017 Hurricane season;
the most costly &amp; disruptive on record. @realDonaldTrump &amp;…
https://t.co/9BWpAaPR83

archiving URL http://twitter.com/TomBossert45/status/936371949953003521
    ... archiving using prefix http://web.archive.org/save/

archiving URL https://twitter.com/TomBossert45/status/936371949953003521
    ... archiving using prefix http://web.archive.org/save/


New tweet from SecretarySonny: In Arizona and happy to see legendary farm
broadcaster Orion Samuelson. He's everywhere! https://t.co/skQYGKLxbr

archiving URL http://twitter.com/SecretarySonny/status/936372089501732865
    ... archiving using prefix http://web.archive.org/save/

archiving URL https://twitter.com/SecretarySonny/status/936372089501732865
    ... archiving using prefix http://web.archive.org/save/


New tweet from PRyan: RT @fox6now: “Amazing, undefeated season:” @GovWalker
asks fans to wear red in support of @UWBadgers 🏈
 https://t.co/ShUYhxoIwB
https://t.c…

archiving URL http://twitter.com/PRyan/status/936372646916354048
    ... archiving using prefix http://web.archive.org/save/
WARNING: attempt to archive timed out, sleeping for 10 seconds
