Hello, traveler. This is the beginning of a log file called: "Fascist Tweet Archiver".
Some basic system info about the host machine: posix.uname_result(sysname='Linux', nodename='file-server', release='3.16.0-4-686-pae', version='#1 SMP Debian 3.16.51-3 (2017-12-13)', machine='i686')
This log was begun Sunday, 31 December 2017 at 14:26



INFO: read target account data; we're tracking 52 accounts
WARNING: no ProtocolError (got exception "name 'ProtocolError' is not defined");
 trying requests.packages.urllib3.exceptions instead
NOTE: successfully imported from requests
Starting up...
about to get all tweets newer than ID #947497325731155970 for account
@EPAScottPruitt
ERROR: unable to get tweets for account @EPAScottPruitt
           the system said: Failed to parse JSON payload: Unterminated string
starting at: line 1 column 511053 (char 511052)
about to get all tweets newer than ID #945432117319680000 for account
@GovernorPerry
about to get all tweets newer than ID #947163144593559553 for account
@StephGrisham45
about to get all tweets newer than ID #946387776328617984 for account
@IvankaTrumpHQ
about to get all tweets newer than ID #890659905798983680 for account @Reince45
about to get all tweets newer than ID #930982584649175047 for account
@mike_pence
ERROR: unable to get tweets for account @mike_pence
           the system said: Failed to send request:
HTTPSConnectionPool(host='api.twitter.com', port=443): Read timed out.
about to get all tweets newer than ID #946753093877854208 for account
@SecretaryZinke
about to get all tweets newer than ID #943545273489510400 for account
@MickMulvaneyOMB
about to get all tweets newer than ID #947565944913702913 for account @VP
about to get all tweets newer than ID #947272380208111616 for account
@JessicaDitto45
ERROR: unable to get tweets for account @JessicaDitto45
           the system said: Failed to parse JSON payload: Unterminated string
starting at: line 1 column 507853 (char 507852)
about to get all tweets newer than ID #946847208451837953 for account
@SpeakerRyan
ERROR: unable to get tweets for account @SpeakerRyan
           the system said: Failed to parse JSON payload: Expecting ':'
delimiter: line 1 column 503069 (char 503068)
about to get all tweets newer than ID #947577988979273728 for account
@seanspicer
about to get all tweets newer than ID #947547134303326208 for account
@IvankaTrump
about to get all tweets newer than ID #945295587301253120 for account @PRyan
about to get all tweets newer than ID #947524068617711616 for account
@SecretarySonny
getting all tweets before ID #923352022207909887
    ...399 tweets downloaded so far


New tweet from SecretarySonny: Hurricanes Harvey, Irma &amp; Maria devastated
5 states, Puerto Rico &amp; the U.S. Virgin Islands in 2017. @USDA helped fe…
https://t.co/PyI66kQNPO

archiving URL http://twitter.com/SecretarySonny/status/947572300509073415
    ... archiving using prefix http://web.archive.org/save/
about to get all tweets newer than ID #947553822616047616 for account
@WhiteHouse

archiving URL https://twitter.com/SecretarySonny/status/947572300509073415
    ... archiving using prefix http://web.archive.org/save/
ERROR: unable to get tweets for account @WhiteHouse
           the system said: Failed to parse JSON payload: Expecting ','
delimiter: line 1 column 507493 (char 507492)
about to get all tweets newer than ID #913881045652688901 for account
@SecPriceMD
about to get all tweets newer than ID #945045186899570693 for account
@SecretaryAcosta
about to get all tweets newer than ID #830074939298414592 for account
@RepTomPrice
about to get all tweets newer than ID #947544600918372353 for account
@realDonaldTrump
about to get all tweets newer than ID #795981284761894912 for account
@MELANIATRUMP
ERROR: unable to get tweets for account @MELANIATRUMP
           the system said: Failed to parse JSON payload: Unterminated string
starting at: line 1 column 510530 (char 510529)
about to get all tweets newer than ID #946750417182093318 for account
@DanScavino
about to get all tweets newer than ID #832282841471918080 for account
@BetsyDeVos
about to get all tweets newer than ID #856041462164836355 for account
@FirstLadyIN
about to get all tweets newer than ID #816846808789958656 for account
@SenDanCoats
about to get all tweets newer than ID #947544855672213507 for account @Scavino45
ERROR: unable to get tweets for account @Scavino45
           the system said: Failed to parse JSON payload: Unterminated string
starting at: line 1 column 506874 (char 506873)
about to get all tweets newer than ID #946046285546602496 for account @SBALinda
about to get all tweets newer than ID #947514012203388929 for account @PressSec
about to get all tweets newer than ID #824610180881117184 for account
@GovPenceIN
about to get all tweets newer than ID #898632795517403136 for account
@GeneralJFKellly
ERROR: unable to get tweets for account @GeneralJFKellly
           the system said: Not authorized.
about to get all tweets newer than ID #-1 for account @jaredkushner
about to get all tweets newer than ID #946766565063778304 for account
@SecretaryPerry
about to get all tweets newer than ID #943908455793823744 for account @Reince
about to get all tweets newer than ID #947075673222451200 for account
@KellyannePolls
about to get all tweets newer than ID #946809083050512384 for account
@SecShulkin
ERROR: unable to get tweets for account @SecShulkin
           the system said: Failed to send request:
HTTPSConnectionPool(host='api.twitter.com', port=443): Read timed out.
about to get all tweets newer than ID #945836760617103361 for account
@SecondLady
getting all tweets before ID #905545075140292608
ERROR: unable to get tweets for account @SecondLady
           the system said: Failed to send request:
HTTPSConnectionPool(host='api.twitter.com', port=443): Read timed out.
about to get all tweets newer than ID #947547145590202368 for account @POTUS
ERROR: unable to get tweets for account @POTUS
           the system said: Failed to parse JSON payload: Expecting ','
delimiter: line 1 column 503052 (char 503051)
about to get all tweets newer than ID #836780744810844161 for account
@StephenMillerAL
about to get all tweets newer than ID #-1 for account @ElaineChao
about to get all tweets newer than ID #941074527592812545 for account
@SecretaryRoss
about to get all tweets newer than ID #947577108087431168 for account
@Scaramucci
about to get all tweets newer than ID #945412679887413248 for account
@BetsyDeVosED
about to get all tweets newer than ID #943545231244439555 for account
@SecretaryCarson
about to get all tweets newer than ID #946627730136743936 for account
@stevenmnuchin1
about to get all tweets newer than ID #947535963487686656 for account
@nikkihaley
about to get all tweets newer than ID #946156999041052672 for account
@TomBossert45
about to get all tweets newer than ID #903694300306923521 for account
@SecElaineChao
about to get all tweets newer than ID #816290296048873472 for account
@WilburRoss
about to get all tweets newer than ID #867385249340297217 for account
@RealBenCarson
about to get all tweets newer than ID #947297879332237313 for account
@AshLeeStrong
about to get all tweets newer than ID #898401955847876608 for account
@Linda_McMahon
about to get all tweets newer than ID #945299954049933314 for account @FLOTUS
... OK, we're set up, and about to watch 832672006113931269, 18906561,
823638938590085124, 798195585824104449, 803703725730779136, 22203756,
827258161841135623, 888031054141022209, 818910970567344128, 836724024688410625,
18916432, 20776147, 52544275, 733751245, 842072478834909184, 822215673812119553,
 829782369670410240, 819980276570976256, 6577802, 25073877, 108471631,
620571475, 599530439, 1923451808, 212262370, 823367015830323201,
819992522109894658, 818927131883356161, 15985455, 892173412818354177, 29547260,
830128820447539208, 20733972, 471672239, 831482588246196225, 822127086194348032,
 822215679726100480, 728361177986797568, 105267762, 836305915452272641,
24578794, 828997388920619008, 828613457020870657, 799764016885329921, 37666984,
866746592853979137, 826065858548133888, 809836066316451840, 1180379185,
296060169, 65522706, 818876014390603776
