Hello, traveler. This is the beginning of a log file called: "Fascist Tweet Archiver".
Some basic system info about the host machine: posix.uname_result(sysname='Linux', nodename='file-server', release='3.16.0-4-686-pae', version='#1 SMP Debian 3.16.43-2+deb8u5 (2017-09-19)', machine='i686')
This log was begun Saturday, 25 November 2017 at 08:04



INFO: read target account data; we're tracking 52 accounts
WARNING: no ProtocolError (got exception "name 'ProtocolError' is not defined");
 trying requests.packages.urllib3.exceptions instead
NOTE: successfully imported from requests
Starting up...
about to get all tweets newer than ID #930982584649175047 for account
@mike_pence
ERROR: unable to get tweets for account @mike_pence
           the system said: Failed to send request:
HTTPSConnectionPool(host='api.twitter.com', port=443): Read timed out.
about to get all tweets newer than ID #933349414835576834 for account
@IvankaTrumpHQ
ERROR: unable to get tweets for account @IvankaTrumpHQ
           the system said: Failed to parse JSON payload: Invalid \uXXXX escape:
 line 1 column 505547 (char 505546)
about to get all tweets newer than ID #928306806681735168 for account
@BetsyDeVosED
about to get all tweets newer than ID #816290296048873472 for account
@WilburRoss
about to get all tweets newer than ID #933713814859780098 for account
@EPAScottPruitt
about to get all tweets newer than ID #934081286351794179 for account @POTUS
ERROR: unable to get tweets for account @POTUS
           the system said: Failed to parse JSON payload: Unterminated string
starting at: line 1 column 502486 (char 502485)
about to get all tweets newer than ID #934125603720228864 for account
@Scaramucci
ERROR: unable to get tweets for account @Scaramucci
           the system said: Failed to parse JSON payload: Unterminated string
starting at: line 1 column 510346 (char 510345)
about to get all tweets newer than ID #934100508570193920 for account @VP
ERROR: unable to get tweets for account @VP
           the system said: Failed to send request:
HTTPSConnectionPool(host='api.twitter.com', port=443): Max retries exceeded with
 url: /1.1/statuses/user_timeline.json?count=200&screen_name=VP (Caused by NewCo
nnectionError('<requests.packages.urllib3.connection.VerifiedHTTPSConnection
object at 0xb652bf0c>: Failed to establish a new connection: [Errno -2] Name or
service not known',))
about to get all tweets newer than ID #933696660034560000 for account
@SecretaryPerry
about to get all tweets newer than ID #933733277701148672 for account
@SecondLady
ERROR: unable to get tweets for account @SecondLady
           the system said: Failed to parse JSON payload: Unterminated string
starting at: line 1 column 506016 (char 506015)
about to get all tweets newer than ID #933651543521447936 for account
@SecretaryAcosta
ERROR: unable to get tweets for account @SecretaryAcosta
           the system said: Failed to parse JSON payload: Unterminated string
starting at: line 1 column 510381 (char 510380)
about to get all tweets newer than ID #934205493916065792 for account
@WhiteHouse
ERROR: unable to get tweets for account @WhiteHouse
           the system said: Failed to parse JSON payload: Unterminated string
starting at: line 1 column 507872 (char 507871)
about to get all tweets newer than ID #856041462164836355 for account
@FirstLadyIN
ERROR: unable to get tweets for account @FirstLadyIN
           the system said: Failed to parse JSON payload: Unterminated string
starting at: line 1 column 504535 (char 504534)
about to get all tweets newer than ID #933745035564273665 for account @FLOTUS
ERROR: unable to get tweets for account @FLOTUS
           the system said: Failed to parse JSON payload: Expecting ','
delimiter: line 1 column 503485 (char 503484)
about to get all tweets newer than ID #934392232962154496 for account @SBALinda
ERROR: unable to get tweets for account @SBALinda
           the system said: Failed to parse JSON payload: Unterminated string
starting at: line 1 column 511318 (char 511317)
about to get all tweets newer than ID #-1 for account @jaredkushner
about to get all tweets newer than ID #867385249340297217 for account
@RealBenCarson
about to get all tweets newer than ID #933730630407507968 for account
@SecShulkin
ERROR: unable to get tweets for account @SecShulkin
           the system said: Failed to parse JSON payload: Unterminated string
starting at: line 1 column 503137 (char 503136)
about to get all tweets newer than ID #903694300306923521 for account
@SecElaineChao
about to get all tweets newer than ID #923261387434012672 for account
@SecretaryRoss
about to get all tweets newer than ID #933707283942596615 for account
@KellyannePolls
ERROR: unable to get tweets for account @KellyannePolls
           the system said: Failed to parse JSON payload: Unterminated string
starting at: line 1 column 506925 (char 506924)
about to get all tweets newer than ID #830074939298414592 for account
@RepTomPrice
about to get all tweets newer than ID #934403381929451522 for account
@AshLeeStrong
ERROR: unable to get tweets for account @AshLeeStrong
           the system said: Failed to parse JSON payload: Unterminated string
starting at: line 1 column 506029 (char 506028)
about to get all tweets newer than ID #898632795517403136 for account
@GeneralJFKellly
ERROR: unable to get tweets for account @GeneralJFKellly
           the system said: Not authorized.
about to get all tweets newer than ID #898401955847876608 for account
@Linda_McMahon
about to get all tweets newer than ID #933749689714991105 for account
@TomBossert45
about to get all tweets newer than ID #934195424033955840 for account
@stevenmnuchin1
ERROR: unable to get tweets for account @stevenmnuchin1
           the system said: Failed to parse JSON payload: Unterminated string
starting at: line 1 column 504596 (char 504595)
about to get all tweets newer than ID #934408669319647232 for account
@SpeakerRyan
ERROR: unable to get tweets for account @SpeakerRyan
           the system said: Failed to send request: EOF occurred in violation of
 protocol (_ssl.c:600)
about to get all tweets newer than ID #933764914363142149 for account
@SecretaryCarson
ERROR: unable to get tweets for account @SecretaryCarson
           the system said: Failed to parse JSON payload: Unterminated string
starting at: line 1 column 511297 (char 511296)
about to get all tweets newer than ID #824610180881117184 for account
@GovPenceIN
ERROR: unable to get tweets for account @GovPenceIN
           the system said: Failed to send request:
HTTPSConnectionPool(host='api.twitter.com', port=443): Read timed out.
about to get all tweets newer than ID #934213853449261057 for account @PressSec
ERROR: unable to get tweets for account @PressSec
           the system said: Failed to parse JSON payload: Unterminated string
starting at: line 1 column 509869 (char 509868)
about to get all tweets newer than ID #816846808789958656 for account
@SenDanCoats
ERROR: unable to get tweets for account @SenDanCoats
           the system said: Failed to parse JSON payload: Unterminated string
starting at: line 1 column 501695 (char 501694)
about to get all tweets newer than ID #934275009891184640 for account
@DanScavino
ERROR: unable to get tweets for account @DanScavino
           the system said: Failed to parse JSON payload: Unterminated string
starting at: line 1 column 507092 (char 507091)
about to get all tweets newer than ID #934108754731307009 for account
@IvankaTrump
ERROR: unable to get tweets for account @IvankaTrump
           the system said: Failed to parse JSON payload: Unterminated string
starting at: line 1 column 506987 (char 506986)
about to get all tweets newer than ID #-1 for account @ElaineChao
about to get all tweets newer than ID #933745683550662657 for account
@StephGrisham45
ERROR: unable to get tweets for account @StephGrisham45
           the system said: Failed to parse JSON payload: Unterminated string
starting at: line 1 column 852267 (char 852266)
about to get all tweets newer than ID #934330330043035648 for account @Scavino45
about to get all tweets newer than ID #928448335584858113 for account @Reince
ERROR: unable to get tweets for account @Reince
           the system said: Failed to parse JSON payload: Expecting value: line
1 column 503602 (char 503601)
about to get all tweets newer than ID #934407982493978624 for account
@JessicaDitto45
about to get all tweets newer than ID #832282841471918080 for account
@BetsyDeVos
about to get all tweets newer than ID #795981284761894912 for account
@MELANIATRUMP
about to get all tweets newer than ID #913881045652688901 for account
@SecPriceMD
ERROR: unable to get tweets for account @SecPriceMD
           the system said: Failed to parse JSON payload: Expecting value: line
1 column 509397 (char 509396)
about to get all tweets newer than ID #934184102395342848 for account
@SecretaryZinke
about to get all tweets newer than ID #836780744810844161 for account
@StephenMillerAL
about to get all tweets newer than ID #934189999045693441 for account
@realDonaldTrump
about to get all tweets newer than ID #890659905798983680 for account @Reince45
about to get all tweets newer than ID #934198554951913479 for account
@nikkihaley
ERROR: unable to get tweets for account @nikkihaley
           the system said: Failed to parse JSON payload: Unterminated string
starting at: line 1 column 503131 (char 503130)
about to get all tweets newer than ID #933722580791345152 for account @PRyan
ERROR: unable to get tweets for account @PRyan
           the system said: Failed to send request:
HTTPSConnectionPool(host='api.twitter.com', port=443): Read timed out.
about to get all tweets newer than ID #929769209055338496 for account
@GovernorPerry
ERROR: unable to get tweets for account @GovernorPerry
           the system said: Failed to parse JSON payload: Unterminated string
starting at: line 1 column 506496 (char 506495)
about to get all tweets newer than ID #933832825815601154 for account
@seanspicer
about to get all tweets newer than ID #934411780998225921 for account
@SecretarySonny
ERROR: unable to get tweets for account @SecretarySonny
           the system said: Failed to parse JSON payload: Unterminated string
starting at: line 1 column 510378 (char 510377)
about to get all tweets newer than ID #934235876913242113 for account
@MickMulvaneyOMB
... OK, we're set up, and about to watch 22203756, 798195585824104449,
828997388920619008, 809836066316451840, 832672006113931269, 822215679726100480,
24578794, 818910970567344128, 830128820447539208, 822127086194348032,
819980276570976256, 822215673812119553, 1923451808, 818876014390603776,
819992522109894658, 29547260, 1180379185, 831482588246196225,
826065858548133888, 836305915452272641, 471672239, 6577802, 296060169,
892173412818354177, 65522706, 866746592853979137, 799764016885329921, 18916432,
828613457020870657, 15985455, 818927131883356161, 212262370, 620571475,
52544275, 105267762, 823638938590085124, 823367015830323201, 20733972,
836724024688410625, 599530439, 108471631, 829782369670410240,
827258161841135623, 728361177986797568, 25073877, 803703725730779136, 37666984,
733751245, 18906561, 20776147, 842072478834909184, 888031054141022209


New tweet from WhiteHouse: RT @SBALinda: Happy Small Business Saturday! What
treasures will you find in your local community today? Find out more about how…

archiving URL http://twitter.com/WhiteHouse/status/934452981717708800
    ... archiving using prefix http://web.archive.org/save/

archiving URL https://twitter.com/WhiteHouse/status/934452981717708800
    ... archiving using prefix http://web.archive.org/save/


New tweet from WhiteHouse: RT @USDOL: Today is #SmallBizSat, a great time to
visit your favorite small businesses and #ShopSmall. https://t.co/raCMhyvOaR
https://t.co…

archiving URL http://twitter.com/WhiteHouse/status/934453387449511938
    ... archiving using prefix http://web.archive.org/save/

archiving URL https://twitter.com/WhiteHouse/status/934453387449511938
    ... archiving using prefix http://web.archive.org/save/


New tweet from WhiteHouse: RT @SBAgov: Happy Small Business Saturday- support
your community by shopping at a #smallbiz today! #ShopSmall
https://t.co/Wd7aqadaM4

archiving URL http://twitter.com/WhiteHouse/status/934454177476108288
    ... archiving using prefix http://web.archive.org/save/

archiving URL https://twitter.com/WhiteHouse/status/934454177476108288
    ... archiving using prefix http://web.archive.org/save/
WARNING: received error HTTPSConnectionPool(host='stream.twitter.com',
port=443): Read timed out.; sleeping and trying again ...
WARNING: received error ('Connection broken: IncompleteRead(0 bytes read, 512
more expected)', IncompleteRead(0 bytes read, 512 more expected)); sleeping and
trying again ...
