Hello, traveler. This is the beginning of a log file called: "Fascist Tweet Archiver".
Some basic system info about the host machine: posix.uname_result(sysname='Linux', nodename='file-server', release='3.16.0-4-686-pae', version='#1 SMP Debian 3.16.43-2+deb8u5 (2017-09-19)', machine='i686')
This log was begun Saturday, 18 November 2017 at 16:27



INFO: read target account data; we're tracking 52 accounts
WARNING: no ProtocolError (got exception "name 'ProtocolError' is not defined");
 trying requests.packages.urllib3.exceptions instead
NOTE: successfully imported from requests
Starting up...
about to get all tweets newer than ID #931535339327574017 for account
@SecretaryPerry
ERROR: unable to get tweets for account @SecretaryPerry
           the system said: Failed to parse JSON payload: Unterminated string
starting at: line 1 column 507140 (char 507139)
about to get all tweets newer than ID #931547903772057601 for account
@stevenmnuchin1
ERROR: unable to get tweets for account @stevenmnuchin1
           the system said: Failed to parse JSON payload: Unterminated string
starting at: line 1 column 504596 (char 504595)
about to get all tweets newer than ID #931598018859753474 for account
@SecretarySonny
about to get all tweets newer than ID #932026404274876416 for account @Scavino45
about to get all tweets newer than ID #930628460250312704 for account
@TomBossert45
about to get all tweets newer than ID #931619101612658689 for account
@SecretaryCarson
about to get all tweets newer than ID #931301431814049792 for account
@IvankaTrump
about to get all tweets newer than ID #923261387434012672 for account
@SecretaryRoss
about to get all tweets newer than ID #929382925270908928 for account
@StephGrisham45
about to get all tweets newer than ID #-1 for account @ElaineChao
about to get all tweets newer than ID #931356199588716544 for account
@SecondLady
ERROR: unable to get tweets for account @SecondLady
           the system said: Failed to parse JSON payload: Expecting ','
delimiter: line 1 column 505052 (char 505051)
about to get all tweets newer than ID #832282841471918080 for account
@BetsyDeVos
about to get all tweets newer than ID #931685146415255552 for account
@realDonaldTrump
getting all tweets before ID #923894747793580032
    ...400 tweets downloaded so far


New tweet from realDonaldTrump: Crooked Hillary Clinton is the worst (and
biggest) loser of all time. She just can’t stop, which is so good for the…
https://t.co/dsLJX3x1M3

archiving URL http://twitter.com/realDonaldTrump/status/931877599034388480
about to get all tweets newer than ID #824610180881117184 for account
@GovPenceIN
    ... archiving using prefix http://web.archive.org/save/

archiving URL https://twitter.com/realDonaldTrump/status/931877599034388480
    ... archiving using prefix http://web.archive.org/save/
ERROR: unable to get tweets for account @GovPenceIN
           the system said: Failed to parse JSON payload: Unterminated string
starting at: line 1 column 510838 (char 510837)
about to get all tweets newer than ID #856041462164836355 for account
@FirstLadyIN


New tweet from realDonaldTrump: RT @piersmorgan: BOOM! Thank you, Mr
President. Trophy-hunting is repellent. https://t.co/iEPfEQNX4t

archiving URL http://twitter.com/realDonaldTrump/status/931882044044529665
    ... archiving using prefix http://web.archive.org/save/
about to get all tweets newer than ID #931622141476462593 for account
@JessicaDitto45

archiving URL https://twitter.com/realDonaldTrump/status/931882044044529665
    ... archiving using prefix http://web.archive.org/save/


New tweet from realDonaldTrump: RT @greta: Thank you @realDonaldTrump - this
is important to so many of us https://t.co/zJAfZByQKX

archiving URL http://twitter.com/realDonaldTrump/status/931882145181773826
    ... archiving using prefix http://web.archive.org/save/

archiving URL https://twitter.com/realDonaldTrump/status/931882145181773826
    ... archiving using prefix http://web.archive.org/save/
ERROR: unable to get tweets for account @JessicaDitto45
           the system said: Failed to parse JSON payload: Unterminated string
starting at: line 1 column 506027 (char 506026)
about to get all tweets newer than ID #867385249340297217 for account
@RealBenCarson
about to get all tweets newer than ID #816290296048873472 for account
@WilburRoss
about to get all tweets newer than ID #928448335584858113 for account @Reince
ERROR: unable to get tweets for account @Reince
           the system said: Failed to send request: ('Connection aborted.',
BadStatusLine("''",))
about to get all tweets newer than ID #830074939298414592 for account
@RepTomPrice
about to get all tweets newer than ID #836780744810844161 for account
@StephenMillerAL
about to get all tweets newer than ID #898401955847876608 for account
@Linda_McMahon
ERROR: unable to get tweets for account @Linda_McMahon
           the system said: Failed to parse JSON payload: Unterminated string
starting at: line 1 column 502524 (char 502523)
about to get all tweets newer than ID #931951817033953285 for account
@Scaramucci
ERROR: unable to get tweets for account @Scaramucci
           the system said: Failed to parse JSON payload: Expecting ','
delimiter: line 1 column 510844 (char 510843)
about to get all tweets newer than ID #931568373841973248 for account
@IvankaTrumpHQ
ERROR: unable to get tweets for account @IvankaTrumpHQ
           the system said: Failed to parse JSON payload: Unterminated string
starting at: line 1 column 508929 (char 508928)
about to get all tweets newer than ID #-1 for account @jaredkushner
about to get all tweets newer than ID #931983853702537217 for account
@nikkihaley
about to get all tweets newer than ID #928306806681735168 for account
@BetsyDeVosED
ERROR: unable to get tweets for account @BetsyDeVosED
           the system said: Failed to send request: EOF occurred in violation of
 protocol (_ssl.c:600)
about to get all tweets newer than ID #931944569951981570 for account
@SpeakerRyan
about to get all tweets newer than ID #913881045652688901 for account
@SecPriceMD
about to get all tweets newer than ID #795981284761894912 for account
@MELANIATRUMP
about to get all tweets newer than ID #931952469286023168 for account @VP
about to get all tweets newer than ID #931686266852265984 for account
@EPAScottPruitt
about to get all tweets newer than ID #931256077672505346 for account
@SecretaryAcosta
about to get all tweets newer than ID #926116193055989761 for account
@MickMulvaneyOMB
about to get all tweets newer than ID #931573276270264322 for account @SBALinda
about to get all tweets newer than ID #816846808789958656 for account
@SenDanCoats
about to get all tweets newer than ID #931638395931041793 for account
@SecShulkin
about to get all tweets newer than ID #931962974331383808 for account
@WhiteHouse
about to get all tweets newer than ID #931961196097523712 for account
@DanScavino
about to get all tweets newer than ID #931725568298573824 for account
@AshLeeStrong
about to get all tweets newer than ID #931735356730462208 for account @POTUS
getting all tweets before ID #925833994347929599
    ...400 tweets downloaded so far
about to get all tweets newer than ID #932012293268832258 for account @PressSec


New tweet from POTUS: RT @VP: America has momentum right now. But in order to
turn this momentum into sustained economic growth, @POTUS &amp; I are going to
be fight…

archiving URL http://twitter.com/POTUS/status/932027784020594688
    ... archiving using prefix http://web.archive.org/save/

archiving URL https://twitter.com/POTUS/status/932027784020594688
    ... archiving using prefix http://web.archive.org/save/


New tweet from POTUS: RT @Scavino45: #NCAAChamps @WhiteHouse!
https://t.co/4T2LAcgPMJ

archiving URL http://twitter.com/POTUS/status/932027832280256518
    ... archiving using prefix http://web.archive.org/save/
about to get all tweets newer than ID #930982584649175047 for account
@mike_pence

archiving URL https://twitter.com/POTUS/status/932027832280256518
    ... archiving using prefix http://web.archive.org/save/


New tweet from POTUS: RT @Scavino45: .@POTUS @realDonaldTrump with @VP Mike
Pence, @SenateMajLdr Mitch McConnell &amp; @SpeakerRyan yesterday, at the United
 States C…

archiving URL http://twitter.com/POTUS/status/932027884918771712
    ... archiving using prefix http://web.archive.org/save/

archiving URL https://twitter.com/POTUS/status/932027884918771712
    ... archiving using prefix http://web.archive.org/save/
ERROR: unable to get tweets for account @mike_pence
           the system said: Failed to parse JSON payload: Unterminated string
starting at: line 1 column 508938 (char 508937)
about to get all tweets newer than ID #931986725357932544 for account
@seanspicer


New tweet from POTUS: RT @Scavino45: 8 BORDER WALL PROTOTYPES
#BuildTheWall
#USA🇺🇸 https://t.co/T0x9TJx2zd

archiving URL http://twitter.com/POTUS/status/932027909543546881
    ... archiving using prefix http://web.archive.org/save/

archiving URL https://twitter.com/POTUS/status/932027909543546881
    ... archiving using prefix http://web.archive.org/save/


New tweet from POTUS: RT @PressSec: We are getting closer everyday  under
President Trump's leadership to defeating the ISIS caliphate and passing massive
 tax cu…

archiving URL http://twitter.com/POTUS/status/932028013314748416
    ... archiving using prefix http://web.archive.org/save/
about to get all tweets newer than ID #890659905798983680 for account @Reince45

archiving URL https://twitter.com/POTUS/status/932028013314748416
    ... archiving using prefix http://web.archive.org/save/
ERROR: unable to get tweets for account @Reince45
           the system said: Failed to parse JSON payload: Unterminated string
starting at: line 1 column 508437 (char 508436)
about to get all tweets newer than ID #903694300306923521 for account
@SecElaineChao
about to get all tweets newer than ID #931239801403080704 for account
@KellyannePolls
getting all tweets before ID #900338156393943039
    ...400 tweets downloaded so far


New tweet from KellyannePolls: RT @FoxNews: .@KellyannePolls on tax reform: "I
 think it's very regrettable that we can't find a single Democrat to support
what is clearly…

archiving URL http://twitter.com/KellyannePolls/status/931923748403412993
about to get all tweets newer than ID #898632795517403136 for account
@GeneralJFKellly
    ... archiving using prefix http://web.archive.org/save/
ERROR: unable to get tweets for account @GeneralJFKellly
           the system said: Not authorized.
about to get all tweets newer than ID #929769209055338496 for account
@GovernorPerry

archiving URL https://twitter.com/KellyannePolls/status/931923748403412993
    ... archiving using prefix http://web.archive.org/save/
about to get all tweets newer than ID #931711307123974144 for account
@SecretaryZinke


New tweet from KellyannePolls: RT @FoxNews: .@KellyannePolls: "Honestly, I
think today was the worst day for the Democrats in 2017. You have not 1 but 2
U.S. senators now…

archiving URL http://twitter.com/KellyannePolls/status/931923817898893312
    ... archiving using prefix http://web.archive.org/save/

archiving URL https://twitter.com/KellyannePolls/status/931923817898893312
    ... archiving using prefix http://web.archive.org/save/
about to get all tweets newer than ID #931897909230137344 for account @PRyan


New tweet from KellyannePolls: RT @FoxNews: .@KellyannePolls: "Let's face it -
 the individual mandate is a tax." https://t.co/c2NNhrwu92

archiving URL http://twitter.com/KellyannePolls/status/931923897532014592
    ... archiving using prefix http://web.archive.org/save/

archiving URL https://twitter.com/KellyannePolls/status/931923897532014592
    ... archiving using prefix http://web.archive.org/save/
about to get all tweets newer than ID #931617435777683457 for account @FLOTUS
... OK, we're set up, and about to watch 830128820447539208, 799764016885329921,
 842072478834909184, 823367015830323201, 866746592853979137, 828613457020870657,
 52544275, 836305915452272641, 823638938590085124, 105267762,
822127086194348032, 599530439, 25073877, 15985455, 1923451808,
836724024688410625, 1180379185, 809836066316451840, 20733972, 6577802,
728361177986797568, 65522706, 24578794, 798195585824104449, 29547260, 37666984,
828997388920619008, 18916432, 829782369670410240, 108471631, 818910970567344128,
 832672006113931269, 819980276570976256, 888031054141022209, 819992522109894658,
 212262370, 831482588246196225, 822215673812119553, 620571475, 296060169,
822215679726100480, 818927131883356161, 22203756, 20776147, 803703725730779136,
826065858548133888, 471672239, 892173412818354177, 18906561, 827258161841135623,
 733751245, 818876014390603776
