Hello, traveler. This is the beginning of a log file called: "Fascist Tweet Archiver".
Some basic system info about the host machine: posix.uname_result(sysname='Linux', nodename='file-server', release='3.16.0-4-686-pae', version='#1 SMP Debian 3.16.51-3 (2017-12-13)', machine='i686')
This log was begun Friday, 29 December 2017 at 12:10



INFO: read target account data; we're tracking 52 accounts
WARNING: no ProtocolError (got exception "name 'ProtocolError' is not defined");
 trying requests.packages.urllib3.exceptions instead
NOTE: successfully imported from requests
Starting up...
about to get all tweets newer than ID #943545273489510400 for account
@MickMulvaneyOMB
about to get all tweets newer than ID #946257048035086336 for account
@KellyannePolls
ERROR: unable to get tweets for account @KellyannePolls
           the system said: Failed to parse JSON payload: Unterminated string
starting at: line 1 column 504087 (char 504086)
about to get all tweets newer than ID #903694300306923521 for account
@SecElaineChao
about to get all tweets newer than ID #946731576687235072 for account
@realDonaldTrump
about to get all tweets newer than ID #946443492921937920 for account @PressSec
about to get all tweets newer than ID #890659905798983680 for account @Reince45
about to get all tweets newer than ID #946575858717872129 for account @Scavino45
about to get all tweets newer than ID #856041462164836355 for account
@FirstLadyIN
about to get all tweets newer than ID #946131448364437505 for account
@JessicaDitto45
about to get all tweets newer than ID #830074939298414592 for account
@RepTomPrice
about to get all tweets newer than ID #946798344697012227 for account @VP
about to get all tweets newer than ID #945045186899570693 for account
@SecretaryAcosta
ERROR: unable to get tweets for account @SecretaryAcosta
           the system said: Failed to parse JSON payload: Unterminated string
starting at: line 1 column 510360 (char 510359)
about to get all tweets newer than ID #943908455793823744 for account @Reince
about to get all tweets newer than ID #946800154736320513 for account
@SpeakerRyan
about to get all tweets newer than ID #816290296048873472 for account
@WilburRoss
about to get all tweets newer than ID #816846808789958656 for account
@SenDanCoats
about to get all tweets newer than ID #898632795517403136 for account
@GeneralJFKellly
ERROR: unable to get tweets for account @GeneralJFKellly
           the system said: Not authorized.
about to get all tweets newer than ID #795981284761894912 for account
@MELANIATRUMP
about to get all tweets newer than ID #913881045652688901 for account
@SecPriceMD
about to get all tweets newer than ID #945412679887413248 for account
@BetsyDeVosED
about to get all tweets newer than ID #946809083050512384 for account
@SecShulkin
about to get all tweets newer than ID #946815395629019138 for account
@Scaramucci
getting all tweets before ID #932899711190790143
    ...399 tweets downloaded so far
about to get all tweets newer than ID #-1 for account @ElaineChao


New tweet from Scaramucci: Corporate tax cuts = tax cuts for the average
American worker. Corporate income taxation is terrible economic polic…
https://t.co/Gretg1sjqB

archiving URL http://twitter.com/Scaramucci/status/946821890294910979
    ... archiving using prefix http://web.archive.org/save/
about to get all tweets newer than ID #943545231244439555 for account
@SecretaryCarson
about to get all tweets newer than ID #945432117319680000 for account
@GovernorPerry

archiving URL https://twitter.com/Scaramucci/status/946821890294910979
    ... archiving using prefix http://web.archive.org/save/
about to get all tweets newer than ID #946766565063778304 for account
@SecretaryPerry
about to get all tweets newer than ID #941074527592812545 for account
@SecretaryRoss
about to get all tweets newer than ID #946801241249800193 for account
@WhiteHouse
about to get all tweets newer than ID #946627730136743936 for account
@stevenmnuchin1
about to get all tweets newer than ID #946526973702045697 for account @POTUS
about to get all tweets newer than ID #867385249340297217 for account
@RealBenCarson
about to get all tweets newer than ID #945836760617103361 for account
@SecondLady
about to get all tweets newer than ID #945107090221273093 for account
@EPAScottPruitt
about to get all tweets newer than ID #946607890487488514 for account
@nikkihaley
getting all tweets before ID #909199682370510851
    ...400 tweets downloaded so far


New tweet from nikkihaley: @Bakari_Sellers You are cracking me up
@Bakari_Sellers 😂.

archiving URL http://twitter.com/nikkihaley/status/946806880357240832
    ... archiving using prefix http://web.archive.org/save/
about to get all tweets newer than ID #946753093877854208 for account
@SecretaryZinke

archiving URL https://twitter.com/nikkihaley/status/946806880357240832
    ... archiving using prefix http://web.archive.org/save/
about to get all tweets newer than ID #946156999041052672 for account
@TomBossert45
about to get all tweets newer than ID #946750417182093318 for account
@DanScavino
about to get all tweets newer than ID #824610180881117184 for account
@GovPenceIN
about to get all tweets newer than ID #-1 for account @jaredkushner
about to get all tweets newer than ID #946473690757087232 for account
@AshLeeStrong
about to get all tweets newer than ID #946726223861952513 for account
@IvankaTrump
about to get all tweets newer than ID #832282841471918080 for account
@BetsyDeVos
about to get all tweets newer than ID #945299954049933314 for account @FLOTUS
about to get all tweets newer than ID #898401955847876608 for account
@Linda_McMahon
about to get all tweets newer than ID #946035200471027712 for account
@StephGrisham45
about to get all tweets newer than ID #930982584649175047 for account
@mike_pence
about to get all tweets newer than ID #945295587301253120 for account @PRyan
about to get all tweets newer than ID #946184802096513025 for account
@seanspicer
about to get all tweets newer than ID #836780744810844161 for account
@StephenMillerAL
about to get all tweets newer than ID #946046285546602496 for account @SBALinda
about to get all tweets newer than ID #946387776328617984 for account
@IvankaTrumpHQ
about to get all tweets newer than ID #946797148187873280 for account
@SecretarySonny
... OK, we're set up, and about to watch 888031054141022209, 471672239,
826065858548133888, 25073877, 818927131883356161, 803703725730779136,
823367015830323201, 1923451808, 836724024688410625, 6577802, 818910970567344128,
 819980276570976256, 20733972, 18916432, 809836066316451840, 212262370,
892173412818354177, 108471631, 829782369670410240, 828997388920619008,
831482588246196225, 24578794, 105267762, 828613457020870657, 18906561,
830128820447539208, 836305915452272641, 822215673812119553, 799764016885329921,
822215679726100480, 1180379185, 822127086194348032, 832672006113931269,
37666984, 827258161841135623, 866746592853979137, 620571475, 15985455, 29547260,
 296060169, 52544275, 599530439, 818876014390603776, 65522706,
823638938590085124, 22203756, 733751245, 20776147, 728361177986797568,
819992522109894658, 798195585824104449, 842072478834909184
WARNING: received error ('Connection broken: IncompleteRead(0 bytes read, 512
more expected)', IncompleteRead(0 bytes read, 512 more expected)); sleeping and
trying again ...
