Hello, traveler. This is the beginning of a log file called: "Fascist Tweet Archiver".
Some basic system info about the host machine: posix.uname_result(sysname='Linux', nodename='file-server', release='3.16.0-4-686-pae', version='#1 SMP Debian 3.16.43-2+deb8u5 (2017-09-19)', machine='i686')
This log was begun Friday, 17 November 2017 at 17:30



INFO: read target account data; we're tracking 52 accounts
WARNING: no ProtocolError (got exception "name 'ProtocolError' is not defined");
 trying requests.packages.urllib3.exceptions instead
NOTE: successfully imported from requests
Starting up...
about to get all tweets newer than ID #856041462164836355 for account
@FirstLadyIN
about to get all tweets newer than ID #930982584649175047 for account
@mike_pence
about to get all tweets newer than ID #931619101612658689 for account
@SecretaryCarson
about to get all tweets newer than ID #931617435777683457 for account @FLOTUS
about to get all tweets newer than ID #931678869026934787 for account
@AshLeeStrong
about to get all tweets newer than ID #836780744810844161 for account
@StephenMillerAL
about to get all tweets newer than ID #931657540026421248 for account @POTUS
ERROR: unable to get tweets for account @POTUS
           the system said: Failed to parse JSON payload: Unterminated string
starting at: line 1 column 1033101 (char 1033100)
about to get all tweets newer than ID #931595503464218624 for account @VP
about to get all tweets newer than ID #928448335584858113 for account @Reince
about to get all tweets newer than ID #931256077672505346 for account
@SecretaryAcosta
ERROR: unable to get tweets for account @SecretaryAcosta
           the system said: Failed to parse JSON payload: Expecting property
name enclosed in double quotes: line 1 column 508325 (char 508324)
about to get all tweets newer than ID #931573276270264322 for account @SBALinda
about to get all tweets newer than ID #931598018859753474 for account
@SecretarySonny
ERROR: unable to get tweets for account @SecretarySonny
           the system said: Failed to parse JSON payload: Unterminated string
starting at: line 1 column 508911 (char 508910)
about to get all tweets newer than ID #931661592135168000 for account
@realDonaldTrump
about to get all tweets newer than ID #931550748286078976 for account
@SecretaryZinke
about to get all tweets newer than ID #931568373841973248 for account
@IvankaTrumpHQ
about to get all tweets newer than ID #931678105575526402 for account
@SpeakerRyan
about to get all tweets newer than ID #923261387434012672 for account
@SecretaryRoss
about to get all tweets newer than ID #931674824212209664 for account
@WhiteHouse
about to get all tweets newer than ID #890659905798983680 for account @Reince45
about to get all tweets newer than ID #931677229825888256 for account
@nikkihaley
ERROR: unable to get tweets for account @nikkihaley
           the system said: Failed to send request:
HTTPSConnectionPool(host='api.twitter.com', port=443): Read timed out.
about to get all tweets newer than ID #867385249340297217 for account
@RealBenCarson
about to get all tweets newer than ID #-1 for account @ElaineChao
about to get all tweets newer than ID #931662802464526336 for account @Scavino45
ERROR: unable to get tweets for account @Scavino45
           the system said: Failed to parse JSON payload: Unterminated string
starting at: line 1 column 507488 (char 507487)
about to get all tweets newer than ID #795981284761894912 for account
@MELANIATRUMP
about to get all tweets newer than ID #898632795517403136 for account
@GeneralJFKellly
ERROR: unable to get tweets for account @GeneralJFKellly
           the system said: Not authorized.
about to get all tweets newer than ID #903694300306923521 for account
@SecElaineChao
about to get all tweets newer than ID #931559659156021249 for account
@seanspicer
about to get all tweets newer than ID #-1 for account @jaredkushner
about to get all tweets newer than ID #929382925270908928 for account
@StephGrisham45
about to get all tweets newer than ID #931301431814049792 for account
@IvankaTrump
about to get all tweets newer than ID #816290296048873472 for account
@WilburRoss
about to get all tweets newer than ID #931547903772057601 for account
@stevenmnuchin1
about to get all tweets newer than ID #926116193055989761 for account
@MickMulvaneyOMB
about to get all tweets newer than ID #931553297932177408 for account
@EPAScottPruitt
getting all tweets before ID #864907343741538303
    ...323 tweets downloaded so far


New tweet from EPAScottPruitt: Honored to attend the dedication of the
#museumoftheBible this morning. Fun fact: Obama-era regulations are 38 time…
https://t.co/JxFj5sQnWf

archiving URL http://twitter.com/EPAScottPruitt/status/931681556820889600
    ... archiving using prefix http://web.archive.org/save/
about to get all tweets newer than ID #928306806681735168 for account
@BetsyDeVosED

archiving URL https://twitter.com/EPAScottPruitt/status/931681556820889600
    ... archiving using prefix http://web.archive.org/save/
about to get all tweets newer than ID #930628460250312704 for account
@TomBossert45
about to get all tweets newer than ID #931356199588716544 for account
@SecondLady
about to get all tweets newer than ID #931638395931041793 for account
@SecShulkin
ERROR: unable to get tweets for account @SecShulkin
           the system said: Failed to parse JSON payload: Unterminated string
starting at: line 1 column 507480 (char 507479)
about to get all tweets newer than ID #816846808789958656 for account
@SenDanCoats
ERROR: unable to get tweets for account @SenDanCoats
           the system said: Failed to parse JSON payload: Expecting ','
delimiter: line 1 column 505549 (char 505548)
about to get all tweets newer than ID #824610180881117184 for account
@GovPenceIN
about to get all tweets newer than ID #931622141476462593 for account
@JessicaDitto45
about to get all tweets newer than ID #931239801403080704 for account
@KellyannePolls
ERROR: unable to get tweets for account @KellyannePolls
           the system said: Failed to send request:
HTTPSConnectionPool(host='api.twitter.com', port=443): Read timed out.
about to get all tweets newer than ID #928551104505245696 for account
@DanScavino
about to get all tweets newer than ID #830074939298414592 for account
@RepTomPrice
ERROR: unable to get tweets for account @RepTomPrice
           the system said: Failed to send request:
HTTPSConnectionPool(host='api.twitter.com', port=443): Read timed out.
about to get all tweets newer than ID #931664819672973313 for account @PRyan
about to get all tweets newer than ID #929769209055338496 for account
@GovernorPerry
about to get all tweets newer than ID #898401955847876608 for account
@Linda_McMahon
about to get all tweets newer than ID #931535339327574017 for account
@SecretaryPerry
ERROR: unable to get tweets for account @SecretaryPerry
           the system said: Failed to parse JSON payload: Invalid \uXXXX escape:
 line 1 column 507945 (char 507944)
about to get all tweets newer than ID #913881045652688901 for account
@SecPriceMD
about to get all tweets newer than ID #931213063335956481 for account @PressSec
ERROR: unable to get tweets for account @PressSec
           the system said: Failed to send request:
HTTPSConnectionPool(host='api.twitter.com', port=443): Read timed out.
about to get all tweets newer than ID #832282841471918080 for account
@BetsyDeVos
about to get all tweets newer than ID #931658797340389377 for account
@Scaramucci
