Hello, traveler. This is the beginning of a log file called: "Fascist Tweet Archiver".
Some basic system info about the host machine: posix.uname_result(sysname='Linux', nodename='file-server', release='3.16.0-4-686-pae', version='#1 SMP Debian 3.16.43-2+deb8u5 (2017-09-19)', machine='i686')
This log was begun Saturday, 28 October 2017 at 07:48



INFO: read target account data; we're tracking 52 accounts
WARNING: no ProtocolError (got exception "name 'ProtocolError' is not defined");
 trying requests.packages.urllib3.exceptions instead
NOTE: successfully imported from requests
Starting up...
about to get all tweets newer than ID #923375754821369856 for account
@seanspicer
about to get all tweets newer than ID #913805829710675974 for account
@GovernorPerry
about to get all tweets newer than ID #924154951407931392 for account @Scavino45
about to get all tweets newer than ID #923722673972269056 for account
@DanScavino
about to get all tweets newer than ID #923987250521788417 for account
@IvankaTrump
about to get all tweets newer than ID #924286133898539008 for account
@WhiteHouse
about to get all tweets newer than ID #924286166333091841 for account
@JessicaDitto45
getting all tweets before ID #914211736688975873
    ...398 tweets downloaded so far


New tweet from JessicaDitto45: RT @realDonaldTrump: Today is National
Prescription Drug Take Back Day. Everyone can help fight the #OpioidEpidemic by
participating! https…

archiving URL http://twitter.com/JessicaDitto45/status/924286403327950848
    ... archiving using prefix http://web.archive.org/save/
about to get all tweets newer than ID #924032980426903552 for account
@IvankaTrumpHQ
about to get all tweets newer than ID #924021411617718272 for account
@SecretaryPerry

archiving URL https://twitter.com/JessicaDitto45/status/924286403327950848
    ... archiving using prefix http://web.archive.org/save/
about to get all tweets newer than ID #924278300410867712 for account @FLOTUS
about to get all tweets newer than ID #924251386895880193 for account @PressSec
about to get all tweets newer than ID #923557369749164033 for account
@BetsyDeVosED
about to get all tweets newer than ID #924031696718192640 for account
@AshLeeStrong
about to get all tweets newer than ID #923868752629977088 for account
@stevenmnuchin1
about to get all tweets newer than ID #924116159368171521 for account @POTUS
about to get all tweets newer than ID #923976596683395072 for account
@SecretaryCarson
about to get all tweets newer than ID #830074939298414592 for account
@RepTomPrice
about to get all tweets newer than ID #-1 for account @ElaineChao
about to get all tweets newer than ID #923567628165308416 for account @PRyan
about to get all tweets newer than ID #867385249340297217 for account
@RealBenCarson
about to get all tweets newer than ID #923588493116403717 for account @SBALinda
about to get all tweets newer than ID #923612454776725506 for account
@EPAScottPruitt
about to get all tweets newer than ID #816290296048873472 for account
@WilburRoss
about to get all tweets newer than ID #924284287205236741 for account
@StephGrisham45
about to get all tweets newer than ID #816846808789958656 for account
@SenDanCoats
about to get all tweets newer than ID #890659905798983680 for account @Reince45
about to get all tweets newer than ID #924283107188068352 for account
@SpeakerRyan
about to get all tweets newer than ID #923956179851673600 for account
@SecretarySonny
about to get all tweets newer than ID #923140261856804865 for account @Reince
about to get all tweets newer than ID #898632795517403136 for account
@GeneralJFKellly
