Hello, traveler. This is the beginning of a log file called: "Fascist Tweet Archiver".
Some basic system info about the host machine: posix.uname_result(sysname='Linux', nodename='file-server', release='3.16.0-4-686-pae', version='#1 SMP Debian 3.16.51-3 (2017-12-13)', machine='i686')
This log was begun Saturday, 20 January 2018 at 10:42



INFO: read target account data; we're tracking 52 accounts
WARNING: no ProtocolError (got exception "name 'ProtocolError' is not defined");
 trying requests.packages.urllib3.exceptions instead
NOTE: successfully imported from requests
Starting up...
about to get all tweets newer than ID #816846808789958656 for account
@SenDanCoats
about to get all tweets newer than ID #-1 for account @ElaineChao
about to get all tweets newer than ID #913881045652688901 for account
@SecPriceMD
about to get all tweets newer than ID #890659905798983680 for account @Reince45
ERROR: unable to get tweets for account @Reince45
           the system said: Failed to parse JSON payload: Unterminated string
starting at: line 1 column 506000 (char 505999)
about to get all tweets newer than ID #954760901734879234 for account
@SpeakerRyan
about to get all tweets newer than ID #954738359083167744 for account
@Scaramucci
about to get all tweets newer than ID #954137162827649024 for account
@BetsyDeVosED
about to get all tweets newer than ID #954488719377141761 for account
@IvankaTrumpHQ
about to get all tweets newer than ID #954090900921159680 for account
@stevenmnuchin1
about to get all tweets newer than ID #954742735646482433 for account
@SecretarySonny
ERROR: unable to get tweets for account @SecretarySonny
           the system said: Failed to send request:
HTTPSConnectionPool(host='api.twitter.com', port=443): Read timed out.
about to get all tweets newer than ID #954704879079034880 for account @VP
getting all tweets before ID #941292211408433156
    ...400 tweets downloaded so far


New tweet from VP: Landed in Cairo - our meetings w/ the leaders of Egypt,
Jordan &amp; Israel are critical to our Nation's national secur…
https://t.co/zn0sDP9FFf

archiving URL http://twitter.com/VP/status/954771059923931137
    ... archiving using prefix http://web.archive.org/save/
about to get all tweets newer than ID #954221739675996160 for account
@DanScavino

archiving URL https://twitter.com/VP/status/954771059923931137
    ... archiving using prefix http://web.archive.org/save/
about to get all tweets newer than ID #953073831534612480 for account
@SecretaryRoss
about to get all tweets newer than ID #947851229719355392 for account
@GovernorPerry
about to get all tweets newer than ID #954409146664783872 for account
@SecretaryCarson
about to get all tweets newer than ID #954049288866279425 for account
@TomBossert45
about to get all tweets newer than ID #954435817862123520 for account @PRyan
about to get all tweets newer than ID #898632795517403136 for account
@GeneralJFKellly
ERROR: unable to get tweets for account @GeneralJFKellly
           the system said: Not authorized.
about to get all tweets newer than ID #-1 for account @jaredkushner
about to get all tweets newer than ID #830074939298414592 for account
@RepTomPrice
about to get all tweets newer than ID #954472012424138754 for account @SBALinda
about to get all tweets newer than ID #954722155463430145 for account
@realDonaldTrump
about to get all tweets newer than ID #951473433719828480 for account
@StephGrisham45
about to get all tweets newer than ID #795981284761894912 for account
@MELANIATRUMP
about to get all tweets newer than ID #903694300306923521 for account
@SecElaineChao
about to get all tweets newer than ID #836780744810844161 for account
@StephenMillerAL
about to get all tweets newer than ID #954762817005080577 for account
@AshLeeStrong
getting all tweets before ID #943591761913503744
    ...400 tweets downloaded so far


New tweet from AshLeeStrong: A non sarcastic tweet here: thanks to all the
reporters who are actually checking in w/ us on Senator Durbin’s biza…
https://t.co/ULusa3zT1a

archiving URL http://twitter.com/AshLeeStrong/status/954769129550045185
    ... archiving using prefix http://web.archive.org/save/
about to get all tweets newer than ID #816290296048873472 for account
@WilburRoss
about to get all tweets newer than ID #954745336207159297 for account
@EPAScottPruitt

archiving URL https://twitter.com/AshLeeStrong/status/954769129550045185
    ... archiving using prefix http://web.archive.org/save/
about to get all tweets newer than ID #954753799008133120 for account
@SecShulkin
about to get all tweets newer than ID #824610180881117184 for account
@GovPenceIN
about to get all tweets newer than ID #856041462164836355 for account
@FirstLadyIN
about to get all tweets newer than ID #954435460968996864 for account
@SecretaryPerry
about to get all tweets newer than ID #954748876887592960 for account @FLOTUS
ERROR: unable to get tweets for account @FLOTUS
           the system said: Failed to parse JSON payload: Expecting value: line
1 column 508404 (char 508403)
about to get all tweets newer than ID #867385249340297217 for account
@RealBenCarson
about to get all tweets newer than ID #954749615944892416 for account
@KellyannePolls
about to get all tweets newer than ID #954732184186781696 for account
@JessicaDitto45
getting all tweets before ID #938510225220558847
    ...400 tweets downloaded so far


New tweet from JessicaDitto45: RT @FLOTUS: This has been a year filled with
many wonderful moments. I’ve enjoyed the people I’ve been lucky enough to meet
throughout our…

archiving URL http://twitter.com/JessicaDitto45/status/954749135600660481
    ... archiving using prefix http://web.archive.org/save/
about to get all tweets newer than ID #954724753494986752 for account @PressSec
ERROR: unable to get tweets for account @PressSec
           the system said: Failed to parse JSON payload: Unterminated string
starting at: line 1 column 504532 (char 504531)
about to get all tweets newer than ID #954370070297399297 for account
@IvankaTrump

archiving URL https://twitter.com/JessicaDitto45/status/954749135600660481
    ... archiving using prefix http://web.archive.org/save/
ERROR: unable to get tweets for account @IvankaTrump
           the system said: Failed to parse JSON payload: Expecting value: line
1 column 508895 (char 508894)
about to get all tweets newer than ID #832282841471918080 for account
@BetsyDeVos
about to get all tweets newer than ID #951506732043456512 for account
@MickMulvaneyOMB
about to get all tweets newer than ID #930982584649175047 for account
@mike_pence
about to get all tweets newer than ID #898401955847876608 for account
@Linda_McMahon
about to get all tweets newer than ID #954518400298045441 for account
@SecretaryAcosta
about to get all tweets newer than ID #954707866027347973 for account
@SecondLady
about to get all tweets newer than ID #954719345275494406 for account
@nikkihaley
about to get all tweets newer than ID #943908455793823744 for account @Reince
about to get all tweets newer than ID #954737657774473217 for account
@SecretaryZinke
about to get all tweets newer than ID #954764028202676225 for account
@seanspicer
about to get all tweets newer than ID #954768080286240769 for account @Scavino45
about to get all tweets newer than ID #954764049430011905 for account @POTUS
about to get all tweets newer than ID #954594386490413056 for account
@WhiteHouse
... OK, we're set up, and about to watch 212262370, 105267762,
829782369670410240, 803703725730779136, 18916432, 24578794, 828997388920619008,
798195585824104449, 799764016885329921, 842072478834909184, 818910970567344128,
620571475, 836305915452272641, 18906561, 828613457020870657, 866746592853979137,
 733751245, 892173412818354177, 29547260, 6577802, 819992522109894658, 25073877,
 823638938590085124, 108471631, 826065858548133888, 728361177986797568,
296060169, 809836066316451840, 832672006113931269, 831482588246196225, 15985455,
 1923451808, 830128820447539208, 818876014390603776, 1180379185, 471672239,
836724024688410625, 818927131883356161, 52544275, 599530439, 888031054141022209,
 22203756, 65522706, 819980276570976256, 822127086194348032, 37666984, 20733972,
 827258161841135623, 20776147, 823367015830323201, 822215679726100480,
822215673812119553
WARNING: received error ('Connection broken: IncompleteRead(0 bytes read, 4048
more expected)', IncompleteRead(0 bytes read, 4048 more expected)); sleeping and
 trying again ...
WARNING: received error ('Connection broken: IncompleteRead(0 bytes read, 512
more expected)', IncompleteRead(0 bytes read, 512 more expected)); sleeping and
trying again ...


New tweet from POTUS: #DemocratShutdown #SchumerShutdown
https://t.co/cSDZp4RsEI

archiving URL http://twitter.com/POTUS/status/954777428349550592
    ... archiving using prefix http://web.archive.org/save/
WARNING: received error ('Connection broken: IncompleteRead(0 bytes read, 512
more expected)', IncompleteRead(0 bytes read, 512 more expected)); sleeping and
trying again ...

archiving URL https://twitter.com/POTUS/status/954777428349550592
    ... archiving using prefix http://web.archive.org/save/


New tweet from POTUS: #DemocratShutdown #SchumerShutdown
https://t.co/HWECGKzoro

archiving URL http://twitter.com/POTUS/status/954777678539821057
    ... archiving using prefix http://web.archive.org/save/

archiving URL https://twitter.com/POTUS/status/954777678539821057
    ... archiving using prefix http://web.archive.org/save/
WARNING: received error HTTPSConnectionPool(host='stream.twitter.com',
port=443): Read timed out.; sleeping and trying again ...
