Hello, traveler. This is the beginning of a log file called: "Fascist Tweet Archiver".
Some basic system info about the host machine: posix.uname_result(sysname='Linux', nodename='file-server', release='3.16.0-6-686-pae', version='#1 SMP Debian 3.16.56-1+deb8u1 (2018-05-08)', machine='i686')
This log was begun Thursday, 19 July 2018 at 12:28



INFO: read target account data; we're tracking 59 accounts
WARNING: no ProtocolError (got exception "name 'ProtocolError' is not defined");
 trying requests.packages.urllib3.exceptions instead
NOTE: successfully imported from requests
Starting up...
about to get all tweets newer than ID #1016714050145841152 for account @Cabinet
about to get all tweets newer than ID #1019983454832873472 for account
@WhiteHouse
about to get all tweets newer than ID #1020008821731753986 for account
@IvankaTrump
about to get all tweets newer than ID #1019570909177434113 for account
@mike_pence
about to get all tweets newer than ID #824610180881117184 for account
@GovPenceIN
about to get all tweets newer than ID #1020005420600119297 for account
@SecretaryCarson
about to get all tweets newer than ID #1019602911096123392 for account
@Scavino45
about to get all tweets newer than ID #1020008975922810883 for account
@realDonaldTrump
about to get all tweets newer than ID #1019712766666526720 for account
@SecretaryPerry
getting all tweets before ID #978712920640118783
    ...400 tweets downloaded so far
about to get all tweets newer than ID #1019942507281633280 for account
@SecondLady


New tweet from SecretaryPerry: Getting an update this morning from Dr. Manley
on how @USCFHospitals’ traumatic brain injury center is working with…
https://t.co/JSl4ds1ImO

archiving URL http://twitter.com/SecretaryPerry/status/1020011565448171520
    ... archiving using prefix http://web.archive.org/save/
about to get all tweets newer than ID #1019726043442278400 for account
@IvankaTrumpHQ
about to get all tweets newer than ID #1014504948468510720 for account @Reince

archiving URL https://twitter.com/SecretaryPerry/status/1020011565448171520
    ... archiving using prefix http://web.archive.org/save/
about to get all tweets newer than ID #1019935358820192256 for account
@nikkihaley
about to get all tweets newer than ID #1019756697106206720 for account
@SecretarySonny
about to get all tweets newer than ID #830074939298414592 for account
@RepTomPrice
about to get all tweets newer than ID #903694300306923521 for account
@SecElaineChao
about to get all tweets newer than ID #1003795765028884485 for account
@Linda_McMahon
about to get all tweets newer than ID #1020005440682430464 for account
@DepSecHargan
about to get all tweets newer than ID #1019933244609978371 for account
@SecretaryAcosta
about to get all tweets newer than ID #1020003001132560386 for account
@JessicaDitto45
about to get all tweets newer than ID #1019951146415337472 for account
@KellyannePolls
getting all tweets before ID #958558872158994432
    ...400 tweets downloaded so far


New tweet from KellyannePolls: RT @realDonaldTrump: Will the Dems and Fake
News ever learn? This is classic! https://t.co/kSX3ROI4QG

archiving URL http://twitter.com/KellyannePolls/status/1020012271861452800
    ... archiving using prefix http://web.archive.org/save/
about to get all tweets newer than ID #816846808789958656 for account
@SenDanCoats
about to get all tweets newer than ID #978650205192044545 for account
@SecShulkin
about to get all tweets newer than ID #816290296048873472 for account
@WilburRoss
about to get all tweets newer than ID #1019990599708106758 for account
@StephGrisham45
about to get all tweets newer than ID #1020005382180167680 for account @VP
getting all tweets before ID #1010245573381943296
    ...400 tweets downloaded so far


New tweet from VP: THANK YOU MISSOURI! Great to see @GovParsonMO,
@AGJoshHawley &amp; working families in St. Louis. Talked about the RESU…
https://t.co/3PGh9FVNkg

archiving URL http://twitter.com/VP/status/1020011776975437824
    ... archiving using prefix http://web.archive.org/save/
about to get all tweets newer than ID #856041462164836355 for account
@FirstLadyIN

archiving URL https://twitter.com/KellyannePolls/status/1020012271861452800
    ... archiving using prefix http://web.archive.org/save/
about to get all tweets newer than ID #1014519079284199424 for account
@EPAScottPruitt
ERROR: unable to get tweets for account @EPAScottPruitt
           the system said: [{'code': 34, 'message': 'Sorry, that page does not
exist.'}]
about to get all tweets newer than ID #1019398962019819520 for account @Comey
about to get all tweets newer than ID #-1 for account @ElaineChao
about to get all tweets newer than ID #1016846923607748609 for account
@DanScavino
about to get all tweets newer than ID #1020002688103276544 for account
@SecNielsen
about to get all tweets newer than ID #1016712148112760832 for account @PRyan
about to get all tweets newer than ID #1019979910817959936 for account
@SpeakerRyan

archiving URL https://twitter.com/VP/status/1020011776975437824
    ... archiving using prefix http://web.archive.org/save/
about to get all tweets newer than ID #836780744810844161 for account
@StephenMillerAL
about to get all tweets newer than ID #994396943421001728 for account
@TomBossert45
about to get all tweets newer than ID #1015616894559244288 for account
@RealBenCarson
about to get all tweets newer than ID #1019960418037624833 for account
@Scaramucci
about to get all tweets newer than ID #1019990251337601026 for account
@EnergyDepSec
about to get all tweets newer than ID #1020002181594992643 for account
@AshLeeStrong
about to get all tweets newer than ID #-1 for account @jaredkushner
about to get all tweets newer than ID #1016492510749786114 for account
@MickMulvaneyOMB
about to get all tweets newer than ID #832282841471918080 for account
@BetsyDeVos
about to get all tweets newer than ID #890659905798983680 for account @Reince45
ERROR: unable to get tweets for account @Reince45
           the system said: Not authorized.
about to get all tweets newer than ID #1019351837391106048 for account
@BetsyDeVosED
about to get all tweets newer than ID #1019675107621556226 for account
@AmbJohnBolton
about to get all tweets newer than ID #954801265732661248 for account
@MELANIATRUMP
about to get all tweets newer than ID #1019920438401687554 for account @SecAzar
about to get all tweets newer than ID #1020003532378968066 for account
@statedeptspox
about to get all tweets newer than ID #1020009290604703745 for account @POTUS
about to get all tweets newer than ID #1019988865367539712 for account
@stevenmnuchin1
getting all tweets before ID #941369221539344384
    ...400 tweets downloaded so far


New tweet from stevenmnuchin1: Met with @AAFAFPR, the Department of Treasury
of #PuertoRico as well as the Economic Development Agencies of Puerto…
https://t.co/vu5rBsBRXm

archiving URL http://twitter.com/stevenmnuchin1/status/1020010941931499520
    ... archiving using prefix http://web.archive.org/save/
about to get all tweets newer than ID #1019044900912926720 for account
@GovernorPerry
about to get all tweets newer than ID #1019677061399699462 for account @FLOTUS

archiving URL https://twitter.com/stevenmnuchin1/status/1020010941931499520
    ... archiving using prefix http://web.archive.org/save/
about to get all tweets newer than ID #1019905643199848448 for account @PressSec
about to get all tweets newer than ID #1019707386079084548 for account
@SecretaryRoss
about to get all tweets newer than ID #1019580621159624704 for account @SBALinda
about to get all tweets newer than ID #1019936460382834689 for account
@SecretaryZinke
about to get all tweets newer than ID #1019968760042672128 for account
@seanspicer
about to get all tweets newer than ID #913881045652688901 for account
@SecPriceMD
... OK, we're set up, and about to watch 818928162449068032, 822215673812119553,
 52544275, 22203756, 15985455, 828613457020870657, 823367015830323201, 25073877,
 830128820447539208, 822127086194348032, 798195585824104449, 20733972, 37666984,
 842072478834909184, 6577802, 826065858548133888, 65522706, 920035992073064450,
819980276570976256, 836724024688410625, 471672239, 212262370,
831482588246196225, 809836066316451840, 823638938590085124, 818910970567344128,
1923451808, 832672006113931269, 2334193741, 105267762, 620571475,
935148134505828353, 733751245, 18916432, 728361177986797568, 866746592853979137,
 1180379185, 24578794, 894923298374651904, 296060169, 29547260,
888031054141022209, 599530439, 803703725730779136, 828997388920619008,
118756393, 108471631, 956283913835614208, 1967216306, 822215679726100480,
799764016885329921, 18906561, 818876014390603776, 818927131883356161,
836305915452272641, 819992522109894658, 827258161841135623, 20776147,
829782369670410240


New tweet from WhiteHouse: Tune in LIVE at 3:00 p.m. EDT
https://t.co/hOST1J2h3J

archiving URL http://twitter.com/WhiteHouse/status/1020014213601906688
    ... archiving using prefix http://web.archive.org/save/


New tweet from IvankaTrump: RT @mikeallen: ⚡️ @realDonaldTrump, @IvankaTrump
announcement @ 3 p.m.: A key goal is retraining workers so they can fill data-
economy jobs…

archiving URL http://twitter.com/IvankaTrump/status/1020014228856623106
    ... archiving using prefix http://web.archive.org/save/

archiving URL https://twitter.com/WhiteHouse/status/1020014213601906688
    ... archiving using prefix http://web.archive.org/save/

archiving URL https://twitter.com/IvankaTrump/status/1020014228856623106
    ... archiving using prefix http://web.archive.org/save/


New tweet from POTUS: RT @WhiteHouse: Tune in LIVE at 3:00 p.m. EDT
https://t.co/hOST1J2h3J

archiving URL http://twitter.com/POTUS/status/1020014302143635457
    ... archiving using prefix http://web.archive.org/save/

archiving URL https://twitter.com/POTUS/status/1020014302143635457
    ... archiving using prefix http://web.archive.org/save/


New tweet from IvankaTrump: RT @WhiteHouse: Tune in LIVE at 3:00 p.m. EDT
https://t.co/hOST1J2h3J

archiving URL http://twitter.com/IvankaTrump/status/1020014713575534592
    ... archiving using prefix http://web.archive.org/save/

archiving URL https://twitter.com/IvankaTrump/status/1020014713575534592
    ... archiving using prefix http://web.archive.org/save/


New tweet from SecretaryCarson: Just presented @karenaboutflint with a $30
million @HUDgov Choice Neighborhoods Implementation Grant…
https://t.co/gbkz522Fgu

archiving URL http://twitter.com/SecretaryCarson/status/1020019957248286720
    ... archiving using prefix http://web.archive.org/save/

archiving URL https://twitter.com/SecretaryCarson/status/1020019957248286720
    ... archiving using prefix http://web.archive.org/save/


New tweet from SecAzar: The President’s plan is working—drug prices are coming
 down. Thanks Merck for lowering prices on 6 drugs, including…
https://t.co/7vVqQrgAcC

archiving URL http://twitter.com/SecAzar/status/1020020422090379264
    ... archiving using prefix http://web.archive.org/save/

archiving URL https://twitter.com/SecAzar/status/1020020422090379264
    ... archiving using prefix http://web.archive.org/save/


New tweet from SecretaryCarson: The grant Flint is receiving today will
leverage an additional $271 million through public and private partnerships…
https://t.co/IO8InN84hF

archiving URL http://twitter.com/SecretaryCarson/status/1020020698855690240
    ... archiving using prefix http://web.archive.org/save/

archiving URL https://twitter.com/SecretaryCarson/status/1020020698855690240
    ... archiving using prefix http://web.archive.org/save/


New tweet from VP: More than 75,000 people have found comfort &amp; community
through @TAPSorg. For 24 years @TAPSorg has come alongside t…
https://t.co/BMeEeIPrq5

archiving URL http://twitter.com/VP/status/1020020865382088704
    ... archiving using prefix http://web.archive.org/save/

archiving URL https://twitter.com/VP/status/1020020865382088704
    ... archiving using prefix http://web.archive.org/save/


New tweet from IvankaTrumpHQ: City living calls for these team-approved
favorites: https://t.co/7D8Y1APpmm https://t.co/Bpfmwxl3Di

archiving URL http://twitter.com/IvankaTrumpHQ/status/1020020955954012162
    ... archiving using prefix http://web.archive.org/save/

archiving URL https://twitter.com/IvankaTrumpHQ/status/1020020955954012162
    ... archiving using prefix http://web.archive.org/save/


New tweet from SecretaryCarson: Public-Private Partnerships are key to helping
 communities redevelop. It’s a job for all of us together. Flint put…
https://t.co/5lCWxRiwnr

archiving URL http://twitter.com/SecretaryCarson/status/1020022190379552768
    ... archiving using prefix http://web.archive.org/save/

archiving URL https://twitter.com/SecretaryCarson/status/1020022190379552768
    ... archiving using prefix http://web.archive.org/save/


New tweet from WhiteHouse: President Trump Hosts the Pledge to America’s
Workers Event https://t.co/sevee4p6Om

archiving URL http://twitter.com/WhiteHouse/status/1020022561545994240
    ... archiving using prefix http://web.archive.org/save/

archiving URL https://twitter.com/WhiteHouse/status/1020022561545994240
    ... archiving using prefix http://web.archive.org/save/


New tweet from POTUS: RT @WhiteHouse: President Trump Hosts the Pledge to
America’s Workers Event https://t.co/sevee4p6Om

archiving URL http://twitter.com/POTUS/status/1020022656568037378
    ... archiving using prefix http://web.archive.org/save/

archiving URL https://twitter.com/POTUS/status/1020022656568037378
    ... archiving using prefix http://web.archive.org/save/


New tweet from AshLeeStrong: @RebeccaRKaplan @DougAndres @pkcapitol
@kelsey_snell @eschor @sarahdwire @EricaMartinson @ptucker516 I do this EVER…
https://t.co/UXzZTKV3Z9

archiving URL http://twitter.com/AshLeeStrong/status/1020023370405081088
    ... archiving using prefix http://web.archive.org/save/

archiving URL https://twitter.com/AshLeeStrong/status/1020023370405081088
    ... archiving using prefix http://web.archive.org/save/


New tweet from DepSecHargan: Congratulations to my colleague @DrMcCance_Katz
on this well-deserved award. We are lucky to have your expertise at…
https://t.co/8feTNdIQEs

archiving URL http://twitter.com/DepSecHargan/status/1020024792949420034
    ... archiving using prefix http://web.archive.org/save/

archiving URL https://twitter.com/DepSecHargan/status/1020024792949420034
    ... archiving using prefix http://web.archive.org/save/


New tweet from nikkihaley: RT @USUN: A special thank you to @KayColesJames and
 the awesome team at The @Heritage Foundation for hosting us yes…
https://t.co/8xImE44JG1

archiving URL http://twitter.com/nikkihaley/status/1020025191827673088
    ... archiving using prefix http://web.archive.org/save/

archiving URL https://twitter.com/nikkihaley/status/1020025191827673088
    ... archiving using prefix http://web.archive.org/save/


New tweet from SecretaryCarson: Thanks for the recommendation to read
#Evicted, @SenSherrodBrown. In fact, Matthew Desmond and I had lunch just yes…
https://t.co/iyI00TlqnB

archiving URL http://twitter.com/SecretaryCarson/status/1020026955993935872
    ... archiving using prefix http://web.archive.org/save/

archiving URL https://twitter.com/SecretaryCarson/status/1020026955993935872
    ... archiving using prefix http://web.archive.org/save/
INFO: handling a deletion for data:

{'delete': {'status': {'id':
1020023370405081088,
                       'id_str': '1020023370405081088',

                       'user_id': 296060169,
'user_id_str': '296060169'},
            'timestamp_ms': '1532028425179'}}
INFO: successfully dumped raw data to JSON file
INFO: We're handling a deletion notification for tweet ID# 1020023370405081088
on account AshLeeStrong
INFO: get_archived_tweet() called to get tweet ID 1020023370405081088 for
account AshLeeStrong
INFO: found a tweet!		http://web.archive.org/*/http://twitter.com/AshLeeStrong/s
tatus/1020023370405081088	@RebeccaRKaplan @DougAndres @pkcapitol @kelsey_snell
@eschor @sarahdwire @EricaMartinson @ptucker516 I do this EVER…
https://t.co/UXzZTKV3Z9
... adding to list of deleted tweets
... added
... but we're not going to tweet about it because AshLeeStrong is not in the
list of accounts we tweet about


New tweet from SpeakerRyan: In preparing Americans for jobs in our modern
economy, we’ve been stuck using 20th-century tools to address 21st-ce…
https://t.co/wsmoxCUCTc

archiving URL http://twitter.com/SpeakerRyan/status/1020031607594418176
    ... archiving using prefix http://web.archive.org/save/

archiving URL https://twitter.com/SpeakerRyan/status/1020031607594418176
    ... archiving using prefix http://web.archive.org/save/


New tweet from PressSec: In Helsinki, @POTUS agreed to ongoing working level
dialogue between the two security council staffs. President Tru…
https://t.co/PCfmxFofiv

archiving URL http://twitter.com/PressSec/status/1020033303351619584
    ... archiving using prefix http://web.archive.org/save/

archiving URL https://twitter.com/PressSec/status/1020033303351619584
    ... archiving using prefix http://web.archive.org/save/


New tweet from mike_pence: Secretary of State @BrianKempGA is a strong
supporter of the #MAGA Agenda - jobs, public safety &amp; 2nd amendment- an…
https://t.co/OqmUXFWBUY

archiving URL http://twitter.com/mike_pence/status/1020034106246168576
    ... archiving using prefix http://web.archive.org/save/

archiving URL https://twitter.com/mike_pence/status/1020034106246168576
    ... archiving using prefix http://web.archive.org/save/


New tweet from SBALinda: RT @WhiteHouse: Tune in LIVE at 3:00 p.m. EDT
https://t.co/hOST1J2h3J

archiving URL http://twitter.com/SBALinda/status/1020034484744478720
    ... archiving using prefix http://web.archive.org/save/

archiving URL https://twitter.com/SBALinda/status/1020034484744478720
    ... archiving using prefix http://web.archive.org/save/
INFO: handling a deletion for data:

{'delete': {'status': {'id':
1020034484744478720,
                       'id_str': '1020034484744478720',

                       'user_id': 819992522109894658,
'user_id_str': '819992522109894658'},
            'timestamp_ms':
'1532030261892'}}
INFO: successfully dumped raw data to JSON file
INFO: We're handling a deletion notification for tweet ID# 1020034484744478720
on account SBALinda
INFO: get_archived_tweet() called to get tweet ID 1020034484744478720 for
account SBALinda
INFO: found a tweet!
http://web.archive.org/*/http://twitter.com/SBALinda/status/1020034484744478720
RT @WhiteHouse: Tune in LIVE at 3:00 p.m. EDT https://t.co/hOST1J2h3J
... adding to list of deleted tweets
... added
... but we're not going to tweet about it because SBALinda is not in the list of
 accounts we tweet about


New tweet from SBALinda: RT @FoxBusiness: Programming Alert: @SBALinda joins
@trish_regan at 2:00p speaking on @POTUS' executive order he's expected to sign
on job…

archiving URL http://twitter.com/SBALinda/status/1020034995044446210
    ... archiving using prefix http://web.archive.org/save/

archiving URL https://twitter.com/SBALinda/status/1020034995044446210
    ... archiving using prefix http://web.archive.org/save/


New tweet from SBALinda: RT @WhiteHouse: Tune in LIVE at 3:00 p.m. EDT
https://t.co/hOST1J2h3J

archiving URL http://twitter.com/SBALinda/status/1020035035683057666
    ... archiving using prefix http://web.archive.org/save/

archiving URL https://twitter.com/SBALinda/status/1020035035683057666
    ... archiving using prefix http://web.archive.org/save/


New tweet from SecretaryAcosta: Joined @POTUS at the @WhiteHouse today for the
 signing of an Executive Order creating the National Council for the…
https://t.co/SkAMyo5KPw

archiving URL http://twitter.com/SecretaryAcosta/status/1020035404010049536
    ... archiving using prefix http://web.archive.org/save/

archiving URL https://twitter.com/SecretaryAcosta/status/1020035404010049536
    ... archiving using prefix http://web.archive.org/save/


New tweet from SecondLady: RT @VP: More than 75,000 people have found comfort
&amp; community through @TAPSorg. For 24 years @TAPSorg has come alongside the
families who…

archiving URL http://twitter.com/SecondLady/status/1020037845635850240
    ... archiving using prefix http://web.archive.org/save/

archiving URL https://twitter.com/SecondLady/status/1020037845635850240
    ... archiving using prefix http://web.archive.org/save/


New tweet from mike_pence: GREAT to be in Missouri today supporting @HawleyMO!
 Josh Hawley will be fighter for the people of Missouri &amp; will b…
https://t.co/7dJ3g2U6nN

archiving URL http://twitter.com/mike_pence/status/1020038230211809280
    ... archiving using prefix http://web.archive.org/save/

archiving URL https://twitter.com/mike_pence/status/1020038230211809280
    ... archiving using prefix http://web.archive.org/save/


New tweet from SBALinda: RT @FoxBusiness: .@SBALinda on executive order for a
workforce training initiative: "When I'm out visiting with small businesses
their numb…

archiving URL http://twitter.com/SBALinda/status/1020039896080232449
    ... archiving using prefix http://web.archive.org/save/

archiving URL https://twitter.com/SBALinda/status/1020039896080232449
    ... archiving using prefix http://web.archive.org/save/


New tweet from SBALinda: RT @FoxBusiness: .@SBALinda explains the variety of
skills needed in today's workforce: "When I say skilled workforce, it is a
workforce th…

archiving URL http://twitter.com/SBALinda/status/1020039920176586752
    ... archiving using prefix http://web.archive.org/save/


New tweet from SBALinda: RT @FoxBusiness: .@SBALinda: "The private sector is
going to have a big part of making this all work, in our training and re-
skilling our w…

archiving URL http://twitter.com/SBALinda/status/1020039934328082432
    ... archiving using prefix http://web.archive.org/save/

archiving URL https://twitter.com/SBALinda/status/1020039920176586752
    ... archiving using prefix http://web.archive.org/save/

archiving URL https://twitter.com/SBALinda/status/1020039934328082432
    ... archiving using prefix http://web.archive.org/save/


New tweet from WhiteHouse: President Trump said the industry leaders who
joined him at the White House today are united by the same goal: to t…
https://t.co/wTSthDDOy3

archiving URL http://twitter.com/WhiteHouse/status/1020043296834371584
    ... archiving using prefix http://web.archive.org/save/

archiving URL https://twitter.com/WhiteHouse/status/1020043296834371584
    ... archiving using prefix http://web.archive.org/save/


New tweet from POTUS: RT @WhiteHouse: President Trump said the industry
leaders who joined him at the White House today are united by the same goal: to
train, re…

archiving URL http://twitter.com/POTUS/status/1020043362026557440
    ... archiving using prefix http://web.archive.org/save/

archiving URL https://twitter.com/POTUS/status/1020043362026557440
    ... archiving using prefix http://web.archive.org/save/


New tweet from SpeakerRyan: RT @RepBobGibbs: Not just Obama-era #WOTUS repeal!
 We reduced regulatory burden on farmers and ranchers, funded clean water and
water infra…

archiving URL http://twitter.com/SpeakerRyan/status/1020044809921351680
    ... archiving using prefix http://web.archive.org/save/

archiving URL https://twitter.com/SpeakerRyan/status/1020044809921351680
    ... archiving using prefix http://web.archive.org/save/


New tweet from WhiteHouse: The Trump's Administration is taking historic steps
 to ensure that every American has the chance to realize their f…
https://t.co/zn7sSdKg5v

archiving URL http://twitter.com/WhiteHouse/status/1020045344007049216
    ... archiving using prefix http://web.archive.org/save/

archiving URL https://twitter.com/WhiteHouse/status/1020045344007049216
    ... archiving using prefix http://web.archive.org/save/
INFO: handling a deletion for data:

{'delete': {'status': {'id':
1020045344007049216,
                       'id_str': '1020045344007049216',

                       'user_id': 822215673812119553,
'user_id_str': '822215673812119553'},
            'timestamp_ms':
'1532032758595'}}
INFO: successfully dumped raw data to JSON file
INFO: We're handling a deletion notification for tweet ID# 1020045344007049216
on account WhiteHouse
INFO: get_archived_tweet() called to get tweet ID 1020045344007049216 for
account WhiteHouse
INFO: found a tweet!		http://web.archive.org/*/http://twitter.com/WhiteHouse/sta
tus/1020045344007049216	The Trump's Administration is taking historic steps to
ensure that every American has the chance to realize their f…
https://t.co/zn7sSdKg5v
... adding to list of deleted tweets
... added
 ... and we're going to tweet about it


New tweet from FLOTUS: I had a wonderful time visiting @MicrosoftIPC &amp;
meeting the students on their Council for Digital Good. Thank you s…
https://t.co/UPrsIRFO5q

archiving URL http://twitter.com/FLOTUS/status/1020045456171204609
    ... archiving using prefix http://web.archive.org/save/

archiving URL https://twitter.com/FLOTUS/status/1020045456171204609
    ... archiving using prefix http://web.archive.org/save/


New tweet from WhiteHouse: The Trump Administration is taking historic steps
to ensure that every American has the chance to realize their ful…
https://t.co/oQCQkKjvG5

archiving URL http://twitter.com/WhiteHouse/status/1020045538404651008
    ... archiving using prefix http://web.archive.org/save/

archiving URL https://twitter.com/WhiteHouse/status/1020045538404651008
    ... archiving using prefix http://web.archive.org/save/


New tweet from POTUS: RT @WhiteHouse: The Trump Administration is taking
historic steps to ensure that every American has the chance to realize their
full potent…

archiving URL http://twitter.com/POTUS/status/1020045646680805376
    ... archiving using prefix http://web.archive.org/save/

archiving URL https://twitter.com/POTUS/status/1020045646680805376
    ... archiving using prefix http://web.archive.org/save/


New tweet from POTUS: RT @FLOTUS: I had a wonderful time visiting
@MicrosoftIPC &amp; meeting the students on their Council for Digital Good.
Thank you students for…

archiving URL http://twitter.com/POTUS/status/1020045684848898048
    ... archiving using prefix http://web.archive.org/save/

archiving URL https://twitter.com/POTUS/status/1020045684848898048
    ... archiving using prefix http://web.archive.org/save/


New tweet from WhiteHouse: RT @FLOTUS: I had a wonderful time visiting
@MicrosoftIPC &amp; meeting the students on their Council for Digital Good.
Thank you students for…

archiving URL http://twitter.com/WhiteHouse/status/1020045763714453504
    ... archiving using prefix http://web.archive.org/save/

archiving URL https://twitter.com/WhiteHouse/status/1020045763714453504
    ... archiving using prefix http://web.archive.org/save/


New tweet from SecretaryAcosta: The Executive Order represents a national
commitment to helping Americans upskill and reskill to embrace rapidly ch…
https://t.co/EtByUDsDIM

archiving URL http://twitter.com/SecretaryAcosta/status/1020046623416692736
    ... archiving using prefix http://web.archive.org/save/

archiving URL https://twitter.com/SecretaryAcosta/status/1020046623416692736
    ... archiving using prefix http://web.archive.org/save/


New tweet from SpeakerRyan: The Tax Cuts &amp; Jobs Act kicked our economy
into high gear. But just like your favorite apps get updated, America ha…
https://t.co/1tw9d97p2T

archiving URL http://twitter.com/SpeakerRyan/status/1020046965386764288
    ... archiving using prefix http://web.archive.org/save/

archiving URL https://twitter.com/SpeakerRyan/status/1020046965386764288
    ... archiving using prefix http://web.archive.org/save/


New tweet from DepSecHargan: See below to learn more about the conference that
 @NIHDirector &amp; @NIH are hosting about AI and biomedical research…
https://t.co/mQx7EPS37F

archiving URL http://twitter.com/DepSecHargan/status/1020047416081502208
    ... archiving using prefix http://web.archive.org/save/

archiving URL https://twitter.com/DepSecHargan/status/1020047416081502208
    ... archiving using prefix http://web.archive.org/save/


New tweet from WhiteHouse: This afternoon, President Trump signed an executive
 order to establish the National Council for the American Worker.
https://t.co/RlEVS0pX6e

archiving URL http://twitter.com/WhiteHouse/status/1020047512948756480
    ... archiving using prefix http://web.archive.org/save/

archiving URL https://twitter.com/WhiteHouse/status/1020047512948756480
    ... archiving using prefix http://web.archive.org/save/


New tweet from POTUS: RT @WhiteHouse: This afternoon, President Trump signed
an executive order to establish the National Council for the American Worker.
https:…

archiving URL http://twitter.com/POTUS/status/1020047564022927361
    ... archiving using prefix http://web.archive.org/save/

archiving URL https://twitter.com/POTUS/status/1020047564022927361
    ... archiving using prefix http://web.archive.org/save/


New tweet from IvankaTrump: RT @FoxBusiness: .@IvankaTrump at "Pledge to
America's Workers" event at White House: "The president pledged to fight for the
 forgotten men…

archiving URL http://twitter.com/IvankaTrump/status/1020047621631684608
    ... archiving using prefix http://web.archive.org/save/

archiving URL https://twitter.com/IvankaTrump/status/1020047621631684608
    ... archiving using prefix http://web.archive.org/save/


New tweet from IvankaTrump: RT @FoxBusiness: .@IvankaTrump at "Pledge to
America's Workers" event at White House: "It has been an amazing honor to meet
with men and wo…

archiving URL http://twitter.com/IvankaTrump/status/1020048296042213376
    ... archiving using prefix http://web.archive.org/save/

archiving URL https://twitter.com/IvankaTrump/status/1020048296042213376
    ... archiving using prefix http://web.archive.org/save/


New tweet from StephGrisham45: RT @FLOTUS: I had a wonderful time visiting
@MicrosoftIPC &amp; meeting the students on their Council for Digital Good.
Thank you students for…

archiving URL http://twitter.com/StephGrisham45/status/1020048527962013697
    ... archiving using prefix http://web.archive.org/save/

archiving URL https://twitter.com/StephGrisham45/status/1020048527962013697
    ... archiving using prefix http://web.archive.org/save/


New tweet from SecretaryAcosta: Today, during @POTUS @IvankaTrump
announcement, companies, trade associations, and labor pledged to provide
opportu… https://t.co/JbUEfCWfli

archiving URL http://twitter.com/SecretaryAcosta/status/1020050788993859584
    ... archiving using prefix http://web.archive.org/save/

archiving URL https://twitter.com/SecretaryAcosta/status/1020050788993859584
    ... archiving using prefix http://web.archive.org/save/


New tweet from SBALinda: RT @WhiteHouse: This afternoon, President Trump
signed an executive order to establish the National Council for the American
Worker. https:…

archiving URL http://twitter.com/SBALinda/status/1020050882946355205
    ... archiving using prefix http://web.archive.org/save/

archiving URL https://twitter.com/SBALinda/status/1020050882946355205
    ... archiving using prefix http://web.archive.org/save/


New tweet from SBALinda: Thank you @trish_regan @FoxBusiness and @TeamCavuto
@FoxNews for having me on this afternoon from the @WhiteHouse t…
https://t.co/jp0ctHtS8E

archiving URL http://twitter.com/SBALinda/status/1020052058702049281
    ... archiving using prefix http://web.archive.org/save/

archiving URL https://twitter.com/SBALinda/status/1020052058702049281
    ... archiving using prefix http://web.archive.org/save/


New tweet from SecAzar: RT @AHIPCoverage: @SecAzar Thank you for your
leadership, @SecAzar. We are committed to working constructively with drug
makers that sincer…

archiving URL http://twitter.com/SecAzar/status/1020052193330724864
    ... archiving using prefix http://web.archive.org/save/

archiving URL https://twitter.com/SecAzar/status/1020052193330724864
    ... archiving using prefix http://web.archive.org/save/


New tweet from SBALinda: Great to join @POTUS and @IvankaTrump at today’s
event in support of American workers. #WorkforceDevelopment is cri…
https://t.co/McXgqSHbl4

archiving URL http://twitter.com/SBALinda/status/1020054229145260033
    ... archiving using prefix http://web.archive.org/save/

archiving URL https://twitter.com/SBALinda/status/1020054229145260033
    ... archiving using prefix http://web.archive.org/save/


New tweet from WhiteHouse: Today, 23 companies pledged 3,817,700 new
opportunities for America's workers! https://t.co/gvQMt9Oy9C

archiving URL http://twitter.com/WhiteHouse/status/1020054929602502656
    ... archiving using prefix http://web.archive.org/save/

archiving URL https://twitter.com/WhiteHouse/status/1020054929602502656
    ... archiving using prefix http://web.archive.org/save/


New tweet from POTUS: RT @WhiteHouse: Today, 23 companies pledged 3,817,700
new opportunities for America's workers! https://t.co/gvQMt9Oy9C

archiving URL http://twitter.com/POTUS/status/1020056294915543040
    ... archiving using prefix http://web.archive.org/save/

archiving URL https://twitter.com/POTUS/status/1020056294915543040
    ... archiving using prefix http://web.archive.org/save/


New tweet from Cabinet: RT @SecretaryAcosta: Joined @POTUS at the @WhiteHouse
today for the signing of an Executive Order creating the National Council for
the Ame…

archiving URL http://twitter.com/Cabinet/status/1020057141875441666
    ... archiving using prefix http://web.archive.org/save/

archiving URL https://twitter.com/Cabinet/status/1020057141875441666
    ... archiving using prefix http://web.archive.org/save/


New tweet from SBALinda: RT @WhiteHouse: Today, 23 companies pledged 3,817,700
 new opportunities for America's workers! https://t.co/gvQMt9Oy9C

archiving URL http://twitter.com/SBALinda/status/1020057235970543617
    ... archiving using prefix http://web.archive.org/save/

archiving URL https://twitter.com/SBALinda/status/1020057235970543617
    ... archiving using prefix http://web.archive.org/save/


New tweet from Cabinet: RT @SBALinda: Great to join @POTUS and @IvankaTrump at
 today’s event in support of American workers. #WorkforceDevelopment is critical
 to e…

archiving URL http://twitter.com/Cabinet/status/1020057317948223488
    ... archiving using prefix http://web.archive.org/save/

archiving URL https://twitter.com/Cabinet/status/1020057317948223488
    ... archiving using prefix http://web.archive.org/save/


New tweet from JessicaDitto45: More major commitments to @POTUS
@realDonaldTrump’s Pledge to America’s Workers! 🇺🇸 https://t.co/wtiOqgXUXN

archiving URL http://twitter.com/JessicaDitto45/status/1020057750074773506
    ... archiving using prefix http://web.archive.org/save/

archiving URL https://twitter.com/JessicaDitto45/status/1020057750074773506
    ... archiving using prefix http://web.archive.org/save/


New tweet from SecNielsen: The dangerous journey north exposes migrants to
unconscionable threats and dangers. Congress must act to secure the…
https://t.co/TJbhJNT7CA

archiving URL http://twitter.com/SecNielsen/status/1020058290141761536
    ... archiving using prefix http://web.archive.org/save/

archiving URL https://twitter.com/SecNielsen/status/1020058290141761536
    ... archiving using prefix http://web.archive.org/save/


New tweet from mike_pence: Proud to campaign with @BostForCongress - who
helped deliver TAX CUTS to Illinois families. Mike Bost has my suppor…
https://t.co/UqYTNWU57S

archiving URL http://twitter.com/mike_pence/status/1020058345502363652
    ... archiving using prefix http://web.archive.org/save/

archiving URL https://twitter.com/mike_pence/status/1020058345502363652
    ... archiving using prefix http://web.archive.org/save/


New tweet from DepSecHargan: RT @SecAzar: The President’s plan is working—drug
 prices are coming down. Thanks Merck for lowering prices on 6 drugs, including
a Hepatiti…

archiving URL http://twitter.com/DepSecHargan/status/1020060987272192000
    ... archiving using prefix http://web.archive.org/save/

archiving URL https://twitter.com/DepSecHargan/status/1020060987272192000
    ... archiving using prefix http://web.archive.org/save/


New tweet from VP: .@POTUS has taken decisive action to make sure American
workers have the training &amp; education needed to meet the jo…
https://t.co/rdwBh8aMhS

archiving URL http://twitter.com/VP/status/1020064553877540864
    ... archiving using prefix http://web.archive.org/save/

archiving URL https://twitter.com/VP/status/1020064553877540864
    ... archiving using prefix http://web.archive.org/save/


New tweet from Scaramucci: RT @ChadBown: Is there a potential grand bargain
emerging that could SAVE the WTO?

One that involves the EU, China, Japan,
and...

...the…

archiving URL http://twitter.com/Scaramucci/status/1020070175754850304
    ... archiving using prefix http://web.archive.org/save/

archiving URL https://twitter.com/Scaramucci/status/1020070175754850304
    ... archiving using prefix http://web.archive.org/save/


New tweet from EPAAWheeler: It was a privilege to address @NationalBCC today
and discuss how regulatory reform creates economic opportunity for…
https://t.co/l8yghpWofM

archiving URL http://twitter.com/EPAAWheeler/status/1020072215176413184
    ... archiving using prefix http://web.archive.org/save/

archiving URL https://twitter.com/EPAAWheeler/status/1020072215176413184
    ... archiving using prefix http://web.archive.org/save/


New tweet from Scaramucci: RT @JudgeJeanine: Do you have your copy yet? Liars,
 Leakers, and Liberals: The Case Against the Anti-Trump Conspiracy (Signed Book)
 #LiarsL…

archiving URL http://twitter.com/Scaramucci/status/1020074850289881094
    ... archiving using prefix http://web.archive.org/save/

archiving URL https://twitter.com/Scaramucci/status/1020074850289881094
    ... archiving using prefix http://web.archive.org/save/


New tweet from DepSecHargan: When @POTUS said big change was coming to our
drug market, he meant it and so did @HHSGov.  

As @SecAzar said: For…
https://t.co/c5ROXfpERr

archiving URL http://twitter.com/DepSecHargan/status/1020075021576941569
    ... archiving using prefix http://web.archive.org/save/

archiving URL https://twitter.com/DepSecHargan/status/1020075021576941569
    ... archiving using prefix http://web.archive.org/save/


New tweet from statedeptspox: Today, Deputy Secretary Sullivan hosted Chinese
Ambassador Cui Tiankai for lunch @StateDept where he highlighted th…
https://t.co/oH6ExYU9gh

archiving URL http://twitter.com/statedeptspox/status/1020075929589231616
    ... archiving using prefix http://web.archive.org/save/

archiving URL https://twitter.com/statedeptspox/status/1020075929589231616
    ... archiving using prefix http://web.archive.org/save/


New tweet from VP: Honored to meet the brave men &amp; women of Missouri &amp;
 Illinois law enforcement. Proud of their hard work. We’ll alway…
https://t.co/PWUMdICyRi

archiving URL http://twitter.com/VP/status/1020079619871997952
    ... archiving using prefix http://web.archive.org/save/

archiving URL https://twitter.com/VP/status/1020079619871997952
    ... archiving using prefix http://web.archive.org/save/


New tweet from AshLeeStrong: Great to see @JakeWoodTR of @TeamRubicon
presented with the ESPY's Tillman Award for Service. @SpeakerRyan was hono…
https://t.co/S3irXLAfYk

archiving URL http://twitter.com/AshLeeStrong/status/1020081175241555971
    ... archiving using prefix http://web.archive.org/save/

archiving URL https://twitter.com/AshLeeStrong/status/1020081175241555971
    ... archiving using prefix http://web.archive.org/save/


New tweet from WhiteHouse: “With rare exceptions, they praised his mastery of
legal materials, intellectual rigor, fair-mindedness and accessi…
https://t.co/vGkmce5N18

archiving URL http://twitter.com/WhiteHouse/status/1020083114750734343
    ... archiving using prefix http://web.archive.org/save/

archiving URL https://twitter.com/WhiteHouse/status/1020083114750734343
    ... archiving using prefix http://web.archive.org/save/


New tweet from POTUS: RT @WhiteHouse: “With rare exceptions, they praised his
mastery of legal materials, intellectual rigor, fair-mindedness and
accessibility.”…

archiving URL http://twitter.com/POTUS/status/1020083222095499264
    ... archiving using prefix http://web.archive.org/save/

archiving URL https://twitter.com/POTUS/status/1020083222095499264
    ... archiving using prefix http://web.archive.org/save/


New tweet from JessicaDitto45: 🚨Today’s goal was 500K! 🎯🚨

archiving URL http://twitter.com/JessicaDitto45/status/1020084958457626624
    ... archiving using prefix http://web.archive.org/save/

archiving URL https://twitter.com/JessicaDitto45/status/1020084958457626624
    ... archiving using prefix http://web.archive.org/save/


New tweet from JessicaDitto45: RT @BizRoundtable: Business Roundtable welcomes
 White House action to boost workforce development https://t.co/6P0ihWu2nA

archiving URL http://twitter.com/JessicaDitto45/status/1020085185713451008
    ... archiving using prefix http://web.archive.org/save/

archiving URL https://twitter.com/JessicaDitto45/status/1020085185713451008
    ... archiving using prefix http://web.archive.org/save/


New tweet from JessicaDitto45: RT @IBMpolicy: Today we announced @IBM will
participate in the U.S. initiative on building skills for the American
workforce. #NewCollarJob…

archiving URL http://twitter.com/JessicaDitto45/status/1020085213010055168
    ... archiving using prefix http://web.archive.org/save/

archiving URL https://twitter.com/JessicaDitto45/status/1020085213010055168
    ... archiving using prefix http://web.archive.org/save/


New tweet from JessicaDitto45: RT @ShopFloorNAM: Today's White House event
with @POTUS and @IvankaTrump was a historic moment for manufacturing workers
across the country…

archiving URL http://twitter.com/JessicaDitto45/status/1020085442039951360
    ... archiving using prefix http://web.archive.org/save/

archiving URL https://twitter.com/JessicaDitto45/status/1020085442039951360
    ... archiving using prefix http://web.archive.org/save/


New tweet from JessicaDitto45: RT @UnitedWayAmy: UPS pledged today to provide
enhanced workforce opportunities to 50,000 UPS employees, including access to
higher educati…

archiving URL http://twitter.com/JessicaDitto45/status/1020085525762453504
    ... archiving using prefix http://web.archive.org/save/

archiving URL https://twitter.com/JessicaDitto45/status/1020085525762453504
    ... archiving using prefix http://web.archive.org/save/
WARNING: received error ('Connection broken: IncompleteRead(0 bytes read, 512
more expected)', IncompleteRead(0 bytes read, 512 more expected)); sleeping and
trying again ...


New tweet from IvankaTrump: RT @SecretaryAcosta: Today, during @POTUS
@IvankaTrump announcement, companies, trade associations, and labor pledged to
provide opportunit…

archiving URL http://twitter.com/IvankaTrump/status/1020093118748807168
    ... archiving using prefix http://web.archive.org/save/


New tweet from WhiteHouse: “Major US companies sign new job training pledge at
 White House,” Gabby Morrongiello reports in the Washington Exam…
https://t.co/xcjJh9EAeh

archiving URL http://twitter.com/WhiteHouse/status/1020093177527775232
    ... archiving using prefix http://web.archive.org/save/
WARNING: received error ('Connection broken: IncompleteRead(0 bytes read, 512
more expected)', IncompleteRead(0 bytes read, 512 more expected)); sleeping and
trying again ...

archiving URL https://twitter.com/IvankaTrump/status/1020093118748807168
    ... archiving using prefix http://web.archive.org/save/

archiving URL https://twitter.com/WhiteHouse/status/1020093177527775232
    ... archiving using prefix http://web.archive.org/save/
