Hello, traveler. This is the beginning of a log file called: "Fascist Tweet Archiver".
Some basic system info about the host machine: posix.uname_result(sysname='Linux', nodename='file-server', release='3.16.0-6-686-pae', version='#1 SMP Debian 3.16.56-1+deb8u1 (2018-05-08)', machine='i686')
This log was begun Wednesday, 06 June 2018 at 15:37



INFO: read target account data; we're tracking 59 accounts
WARNING: no ProtocolError (got exception "name 'ProtocolError' is not defined");
 trying requests.packages.urllib3.exceptions instead
NOTE: successfully imported from requests
Starting up...
about to get all tweets newer than ID #824610180881117184 for account
@GovPenceIN
about to get all tweets newer than ID #1004421796832083968 for account
@EPAScottPruitt
about to get all tweets newer than ID #836780744810844161 for account
@StephenMillerAL
about to get all tweets newer than ID #1004037987607498754 for account @PressSec
about to get all tweets newer than ID #856041462164836355 for account
@FirstLadyIN
about to get all tweets newer than ID #1004094841368784896 for account
@MickMulvaneyOMB
about to get all tweets newer than ID #913881045652688901 for account
@SecPriceMD
about to get all tweets newer than ID #1004060340534079488 for account @FLOTUS
about to get all tweets newer than ID #1004472039615410176 for account
@GovernorPerry
about to get all tweets newer than ID #1004394527355031552 for account
@JessicaDitto45
about to get all tweets newer than ID #1004461960048599040 for account @POTUS
about to get all tweets newer than ID #997484665211670528 for account
@AmbJohnBolton
about to get all tweets newer than ID #1004060601788850176 for account
@StephGrisham45
about to get all tweets newer than ID #1003795765028884485 for account
@Linda_McMahon
about to get all tweets newer than ID #1004451521621381121 for account @Cabinet
about to get all tweets newer than ID #1004461862954717189 for account @VP
about to get all tweets newer than ID #1001860001865125889 for account
@SecretaryRoss
about to get all tweets newer than ID #1004445272913666048 for account
@EnergyDepSec
about to get all tweets newer than ID #1003690193474514944 for account
@KellyannePolls
about to get all tweets newer than ID #999379623552192513 for account
@IvankaTrumpHQ
about to get all tweets newer than ID #954801265732661248 for account
@MELANIATRUMP
about to get all tweets newer than ID #1004455146867306496 for account
@realDonaldTrump
getting all tweets before ID #997612079375945727
    ...400 tweets downloaded so far


New tweet from realDonaldTrump: Thank you to everyone at @FEMA HQ for today’s
briefing on preparations for the upcoming hurricane season. Disaster…
https://t.co/SszyuwMdWp
about to get all tweets newer than ID #1004436823450505216 for account
@statedeptspox

archiving URL http://twitter.com/realDonaldTrump/status/1004478326336040960
    ... archiving using prefix http://web.archive.org/save/

archiving URL https://twitter.com/realDonaldTrump/status/1004478326336040960
    ... archiving using prefix http://web.archive.org/save/
about to get all tweets newer than ID #1004410253780377601 for account
@SpeakerRyan
about to get all tweets newer than ID #1004449037205102592 for account
@Scaramucci
getting all tweets before ID #996769175325601796
    ...398 tweets downloaded so far


New tweet from Scaramucci: Get you a @POTUS who can do both - pro-growth tax
reform and criminal justice reform https://t.co/eclwE0rNYU
about to get all tweets newer than ID #1004407460302639104 for account
@nikkihaley

archiving URL http://twitter.com/Scaramucci/status/1004473009959301120
    ... archiving using prefix http://web.archive.org/save/

archiving URL https://twitter.com/Scaramucci/status/1004473009959301120
    ... archiving using prefix http://web.archive.org/save/


New tweet from Scaramucci: Yes, it's just a start. But this commutation
reinforces @POTUS' compassion and pragmatism. His unpredictability and…
https://t.co/nxq1f5oJ5q

archiving URL http://twitter.com/Scaramucci/status/1004476432087691264
    ... archiving using prefix http://web.archive.org/save/

archiving URL https://twitter.com/Scaramucci/status/1004476432087691264
    ... archiving using prefix http://web.archive.org/save/


New tweet from Scaramucci: RT @KimKardashian: So grateful to @realDonaldTrump,
 Jared Kushner &amp; to everyone who has showed compassion &amp; contributed
countless hours to…

archiving URL http://twitter.com/Scaramucci/status/1004478609296379904
    ... archiving using prefix http://web.archive.org/save/

archiving URL https://twitter.com/Scaramucci/status/1004478609296379904
    ... archiving using prefix http://web.archive.org/save/
about to get all tweets newer than ID #1004462016755531776 for account
@WhiteHouse
about to get all tweets newer than ID #1004347089269161984 for account @SecAzar
about to get all tweets newer than ID #978650205192044545 for account
@SecShulkin
about to get all tweets newer than ID #1004218962966646784 for account
@AshLeeStrong
getting all tweets before ID #991143646345990143
    ...400 tweets downloaded so far


New tweet from AshLeeStrong: @JakeSherman He was visiting @riccimike
about to get all tweets newer than ID #1004463765423820806 for account
@DepSecHargan

archiving URL http://twitter.com/AshLeeStrong/status/1004480223235203074
    ... archiving using prefix http://web.archive.org/save/

archiving URL https://twitter.com/AshLeeStrong/status/1004480223235203074
    ... archiving using prefix http://web.archive.org/save/
about to get all tweets newer than ID #830074939298414592 for account
@RepTomPrice
about to get all tweets newer than ID #1004412356124819456 for account @PRyan
about to get all tweets newer than ID #1004413193349935108 for account
@SecretarySonny
about to get all tweets newer than ID #1004121647035699201 for account
@stevenmnuchin1
about to get all tweets newer than ID #1004069301484220416 for account
@SecretaryPerry
about to get all tweets newer than ID #1003804427436941320 for account
@SecretaryCarson
about to get all tweets newer than ID #1004455537348669443 for account
@Scavino45
about to get all tweets newer than ID #1004459196232945664 for account
@SecNielsen
about to get all tweets newer than ID #903694300306923521 for account
@SecElaineChao
about to get all tweets newer than ID #1004392583391596546 for account @SBALinda
about to get all tweets newer than ID #1004446288862220288 for account
@SecondLady
about to get all tweets newer than ID #1003853149633949696 for account
@DanScavino
about to get all tweets newer than ID #832282841471918080 for account
@BetsyDeVos
about to get all tweets newer than ID #1001107769682989056 for account
@mike_pence
about to get all tweets newer than ID #1004457624342065152 for account
@seanspicer
about to get all tweets newer than ID #1004427112533712896 for account
@IvankaTrump
about to get all tweets newer than ID #1004397878876524544 for account
@SecretaryAcosta
about to get all tweets newer than ID #1003255393374613504 for account @Reince
about to get all tweets newer than ID #890659905798983680 for account @Reince45
ERROR: unable to get tweets for account @Reince45
           the system said: Not authorized.
about to get all tweets newer than ID #-1 for account @jaredkushner
about to get all tweets newer than ID #1003663449342271488 for account
@BetsyDeVosED
about to get all tweets newer than ID #-1 for account @ElaineChao
about to get all tweets newer than ID #1002993456845852672 for account
@RealBenCarson
about to get all tweets newer than ID #816290296048873472 for account
@WilburRoss
about to get all tweets newer than ID #994396943421001728 for account
@TomBossert45
about to get all tweets newer than ID #1004395159235284993 for account
@SecretaryZinke
about to get all tweets newer than ID #1003676875095461889 for account @Comey
about to get all tweets newer than ID #816846808789958656 for account
@SenDanCoats
... OK, we're set up, and about to watch 15985455, 832672006113931269,
728361177986797568, 818927131883356161, 1923451808, 888031054141022209,
829782369670410240, 818876014390603776, 18906561, 836724024688410625,
822215679726100480, 118756393, 823638938590085124, 65522706, 818928162449068032,
 818910970567344128, 836305915452272641, 894923298374651904, 471672239,
798195585824104449, 108471631, 25073877, 1967216306, 18916432, 24578794,
37666984, 822215673812119553, 956283913835614208, 831482588246196225, 296060169,
 920035992073064450, 6577802, 733751245, 842072478834909184, 799764016885329921,
 830128820447539208, 828613457020870657, 823367015830323201, 935148134505828353,
 826065858548133888, 819992522109894658, 822127086194348032, 620571475,
599530439, 22203756, 20776147, 52544275, 819980276570976256, 20733972,
803703725730779136, 29547260, 828997388920619008, 105267762, 1180379185,
809836066316451840, 866746592853979137, 827258161841135623, 2334193741,
212262370
