Hello, traveler. This is the beginning of a log file called: "Fascist Tweet Archiver".
Some basic system info about the host machine: posix.uname_result(sysname='Linux', nodename='file-server', release='3.16.0-4-686-pae', version='#1 SMP Debian 3.16.51-3 (2017-12-13)', machine='i686')
This log was begun Monday, 22 January 2018 at 05:51



INFO: read target account data; we're tracking 52 accounts
WARNING: no ProtocolError (got exception "name 'ProtocolError' is not defined");
 trying requests.packages.urllib3.exceptions instead
NOTE: successfully imported from requests
Starting up...
about to get all tweets newer than ID #955285231665405952 for account
@seanspicer
about to get all tweets newer than ID #951506732043456512 for account
@MickMulvaneyOMB
about to get all tweets newer than ID #954435817862123520 for account @PRyan
ERROR: unable to get tweets for account @PRyan
           the system said: Failed to parse JSON payload: Unterminated string
starting at: line 1 column 506001 (char 506000)
about to get all tweets newer than ID #954409146664783872 for account
@SecretaryCarson
ERROR: unable to get tweets for account @SecretaryCarson
           the system said: Failed to parse JSON payload: Unterminated string
starting at: line 1 column 503061 (char 503060)
about to get all tweets newer than ID #954090900921159680 for account
@stevenmnuchin1
about to get all tweets newer than ID #832282841471918080 for account
@BetsyDeVos
about to get all tweets newer than ID #954745336207159297 for account
@EPAScottPruitt
about to get all tweets newer than ID #955421764917526529 for account @VP
getting all tweets before ID #942840812068470783
    ...400 tweets downloaded so far


New tweet from VP: Thanks to @POTUS’ leadership, the alliance between our two
countries has never been stronger &amp; the friendship betwe…
https://t.co/zmxRqsosxA

archiving URL http://twitter.com/VP/status/955422104744353794
    ... archiving using prefix http://web.archive.org/save/
about to get all tweets newer than ID #954948632666693632 for account
@DanScavino

archiving URL https://twitter.com/VP/status/955422104744353794
    ... archiving using prefix http://web.archive.org/save/
about to get all tweets newer than ID #955228560524021760 for account
@WhiteHouse
about to get all tweets newer than ID #955403076780740608 for account
@SecondLady
ERROR: unable to get tweets for account @SecondLady
           the system said: Failed to parse JSON payload: Unterminated string
starting at: line 1 column 502574 (char 502573)
about to get all tweets newer than ID #955252448951787520 for account
@SecretaryZinke
about to get all tweets newer than ID #836780744810844161 for account
@StephenMillerAL
about to get all tweets newer than ID #954488719377141761 for account
@IvankaTrumpHQ
about to get all tweets newer than ID #955263753100066816 for account
@SpeakerRyan
about to get all tweets newer than ID #816846808789958656 for account
@SenDanCoats
about to get all tweets newer than ID #856041462164836355 for account
@FirstLadyIN
about to get all tweets newer than ID #955264157447843841 for account
@JessicaDitto45
about to get all tweets newer than ID #954748876887592960 for account @FLOTUS
ERROR: unable to get tweets for account @FLOTUS
           the system said: Failed to parse JSON payload: Unterminated string
starting at: line 1 column 502587 (char 502586)
about to get all tweets newer than ID #955085836931993601 for account
@nikkihaley
ERROR: unable to get tweets for account @nikkihaley
           the system said: Failed to parse JSON payload: Expecting value: line
1 column 505507 (char 505506)
about to get all tweets newer than ID #955254388423118849 for account
@GovernorPerry
about to get all tweets newer than ID #955078807312101377 for account
@Scaramucci
ERROR: unable to get tweets for account @Scaramucci
           the system said: Failed to parse JSON payload: Unterminated string
starting at: line 1 column 287754 (char 287753)
about to get all tweets newer than ID #930982584649175047 for account
@mike_pence
ERROR: unable to get tweets for account @mike_pence
           the system said: Failed to parse JSON payload: Unterminated string
starting at: line 1 column 508130 (char 508129)
about to get all tweets newer than ID #953073831534612480 for account
@SecretaryRoss
about to get all tweets newer than ID #898632795517403136 for account
@GeneralJFKellly
ERROR: unable to get tweets for account @GeneralJFKellly
           the system said: Not authorized.
about to get all tweets newer than ID #955227830127820802 for account @POTUS
about to get all tweets newer than ID #-1 for account @ElaineChao
about to get all tweets newer than ID #954435460968996864 for account
@SecretaryPerry
about to get all tweets newer than ID #890659905798983680 for account @Reince45
about to get all tweets newer than ID #955245566656765955 for account
@KellyannePolls
ERROR: unable to get tweets for account @KellyannePolls
           the system said: Failed to send request:
HTTPSConnectionPool(host='api.twitter.com', port=443): Read timed out.
about to get all tweets newer than ID #816290296048873472 for account
@WilburRoss
about to get all tweets newer than ID #898401955847876608 for account
@Linda_McMahon
about to get all tweets newer than ID #954518400298045441 for account
@SecretaryAcosta
ERROR: unable to get tweets for account @SecretaryAcosta
           the system said: Failed to parse JSON payload: Unterminated string
starting at: line 1 column 502455 (char 502454)
about to get all tweets newer than ID #955415496991625216 for account
@SecretarySonny
about to get all tweets newer than ID #913881045652688901 for account
@SecPriceMD
ERROR: unable to get tweets for account @SecPriceMD
           the system said: Failed to parse JSON payload: Unterminated string
starting at: line 1 column 506949 (char 506948)
about to get all tweets newer than ID #955190840707768328 for account
@IvankaTrump
about to get all tweets newer than ID #954801265732661248 for account
@MELANIATRUMP
ERROR: unable to get tweets for account @MELANIATRUMP
           the system said: Failed to parse JSON payload: Unterminated string
starting at: line 1 column 504554 (char 504553)
about to get all tweets newer than ID #954908940025913345 for account
@SecShulkin
about to get all tweets newer than ID #955104568588886017 for account @PressSec
about to get all tweets newer than ID #830074939298414592 for account
@RepTomPrice
about to get all tweets newer than ID #867385249340297217 for account
@RealBenCarson
about to get all tweets newer than ID #955159265110458368 for account
@StephGrisham45
about to get all tweets newer than ID #954049288866279425 for account
@TomBossert45
about to get all tweets newer than ID #824610180881117184 for account
@GovPenceIN
ERROR: unable to get tweets for account @GovPenceIN
           the system said: Failed to parse JSON payload: Unterminated string
starting at: line 1 column 502988 (char 502987)
about to get all tweets newer than ID #955276909679607809 for account @Scavino45
about to get all tweets newer than ID #955249077645643776 for account
@realDonaldTrump
getting all tweets before ID #946505155809247231
    ...397 tweets downloaded so far


New tweet from realDonaldTrump: The Democrats are turning down services and
security for citizens in favor of services and security for non-citizens. Not
good!

archiving URL http://twitter.com/realDonaldTrump/status/955426609326100480
    ... archiving using prefix http://web.archive.org/save/
about to get all tweets newer than ID #903694300306923521 for account
@SecElaineChao
about to get all tweets newer than ID #954137162827649024 for account
@BetsyDeVosED

archiving URL https://twitter.com/realDonaldTrump/status/955426609326100480
    ... archiving using prefix http://web.archive.org/save/
about to get all tweets newer than ID #-1 for account @jaredkushner


New tweet from realDonaldTrump: Democrats have shut down our government in the
 interests of their far left base. They don’t want to do it but are powerless!

archiving URL http://twitter.com/realDonaldTrump/status/955428815777533952
    ... archiving using prefix http://web.archive.org/save/
about to get all tweets newer than ID #955291561327243269 for account
@AshLeeStrong
getting all tweets before ID #945165121944371199
ERROR: unable to get tweets for account @AshLeeStrong
           the system said: Failed to parse JSON payload: Expecting ':'
delimiter: line 1 column 676868 (char 676867)
about to get all tweets newer than ID #954472012424138754 for account @SBALinda
ERROR: unable to get tweets for account @SBALinda
           the system said: Failed to parse JSON payload: Expecting value: line
1 column 502036 (char 502035)
about to get all tweets newer than ID #943908455793823744 for account @Reince
ERROR: unable to get tweets for account @Reince
           the system said: Failed to parse JSON payload: Expecting value: line
1 column 502610 (char 502609)
... OK, we're set up, and about to watch 20776147, 888031054141022209,
733751245, 828613457020870657, 799764016885329921, 599530439,
832672006113931269, 818910970567344128, 620571475, 822215673812119553,
822127086194348032, 827258161841135623, 728361177986797568, 798195585824104449,
18916432, 212262370, 1923451808, 836724024688410625, 818876014390603776,
37666984, 18906561, 24578794, 22203756, 836305915452272641, 892173412818354177,
822215679726100480, 105267762, 830128820447539208, 803703725730779136,
471672239, 809836066316451840, 65522706, 819980276570976256, 842072478834909184,
 829782369670410240, 52544275, 108471631, 831482588246196225,
818927131883356161, 6577802, 1180379185, 823638938590085124, 866746592853979137,
 15985455, 823367015830323201, 25073877, 826065858548133888, 828997388920619008,
 29547260, 296060169, 819992522109894658, 20733972
