Hello, traveler. This is the beginning of a log file called: "Fascist Tweet Archiver".
Some basic system info about the host machine: posix.uname_result(sysname='Linux', nodename='file-server', release='3.16.0-4-686-pae', version='#1 SMP Debian 3.16.51-3 (2017-12-13)', machine='i686')
This log was begun Saturday, 20 January 2018 at 10:12



INFO: read target account data; we're tracking 52 accounts
WARNING: no ProtocolError (got exception "name 'ProtocolError' is not defined");
 trying requests.packages.urllib3.exceptions instead
NOTE: successfully imported from requests
Starting up...
about to get all tweets newer than ID #867385249340297217 for account
@RealBenCarson
about to get all tweets newer than ID #903694300306923521 for account
@SecElaineChao
about to get all tweets newer than ID #954472012424138754 for account @SBALinda
about to get all tweets newer than ID #913881045652688901 for account
@SecPriceMD
about to get all tweets newer than ID #856041462164836355 for account
@FirstLadyIN
about to get all tweets newer than ID #954518400298045441 for account
@SecretaryAcosta
about to get all tweets newer than ID #954719345275494406 for account
@nikkihaley
about to get all tweets newer than ID #954137162827649024 for account
@BetsyDeVosED
about to get all tweets newer than ID #898401955847876608 for account
@Linda_McMahon
about to get all tweets newer than ID #832282841471918080 for account
@BetsyDeVos
about to get all tweets newer than ID #951506732043456512 for account
@MickMulvaneyOMB
about to get all tweets newer than ID #954435817862123520 for account @PRyan
about to get all tweets newer than ID #954594386490413056 for account
@WhiteHouse
about to get all tweets newer than ID #-1 for account @jaredkushner
about to get all tweets newer than ID #954760901734879234 for account
@SpeakerRyan
about to get all tweets newer than ID #954542710630830081 for account @POTUS
getting all tweets before ID #943549040704348160
    ...400 tweets downloaded so far


New tweet from POTUS: RT @realDonaldTrump: For those asking, the Republicans
only have 51 votes in the Senate, and they need 60. That is why we need to win
more…

archiving URL http://twitter.com/POTUS/status/954763803824148487
    ... archiving using prefix http://web.archive.org/save/
about to get all tweets newer than ID #954745336207159297 for account
@EPAScottPruitt

archiving URL https://twitter.com/POTUS/status/954763803824148487
    ... archiving using prefix http://web.archive.org/save/
about to get all tweets newer than ID #954545012762607619 for account
@KellyannePolls


New tweet from POTUS: RT @realDonaldTrump: Democrats are holding our Military
hostage over their desire to have unchecked illegal immigration. Can’t let that
hap…

archiving URL http://twitter.com/POTUS/status/954763809402642437
    ... archiving using prefix http://web.archive.org/save/

archiving URL https://twitter.com/POTUS/status/954763809402642437
    ... archiving using prefix http://web.archive.org/save/
getting all tweets before ID #913620084584861695


New tweet from POTUS: RT @GOPLeader: Nancy was against it before she was for
it ⬇️ #SchumerShutdown https://t.co/Ct4KXE3suE

archiving URL http://twitter.com/POTUS/status/954763877148954624
    ... archiving using prefix http://web.archive.org/save/

archiving URL https://twitter.com/POTUS/status/954763877148954624
    ... archiving using prefix http://web.archive.org/save/
    ...400 tweets downloaded so far


New tweet from KellyannePolls: RT @kayleighmcenany: Even the mainstream media
has reached an undeniable conclusion: this is the #SchumerShutdown @nytimes @AP
@bpolitics h…

archiving URL http://twitter.com/KellyannePolls/status/954749615944892416
    ... archiving using prefix http://web.archive.org/save/
about to get all tweets newer than ID #954753799008133120 for account
@SecShulkin


New tweet from POTUS: RT @SpeakerRyan: One party in one house of this Congress
 is deliberately holding our entire government hostage. This did not need to
happen…

archiving URL http://twitter.com/POTUS/status/954763958518452224
    ... archiving using prefix http://web.archive.org/save/

archiving URL https://twitter.com/KellyannePolls/status/954749615944892416
    ... archiving using prefix http://web.archive.org/save/

archiving URL https://twitter.com/POTUS/status/954763958518452224
    ... archiving using prefix http://web.archive.org/save/
about to get all tweets newer than ID #-1 for account @ElaineChao
about to get all tweets newer than ID #954709676956012545 for account
@Scaramucci


New tweet from POTUS: RT @SpeakerRyan: The federal government is needlessly
shut down this morning because of Senate Democrats. They need to stop this
reckless g…

archiving URL http://twitter.com/POTUS/status/954763979489935363
    ... archiving using prefix http://web.archive.org/save/

archiving URL https://twitter.com/POTUS/status/954763979489935363
    ... archiving using prefix http://web.archive.org/save/
getting all tweets before ID #943586101142392833


New tweet from POTUS: RT @RepMarkMeadows: A far cry from 2013, when Veterans
were literally barricaded from visiting their own memorials.

The
#SchumerShutdown i…

archiving URL http://twitter.com/POTUS/status/954764049430011905
    ... archiving using prefix http://web.archive.org/save/
    ...399 tweets downloaded so far


New tweet from Scaramucci: RT @marlene_schaap: @Scaramucci @ScaramucciPost ...
 a thank you to the Petty family for sharing such intimate details of Tom's
death. WE..a…

archiving URL http://twitter.com/Scaramucci/status/954738359083167744
    ... archiving using prefix http://web.archive.org/save/
about to get all tweets newer than ID #954724753494986752 for account @PressSec

archiving URL https://twitter.com/POTUS/status/954764049430011905
    ... archiving using prefix http://web.archive.org/save/

archiving URL https://twitter.com/Scaramucci/status/954738359083167744
    ... archiving using prefix http://web.archive.org/save/
about to get all tweets newer than ID #836780744810844161 for account
@StephenMillerAL
about to get all tweets newer than ID #952927460118745088 for account @FLOTUS
getting all tweets before ID #855875245315678209
    ...231 tweets downloaded so far


New tweet from FLOTUS: This has been a year filled with many wonderful
moments. I’ve enjoyed the people I’ve been lucky enough to meet thr…
https://t.co/GP3Md2LfVM

archiving URL http://twitter.com/FLOTUS/status/954748876887592960
    ... archiving using prefix http://web.archive.org/save/
about to get all tweets newer than ID #830074939298414592 for account
@RepTomPrice

archiving URL https://twitter.com/FLOTUS/status/954748876887592960
    ... archiving using prefix http://web.archive.org/save/
about to get all tweets newer than ID #954722155463430145 for account
@realDonaldTrump
about to get all tweets newer than ID #795981284761894912 for account
@MELANIATRUMP
about to get all tweets newer than ID #954488719377141761 for account
@IvankaTrumpHQ
about to get all tweets newer than ID #816846808789958656 for account
@SenDanCoats
ERROR: unable to get tweets for account @SenDanCoats
           the system said: Failed to parse JSON payload: Unterminated string
starting at: line 1 column 506950 (char 506949)
about to get all tweets newer than ID #953073831534612480 for account
@SecretaryRoss
about to get all tweets newer than ID #954704879079034880 for account @VP
about to get all tweets newer than ID #954732184186781696 for account
@JessicaDitto45
ERROR: unable to get tweets for account @JessicaDitto45
           the system said: Failed to parse JSON payload: Unterminated string
starting at: line 1 column 508814 (char 508813)
about to get all tweets newer than ID #943908455793823744 for account @Reince
about to get all tweets newer than ID #824610180881117184 for account
@GovPenceIN
about to get all tweets newer than ID #954435460968996864 for account
@SecretaryPerry
about to get all tweets newer than ID #930982584649175047 for account
@mike_pence
ERROR: unable to get tweets for account @mike_pence
           the system said: Failed to parse JSON payload: Expecting property
name enclosed in double quotes: line 1 column 507452 (char 507451)
about to get all tweets newer than ID #898632795517403136 for account
@GeneralJFKellly
ERROR: unable to get tweets for account @GeneralJFKellly
           the system said: Not authorized.
about to get all tweets newer than ID #947851229719355392 for account
@GovernorPerry
about to get all tweets newer than ID #954090900921159680 for account
@stevenmnuchin1
about to get all tweets newer than ID #954762165403181058 for account
@AshLeeStrong
getting all tweets before ID #943556813760487424
    ...400 tweets downloaded so far


New tweet from AshLeeStrong: But Durbin said it was true!!! 🙄
https://t.co/VGdUf5bUBH

archiving URL http://twitter.com/AshLeeStrong/status/954762817005080577
    ... archiving using prefix http://web.archive.org/save/
about to get all tweets newer than ID #816290296048873472 for account
@WilburRoss

archiving URL https://twitter.com/AshLeeStrong/status/954762817005080577
    ... archiving using prefix http://web.archive.org/save/
about to get all tweets newer than ID #951473433719828480 for account
@StephGrisham45
about to get all tweets newer than ID #954737657774473217 for account
@SecretaryZinke
about to get all tweets newer than ID #890659905798983680 for account @Reince45
about to get all tweets newer than ID #954742735646482433 for account
@SecretarySonny
ERROR: unable to get tweets for account @SecretarySonny
           the system said: Failed to parse JSON payload: Unterminated string
starting at: line 1 column 508899 (char 508898)
about to get all tweets newer than ID #954409146664783872 for account
@SecretaryCarson
about to get all tweets newer than ID #954707866027347973 for account
@SecondLady
about to get all tweets newer than ID #954049288866279425 for account
@TomBossert45
ERROR: unable to get tweets for account @TomBossert45
           the system said: Failed to parse JSON payload: Unterminated string
starting at: line 1 column 504444 (char 504443)
about to get all tweets newer than ID #954221739675996160 for account
@DanScavino
about to get all tweets newer than ID #954758935516508164 for account @Scavino45
getting all tweets before ID #942976044616880127
    ...400 tweets downloaded so far


New tweet from Scavino45: RT @RepMarkMeadows: A far cry from 2013, when
Veterans were literally barricaded from visiting their own memorials.

The
#SchumerShutdown i…

archiving URL http://twitter.com/Scavino45/status/954763243192569856
    ... archiving using prefix http://web.archive.org/save/
about to get all tweets newer than ID #954370070297399297 for account
@IvankaTrump

archiving URL https://twitter.com/Scavino45/status/954763243192569856
    ... archiving using prefix http://web.archive.org/save/
about to get all tweets newer than ID #954570461672767488 for account
@seanspicer


New tweet from Scavino45: RT @GOPLeader: Chuck was against it before he was
for it ↓ #SchumerShutdown https://t.co/NLEmCFHfwd

archiving URL http://twitter.com/Scavino45/status/954763380463689730
    ... archiving using prefix http://web.archive.org/save/

archiving URL https://twitter.com/Scavino45/status/954763380463689730
    ... archiving using prefix http://web.archive.org/save/
getting all tweets before ID #935871851481518079


New tweet from Scavino45: RT @HouseGOP: FACT: More than 2 MILLION men and
women in uniform will not be getting paid until the #SchumerShutdown ends.
@SenateDems, we…

archiving URL http://twitter.com/Scavino45/status/954765359197900800
    ... archiving using prefix http://web.archive.org/save/
    ...400 tweets downloaded so far

archiving URL https://twitter.com/Scavino45/status/954765359197900800
    ... archiving using prefix http://web.archive.org/save/
... OK, we're set up, and about to watch 1180379185, 826065858548133888,
819992522109894658, 829782369670410240, 1923451808, 819980276570976256,
37666984, 828997388920619008, 65522706, 599530439, 888031054141022209,
733751245, 822215673812119553, 29547260, 18916432, 822215679726100480,
832672006113931269, 471672239, 831482588246196225, 105267762, 24578794,
818927131883356161, 728361177986797568, 818876014390603776, 6577802, 25073877,
108471631, 798195585824104449, 212262370, 836305915452272641,
818910970567344128, 836724024688410625, 20733972, 15985455, 830128820447539208,
22203756, 892173412818354177, 18906561, 799764016885329921, 296060169,
809836066316451840, 823638938590085124, 827258161841135623, 803703725730779136,
842072478834909184, 828613457020870657, 822127086194348032, 866746592853979137,
620571475, 823367015830323201, 52544275, 20776147


New tweet from seanspicer: RT @GOPLeader: Nancy was against it before she was
for it ⬇️ #SchumerShutdown https://t.co/Ct4KXE3suE

archiving URL http://twitter.com/seanspicer/status/954764028202676225
    ... archiving using prefix http://web.archive.org/save/


New tweet from Scavino45: Hope they don’t mind a #TeamTrumpBTS @WhiteHouse
while the Senate Democrats shutdown the government...

L-R;…
https://t.co/meyimPKyFM

archiving URL http://twitter.com/Scavino45/status/954768080286240769
    ... archiving using prefix http://web.archive.org/save/

archiving URL https://twitter.com/seanspicer/status/954764028202676225
    ... archiving using prefix http://web.archive.org/save/

archiving URL https://twitter.com/Scavino45/status/954768080286240769
    ... archiving using prefix http://web.archive.org/save/
WARNING: received error ('Connection broken: IncompleteRead(0 bytes read, 2513
more expected)', IncompleteRead(0 bytes read, 2513 more expected)); sleeping and
 trying again ...
