Hello, traveler. This is the beginning of a log file called: "Fascist Tweet Archiver".
Some basic system info about the host machine: posix.uname_result(sysname='Linux', nodename='file-server', release='3.16.0-5-686-pae', version='#1 SMP Debian 3.16.51-3+deb8u1 (2018-01-08)', machine='i686')
This log was begun Monday, 12 March 2018 at 23:24



INFO: read target account data; we're tracking 52 accounts
WARNING: no ProtocolError (got exception "name 'ProtocolError' is not defined");
 trying requests.packages.urllib3.exceptions instead
NOTE: successfully imported from requests
Starting up...
about to get all tweets newer than ID #-1 for account @ElaineChao
about to get all tweets newer than ID #973360355790479361 for account
@realDonaldTrump
about to get all tweets newer than ID #913881045652688901 for account
@SecPriceMD
about to get all tweets newer than ID #973284831722459136 for account
@Scaramucci
about to get all tweets newer than ID #972208654723272715 for account
@stevenmnuchin1
ERROR: unable to get tweets for account @stevenmnuchin1
           the system said: Failed to parse JSON payload: Unterminated string
starting at: line 1 column 511712 (char 511711)
about to get all tweets newer than ID #898632795517403136 for account
@GeneralJFKellly
ERROR: unable to get tweets for account @GeneralJFKellly
           the system said: Not authorized.
about to get all tweets newer than ID #-1 for account @jaredkushner
about to get all tweets newer than ID #830074939298414592 for account
@RepTomPrice
ERROR: unable to get tweets for account @RepTomPrice
           the system said: Failed to send request:
HTTPSConnectionPool(host='api.twitter.com', port=443): Read timed out. (read
timeout=60)
about to get all tweets newer than ID #972260303718223872 for account @PressSec
about to get all tweets newer than ID #903694300306923521 for account
@SecElaineChao
about to get all tweets newer than ID #832282841471918080 for account
@BetsyDeVos
about to get all tweets newer than ID #836780744810844161 for account
@StephenMillerAL
about to get all tweets newer than ID #972246960903196675 for account
@TomBossert45
ERROR: unable to get tweets for account @TomBossert45
           the system said: Failed to parse JSON payload: Unterminated string
starting at: line 1 column 505494 (char 505493)
about to get all tweets newer than ID #972135175336480769 for account
@StephGrisham45
about to get all tweets newer than ID #973313363534020608 for account
@SecretaryAcosta
about to get all tweets newer than ID #973312357920333829 for account @Scavino45
about to get all tweets newer than ID #973312566129807361 for account @SBALinda
about to get all tweets newer than ID #973339166359674883 for account
@SpeakerRyan
about to get all tweets newer than ID #973403993551536128 for account
@seanspicer
about to get all tweets newer than ID #816846808789958656 for account
@SenDanCoats
ERROR: unable to get tweets for account @SenDanCoats
           the system said: Failed to parse JSON payload: Unterminated string
starting at: line 1 column 608304 (char 608303)
about to get all tweets newer than ID #971852894520651776 for account
@RealBenCarson
about to get all tweets newer than ID #971815119272505345 for account
@SecondLady
about to get all tweets newer than ID #972170519385657344 for account
@IvankaTrumpHQ
about to get all tweets newer than ID #816290296048873472 for account
@WilburRoss
about to get all tweets newer than ID #973240527129862145 for account
@JessicaDitto45
about to get all tweets newer than ID #963927915284062209 for account
@SecretaryRoss
about to get all tweets newer than ID #973352692335759360 for account
@WhiteHouse
about to get all tweets newer than ID #973324614624477184 for account
@SecretaryZinke
about to get all tweets newer than ID #824610180881117184 for account
@GovPenceIN
about to get all tweets newer than ID #973368489602936832 for account
@AshLeeStrong
about to get all tweets newer than ID #972579903391567872 for account
@DanScavino
about to get all tweets newer than ID #972227882121613312 for account
@SecretarySonny
about to get all tweets newer than ID #971089084394491905 for account
@GovernorPerry
about to get all tweets newer than ID #971897060097249282 for account @FLOTUS
about to get all tweets newer than ID #973198296897466368 for account
@Linda_McMahon
about to get all tweets newer than ID #973301085208240128 for account
@SecretaryCarson
about to get all tweets newer than ID #971172037891887104 for account
@MickMulvaneyOMB
about to get all tweets newer than ID #973307748795469829 for account
@BetsyDeVosED
about to get all tweets newer than ID #973378693887295488 for account
@KellyannePolls
ERROR: unable to get tweets for account @KellyannePolls
           the system said: Failed to send request:
HTTPSConnectionPool(host='api.twitter.com', port=443): Read timed out.
about to get all tweets newer than ID #973289495587184640 for account @PRyan
about to get all tweets newer than ID #969786327666450432 for account @Reince
getting all tweets before ID #779376271352627200
    ...399 tweets downloaded so far


New tweet from Reince: RT @IngrahamAngle: Lots of news for you tonight —
including an exclusive interview with former White House Chief of Staff Reince
Preibus. T…

archiving URL http://twitter.com/Reince/status/973404593433522178
    ... archiving using prefix http://web.archive.org/save/
about to get all tweets newer than ID #973393017129316352 for account @POTUS

archiving URL https://twitter.com/Reince/status/973404593433522178
    ... archiving using prefix http://web.archive.org/save/
about to get all tweets newer than ID #972564587823452160 for account
@SecShulkin
ERROR: unable to get tweets for account @SecShulkin
           the system said: Failed to send request:
HTTPSConnectionPool(host='api.twitter.com', port=443): Read timed out.
about to get all tweets newer than ID #973319631476871169 for account
@SecretaryPerry
about to get all tweets newer than ID #890659905798983680 for account @Reince45
ERROR: unable to get tweets for account @Reince45
           the system said: Not authorized.
about to get all tweets newer than ID #856041462164836355 for account
@FirstLadyIN
about to get all tweets newer than ID #973219753534853125 for account
@mike_pence
about to get all tweets newer than ID #973363349550399488 for account @VP
getting all tweets before ID #961214034270871551
ERROR: unable to get tweets for account @VP
           the system said: Failed to parse JSON payload: Expecting ','
delimiter: line 1 column 506956 (char 506955)
about to get all tweets newer than ID #954801265732661248 for account
@MELANIATRUMP
about to get all tweets newer than ID #973297098522267651 for account
@nikkihaley
ERROR: unable to get tweets for account @nikkihaley
           the system said: Failed to parse JSON payload: Unterminated string
starting at: line 1 column 508392 (char 508391)
about to get all tweets newer than ID #973230293321748480 for account
@EPAScottPruitt
about to get all tweets newer than ID #973380995503284224 for account
@IvankaTrump
... OK, we're set up, and about to watch 105267762, 25073877,
829782369670410240, 24578794, 799764016885329921, 892173412818354177, 29547260,
6577802, 818927131883356161, 826065858548133888, 599530439, 728361177986797568,
866746592853979137, 823638938590085124, 819980276570976256, 823367015830323201,
819992522109894658, 18916432, 20776147, 212262370, 1180379185,
822127086194348032, 798195585824104449, 809836066316451840, 836724024688410625,
836305915452272641, 822215673812119553, 827258161841135623, 15985455, 296060169,
 620571475, 842072478834909184, 18906561, 818876014390603776, 65522706,
828613457020870657, 888031054141022209, 828997388920619008, 471672239,
733751245, 20733972, 822215679726100480, 831482588246196225, 830128820447539208,
 803703725730779136, 1923451808, 22203756, 818910970567344128, 108471631,
37666984, 832672006113931269, 52544275
WARNING: received error HTTPSConnectionPool(host='stream.twitter.com',
port=443): Read timed out.; sleeping and trying again ...
