Hello, traveler. This is the beginning of a log file called: "Fascist Tweet Archiver".
Some basic system info about the host machine: posix.uname_result(sysname='Linux', nodename='file-server', release='3.16.0-4-686-pae', version='#1 SMP Debian 3.16.51-3 (2017-12-13)', machine='i686')
This log was begun Monday, 15 January 2018 at 11:04



INFO: read target account data; we're tracking 52 accounts
WARNING: no ProtocolError (got exception "name 'ProtocolError' is not defined");
 trying requests.packages.urllib3.exceptions instead
NOTE: successfully imported from requests
Starting up...
about to get all tweets newer than ID #952948240600662016 for account
@AshLeeStrong
about to get all tweets newer than ID #836780744810844161 for account
@StephenMillerAL
about to get all tweets newer than ID #951656272864129024 for account
@DanScavino
about to get all tweets newer than ID #952341465090416640 for account
@KellyannePolls
about to get all tweets newer than ID #952927460118745088 for account @FLOTUS
about to get all tweets newer than ID #952890594342391808 for account
@stevenmnuchin1
about to get all tweets newer than ID #952648491154755584 for account
@nikkihaley
about to get all tweets newer than ID #816846808789958656 for account
@SenDanCoats
about to get all tweets newer than ID #951473433719828480 for account
@StephGrisham45
about to get all tweets newer than ID #952684053886627841 for account @VP
getting all tweets before ID #940310819291783168
    ...400 tweets downloaded so far


New tweet from VP: Today we remember the legacy of MLK Jr. His memorial stands
 tall, but the real memorial to Dr. King resides in the… https://t.co/OJ6vtq6D8m

archiving URL http://twitter.com/VP/status/952936625063055360
    ... archiving using prefix http://web.archive.org/save/
about to get all tweets newer than ID #951928484204630016 for account
@SecShulkin
about to get all tweets newer than ID #952941381206593536 for account
@SecretaryCarson

archiving URL https://twitter.com/VP/status/952936625063055360
    ... archiving using prefix http://web.archive.org/save/


New tweet from VP: RT @WhiteHouse: "Dr. King's dream is our dream. It is the
American Dream. It's the promise stitched into the fabric of our Nation, etched
i…

archiving URL http://twitter.com/VP/status/952936751764590592
    ... archiving using prefix http://web.archive.org/save/
about to get all tweets newer than ID #-1 for account @jaredkushner
about to get all tweets newer than ID #-1 for account @ElaineChao
about to get all tweets newer than ID #952961010243162112 for account
@WhiteHouse
about to get all tweets newer than ID #952878918494769152 for account
@seanspicer
about to get all tweets newer than ID #952891481152479232 for account
@EPAScottPruitt

archiving URL https://twitter.com/VP/status/952936751764590592
    ... archiving using prefix http://web.archive.org/save/
about to get all tweets newer than ID #952943042167824384 for account
@SecretaryZinke
about to get all tweets newer than ID #867385249340297217 for account
@RealBenCarson
about to get all tweets newer than ID #943908455793823744 for account @Reince
about to get all tweets newer than ID #952897246848278528 for account
@SecretarySonny
about to get all tweets newer than ID #816290296048873472 for account
@WilburRoss
about to get all tweets newer than ID #890659905798983680 for account @Reince45
about to get all tweets newer than ID #951506732043456512 for account
@MickMulvaneyOMB
about to get all tweets newer than ID #913881045652688901 for account
@SecPriceMD
about to get all tweets newer than ID #952964120357191680 for account @PRyan
about to get all tweets newer than ID #952906199531388930 for account
@SpeakerRyan
about to get all tweets newer than ID #947851229719355392 for account
@GovernorPerry
about to get all tweets newer than ID #795981284761894912 for account
@MELANIATRUMP
about to get all tweets newer than ID #824610180881117184 for account
@GovPenceIN
about to get all tweets newer than ID #952960753589477376 for account @PressSec
about to get all tweets newer than ID #832282841471918080 for account
@BetsyDeVos
about to get all tweets newer than ID #930982584649175047 for account
@mike_pence
about to get all tweets newer than ID #941074527592812545 for account
@SecretaryRoss
about to get all tweets newer than ID #952933691642339329 for account
@realDonaldTrump
about to get all tweets newer than ID #898401955847876608 for account
@Linda_McMahon
about to get all tweets newer than ID #947883338055987201 for account
@BetsyDeVosED
about to get all tweets newer than ID #951469322014281728 for account
@IvankaTrumpHQ
about to get all tweets newer than ID #951874120165330944 for account @SBALinda
ERROR: unable to get tweets for account @SBALinda
           the system said: Failed to parse JSON payload: Unterminated string
starting at: line 1 column 865571 (char 865570)
about to get all tweets newer than ID #952613022589124609 for account
@Scaramucci
about to get all tweets newer than ID #952908047910948865 for account
@IvankaTrump
about to get all tweets newer than ID #856041462164836355 for account
@FirstLadyIN
about to get all tweets newer than ID #952714540256563200 for account
@SecondLady
about to get all tweets newer than ID #952167274655428608 for account @POTUS
about to get all tweets newer than ID #952684949764796419 for account
@SecretaryPerry
getting all tweets before ID #920161122019397632
    ...400 tweets downloaded so far


New tweet from SecretaryPerry: Today we remember and honor the life of Dr.
Martin Luther King Jr. and his inspiring work to advance civil rights a…
https://t.co/fNLDN5fS5q

archiving URL http://twitter.com/SecretaryPerry/status/952936237941354499
    ... archiving using prefix http://web.archive.org/save/
about to get all tweets newer than ID #830074939298414592 for account
@RepTomPrice

archiving URL https://twitter.com/SecretaryPerry/status/952936237941354499
    ... archiving using prefix http://web.archive.org/save/
about to get all tweets newer than ID #952732876415684608 for account @Scavino45
getting all tweets before ID #941698391716892672
    ...400 tweets downloaded so far


New tweet from Scavino45: RT @WhiteHouse: "Dr. King's dream is our dream. It
is the American Dream. It's the promise stitched into the fabric of our Nation,
etched i…

archiving URL http://twitter.com/Scavino45/status/952933832935780355
    ... archiving using prefix http://web.archive.org/save/
about to get all tweets newer than ID #952932330917781505 for account
@TomBossert45

archiving URL https://twitter.com/Scavino45/status/952933832935780355
    ... archiving using prefix http://web.archive.org/save/
getting all tweets before ID #869176668493139969
    ...181 tweets downloaded so far


New tweet from TomBossert45: Thank you @RedCross for your tireless support to
disaster survivors facing #CAfires and #mudslides ! https://t.co/fqSybDX4el

archiving URL http://twitter.com/TomBossert45/status/952938771280023554
    ... archiving using prefix http://web.archive.org/save/
about to get all tweets newer than ID #898632795517403136 for account
@GeneralJFKellly

archiving URL https://twitter.com/TomBossert45/status/952938771280023554
    ... archiving using prefix http://web.archive.org/save/
ERROR: unable to get tweets for account @GeneralJFKellly
           the system said: Not authorized.
about to get all tweets newer than ID #952959490848149504 for account
@JessicaDitto45
about to get all tweets newer than ID #952858033943732225 for account
@SecretaryAcosta
about to get all tweets newer than ID #903694300306923521 for account
@SecElaineChao
... OK, we're set up, and about to watch 296060169, 728361177986797568,
620571475, 471672239, 818876014390603776, 799764016885329921, 37666984,
212262370, 823638938590085124, 818910970567344128, 831482588246196225,
828613457020870657, 29547260, 105267762, 822215673812119553, 20776147,
832672006113931269, 827258161841135623, 1180379185, 20733972,
842072478834909184, 809836066316451840, 803703725730779136, 888031054141022209,
829782369670410240, 733751245, 18916432, 18906561, 108471631, 15985455,
818927131883356161, 599530439, 22203756, 836305915452272641, 25073877, 65522706,
 828997388920619008, 798195585824104449, 819992522109894658, 24578794, 52544275,
 1923451808, 822127086194348032, 822215679726100480, 830128820447539208,
6577802, 823367015830323201, 866746592853979137, 892173412818354177,
836724024688410625, 819980276570976256, 826065858548133888


New tweet from Scaramucci: “Hate cannot drive out hate; only love can do
that." MLK JR

archiving URL http://twitter.com/Scaramucci/status/952972926181134337
    ... archiving using prefix http://web.archive.org/save/


New tweet from Scaramucci: RT @KatyTurNBC: . @Scaramucci joins me at 2p today
on @msnbc.

archiving URL http://twitter.com/Scaramucci/status/952972955222528000
    ... archiving using prefix http://web.archive.org/save/

archiving URL https://twitter.com/Scaramucci/status/952972926181134337
    ... archiving using prefix http://web.archive.org/save/

archiving URL https://twitter.com/Scaramucci/status/952972955222528000
    ... archiving using prefix http://web.archive.org/save/


New tweet from SecShulkin: RT @FoxBusiness: .@SecShulkin on homelessness: "The
 @POTUS has put more money into the budget this year to reduce veterans
homelessness." h…

archiving URL http://twitter.com/SecShulkin/status/952973048612876288
    ... archiving using prefix http://web.archive.org/save/

archiving URL https://twitter.com/SecShulkin/status/952973048612876288
    ... archiving using prefix http://web.archive.org/save/


New tweet from SecShulkin: RT @VP: Today we remember the legacy of MLK Jr. His
 memorial stands tall, but the real memorial to Dr. King resides in the hearts
of all wh…

archiving URL http://twitter.com/SecShulkin/status/952973664902959105
    ... archiving using prefix http://web.archive.org/save/

archiving URL https://twitter.com/SecShulkin/status/952973664902959105
    ... archiving using prefix http://web.archive.org/save/
WARNING: received error HTTPSConnectionPool(host='stream.twitter.com',
port=443): Read timed out.; sleeping and trying again ...


New tweet from POTUS: RT @VP: Today we remember the legacy of MLK Jr. His
memorial stands tall, but the real memorial to Dr. King resides in the hearts of
 all wh…

archiving URL http://twitter.com/POTUS/status/952979947966160896
    ... archiving using prefix http://web.archive.org/save/

archiving URL https://twitter.com/POTUS/status/952979947966160896
    ... archiving using prefix http://web.archive.org/save/


New tweet from POTUS: RT @FLOTUS: Today we honor Dr. Martin Luther King Jr.
&amp; his service to this great country.  I am honored to be First Lady of a
nation that…

archiving URL http://twitter.com/POTUS/status/952980042950365184
    ... archiving using prefix http://web.archive.org/save/


New tweet from POTUS: RT @WhiteHouse: "Dr. King's dream is our dream. It is
the American Dream. It's the promise stitched into the fabric of our Nation,
etched i…

archiving URL http://twitter.com/POTUS/status/952980076378906624
    ... archiving using prefix http://web.archive.org/save/

archiving URL https://twitter.com/POTUS/status/952980042950365184
    ... archiving using prefix http://web.archive.org/save/

archiving URL https://twitter.com/POTUS/status/952980076378906624
    ... archiving using prefix http://web.archive.org/save/


New tweet from SecretaryAcosta: RT @WhiteHouse: "Dr. King's dream is our
dream. It is the American Dream. It's the promise stitched into the fabric of
our Nation, etched i…

archiving URL http://twitter.com/SecretaryAcosta/status/952980130569314304
    ... archiving using prefix http://web.archive.org/save/

archiving URL https://twitter.com/SecretaryAcosta/status/952980130569314304
    ... archiving using prefix http://web.archive.org/save/
WARNING: received error HTTPSConnectionPool(host='stream.twitter.com',
port=443): Read timed out.; sleeping and trying again ...
WARNING: received error ('Connection broken: IncompleteRead(0 bytes read, 2000
more expected)', IncompleteRead(0 bytes read, 2000 more expected)); sleeping and
 trying again ...
