Hello, traveler. This is the beginning of a log file called: "Fascist Tweet Archiver".
Some basic system info about the host machine: posix.uname_result(sysname='Linux', nodename='file-server', release='3.16.0-5-686-pae', version='#1 SMP Debian 3.16.51-3+deb8u1 (2018-01-08)', machine='i686')
This log was begun Monday, 19 February 2018 at 19:57



INFO: read target account data; we're tracking 52 accounts
WARNING: no ProtocolError (got exception "name 'ProtocolError' is not defined");
 trying requests.packages.urllib3.exceptions instead
NOTE: successfully imported from requests
Starting up...
about to get all tweets newer than ID #856041462164836355 for account
@FirstLadyIN
about to get all tweets newer than ID #965586581007499264 for account
@SecretaryPerry
about to get all tweets newer than ID #964524657834647552 for account
@SecretaryCarson
about to get all tweets newer than ID #898632795517403136 for account
@GeneralJFKellly
ERROR: unable to get tweets for account @GeneralJFKellly
           the system said: Not authorized.
about to get all tweets newer than ID #965002523840008192 for account
@StephGrisham45
about to get all tweets newer than ID #965638316359118849 for account
@SecretaryZinke
about to get all tweets newer than ID #964180456685129729 for account @SBALinda
ERROR: unable to get tweets for account @SBALinda
           the system said: Failed to send request: ('Connection aborted.',
BadStatusLine("''",))
about to get all tweets newer than ID #965235438230343680 for account
@GovernorPerry
about to get all tweets newer than ID #965637014233247744 for account @Scavino45
about to get all tweets newer than ID #965608196063813632 for account
@nikkihaley
ERROR: unable to get tweets for account @nikkihaley
           the system said: Failed to parse JSON payload: Expecting ','
delimiter: line 1 column 677820 (char 677819)
about to get all tweets newer than ID #965775382598311937 for account
@realDonaldTrump
getting all tweets before ID #952538350333939712
ERROR: unable to get tweets for account @realDonaldTrump
           the system said: Failed to parse JSON payload: Unterminated string
starting at: line 1 column 506901 (char 506900)
about to get all tweets newer than ID #-1 for account @jaredkushner
about to get all tweets newer than ID #958090523364986887 for account
@MickMulvaneyOMB
about to get all tweets newer than ID #965757857621823495 for account
@Scaramucci
about to get all tweets newer than ID #-1 for account @ElaineChao
about to get all tweets newer than ID #965643859408621568 for account
@SecretaryAcosta
about to get all tweets newer than ID #965033528059719680 for account
@SecondLady
about to get all tweets newer than ID #959613255206555648 for account
@DanScavino
about to get all tweets newer than ID #954801265732661248 for account
@MELANIATRUMP
about to get all tweets newer than ID #965632567067201536 for account
@stevenmnuchin1
ERROR: unable to get tweets for account @stevenmnuchin1
           the system said: Failed to send request:
HTTPSConnectionPool(host='api.twitter.com', port=443): Read timed out.
about to get all tweets newer than ID #962184059052011522 for account @Reince
ERROR: unable to get tweets for account @Reince
           the system said: Failed to parse JSON payload: Expecting value: line
1 column 507104 (char 507103)
about to get all tweets newer than ID #963927915284062209 for account
@SecretaryRoss
about to get all tweets newer than ID #964902954967891968 for account @FLOTUS
ERROR: unable to get tweets for account @FLOTUS
           the system said: Failed to send request:
HTTPSConnectionPool(host='api.twitter.com', port=443): Max retries exceeded with
 url: /1.1/statuses/user_timeline.json?screen_name=FLOTUS&count=200 (Caused by N
ewConnectionError('<requests.packages.urllib3.connection.VerifiedHTTPSConnection
 object at 0xb6364dac>: Failed to establish a new connection: [Errno -2] Name or
 service not known',))
about to get all tweets newer than ID #965069215509237760 for account
@mike_pence
ERROR: unable to get tweets for account @mike_pence
           the system said: Failed to parse JSON payload: Unterminated string
starting at: line 1 column 283723 (char 283722)
about to get all tweets newer than ID #965641793097355264 for account
@RealBenCarson
ERROR: unable to get tweets for account @RealBenCarson
           the system said: Failed to parse JSON payload: Unterminated string
starting at: line 1 column 504055 (char 504054)
about to get all tweets newer than ID #965691623240761344 for account
@JessicaDitto45
ERROR: unable to get tweets for account @JessicaDitto45
           the system said: Failed to parse JSON payload: Unterminated string
starting at: line 1 column 505200 (char 505199)
about to get all tweets newer than ID #903694300306923521 for account
@SecElaineChao
about to get all tweets newer than ID #824610180881117184 for account
@GovPenceIN
ERROR: unable to get tweets for account @GovPenceIN
           the system said: Failed to parse JSON payload: Unterminated string
starting at: line 1 column 693740 (char 693739)
about to get all tweets newer than ID #965216673484673029 for account
@IvankaTrump
about to get all tweets newer than ID #961725970108633089 for account
@SecShulkin
about to get all tweets newer than ID #965663780238778368 for account
@WhiteHouse
about to get all tweets newer than ID #963899156300488704 for account
@IvankaTrumpHQ
ERROR: unable to get tweets for account @IvankaTrumpHQ
           the system said: Failed to parse JSON payload: Expecting ':'
delimiter: line 1 column 503012 (char 503011)
about to get all tweets newer than ID #832282841471918080 for account
@BetsyDeVos
about to get all tweets newer than ID #963902159531147264 for account
@BetsyDeVosED
about to get all tweets newer than ID #964349912786681856 for account
@KellyannePolls
about to get all tweets newer than ID #965749508444446720 for account
@seanspicer
about to get all tweets newer than ID #890659905798983680 for account @Reince45
ERROR: unable to get tweets for account @Reince45
           the system said: Failed to send request: EOF occurred in violation of
 protocol (_ssl.c:600)
about to get all tweets newer than ID #965618896454803456 for account
@EPAScottPruitt
about to get all tweets newer than ID #964531082665193472 for account @PRyan
about to get all tweets newer than ID #963917729328746496 for account
@TomBossert45
ERROR: unable to get tweets for account @TomBossert45
           the system said: Failed to send request:
HTTPSConnectionPool(host='api.twitter.com', port=443): Read timed out.
about to get all tweets newer than ID #816290296048873472 for account
@WilburRoss
ERROR: unable to get tweets for account @WilburRoss
           the system said: Failed to send request:
HTTPSConnectionPool(host='api.twitter.com', port=443): Max retries exceeded with
 url: /1.1/statuses/user_timeline.json?screen_name=WilburRoss&count=200 (Caused
by NewConnectionError('<requests.packages.urllib3.connection.VerifiedHTTPSConnec
tion object at 0xb68ea2ec>: Failed to establish a new connection: [Errno -2]
Name or service not known',))
about to get all tweets newer than ID #965744119380357121 for account
@AshLeeStrong
ERROR: unable to get tweets for account @AshLeeStrong
           the system said: Failed to send request:
HTTPSConnectionPool(host='api.twitter.com', port=443): Read timed out. (read
timeout=60)
about to get all tweets newer than ID #965665276925743105 for account
@SpeakerRyan
about to get all tweets newer than ID #964984439175614464 for account @POTUS
ERROR: unable to get tweets for account @POTUS
           the system said: Failed to send request:
HTTPSConnectionPool(host='api.twitter.com', port=443): Read timed out. (read
timeout=60)
about to get all tweets newer than ID #965700614322819072 for account
@SecretarySonny
ERROR: unable to get tweets for account @SecretarySonny
           the system said: Failed to send request:
HTTPSConnectionPool(host='api.twitter.com', port=443): Read timed out.
about to get all tweets newer than ID #830074939298414592 for account
@RepTomPrice
ERROR: unable to get tweets for account @RepTomPrice
           the system said: Failed to send request: EOF occurred in violation of
 protocol (_ssl.c:600)
about to get all tweets newer than ID #913881045652688901 for account
@SecPriceMD
about to get all tweets newer than ID #965231014632132610 for account
@Linda_McMahon
ERROR: unable to get tweets for account @Linda_McMahon
           the system said: Failed to parse JSON payload: Unterminated string
starting at: line 1 column 507450 (char 507449)
about to get all tweets newer than ID #964979194387222528 for account @PressSec
ERROR: unable to get tweets for account @PressSec
           the system said: Failed to send request:
HTTPSConnectionPool(host='api.twitter.com', port=443): Read timed out. (read
timeout=60)
about to get all tweets newer than ID #816846808789958656 for account
@SenDanCoats
ERROR: unable to get tweets for account @SenDanCoats
           the system said: Failed to parse JSON payload: Unterminated string
starting at: line 1 column 508323 (char 508322)
about to get all tweets newer than ID #836780744810844161 for account
@StephenMillerAL
about to get all tweets newer than ID #965658622381486080 for account @VP
ERROR: unable to get tweets for account @VP
           the system said: Failed to send request:
HTTPSConnectionPool(host='api.twitter.com', port=443): Read timed out.
... OK, we're set up, and about to watch 1923451808, 830128820447539208,
828613457020870657, 892173412818354177, 823638938590085124, 827258161841135623,
819992522109894658, 18906561, 823367015830323201, 37666984, 25073877, 29547260,
888031054141022209, 24578794, 105267762, 819980276570976256, 822127086194348032,
 620571475, 108471631, 799764016885329921, 20733972, 836305915452272641,
818876014390603776, 22203756, 1180379185, 836724024688410625,
826065858548133888, 15985455, 52544275, 831482588246196225, 822215673812119553,
798195585824104449, 599530439, 828997388920619008, 471672239, 20776147,
803703725730779136, 832672006113931269, 733751245, 866746592853979137,
809836066316451840, 296060169, 18916432, 822215679726100480, 842072478834909184,
 6577802, 829782369670410240, 65522706, 818927131883356161, 212262370,
728361177986797568, 818910970567344128
