Hello, traveler. This is the beginning of a log file called: "Fascist Tweet Archiver".
Some basic system info about the host machine: posix.uname_result(sysname='Linux', nodename='file-server', release='3.16.0-6-686-pae', version='#1 SMP Debian 3.16.57-2 (2018-07-14)', machine='i686')
This log was begun Friday, 10 August 2018 at 09:17



INFO: read target account data; we're tracking 59 accounts
WARNING: no ProtocolError (got exception "name 'ProtocolError' is not defined");
 trying requests.packages.urllib3.exceptions instead
NOTE: successfully imported from requests
Starting up...
about to get all tweets newer than ID #832282841471918080 for account
@BetsyDeVos
about to get all tweets newer than ID #1027688412818501633 for account
@SecretaryPerry
about to get all tweets newer than ID #1024306290342993920 for account
@stevenmnuchin1
about to get all tweets newer than ID #856041462164836355 for account
@FirstLadyIN
about to get all tweets newer than ID #1027606877323108352 for account
@Scavino45
about to get all tweets newer than ID #1027340732477128704 for account
@mike_pence
about to get all tweets newer than ID #1027034417146093568 for account @PRyan
about to get all tweets newer than ID #1024829935238750208 for account
@AshLeeStrong
about to get all tweets newer than ID #1027924741619888128 for account
@SpeakerRyan
about to get all tweets newer than ID #1027639585533308934 for account @POTUS
about to get all tweets newer than ID #1027255620918013952 for account
@SecretaryRoss
getting all tweets before ID #836986961504137216
    ...69 tweets downloaded so far
about to get all tweets newer than ID #1027934092355162112 for account
@WhiteHouse


New tweet from SecretaryRoss: Thank you to the women of @NOAA for your
leadership in this critical industry. #STEM &amp; the computer science industr…
https://t.co/c7DEYoOSUg

archiving URL http://twitter.com/SecretaryRoss/status/1027937005785755650
    ... archiving using prefix http://web.archive.org/save/

archiving URL https://twitter.com/SecretaryRoss/status/1027937005785755650
    ... archiving using prefix http://web.archive.org/save/
about to get all tweets newer than ID #1026499587652108288 for account @Cabinet
about to get all tweets newer than ID #1027234212007567361 for account
@SecretaryCarson
about to get all tweets newer than ID #1027723971448512513 for account
@SecretarySonny
about to get all tweets newer than ID #830074939298414592 for account
@RepTomPrice
about to get all tweets newer than ID #1027639789359652864 for account
@StephGrisham45
about to get all tweets newer than ID #1027676267439632384 for account
@EnergyDepSec
about to get all tweets newer than ID #1027878850473205760 for account
@IvankaTrump
about to get all tweets newer than ID #1027688230336905217 for account
@GovernorPerry
about to get all tweets newer than ID #1027733035771408384 for account
@JessicaDitto45
about to get all tweets newer than ID #1025715874391568385 for account
@BetsyDeVosED
about to get all tweets newer than ID #954801265732661248 for account
@MELANIATRUMP
about to get all tweets newer than ID #1027897945100873728 for account
@DepSecHargan
about to get all tweets newer than ID #1014519079284199424 for account
@EPAScottPruitt
ERROR: unable to get tweets for account @EPAScottPruitt
           the system said: [{'message': 'Sorry, that page does not exist.',
'code': 34}]
about to get all tweets newer than ID #1024348660753149952 for account
@KellyannePolls
about to get all tweets newer than ID #1027924940023054336 for account @VP
about to get all tweets newer than ID #1027726466711252992 for account
@DanScavino
about to get all tweets newer than ID #1027872368176324608 for account
@SecretaryAcosta
about to get all tweets newer than ID #1027935413841866754 for account
@SecretaryZinke
about to get all tweets newer than ID #913881045652688901 for account
@SecPriceMD
about to get all tweets newer than ID #1026875315426140160 for account @PressSec
about to get all tweets newer than ID #1021844939473387520 for account
@IvankaTrumpHQ
ERROR: unable to get tweets for account @IvankaTrumpHQ
           the system said: Not authorized.
about to get all tweets newer than ID #978650205192044545 for account
@SecShulkin
about to get all tweets newer than ID #1025423091822997505 for account
@MickMulvaneyOMB
about to get all tweets newer than ID #1027687828694724608 for account
@statedeptspox
about to get all tweets newer than ID #1027639455044304896 for account @FLOTUS
about to get all tweets newer than ID #1027611094838403075 for account
@SecondLady
about to get all tweets newer than ID #1027678531860475904 for account @SBALinda
about to get all tweets newer than ID #1027699258219274241 for account
@nikkihaley
about to get all tweets newer than ID #-1 for account @jaredkushner
about to get all tweets newer than ID #1027899286586109955 for account
@realDonaldTrump
about to get all tweets newer than ID #1027032901299396610 for account
@RealBenCarson
about to get all tweets newer than ID #1026613666874097664 for account
@AmbJohnBolton
about to get all tweets newer than ID #824610180881117184 for account
@GovPenceIN
about to get all tweets newer than ID #994396943421001728 for account
@TomBossert45
about to get all tweets newer than ID #903694300306923521 for account
@SecElaineChao
about to get all tweets newer than ID #816846808789958656 for account
@SenDanCoats
about to get all tweets newer than ID #1027716473614000128 for account
@SecNielsen
about to get all tweets newer than ID #-1 for account @ElaineChao
about to get all tweets newer than ID #1027879702235688960 for account
@seanspicer
about to get all tweets newer than ID #1003795765028884485 for account
@Linda_McMahon
about to get all tweets newer than ID #816290296048873472 for account
@WilburRoss
about to get all tweets newer than ID #1027923528849543168 for account
@Scaramucci
about to get all tweets newer than ID #1027932492857323520 for account @SecAzar
about to get all tweets newer than ID #1027895354480631808 for account @Reince
about to get all tweets newer than ID #890659905798983680 for account @Reince45
ERROR: unable to get tweets for account @Reince45
           the system said: Not authorized.
about to get all tweets newer than ID #1026491173878288384 for account @Comey
about to get all tweets newer than ID #836780744810844161 for account
@StephenMillerAL
... OK, we're set up, and about to watch 599530439, 830128820447539208,
799764016885329921, 1923451808, 823367015830323201, 22203756, 733751245,
296060169, 18916432, 822215679726100480, 836305915452272641, 822215673812119553,
 818928162449068032, 828613457020870657, 842072478834909184, 6577802,
823638938590085124, 894923298374651904, 52544275, 18906561, 836724024688410625,
828997388920619008, 108471631, 920035992073064450, 832672006113931269,
471672239, 818910970567344128, 620571475, 819980276570976256,
827258161841135623, 829782369670410240, 818927131883356161, 798195585824104449,
831482588246196225, 888031054141022209, 1967216306, 818876014390603776,
822127086194348032, 819992522109894658, 37666984, 29547260, 25073877,
1180379185, 118756393, 15985455, 866746592853979137, 826065858548133888,
212262370, 935148134505828353, 105267762, 20776147, 65522706,
809836066316451840, 24578794, 956283913835614208, 20733972, 803703725730779136,
2334193741, 728361177986797568
