Hello, traveler. This is the beginning of a log file called: "Fascist Tweet Archiver".
Some basic system info about the host machine: posix.uname_result(sysname='Linux', nodename='file-server', release='3.16.0-4-686-pae', version='#1 SMP Debian 3.16.51-3 (2017-12-13)', machine='i686')
This log was begun Saturday, 06 January 2018 at 05:43



INFO: read target account data; we're tracking 52 accounts
WARNING: no ProtocolError (got exception "name 'ProtocolError' is not defined");
 trying requests.packages.urllib3.exceptions instead
NOTE: successfully imported from requests
Starting up...
about to get all tweets newer than ID #943908455793823744 for account @Reince
about to get all tweets newer than ID #949619270631256064 for account
@realDonaldTrump
about to get all tweets newer than ID #949015727427719175 for account
@SecretaryZinke
about to get all tweets newer than ID #947851229719355392 for account
@GovernorPerry
about to get all tweets newer than ID #947883338055987201 for account
@BetsyDeVosED
about to get all tweets newer than ID #949071184259411968 for account @POTUS
about to get all tweets newer than ID #949023248456540160 for account
@EPAScottPruitt
about to get all tweets newer than ID #913881045652688901 for account
@SecPriceMD
about to get all tweets newer than ID #949458233961406465 for account
@WhiteHouse
about to get all tweets newer than ID #943545231244439555 for account
@SecretaryCarson
about to get all tweets newer than ID #948795678020513792 for account
@TomBossert45
about to get all tweets newer than ID #948930535153373184 for account
@StephGrisham45
about to get all tweets newer than ID #-1 for account @ElaineChao
about to get all tweets newer than ID #949396181918117888 for account
@IvankaTrump
about to get all tweets newer than ID #949433330956668929 for account @PRyan
about to get all tweets newer than ID #949468872951975937 for account
@SpeakerRyan
about to get all tweets newer than ID #816290296048873472 for account
@WilburRoss
about to get all tweets newer than ID #949389675227164672 for account
@KellyannePolls
about to get all tweets newer than ID #949328346407735296 for account
@stevenmnuchin1
about to get all tweets newer than ID #867385249340297217 for account
@RealBenCarson
about to get all tweets newer than ID #949519165467054080 for account
@Scaramucci
about to get all tweets newer than ID #949383549521747968 for account
@SecShulkin
about to get all tweets newer than ID #856041462164836355 for account
@FirstLadyIN
about to get all tweets newer than ID #949106760878645248 for account
@SecondLady
about to get all tweets newer than ID #836780744810844161 for account
@StephenMillerAL
about to get all tweets newer than ID #890659905798983680 for account @Reince45
about to get all tweets newer than ID #949287422575239169 for account
@SecretaryAcosta
about to get all tweets newer than ID #949396632675766273 for account
@JessicaDitto45
about to get all tweets newer than ID #948983878215139328 for account
@SecretaryPerry
about to get all tweets newer than ID #898401955847876608 for account
@Linda_McMahon
about to get all tweets newer than ID #949408096631361538 for account
@nikkihaley
about to get all tweets newer than ID #830074939298414592 for account
@RepTomPrice
about to get all tweets newer than ID #949036189876674562 for account
@SecretarySonny
about to get all tweets newer than ID #832282841471918080 for account
@BetsyDeVos
about to get all tweets newer than ID #898632795517403136 for account
@GeneralJFKellly
ERROR: unable to get tweets for account @GeneralJFKellly
           the system said: Not authorized.
about to get all tweets newer than ID #-1 for account @jaredkushner
about to get all tweets newer than ID #949298602035372033 for account @SBALinda
about to get all tweets newer than ID #903694300306923521 for account
@SecElaineChao
about to get all tweets newer than ID #795981284761894912 for account
@MELANIATRUMP
about to get all tweets newer than ID #948992631308156928 for account
@IvankaTrumpHQ
about to get all tweets newer than ID #949477254354145280 for account @PressSec
about to get all tweets newer than ID #943545273489510400 for account
@MickMulvaneyOMB
about to get all tweets newer than ID #949469853852848128 for account @VP
about to get all tweets newer than ID #948746483792310272 for account
@DanScavino
about to get all tweets newer than ID #930982584649175047 for account
@mike_pence
about to get all tweets newer than ID #949434499456229376 for account
@seanspicer
about to get all tweets newer than ID #824610180881117184 for account
@GovPenceIN
about to get all tweets newer than ID #941074527592812545 for account
@SecretaryRoss
about to get all tweets newer than ID #947908805618257920 for account @FLOTUS
about to get all tweets newer than ID #816846808789958656 for account
@SenDanCoats
about to get all tweets newer than ID #948747150422413312 for account @Scavino45
about to get all tweets newer than ID #949373721910939648 for account
@AshLeeStrong
... OK, we're set up, and about to watch 20733972, 25073877, 827258161841135623,
 18906561, 828997388920619008, 822215679726100480, 832672006113931269,
829782369670410240, 822215673812119553, 828613457020870657, 866746592853979137,
823638938590085124, 105267762, 52544275, 733751245, 18916432,
809836066316451840, 471672239, 799764016885329921, 1180379185, 24578794,
831482588246196225, 1923451808, 822127086194348032, 728361177986797568,
803703725730779136, 819980276570976256, 836724024688410625, 830128820447539208,
65522706, 37666984, 6577802, 842072478834909184, 599530439, 892173412818354177,
29547260, 819992522109894658, 826065858548133888, 108471631, 798195585824104449,
 818927131883356161, 888031054141022209, 818910970567344128, 620571475,
22203756, 20776147, 15985455, 836305915452272641, 818876014390603776, 212262370,
 823367015830323201, 296060169
WARNING: received error ('Connection broken: IncompleteRead(0 bytes read, 2 more
 expected)', IncompleteRead(0 bytes read, 2 more expected)); sleeping and trying
 again ...
WARNING: received error ('Connection broken: IncompleteRead(0 bytes read, 2000
more expected)', IncompleteRead(0 bytes read, 2000 more expected)); sleeping and
 trying again ...


New tweet from Scaramucci: Wish I heard this at 18!  Have a fantastic day!
https://t.co/4uiY0wKOCT via @youtube

archiving URL http://twitter.com/Scaramucci/status/949638688107040770
    ... archiving using prefix http://web.archive.org/save/

archiving URL https://twitter.com/Scaramucci/status/949638688107040770
    ... archiving using prefix http://web.archive.org/save/


New tweet from stevenmnuchin1: Over 1 million Americans are receiving special
bonuses in response to @realDonaldTrump signing the… https://t.co/Yna3soyV3z

archiving URL http://twitter.com/stevenmnuchin1/status/949641764645822464
    ... archiving using prefix http://web.archive.org/save/

archiving URL https://twitter.com/stevenmnuchin1/status/949641764645822464
    ... archiving using prefix http://web.archive.org/save/


New tweet from JessicaDitto45: RT @WhiteHouse: A behind the scenes look:
President Trump met with Congressional leaders at Camp David to discuss the 2018
 policy agenda. h…

archiving URL http://twitter.com/JessicaDitto45/status/949642288124366848
    ... archiving using prefix http://web.archive.org/save/

archiving URL https://twitter.com/JessicaDitto45/status/949642288124366848
    ... archiving using prefix http://web.archive.org/save/


New tweet from JessicaDitto45: RT @realDonaldTrump: The African American
unemployment rate fell to 6.8%, the lowest rate in 45 years. I am so happy about
 this News! And,…

archiving URL http://twitter.com/JessicaDitto45/status/949642326783266816
    ... archiving using prefix http://web.archive.org/save/

archiving URL https://twitter.com/JessicaDitto45/status/949642326783266816
    ... archiving using prefix http://web.archive.org/save/
WARNING: received error ('Connection broken: IncompleteRead(0 bytes read, 512
more expected)', IncompleteRead(0 bytes read, 512 more expected)); sleeping and
trying again ...
WARNING: received error ('Connection broken: IncompleteRead(0 bytes read, 512
more expected)', IncompleteRead(0 bytes read, 512 more expected)); sleeping and
trying again ...
WARNING: received error ('Connection broken: IncompleteRead(0 bytes read, 512
more expected)', IncompleteRead(0 bytes read, 512 more expected)); sleeping and
trying again ...
WARNING: received error ('Connection broken: IncompleteRead(0 bytes read, 512
more expected)', IncompleteRead(0 bytes read, 512 more expected)); sleeping and
trying again ...


New tweet from WhiteHouse: 2017 was a banner year for the United States labor
market, and the President’s emphasis on economic growth will con…
https://t.co/tfZrUw2Xyj

archiving URL http://twitter.com/WhiteHouse/status/949650269473820672
    ... archiving using prefix http://web.archive.org/save/

archiving URL https://twitter.com/WhiteHouse/status/949650269473820672
    ... archiving using prefix http://web.archive.org/save/
WARNING: received error ('Connection broken: IncompleteRead(0 bytes read, 512
more expected)', IncompleteRead(0 bytes read, 512 more expected)); sleeping and
trying again ...
WARNING: received error ('Connection broken: IncompleteRead(0 bytes read)',
IncompleteRead(0 bytes read)); sleeping and trying again ...
WARNING: received error ('Connection broken: IncompleteRead(0 bytes read, 512
more expected)', IncompleteRead(0 bytes read, 512 more expected)); sleeping and
trying again ...


New tweet from Scaramucci: RT @ScaramucciPost: Who else wants to fight the
Opioid Epidemic? Answer and retweet. Let's make this the most retweeted tweet
ever. https:/…

archiving URL http://twitter.com/Scaramucci/status/949660673260314625
    ... archiving using prefix http://web.archive.org/save/
WARNING: received error ('Connection broken: IncompleteRead(0 bytes read, 1974
more expected)', IncompleteRead(0 bytes read, 1974 more expected)); sleeping and
 trying again ...

archiving URL https://twitter.com/Scaramucci/status/949660673260314625
    ... archiving using prefix http://web.archive.org/save/
WARNING: received error ('Connection broken: IncompleteRead(0 bytes read, 512
more expected)', IncompleteRead(0 bytes read, 512 more expected)); sleeping and
trying again ...
WARNING: received error ('Connection broken: IncompleteRead(0 bytes read, 2000
more expected)', IncompleteRead(0 bytes read, 2000 more expected)); sleeping and
 trying again ...
WARNING: received error ('Connection broken: IncompleteRead(0 bytes read, 512
more expected)', IncompleteRead(0 bytes read, 512 more expected)); sleeping and
trying again ...
WARNING: received error ('Connection broken: IncompleteRead(0 bytes read, 512
more expected)', IncompleteRead(0 bytes read, 512 more expected)); sleeping and
trying again ...
WARNING: received error ('Connection broken: IncompleteRead(0 bytes read, 660
more expected)', IncompleteRead(0 bytes read, 660 more expected)); sleeping and
trying again ...
WARNING: received error ('Connection broken: IncompleteRead(0 bytes read, 512
more expected)', IncompleteRead(0 bytes read, 512 more expected)); sleeping and
trying again ...
WARNING: received error ('Connection broken: IncompleteRead(0 bytes read, 512
more expected)', IncompleteRead(0 bytes read, 512 more expected)); sleeping and
trying again ...
WARNING: received error ('Connection broken: IncompleteRead(0 bytes read, 512
more expected)', IncompleteRead(0 bytes read, 512 more expected)); sleeping and
trying again ...
WARNING: received error ('Connection broken: IncompleteRead(0 bytes read, 512
more expected)', IncompleteRead(0 bytes read, 512 more expected)); sleeping and
trying again ...
WARNING: received error ('Connection broken: IncompleteRead(0 bytes read, 512
more expected)', IncompleteRead(0 bytes read, 512 more expected)); sleeping and
trying again ...
WARNING: received error ('Connection broken: IncompleteRead(0 bytes read, 512
more expected)', IncompleteRead(0 bytes read, 512 more expected)); sleeping and
trying again ...


New tweet from Scaramucci: Thanks honey https://t.co/WrXOlnUSaF

archiving URL http://twitter.com/Scaramucci/status/949666546833600512
    ... archiving using prefix http://web.archive.org/save/
INFO: handling a deletion for data:

{'delete': {'status': {'id':
949660673260314625,
                       'id_str': '949660673260314625',

                       'user_id': 24578794,
'user_id_str': '24578794'},
            'timestamp_ms': '1515253145339'}}
INFO: successfully dumped raw data to JSON file
INFO: We're handling a deletion notification for tweet ID# 949660673260314625 on
 account Scaramucci
INFO: get_archived_tweet() called to get tweet ID 949660673260314625 for account
 Scaramucci
ERROR: unable to read line "['=======']" because: need more than 1 value to
unpack.
INFO: found a tweet!
http://web.archive.org/*/http://twitter.com/Scaramucci/status/949660673260314625
	RT @ScaramucciPost: Who else wants to fight the Opioid Epidemic? Answer and
retweet. Let's make this the most retweeted tweet ever. https:/…
... adding to list of deleted tweets
... added
... but we're not going to tweet about it because Scaramucci is not in the list
of accounts we tweet about
WARNING: received error ('Connection broken: IncompleteRead(0 bytes read, 3038
more expected)', IncompleteRead(0 bytes read, 3038 more expected)); sleeping and
 trying again ...

archiving URL https://twitter.com/Scaramucci/status/949666546833600512
    ... archiving using prefix http://web.archive.org/save/
WARNING: received error ('Connection broken: IncompleteRead(0 bytes read, 512
more expected)', IncompleteRead(0 bytes read, 512 more expected)); sleeping and
trying again ...
WARNING: received error ('Connection broken: IncompleteRead(0 bytes read, 512
more expected)', IncompleteRead(0 bytes read, 512 more expected)); sleeping and
trying again ...
WARNING: received error ('Connection broken: IncompleteRead(0 bytes read, 2000
more expected)', IncompleteRead(0 bytes read, 2000 more expected)); sleeping and
 trying again ...
WARNING: received error ('Connection broken: IncompleteRead(0 bytes read, 512
more expected)', IncompleteRead(0 bytes read, 512 more expected)); sleeping and
trying again ...
WARNING: received error HTTPSConnectionPool(host='stream.twitter.com',
port=443): Read timed out.; sleeping and trying again ...


New tweet from AshLeeStrong: RT @AP_Politics: Your paycheck may be going up
soon because of tax cuts: https://t.co/zUQESAV910

archiving URL http://twitter.com/AshLeeStrong/status/949678233355800576
    ... archiving using prefix http://web.archive.org/save/

archiving URL https://twitter.com/AshLeeStrong/status/949678233355800576
    ... archiving using prefix http://web.archive.org/save/


New tweet from WhiteHouse: RT @WhiteHouseCEA: Those who posit that “crowding
out” will dampen the growth effect of the tax legislation would do well to
consult the li…

archiving URL http://twitter.com/WhiteHouse/status/949682616961204227
    ... archiving using prefix http://web.archive.org/save/

archiving URL https://twitter.com/WhiteHouse/status/949682616961204227
    ... archiving using prefix http://web.archive.org/save/


New tweet from SpeakerRyan: RT @RepDLamborn: Here’s why we need to rebuild our
 military and how Congress and the White House are unified in their commitment
to see thi…

archiving URL http://twitter.com/SpeakerRyan/status/949686618264350726
    ... archiving using prefix http://web.archive.org/save/

archiving URL https://twitter.com/SpeakerRyan/status/949686618264350726
    ... archiving using prefix http://web.archive.org/save/


New tweet from PressSec: "Last year would be a tough year to top...2017 most
consequential year since I've been here" @SenateMajLdr said at…
https://t.co/D31LhPJEAH

archiving URL http://twitter.com/PressSec/status/949688117858095104
    ... archiving using prefix http://web.archive.org/save/

archiving URL https://twitter.com/PressSec/status/949688117858095104
    ... archiving using prefix http://web.archive.org/save/


New tweet from PressSec: "Very productive conversation about how we go forward
 in 2018...make sure everyone enjoys economic opportunity"…
https://t.co/4JIM4Bz2PN

archiving URL http://twitter.com/PressSec/status/949688776237965313
    ... archiving using prefix http://web.archive.org/save/

archiving URL https://twitter.com/PressSec/status/949688776237965313
    ... archiving using prefix http://web.archive.org/save/


New tweet from WhiteHouse: RT @PressSec: "Last year would be a tough year to
top...2017 most consequential year since I've been here" @SenateMajLdr said at
#CampDavid…

archiving URL http://twitter.com/WhiteHouse/status/949688840930889730
    ... archiving using prefix http://web.archive.org/save/

archiving URL https://twitter.com/WhiteHouse/status/949688840930889730
    ... archiving using prefix http://web.archive.org/save/


New tweet from KellyannePolls: Here at #CampDavid presser 

.@SenateMajLdr
says 2017 was the most consequential year in the 30+ years he's been in…
https://t.co/Mb0tRFDlen

archiving URL http://twitter.com/KellyannePolls/status/949691354032066560
    ... archiving using prefix http://web.archive.org/save/

archiving URL https://twitter.com/KellyannePolls/status/949691354032066560
    ... archiving using prefix http://web.archive.org/save/
WARNING: received error ('Connection broken: IncompleteRead(0 bytes read, 4048
more expected)', IncompleteRead(0 bytes read, 4048 more expected)); sleeping and
 trying again ...
WARNING: received error ('Connection broken: IncompleteRead(0 bytes read, 512
more expected)', IncompleteRead(0 bytes read, 512 more expected)); sleeping and
trying again ...
WARNING: received error ('Connection broken: IncompleteRead(0 bytes read, 512
more expected)', IncompleteRead(0 bytes read, 512 more expected)); sleeping and
trying again ...


New tweet from SpeakerRyan: RT @RepPeteOlson: We must restore our military
readiness! https://t.co/bH1wK6c3wX

archiving URL http://twitter.com/SpeakerRyan/status/949693360473853952
    ... archiving using prefix http://web.archive.org/save/

archiving URL https://twitter.com/SpeakerRyan/status/949693360473853952
    ... archiving using prefix http://web.archive.org/save/
WARNING: received error ('Connection broken: IncompleteRead(0 bytes read, 512
more expected)', IncompleteRead(0 bytes read, 512 more expected)); sleeping and
trying again ...
WARNING: received error ('Connection broken: IncompleteRead(0 bytes read, 512
more expected)', IncompleteRead(0 bytes read, 512 more expected)); sleeping and
trying again ...
WARNING: received error ('Connection broken: IncompleteRead(0 bytes read, 512
more expected)', IncompleteRead(0 bytes read, 512 more expected)); sleeping and
trying again ...
WARNING: received error ('Connection broken: IncompleteRead(0 bytes read, 512
more expected)', IncompleteRead(0 bytes read, 512 more expected)); sleeping and
trying again ...
WARNING: received error ('Connection broken: IncompleteRead(0 bytes read, 2000
more expected)', IncompleteRead(0 bytes read, 2000 more expected)); sleeping and
 trying again ...


New tweet from WhiteHouse: Which President established Camp David? Find out
here: https://t.co/Edntr1wrsx https://t.co/f1yd5Ipns4

archiving URL http://twitter.com/WhiteHouse/status/949697582082781185
    ... archiving using prefix http://web.archive.org/save/

archiving URL https://twitter.com/WhiteHouse/status/949697582082781185
    ... archiving using prefix http://web.archive.org/save/
WARNING: received error ('Connection broken: IncompleteRead(0 bytes read, 512
more expected)', IncompleteRead(0 bytes read, 512 more expected)); sleeping and
trying again ...
WARNING: received error ('Connection broken: IncompleteRead(0 bytes read, 512
more expected)', IncompleteRead(0 bytes read, 512 more expected)); sleeping and
trying again ...
WARNING: received error ('Connection broken: IncompleteRead(0 bytes read, 512
more expected)', IncompleteRead(0 bytes read, 512 more expected)); sleeping and
trying again ...


New tweet from VP: .@POTUS' policies have been achieving extraordinary
results.

✓ Nearly two million jobs created 
✓ Unemployment at…
https://t.co/fGelrwzx95

archiving URL http://twitter.com/VP/status/949700019514470400
    ... archiving using prefix http://web.archive.org/save/

archiving URL https://twitter.com/VP/status/949700019514470400
    ... archiving using prefix http://web.archive.org/save/
WARNING: received error HTTPSConnectionPool(host='stream.twitter.com',
port=443): Read timed out.; sleeping and trying again ...
WARNING: received error ('Connection broken: IncompleteRead(0 bytes read, 510
more expected)', IncompleteRead(0 bytes read, 510 more expected)); sleeping and
trying again ...


New tweet from SpeakerRyan: RT @FoxNews: .@SpeakerRyan: "We have a very bold
agenda for 2018." https://t.co/zmCz6UOJ03

archiving URL http://twitter.com/SpeakerRyan/status/949709118704619520
    ... archiving using prefix http://web.archive.org/save/

archiving URL https://twitter.com/SpeakerRyan/status/949709118704619520
    ... archiving using prefix http://web.archive.org/save/


New tweet from VP: Under @POTUS, 2017 was a year of extraordinary
accomplishment:
✓ Rebuilding military
✓ Regulatory reform
✓ Appointm…
https://t.co/PTd7ndBiLN

archiving URL http://twitter.com/VP/status/949710194854060033
    ... archiving using prefix http://web.archive.org/save/

archiving URL https://twitter.com/VP/status/949710194854060033
    ... archiving using prefix http://web.archive.org/save/


New tweet from PRyan: "This is just the start of companies handing out
bonuses, raising wages and increasing spending" https://t.co/XKmfYdieZ8

archiving URL http://twitter.com/PRyan/status/949710658462875648
    ... archiving using prefix http://web.archive.org/save/

archiving URL https://twitter.com/PRyan/status/949710658462875648
    ... archiving using prefix http://web.archive.org/save/


New tweet from Scaramucci: RT @FoxNews: TOMORROW on @MediaBuzzFNC,
@HowardKurtz interviews @Scaramucci - Tune in at 11a ET on Fox News Channel!
https://t.co/JV0ji3uyi4

archiving URL http://twitter.com/Scaramucci/status/949715601169272832
    ... archiving using prefix http://web.archive.org/save/

archiving URL https://twitter.com/Scaramucci/status/949715601169272832
    ... archiving using prefix http://web.archive.org/save/


New tweet from SpeakerRyan: RT @taxreformer: ONE MILLION Americans (and
counting) will receive tax reform bonuses https://t.co/mW3imiv1F1

archiving URL http://twitter.com/SpeakerRyan/status/949719191849979904
    ... archiving using prefix http://web.archive.org/save/

archiving URL https://twitter.com/SpeakerRyan/status/949719191849979904
    ... archiving using prefix http://web.archive.org/save/


New tweet from AshLeeStrong: @byrdinator Just got my eyes dilated. Afraid I
can’t see, can’t comment. Sorry. ;)

archiving URL http://twitter.com/AshLeeStrong/status/949725135937900544
    ... archiving using prefix http://web.archive.org/save/


New tweet from SpeakerRyan: RT @HouseGOP: RT if you’re excited to have a fair
and simple tax code. One that works in your favor and not against. #2059more
https://t.co…

archiving URL http://twitter.com/SpeakerRyan/status/949725179894226945
    ... archiving using prefix http://web.archive.org/save/

archiving URL https://twitter.com/AshLeeStrong/status/949725135937900544
    ... archiving using prefix http://web.archive.org/save/

archiving URL https://twitter.com/SpeakerRyan/status/949725179894226945
    ... archiving using prefix http://web.archive.org/save/


New tweet from SpeakerRyan: Thank you to all of America’s police and first
responders who are braving the cold and serving our communities. We…
https://t.co/Rgn9MTuEAk

archiving URL http://twitter.com/SpeakerRyan/status/949736706235928577
    ... archiving using prefix http://web.archive.org/save/

archiving URL https://twitter.com/SpeakerRyan/status/949736706235928577
    ... archiving using prefix http://web.archive.org/save/


New tweet from Scaramucci: I think this will happen of the @TheDemocrats want
it. https://t.co/xvTYxEvr9X

archiving URL http://twitter.com/Scaramucci/status/949742097950740480
    ... archiving using prefix http://web.archive.org/save/

archiving URL https://twitter.com/Scaramucci/status/949742097950740480
    ... archiving using prefix http://web.archive.org/save/


New tweet from Scaramucci: Why mess with perfection? https://t.co/U3Kru1qpFp

archiving URL http://twitter.com/Scaramucci/status/949742992167927808
    ... archiving using prefix http://web.archive.org/save/

archiving URL https://twitter.com/Scaramucci/status/949742992167927808
    ... archiving using prefix http://web.archive.org/save/
WARNING: received error ('Connection broken: IncompleteRead(0 bytes read, 512
more expected)', IncompleteRead(0 bytes read, 512 more expected)); sleeping and
trying again ...


New tweet from WhiteHouse: Today at Camp David, there was birthday cake served
 at lunch! Happy birthday, @BetsyDeVosEd! https://t.co/ViWcY4cg9G

archiving URL http://twitter.com/WhiteHouse/status/949746174755516416
    ... archiving using prefix http://web.archive.org/save/

archiving URL https://twitter.com/WhiteHouse/status/949746174755516416
    ... archiving using prefix http://web.archive.org/save/


New tweet from AshLeeStrong: RT @SpeakerRyan: Thank you to all of America’s
police and first responders who are braving the cold and serving our
communities. We appreci…

archiving URL http://twitter.com/AshLeeStrong/status/949750444280221696
    ... archiving using prefix http://web.archive.org/save/

archiving URL https://twitter.com/AshLeeStrong/status/949750444280221696
    ... archiving using prefix http://web.archive.org/save/


New tweet from KellyannePolls: RT @DonaldJTrumpJr: South Point owner giving
employees $1M thanks to President Trump and the New Tax Plan #NV #Nevada
https://t.co/ldVd2xYB…

archiving URL http://twitter.com/KellyannePolls/status/949759569185648640
    ... archiving using prefix http://web.archive.org/save/

archiving URL https://twitter.com/KellyannePolls/status/949759569185648640
    ... archiving using prefix http://web.archive.org/save/


New tweet from Scaramucci: Complete and total.  @michaeleolfnyc is a liar and
doesn’t check facts. https://t.co/oWZlHCZIeS

archiving URL http://twitter.com/Scaramucci/status/949760656953225216
    ... archiving using prefix http://web.archive.org/save/

archiving URL https://twitter.com/Scaramucci/status/949760656953225216
    ... archiving using prefix http://web.archive.org/save/


New tweet from Scaramucci: RT @GeraldoRivera: @MichaelWolffNYC says "100% of
the people around @POTUS "senior advisers, family members, every single one of
them, ques…

archiving URL http://twitter.com/Scaramucci/status/949760674456113158
    ... archiving using prefix http://web.archive.org/save/

archiving URL https://twitter.com/Scaramucci/status/949760674456113158
    ... archiving using prefix http://web.archive.org/save/
WARNING: received error ('Connection broken: IncompleteRead(0 bytes read, 512
more expected)', IncompleteRead(0 bytes read, 512 more expected)); sleeping and
trying again ...
INFO: handling a deletion for data:

{'delete': {'status': {'id':
949742992167927808,
                       'id_str': '949742992167927808',

                       'user_id': 24578794,
'user_id_str': '24578794'},
            'timestamp_ms': '1515277146734'}}
INFO: successfully dumped raw data to JSON file
INFO: We're handling a deletion notification for tweet ID# 949742992167927808 on
 account Scaramucci
INFO: get_archived_tweet() called to get tweet ID 949742992167927808 for account
 Scaramucci
ERROR: unable to read line "['=======']" because: need more than 1 value to
unpack.
INFO: found a tweet!
http://web.archive.org/*/http://twitter.com/Scaramucci/status/949742992167927808
	Why mess with perfection? https://t.co/U3Kru1qpFp
... adding to list of deleted tweets
... added
... but we're not going to tweet about it because Scaramucci is not in the list
of accounts we tweet about
INFO: handling a deletion for data:

{'delete': {'status': {'id':
949760656953225216,
                       'id_str': '949760656953225216',

                       'user_id': 24578794,
'user_id_str': '24578794'},
            'timestamp_ms': '1515277174878'}}
INFO: successfully dumped raw data to JSON file
INFO: We're handling a deletion notification for tweet ID# 949760656953225216 on
 account Scaramucci
INFO: get_archived_tweet() called to get tweet ID 949760656953225216 for account
 Scaramucci
ERROR: unable to read line "['=======']" because: need more than 1 value to
unpack.
INFO: found a tweet!
http://web.archive.org/*/http://twitter.com/Scaramucci/status/949760656953225216
	Complete and total.  @michaeleolfnyc is a liar and doesn’t check facts.
https://t.co/oWZlHCZIeS
... adding to list of deleted tweets
... added
... but we're not going to tweet about it because Scaramucci is not in the list
of accounts we tweet about
INFO: handling a deletion for data:

{'delete': {'status': {'id':
949760674456113158,
                       'id_str': '949760674456113158',

                       'user_id': 24578794,
'user_id_str': '24578794'},
            'timestamp_ms': '1515277178900'}}
INFO: successfully dumped raw data to JSON file
INFO: We're handling a deletion notification for tweet ID# 949760674456113158 on
 account Scaramucci
INFO: get_archived_tweet() called to get tweet ID 949760674456113158 for account
 Scaramucci
ERROR: unable to read line "['=======']" because: need more than 1 value to
unpack.
INFO: found a tweet!
http://web.archive.org/*/http://twitter.com/Scaramucci/status/949760674456113158
	RT @GeraldoRivera: @MichaelWolffNYC says "100% of the people around @POTUS
"senior advisers, family members, every single one of them, ques…
... adding to list of deleted tweets
... added
... but we're not going to tweet about it because Scaramucci is not in the list
of accounts we tweet about


New tweet from Scaramucci: Complete and total nonsense. @MichaelWolffNYC is a
liar and doesn’t check facts. https://t.co/247oiF3nt9

archiving URL http://twitter.com/Scaramucci/status/949767560949575680
    ... archiving using prefix http://web.archive.org/save/

archiving URL https://twitter.com/Scaramucci/status/949767560949575680
    ... archiving using prefix http://web.archive.org/save/


New tweet from Scaramucci: RT @GeraldoRivera: @MichaelWolffNYC says "100% of
the people around @POTUS "senior advisers, family members, every single one of
them, ques…

archiving URL http://twitter.com/Scaramucci/status/949768536007856129
    ... archiving using prefix http://web.archive.org/save/

archiving URL https://twitter.com/Scaramucci/status/949768536007856129
    ... archiving using prefix http://web.archive.org/save/


New tweet from IvankaTrump: RT @HouseGOP: If you’re a parent - the child tax
credit is doubled to $2,000 to help with the cost of raising children.
https://t.co/vTnOQf…

archiving URL http://twitter.com/IvankaTrump/status/949769981566255104
    ... archiving using prefix http://web.archive.org/save/

archiving URL https://twitter.com/IvankaTrump/status/949769981566255104
    ... archiving using prefix http://web.archive.org/save/


New tweet from IvankaTrump: RT @HouseGOP: The #TaxCutsandJobsAct is pro-family
 legislation:
✔ Expands the Child Tax Credit from $1,000 to $2,000
✔ Preserves
the Child…

archiving URL http://twitter.com/IvankaTrump/status/949770048893308929
    ... archiving using prefix http://web.archive.org/save/

archiving URL https://twitter.com/IvankaTrump/status/949770048893308929
    ... archiving using prefix http://web.archive.org/save/


New tweet from VP: RT @NASA: We're saddened by the loss of astronaut John
Young, who was 87. Young flew twice to the Moon, walked on its surface &amp;
flew the fi…

archiving URL http://twitter.com/VP/status/949772432730152960
    ... archiving using prefix http://web.archive.org/save/

archiving URL https://twitter.com/VP/status/949772432730152960
    ... archiving using prefix http://web.archive.org/save/


New tweet from IvankaTrump: Happy birthday to my amazing brother @EricTrump. I
 love you very much &amp; hope that this year will be your best turn…
https://t.co/rkWS0LcF1O

archiving URL http://twitter.com/IvankaTrump/status/949776315196018688
    ... archiving using prefix http://web.archive.org/save/

archiving URL https://twitter.com/IvankaTrump/status/949776315196018688
    ... archiving using prefix http://web.archive.org/save/


New tweet from seanspicer: Seems facts didn’t matter to @CNN ‘s @brianstelter
when he rushed to denounce @gop @RNCResearch piece on the sloppy…
https://t.co/XTfjFrtm0R

archiving URL http://twitter.com/seanspicer/status/949798065984163840
    ... archiving using prefix http://web.archive.org/save/

archiving URL https://twitter.com/seanspicer/status/949798065984163840
    ... archiving using prefix http://web.archive.org/save/
WARNING: received error HTTPSConnectionPool(host='stream.twitter.com',
port=443): Read timed out.; sleeping and trying again ...
WARNING: received error ('Connection broken: IncompleteRead(0 bytes read, 512
more expected)', IncompleteRead(0 bytes read, 512 more expected)); sleeping and
trying again ...
WARNING: received error ('Connection broken: IncompleteRead(0 bytes read, 512
more expected)', IncompleteRead(0 bytes read, 512 more expected)); sleeping and
trying again ...
WARNING: received error ('Connection broken: IncompleteRead(0 bytes read, 512
more expected)', IncompleteRead(0 bytes read, 512 more expected)); sleeping and
trying again ...


New tweet from seanspicer: Thank you.  Deal https://t.co/cOGfUR5JRg

archiving URL http://twitter.com/seanspicer/status/949811711963525122
    ... archiving using prefix http://web.archive.org/save/

archiving URL https://twitter.com/seanspicer/status/949811711963525122
    ... archiving using prefix http://web.archive.org/save/
WARNING: received error ('Connection broken: IncompleteRead(0 bytes read, 3407
more expected)', IncompleteRead(0 bytes read, 3407 more expected)); sleeping and
 trying again ...
WARNING: received error ('Connection broken: IncompleteRead(0 bytes read, 512
more expected)', IncompleteRead(0 bytes read, 512 more expected)); sleeping and
trying again ...
WARNING: received error ('Connection broken: IncompleteRead(0 bytes read, 512
more expected)', IncompleteRead(0 bytes read, 512 more expected)); sleeping and
trying again ...
WARNING: received error ('Connection broken: IncompleteRead(0 bytes read, 512
more expected)', IncompleteRead(0 bytes read, 512 more expected)); sleeping and
trying again ...


New tweet from PressSec: Great weekend at Camp David. After big wins on tax
cuts, ObamaCare mandate repeal, and conservative judges, the Pre…
https://t.co/zVj0f6WGwC

archiving URL http://twitter.com/PressSec/status/949820792505806848
    ... archiving using prefix http://web.archive.org/save/

archiving URL https://twitter.com/PressSec/status/949820792505806848
    ... archiving using prefix http://web.archive.org/save/


New tweet from JessicaDitto45: RT @PressSec: Great weekend at Camp David.
After big wins on tax cuts, ObamaCare mandate repeal, and conservative judges,
the President and…

archiving URL http://twitter.com/JessicaDitto45/status/949825280318869507
    ... archiving using prefix http://web.archive.org/save/


New tweet from JessicaDitto45: RT @PressSec: "Last year would be a tough year
to top...2017 most consequential year since I've been here" @SenateMajLdr said
at #CampDavid…

archiving URL http://twitter.com/JessicaDitto45/status/949825395242815489
    ... archiving using prefix http://web.archive.org/save/

archiving URL https://twitter.com/JessicaDitto45/status/949825280318869507
    ... archiving using prefix http://web.archive.org/save/

archiving URL https://twitter.com/JessicaDitto45/status/949825395242815489
    ... archiving using prefix http://web.archive.org/save/
WARNING: received error ('Connection broken: IncompleteRead(0 bytes read, 2000
more expected)', IncompleteRead(0 bytes read, 2000 more expected)); sleeping and
 trying again ...
WARNING: received error ('Connection broken: IncompleteRead(0 bytes read, 976
more expected)', IncompleteRead(0 bytes read, 976 more expected)); sleeping and
trying again ...
WARNING: received error ('Connection broken: IncompleteRead(0 bytes read, 512
more expected)', IncompleteRead(0 bytes read, 512 more expected)); sleeping and
trying again ...
