Hello, traveler. This is the beginning of a log file called: "Fascist Tweet Archiver".
Some basic system info about the host machine: posix.uname_result(sysname='Linux', nodename='file-server', release='3.16.0-4-686-pae', version='#1 SMP Debian 3.16.51-3 (2017-12-13)', machine='i686')
This log was begun Friday, 26 January 2018 at 09:43



INFO: read target account data; we're tracking 52 accounts
WARNING: no ProtocolError (got exception "name 'ProtocolError' is not defined");
 trying requests.packages.urllib3.exceptions instead
NOTE: successfully imported from requests
Starting up...
about to get all tweets newer than ID #956880206786191361 for account
@TomBossert45
ERROR: unable to get tweets for account @TomBossert45
           the system said: Failed to parse JSON payload: Unterminated string
starting at: line 1 column 505990 (char 505989)
about to get all tweets newer than ID #956927766317985792 for account
@SecondLady
about to get all tweets newer than ID #956926329026355200 for account
@SecretaryZinke
about to get all tweets newer than ID #898632795517403136 for account
@GeneralJFKellly
ERROR: unable to get tweets for account @GeneralJFKellly
           the system said: Not authorized.
about to get all tweets newer than ID #956564586529984512 for account
@StephGrisham45
about to get all tweets newer than ID #956891727343661056 for account @PRyan
ERROR: unable to get tweets for account @PRyan
           the system said: Failed to parse JSON payload: Unterminated string
starting at: line 1 column 508876 (char 508875)
about to get all tweets newer than ID #956881083877994496 for account
@JessicaDitto45
ERROR: unable to get tweets for account @JessicaDitto45
           the system said: Failed to parse JSON payload: Expecting property
name enclosed in double quotes: line 1 column 508899 (char 508898)
about to get all tweets newer than ID #956633220900061184 for account
@SecShulkin
getting all tweets before ID #929369081421197313
    ...400 tweets downloaded so far


New tweet from SecShulkin: Learn more about the #PITCount and our efforts at
@DeptVetAffairs to better understand #Veteran homelessness…
https://t.co/Ag95z02cAB

archiving URL http://twitter.com/SecShulkin/status/956915646381608960
    ... archiving using prefix http://web.archive.org/save/
about to get all tweets newer than ID #956893071463075841 for account
@seanspicer

archiving URL https://twitter.com/SecShulkin/status/956915646381608960
    ... archiving using prefix http://web.archive.org/save/
about to get all tweets newer than ID #956787069317189632 for account
@AshLeeStrong
about to get all tweets newer than ID #913881045652688901 for account
@SecPriceMD
about to get all tweets newer than ID #956608918033231872 for account
@SecretaryCarson
about to get all tweets newer than ID #956570871912681478 for account @SBALinda
about to get all tweets newer than ID #956131391955197952 for account
@KellyannePolls
about to get all tweets newer than ID #956687732939599872 for account
@RealBenCarson
about to get all tweets newer than ID #830074939298414592 for account
@RepTomPrice
about to get all tweets newer than ID #956819295526313984 for account
@stevenmnuchin1
ERROR: unable to get tweets for account @stevenmnuchin1
           the system said: Failed to parse JSON payload: Unterminated string
starting at: line 1 column 501162 (char 501161)
about to get all tweets newer than ID #-1 for account @ElaineChao
about to get all tweets newer than ID #954801265732661248 for account
@MELANIATRUMP
ERROR: unable to get tweets for account @MELANIATRUMP
           the system said: Failed to parse JSON payload: Unterminated string
starting at: line 1 column 503101 (char 503100)
about to get all tweets newer than ID #956564285274181633 for account @FLOTUS
ERROR: unable to get tweets for account @FLOTUS
           the system said: Failed to parse JSON payload: Unterminated string
starting at: line 1 column 279041 (char 279040)
about to get all tweets newer than ID #856041462164836355 for account
@FirstLadyIN
about to get all tweets newer than ID #956905287704772608 for account
@BetsyDeVosED
about to get all tweets newer than ID #954518400298045441 for account
@SecretaryAcosta
getting all tweets before ID #875445687567224831
    ...339 tweets downloaded so far


New tweet from SecretaryAcosta: RT @WhiteHouse: "America is roaring back and
now is the time to invest in the future of America." #WEF18

archiving URL http://twitter.com/SecretaryAcosta/status/956917317216165888
    ... archiving using prefix http://web.archive.org/save/
about to get all tweets newer than ID #832282841471918080 for account
@BetsyDeVos
about to get all tweets newer than ID #956609852926816256 for account
@nikkihaley

archiving URL https://twitter.com/SecretaryAcosta/status/956917317216165888
    ... archiving using prefix http://web.archive.org/save/
about to get all tweets newer than ID #816290296048873472 for account
@WilburRoss
about to get all tweets newer than ID #956892248184107008 for account
@SecretarySonny
about to get all tweets newer than ID #816846808789958656 for account
@SenDanCoats
about to get all tweets newer than ID #956926200382967808 for account @VP
about to get all tweets newer than ID #956282530315096064 for account
@EPAScottPruitt
about to get all tweets newer than ID #955634336887332864 for account
@MickMulvaneyOMB
about to get all tweets newer than ID #955492025830387714 for account @Reince
about to get all tweets newer than ID #890659905798983680 for account @Reince45
about to get all tweets newer than ID #956873004776116225 for account
@realDonaldTrump
about to get all tweets newer than ID #956890142370947074 for account
@Scaramucci
about to get all tweets newer than ID #956906104901992448 for account
@IvankaTrump
about to get all tweets newer than ID #954948632666693632 for account
@DanScavino
about to get all tweets newer than ID #956921842891149312 for account @PressSec
about to get all tweets newer than ID #956904745876230146 for account
@SpeakerRyan
getting all tweets before ID #950895930403971071
    ...400 tweets downloaded so far


New tweet from SpeakerRyan: The good news keeps on coming→ Wisconsin-based
American Family Insurance is expanding employee benefits, raising wa…
https://t.co/kceos6EqGD

archiving URL http://twitter.com/SpeakerRyan/status/956933187107807234
    ... archiving using prefix http://web.archive.org/save/
about to get all tweets newer than ID #953073831534612480 for account
@SecretaryRoss

archiving URL https://twitter.com/SpeakerRyan/status/956933187107807234
    ... archiving using prefix http://web.archive.org/save/
about to get all tweets newer than ID #903694300306923521 for account
@SecElaineChao
about to get all tweets newer than ID #956929997565931521 for account
@WhiteHouse
getting all tweets before ID #951181613613944834
    ...400 tweets downloaded so far


New tweet from WhiteHouse: Thank you, Mr. President, for making America
confident again. https://t.co/7UveKfHlnc

archiving URL http://twitter.com/WhiteHouse/status/956931239524515840
    ... archiving using prefix http://web.archive.org/save/
about to get all tweets newer than ID #824610180881117184 for account
@GovPenceIN

archiving URL https://twitter.com/WhiteHouse/status/956931239524515840
    ... archiving using prefix http://web.archive.org/save/


New tweet from WhiteHouse: Thank you, Mr. President, for making America
hopeful again. https://t.co/J9jhOL8ENx

archiving URL http://twitter.com/WhiteHouse/status/956932504627290112
    ... archiving using prefix http://web.archive.org/save/
ERROR: unable to get tweets for account @GovPenceIN
           the system said: Failed to parse JSON payload: Expecting ':'
delimiter: line 1 column 507764 (char 507763)
about to get all tweets newer than ID #955254388423118849 for account
@GovernorPerry

archiving URL https://twitter.com/WhiteHouse/status/956932504627290112
    ... archiving using prefix http://web.archive.org/save/
about to get all tweets newer than ID #956874545738240002 for account
@SecretaryPerry
about to get all tweets newer than ID #930982584649175047 for account
@mike_pence
about to get all tweets newer than ID #-1 for account @jaredkushner
about to get all tweets newer than ID #956542310531129347 for account
@IvankaTrumpHQ
getting all tweets before ID #860554697744175108
    ...400 tweets downloaded so far


New tweet from IvankaTrumpHQ: We can't get enough of these convertible jewelry
 styles: https://t.co/SU0WTukvUP https://t.co/sTyZz8bCio

archiving URL http://twitter.com/IvankaTrumpHQ/status/956935200168177664
    ... archiving using prefix http://web.archive.org/save/
about to get all tweets newer than ID #956920587821072384 for account @Scavino45

archiving URL https://twitter.com/IvankaTrumpHQ/status/956935200168177664
    ... archiving using prefix http://web.archive.org/save/
ERROR: unable to get tweets for account @Scavino45
           the system said: Failed to parse JSON payload: Unterminated string
starting at: line 1 column 503090 (char 503089)
about to get all tweets newer than ID #898401955847876608 for account
@Linda_McMahon
ERROR: unable to get tweets for account @Linda_McMahon
           the system said: Failed to parse JSON payload: Expecting ':'
delimiter: line 1 column 509332 (char 509331)
about to get all tweets newer than ID #836780744810844161 for account
@StephenMillerAL
about to get all tweets newer than ID #956898944881254400 for account @POTUS
ERROR: unable to get tweets for account @POTUS
           the system said: Failed to parse JSON payload: Expecting property
name enclosed in double quotes: line 1 column 779675 (char 779674)
... OK, we're set up, and about to watch 866746592853979137, 822127086194348032,
 827258161841135623, 892173412818354177, 823638938590085124, 733751245,
836724024688410625, 831482588246196225, 20776147, 296060169, 829782369670410240,
 828613457020870657, 819992522109894658, 471672239, 1180379185, 6577802,
799764016885329921, 105267762, 108471631, 818876014390603776, 1923451808,
828997388920619008, 819980276570976256, 599530439, 37666984, 809836066316451840,
 842072478834909184, 212262370, 818910970567344128, 832672006113931269,
888031054141022209, 20733972, 803703725730779136, 25073877, 24578794, 52544275,
620571475, 818927131883356161, 18916432, 836305915452272641, 826065858548133888,
 822215673812119553, 15985455, 18906561, 830128820447539208, 22203756, 29547260,
 798195585824104449, 823367015830323201, 65522706, 728361177986797568,
822215679726100480


New tweet from realDonaldTrump: Heading back from a very exciting two days in
Davos, Switzerland. Speech on America’s economic revival was well rec…
https://t.co/JbNNrNVH9z

archiving URL http://twitter.com/realDonaldTrump/status/956937916374138880
    ... archiving using prefix http://web.archive.org/save/

archiving URL https://twitter.com/realDonaldTrump/status/956937916374138880
    ... archiving using prefix http://web.archive.org/save/
WARNING: received error ('Connection broken: IncompleteRead(0 bytes read, 2 more
 expected)', IncompleteRead(0 bytes read, 2 more expected)); sleeping and trying
 again ...
