Hello, traveler. This is the beginning of a log file called: "Fascist Tweet Archiver".
Some basic system info about the host machine: posix.uname_result(sysname='Linux', nodename='file-server', release='3.16.0-5-686-pae', version='#1 SMP Debian 3.16.51-3+deb8u1 (2018-01-08)', machine='i686')
This log was begun Saturday, 27 January 2018 at 07:28



INFO: read target account data; we're tracking 52 accounts
WARNING: no ProtocolError (got exception "name 'ProtocolError' is not defined");
 trying requests.packages.urllib3.exceptions instead
NOTE: successfully imported from requests
Starting up...
about to get all tweets newer than ID #-1 for account @ElaineChao
about to get all tweets newer than ID #957237776004648960 for account
@SpeakerRyan
ERROR: unable to get tweets for account @SpeakerRyan
           the system said: Failed to parse JSON payload: Unterminated string
starting at: line 1 column 507447 (char 507446)
about to get all tweets newer than ID #957239349606838273 for account @VP
ERROR: unable to get tweets for account @VP
           the system said: Failed to parse JSON payload: Unterminated string
starting at: line 1 column 505957 (char 505956)
about to get all tweets newer than ID #957116770728468480 for account
@SecretaryPerry
ERROR: unable to get tweets for account @SecretaryPerry
           the system said: Failed to parse JSON payload: Unterminated string
starting at: line 1 column 505981 (char 505980)
about to get all tweets newer than ID #954801265732661248 for account
@MELANIATRUMP
about to get all tweets newer than ID #956787069317189632 for account
@AshLeeStrong
about to get all tweets newer than ID #956893071463075841 for account
@seanspicer
about to get all tweets newer than ID #-1 for account @jaredkushner
about to get all tweets newer than ID #898632795517403136 for account
@GeneralJFKellly
ERROR: unable to get tweets for account @GeneralJFKellly
           the system said: Not authorized.
about to get all tweets newer than ID #957220637705109505 for account
@realDonaldTrump
about to get all tweets newer than ID #957114147703083008 for account @Scavino45
ERROR: unable to get tweets for account @Scavino45
           the system said: Failed to parse JSON payload: Unterminated string
starting at: line 1 column 507906 (char 507905)
about to get all tweets newer than ID #957018377473724418 for account
@JessicaDitto45
getting all tweets before ID #943478005728514047
    ...400 tweets downloaded so far


New tweet from JessicaDitto45: RT @realDonaldTrump: Thank you to Brandon Judd
of the National Border Patrol Council for his strong statement on @foxandfriends
 that we ver…

archiving URL http://twitter.com/JessicaDitto45/status/957240047568392193
    ... archiving using prefix http://web.archive.org/save/
about to get all tweets newer than ID #930982584649175047 for account
@mike_pence

archiving URL https://twitter.com/JessicaDitto45/status/957240047568392193
    ... archiving using prefix http://web.archive.org/save/
ERROR: unable to get tweets for account @mike_pence
           the system said: Failed to parse JSON payload: Unterminated string
starting at: line 1 column 507906 (char 507905)
about to get all tweets newer than ID #956892248184107008 for account
@SecretarySonny
ERROR: unable to get tweets for account @SecretarySonny
           the system said: Failed to parse JSON payload: Unterminated string
starting at: line 1 column 510326 (char 510325)
about to get all tweets newer than ID #903694300306923521 for account
@SecElaineChao
about to get all tweets newer than ID #956950649337507841 for account
@SecShulkin


New tweet from JessicaDitto45: RT @Scavino45: ICYMI - President
@realDonaldTrump at #WEF18 in Davos, Switzerland.
https://t.co/VTpWLLgWqS

archiving URL http://twitter.com/JessicaDitto45/status/957240104195674112
    ... archiving using prefix http://web.archive.org/save/

archiving URL https://twitter.com/JessicaDitto45/status/957240104195674112
    ... archiving using prefix http://web.archive.org/save/
about to get all tweets newer than ID #836780744810844161 for account
@StephenMillerAL
about to get all tweets newer than ID #956564285274181633 for account @FLOTUS
about to get all tweets newer than ID #955254388423118849 for account
@GovernorPerry
ERROR: unable to get tweets for account @GovernorPerry
           the system said: Failed to parse JSON payload: Unterminated string
starting at: line 1 column 508894 (char 508893)
about to get all tweets newer than ID #957047737278713856 for account
@nikkihaley
ERROR: unable to get tweets for account @nikkihaley
           the system said: Failed to parse JSON payload: Unterminated string
starting at: line 1 column 508385 (char 508384)
about to get all tweets newer than ID #832282841471918080 for account
@BetsyDeVos
about to get all tweets newer than ID #816290296048873472 for account
@WilburRoss
about to get all tweets newer than ID #954948632666693632 for account
@DanScavino
about to get all tweets newer than ID #898401955847876608 for account
@Linda_McMahon
about to get all tweets newer than ID #956608918033231872 for account
@SecretaryCarson
about to get all tweets newer than ID #957018058228367360 for account
@IvankaTrump
about to get all tweets newer than ID #956819295526313984 for account
@stevenmnuchin1
about to get all tweets newer than ID #956994929246572544 for account
@StephGrisham45
about to get all tweets newer than ID #957014001128476672 for account
@Scaramucci
ERROR: unable to get tweets for account @Scaramucci
           the system said: Failed to send request: EOF occurred in violation of
 protocol (_ssl.c:600)
about to get all tweets newer than ID #957032455713640448 for account @POTUS
about to get all tweets newer than ID #830074939298414592 for account
@RepTomPrice
about to get all tweets newer than ID #956927766317985792 for account
@SecondLady
getting all tweets before ID #913635724674469887
    ...400 tweets downloaded so far


New tweet from SecondLady: RT @VP: A few days ago, Karen &amp; I paid our
respects at Yad Vashem to honor the 6 million Jewish martyrs of the Holocaust
who 3 years after…

archiving URL http://twitter.com/SecondLady/status/957251305705222144
about to get all tweets newer than ID #957033031184932865 for account @PressSec
    ... archiving using prefix http://web.archive.org/save/

archiving URL https://twitter.com/SecondLady/status/957251305705222144
    ... archiving using prefix http://web.archive.org/save/
getting all tweets before ID #942870008576839680
    ...400 tweets downloaded so far


New tweet from PressSec: America First Triumphs in Davos
https://t.co/a3CqpsysTW

archiving URL http://twitter.com/PressSec/status/957256996545351680
about to get all tweets newer than ID #890659905798983680 for account @Reince45
    ... archiving using prefix http://web.archive.org/save/

archiving URL https://twitter.com/PressSec/status/957256996545351680
    ... archiving using prefix http://web.archive.org/save/
about to get all tweets newer than ID #856041462164836355 for account
@FirstLadyIN
about to get all tweets newer than ID #913881045652688901 for account
@SecPriceMD
ERROR: unable to get tweets for account @SecPriceMD
           the system said: Failed to parse JSON payload: Unterminated string
starting at: line 1 column 686997 (char 686996)
about to get all tweets newer than ID #955634336887332864 for account
@MickMulvaneyOMB
about to get all tweets newer than ID #955492025830387714 for account @Reince
about to get all tweets newer than ID #956905287704772608 for account
@BetsyDeVosED
about to get all tweets newer than ID #957050606493020160 for account
@RealBenCarson
about to get all tweets newer than ID #956947615601610752 for account @SBALinda
about to get all tweets newer than ID #956917317216165888 for account
@SecretaryAcosta
about to get all tweets newer than ID #957056814847287296 for account @PRyan
ERROR: unable to get tweets for account @PRyan
           the system said: Failed to parse JSON payload: Unterminated string
starting at: line 1 column 502062 (char 502061)
about to get all tweets newer than ID #957061384939982848 for account
@EPAScottPruitt
about to get all tweets newer than ID #957048517289299968 for account
@WhiteHouse
about to get all tweets newer than ID #953073831534612480 for account
@SecretaryRoss
about to get all tweets newer than ID #957078485784084481 for account
@SecretaryZinke
about to get all tweets newer than ID #824610180881117184 for account
@GovPenceIN
ERROR: unable to get tweets for account @GovPenceIN
           the system said: Failed to parse JSON payload: Unterminated string
starting at: line 1 column 509844 (char 509843)
about to get all tweets newer than ID #956131391955197952 for account
@KellyannePolls
about to get all tweets newer than ID #956935200168177664 for account
@IvankaTrumpHQ
ERROR: unable to get tweets for account @IvankaTrumpHQ
           the system said: Failed to send request:
HTTPSConnectionPool(host='api.twitter.com', port=443): Read timed out.
about to get all tweets newer than ID #816846808789958656 for account
@SenDanCoats
ERROR: unable to get tweets for account @SenDanCoats
           the system said: Failed to parse JSON payload: Expecting ':'
delimiter: line 1 column 280908 (char 280907)
about to get all tweets newer than ID #956880206786191361 for account
@TomBossert45
... OK, we're set up, and about to watch 105267762, 18916432,
818910970567344128, 830128820447539208, 108471631, 296060169, 20776147,
29547260, 892173412818354177, 25073877, 823367015830323201, 836724024688410625,
22203756, 842072478834909184, 826065858548133888, 831482588246196225,
728361177986797568, 818876014390603776, 18906561, 37666984, 599530439,
809836066316451840, 620571475, 65522706, 828613457020870657, 52544275,
799764016885329921, 823638938590085124, 24578794, 822215679726100480, 6577802,
822127086194348032, 818927131883356161, 803703725730779136, 1923451808,
829782369670410240, 888031054141022209, 20733972, 828997388920619008,
1180379185, 819992522109894658, 819980276570976256, 733751245,
832672006113931269, 822215673812119553, 836305915452272641, 827258161841135623,
15985455, 471672239, 798195585824104449, 212262370, 866746592853979137
