Hello, traveler. This is the beginning of a log file called: "Fascist Tweet Archiver".
Some basic system info about the host machine: posix.uname_result(sysname='Linux', nodename='file-server', release='3.16.0-4-686-pae', version='#1 SMP Debian 3.16.51-3 (2017-12-13)', machine='i686')
This log was begun Sunday, 21 January 2018 at 06:20



INFO: read target account data; we're tracking 52 accounts
WARNING: no ProtocolError (got exception "name 'ProtocolError' is not defined");
 trying requests.packages.urllib3.exceptions instead
NOTE: successfully imported from requests
Starting up...
about to get all tweets newer than ID #953073831534612480 for account
@SecretaryRoss
about to get all tweets newer than ID #954809408281894912 for account
@WhiteHouse
about to get all tweets newer than ID #890659905798983680 for account @Reince45
about to get all tweets newer than ID #954049288866279425 for account
@TomBossert45
about to get all tweets newer than ID #954901356497850372 for account
@SpeakerRyan
ERROR: unable to get tweets for account @SpeakerRyan
           the system said: Failed to parse JSON payload: Unterminated string
starting at: line 1 column 506450 (char 506449)
about to get all tweets newer than ID #898401955847876608 for account
@Linda_McMahon
about to get all tweets newer than ID #954409146664783872 for account
@SecretaryCarson
about to get all tweets newer than ID #955047648779800576 for account
@SecretarySonny
about to get all tweets newer than ID #954137162827649024 for account
@BetsyDeVosED
ERROR: unable to get tweets for account @BetsyDeVosED
           the system said: Failed to parse JSON payload: Unterminated string
starting at: line 1 column 505981 (char 505980)
about to get all tweets newer than ID #954900550692278272 for account
@Scaramucci
ERROR: unable to get tweets for account @Scaramucci
           the system said: Failed to parse JSON payload: Expecting value: line
1 column 506955 (char 506954)
about to get all tweets newer than ID #824610180881117184 for account
@GovPenceIN
about to get all tweets newer than ID #816846808789958656 for account
@SenDanCoats
ERROR: unable to get tweets for account @SenDanCoats
           the system said: Failed to send request: ('Connection aborted.',
BadStatusLine("''",))
about to get all tweets newer than ID #954937452728344576 for account
@AshLeeStrong
ERROR: unable to get tweets for account @AshLeeStrong
           the system said: Failed to parse JSON payload: Unterminated string
starting at: line 1 column 503978 (char 503977)
about to get all tweets newer than ID #954824914464329730 for account
@SecondLady
about to get all tweets newer than ID #955056249925750784 for account
@realDonaldTrump
about to get all tweets newer than ID #954940538205147147 for account
@JessicaDitto45
ERROR: unable to get tweets for account @JessicaDitto45
           the system said: Failed to parse JSON payload: Expecting property
name enclosed in double quotes: line 1 column 508899 (char 508898)
about to get all tweets newer than ID #-1 for account @ElaineChao
about to get all tweets newer than ID #954370070297399297 for account
@IvankaTrump
about to get all tweets newer than ID #832282841471918080 for account
@BetsyDeVos
about to get all tweets newer than ID #954941926402330624 for account @Scavino45
about to get all tweets newer than ID #-1 for account @jaredkushner
about to get all tweets newer than ID #954810001457106947 for account
@nikkihaley
about to get all tweets newer than ID #954872953065402369 for account @PressSec
getting all tweets before ID #941813187476721663
ERROR: unable to get tweets for account @PressSec
           the system said: Failed to parse JSON payload: Unterminated string
starting at: line 1 column 503946 (char 503945)
about to get all tweets newer than ID #898632795517403136 for account
@GeneralJFKellly
ERROR: unable to get tweets for account @GeneralJFKellly
           the system said: Not authorized.
about to get all tweets newer than ID #954472012424138754 for account @SBALinda
about to get all tweets newer than ID #954435460968996864 for account
@SecretaryPerry
about to get all tweets newer than ID #930982584649175047 for account
@mike_pence
ERROR: unable to get tweets for account @mike_pence
           the system said: Failed to parse JSON payload: Expecting value: line
1 column 508898 (char 508897)
about to get all tweets newer than ID #954948632666693632 for account
@DanScavino
about to get all tweets newer than ID #903694300306923521 for account
@SecElaineChao
about to get all tweets newer than ID #836780744810844161 for account
@StephenMillerAL
about to get all tweets newer than ID #954090900921159680 for account
@stevenmnuchin1
about to get all tweets newer than ID #954847798041686016 for account
@SecretaryZinke
about to get all tweets newer than ID #954801265732661248 for account
@MELANIATRUMP
ERROR: unable to get tweets for account @MELANIATRUMP
           the system said: Failed to parse JSON payload: Expecting ':'
delimiter: line 1 column 282355 (char 282354)
about to get all tweets newer than ID #816290296048873472 for account
@WilburRoss
about to get all tweets newer than ID #830074939298414592 for account
@RepTomPrice
about to get all tweets newer than ID #954969816485515264 for account @POTUS
about to get all tweets newer than ID #954932678347886593 for account
@seanspicer
ERROR: unable to get tweets for account @seanspicer
           the system said: Failed to parse JSON payload: Expecting value: line
1 column 506793 (char 506792)
about to get all tweets newer than ID #954748876887592960 for account @FLOTUS
ERROR: unable to get tweets for account @FLOTUS
           the system said: Failed to parse JSON payload: Unterminated string
starting at: line 1 column 510758 (char 510757)
about to get all tweets newer than ID #954791992277389312 for account
@StephGrisham45
about to get all tweets newer than ID #856041462164836355 for account
@FirstLadyIN
about to get all tweets newer than ID #954518400298045441 for account
@SecretaryAcosta
ERROR: unable to get tweets for account @SecretaryAcosta
           the system said: Failed to parse JSON payload: Unterminated string
starting at: line 1 column 503690 (char 503689)
about to get all tweets newer than ID #913881045652688901 for account
@SecPriceMD
about to get all tweets newer than ID #947851229719355392 for account
@GovernorPerry
about to get all tweets newer than ID #954488719377141761 for account
@IvankaTrumpHQ
ERROR: unable to get tweets for account @IvankaTrumpHQ
           the system said: Failed to parse JSON payload: Expecting property
name enclosed in double quotes: line 1 column 505388 (char 505387)
about to get all tweets newer than ID #867385249340297217 for account
@RealBenCarson
ERROR: unable to get tweets for account @RealBenCarson
           the system said: Failed to parse JSON payload: Unterminated string
starting at: line 1 column 850502 (char 850501)
about to get all tweets newer than ID #943908455793823744 for account @Reince
about to get all tweets newer than ID #954893726077374466 for account
@KellyannePolls
ERROR: unable to get tweets for account @KellyannePolls
           the system said: Failed to parse JSON payload: Unterminated string
starting at: line 1 column 797944 (char 797943)
about to get all tweets newer than ID #954908940025913345 for account
@SecShulkin
about to get all tweets newer than ID #951506732043456512 for account
@MickMulvaneyOMB
about to get all tweets newer than ID #954858728704102401 for account @VP
getting all tweets before ID #941703871726084096
ERROR: unable to get tweets for account @VP
           the system said: Failed to parse JSON payload: Unterminated string
starting at: line 1 column 506454 (char 506453)
about to get all tweets newer than ID #954745336207159297 for account
@EPAScottPruitt
about to get all tweets newer than ID #954435817862123520 for account @PRyan
... OK, we're set up, and about to watch 836305915452272641, 822215673812119553,
 803703725730779136, 866746592853979137, 18916432, 65522706, 828613457020870657,
 842072478834909184, 828997388920619008, 24578794, 15985455, 212262370,
296060169, 822127086194348032, 25073877, 836724024688410625, 105267762,
52544275, 599530439, 823367015830323201, 29547260, 37666984, 818927131883356161,
 892173412818354177, 819992522109894658, 830128820447539208, 22203756,
620571475, 826065858548133888, 728361177986797568, 799764016885329921,
827258161841135623, 108471631, 809836066316451840, 6577802, 822215679726100480,
20776147, 818876014390603776, 823638938590085124, 1923451808,
819980276570976256, 829782369670410240, 18906561, 798195585824104449,
1180379185, 20733972, 471672239, 831482588246196225, 888031054141022209,
818910970567344128, 832672006113931269, 733751245
WARNING: received error ('Connection broken: IncompleteRead(0 bytes read, 512
more expected)', IncompleteRead(0 bytes read, 512 more expected)); sleeping and
trying again ...
WARNING: received error ('Connection broken: IncompleteRead(0 bytes read, 512
more expected)', IncompleteRead(0 bytes read, 512 more expected)); sleeping and
trying again ...
WARNING: received error ('Connection broken: IncompleteRead(0 bytes read, 512
more expected)', IncompleteRead(0 bytes read, 512 more expected)); sleeping and
trying again ...
WARNING: received error ('Connection broken: IncompleteRead(0 bytes read, 512
more expected)', IncompleteRead(0 bytes read, 512 more expected)); sleeping and
trying again ...
WARNING: received error ('Connection broken: IncompleteRead(0 bytes read, 512
more expected)', IncompleteRead(0 bytes read, 512 more expected)); sleeping and
trying again ...
