Hello, traveler. This is the beginning of a log file called: "Fascist Tweet Archiver".
Some basic system info about the host machine: posix.uname_result(sysname='Linux', nodename='file-server', release='3.16.0-5-686-pae', version='#1 SMP Debian 3.16.51-3+deb8u1 (2018-01-08)', machine='i686')
This log was begun Wednesday, 07 March 2018 at 19:30



INFO: read target account data; we're tracking 52 accounts
WARNING: no ProtocolError (got exception "name 'ProtocolError' is not defined");
 trying requests.packages.urllib3.exceptions instead
NOTE: successfully imported from requests
Starting up...
about to get all tweets newer than ID #971472323940413441 for account
@SpeakerRyan
ERROR: unable to get tweets for account @SpeakerRyan
           the system said: Failed to parse JSON payload: Unterminated string
starting at: line 1 column 601434 (char 601433)
about to get all tweets newer than ID #971458262427152384 for account
@SecretarySonny
ERROR: unable to get tweets for account @SecretarySonny
           the system said: Failed to send request: EOF occurred in violation of
 protocol (_ssl.c:600)
about to get all tweets newer than ID #816290296048873472 for account
@WilburRoss
about to get all tweets newer than ID #970769952331399170 for account @FLOTUS
about to get all tweets newer than ID #971549740788744193 for account
@seanspicer
ERROR: unable to get tweets for account @seanspicer
           the system said: Failed to parse JSON payload: Unterminated string
starting at: line 1 column 506258 (char 506257)
about to get all tweets newer than ID #971089084394491905 for account
@GovernorPerry
ERROR: unable to get tweets for account @GovernorPerry
           the system said: Failed to parse JSON payload: Unterminated string
starting at: line 1 column 508403 (char 508402)
about to get all tweets newer than ID #965231014632132610 for account
@Linda_McMahon
ERROR: unable to get tweets for account @Linda_McMahon
           the system said: Failed to send request:
HTTPSConnectionPool(host='api.twitter.com', port=443): Max retries exceeded with
 url: /1.1/statuses/user_timeline.json?screen_name=Linda_McMahon&count=200
(Caused by NewConnectionError('<requests.packages.urllib3.connection.VerifiedHTT
PSConnection object at 0xb647f0cc>: Failed to establish a new connection: [Errno
 -2] Name or service not known',))
about to get all tweets newer than ID #971454126423932929 for account
@SecretaryCarson
ERROR: unable to get tweets for account @SecretaryCarson
           the system said: Failed to send request:
HTTPSConnectionPool(host='api.twitter.com', port=443): Read timed out.
about to get all tweets newer than ID #971048788658917376 for account
@StephGrisham45
ERROR: unable to get tweets for account @StephGrisham45
           the system said: Failed to send request:
HTTPSConnectionPool(host='api.twitter.com', port=443): Max retries exceeded with
 url: /1.1/statuses/user_timeline.json?screen_name=StephGrisham45&count=200
(Caused by NewConnectionError('<requests.packages.urllib3.connection.VerifiedHTT
PSConnection object at 0xb668a9ac>: Failed to establish a new connection: [Errno
 -2] Name or service not known',))
about to get all tweets newer than ID #969335710590423040 for account
@JessicaDitto45
ERROR: unable to get tweets for account @JessicaDitto45
           the system said: Failed to send request:
HTTPSConnectionPool(host='api.twitter.com', port=443): Read timed out.
about to get all tweets newer than ID #971357948986515456 for account
@RealBenCarson
ERROR: unable to get tweets for account @RealBenCarson
           the system said: Failed to send request:
HTTPSConnectionPool(host='api.twitter.com', port=443): Max retries exceeded with
 url: /1.1/statuses/user_timeline.json?screen_name=RealBenCarson&count=200
(Caused by NewConnectionError('<requests.packages.urllib3.connection.VerifiedHTT
PSConnection object at 0xb6756c0c>: Failed to establish a new connection: [Errno
 -2] Name or service not known',))
about to get all tweets newer than ID #971210326711582720 for account
@mike_pence
ERROR: unable to get tweets for account @mike_pence
           the system said: Failed to send request: ('Connection aborted.',
BadStatusLine("''",))
about to get all tweets newer than ID #971387816453312512 for account
@SecretaryAcosta
about to get all tweets newer than ID #971548311726551043 for account
@WhiteHouse
about to get all tweets newer than ID #971400326690504709 for account
@IvankaTrumpHQ
about to get all tweets newer than ID #-1 for account @ElaineChao
about to get all tweets newer than ID #971507228967567367 for account
@SecondLady
about to get all tweets newer than ID #970003576784375809 for account @PRyan
ERROR: unable to get tweets for account @PRyan
           the system said: Failed to send request:
HTTPSConnectionPool(host='api.twitter.com', port=443): Read timed out.
about to get all tweets newer than ID #971463508759076865 for account
@AshLeeStrong
about to get all tweets newer than ID #971519362216681472 for account
@BetsyDeVosED
about to get all tweets newer than ID #970897202808836097 for account @Scavino45
about to get all tweets newer than ID #971510286845972481 for account
@SecretaryZinke
about to get all tweets newer than ID #832282841471918080 for account
@BetsyDeVos
about to get all tweets newer than ID #971484961348997123 for account
@IvankaTrump
getting all tweets before ID #947935770509156351
    ...400 tweets downloaded so far


New tweet from IvankaTrump: RT @WHOSTP: Fantastic meeting of the #NSTC
Committee on STEM Education today. Big thank you to special guest @IvankaTrump,
@NSF and Dr. Fra…

archiving URL http://twitter.com/IvankaTrump/status/971557694950735873
    ... archiving using prefix http://web.archive.org/save/
about to get all tweets newer than ID #963927915284062209 for account
@SecretaryRoss

archiving URL https://twitter.com/IvankaTrump/status/971557694950735873
    ... archiving using prefix http://web.archive.org/save/
about to get all tweets newer than ID #970035794311372801 for account
@TomBossert45
ERROR: unable to get tweets for account @TomBossert45
           the system said: Failed to parse JSON payload: Unterminated string
starting at: line 1 column 925905 (char 925904)
about to get all tweets newer than ID #816846808789958656 for account
@SenDanCoats
ERROR: unable to get tweets for account @SenDanCoats
           the system said: Failed to parse JSON payload: Unterminated string
starting at: line 1 column 504043 (char 504042)
about to get all tweets newer than ID #954801265732661248 for account
@MELANIATRUMP
ERROR: unable to get tweets for account @MELANIATRUMP
           the system said: Failed to parse JSON payload: Unterminated string
starting at: line 1 column 509775 (char 509774)
about to get all tweets newer than ID #971477496511238145 for account
@EPAScottPruitt
about to get all tweets newer than ID #890659905798983680 for account @Reince45
ERROR: unable to get tweets for account @Reince45
           the system said: Not authorized.
about to get all tweets newer than ID #898632795517403136 for account
@GeneralJFKellly
ERROR: unable to get tweets for account @GeneralJFKellly
           the system said: Not authorized.
about to get all tweets newer than ID #971532497610735621 for account
@nikkihaley
about to get all tweets newer than ID #836780744810844161 for account
@StephenMillerAL
about to get all tweets newer than ID #970992308731727873 for account @PressSec
ERROR: unable to get tweets for account @PressSec
           the system said: Failed to parse JSON payload: Unterminated string
starting at: line 1 column 506952 (char 506951)
about to get all tweets newer than ID #971504294368366592 for account @SBALinda
ERROR: unable to get tweets for account @SBALinda
           the system said: Failed to send request: ('Connection aborted.',
BadStatusLine("''",))
about to get all tweets newer than ID #971172037891887104 for account
@MickMulvaneyOMB
about to get all tweets newer than ID #970484798019063808 for account
@DanScavino
about to get all tweets newer than ID #913881045652688901 for account
@SecPriceMD
ERROR: unable to get tweets for account @SecPriceMD
           the system said: Failed to parse JSON payload: Unterminated string
starting at: line 1 column 619850 (char 619849)
about to get all tweets newer than ID #903694300306923521 for account
@SecElaineChao
about to get all tweets newer than ID #824610180881117184 for account
@GovPenceIN
about to get all tweets newer than ID #971531370966278144 for account
@stevenmnuchin1
ERROR: unable to get tweets for account @stevenmnuchin1
           the system said: Failed to send request:
HTTPSConnectionPool(host='api.twitter.com', port=443): Read timed out. (read
timeout=60)
about to get all tweets newer than ID #830074939298414592 for account
@RepTomPrice
ERROR: unable to get tweets for account @RepTomPrice
           the system said: Failed to send request: EOF occurred in violation of
 protocol (_ssl.c:600)
about to get all tweets newer than ID #970802261894090752 for account @POTUS
ERROR: unable to get tweets for account @POTUS
           the system said: Failed to send request: ('Connection aborted.',
BadStatusLine("''",))
about to get all tweets newer than ID #971566270893252608 for account
@Scaramucci
ERROR: unable to get tweets for account @Scaramucci
           the system said: Failed to parse JSON payload: Expecting ','
delimiter: line 1 column 505011 (char 505010)
about to get all tweets newer than ID #971501078817726464 for account
@SecShulkin
ERROR: unable to get tweets for account @SecShulkin
           the system said: Failed to parse JSON payload: Unterminated string
starting at: line 1 column 280094 (char 280093)
about to get all tweets newer than ID #856041462164836355 for account
@FirstLadyIN
about to get all tweets newer than ID #971541295746469888 for account
@SecretaryPerry
ERROR: unable to get tweets for account @SecretaryPerry
           the system said: Failed to send request:
HTTPSConnectionPool(host='api.twitter.com', port=443): Read timed out.
about to get all tweets newer than ID #971536515925979136 for account @VP
ERROR: unable to get tweets for account @VP
           the system said: Failed to parse JSON payload: Unterminated string
starting at: line 1 column 504509 (char 504508)
about to get all tweets newer than ID #971409845453762560 for account
@realDonaldTrump
ERROR: unable to get tweets for account @realDonaldTrump
           the system said: Failed to parse JSON payload: Unterminated string
starting at: line 1 column 505998 (char 505997)
about to get all tweets newer than ID #969365392798908423 for account
@KellyannePolls
ERROR: unable to get tweets for account @KellyannePolls
           the system said: Failed to parse JSON payload: Expecting ','
delimiter: line 1 column 508203 (char 508202)
about to get all tweets newer than ID #-1 for account @jaredkushner
about to get all tweets newer than ID #969786327666450432 for account @Reince
... OK, we're set up, and about to watch 18916432, 842072478834909184,
809836066316451840, 818876014390603776, 20776147, 18906561, 65522706,
828613457020870657, 823638938590085124, 836724024688410625, 1180379185,
22203756, 819980276570976256, 822215673812119553, 798195585824104449, 105267762,
 822127086194348032, 733751245, 296060169, 828997388920619008,
823367015830323201, 827258161841135623, 599530439, 52544275, 836305915452272641,
 866746592853979137, 212262370, 108471631, 832672006113931269,
803703725730779136, 892173412818354177, 37666984, 728361177986797568,
818927131883356161, 819992522109894658, 888031054141022209, 620571475,
829782369670410240, 826065858548133888, 15985455, 799764016885329921, 6577802,
822215679726100480, 24578794, 831482588246196225, 1923451808,
830128820447539208, 818910970567344128, 25073877, 471672239, 29547260, 20733972
