Hello, traveler. This is the beginning of a log file called: "Fascist Tweet Archiver".
Some basic system info about the host machine: posix.uname_result(sysname='Linux', nodename='file-server', release='3.16.0-6-686-pae', version='#1 SMP Debian 3.16.57-2 (2018-07-14)', machine='i686')
This log was begun Friday, 10 August 2018 at 00:45



INFO: read target account data; we're tracking 59 accounts
WARNING: no ProtocolError (got exception "name 'ProtocolError' is not defined");
 trying requests.packages.urllib3.exceptions instead
NOTE: successfully imported from requests
Starting up...
about to get all tweets newer than ID #1027680911981260800 for account
@SecretaryAcosta
about to get all tweets newer than ID #1027639789359652864 for account
@StephGrisham45
ERROR: unable to get tweets for account @StephGrisham45
           the system said: Failed to parse JSON payload: Unterminated string
starting at: line 1 column 615112 (char 615111)
about to get all tweets newer than ID #1024829935238750208 for account
@AshLeeStrong
about to get all tweets newer than ID #1027716473614000128 for account
@SecNielsen
about to get all tweets newer than ID #913881045652688901 for account
@SecPriceMD
about to get all tweets newer than ID #978650205192044545 for account
@SecShulkin
about to get all tweets newer than ID #1027678531860475904 for account @SBALinda
about to get all tweets newer than ID #1027234212007567361 for account
@SecretaryCarson
about to get all tweets newer than ID #1024348660753149952 for account
@KellyannePolls
about to get all tweets newer than ID #1027713883451138048 for account
@IvankaTrump
about to get all tweets newer than ID #816846808789958656 for account
@SenDanCoats
about to get all tweets newer than ID #1024306290342993920 for account
@stevenmnuchin1
about to get all tweets newer than ID #1027695876427403270 for account @VP
about to get all tweets newer than ID #1027726686245343233 for account
@SecretaryZinke
about to get all tweets newer than ID #1027709852771078144 for account @SecAzar
about to get all tweets newer than ID #1027032901299396610 for account
@RealBenCarson
about to get all tweets newer than ID #1027676267439632384 for account
@EnergyDepSec
about to get all tweets newer than ID #-1 for account @ElaineChao
about to get all tweets newer than ID #1014519079284199424 for account
@EPAScottPruitt
ERROR: unable to get tweets for account @EPAScottPruitt
           the system said: [{'code': 34, 'message': 'Sorry, that page does not
exist.'}]
about to get all tweets newer than ID #1027732730434514949 for account
@Scaramucci
ERROR: unable to get tweets for account @Scaramucci
           the system said: Failed to parse JSON payload: Expecting ','
delimiter: line 1 column 851379 (char 851378)
about to get all tweets newer than ID #856041462164836355 for account
@FirstLadyIN
about to get all tweets newer than ID #836780744810844161 for account
@StephenMillerAL
ERROR: unable to get tweets for account @StephenMillerAL
           the system said: Failed to send request:
HTTPSConnectionPool(host='api.twitter.com', port=443): Max retries exceeded with
 url: /1.1/statuses/user_timeline.json?screen_name=StephenMillerAL&count=200
(Caused by NewConnectionError('<requests.packages.urllib3.connection.VerifiedHTT
PSConnection object at 0xb6757b6c>: Failed to establish a new connection: [Errno
 101] Network is unreachable',))
about to get all tweets newer than ID #1027610708844929024 for account
@DepSecHargan
about to get all tweets newer than ID #1003795765028884485 for account
@Linda_McMahon
about to get all tweets newer than ID #1027726466711252992 for account
@DanScavino
about to get all tweets newer than ID #1027255620918013952 for account
@SecretaryRoss
about to get all tweets newer than ID #1027733035771408384 for account
@JessicaDitto45
about to get all tweets newer than ID #954801265732661248 for account
@MELANIATRUMP
about to get all tweets newer than ID #1027707040083398656 for account @Reince
about to get all tweets newer than ID #1027340732477128704 for account
@mike_pence
about to get all tweets newer than ID #903694300306923521 for account
@SecElaineChao
about to get all tweets newer than ID #1027693509313216512 for account
@WhiteHouse
about to get all tweets newer than ID #824610180881117184 for account
@GovPenceIN
about to get all tweets newer than ID #1027699258219274241 for account
@nikkihaley
about to get all tweets newer than ID #1025715874391568385 for account
@BetsyDeVosED
about to get all tweets newer than ID #1027639455044304896 for account @FLOTUS
about to get all tweets newer than ID #1026491173878288384 for account @Comey
about to get all tweets newer than ID #1027688604578074626 for account
@realDonaldTrump
about to get all tweets newer than ID #1027606877323108352 for account
@Scavino45
ERROR: unable to get tweets for account @Scavino45
           the system said: Failed to parse JSON payload: Unterminated string
starting at: line 1 column 972143 (char 972142)
about to get all tweets newer than ID #1027723971448512513 for account
@SecretarySonny
about to get all tweets newer than ID #890659905798983680 for account @Reince45
ERROR: unable to get tweets for account @Reince45
           the system said: Not authorized.
about to get all tweets newer than ID #1027639585533308934 for account @POTUS
about to get all tweets newer than ID #830074939298414592 for account
@RepTomPrice
about to get all tweets newer than ID #994396943421001728 for account
@TomBossert45
about to get all tweets newer than ID #832282841471918080 for account
@BetsyDeVos
about to get all tweets newer than ID #1027616412750295041 for account
@SpeakerRyan
ERROR: unable to get tweets for account @SpeakerRyan
           the system said: Failed to parse JSON payload: Unterminated string
starting at: line 1 column 622130 (char 622129)
about to get all tweets newer than ID #1026499587652108288 for account @Cabinet
about to get all tweets newer than ID #1021844939473387520 for account
@IvankaTrumpHQ
ERROR: unable to get tweets for account @IvankaTrumpHQ
           the system said: Not authorized.
about to get all tweets newer than ID #1027688412818501633 for account
@SecretaryPerry
about to get all tweets newer than ID #1027717029023961088 for account
@seanspicer
about to get all tweets newer than ID #1027611094838403075 for account
@SecondLady
about to get all tweets newer than ID #1025423091822997505 for account
@MickMulvaneyOMB
about to get all tweets newer than ID #816290296048873472 for account
@WilburRoss
about to get all tweets newer than ID #-1 for account @jaredkushner
about to get all tweets newer than ID #1026875315426140160 for account @PressSec
ERROR: unable to get tweets for account @PressSec
           the system said: Failed to parse JSON payload: Unterminated string
starting at: line 1 column 608232 (char 608231)
about to get all tweets newer than ID #1027034417146093568 for account @PRyan
about to get all tweets newer than ID #1027688230336905217 for account
@GovernorPerry
about to get all tweets newer than ID #1026613666874097664 for account
@AmbJohnBolton
ERROR: unable to get tweets for account @AmbJohnBolton
           the system said: Failed to parse JSON payload: Unterminated string
starting at: line 1 column 602953 (char 602952)
about to get all tweets newer than ID #1027687828694724608 for account
@statedeptspox
... OK, we're set up, and about to watch 819980276570976256, 823638938590085124,
 296060169, 935148134505828353, 829782369670410240, 831482588246196225,
819992522109894658, 828613457020870657, 471672239, 52544275, 212262370,
799764016885329921, 818910970567344128, 827258161841135623, 956283913835614208,
1180379185, 894923298374651904, 105267762, 832672006113931269, 24578794,
1923451808, 728361177986797568, 920035992073064450, 65522706, 620571475,
836305915452272641, 836724024688410625, 108471631, 20733972, 22203756,
826065858548133888, 822215673812119553, 15985455, 37666984, 828997388920619008,
818876014390603776, 2334193741, 25073877, 823367015830323201,
842072478834909184, 803703725730779136, 822215679726100480, 6577802,
866746592853979137, 599530439, 18916432, 818928162449068032, 798195585824104449,
 830128820447539208, 20776147, 822127086194348032, 888031054141022209,
809836066316451840, 29547260, 818927131883356161, 733751245, 18906561,
118756393, 1967216306
WARNING: received error HTTPSConnectionPool(host='stream.twitter.com',
port=443): Read timed out.; sleeping and trying again ...
WARNING: received error HTTPSConnectionPool(host='stream.twitter.com',
port=443): Read timed out.; sleeping and trying again ...


New tweet from SecretaryAcosta: Manufacturing is growing as a result of
@POTUS’s pro-growth, pro-jobs policies. 411,000 new manufacturing jobs have…
https://t.co/eDjQWR2YtJ

archiving URL http://twitter.com/SecretaryAcosta/status/1027872368176324608
    ... archiving using prefix http://web.archive.org/save/

archiving URL https://twitter.com/SecretaryAcosta/status/1027872368176324608
    ... archiving using prefix http://web.archive.org/save/


New tweet from IvankaTrump: RT @GOPChairwoman: Progress being made on two very
 important issues. Thank you @IvankaTrump! https://t.co/ejUrOiwWhl

archiving URL http://twitter.com/IvankaTrump/status/1027874003254501376
    ... archiving using prefix http://web.archive.org/save/

archiving URL https://twitter.com/IvankaTrump/status/1027874003254501376
    ... archiving using prefix http://web.archive.org/save/


New tweet from VP: Since day one of our administration, @POTUS has kept his
promise to restore America’s proud legacy of leadership in…
https://t.co/US8mGy0676

archiving URL http://twitter.com/VP/status/1027877181332971520
    ... archiving using prefix http://web.archive.org/save/

archiving URL https://twitter.com/VP/status/1027877181332971520
    ... archiving using prefix http://web.archive.org/save/


New tweet from Scaramucci: RT @CuomoPrimeTime: .@ChrisCuomo: I would not be
here if President Trump had his way on immigration. There are millions like me.
We stand t…

archiving URL http://twitter.com/Scaramucci/status/1027878746836140032
    ... archiving using prefix http://web.archive.org/save/

archiving URL https://twitter.com/Scaramucci/status/1027878746836140032
    ... archiving using prefix http://web.archive.org/save/


New tweet from IvankaTrump: RT @VanJones68: They said it couldn’t be done. But
 step by step, a bipartisan set of true believers kept pushing through and
insisting that…

archiving URL http://twitter.com/IvankaTrump/status/1027878850473205760
    ... archiving using prefix http://web.archive.org/save/

archiving URL https://twitter.com/IvankaTrump/status/1027878850473205760
    ... archiving using prefix http://web.archive.org/save/


New tweet from seanspicer: Great story in @axios featuring @parscale about
@GOP use of data in #2018Midterms on where to hold @POTUS…
https://t.co/SF9g6NNcdr

archiving URL http://twitter.com/seanspicer/status/1027879259644280832
    ... archiving using prefix http://web.archive.org/save/

archiving URL https://twitter.com/seanspicer/status/1027879259644280832
    ... archiving using prefix http://web.archive.org/save/
INFO: handling a deletion for data:

{'delete': {'status': {'id':
1027879259644280832,
                       'id_str': '1027879259644280832',

                       'user_id': 20776147,
'user_id_str': '20776147'},
            'timestamp_ms': '1533900501736'}}
INFO: successfully dumped raw data to JSON file
INFO: We're handling a deletion notification for tweet ID# 1027879259644280832
on account seanspicer
INFO: get_archived_tweet() called to get tweet ID 1027879259644280832 for
account seanspicer
INFO: found a tweet!		http://web.archive.org/*/http://twitter.com/seanspicer/sta
tus/1027879259644280832	Great story in @axios featuring @parscale about @GOP use
 of data in #2018Midterms on where to hold @POTUS… https://t.co/SF9g6NNcdr
... adding to list of deleted tweets
... added
... but we're not going to tweet about it because seanspicer is not in the list
of accounts we tweet about


New tweet from seanspicer: Great story in @axios featuring @parscale about
@GOP use of data in #2018Midterms on where 2 hold @POTUS…
https://t.co/nuTJOM52hy

archiving URL http://twitter.com/seanspicer/status/1027879702235688960
    ... archiving using prefix http://web.archive.org/save/

archiving URL https://twitter.com/seanspicer/status/1027879702235688960
    ... archiving using prefix http://web.archive.org/save/


New tweet from Scaramucci: My book is out Oct 23

archiving URL http://twitter.com/Scaramucci/status/1027880090359787520
    ... archiving using prefix http://web.archive.org/save/

archiving URL https://twitter.com/Scaramucci/status/1027880090359787520
    ... archiving using prefix http://web.archive.org/save/


New tweet from Scaramucci: RT @WashTimes: Abby Huntsman leaving Fox News for
ABC's 'The View': Report https://t.co/te0iMoc0og

archiving URL http://twitter.com/Scaramucci/status/1027880147372990464
    ... archiving using prefix http://web.archive.org/save/
INFO: handling a deletion for data:

{'delete': {'status': {'id':
1027880147372990464,
                       'id_str': '1027880147372990464',

                       'user_id': 24578794,
'user_id_str': '24578794'},
            'timestamp_ms': '1533900703819'}}
INFO: successfully dumped raw data to JSON file
INFO: We're handling a deletion notification for tweet ID# 1027880147372990464
on account Scaramucci
INFO: get_archived_tweet() called to get tweet ID 1027880147372990464 for
account Scaramucci

archiving URL https://twitter.com/Scaramucci/status/1027880147372990464
    ... archiving using prefix http://web.archive.org/save/
ERROR: unable to read line "['=======']" because: need more than 1 value to
unpack.
INFO: found a tweet!		http://web.archive.org/*/http://twitter.com/Scaramucci/sta
tus/1027880147372990464	RT @WashTimes: Abby Huntsman leaving Fox News for ABC's
'The View': Report https://t.co/te0iMoc0og
... adding to list of deleted tweets
... added
... but we're not going to tweet about it because Scaramucci is not in the list
of accounts we tweet about


New tweet from Scaramucci: Congratulations @abbyhuntsman and great move by
@ABC @TheView bringing on another talented conservative voice! Can’…
https://t.co/T9Cak3Xm9y

archiving URL http://twitter.com/Scaramucci/status/1027883262633553921
    ... archiving using prefix http://web.archive.org/save/

archiving URL https://twitter.com/Scaramucci/status/1027883262633553921
    ... archiving using prefix http://web.archive.org/save/
INFO: handling a deletion for data:

{'delete': {'status': {'id':
1027883262633553921,
                       'id_str': '1027883262633553921',

                       'user_id': 24578794,
'user_id_str': '24578794'},
            'timestamp_ms': '1533901458518'}}
INFO: successfully dumped raw data to JSON file
INFO: We're handling a deletion notification for tweet ID# 1027883262633553921
on account Scaramucci
INFO: get_archived_tweet() called to get tweet ID 1027883262633553921 for
account Scaramucci
ERROR: unable to read line "['=======']" because: need more than 1 value to
unpack.
INFO: found a tweet!		http://web.archive.org/*/http://twitter.com/Scaramucci/sta
tus/1027883262633553921	Congratulations @abbyhuntsman and great move by @ABC
@TheView bringing on another talented conservative voice! Can’…
https://t.co/T9Cak3Xm9y
... adding to list of deleted tweets
... added
... but we're not going to tweet about it because Scaramucci is not in the list
of accounts we tweet about


New tweet from Scaramucci: Congratulations @HuntsmanAbby and great move by
@ABC @TheView bringing on another talented conservativevoice. Can’t…
https://t.co/2UNhHnRygI

archiving URL http://twitter.com/Scaramucci/status/1027883914558414849
    ... archiving using prefix http://web.archive.org/save/

archiving URL https://twitter.com/Scaramucci/status/1027883914558414849
    ... archiving using prefix http://web.archive.org/save/
INFO: handling a deletion for data:

{'delete': {'status': {'id':
1027883914558414849,
                       'id_str': '1027883914558414849',

                       'user_id': 24578794,
'user_id_str': '24578794'},
            'timestamp_ms': '1533901662707'}}
INFO: successfully dumped raw data to JSON file
INFO: We're handling a deletion notification for tweet ID# 1027883914558414849
on account Scaramucci
INFO: get_archived_tweet() called to get tweet ID 1027883914558414849 for
account Scaramucci
ERROR: unable to read line "['=======']" because: need more than 1 value to
unpack.
INFO: found a tweet!		http://web.archive.org/*/http://twitter.com/Scaramucci/sta
tus/1027883914558414849	Congratulations @HuntsmanAbby and great move by @ABC
@TheView bringing on another talented conservativevoice. Can’t…
https://t.co/2UNhHnRygI
... adding to list of deleted tweets
... added
... but we're not going to tweet about it because Scaramucci is not in the list
of accounts we tweet about


New tweet from Scaramucci: Congratulations @huntsmanabby and great move @ABC
@TheView bringing on another talented conservative voice! Can’t w…
https://t.co/cmYV9EcLUY

archiving URL http://twitter.com/Scaramucci/status/1027884590969569281
    ... archiving using prefix http://web.archive.org/save/

archiving URL https://twitter.com/Scaramucci/status/1027884590969569281
    ... archiving using prefix http://web.archive.org/save/


New tweet from realDonaldTrump: .@MariaBartiromo  “No evidence to launch even
an investigation into potential collusion between Donald Trump and th…
https://t.co/vtSwEL0wak

archiving URL http://twitter.com/realDonaldTrump/status/1027884715553050625
    ... archiving using prefix http://web.archive.org/save/

archiving URL https://twitter.com/realDonaldTrump/status/1027884715553050625
    ... archiving using prefix http://web.archive.org/save/
WARNING: received error ('Connection broken: IncompleteRead(0 bytes read, 512
more expected)', IncompleteRead(0 bytes read, 512 more expected)); sleeping and
trying again ...


New tweet from realDonaldTrump: The NFL players are at it again - taking a
knee when they should be standing proudly for the National Anthem. Numer…
https://t.co/wbN9RbBj7a

archiving URL http://twitter.com/realDonaldTrump/status/1027892043908046849
    ... archiving using prefix http://web.archive.org/save/

archiving URL https://twitter.com/realDonaldTrump/status/1027892043908046849
    ... archiving using prefix http://web.archive.org/save/
WARNING: received error ('Connection broken: IncompleteRead(0 bytes read)',
IncompleteRead(0 bytes read)); sleeping and trying again ...
WARNING: received error ('Connection broken: IncompleteRead(0 bytes read, 512
more expected)', IncompleteRead(0 bytes read, 512 more expected)); sleeping and
trying again ...
WARNING: received error ('Connection broken: IncompleteRead(0 bytes read, 512
more expected)', IncompleteRead(0 bytes read, 512 more expected)); sleeping and
trying again ...
WARNING: received error ('Connection broken: IncompleteRead(0 bytes read, 512
more expected)', IncompleteRead(0 bytes read, 512 more expected)); sleeping and
trying again ...
WARNING: received error ('Connection broken: IncompleteRead(0 bytes read, 512
more expected)', IncompleteRead(0 bytes read, 512 more expected)); sleeping and
trying again ...
WARNING: received error ('Connection broken: IncompleteRead(0 bytes read, 512
more expected)', IncompleteRead(0 bytes read, 512 more expected)); sleeping and
trying again ...
WARNING: received error ('Connection broken: IncompleteRead(0 bytes read, 512
more expected)', IncompleteRead(0 bytes read, 512 more expected)); sleeping and
trying again ...
