Hello, traveler. This is the beginning of a log file called: "Fascist Tweet Archiver".
Some basic system info about the host machine: posix.uname_result(sysname='Linux', nodename='file-server', release='3.16.0-6-686-pae', version='#1 SMP Debian 3.16.57-2 (2018-07-14)', machine='i686')
This log was begun Saturday, 01 September 2018 at 14:35



INFO: read target account data; we're tracking 59 accounts
WARNING: no ProtocolError (got exception "name 'ProtocolError' is not defined");
 trying requests.packages.urllib3.exceptions instead
NOTE: successfully imported from requests
Starting up...
about to get all tweets newer than ID #1033584352381358081 for account
@DanScavino
getting all tweets before ID #841239157808721919
    ...400 tweets downloaded so far
about to get all tweets newer than ID #1034155352277884929 for account @SBALinda


New tweet from DanScavino: #2026WorldCup⚽️🇺🇸🇲🇽🇨🇦 https://t.co/W8bz2gpfGM

archiving URL http://twitter.com/DanScavino/status/1034619198801149953
    ... archiving using prefix http://web.archive.org/save/

archiving URL https://twitter.com/DanScavino/status/1034619198801149953
    ... archiving using prefix http://web.archive.org/save/
getting all tweets before ID #1009559648892882944
    ...400 tweets downloaded so far
about to get all tweets newer than ID #1034225916862320641 for account
@JessicaDitto45


New tweet from SBALinda: RT @SBAgov: Do you have an online marketing plan for
your small business? Take advantage of the dog days of summer to help boost your
 onlin…

archiving URL http://twitter.com/SBALinda/status/1034433151203004416
    ... archiving using prefix http://web.archive.org/save/

archiving URL https://twitter.com/SBALinda/status/1034433151203004416
    ... archiving using prefix http://web.archive.org/save/
getting all tweets before ID #1017382333190680580


New tweet from SBALinda: RT @SBAgov: Hello everyone! Welcome to @sbagov's
Twitter chat. During the next hour, we're sharing tips and resources to help you
 market yo…

archiving URL http://twitter.com/SBALinda/status/1034477243358228480
    ... archiving using prefix http://web.archive.org/save/

archiving URL https://twitter.com/SBALinda/status/1034477243358228480
    ... archiving using prefix http://web.archive.org/save/
    ...397 tweets downloaded so far
about to get all tweets newer than ID #1034180223028342787 for account
@DepSecHargan


New tweet from JessicaDitto45: RT @realDonaldTrump: “Consumer confidence pops
in August to highest level since October 2000” https://t.co/1Gg5IOtbNa

archiving URL http://twitter.com/JessicaDitto45/status/1034510748691693569
    ... archiving using prefix http://web.archive.org/save/


New tweet from SBALinda: RT @realDonaldTrump: Consumer Confidence Index, just
out, is the HIGHEST IN 18 YEARS! Also, GDP revised upward to 4.2 from 4.1. Our
country…

archiving URL http://twitter.com/SBALinda/status/1034818247911198721
    ... archiving using prefix http://web.archive.org/save/
getting all tweets before ID #1008694386639757312

archiving URL https://twitter.com/SBALinda/status/1034818247911198721
    ... archiving using prefix http://web.archive.org/save/

archiving URL https://twitter.com/JessicaDitto45/status/1034510748691693569
    ... archiving using prefix http://web.archive.org/save/
    ...400 tweets downloaded so far
about to get all tweets newer than ID #1034159137704300544 for account
@stevenmnuchin1


New tweet from DepSecHargan: Read below about PETS (Patient Empowering
Technology Summit). Where entrepreneurs &amp; health providers discussed how…
https://t.co/oXGdHxHvdd

archiving URL http://twitter.com/DepSecHargan/status/1034524630772527105
    ... archiving using prefix http://web.archive.org/save/


New tweet from SBALinda: Visited Sewickley, PA today to speak with local
#SmallBusinesses on what they need most. @PGC_inc owner Susan Weinz…
https://t.co/iW9iDG9MCn


New tweet from JessicaDitto45: RT @LuisRiveraMarin: The Mayor of San Juan
stated today that no foreign aid was allowed to come into Puerto Rico after
Maria. Not true.I, a…

archiving URL http://twitter.com/SBALinda/status/1034907534115708932
    ... archiving using prefix http://web.archive.org/save/

archiving URL http://twitter.com/JessicaDitto45/status/1034956844530388997
    ... archiving using prefix http://web.archive.org/save/

archiving URL https://twitter.com/DepSecHargan/status/1034524630772527105
    ... archiving using prefix http://web.archive.org/save/
getting all tweets before ID #951424972416868352

archiving URL https://twitter.com/SBALinda/status/1034907534115708932
    ... archiving using prefix http://web.archive.org/save/


New tweet from DepSecHargan: RT @SecretaryCarson: 55 years ago today, Dr
Martin Luther King, Jr inspired millions &amp; helped pass the Civil Rights Act
of 1964 with his I…

archiving URL http://twitter.com/DepSecHargan/status/1034626901220962305
    ... archiving using prefix http://web.archive.org/save/


New tweet from SBALinda: RT @TheBizJournal: . @SBALinda to Headline @ywchamber
 Event, Visit @CMTCompanies #SBA #SaluteToBusiness #Youngstown
https://t.co/1wyz1dVUBT

archiving URL http://twitter.com/SBALinda/status/1035155546125553665
    ... archiving using prefix http://web.archive.org/save/

archiving URL https://twitter.com/JessicaDitto45/status/1034956844530388997
    ... archiving using prefix http://web.archive.org/save/
    ...400 tweets downloaded so far


New tweet from stevenmnuchin1: Fantastic to see Israeli Finance Minister Moshe
 Kahlon again. Israel is a great friend and ally to the USA! 🇺🇸
https://t.co/zWozMXhGu5
about to get all tweets newer than ID #1033690863162073088 for account
@SecretaryZinke

archiving URL http://twitter.com/stevenmnuchin1/status/1034512578037383168
    ... archiving using prefix http://web.archive.org/save/

archiving URL https://twitter.com/DepSecHargan/status/1034626901220962305
    ... archiving using prefix http://web.archive.org/save/

archiving URL https://twitter.com/SBALinda/status/1035155546125553665
    ... archiving using prefix http://web.archive.org/save/


New tweet from JessicaDitto45: RT @realDonaldTrump: Consumer Confidence Index,
 just out, is the HIGHEST IN 18 YEARS! Also, GDP revised upward to 4.2 from 4.1.
 Our country…

archiving URL http://twitter.com/JessicaDitto45/status/1034956964177084426
    ... archiving using prefix http://web.archive.org/save/


New tweet from SBALinda: RT @JimTressel5: .@ywchamber welcomes @SBALinda,
Administrator of US Small Business Administration. Thank you for supporting our
Valley! ht…

archiving URL http://twitter.com/SBALinda/status/1035155574974042112
    ... archiving using prefix http://web.archive.org/save/

archiving URL https://twitter.com/stevenmnuchin1/status/1034512578037383168
    ... archiving using prefix http://web.archive.org/save/


New tweet from DepSecHargan: RT @SecAzar: Congrats to Lynn Johnson on her
confirmation as Assistant Secretary for @ACFHHS. Looking forward to working with
 her on advanc…

archiving URL http://twitter.com/DepSecHargan/status/1034870620264308736
    ... archiving using prefix http://web.archive.org/save/

archiving URL https://twitter.com/JessicaDitto45/status/1034956964177084426
    ... archiving using prefix http://web.archive.org/save/

archiving URL https://twitter.com/SBALinda/status/1035155574974042112
    ... archiving using prefix http://web.archive.org/save/

archiving URL https://twitter.com/DepSecHargan/status/1034870620264308736
    ... archiving using prefix http://web.archive.org/save/


New tweet from JessicaDitto45: RT @femaregion4: 1 year later Georgia continues
 #Irma recovery efforts. Here’s a look at the progress made over the past year.
For more inf…

archiving URL http://twitter.com/JessicaDitto45/status/1034957060700553217
    ... archiving using prefix http://web.archive.org/save/
getting all tweets before ID #1013879826250387460


New tweet from SBALinda: Speaking to the @ywchamber in Youngstown, OH this
morning. All who are in the room know that this is a terrific tim…
https://t.co/k6Ee6q12Uq

archiving URL http://twitter.com/SBALinda/status/1035157825054552066
    ... archiving using prefix http://web.archive.org/save/


New tweet from DepSecHargan: RT @SecAzar: Today's announcement from @US_FDA
will create greater opportunities to develop innovative, non-addictive
treatments for the ma…

archiving URL http://twitter.com/DepSecHargan/status/1035153291032883200
    ... archiving using prefix http://web.archive.org/save/

archiving URL https://twitter.com/JessicaDitto45/status/1034957060700553217
    ... archiving using prefix http://web.archive.org/save/

archiving URL https://twitter.com/SBALinda/status/1035157825054552066
    ... archiving using prefix http://web.archive.org/save/


New tweet from JessicaDitto45: RT @WhiteHouse: Satisfaction with their
careers? ✔️
Better off now than 5 years ago? ✔️ 
Lives and communities headed in
 the right directio…

archiving URL http://twitter.com/JessicaDitto45/status/1034959231001276416
    ... archiving using prefix http://web.archive.org/save/

archiving URL https://twitter.com/DepSecHargan/status/1035153291032883200
    ... archiving using prefix http://web.archive.org/save/


New tweet from SBALinda: Congratulations to the 2018 Youngstown Warren
Regional Chamber Award Winners. Great contributions to the local comm…
https://t.co/aOjoq6k9Iu

archiving URL http://twitter.com/SBALinda/status/1035164926191525888
    ... archiving using prefix http://web.archive.org/save/

archiving URL https://twitter.com/SBALinda/status/1035164926191525888
    ... archiving using prefix http://web.archive.org/save/
    ...400 tweets downloaded so far


New tweet from DepSecHargan: Good piece about the PETS (Patient Empowering
Technologies Summit) that @HHSGov hosted last week. New technology wi…
https://t.co/JG4XvJponv
about to get all tweets newer than ID #1003795765028884485 for account
@Linda_McMahon


New tweet from SecretaryZinke: RT @Interior: For @GreatSmokyNPS, being one of
the most visited national parks is an honor &amp; a challenge. Decades of use
have left roads, t…

archiving URL http://twitter.com/DepSecHargan/status/1035247764748357632

archiving URL http://twitter.com/SecretaryZinke/status/1034521297387175936
    ... archiving using prefix http://web.archive.org/save/
    ... archiving using prefix http://web.archive.org/save/

archiving URL https://twitter.com/JessicaDitto45/status/1034959231001276416
    ... archiving using prefix http://web.archive.org/save/


New tweet from SBALinda: My visit in Youngstown continues with a stop at
@CMTCompanies. This local #SmallBusiness recently represented Ohio…
https://t.co/ggr9JSwZMB

archiving URL http://twitter.com/SBALinda/status/1035179675184783360
    ... archiving using prefix http://web.archive.org/save/

archiving URL https://twitter.com/DepSecHargan/status/1035247764748357632
    ... archiving using prefix http://web.archive.org/save/


New tweet from JessicaDitto45: RT @ahrferrier: "Brett is the most qualified
person any Republican President could possibly have nominated”
https://t.co/cF7Mgqip4B

archiving URL http://twitter.com/JessicaDitto45/status/1035000425852948480
    ... archiving using prefix http://web.archive.org/save/


New tweet from DepSecHargan: RT @Surgeon_General: I want folks to know that
addiction can happen to anyone...the only way we are going to dig out the opioid
 epidemic is…

archiving URL http://twitter.com/DepSecHargan/status/1035508419086770176
    ... archiving using prefix http://web.archive.org/save/

archiving URL https://twitter.com/SecretaryZinke/status/1034521297387175936
    ... archiving using prefix http://web.archive.org/save/
about to get all tweets newer than ID #1014519079284199424 for account
@EPAScottPruitt

archiving URL https://twitter.com/DepSecHargan/status/1035508419086770176
    ... archiving using prefix http://web.archive.org/save/


New tweet from SecretaryZinke: RT @BLMIdaho: Effective 12:01 a.m. Friday
August 31st, fire restrictions in North Idaho's Coeur d’Alene Dispatch Area will
 be lifted. While…

archiving URL http://twitter.com/SecretaryZinke/status/1034529720841510913
    ... archiving using prefix http://web.archive.org/save/
ERROR: unable to get tweets for account @EPAScottPruitt
           the system said: [{'code': 34, 'message': 'Sorry, that page does not
exist.'}]
about to get all tweets newer than ID #824610180881117184 for account
@GovPenceIN


New tweet from DepSecHargan: RT @HHS_ASH: Healthcare professionals: you can
use evidence-based resources from @GoHealthyPeople to give your patients the
best possible c…

archiving URL http://twitter.com/DepSecHargan/status/1035579295312367617
    ... archiving using prefix http://web.archive.org/save/

archiving URL https://twitter.com/SecretaryZinke/status/1034529720841510913
    ... archiving using prefix http://web.archive.org/save/

archiving URL https://twitter.com/SBALinda/status/1035179675184783360
    ... archiving using prefix http://web.archive.org/save/

archiving URL https://twitter.com/DepSecHargan/status/1035579295312367617
    ... archiving using prefix http://web.archive.org/save/


New tweet from SecretaryZinke: RT @GovHerbert: A panel of local officials
listens to @Interior Assistant Secretary Susan Combs discuss efforts to put the
decision makers…

archiving URL http://twitter.com/SecretaryZinke/status/1034549740334141441
    ... archiving using prefix http://web.archive.org/save/


New tweet from SBALinda: Mike Kovach, owner of @CMTCompanies, tells me they
have nearly 65 employees but are actively looking for new employ…
https://t.co/gzQdfQ9oIC

archiving URL http://twitter.com/SBALinda/status/1035203932128247808
    ... archiving using prefix http://web.archive.org/save/


New tweet from DepSecHargan: RT @ONDCP: Today, @POTUS announced a record-
breaking nearly $91 million in @ONDCP grants to 731 local drug prevention
coalitions at the Whi…

archiving URL http://twitter.com/DepSecHargan/status/1035579342338904064
    ... archiving using prefix http://web.archive.org/save/

archiving URL https://twitter.com/JessicaDitto45/status/1035000425852948480
    ... archiving using prefix http://web.archive.org/save/

archiving URL https://twitter.com/SecretaryZinke/status/1034549740334141441
    ... archiving using prefix http://web.archive.org/save/

archiving URL https://twitter.com/SBALinda/status/1035203932128247808
    ... archiving using prefix http://web.archive.org/save/

archiving URL https://twitter.com/DepSecHargan/status/1035579342338904064
    ... archiving using prefix http://web.archive.org/save/


New tweet from JessicaDitto45: RT @LuisRiveraMarin: Honored to take part in
the dedication of the new @DHSgov CBP building in Fajardo, an area heavily
impacted by the hur…

archiving URL http://twitter.com/JessicaDitto45/status/1035197561517350912
about to get all tweets newer than ID #-1 for account @jaredkushner
    ... archiving using prefix http://web.archive.org/save/


New tweet from SecretaryZinke: RT @Interior: #OTD in 1963, Dr. King delivered
his famous “I Have A Dream” speech at the Lincoln Memorial @NationalMallNPS. Few
 moments hav…

archiving URL http://twitter.com/SecretaryZinke/status/1034571530401968128
    ... archiving using prefix http://web.archive.org/save/


New tweet from SBALinda: An employee at @CMTCompanies named Clayton told me
his high school guidance counselor recommended that he look into…
https://t.co/k6MZcl3DpT

archiving URL http://twitter.com/SBALinda/status/1035222377775472642
    ... archiving using prefix http://web.archive.org/save/


New tweet from DepSecHargan: As @SeemaCMS points out, this is an interesting
read by @djheakin &amp; Ken Thorpe about the burden of the physician se…
https://t.co/uhXJWvkK3y

archiving URL http://twitter.com/DepSecHargan/status/1035601742103302144
    ... archiving using prefix http://web.archive.org/save/

archiving URL https://twitter.com/SBALinda/status/1035222377775472642
    ... archiving using prefix http://web.archive.org/save/

archiving URL https://twitter.com/SecretaryZinke/status/1034571530401968128
    ... archiving using prefix http://web.archive.org/save/
about to get all tweets newer than ID #1033728314714861574 for account
@StephGrisham45

archiving URL https://twitter.com/DepSecHargan/status/1035601742103302144
    ... archiving using prefix http://web.archive.org/save/


New tweet from SBALinda: Thank you @CMTCompanies for this inside look at your
manufacturing #SmallBusiness. https://t.co/jIRwT5Z1xB

archiving URL http://twitter.com/SBALinda/status/1035234269151543296
    ... archiving using prefix http://web.archive.org/save/


New tweet from SecretaryZinke: Looking forward to leading the U.S. delegation
to the Pacific Islands Forum then continuing on to our Pacific terri…
https://t.co/siJaFhIDHr

archiving URL http://twitter.com/SecretaryZinke/status/1034877222421708800
    ... archiving using prefix http://web.archive.org/save/


New tweet from DepSecHargan: Very important naloxone tutorial by the Nation's
Doctor on #OverdoseAwarenessDay. Naloxone is an @US_FDA-approved m…
https://t.co/VlFV7Chxfx

archiving URL http://twitter.com/DepSecHargan/status/1035623296451133440
    ... archiving using prefix http://web.archive.org/save/

archiving URL https://twitter.com/SBALinda/status/1035234269151543296
    ... archiving using prefix http://web.archive.org/save/

archiving URL https://twitter.com/JessicaDitto45/status/1035197561517350912
    ... archiving using prefix http://web.archive.org/save/

archiving URL https://twitter.com/SecretaryZinke/status/1034877222421708800
    ... archiving using prefix http://web.archive.org/save/

archiving URL https://twitter.com/DepSecHargan/status/1035623296451133440
    ... archiving using prefix http://web.archive.org/save/


New tweet from SBALinda: Ending today in Erie, PA for a #SmallBiz roundtable.
Our host “Romolo Chocolates” has received numerous @SBAgov loa…
https://t.co/U70BA987Hj

archiving URL http://twitter.com/SBALinda/status/1035259160756211712
    ... archiving using prefix http://web.archive.org/save/


New tweet from JessicaDitto45: RT @SecretaryRoss: American wages and salaries
are up and people are spending more. As we approach #LaborDay, this is even more
 great news…

archiving URL http://twitter.com/JessicaDitto45/status/1035197649253806081
    ... archiving using prefix http://web.archive.org/save/


New tweet from SecretaryZinke: 330 million visitors enjoy our @NatlParkService
 parks. But it's taking its toll on our park infrastructure. Our par…
https://t.co/JmoNA29Qwq

archiving URL http://twitter.com/SecretaryZinke/status/1035250015579586560
    ... archiving using prefix http://web.archive.org/save/


New tweet from DepSecHargan: Today we paid our final respects to Senator John
McCain: a devoted father, caring husband, statesman and an America…
https://t.co/vFNixnZbP0

archiving URL http://twitter.com/DepSecHargan/status/1035659993192820736
    ... archiving using prefix http://web.archive.org/save/

archiving URL https://twitter.com/SBALinda/status/1035259160756211712
    ... archiving using prefix http://web.archive.org/save/

archiving URL https://twitter.com/SecretaryZinke/status/1035250015579586560
    ... archiving using prefix http://web.archive.org/save/

archiving URL https://twitter.com/DepSecHargan/status/1035659993192820736
    ... archiving using prefix http://web.archive.org/save/


New tweet from SBALinda: #SmallBiz Romolo Chocolates is now into its 4th
generation of the family-owned business! Proud to say @SBAgov was p…
https://t.co/dXaBKbkRta

archiving URL http://twitter.com/SBALinda/status/1035274106302877698
    ... archiving using prefix http://web.archive.org/save/
about to get all tweets newer than ID #856041462164836355 for account
@FirstLadyIN

archiving URL https://twitter.com/JessicaDitto45/status/1035197649253806081
    ... archiving using prefix http://web.archive.org/save/


New tweet from SecretaryZinke: The men and women of the US Park Police have a
noble mission. Today it’s honoring the lifetime of service of Senato…
https://t.co/JwojcyWyGq

archiving URL http://twitter.com/SecretaryZinke/status/1035871582609137664
    ... archiving using prefix http://web.archive.org/save/


New tweet from DepSecHargan: RT @HHSGov: See how HHS is working with partners
around the country to empower communities and address the #opioid epidemic:
https://t.co/y…

archiving URL http://twitter.com/DepSecHargan/status/1035910195363422208
    ... archiving using prefix http://web.archive.org/save/

archiving URL https://twitter.com/SBALinda/status/1035274106302877698
    ... archiving using prefix http://web.archive.org/save/

archiving URL https://twitter.com/SecretaryZinke/status/1035871582609137664
    ... archiving using prefix http://web.archive.org/save/


New tweet from JessicaDitto45: RT @realDonaldTrump: The news from the
Financial Markets is even better than anticipated. For all of you that have made
 a fortune in the ma…

archiving URL http://twitter.com/JessicaDitto45/status/1035198465356251136
    ... archiving using prefix http://web.archive.org/save/


New tweet from SBALinda: At today’s #SmallBiz roundtable, Jon Meighan, owner
of Lake Erie Rubber said the @realDonaldTrump#TaxCuts have give…
https://t.co/2jHAHUnR1D

archiving URL http://twitter.com/SBALinda/status/1035290992658796546
    ... archiving using prefix http://web.archive.org/save/

archiving URL https://twitter.com/DepSecHargan/status/1035910195363422208
    ... archiving using prefix http://web.archive.org/save/


New tweet from SecretaryZinke: National Parks tell the story of America’s
extraordinary people and places. Today the Vietnam Veterans Memorial on…
https://t.co/p8k7ZjfABR

archiving URL http://twitter.com/SecretaryZinke/status/1035885168018509824
    ... archiving using prefix http://web.archive.org/save/

archiving URL https://twitter.com/SecretaryZinke/status/1035885168018509824
    ... archiving using prefix http://web.archive.org/save/
about to get all tweets newer than ID #816290296048873472 for account
@WilburRoss

archiving URL https://twitter.com/JessicaDitto45/status/1035198465356251136
    ... archiving using prefix http://web.archive.org/save/
about to get all tweets newer than ID #1034275648179789824 for account @VP


New tweet from JessicaDitto45: RT @OfficialRFDTV: Watch RFD-TV's exclusive
interview with President Trump, conducted by our own Sarah Mock this afternoon,
in the Diplomat…

archiving URL http://twitter.com/JessicaDitto45/status/1035209045026762753
    ... archiving using prefix http://web.archive.org/save/

archiving URL https://twitter.com/SBALinda/status/1035290992658796546
    ... archiving using prefix http://web.archive.org/save/

archiving URL https://twitter.com/JessicaDitto45/status/1035209045026762753
    ... archiving using prefix http://web.archive.org/save/


New tweet from SBALinda: RT @WhiteHouse: Yesterday, the Labor Department
unveiled https://t.co/pLJ58k781o—a one-stop resource for Americans looking to
develop their…

archiving URL http://twitter.com/SBALinda/status/1035571084601552896
    ... archiving using prefix http://web.archive.org/save/


New tweet from JessicaDitto45: RT @VPPressSec: Watch live: @VP addresses the
100th National Convention of the @AmericanLegion 🇺🇸 https://t.co/hz2uyvdOMP

archiving URL http://twitter.com/JessicaDitto45/status/1035209113091891206
    ... archiving using prefix http://web.archive.org/save/
getting all tweets before ID #1024794126519349250
WARNING: attempt to archive timed out, sleeping for 10 seconds
ERROR: unable to get tweets for account @VP
           the system said: Failed to send request:
HTTPSConnectionPool(host='api.twitter.com', port=443): Max retries exceeded with
 url: /1.1/statuses/user_timeline.json?count=200&max_id=1024794126519349250&scre
en_name=VP (Caused by NewConnectionError('<requests.packages.urllib3.connection.
VerifiedHTTPSConnection object at 0xb59b676c>: Failed to establish a new
connection: [Errno -2] Name or service not known',))
about to get all tweets newer than ID #1033515452826361856 for account @Reince
ERROR: unable to get tweets for account @Reince
           the system said: Failed to send request:
HTTPSConnectionPool(host='api.twitter.com', port=443): Max retries exceeded with
 url: /1.1/statuses/user_timeline.json?count=200&screen_name=Reince (Caused by N
ewConnectionError('<requests.packages.urllib3.connection.VerifiedHTTPSConnection
 object at 0xb59db4ac>: Failed to establish a new connection: [Errno -2] Name or
 service not known',))
about to get all tweets newer than ID #1034082495715835904 for account @Cabinet
WARNING: attempt to archive timed out, sleeping for 10 seconds
ERROR: unable to get tweets for account @Cabinet
           the system said: Failed to send request:
HTTPSConnectionPool(host='api.twitter.com', port=443): Max retries exceeded with
 url: /1.1/statuses/user_timeline.json?count=200&screen_name=Cabinet (Caused by
NewConnectionError('<requests.packages.urllib3.connection.VerifiedHTTPSConnectio
n object at 0xb55ec2ec>: Failed to establish a new connection: [Errno -2] Name
or service not known',))
about to get all tweets newer than ID #1034268676638289921 for account
@Scaramucci
WARNING: attempt to archive timed out, sleeping for 10 seconds
ERROR: unable to get tweets for account @Scaramucci
           the system said: Failed to send request:
HTTPSConnectionPool(host='api.twitter.com', port=443): Max retries exceeded with
 url: /1.1/statuses/user_timeline.json?count=200&screen_name=Scaramucci (Caused
by NewConnectionError('<requests.packages.urllib3.connection.VerifiedHTTPSConnec
tion object at 0xb55c42cc>: Failed to establish a new connection: [Errno -2]
Name or service not known',))
about to get all tweets newer than ID #1034248860116430848 for account
@realDonaldTrump
ERROR: unable to get tweets for account @realDonaldTrump
           the system said: Failed to send request:
HTTPSConnectionPool(host='api.twitter.com', port=443): Max retries exceeded with
 url: /1.1/statuses/user_timeline.json?count=200&screen_name=realDonaldTrump
(Caused by NewConnectionError('<requests.packages.urllib3.connection.VerifiedHTT
PSConnection object at 0xb63d98cc>: Failed to establish a new connection: [Errno
 -2] Name or service not known',))
about to get all tweets newer than ID #1034165731292852230 for account
@SecretarySonny
WARNING: attempt to archive timed out, sleeping for 10 seconds
ERROR: unable to get tweets for account @SecretarySonny
           the system said: Failed to send request:
HTTPSConnectionPool(host='api.twitter.com', port=443): Max retries exceeded with
 url: /1.1/statuses/user_timeline.json?count=200&screen_name=SecretarySonny
(Caused by NewConnectionError('<requests.packages.urllib3.connection.VerifiedHTT
PSConnection object at 0xb63d9d4c>: Failed to establish a new connection: [Errno
 -2] Name or service not known',))
about to get all tweets newer than ID #1034240083086508032 for account
@Scavino45
WARNING: attempt to archive timed out, sleeping for 10 seconds
ERROR: unable to get tweets for account @Scavino45
           the system said: Failed to send request:
HTTPSConnectionPool(host='api.twitter.com', port=443): Max retries exceeded with
 url: /1.1/statuses/user_timeline.json?count=200&screen_name=Scavino45 (Caused
by NewConnectionError('<requests.packages.urllib3.connection.VerifiedHTTPSConnec
tion object at 0xb65d1f0c>: Failed to establish a new connection: [Errno -2]
Name or service not known',))
about to get all tweets newer than ID #1034196432318681088 for account
@KellyannePolls
ERROR: unable to get tweets for account @KellyannePolls
           the system said: Failed to send request:
HTTPSConnectionPool(host='api.twitter.com', port=443): Max retries exceeded with
 url: /1.1/statuses/user_timeline.json?count=200&screen_name=KellyannePolls
(Caused by NewConnectionError('<requests.packages.urllib3.connection.VerifiedHTT
PSConnection object at 0xb55ec2ec>: Failed to establish a new connection: [Errno
 -2] Name or service not known',))
about to get all tweets newer than ID #836780744810844161 for account
@StephenMillerAL
WARNING: attempt to archive timed out, sleeping for 10 seconds
ERROR: unable to get tweets for account @StephenMillerAL
           the system said: Failed to send request:
HTTPSConnectionPool(host='api.twitter.com', port=443): Max retries exceeded with
 url: /1.1/statuses/user_timeline.json?count=200&screen_name=StephenMillerAL
(Caused by NewConnectionError('<requests.packages.urllib3.connection.VerifiedHTT
PSConnection object at 0xb659f04c>: Failed to establish a new connection: [Errno
 -2] Name or service not known',))
about to get all tweets newer than ID #1034210103153647616 for account
@SecretaryPerry
WARNING: attempt to archive timed out, sleeping for 10 seconds
ERROR: unable to get tweets for account @SecretaryPerry
           the system said: Failed to send request:
HTTPSConnectionPool(host='api.twitter.com', port=443): Max retries exceeded with
 url: /1.1/statuses/user_timeline.json?count=200&screen_name=SecretaryPerry
(Caused by NewConnectionError('<requests.packages.urllib3.connection.VerifiedHTT
PSConnection object at 0xb63c1cec>: Failed to establish a new connection: [Errno
 -2] Name or service not known',))
about to get all tweets newer than ID #978650205192044545 for account
@SecShulkin
ERROR: unable to get tweets for account @SecShulkin
           the system said: Failed to send request:
HTTPSConnectionPool(host='api.twitter.com', port=443): Max retries exceeded with
 url: /1.1/statuses/user_timeline.json?count=200&screen_name=SecShulkin (Caused
by NewConnectionError('<requests.packages.urllib3.connection.VerifiedHTTPSConnec
tion object at 0xb55ec40c>: Failed to establish a new connection: [Errno -2]
Name or service not known',))
about to get all tweets newer than ID #1034283753428811777 for account
@AshLeeStrong
WARNING: attempt to archive timed out, sleeping for 10 seconds
ERROR: unable to get tweets for account @AshLeeStrong
           the system said: Failed to send request:
HTTPSConnectionPool(host='api.twitter.com', port=443): Max retries exceeded with
 url: /1.1/statuses/user_timeline.json?count=200&screen_name=AshLeeStrong
(Caused by NewConnectionError('<requests.packages.urllib3.connection.VerifiedHTT
PSConnection object at 0xb594010c>: Failed to establish a new connection: [Errno
 -2] Name or service not known',))
about to get all tweets newer than ID #1034233440323948544 for account
@EnergyDepSec
WARNING: attempt to archive timed out, sleeping for 10 seconds
ERROR: unable to get tweets for account @EnergyDepSec
           the system said: Failed to send request:
HTTPSConnectionPool(host='api.twitter.com', port=443): Max retries exceeded with
 url: /1.1/statuses/user_timeline.json?count=200&screen_name=EnergyDepSec
(Caused by NewConnectionError('<requests.packages.urllib3.connection.VerifiedHTT
PSConnection object at 0xb59dbeec>: Failed to establish a new connection: [Errno
 -2] Name or service not known',))
about to get all tweets newer than ID #-1 for account @ElaineChao
ERROR: unable to get tweets for account @ElaineChao
           the system said: Failed to send request:
HTTPSConnectionPool(host='api.twitter.com', port=443): Max retries exceeded with
 url: /1.1/statuses/user_timeline.json?count=200&screen_name=ElaineChao (Caused
by NewConnectionError('<requests.packages.urllib3.connection.VerifiedHTTPSConnec
tion object at 0xb65d1d0c>: Failed to establish a new connection: [Errno -2]
Name or service not known',))
about to get all tweets newer than ID #994396943421001728 for account
@TomBossert45
WARNING: attempt to archive timed out, sleeping for 10 seconds
ERROR: unable to get tweets for account @TomBossert45
           the system said: Failed to send request:
HTTPSConnectionPool(host='api.twitter.com', port=443): Max retries exceeded with
 url: /1.1/statuses/user_timeline.json?count=200&screen_name=TomBossert45
(Caused by NewConnectionError('<requests.packages.urllib3.connection.VerifiedHTT
PSConnection object at 0xb63cc9ec>: Failed to establish a new connection: [Errno
 -2] Name or service not known',))
about to get all tweets newer than ID #1034032972104695808 for account
@SecretaryAcosta
WARNING: attempt to archive timed out, sleeping for 10 seconds
ERROR: unable to get tweets for account @SecretaryAcosta
           the system said: Failed to send request:
HTTPSConnectionPool(host='api.twitter.com', port=443): Max retries exceeded with
 url: /1.1/statuses/user_timeline.json?count=200&screen_name=SecretaryAcosta
(Caused by NewConnectionError('<requests.packages.urllib3.connection.VerifiedHTT
PSConnection object at 0xb65a446c>: Failed to establish a new connection: [Errno
 -2] Name or service not known',))
about to get all tweets newer than ID #1034256134922805248 for account @PressSec
ERROR: unable to get tweets for account @PressSec
           the system said: Failed to send request:
HTTPSConnectionPool(host='api.twitter.com', port=443): Max retries exceeded with
 url: /1.1/statuses/user_timeline.json?count=200&screen_name=PressSec (Caused by
 NewConnectionError('<requests.packages.urllib3.connection.VerifiedHTTPSConnecti
on object at 0xb63cb9cc>: Failed to establish a new connection: [Errno -2] Name
or service not known',))
about to get all tweets newer than ID #1034162508825862144 for account
@SpeakerRyan
WARNING: attempt to archive timed out, sleeping for 10 seconds
ERROR: unable to get tweets for account @SpeakerRyan
           the system said: Failed to send request:
HTTPSConnectionPool(host='api.twitter.com', port=443): Max retries exceeded with
 url: /1.1/statuses/user_timeline.json?count=200&screen_name=SpeakerRyan (Caused
 by NewConnectionError('<requests.packages.urllib3.connection.VerifiedHTTPSConne
ction object at 0xb55eca2c>: Failed to establish a new connection: [Errno -2]
Name or service not known',))
about to get all tweets newer than ID #1034067447152865280 for account
@seanspicer
WARNING: attempt to archive timed out, sleeping for 10 seconds
ERROR: unable to get tweets for account @seanspicer
           the system said: Failed to send request:
HTTPSConnectionPool(host='api.twitter.com', port=443): Max retries exceeded with
 url: /1.1/statuses/user_timeline.json?count=200&screen_name=seanspicer (Caused
by NewConnectionError('<requests.packages.urllib3.connection.VerifiedHTTPSConnec
tion object at 0xb65d156c>: Failed to establish a new connection: [Errno -2]
Name or service not known',))
about to get all tweets newer than ID #832282841471918080 for account
@BetsyDeVos
ERROR: unable to get tweets for account @BetsyDeVos
           the system said: Failed to send request:
HTTPSConnectionPool(host='api.twitter.com', port=443): Max retries exceeded with
 url: /1.1/statuses/user_timeline.json?count=200&screen_name=BetsyDeVos (Caused
by NewConnectionError('<requests.packages.urllib3.connection.VerifiedHTTPSConnec
tion object at 0xb63cc5cc>: Failed to establish a new connection: [Errno -2]
Name or service not known',))
about to get all tweets newer than ID #1033698792808296449 for account
@AmbJohnBolton
WARNING: attempt to archive timed out, sleeping for 10 seconds
ERROR: unable to get tweets for account @AmbJohnBolton
           the system said: Failed to send request:
HTTPSConnectionPool(host='api.twitter.com', port=443): Max retries exceeded with
 url: /1.1/statuses/user_timeline.json?count=200&screen_name=AmbJohnBolton
(Caused by NewConnectionError('<requests.packages.urllib3.connection.VerifiedHTT
PSConnection object at 0xb659f58c>: Failed to establish a new connection: [Errno
 -2] Name or service not known',))
about to get all tweets newer than ID #1034176586902331392 for account
@nikkihaley
WARNING: attempt to archive timed out, sleeping for 10 seconds
ERROR: unable to get tweets for account @nikkihaley
           the system said: Failed to send request:
HTTPSConnectionPool(host='api.twitter.com', port=443): Max retries exceeded with
 url: /1.1/statuses/user_timeline.json?count=200&screen_name=nikkihaley (Caused
by NewConnectionError('<requests.packages.urllib3.connection.VerifiedHTTPSConnec
tion object at 0xb63cb7ec>: Failed to establish a new connection: [Errno -2]
Name or service not known',))
about to get all tweets newer than ID #890659905798983680 for account @Reince45
ERROR: unable to get tweets for account @Reince45
           the system said: Failed to send request:
HTTPSConnectionPool(host='api.twitter.com', port=443): Max retries exceeded with
 url: /1.1/statuses/user_timeline.json?count=200&screen_name=Reince45 (Caused by
 NewConnectionError('<requests.packages.urllib3.connection.VerifiedHTTPSConnecti
on object at 0xb63cb48c>: Failed to establish a new connection: [Errno -2] Name
or service not known',))
about to get all tweets newer than ID #830074939298414592 for account
@RepTomPrice
WARNING: attempt to archive timed out, sleeping for 10 seconds
ERROR: unable to get tweets for account @RepTomPrice
           the system said: Failed to send request:
HTTPSConnectionPool(host='api.twitter.com', port=443): Max retries exceeded with
 url: /1.1/statuses/user_timeline.json?count=200&screen_name=RepTomPrice (Caused
 by NewConnectionError('<requests.packages.urllib3.connection.VerifiedHTTPSConne
ction object at 0xb659fbac>: Failed to establish a new connection: [Errno -2]
Name or service not known',))
about to get all tweets newer than ID #1034202781953839104 for account
@SecretaryRoss
WARNING: attempt to archive timed out, sleeping for 10 seconds
ERROR: unable to get tweets for account @SecretaryRoss
           the system said: Failed to send request:
HTTPSConnectionPool(host='api.twitter.com', port=443): Max retries exceeded with
 url: /1.1/statuses/user_timeline.json?count=200&screen_name=SecretaryRoss
(Caused by NewConnectionError('<requests.packages.urllib3.connection.VerifiedHTT
PSConnection object at 0xb55c478c>: Failed to establish a new connection: [Errno
 -2] Name or service not known',))
about to get all tweets newer than ID #1034168859656376320 for account @Comey
ERROR: unable to get tweets for account @Comey
           the system said: Failed to send request:
HTTPSConnectionPool(host='api.twitter.com', port=443): Max retries exceeded with
 url: /1.1/statuses/user_timeline.json?count=200&screen_name=Comey (Caused by Ne
wConnectionError('<requests.packages.urllib3.connection.VerifiedHTTPSConnection
object at 0xb5940e8c>: Failed to establish a new connection: [Errno -2] Name or
service not known',))
about to get all tweets newer than ID #1033086716960227329 for account
@mike_pence
WARNING: attempt to archive timed out, sleeping for 10 seconds
ERROR: unable to get tweets for account @mike_pence
           the system said: Failed to send request:
HTTPSConnectionPool(host='api.twitter.com', port=443): Max retries exceeded with
 url: /1.1/statuses/user_timeline.json?count=200&screen_name=mike_pence (Caused
by NewConnectionError('<requests.packages.urllib3.connection.VerifiedHTTPSConnec
tion object at 0xb65a4f8c>: Failed to establish a new connection: [Errno -2]
Name or service not known',))
about to get all tweets newer than ID #1032342891522404352 for account
@MickMulvaneyOMB
WARNING: attempt to archive timed out, sleeping for 10 seconds
ERROR: unable to get tweets for account @MickMulvaneyOMB
           the system said: Failed to send request:
HTTPSConnectionPool(host='api.twitter.com', port=443): Max retries exceeded with
 url: /1.1/statuses/user_timeline.json?count=200&screen_name=MickMulvaneyOMB
(Caused by NewConnectionError('<requests.packages.urllib3.connection.VerifiedHTT
PSConnection object at 0xb65a4f4c>: Failed to establish a new connection: [Errno
 -2] Name or service not known',))
about to get all tweets newer than ID #1034242887611871233 for account
@GovernorPerry
ERROR: unable to get tweets for account @GovernorPerry
           the system said: Failed to send request:
HTTPSConnectionPool(host='api.twitter.com', port=443): Max retries exceeded with
 url: /1.1/statuses/user_timeline.json?count=200&screen_name=GovernorPerry
(Caused by NewConnectionError('<requests.packages.urllib3.connection.VerifiedHTT
PSConnection object at 0xb63cb54c>: Failed to establish a new connection: [Errno
 -2] Name or service not known',))
about to get all tweets newer than ID #1034280384735916032 for account
@SecondLady
WARNING: attempt to archive timed out, sleeping for 10 seconds
ERROR: unable to get tweets for account @SecondLady
           the system said: Failed to send request:
HTTPSConnectionPool(host='api.twitter.com', port=443): Max retries exceeded with
 url: /1.1/statuses/user_timeline.json?count=200&screen_name=SecondLady (Caused
by NewConnectionError('<requests.packages.urllib3.connection.VerifiedHTTPSConnec
tion object at 0xb63b9c4c>: Failed to establish a new connection: [Errno -2]
Name or service not known',))
about to get all tweets newer than ID #1034216743839780864 for account
@WhiteHouse
WARNING: attempt to archive timed out, sleeping for 10 seconds
ERROR: unable to get tweets for account @WhiteHouse
           the system said: Failed to send request:
HTTPSConnectionPool(host='api.twitter.com', port=443): Max retries exceeded with
 url: /1.1/statuses/user_timeline.json?count=200&screen_name=WhiteHouse (Caused
by NewConnectionError('<requests.packages.urllib3.connection.VerifiedHTTPSConnec
tion object at 0xb659fdcc>: Failed to establish a new connection: [Errno -2]
Name or service not known',))
about to get all tweets newer than ID #1034177478477135872 for account @SecAzar
ERROR: unable to get tweets for account @SecAzar
           the system said: Failed to send request:
HTTPSConnectionPool(host='api.twitter.com', port=443): Max retries exceeded with
 url: /1.1/statuses/user_timeline.json?count=200&screen_name=SecAzar (Caused by
NewConnectionError('<requests.packages.urllib3.connection.VerifiedHTTPSConnectio
n object at 0xb55c4f0c>: Failed to establish a new connection: [Errno -2] Name
or service not known',))
about to get all tweets newer than ID #954801265732661248 for account
@MELANIATRUMP
WARNING: attempt to archive timed out, sleeping for 10 seconds
ERROR: unable to get tweets for account @MELANIATRUMP
           the system said: Failed to send request:
HTTPSConnectionPool(host='api.twitter.com', port=443): Max retries exceeded with
 url: /1.1/statuses/user_timeline.json?count=200&screen_name=MELANIATRUMP
(Caused by NewConnectionError('<requests.packages.urllib3.connection.VerifiedHTT
PSConnection object at 0xb638796c>: Failed to establish a new connection: [Errno
 -2] Name or service not known',))
about to get all tweets newer than ID #1021844939473387520 for account
@IvankaTrumpHQ
WARNING: attempt to archive timed out, sleeping for 10 seconds
ERROR: unable to get tweets for account @IvankaTrumpHQ
           the system said: Failed to send request:
HTTPSConnectionPool(host='api.twitter.com', port=443): Max retries exceeded with
 url: /1.1/statuses/user_timeline.json?count=200&screen_name=IvankaTrumpHQ
(Caused by NewConnectionError('<requests.packages.urllib3.connection.VerifiedHTT
PSConnection object at 0xb55ecc2c>: Failed to establish a new connection: [Errno
 -2] Name or service not known',))
about to get all tweets newer than ID #1034276028712214528 for account @POTUS
ERROR: unable to get tweets for account @POTUS
           the system said: Failed to send request:
HTTPSConnectionPool(host='api.twitter.com', port=443): Max retries exceeded with
 url: /1.1/statuses/user_timeline.json?count=200&screen_name=POTUS (Caused by Ne
wConnectionError('<requests.packages.urllib3.connection.VerifiedHTTPSConnection
object at 0xb65d1e2c>: Failed to establish a new connection: [Errno -2] Name or
service not known',))
about to get all tweets newer than ID #1034244126684966913 for account
@SecNielsen
WARNING: attempt to archive timed out, sleeping for 10 seconds
ERROR: unable to get tweets for account @SecNielsen
           the system said: Failed to send request:
HTTPSConnectionPool(host='api.twitter.com', port=443): Max retries exceeded with
 url: /1.1/statuses/user_timeline.json?count=200&screen_name=SecNielsen (Caused
by NewConnectionError('<requests.packages.urllib3.connection.VerifiedHTTPSConnec
tion object at 0xb634ba0c>: Failed to establish a new connection: [Errno -2]
Name or service not known',))
about to get all tweets newer than ID #1033151722418405377 for account @PRyan
WARNING: attempt to archive timed out, sleeping for 10 seconds
ERROR: unable to get tweets for account @PRyan
           the system said: Failed to send request:
HTTPSConnectionPool(host='api.twitter.com', port=443): Max retries exceeded with
 url: /1.1/statuses/user_timeline.json?count=200&screen_name=PRyan (Caused by Ne
wConnectionError('<requests.packages.urllib3.connection.VerifiedHTTPSConnection
object at 0xb59dbd6c>: Failed to establish a new connection: [Errno -2] Name or
service not known',))
about to get all tweets newer than ID #913881045652688901 for account
@SecPriceMD
ERROR: unable to get tweets for account @SecPriceMD
           the system said: Failed to send request:
HTTPSConnectionPool(host='api.twitter.com', port=443): Max retries exceeded with
 url: /1.1/statuses/user_timeline.json?count=200&screen_name=SecPriceMD (Caused
by NewConnectionError('<requests.packages.urllib3.connection.VerifiedHTTPSConnec
tion object at 0xb6387ccc>: Failed to establish a new connection: [Errno -2]
Name or service not known',))
about to get all tweets newer than ID #1034268837716344833 for account @FLOTUS
WARNING: attempt to archive timed out, sleeping for 10 seconds
ERROR: unable to get tweets for account @FLOTUS
           the system said: Failed to send request:
HTTPSConnectionPool(host='api.twitter.com', port=443): Max retries exceeded with
 url: /1.1/statuses/user_timeline.json?count=200&screen_name=FLOTUS (Caused by N
ewConnectionError('<requests.packages.urllib3.connection.VerifiedHTTPSConnection
 object at 0xb65d122c>: Failed to establish a new connection: [Errno -2] Name or
 service not known',))
about to get all tweets newer than ID #1034192111908872192 for account
@SecretaryCarson
WARNING: attempt to archive timed out, sleeping for 10 seconds
ERROR: unable to get tweets for account @SecretaryCarson
           the system said: Failed to send request:
HTTPSConnectionPool(host='api.twitter.com', port=443): Max retries exceeded with
 url: /1.1/statuses/user_timeline.json?count=200&screen_name=SecretaryCarson
(Caused by NewConnectionError('<requests.packages.urllib3.connection.VerifiedHTT
PSConnection object at 0xb65c5c2c>: Failed to establish a new connection: [Errno
 -2] Name or service not known',))
about to get all tweets newer than ID #1034267309119102976 for account
@statedeptspox
ERROR: unable to get tweets for account @statedeptspox
           the system said: Failed to send request:
HTTPSConnectionPool(host='api.twitter.com', port=443): Max retries exceeded with
 url: /1.1/statuses/user_timeline.json?count=200&screen_name=statedeptspox
(Caused by NewConnectionError('<requests.packages.urllib3.connection.VerifiedHTT
PSConnection object at 0xb65c576c>: Failed to establish a new connection: [Errno
 -2] Name or service not known',))
about to get all tweets newer than ID #1033535561150201857 for account
@BetsyDeVosED
WARNING: attempt to archive timed out, sleeping for 10 seconds
ERROR: unable to get tweets for account @BetsyDeVosED
           the system said: Failed to send request:
HTTPSConnectionPool(host='api.twitter.com', port=443): Max retries exceeded with
 url: /1.1/statuses/user_timeline.json?count=200&screen_name=BetsyDeVosED
(Caused by NewConnectionError('<requests.packages.urllib3.connection.VerifiedHTT
PSConnection object at 0xb63b9bcc>: Failed to establish a new connection: [Errno
 -2] Name or service not known',))
about to get all tweets newer than ID #1030454318183469056 for account
@RealBenCarson
WARNING: attempt to archive timed out, sleeping for 10 seconds
ERROR: unable to get tweets for account @RealBenCarson
           the system said: Failed to send request:
HTTPSConnectionPool(host='api.twitter.com', port=443): Max retries exceeded with
 url: /1.1/statuses/user_timeline.json?count=200&screen_name=RealBenCarson
(Caused by NewConnectionError('<requests.packages.urllib3.connection.VerifiedHTT
PSConnection object at 0xb63d07cc>: Failed to establish a new connection: [Errno
 -2] Name or service not known',))
about to get all tweets newer than ID #903694300306923521 for account
@SecElaineChao
ERROR: unable to get tweets for account @SecElaineChao
           the system said: Failed to send request:
HTTPSConnectionPool(host='api.twitter.com', port=443): Max retries exceeded with
 url: /1.1/statuses/user_timeline.json?count=200&screen_name=SecElaineChao
(Caused by NewConnectionError('<requests.packages.urllib3.connection.VerifiedHTT
PSConnection object at 0xb659fa2c>: Failed to establish a new connection: [Errno
 -2] Name or service not known',))
about to get all tweets newer than ID #816846808789958656 for account
@SenDanCoats
WARNING: attempt to archive timed out, sleeping for 10 seconds
ERROR: unable to get tweets for account @SenDanCoats
           the system said: Failed to send request:
HTTPSConnectionPool(host='api.twitter.com', port=443): Max retries exceeded with
 url: /1.1/statuses/user_timeline.json?count=200&screen_name=SenDanCoats (Caused
 by NewConnectionError('<requests.packages.urllib3.connection.VerifiedHTTPSConne
ction object at 0xb61ea4ac>: Failed to establish a new connection: [Errno -2]
Name or service not known',))
about to get all tweets newer than ID #1034194954069803008 for account
@IvankaTrump
WARNING: attempt to archive timed out, sleeping for 10 seconds
ERROR: unable to get tweets for account @IvankaTrump
           the system said: Failed to send request:
HTTPSConnectionPool(host='api.twitter.com', port=443): Max retries exceeded with
 url: /1.1/statuses/user_timeline.json?count=200&screen_name=IvankaTrump (Caused
 by NewConnectionError('<requests.packages.urllib3.connection.VerifiedHTTPSConne
ction object at 0xb61ea28c>: Failed to establish a new connection: [Errno -2]
Name or service not known',))
... OK, we're set up, and about to watch 620571475, 819992522109894658,
836724024688410625, 920035992073064450, 799764016885329921, 827258161841135623,
65522706, 832672006113931269, 15985455, 29547260, 823638938590085124,
1923451808, 809836066316451840, 818910970567344128, 20733972,
818928162449068032, 24578794, 25073877, 842072478834909184, 823367015830323201,
471672239, 728361177986797568, 830128820447539208, 831482588246196225,
296060169, 894923298374651904, 105267762, 866746592853979137,
819980276570976256, 818927131883356161, 18916432, 20776147, 599530439,
118756393, 37666984, 803703725730779136, 6577802, 836305915452272641,
2334193741, 22203756, 888031054141022209, 18906561, 822127086194348032,
822215673812119553, 956283913835614208, 108471631, 798195585824104449,
822215679726100480, 935148134505828353, 733751245, 829782369670410240,
818876014390603776, 828613457020870657, 1967216306, 828997388920619008,
1180379185, 826065858548133888, 212262370, 52544275
