Hello, traveler. This is the beginning of a log file called: "Fascist Tweet Archiver".
Some basic system info about the host machine: posix.uname_result(sysname='Linux', nodename='file-server', release='3.16.0-6-686-pae', version='#1 SMP Debian 3.16.57-2 (2018-07-14)', machine='i686')
This log was begun Monday, 03 September 2018 at 21:44



INFO: read target account data; we're tracking 59 accounts
WARNING: no ProtocolError (got exception "name 'ProtocolError' is not defined");
 trying requests.packages.urllib3.exceptions instead
NOTE: successfully imported from requests
Starting up...
about to get all tweets newer than ID #1034240083086508032 for account
@Scavino45
ERROR: unable to get tweets for account @Scavino45
           the system said: Failed to send request:
HTTPSConnectionPool(host='api.twitter.com', port=443): Max retries exceeded with
 url: /1.1/statuses/user_timeline.json?count=200&screen_name=Scavino45 (Caused
by NewConnectionError('<requests.packages.urllib3.connection.VerifiedHTTPSConnec
tion object at 0xb670e5cc>: Failed to establish a new connection: [Errno -2]
Name or service not known',))
about to get all tweets newer than ID #978650205192044545 for account
@SecShulkin
ERROR: unable to get tweets for account @SecShulkin
           the system said: Failed to send request:
HTTPSConnectionPool(host='api.twitter.com', port=443): Max retries exceeded with
 url: /1.1/statuses/user_timeline.json?count=200&screen_name=SecShulkin (Caused
by NewConnectionError('<requests.packages.urllib3.connection.VerifiedHTTPSConnec
tion object at 0xb6654f8c>: Failed to establish a new connection: [Errno -2]
Name or service not known',))
about to get all tweets newer than ID #1034067447152865280 for account
@seanspicer
ERROR: unable to get tweets for account @seanspicer
           the system said: Failed to send request:
HTTPSConnectionPool(host='api.twitter.com', port=443): Max retries exceeded with
 url: /1.1/statuses/user_timeline.json?count=200&screen_name=seanspicer (Caused
by NewConnectionError('<requests.packages.urllib3.connection.VerifiedHTTPSConnec
tion object at 0xb66540ec>: Failed to establish a new connection: [Errno -2]
Name or service not known',))
about to get all tweets newer than ID #1034233440323948544 for account
@EnergyDepSec
ERROR: unable to get tweets for account @EnergyDepSec
           the system said: Failed to send request:
HTTPSConnectionPool(host='api.twitter.com', port=443): Max retries exceeded with
 url: /1.1/statuses/user_timeline.json?count=200&screen_name=EnergyDepSec
(Caused by NewConnectionError('<requests.packages.urllib3.connection.VerifiedHTT
PSConnection object at 0xb666028c>: Failed to establish a new connection: [Errno
 -2] Name or service not known',))
about to get all tweets newer than ID #1034216743839780864 for account
@WhiteHouse
ERROR: unable to get tweets for account @WhiteHouse
           the system said: Failed to send request:
HTTPSConnectionPool(host='api.twitter.com', port=443): Max retries exceeded with
 url: /1.1/statuses/user_timeline.json?count=200&screen_name=WhiteHouse (Caused
by NewConnectionError('<requests.packages.urllib3.connection.VerifiedHTTPSConnec
tion object at 0xb6661b8c>: Failed to establish a new connection: [Errno -2]
Name or service not known',))
about to get all tweets newer than ID #1034244126684966913 for account
@SecNielsen
ERROR: unable to get tweets for account @SecNielsen
           the system said: Failed to send request:
HTTPSConnectionPool(host='api.twitter.com', port=443): Max retries exceeded with
 url: /1.1/statuses/user_timeline.json?count=200&screen_name=SecNielsen (Caused
by NewConnectionError('<requests.packages.urllib3.connection.VerifiedHTTPSConnec
tion object at 0xb665988c>: Failed to establish a new connection: [Errno -2]
Name or service not known',))
about to get all tweets newer than ID #1034242887611871233 for account
@GovernorPerry
ERROR: unable to get tweets for account @GovernorPerry
           the system said: Failed to send request:
HTTPSConnectionPool(host='api.twitter.com', port=443): Max retries exceeded with
 url: /1.1/statuses/user_timeline.json?count=200&screen_name=GovernorPerry
(Caused by NewConnectionError('<requests.packages.urllib3.connection.VerifiedHTT
PSConnection object at 0xb6654b8c>: Failed to establish a new connection: [Errno
 -2] Name or service not known',))
about to get all tweets newer than ID #1035209045026762753 for account
@JessicaDitto45
ERROR: unable to get tweets for account @JessicaDitto45
           the system said: Failed to send request:
HTTPSConnectionPool(host='api.twitter.com', port=443): Max retries exceeded with
 url: /1.1/statuses/user_timeline.json?count=200&screen_name=JessicaDitto45
(Caused by NewConnectionError('<requests.packages.urllib3.connection.VerifiedHTT
PSConnection object at 0xb66549ec>: Failed to establish a new connection: [Errno
 -2] Name or service not known',))
about to get all tweets newer than ID #1034082495715835904 for account @Cabinet
ERROR: unable to get tweets for account @Cabinet
           the system said: Failed to send request:
HTTPSConnectionPool(host='api.twitter.com', port=443): Max retries exceeded with
 url: /1.1/statuses/user_timeline.json?count=200&screen_name=Cabinet (Caused by
NewConnectionError('<requests.packages.urllib3.connection.VerifiedHTTPSConnectio
n object at 0xb665952c>: Failed to establish a new connection: [Errno -2] Name
or service not known',))
about to get all tweets newer than ID #1034280384735916032 for account
@SecondLady
ERROR: unable to get tweets for account @SecondLady
           the system said: Failed to send request:
HTTPSConnectionPool(host='api.twitter.com', port=443): Max retries exceeded with
 url: /1.1/statuses/user_timeline.json?count=200&screen_name=SecondLady (Caused
by NewConnectionError('<requests.packages.urllib3.connection.VerifiedHTTPSConnec
tion object at 0xb6668e0c>: Failed to establish a new connection: [Errno -2]
Name or service not known',))
about to get all tweets newer than ID #1035910195363422208 for account
@DepSecHargan
ERROR: unable to get tweets for account @DepSecHargan
           the system said: Failed to send request:
HTTPSConnectionPool(host='api.twitter.com', port=443): Max retries exceeded with
 url: /1.1/statuses/user_timeline.json?count=200&screen_name=DepSecHargan
(Caused by NewConnectionError('<requests.packages.urllib3.connection.VerifiedHTT
PSConnection object at 0xb666038c>: Failed to establish a new connection: [Errno
 -2] Name or service not known',))
about to get all tweets newer than ID #824610180881117184 for account
@GovPenceIN
ERROR: unable to get tweets for account @GovPenceIN
           the system said: Failed to send request:
HTTPSConnectionPool(host='api.twitter.com', port=443): Max retries exceeded with
 url: /1.1/statuses/user_timeline.json?count=200&screen_name=GovPenceIN (Caused
by NewConnectionError('<requests.packages.urllib3.connection.VerifiedHTTPSConnec
tion object at 0xb665946c>: Failed to establish a new connection: [Errno -2]
Name or service not known',))
about to get all tweets newer than ID #1034194954069803008 for account
@IvankaTrump
ERROR: unable to get tweets for account @IvankaTrump
           the system said: Failed to send request:
HTTPSConnectionPool(host='api.twitter.com', port=443): Max retries exceeded with
 url: /1.1/statuses/user_timeline.json?count=200&screen_name=IvankaTrump (Caused
 by NewConnectionError('<requests.packages.urllib3.connection.VerifiedHTTPSConne
ction object at 0xb6667fac>: Failed to establish a new connection: [Errno -2]
Name or service not known',))
about to get all tweets newer than ID #830074939298414592 for account
@RepTomPrice
ERROR: unable to get tweets for account @RepTomPrice
           the system said: Failed to send request:
HTTPSConnectionPool(host='api.twitter.com', port=443): Max retries exceeded with
 url: /1.1/statuses/user_timeline.json?count=200&screen_name=RepTomPrice (Caused
 by NewConnectionError('<requests.packages.urllib3.connection.VerifiedHTTPSConne
ction object at 0xb6659c2c>: Failed to establish a new connection: [Errno -2]
Name or service not known',))
about to get all tweets newer than ID #1033151722418405377 for account @PRyan
ERROR: unable to get tweets for account @PRyan
           the system said: Failed to send request:
HTTPSConnectionPool(host='api.twitter.com', port=443): Max retries exceeded with
 url: /1.1/statuses/user_timeline.json?count=200&screen_name=PRyan (Caused by Ne
wConnectionError('<requests.packages.urllib3.connection.VerifiedHTTPSConnection
object at 0xb666166c>: Failed to establish a new connection: [Errno -2] Name or
service not known',))
about to get all tweets newer than ID #1034268676638289921 for account
@Scaramucci
ERROR: unable to get tweets for account @Scaramucci
           the system said: Failed to send request:
HTTPSConnectionPool(host='api.twitter.com', port=443): Max retries exceeded with
 url: /1.1/statuses/user_timeline.json?count=200&screen_name=Scaramucci (Caused
by NewConnectionError('<requests.packages.urllib3.connection.VerifiedHTTPSConnec
tion object at 0xb670e2ac>: Failed to establish a new connection: [Errno -2]
Name or service not known',))
about to get all tweets newer than ID #1034256134922805248 for account @PressSec
ERROR: unable to get tweets for account @PressSec
           the system said: Failed to send request:
HTTPSConnectionPool(host='api.twitter.com', port=443): Max retries exceeded with
 url: /1.1/statuses/user_timeline.json?count=200&screen_name=PressSec (Caused by
 NewConnectionError('<requests.packages.urllib3.connection.VerifiedHTTPSConnecti
on object at 0xb665912c>: Failed to establish a new connection: [Errno -2] Name
or service not known',))
about to get all tweets newer than ID #903694300306923521 for account
@SecElaineChao
ERROR: unable to get tweets for account @SecElaineChao
           the system said: Failed to send request:
HTTPSConnectionPool(host='api.twitter.com', port=443): Max retries exceeded with
 url: /1.1/statuses/user_timeline.json?count=200&screen_name=SecElaineChao
(Caused by NewConnectionError('<requests.packages.urllib3.connection.VerifiedHTT
PSConnection object at 0xb66691cc>: Failed to establish a new connection: [Errno
 -2] Name or service not known',))
about to get all tweets newer than ID #890659905798983680 for account @Reince45
ERROR: unable to get tweets for account @Reince45
           the system said: Failed to send request:
HTTPSConnectionPool(host='api.twitter.com', port=443): Max retries exceeded with
 url: /1.1/statuses/user_timeline.json?count=200&screen_name=Reince45 (Caused by
 NewConnectionError('<requests.packages.urllib3.connection.VerifiedHTTPSConnecti
on object at 0xb666028c>: Failed to establish a new connection: [Errno -2] Name
or service not known',))
about to get all tweets newer than ID #1035885168018509824 for account
@SecretaryZinke
ERROR: unable to get tweets for account @SecretaryZinke
           the system said: Failed to send request:
HTTPSConnectionPool(host='api.twitter.com', port=443): Max retries exceeded with
 url: /1.1/statuses/user_timeline.json?count=200&screen_name=SecretaryZinke
(Caused by NewConnectionError('<requests.packages.urllib3.connection.VerifiedHTT
PSConnection object at 0xb66599ac>: Failed to establish a new connection: [Errno
 -2] Name or service not known',))
about to get all tweets newer than ID #1032342891522404352 for account
@MickMulvaneyOMB
ERROR: unable to get tweets for account @MickMulvaneyOMB
           the system said: Failed to send request:
HTTPSConnectionPool(host='api.twitter.com', port=443): Max retries exceeded with
 url: /1.1/statuses/user_timeline.json?count=200&screen_name=MickMulvaneyOMB
(Caused by NewConnectionError('<requests.packages.urllib3.connection.VerifiedHTT
PSConnection object at 0xb666d0cc>: Failed to establish a new connection: [Errno
 -2] Name or service not known',))
about to get all tweets newer than ID #1034210103153647616 for account
@SecretaryPerry
ERROR: unable to get tweets for account @SecretaryPerry
           the system said: Failed to send request:
HTTPSConnectionPool(host='api.twitter.com', port=443): Max retries exceeded with
 url: /1.1/statuses/user_timeline.json?count=200&screen_name=SecretaryPerry
(Caused by NewConnectionError('<requests.packages.urllib3.connection.VerifiedHTT
PSConnection object at 0xb666e58c>: Failed to establish a new connection: [Errno
 -2] Name or service not known',))
about to get all tweets newer than ID #1003795765028884485 for account
@Linda_McMahon
ERROR: unable to get tweets for account @Linda_McMahon
           the system said: Failed to send request:
HTTPSConnectionPool(host='api.twitter.com', port=443): Max retries exceeded with
 url: /1.1/statuses/user_timeline.json?count=200&screen_name=Linda_McMahon
(Caused by NewConnectionError('<requests.packages.urllib3.connection.VerifiedHTT
PSConnection object at 0xb666788c>: Failed to establish a new connection: [Errno
 -2] Name or service not known',))
about to get all tweets newer than ID #1033535561150201857 for account
@BetsyDeVosED
ERROR: unable to get tweets for account @BetsyDeVosED
           the system said: Failed to send request:
HTTPSConnectionPool(host='api.twitter.com', port=443): Max retries exceeded with
 url: /1.1/statuses/user_timeline.json?count=200&screen_name=BetsyDeVosED
(Caused by NewConnectionError('<requests.packages.urllib3.connection.VerifiedHTT
PSConnection object at 0xb6667d0c>: Failed to establish a new connection: [Errno
 -2] Name or service not known',))
about to get all tweets newer than ID #1034162508825862144 for account
@SpeakerRyan
ERROR: unable to get tweets for account @SpeakerRyan
           the system said: Failed to send request:
HTTPSConnectionPool(host='api.twitter.com', port=443): Max retries exceeded with
 url: /1.1/statuses/user_timeline.json?count=200&screen_name=SpeakerRyan (Caused
 by NewConnectionError('<requests.packages.urllib3.connection.VerifiedHTTPSConne
ction object at 0xb66691ec>: Failed to establish a new connection: [Errno -2]
Name or service not known',))
about to get all tweets newer than ID #1033515452826361856 for account @Reince
ERROR: unable to get tweets for account @Reince
           the system said: Failed to send request:
HTTPSConnectionPool(host='api.twitter.com', port=443): Max retries exceeded with
 url: /1.1/statuses/user_timeline.json?count=200&screen_name=Reince (Caused by N
ewConnectionError('<requests.packages.urllib3.connection.VerifiedHTTPSConnection
 object at 0xb665908c>: Failed to establish a new connection: [Errno -2] Name or
 service not known',))
about to get all tweets newer than ID #1034267309119102976 for account
@statedeptspox
ERROR: unable to get tweets for account @statedeptspox
           the system said: Failed to send request:
HTTPSConnectionPool(host='api.twitter.com', port=443): Max retries exceeded with
 url: /1.1/statuses/user_timeline.json?count=200&screen_name=statedeptspox
(Caused by NewConnectionError('<requests.packages.urllib3.connection.VerifiedHTT
PSConnection object at 0xb6659bac>: Failed to establish a new connection: [Errno
 -2] Name or service not known',))
about to get all tweets newer than ID #1034168859656376320 for account @Comey
ERROR: unable to get tweets for account @Comey
           the system said: Failed to send request:
HTTPSConnectionPool(host='api.twitter.com', port=443): Max retries exceeded with
 url: /1.1/statuses/user_timeline.json?count=200&screen_name=Comey (Caused by Ne
wConnectionError('<requests.packages.urllib3.connection.VerifiedHTTPSConnection
object at 0xb666922c>: Failed to establish a new connection: [Errno -2] Name or
service not known',))
about to get all tweets newer than ID #-1 for account @ElaineChao
ERROR: unable to get tweets for account @ElaineChao
           the system said: Failed to send request:
HTTPSConnectionPool(host='api.twitter.com', port=443): Max retries exceeded with
 url: /1.1/statuses/user_timeline.json?count=200&screen_name=ElaineChao (Caused
by NewConnectionError('<requests.packages.urllib3.connection.VerifiedHTTPSConnec
tion object at 0xb666122c>: Failed to establish a new connection: [Errno -2]
Name or service not known',))
about to get all tweets newer than ID #832282841471918080 for account
@BetsyDeVos
ERROR: unable to get tweets for account @BetsyDeVos
           the system said: Failed to send request:
HTTPSConnectionPool(host='api.twitter.com', port=443): Max retries exceeded with
 url: /1.1/statuses/user_timeline.json?count=200&screen_name=BetsyDeVos (Caused
by NewConnectionError('<requests.packages.urllib3.connection.VerifiedHTTPSConnec
tion object at 0xb6661ecc>: Failed to establish a new connection: [Errno -2]
Name or service not known',))
about to get all tweets newer than ID #1034165731292852230 for account
@SecretarySonny
ERROR: unable to get tweets for account @SecretarySonny
           the system said: Failed to send request:
HTTPSConnectionPool(host='api.twitter.com', port=443): Max retries exceeded with
 url: /1.1/statuses/user_timeline.json?count=200&screen_name=SecretarySonny
(Caused by NewConnectionError('<requests.packages.urllib3.connection.VerifiedHTT
PSConnection object at 0xb666798c>: Failed to establish a new connection: [Errno
 -2] Name or service not known',))
about to get all tweets newer than ID #1035290992658796546 for account @SBALinda
ERROR: unable to get tweets for account @SBALinda
           the system said: Failed to send request:
HTTPSConnectionPool(host='api.twitter.com', port=443): Max retries exceeded with
 url: /1.1/statuses/user_timeline.json?count=200&screen_name=SBALinda (Caused by
 NewConnectionError('<requests.packages.urllib3.connection.VerifiedHTTPSConnecti
on object at 0xb6654bcc>: Failed to establish a new connection: [Errno -2] Name
or service not known',))
about to get all tweets newer than ID #994396943421001728 for account
@TomBossert45
ERROR: unable to get tweets for account @TomBossert45
           the system said: Failed to send request:
HTTPSConnectionPool(host='api.twitter.com', port=443): Max retries exceeded with
 url: /1.1/statuses/user_timeline.json?count=200&screen_name=TomBossert45
(Caused by NewConnectionError('<requests.packages.urllib3.connection.VerifiedHTT
PSConnection object at 0xb6669c8c>: Failed to establish a new connection: [Errno
 -2] Name or service not known',))
about to get all tweets newer than ID #1034512578037383168 for account
@stevenmnuchin1
ERROR: unable to get tweets for account @stevenmnuchin1
           the system said: Failed to send request:
HTTPSConnectionPool(host='api.twitter.com', port=443): Max retries exceeded with
 url: /1.1/statuses/user_timeline.json?count=200&screen_name=stevenmnuchin1
(Caused by NewConnectionError('<requests.packages.urllib3.connection.VerifiedHTT
PSConnection object at 0xb666190c>: Failed to establish a new connection: [Errno
 -2] Name or service not known',))
about to get all tweets newer than ID #1034283753428811777 for account
@AshLeeStrong
ERROR: unable to get tweets for account @AshLeeStrong
           the system said: Failed to send request:
HTTPSConnectionPool(host='api.twitter.com', port=443): Max retries exceeded with
 url: /1.1/statuses/user_timeline.json?count=200&screen_name=AshLeeStrong
(Caused by NewConnectionError('<requests.packages.urllib3.connection.VerifiedHTT
PSConnection object at 0xb6661a2c>: Failed to establish a new connection: [Errno
 -2] Name or service not known',))
about to get all tweets newer than ID #816290296048873472 for account
@WilburRoss
ERROR: unable to get tweets for account @WilburRoss
           the system said: Failed to send request:
HTTPSConnectionPool(host='api.twitter.com', port=443): Max retries exceeded with
 url: /1.1/statuses/user_timeline.json?count=200&screen_name=WilburRoss (Caused
by NewConnectionError('<requests.packages.urllib3.connection.VerifiedHTTPSConnec
tion object at 0xb666930c>: Failed to establish a new connection: [Errno -2]
Name or service not known',))
about to get all tweets newer than ID #836780744810844161 for account
@StephenMillerAL
ERROR: unable to get tweets for account @StephenMillerAL
           the system said: Failed to send request:
HTTPSConnectionPool(host='api.twitter.com', port=443): Max retries exceeded with
 url: /1.1/statuses/user_timeline.json?count=200&screen_name=StephenMillerAL
(Caused by NewConnectionError('<requests.packages.urllib3.connection.VerifiedHTT
PSConnection object at 0xb66671ec>: Failed to establish a new connection: [Errno
 -2] Name or service not known',))
about to get all tweets newer than ID #1034032972104695808 for account
@SecretaryAcosta
ERROR: unable to get tweets for account @SecretaryAcosta
           the system said: Failed to send request:
HTTPSConnectionPool(host='api.twitter.com', port=443): Max retries exceeded with
 url: /1.1/statuses/user_timeline.json?count=200&screen_name=SecretaryAcosta
(Caused by NewConnectionError('<requests.packages.urllib3.connection.VerifiedHTT
PSConnection object at 0xb666edcc>: Failed to establish a new connection: [Errno
 -2] Name or service not known',))
about to get all tweets newer than ID #1034177478477135872 for account @SecAzar
ERROR: unable to get tweets for account @SecAzar
           the system said: Failed to send request:
HTTPSConnectionPool(host='api.twitter.com', port=443): Max retries exceeded with
 url: /1.1/statuses/user_timeline.json?count=200&screen_name=SecAzar (Caused by
NewConnectionError('<requests.packages.urllib3.connection.VerifiedHTTPSConnectio
n object at 0xb6669d8c>: Failed to establish a new connection: [Errno -2] Name
or service not known',))
about to get all tweets newer than ID #913881045652688901 for account
@SecPriceMD
ERROR: unable to get tweets for account @SecPriceMD
           the system said: Failed to send request:
HTTPSConnectionPool(host='api.twitter.com', port=443): Max retries exceeded with
 url: /1.1/statuses/user_timeline.json?count=200&screen_name=SecPriceMD (Caused
by NewConnectionError('<requests.packages.urllib3.connection.VerifiedHTTPSConnec
tion object at 0xb6705f4c>: Failed to establish a new connection: [Errno -2]
Name or service not known',))
about to get all tweets newer than ID #1034176586902331392 for account
@nikkihaley
ERROR: unable to get tweets for account @nikkihaley
           the system said: Failed to send request:
HTTPSConnectionPool(host='api.twitter.com', port=443): Max retries exceeded with
 url: /1.1/statuses/user_timeline.json?count=200&screen_name=nikkihaley (Caused
by NewConnectionError('<requests.packages.urllib3.connection.VerifiedHTTPSConnec
tion object at 0xb670e2cc>: Failed to establish a new connection: [Errno -2]
Name or service not known',))
about to get all tweets newer than ID #1034619198801149953 for account
@DanScavino
ERROR: unable to get tweets for account @DanScavino
           the system said: Failed to send request:
HTTPSConnectionPool(host='api.twitter.com', port=443): Max retries exceeded with
 url: /1.1/statuses/user_timeline.json?count=200&screen_name=DanScavino (Caused
by NewConnectionError('<requests.packages.urllib3.connection.VerifiedHTTPSConnec
tion object at 0xb6669cec>: Failed to establish a new connection: [Errno -2]
Name or service not known',))
about to get all tweets newer than ID #954801265732661248 for account
@MELANIATRUMP
ERROR: unable to get tweets for account @MELANIATRUMP
           the system said: Failed to send request:
HTTPSConnectionPool(host='api.twitter.com', port=443): Max retries exceeded with
 url: /1.1/statuses/user_timeline.json?count=200&screen_name=MELANIATRUMP
(Caused by NewConnectionError('<requests.packages.urllib3.connection.VerifiedHTT
PSConnection object at 0xb666d24c>: Failed to establish a new connection: [Errno
 -2] Name or service not known',))
about to get all tweets newer than ID #1033728314714861574 for account
@StephGrisham45
ERROR: unable to get tweets for account @StephGrisham45
           the system said: Failed to send request:
HTTPSConnectionPool(host='api.twitter.com', port=443): Max retries exceeded with
 url: /1.1/statuses/user_timeline.json?count=200&screen_name=StephGrisham45
(Caused by NewConnectionError('<requests.packages.urllib3.connection.VerifiedHTT
PSConnection object at 0xb66692ec>: Failed to establish a new connection: [Errno
 -2] Name or service not known',))
about to get all tweets newer than ID #1021844939473387520 for account
@IvankaTrumpHQ
ERROR: unable to get tweets for account @IvankaTrumpHQ
           the system said: Failed to send request:
HTTPSConnectionPool(host='api.twitter.com', port=443): Max retries exceeded with
 url: /1.1/statuses/user_timeline.json?count=200&screen_name=IvankaTrumpHQ
(Caused by NewConnectionError('<requests.packages.urllib3.connection.VerifiedHTT
PSConnection object at 0xb670eb6c>: Failed to establish a new connection: [Errno
 -2] Name or service not known',))
about to get all tweets newer than ID #1034275648179789824 for account @VP
ERROR: unable to get tweets for account @VP
           the system said: Failed to send request:
HTTPSConnectionPool(host='api.twitter.com', port=443): Max retries exceeded with
 url: /1.1/statuses/user_timeline.json?count=200&screen_name=VP (Caused by NewCo
nnectionError('<requests.packages.urllib3.connection.VerifiedHTTPSConnection
object at 0xb670eaac>: Failed to establish a new connection: [Errno -2] Name or
service not known',))
about to get all tweets newer than ID #1034248860116430848 for account
@realDonaldTrump
ERROR: unable to get tweets for account @realDonaldTrump
           the system said: Failed to send request:
HTTPSConnectionPool(host='api.twitter.com', port=443): Max retries exceeded with
 url: /1.1/statuses/user_timeline.json?count=200&screen_name=realDonaldTrump
(Caused by NewConnectionError('<requests.packages.urllib3.connection.VerifiedHTT
PSConnection object at 0xb666714c>: Failed to establish a new connection: [Errno
 -2] Name or service not known',))
about to get all tweets newer than ID #1033698792808296449 for account
@AmbJohnBolton
ERROR: unable to get tweets for account @AmbJohnBolton
           the system said: Failed to send request:
HTTPSConnectionPool(host='api.twitter.com', port=443): Max retries exceeded with
 url: /1.1/statuses/user_timeline.json?count=200&screen_name=AmbJohnBolton
(Caused by NewConnectionError('<requests.packages.urllib3.connection.VerifiedHTT
PSConnection object at 0xb665b34c>: Failed to establish a new connection: [Errno
 -2] Name or service not known',))
about to get all tweets newer than ID #1034276028712214528 for account @POTUS
ERROR: unable to get tweets for account @POTUS
           the system said: Failed to send request:
HTTPSConnectionPool(host='api.twitter.com', port=443): Max retries exceeded with
 url: /1.1/statuses/user_timeline.json?count=200&screen_name=POTUS (Caused by Ne
wConnectionError('<requests.packages.urllib3.connection.VerifiedHTTPSConnection
object at 0xb670c70c>: Failed to establish a new connection: [Errno -2] Name or
service not known',))
about to get all tweets newer than ID #1034268837716344833 for account @FLOTUS
ERROR: unable to get tweets for account @FLOTUS
           the system said: Failed to send request:
HTTPSConnectionPool(host='api.twitter.com', port=443): Max retries exceeded with
 url: /1.1/statuses/user_timeline.json?count=200&screen_name=FLOTUS (Caused by N
ewConnectionError('<requests.packages.urllib3.connection.VerifiedHTTPSConnection
 object at 0xb66689ec>: Failed to establish a new connection: [Errno -2] Name or
 service not known',))
about to get all tweets newer than ID #-1 for account @jaredkushner
ERROR: unable to get tweets for account @jaredkushner
           the system said: Failed to send request:
HTTPSConnectionPool(host='api.twitter.com', port=443): Max retries exceeded with
 url: /1.1/statuses/user_timeline.json?count=200&screen_name=jaredkushner
(Caused by NewConnectionError('<requests.packages.urllib3.connection.VerifiedHTT
PSConnection object at 0xb666a4ac>: Failed to establish a new connection: [Errno
 -2] Name or service not known',))
about to get all tweets newer than ID #1014519079284199424 for account
@EPAScottPruitt
ERROR: unable to get tweets for account @EPAScottPruitt
           the system said: Failed to send request:
HTTPSConnectionPool(host='api.twitter.com', port=443): Max retries exceeded with
 url: /1.1/statuses/user_timeline.json?count=200&screen_name=EPAScottPruitt
(Caused by NewConnectionError('<requests.packages.urllib3.connection.VerifiedHTT
PSConnection object at 0xb665b50c>: Failed to establish a new connection: [Errno
 -2] Name or service not known',))
about to get all tweets newer than ID #1034196432318681088 for account
@KellyannePolls
ERROR: unable to get tweets for account @KellyannePolls
           the system said: Failed to send request:
HTTPSConnectionPool(host='api.twitter.com', port=443): Max retries exceeded with
 url: /1.1/statuses/user_timeline.json?count=200&screen_name=KellyannePolls
(Caused by NewConnectionError('<requests.packages.urllib3.connection.VerifiedHTT
PSConnection object at 0xb6660eec>: Failed to establish a new connection: [Errno
 -2] Name or service not known',))
about to get all tweets newer than ID #1034192111908872192 for account
@SecretaryCarson
ERROR: unable to get tweets for account @SecretaryCarson
           the system said: Failed to send request:
HTTPSConnectionPool(host='api.twitter.com', port=443): Max retries exceeded with
 url: /1.1/statuses/user_timeline.json?count=200&screen_name=SecretaryCarson
(Caused by NewConnectionError('<requests.packages.urllib3.connection.VerifiedHTT
PSConnection object at 0xb666a3cc>: Failed to establish a new connection: [Errno
 -2] Name or service not known',))
about to get all tweets newer than ID #816846808789958656 for account
@SenDanCoats
ERROR: unable to get tweets for account @SenDanCoats
           the system said: Failed to send request:
HTTPSConnectionPool(host='api.twitter.com', port=443): Max retries exceeded with
 url: /1.1/statuses/user_timeline.json?count=200&screen_name=SenDanCoats (Caused
 by NewConnectionError('<requests.packages.urllib3.connection.VerifiedHTTPSConne
ction object at 0xb665b1ec>: Failed to establish a new connection: [Errno -2]
Name or service not known',))
about to get all tweets newer than ID #1033086716960227329 for account
@mike_pence
ERROR: unable to get tweets for account @mike_pence
           the system said: Failed to send request:
HTTPSConnectionPool(host='api.twitter.com', port=443): Max retries exceeded with
 url: /1.1/statuses/user_timeline.json?count=200&screen_name=mike_pence (Caused
by NewConnectionError('<requests.packages.urllib3.connection.VerifiedHTTPSConnec
tion object at 0xb670ea4c>: Failed to establish a new connection: [Errno -2]
Name or service not known',))
about to get all tweets newer than ID #1034202781953839104 for account
@SecretaryRoss
ERROR: unable to get tweets for account @SecretaryRoss
           the system said: Failed to send request:
HTTPSConnectionPool(host='api.twitter.com', port=443): Max retries exceeded with
 url: /1.1/statuses/user_timeline.json?count=200&screen_name=SecretaryRoss
(Caused by NewConnectionError('<requests.packages.urllib3.connection.VerifiedHTT
PSConnection object at 0xb670e12c>: Failed to establish a new connection: [Errno
 -2] Name or service not known',))
about to get all tweets newer than ID #1030454318183469056 for account
@RealBenCarson
ERROR: unable to get tweets for account @RealBenCarson
           the system said: Failed to send request:
HTTPSConnectionPool(host='api.twitter.com', port=443): Max retries exceeded with
 url: /1.1/statuses/user_timeline.json?count=200&screen_name=RealBenCarson
(Caused by NewConnectionError('<requests.packages.urllib3.connection.VerifiedHTT
PSConnection object at 0xb665b32c>: Failed to establish a new connection: [Errno
 -2] Name or service not known',))
about to get all tweets newer than ID #856041462164836355 for account
@FirstLadyIN
ERROR: unable to get tweets for account @FirstLadyIN
           the system said: Failed to send request:
HTTPSConnectionPool(host='api.twitter.com', port=443): Max retries exceeded with
 url: /1.1/statuses/user_timeline.json?count=200&screen_name=FirstLadyIN (Caused
 by NewConnectionError('<requests.packages.urllib3.connection.VerifiedHTTPSConne
ction object at 0xb66603ec>: Failed to establish a new connection: [Errno -2]
Name or service not known',))
... OK, we're set up, and about to watch 823367015830323201, 831482588246196225,
 20776147, 894923298374651904, 822215673812119553, 935148134505828353, 18906561,
 836724024688410625, 818928162449068032, 822127086194348032, 920035992073064450,
 15985455, 52544275, 6577802, 733751245, 24578794, 818927131883356161,
826065858548133888, 803703725730779136, 827258161841135623, 888031054141022209,
830128820447539208, 65522706, 828997388920619008, 18916432, 20733972,
1967216306, 2334193741, 105267762, 599530439, 842072478834909184,
819992522109894658, 866746592853979137, 799764016885329921, 296060169,
809836066316451840, 728361177986797568, 819980276570976256, 956283913835614208,
829782369670410240, 37666984, 620571475, 108471631, 823638938590085124,
798195585824104449, 818910970567344128, 25073877, 118756393, 822215679726100480,
 818876014390603776, 29547260, 832672006113931269, 471672239,
828613457020870657, 212262370, 22203756, 836305915452272641, 1180379185,
1923451808
