Hello, traveler. This is the beginning of a log file called: "Fascist Tweet Archiver".
Some basic system info about the host machine: posix.uname_result(sysname='Linux', nodename='file-server', release='3.16.0-7-686-pae', version='#1 SMP Debian 3.16.59-1 (2018-10-03)', machine='i686')
This log was begun Monday, 19 November 2018 at 13:46



INFO: read target account data; we're tracking 59 accounts
WARNING: no ProtocolError (got exception "name 'ProtocolError' is not defined");
 trying requests.packages.urllib3.exceptions instead
NOTE: successfully imported from requests
Starting up...
about to get all tweets newer than ID #1064202806666686464 for account @PRyan
about to get all tweets newer than ID #1064604797435822081 for account
@Scaramucci
about to get all tweets newer than ID #1059643006800838656 for account
@GovernorPerry
about to get all tweets newer than ID #1064550934360072193 for account
@SecretaryZinke
about to get all tweets newer than ID #1064166715146276865 for account
@SecretarySonny
about to get all tweets newer than ID #832282841471918080 for account
@BetsyDeVos
about to get all tweets newer than ID #913881045652688901 for account
@SecPriceMD
about to get all tweets newer than ID #1064552851354075136 for account
@nikkihaley
about to get all tweets newer than ID #836780744810844161 for account
@StephenMillerAL
about to get all tweets newer than ID #890659905798983680 for account @Reince45
ERROR: unable to get tweets for account @Reince45
           the system said: Not authorized.
about to get all tweets newer than ID #1063558331451809799 for account @Cabinet
about to get all tweets newer than ID #1064474331617652736 for account @VP
about to get all tweets newer than ID #1064580889642971136 for account
@SecNielsen
about to get all tweets newer than ID #1064596708875747328 for account
@realDonaldTrump
about to get all tweets newer than ID #1058433885493739520 for account
@MickMulvaneyOMB
about to get all tweets newer than ID #903694300306923521 for account
@SecElaineChao
about to get all tweets newer than ID #1064516655659843584 for account @SBALinda
about to get all tweets newer than ID #1064533145020760064 for account
@StephGrisham45
about to get all tweets newer than ID #1063992637655588864 for account
@JessicaDitto45
about to get all tweets newer than ID #1063506120621346818 for account
@SpeakerRyan
about to get all tweets newer than ID #816290296048873472 for account
@WilburRoss
about to get all tweets newer than ID #1063990919790116864 for account @PressSec
about to get all tweets newer than ID #1021844939473387520 for account
@IvankaTrumpHQ
ERROR: unable to get tweets for account @IvankaTrumpHQ
           the system said: Not authorized.
about to get all tweets newer than ID #1064614100116914176 for account
@SecretaryCarson
about to get all tweets newer than ID #1064616296107728903 for account @SecAzar
getting all tweets before ID #1052162708303478783
    ...400 tweets downloaded so far


New tweet from SecAzar: RT @HHSGov: Sending a special thank you to all public
health professionals! We appreciate your efforts to enhance the health and well-
being…
about to get all tweets newer than ID #856041462164836355 for account
@FirstLadyIN

archiving URL http://twitter.com/SecAzar/status/1064619607175151616
    ... archiving using prefix http://web.archive.org/save/

archiving URL https://twitter.com/SecAzar/status/1064619607175151616
    ... archiving using prefix http://web.archive.org/save/


New tweet from SecAzar: RT @HHS_ASH: I am thankful for the opportunity to
serve with a dedicated group of Commissioned Corps officers who are committed to
 serving…

archiving URL http://twitter.com/SecAzar/status/1064619724208779264
    ... archiving using prefix http://web.archive.org/save/

archiving URL https://twitter.com/SecAzar/status/1064619724208779264
    ... archiving using prefix http://web.archive.org/save/
about to get all tweets newer than ID #978650205192044545 for account
@SecShulkin


New tweet from SecAzar: RT @Surgeon_General: Today is
#PublicHealthThankYouDay.  Thanks to everyone who is partnering to make America
public healthier!  #PHTYD htt…

archiving URL http://twitter.com/SecAzar/status/1064620222039187456
    ... archiving using prefix http://web.archive.org/save/

archiving URL https://twitter.com/SecAzar/status/1064620222039187456
    ... archiving using prefix http://web.archive.org/save/
about to get all tweets newer than ID #1064608254473498625 for account
@WhiteHouse


New tweet from SecAzar: RT @NIHDirector: Special thanks to all the hard-
working people who dedicate themselves to the noble work of public health on
this Public He…

archiving URL http://twitter.com/SecAzar/status/1064620439736078336
    ... archiving using prefix http://web.archive.org/save/
getting all tweets before ID #1055467271471222783

archiving URL https://twitter.com/SecAzar/status/1064620439736078336
    ... archiving using prefix http://web.archive.org/save/
    ...400 tweets downloaded so far


New tweet from WhiteHouse: Meet your candidates: "Peas" and "Carrots" will be
here at the White House TOMORROW—and one will receive the title…
https://t.co/bfFhX5yMNI
about to get all tweets newer than ID #1064616052024360960 for account
@statedeptspox

archiving URL http://twitter.com/WhiteHouse/status/1064617575844380673
    ... archiving using prefix http://web.archive.org/save/

archiving URL https://twitter.com/WhiteHouse/status/1064617575844380673
    ... archiving using prefix http://web.archive.org/save/


New tweet from WhiteHouse: Last week, President @realDonaldTrump put his full
support behind the First Step Act, praising members of “both par…
https://t.co/2l4YSQgvFT

archiving URL http://twitter.com/WhiteHouse/status/1064623348834082816
    ... archiving using prefix http://web.archive.org/save/
about to get all tweets newer than ID #1064345235025620993 for account
@SecondLady

archiving URL https://twitter.com/WhiteHouse/status/1064623348834082816
    ... archiving using prefix http://web.archive.org/save/
about to get all tweets newer than ID #1061289517401939968 for account
@mike_pence
about to get all tweets newer than ID #1064146013118697472 for account
@AmbJohnBolton
about to get all tweets newer than ID #1014519079284199424 for account
@EPAScottPruitt
ERROR: unable to get tweets for account @EPAScottPruitt
           the system said: [{'code': 34, 'message': 'Sorry, that page does not
exist.'}]
about to get all tweets newer than ID #-1 for account @ElaineChao
about to get all tweets newer than ID #816846808789958656 for account
@SenDanCoats
about to get all tweets newer than ID #1064598528142372864 for account
@AshLeeStrong
about to get all tweets newer than ID #1059291259859275777 for account
@Linda_McMahon
about to get all tweets newer than ID #1064023092832493569 for account
@stevenmnuchin1
about to get all tweets newer than ID #1064569741472346112 for account
@KellyannePolls
ERROR: unable to get tweets for account @KellyannePolls
           the system said: Failed to send request:
HTTPSConnectionPool(host='api.twitter.com', port=443): Max retries exceeded with
 url: /1.1/statuses/user_timeline.json?screen_name=KellyannePolls&count=200
(Caused by NewConnectionError('<requests.packages.urllib3.connection.VerifiedHTT
PSConnection object at 0xb6463fcc>: Failed to establish a new connection: [Errno
 -2] Name or service not known',))
about to get all tweets newer than ID #1063798914636111872 for account
@EnergyDepSec
about to get all tweets newer than ID #1064226295087853568 for account
@RealBenCarson
about to get all tweets newer than ID #1064488739689377793 for account
@SecretaryAcosta
about to get all tweets newer than ID #-1 for account @jaredkushner
about to get all tweets newer than ID #954801265732661248 for account
@MELANIATRUMP
about to get all tweets newer than ID #1064015459865911296 for account
@Scavino45
ERROR: unable to get tweets for account @Scavino45
           the system said: Failed to parse JSON payload: Expecting property
name enclosed in double quotes: line 1 column 611288 (char 611287)
about to get all tweets newer than ID #1063578338139258881 for account @Comey
about to get all tweets newer than ID #994396943421001728 for account
@TomBossert45
ERROR: unable to get tweets for account @TomBossert45
           the system said: Failed to send request: EOF occurred in violation of
 protocol (_ssl.c:600)
about to get all tweets newer than ID #830074939298414592 for account
@RepTomPrice
about to get all tweets newer than ID #1063549304642654210 for account @FLOTUS
about to get all tweets newer than ID #1064597930030567424 for account
@seanspicer
ERROR: unable to get tweets for account @seanspicer
           the system said: Failed to parse JSON payload: Unterminated string
starting at: line 1 column 619399 (char 619398)
about to get all tweets newer than ID #1064587558426984448 for account
@SecretaryPerry
ERROR: unable to get tweets for account @SecretaryPerry
           the system said: Failed to parse JSON payload: Unterminated string
starting at: line 1 column 619611 (char 619610)
about to get all tweets newer than ID #1064565228283797504 for account
@SecretaryRoss
ERROR: unable to get tweets for account @SecretaryRoss
           the system said: Failed to parse JSON payload: Expecting property
name enclosed in double quotes: line 1 column 619588 (char 619587)
about to get all tweets newer than ID #1063963639080763392 for account
@DepSecHargan
ERROR: unable to get tweets for account @DepSecHargan
           the system said: Failed to parse JSON payload: Unterminated string
starting at: line 1 column 619582 (char 619581)
about to get all tweets newer than ID #1058441676052725760 for account @Reince
ERROR: unable to get tweets for account @Reince
           the system said: Failed to parse JSON payload: Unterminated string
starting at: line 1 column 611323 (char 611322)
about to get all tweets newer than ID #1062540730181263360 for account
@BetsyDeVosED
ERROR: unable to get tweets for account @BetsyDeVosED
           the system said: Failed to parse JSON payload: Unterminated string
starting at: line 1 column 619575 (char 619574)
about to get all tweets newer than ID #824610180881117184 for account
@GovPenceIN
ERROR: unable to get tweets for account @GovPenceIN
           the system said: Failed to parse JSON payload: Unterminated string
starting at: line 1 column 619649 (char 619648)
about to get all tweets newer than ID #1064515689271177216 for account
@IvankaTrump
ERROR: unable to get tweets for account @IvankaTrump
           the system said: Failed to parse JSON payload: Unterminated string
starting at: line 1 column 611311 (char 611310)
about to get all tweets newer than ID #1064602086707535873 for account @POTUS
ERROR: unable to get tweets for account @POTUS
           the system said: Failed to parse JSON payload: Unterminated string
starting at: line 1 column 619351 (char 619350)
about to get all tweets newer than ID #1059682755083145216 for account
@DanScavino
ERROR: unable to get tweets for account @DanScavino
           the system said: Failed to parse JSON payload: Expecting property
name enclosed in double quotes: line 1 column 619649 (char 619648)
... OK, we're set up, and about to watch 733751245, 24578794, 18906561,
827258161841135623, 842072478834909184, 599530439, 829782369670410240, 37666984,
 728361177986797568, 803703725730779136, 818928162449068032, 818910970567344128,
 935148134505828353, 25073877, 888031054141022209, 826065858548133888,
819992522109894658, 823638938590085124, 836724024688410625, 18916432,
809836066316451840, 818927131883356161, 798195585824104449, 828613457020870657,
956283913835614208, 1923451808, 831482588246196225, 822215673812119553,
1967216306, 822127086194348032, 22203756, 118756393, 832672006113931269,
105267762, 212262370, 296060169, 65522706, 799764016885329921, 471672239,
894923298374651904, 1180379185, 819980276570976256, 29547260, 108471631,
823367015830323201, 2334193741, 866746592853979137, 6577802, 818876014390603776,
 20776147, 830128820447539208, 836305915452272641, 920035992073064450, 20733972,
 828997388920619008, 15985455, 52544275, 822215679726100480, 620571475
