Hello, traveler. This is the beginning of a log file called: "Fascist Tweet Archiver".
Some basic system info about the host machine: posix.uname_result(sysname='Linux', nodename='file-server', release='3.16.0-6-686-pae', version='#1 SMP Debian 3.16.56-1+deb8u1 (2018-05-08)', machine='i686')
This log was begun Wednesday, 11 July 2018 at 21:02



INFO: read target account data; we're tracking 59 accounts
WARNING: no ProtocolError (got exception "name 'ProtocolError' is not defined");
 trying requests.packages.urllib3.exceptions instead
NOTE: successfully imported from requests
Starting up...
about to get all tweets newer than ID #1015013470906060801 for account @Comey
about to get all tweets newer than ID #954801265732661248 for account
@MELANIATRUMP
about to get all tweets newer than ID #1016795739110957056 for account
@KellyannePolls
ERROR: unable to get tweets for account @KellyannePolls
           the system said: Failed to parse JSON payload: Unterminated string
starting at: line 1 column 609503 (char 609502)
about to get all tweets newer than ID #1016714050145841152 for account @Cabinet
ERROR: unable to get tweets for account @Cabinet
           the system said: Failed to parse JSON payload: Expecting property
name enclosed in double quotes: line 1 column 607043 (char 607042)
about to get all tweets newer than ID #1017031332206186496 for account @SecAzar
ERROR: unable to get tweets for account @SecAzar
           the system said: Failed to parse JSON payload: Unterminated string
starting at: line 1 column 622776 (char 622775)
about to get all tweets newer than ID #1017165105946128386 for account @PressSec
ERROR: unable to get tweets for account @PressSec
           the system said: Failed to parse JSON payload: Unterminated string
starting at: line 1 column 847482 (char 847481)
about to get all tweets newer than ID #1015234657397493761 for account
@EnergyDepSec
ERROR: unable to get tweets for account @EnergyDepSec
           the system said: Failed to parse JSON payload: Unterminated string
starting at: line 1 column 615048 (char 615047)
about to get all tweets newer than ID #1016753568911708160 for account
@SecretaryPerry
ERROR: unable to get tweets for account @SecretaryPerry
           the system said: Failed to parse JSON payload: Unterminated string
starting at: line 1 column 609480 (char 609479)
about to get all tweets newer than ID #1017161862121697282 for account
@IvankaTrump
ERROR: unable to get tweets for account @IvankaTrump
           the system said: Failed to parse JSON payload: Unterminated string
starting at: line 1 column 607949 (char 607948)
about to get all tweets newer than ID #1017053780439859200 for account
@statedeptspox
about to get all tweets newer than ID #1014553611681128449 for account
@BetsyDeVosED
about to get all tweets newer than ID #824610180881117184 for account
@GovPenceIN
ERROR: unable to get tweets for account @GovPenceIN
           the system said: Failed to parse JSON payload: Unterminated string
starting at: line 1 column 603927 (char 603926)
about to get all tweets newer than ID #903694300306923521 for account
@SecElaineChao
about to get all tweets newer than ID #856041462164836355 for account
@FirstLadyIN
about to get all tweets newer than ID #1017150191877742592 for account
@SpeakerRyan
ERROR: unable to get tweets for account @SpeakerRyan
           the system said: Failed to send request:
HTTPSConnectionPool(host='api.twitter.com', port=443): Read timed out.
about to get all tweets newer than ID #1016846923607748609 for account
@DanScavino
about to get all tweets newer than ID #816846808789958656 for account
@SenDanCoats
about to get all tweets newer than ID #1017190369958690821 for account @POTUS
ERROR: unable to get tweets for account @POTUS
           the system said: Failed to parse JSON payload: Unterminated string
starting at: line 1 column 607247 (char 607246)
about to get all tweets newer than ID #1017091102640365569 for account
@seanspicer
ERROR: unable to get tweets for account @seanspicer
           the system said: Failed to parse JSON payload: Unterminated string
starting at: line 1 column 847218 (char 847217)
about to get all tweets newer than ID #1016712148112760832 for account @PRyan
about to get all tweets newer than ID #1017236066078810114 for account
@JessicaDitto45
ERROR: unable to get tweets for account @JessicaDitto45
           the system said: Failed to send request:
HTTPSConnectionPool(host='api.twitter.com', port=443): Read timed out. (read
timeout=60)
about to get all tweets newer than ID #1016688176474161153 for account @FLOTUS
about to get all tweets newer than ID #1017196078649806848 for account
@mike_pence
about to get all tweets newer than ID #1017230253822021632 for account
@AshLeeStrong
about to get all tweets newer than ID #1012690898516430849 for account
@stevenmnuchin1
about to get all tweets newer than ID #836780744810844161 for account
@StephenMillerAL
about to get all tweets newer than ID #832282841471918080 for account
@BetsyDeVos
about to get all tweets newer than ID #1015259821451497473 for account
@SecondLady
about to get all tweets newer than ID #-1 for account @ElaineChao
about to get all tweets newer than ID #1017222413820616704 for account @VP
about to get all tweets newer than ID #-1 for account @jaredkushner
about to get all tweets newer than ID #1017232219046400000 for account
@Scaramucci
getting all tweets before ID #1011396868625043455
    ...399 tweets downloaded so far


New tweet from Scaramucci: RT @DeidreScaramuc2: We’re off to the Catalina Wine
 Mixer https://t.co/StFLPvmuFF

archiving URL http://twitter.com/Scaramucci/status/1017242079683072000
    ... archiving using prefix http://web.archive.org/save/
about to get all tweets newer than ID #994396943421001728 for account
@TomBossert45

archiving URL https://twitter.com/Scaramucci/status/1017242079683072000
    ... archiving using prefix http://web.archive.org/save/
about to get all tweets newer than ID #830074939298414592 for account
@RepTomPrice
about to get all tweets newer than ID #913881045652688901 for account
@SecPriceMD
about to get all tweets newer than ID #890659905798983680 for account @Reince45
ERROR: unable to get tweets for account @Reince45
           the system said: Not authorized.
about to get all tweets newer than ID #816290296048873472 for account
@WilburRoss
about to get all tweets newer than ID #1017041745408942080 for account
@GovernorPerry
about to get all tweets newer than ID #1017118395785973760 for account
@DepSecHargan
about to get all tweets newer than ID #1017158887051415552 for account
@Scavino45
about to get all tweets newer than ID #1015204720246435840 for account
@IvankaTrumpHQ
about to get all tweets newer than ID #1014519079284199424 for account
@EPAScottPruitt
ERROR: unable to get tweets for account @EPAScottPruitt
           the system said: [{'code': 34, 'message': 'Sorry, that page does not
exist.'}]
about to get all tweets newer than ID #1016492510749786114 for account
@MickMulvaneyOMB
about to get all tweets newer than ID #1015275809207177217 for account
@SecretaryRoss
about to get all tweets newer than ID #1003795765028884485 for account
@Linda_McMahon
about to get all tweets newer than ID #1016767389843771398 for account
@SecretaryCarson
about to get all tweets newer than ID #1017053405787893760 for account
@SecretaryAcosta
about to get all tweets newer than ID #1017177218957574144 for account
@WhiteHouse
about to get all tweets newer than ID #1016791384903299072 for account
@SecretarySonny
about to get all tweets newer than ID #978650205192044545 for account
@SecShulkin
about to get all tweets newer than ID #1015616894559244288 for account
@RealBenCarson
about to get all tweets newer than ID #1016680678476451840 for account
@SecNielsen
about to get all tweets newer than ID #1017190186269184001 for account
@realDonaldTrump
about to get all tweets newer than ID #1016856299802447872 for account @SBALinda
about to get all tweets newer than ID #1014504948468510720 for account @Reince
about to get all tweets newer than ID #1017166509234323456 for account
@nikkihaley
about to get all tweets newer than ID #1006582155357642753 for account
@AmbJohnBolton
about to get all tweets newer than ID #1017193797694971904 for account
@SecretaryZinke
about to get all tweets newer than ID #1017160605541773312 for account
@StephGrisham45
ERROR: unable to get tweets for account @StephGrisham45
           the system said: Failed to parse JSON payload: Unterminated string
starting at: line 1 column 854966 (char 854965)
... OK, we're set up, and about to watch 2334193741, 108471631, 471672239,
818928162449068032, 956283913835614208, 818927131883356161, 894923298374651904,
830128820447539208, 52544275, 1967216306, 828997388920619008, 15985455,
826065858548133888, 1923451808, 18916432, 620571475, 212262370,
822215679726100480, 20776147, 733751245, 836724024688410625, 818876014390603776,
 22203756, 296060169, 799764016885329921, 728361177986797568, 599530439,
822127086194348032, 105267762, 818910970567344128, 29547260, 24578794,
866746592853979137, 6577802, 829782369670410240, 803703725730779136,
809836066316451840, 18906561, 920035992073064450, 823367015830323201,
798195585824104449, 832672006113931269, 888031054141022209, 836305915452272641,
65522706, 828613457020870657, 819980276570976256, 822215673812119553,
842072478834909184, 831482588246196225, 1180379185, 935148134505828353,
25073877, 819992522109894658, 20733972, 37666984, 118756393, 827258161841135623,
 823638938590085124


New tweet from Scaramucci: RT @BernardKerik: New York City, NOW, one of the
worst run cities in the U.S. https://t.co/16z0HZpAMP What happened to the city
that @RudyG…

archiving URL http://twitter.com/Scaramucci/status/1017257862333165568
    ... archiving using prefix http://web.archive.org/save/

archiving URL https://twitter.com/Scaramucci/status/1017257862333165568
    ... archiving using prefix http://web.archive.org/save/
WARNING: received error HTTPSConnectionPool(host='stream.twitter.com',
port=443): Read timed out.; sleeping and trying again ...
WARNING: received error HTTPSConnectionPool(host='stream.twitter.com',
port=443): Read timed out.; sleeping and trying again ...
INFO: handling a deletion for data:

{'delete': {'status': {'id':
636687234947764225,
                       'id_str': '636687234947764225',

                       'user_id': 24578794,
'user_id_str': '24578794'},
            'timestamp_ms': '1531372516411'}}
INFO: successfully dumped raw data to JSON file
INFO: We're handling a deletion notification for tweet ID# 636687234947764225 on
 account Scaramucci
INFO: get_archived_tweet() called to get tweet ID 636687234947764225 for account
 Scaramucci
ERROR: unable to read line "['=======']" because: need more than 1 value to
unpack.
INFO: requested tweet not found in relevant archive
... adding to list of deleted tweets
... added
... but we're not going to tweet about it because Scaramucci is not in the list
of accounts we tweet about
INFO: handling a deletion for data:

{'delete': {'status': {'id':
653718666475884544,
                       'id_str': '653718666475884544',

                       'user_id': 24578794,
'user_id_str': '24578794'},
            'timestamp_ms': '1531372566563'}}
INFO: successfully dumped raw data to JSON file
INFO: We're handling a deletion notification for tweet ID# 653718666475884544 on
 account Scaramucci
INFO: get_archived_tweet() called to get tweet ID 653718666475884544 for account
 Scaramucci
ERROR: unable to read line "['=======']" because: need more than 1 value to
unpack.
INFO: requested tweet not found in relevant archive
... adding to list of deleted tweets
... added
... but we're not going to tweet about it because Scaramucci is not in the list
of accounts we tweet about
INFO: handling a deletion for data:

{'delete': {'status': {'id':
659437710986186752,
                       'id_str': '659437710986186752',

                       'user_id': 24578794,
'user_id_str': '24578794'},
            'timestamp_ms': '1531372601471'}}
INFO: successfully dumped raw data to JSON file
INFO: We're handling a deletion notification for tweet ID# 659437710986186752 on
 account Scaramucci
INFO: get_archived_tweet() called to get tweet ID 659437710986186752 for account
 Scaramucci
ERROR: unable to read line "['=======']" because: need more than 1 value to
unpack.
INFO: requested tweet not found in relevant archive
... adding to list of deleted tweets
... added
... but we're not going to tweet about it because Scaramucci is not in the list
of accounts we tweet about
INFO: handling a deletion for data:

{'delete': {'status': {'id':
659536464204533761,
                       'id_str': '659536464204533761',

                       'user_id': 24578794,
'user_id_str': '24578794'},
            'timestamp_ms': '1531372603542'}}
INFO: successfully dumped raw data to JSON file
INFO: We're handling a deletion notification for tweet ID# 659536464204533761 on
 account Scaramucci
INFO: get_archived_tweet() called to get tweet ID 659536464204533761 for account
 Scaramucci
ERROR: unable to read line "['=======']" because: need more than 1 value to
unpack.
INFO: requested tweet not found in relevant archive
... adding to list of deleted tweets
... added
... but we're not going to tweet about it because Scaramucci is not in the list
of accounts we tweet about
INFO: handling a deletion for data:

{'delete': {'status': {'id':
659594095434698752,
                       'id_str': '659594095434698752',

                       'user_id': 24578794,
'user_id_str': '24578794'},
            'timestamp_ms': '1531372603664'}}
INFO: successfully dumped raw data to JSON file
INFO: We're handling a deletion notification for tweet ID# 659594095434698752 on
 account Scaramucci
INFO: get_archived_tweet() called to get tweet ID 659594095434698752 for account
 Scaramucci
ERROR: unable to read line "['=======']" because: need more than 1 value to
unpack.
INFO: requested tweet not found in relevant archive
... adding to list of deleted tweets
... added
... but we're not going to tweet about it because Scaramucci is not in the list
of accounts we tweet about
INFO: handling a deletion for data:

{'delete': {'status': {'id':
660097358538088448,
                       'id_str': '660097358538088448',

                       'user_id': 24578794,
'user_id_str': '24578794'},
            'timestamp_ms': '1531372604821'}}
INFO: successfully dumped raw data to JSON file
INFO: We're handling a deletion notification for tweet ID# 660097358538088448 on
 account Scaramucci
INFO: get_archived_tweet() called to get tweet ID 660097358538088448 for account
 Scaramucci
ERROR: unable to read line "['=======']" because: need more than 1 value to
unpack.
INFO: requested tweet not found in relevant archive
... adding to list of deleted tweets
... added
... but we're not going to tweet about it because Scaramucci is not in the list
of accounts we tweet about
INFO: handling a deletion for data:

{'delete': {'status': {'id':
656255763384520704,
                       'id_str': '656255763384520704',

                       'user_id': 24578794,
'user_id_str': '24578794'},
            'timestamp_ms': '1531372646365'}}
INFO: successfully dumped raw data to JSON file
INFO: We're handling a deletion notification for tweet ID# 656255763384520704 on
 account Scaramucci
INFO: get_archived_tweet() called to get tweet ID 656255763384520704 for account
 Scaramucci
ERROR: unable to read line "['=======']" because: need more than 1 value to
unpack.
INFO: requested tweet not found in relevant archive
... adding to list of deleted tweets
... added
... but we're not going to tweet about it because Scaramucci is not in the list
of accounts we tweet about
INFO: handling a deletion for data:

{'delete': {'status': {'id':
664171525705068544,
                       'id_str': '664171525705068544',

                       'user_id': 24578794,
'user_id_str': '24578794'},
            'timestamp_ms': '1531372794921'}}
INFO: successfully dumped raw data to JSON file
INFO: We're handling a deletion notification for tweet ID# 664171525705068544 on
 account Scaramucci
INFO: get_archived_tweet() called to get tweet ID 664171525705068544 for account
 Scaramucci
ERROR: unable to read line "['=======']" because: need more than 1 value to
unpack.
INFO: requested tweet not found in relevant archive
... adding to list of deleted tweets
... added
... but we're not going to tweet about it because Scaramucci is not in the list
of accounts we tweet about
INFO: handling a deletion for data:

{'delete': {'status': {'id':
684575920817057792,
                       'id_str': '684575920817057792',

                       'user_id': 24578794,
'user_id_str': '24578794'},
            'timestamp_ms': '1531373252325'}}
INFO: successfully dumped raw data to JSON file
INFO: We're handling a deletion notification for tweet ID# 684575920817057792 on
 account Scaramucci
INFO: get_archived_tweet() called to get tweet ID 684575920817057792 for account
 Scaramucci
ERROR: unable to read line "['=======']" because: need more than 1 value to
unpack.
INFO: requested tweet not found in relevant archive
... adding to list of deleted tweets
... added
... but we're not going to tweet about it because Scaramucci is not in the list
of accounts we tweet about
INFO: handling a deletion for data:

{'delete': {'status': {'id':
684694846171381760,
                       'id_str': '684694846171381760',

                       'user_id': 24578794,
'user_id_str': '24578794'},
            'timestamp_ms': '1531373255915'}}
INFO: successfully dumped raw data to JSON file
INFO: We're handling a deletion notification for tweet ID# 684694846171381760 on
 account Scaramucci
INFO: get_archived_tweet() called to get tweet ID 684694846171381760 for account
 Scaramucci
ERROR: unable to read line "['=======']" because: need more than 1 value to
unpack.
INFO: requested tweet not found in relevant archive
... adding to list of deleted tweets
... added
... but we're not going to tweet about it because Scaramucci is not in the list
of accounts we tweet about
INFO: handling a deletion for data:

{'delete': {'status': {'id':
692560999572992002,
                       'id_str': '692560999572992002',

                       'user_id': 24578794,
'user_id_str': '24578794'},
            'timestamp_ms': '1531373506398'}}
INFO: successfully dumped raw data to JSON file
INFO: We're handling a deletion notification for tweet ID# 692560999572992002 on
 account Scaramucci
INFO: get_archived_tweet() called to get tweet ID 692560999572992002 for account
 Scaramucci
ERROR: unable to read line "['=======']" because: need more than 1 value to
unpack.
INFO: requested tweet not found in relevant archive
... adding to list of deleted tweets
... added
... but we're not going to tweet about it because Scaramucci is not in the list
of accounts we tweet about
INFO: handling a deletion for data:

{'delete': {'status': {'id':
702324063658774528,
                       'id_str': '702324063658774528',

                       'user_id': 24578794,
'user_id_str': '24578794'},
            'timestamp_ms': '1531373629593'}}
INFO: successfully dumped raw data to JSON file
INFO: We're handling a deletion notification for tweet ID# 702324063658774528 on
 account Scaramucci
INFO: get_archived_tweet() called to get tweet ID 702324063658774528 for account
 Scaramucci
ERROR: unable to read line "['=======']" because: need more than 1 value to
unpack.
INFO: requested tweet not found in relevant archive
... adding to list of deleted tweets
... added
... but we're not going to tweet about it because Scaramucci is not in the list
of accounts we tweet about
INFO: handling a deletion for data:

{'delete': {'status': {'id':
712450921888931840,
                       'id_str': '712450921888931840',

                       'user_id': 24578794,
'user_id_str': '24578794'},
            'timestamp_ms': '1531373853481'}}
INFO: successfully dumped raw data to JSON file
INFO: We're handling a deletion notification for tweet ID# 712450921888931840 on
 account Scaramucci
INFO: get_archived_tweet() called to get tweet ID 712450921888931840 for account
 Scaramucci
ERROR: unable to read line "['=======']" because: need more than 1 value to
unpack.
INFO: requested tweet not found in relevant archive
... adding to list of deleted tweets
... added
... but we're not going to tweet about it because Scaramucci is not in the list
of accounts we tweet about
INFO: handling a deletion for data:

{'delete': {'status': {'id':
716080218688077824,
                       'id_str': '716080218688077824',

                       'user_id': 24578794,
'user_id_str': '24578794'},
            'timestamp_ms': '1531373985722'}}
INFO: successfully dumped raw data to JSON file
INFO: We're handling a deletion notification for tweet ID# 716080218688077824 on
 account Scaramucci
INFO: get_archived_tweet() called to get tweet ID 716080218688077824 for account
 Scaramucci
ERROR: unable to read line "['=======']" because: need more than 1 value to
unpack.
INFO: requested tweet not found in relevant archive
... adding to list of deleted tweets
... added
... but we're not going to tweet about it because Scaramucci is not in the list
of accounts we tweet about


New tweet from realDonaldTrump: As I head out to a very important NATO
meeting, I see that FBI Lover/Agent Lisa Page is dodging a Subpoena &amp; is
ref… https://t.co/EO6mE4QvDl

archiving URL http://twitter.com/realDonaldTrump/status/1017286281867481089
    ... archiving using prefix http://web.archive.org/save/

archiving URL https://twitter.com/realDonaldTrump/status/1017286281867481089
    ... archiving using prefix http://web.archive.org/save/
WARNING: received error ('Connection broken: IncompleteRead(0 bytes read, 512
more expected)', IncompleteRead(0 bytes read, 512 more expected)); sleeping and
trying again ...
WARNING: received error ('Connection broken: IncompleteRead(0 bytes read, 512
more expected)', IncompleteRead(0 bytes read, 512 more expected)); sleeping and
trying again ...
WARNING: received error ('Connection broken: IncompleteRead(0 bytes read, 512
more expected)', IncompleteRead(0 bytes read, 512 more expected)); sleeping and
trying again ...


New tweet from realDonaldTrump: ....On top of it all, Germany just started
paying Russia, the country they want protection from, Billions of Dollar…
https://t.co/4J4d3ctue6

archiving URL http://twitter.com/realDonaldTrump/status/1017290478839050240
    ... archiving using prefix http://web.archive.org/save/

archiving URL https://twitter.com/realDonaldTrump/status/1017290478839050240
    ... archiving using prefix http://web.archive.org/save/


New tweet from Scaramucci: In the Middle Class, and Barely Getting By   via
@NYTimes we can change this with great policy. Less polemics more…
https://t.co/cKlpzboGm6

archiving URL http://twitter.com/Scaramucci/status/1017295355426365440
    ... archiving using prefix http://web.archive.org/save/

archiving URL https://twitter.com/Scaramucci/status/1017295355426365440
    ... archiving using prefix http://web.archive.org/save/


New tweet from statedeptspox: RT @SecPompeo: Together with our allies #UK,
#France, #Germany, #SaudiArabia, #Jordan, today we reaffirmed our support for
the Syrian polit…

archiving URL http://twitter.com/statedeptspox/status/1017295901688320006
    ... archiving using prefix http://web.archive.org/save/

archiving URL https://twitter.com/statedeptspox/status/1017295901688320006
    ... archiving using prefix http://web.archive.org/save/


New tweet from Scavino45: https://t.co/4LZqJDeywb

archiving URL http://twitter.com/Scavino45/status/1017303923651117057
    ... archiving using prefix http://web.archive.org/save/

archiving URL https://twitter.com/Scavino45/status/1017303923651117057
    ... archiving using prefix http://web.archive.org/save/


New tweet from Scavino45: #ICYMI #NATOSummit2018 https://t.co/1tyrvSu1GO

archiving URL http://twitter.com/Scavino45/status/1017307909447970818
    ... archiving using prefix http://web.archive.org/save/

archiving URL https://twitter.com/Scavino45/status/1017307909447970818
    ... archiving using prefix http://web.archive.org/save/
