Hello, traveler. This is the beginning of a log file called: "Fascist Tweet Archiver".
Some basic system info about the host machine: posix.uname_result(sysname='Linux', nodename='file-server', release='3.16.0-5-686-pae', version='#1 SMP Debian 3.16.51-3+deb8u1 (2018-01-08)', machine='i686')
This log was begun Tuesday, 13 March 2018 at 08:16



INFO: read target account data; we're tracking 52 accounts
WARNING: no ProtocolError (got exception "name 'ProtocolError' is not defined");
 trying requests.packages.urllib3.exceptions instead
NOTE: successfully imported from requests
Starting up...
about to get all tweets newer than ID #830074939298414592 for account
@RepTomPrice
ERROR: unable to get tweets for account @RepTomPrice
           the system said: Failed to parse JSON payload: Unterminated string
starting at: line 1 column 609739 (char 609738)
about to get all tweets newer than ID #973352692335759360 for account
@WhiteHouse
ERROR: unable to get tweets for account @WhiteHouse
           the system said: Failed to parse JSON payload: Expecting ':'
delimiter: line 1 column 510348 (char 510347)
about to get all tweets newer than ID #973307748795469829 for account
@BetsyDeVosED
ERROR: unable to get tweets for account @BetsyDeVosED
           the system said: Failed to send request: EOF occurred in violation of
 protocol (_ssl.c:600)
about to get all tweets newer than ID #973404593433522178 for account @Reince
about to get all tweets newer than ID #816846808789958656 for account
@SenDanCoats
ERROR: unable to get tweets for account @SenDanCoats
           the system said: Failed to parse JSON payload: Unterminated string
starting at: line 1 column 507089 (char 507088)
about to get all tweets newer than ID #973289495587184640 for account @PRyan
ERROR: unable to get tweets for account @PRyan
           the system said: Failed to parse JSON payload: Unterminated string
starting at: line 1 column 613074 (char 613073)
about to get all tweets newer than ID #971852894520651776 for account
@RealBenCarson
ERROR: unable to get tweets for account @RealBenCarson
           the system said: Failed to parse JSON payload: Unterminated string
starting at: line 1 column 504808 (char 504807)
about to get all tweets newer than ID #971172037891887104 for account
@MickMulvaneyOMB
about to get all tweets newer than ID #972260303718223872 for account @PressSec
ERROR: unable to get tweets for account @PressSec
           the system said: Failed to send request: ('Connection aborted.',
BadStatusLine("''",))
about to get all tweets newer than ID #973539021484851206 for account
@mike_pence
getting all tweets before ID #806896741094223871
ERROR: unable to get tweets for account @mike_pence
           the system said: Failed to parse JSON payload: Unterminated string
starting at: line 1 column 507904 (char 507903)
about to get all tweets newer than ID #973312357920333829 for account @Scavino45
ERROR: unable to get tweets for account @Scavino45
           the system said: Failed to send request:
HTTPSConnectionPool(host='api.twitter.com', port=443): Read timed out.
about to get all tweets newer than ID #856041462164836355 for account
@FirstLadyIN
about to get all tweets newer than ID #973403993551536128 for account
@seanspicer
ERROR: unable to get tweets for account @seanspicer
           the system said: Failed to parse JSON payload: Unterminated string
starting at: line 1 column 504035 (char 504034)
about to get all tweets newer than ID #816290296048873472 for account
@WilburRoss
about to get all tweets newer than ID #973368489602936832 for account
@AshLeeStrong
ERROR: unable to get tweets for account @AshLeeStrong
           the system said: Failed to parse JSON payload: Unterminated string
starting at: line 1 column 505177 (char 505176)
about to get all tweets newer than ID #973297098522267651 for account
@nikkihaley
ERROR: unable to get tweets for account @nikkihaley
           the system said: Failed to parse JSON payload: Unterminated string
starting at: line 1 column 606782 (char 606781)
about to get all tweets newer than ID #972170519385657344 for account
@IvankaTrumpHQ
ERROR: unable to get tweets for account @IvankaTrumpHQ
           the system said: Failed to parse JSON payload: Unterminated string
starting at: line 1 column 509346 (char 509345)
about to get all tweets newer than ID #971897060097249282 for account @FLOTUS
ERROR: unable to get tweets for account @FLOTUS
           the system said: Failed to parse JSON payload: Unterminated string
starting at: line 1 column 508894 (char 508893)
about to get all tweets newer than ID #973301085208240128 for account
@SecretaryCarson
ERROR: unable to get tweets for account @SecretaryCarson
           the system said: Failed to send request: ('Connection aborted.',
BadStatusLine("''",))
about to get all tweets newer than ID #972135175336480769 for account
@StephGrisham45
ERROR: unable to get tweets for account @StephGrisham45
           the system said: Failed to parse JSON payload: Expecting ':'
delimiter: line 1 column 504555 (char 504554)
about to get all tweets newer than ID #973393017129316352 for account @POTUS
ERROR: unable to get tweets for account @POTUS
           the system said: Failed to parse JSON payload: Unterminated string
starting at: line 1 column 508892 (char 508891)
about to get all tweets newer than ID #973339166359674883 for account
@SpeakerRyan
ERROR: unable to get tweets for account @SpeakerRyan
           the system said: Failed to parse JSON payload: Unterminated string
starting at: line 1 column 626471 (char 626470)
about to get all tweets newer than ID #963927915284062209 for account
@SecretaryRoss
about to get all tweets newer than ID #973378693887295488 for account
@KellyannePolls
ERROR: unable to get tweets for account @KellyannePolls
           the system said: Failed to send request: ('Connection aborted.',
ConnectionResetError(104, 'Connection reset by peer'))
about to get all tweets newer than ID #973284831722459136 for account
@Scaramucci
ERROR: unable to get tweets for account @Scaramucci
           the system said: Failed to parse JSON payload: Unterminated string
starting at: line 1 column 624622 (char 624621)
about to get all tweets newer than ID #913881045652688901 for account
@SecPriceMD
ERROR: unable to get tweets for account @SecPriceMD
           the system said: Failed to parse JSON payload: Expecting ','
delimiter: line 1 column 504060 (char 504059)
about to get all tweets newer than ID #972579903391567872 for account
@DanScavino
about to get all tweets newer than ID #972246960903196675 for account
@TomBossert45
ERROR: unable to get tweets for account @TomBossert45
           the system said: Failed to parse JSON payload: Unterminated string
starting at: line 1 column 627134 (char 627133)
about to get all tweets newer than ID #-1 for account @ElaineChao
about to get all tweets newer than ID #973230293321748480 for account
@EPAScottPruitt
ERROR: unable to get tweets for account @EPAScottPruitt
           the system said: Failed to parse JSON payload: Unterminated string
starting at: line 1 column 510336 (char 510335)
about to get all tweets newer than ID #973380995503284224 for account
@IvankaTrump
ERROR: unable to get tweets for account @IvankaTrump
           the system said: Failed to parse JSON payload: Unterminated string
starting at: line 1 column 507451 (char 507450)
about to get all tweets newer than ID #973360355790479361 for account
@realDonaldTrump
ERROR: unable to get tweets for account @realDonaldTrump
           the system said: Failed to parse JSON payload: Unterminated string
starting at: line 1 column 506138 (char 506137)
about to get all tweets newer than ID #898632795517403136 for account
@GeneralJFKellly
ERROR: unable to get tweets for account @GeneralJFKellly
           the system said: Not authorized.
about to get all tweets newer than ID #973312566129807361 for account @SBALinda
ERROR: unable to get tweets for account @SBALinda
           the system said: Failed to parse JSON payload: Unterminated string
starting at: line 1 column 506953 (char 506952)
about to get all tweets newer than ID #972564587823452160 for account
@SecShulkin
about to get all tweets newer than ID #973319631476871169 for account
@SecretaryPerry
about to get all tweets newer than ID #973198296897466368 for account
@Linda_McMahon
about to get all tweets newer than ID #890659905798983680 for account @Reince45
ERROR: unable to get tweets for account @Reince45
           the system said: Not authorized.
about to get all tweets newer than ID #973324614624477184 for account
@SecretaryZinke
getting all tweets before ID #955132251846606848
    ...400 tweets downloaded so far


New tweet from SecretaryZinke: Starting soon: Budget hearing with the Senate
@EnergyGOP @EnergyDems. Time to #RebuildOurParks https://t.co/ieJdRSOZjR

archiving URL http://twitter.com/SecretaryZinke/status/973562968117039106
    ... archiving using prefix http://web.archive.org/save/
about to get all tweets newer than ID #973313363534020608 for account
@SecretaryAcosta

archiving URL https://twitter.com/SecretaryZinke/status/973562968117039106
    ... archiving using prefix http://web.archive.org/save/


New tweet from SecretaryZinke: .@POTUS budget requests the largest investment
in public lands #infrastructure in history #RebuildOurParks @USIndianAffairs
@USIndianAffairs

archiving URL http://twitter.com/SecretaryZinke/status/973565879869952001
    ... archiving using prefix http://web.archive.org/save/

archiving URL https://twitter.com/SecretaryZinke/status/973565879869952001
    ... archiving using prefix http://web.archive.org/save/
ERROR: unable to get tweets for account @SecretaryAcosta
           the system said: Failed to parse JSON payload: Unterminated string
starting at: line 1 column 507445 (char 507444)
about to get all tweets newer than ID #971089084394491905 for account
@GovernorPerry
about to get all tweets newer than ID #832282841471918080 for account
@BetsyDeVos
about to get all tweets newer than ID #972227882121613312 for account
@SecretarySonny
about to get all tweets newer than ID #973240527129862145 for account
@JessicaDitto45
ERROR: unable to get tweets for account @JessicaDitto45
           the system said: Failed to parse JSON payload: Expecting value: line
1 column 502491 (char 502490)
about to get all tweets newer than ID #824610180881117184 for account
@GovPenceIN
ERROR: unable to get tweets for account @GovPenceIN
           the system said: Failed to parse JSON payload: Expecting ','
delimiter: line 1 column 509852 (char 509851)
about to get all tweets newer than ID #972208654723272715 for account
@stevenmnuchin1
ERROR: unable to get tweets for account @stevenmnuchin1
           the system said: Failed to parse JSON payload: Unterminated string
starting at: line 1 column 509838 (char 509837)
about to get all tweets newer than ID #971815119272505345 for account
@SecondLady
ERROR: unable to get tweets for account @SecondLady
           the system said: Failed to parse JSON payload: Unterminated string
starting at: line 1 column 504554 (char 504553)
about to get all tweets newer than ID #-1 for account @jaredkushner
about to get all tweets newer than ID #836780744810844161 for account
@StephenMillerAL
about to get all tweets newer than ID #973385853665005568 for account @VP
ERROR: unable to get tweets for account @VP
           the system said: Failed to parse JSON payload: Unterminated string
starting at: line 1 column 507141 (char 507140)
about to get all tweets newer than ID #954801265732661248 for account
@MELANIATRUMP
ERROR: unable to get tweets for account @MELANIATRUMP
           the system said: Failed to parse JSON payload: Expecting value: line
1 column 506952 (char 506951)
about to get all tweets newer than ID #903694300306923521 for account
@SecElaineChao
... OK, we're set up, and about to watch 6577802, 822215673812119553,
828997388920619008, 20733972, 212262370, 733751245, 1180379185,
888031054141022209, 818927131883356161, 22203756, 823367015830323201,
1923451808, 20776147, 809836066316451840, 296060169, 37666984,
798195585824104449, 818876014390603776, 828613457020870657, 823638938590085124,
822215679726100480, 18916432, 836305915452272641, 471672239, 24578794,
829782369670410240, 620571475, 866746592853979137, 105267762,
832672006113931269, 52544275, 25073877, 892173412818354177, 819992522109894658,
831482588246196225, 830128820447539208, 65522706, 803703725730779136,
827258161841135623, 819980276570976256, 18906561, 599530439, 842072478834909184,
 836724024688410625, 15985455, 799764016885329921, 822127086194348032, 29547260,
 728361177986797568, 818910970567344128, 108471631, 826065858548133888
