Hello, traveler. This is the beginning of a log file called: "Fascist Tweet Archiver".
Some basic system info about the host machine: posix.uname_result(sysname='Linux', nodename='file-server', release='3.16.0-5-686-pae', version='#1 SMP Debian 3.16.51-3+deb8u1 (2018-01-08)', machine='i686')
This log was begun Tuesday, 20 February 2018 at 08:32



INFO: read target account data; we're tracking 52 accounts
WARNING: no ProtocolError (got exception "name 'ProtocolError' is not defined");
 trying requests.packages.urllib3.exceptions instead
NOTE: successfully imported from requests
Starting up...
about to get all tweets newer than ID #965961756341350401 for account @SBALinda
about to get all tweets newer than ID #964902954967891968 for account @FLOTUS
about to get all tweets newer than ID #965749508444446720 for account
@seanspicer
about to get all tweets newer than ID #965658622381486080 for account @VP
about to get all tweets newer than ID #965638316359118849 for account
@SecretaryZinke
getting all tweets before ID #943878227621306369
    ...400 tweets downloaded so far


New tweet from SecretaryZinke: RT @NatlParkService: On a road trip with your
pets? National parks welcome pets—in developed areas, on many trails and
campgrounds, and in…

archiving URL http://twitter.com/SecretaryZinke/status/965969872311193601
    ... archiving using prefix http://web.archive.org/save/
about to get all tweets newer than ID #965618896454803456 for account
@EPAScottPruitt

archiving URL https://twitter.com/SecretaryZinke/status/965969872311193601
    ... archiving using prefix http://web.archive.org/save/
about to get all tweets newer than ID #965643859408621568 for account
@SecretaryAcosta
about to get all tweets newer than ID #964531082665193472 for account @PRyan
about to get all tweets newer than ID #965691623240761344 for account
@JessicaDitto45
about to get all tweets newer than ID #965637014233247744 for account @Scavino45
about to get all tweets newer than ID #965665276925743105 for account
@SpeakerRyan
about to get all tweets newer than ID #965002523840008192 for account
@StephGrisham45
about to get all tweets newer than ID #963917729328746496 for account
@TomBossert45
about to get all tweets newer than ID #965761084169867264 for account @PressSec
about to get all tweets newer than ID #836780744810844161 for account
@StephenMillerAL
about to get all tweets newer than ID #963902159531147264 for account
@BetsyDeVosED
about to get all tweets newer than ID #954801265732661248 for account
@MELANIATRUMP
about to get all tweets newer than ID #965788767507251200 for account
@Scaramucci
about to get all tweets newer than ID #816846808789958656 for account
@SenDanCoats
about to get all tweets newer than ID #964349912786681856 for account
@KellyannePolls
about to get all tweets newer than ID #965943827931549696 for account
@realDonaldTrump
getting all tweets before ID #953067456255406080
    ...400 tweets downloaded so far


New tweet from realDonaldTrump: A woman I don’t know and, to the best of my
knowledge, never met, is on the FRONT PAGE of the Fake News Washington…
https://t.co/lWlDMu6gxb
about to get all tweets newer than ID #824610180881117184 for account
@GovPenceIN

archiving URL http://twitter.com/realDonaldTrump/status/965968309358333952
    ... archiving using prefix http://web.archive.org/save/

archiving URL https://twitter.com/realDonaldTrump/status/965968309358333952
    ... archiving using prefix http://web.archive.org/save/


New tweet from realDonaldTrump: ....cameras running. Another False Accusation.
 Why doesn’t @washingtonpost report the story of the women taking mon…
https://t.co/OTpK1KLYOL

archiving URL http://twitter.com/realDonaldTrump/status/965971586913374208
    ... archiving using prefix http://web.archive.org/save/

archiving URL https://twitter.com/realDonaldTrump/status/965971586913374208
    ... archiving using prefix http://web.archive.org/save/
about to get all tweets newer than ID #965632567067201536 for account
@stevenmnuchin1
about to get all tweets newer than ID #965955696419311616 for account
@AshLeeStrong
getting all tweets before ID #954587964251820032
    ...400 tweets downloaded so far


New tweet from AshLeeStrong: @morningmoneyben Among other reasons, as an
outdoorsman, I have to go Teddy.
about to get all tweets newer than ID #832282841471918080 for account
@BetsyDeVos

archiving URL http://twitter.com/AshLeeStrong/status/965972084265451523
    ... archiving using prefix http://web.archive.org/save/

archiving URL https://twitter.com/AshLeeStrong/status/965972084265451523
    ... archiving using prefix http://web.archive.org/save/
about to get all tweets newer than ID #903694300306923521 for account
@SecElaineChao


New tweet from AshLeeStrong: @LoganDobson Cleveland! The only president to be
married in a WH ceremony.

archiving URL http://twitter.com/AshLeeStrong/status/965973327801126913
    ... archiving using prefix http://web.archive.org/save/

archiving URL https://twitter.com/AshLeeStrong/status/965973327801126913
    ... archiving using prefix http://web.archive.org/save/


New tweet from AshLeeStrong: RT @Hadas_Gold: U.S. Army Awards Medal of Heroism
 to Slain Parkland Students https://t.co/lhndRXuJe5 via @thedailybeast

archiving URL http://twitter.com/AshLeeStrong/status/965974943673520129
    ... archiving using prefix http://web.archive.org/save/
about to get all tweets newer than ID #830074939298414592 for account
@RepTomPrice

archiving URL https://twitter.com/AshLeeStrong/status/965974943673520129
    ... archiving using prefix http://web.archive.org/save/
about to get all tweets newer than ID #964524657834647552 for account
@SecretaryCarson
about to get all tweets newer than ID #965790835643215873 for account
@RealBenCarson
about to get all tweets newer than ID #965033528059719680 for account
@SecondLady
about to get all tweets newer than ID #-1 for account @jaredkushner
about to get all tweets newer than ID #-1 for account @ElaineChao
about to get all tweets newer than ID #961725970108633089 for account
@SecShulkin
about to get all tweets newer than ID #965069215509237760 for account
@mike_pence
about to get all tweets newer than ID #816290296048873472 for account
@WilburRoss
about to get all tweets newer than ID #963899156300488704 for account
@IvankaTrumpHQ
about to get all tweets newer than ID #964984439175614464 for account @POTUS
about to get all tweets newer than ID #963927915284062209 for account
@SecretaryRoss
about to get all tweets newer than ID #965586581007499264 for account
@SecretaryPerry
about to get all tweets newer than ID #965231014632132610 for account
@Linda_McMahon
about to get all tweets newer than ID #958090523364986887 for account
@MickMulvaneyOMB
about to get all tweets newer than ID #962184059052011522 for account @Reince
about to get all tweets newer than ID #965782237517172741 for account
@nikkihaley
about to get all tweets newer than ID #898632795517403136 for account
@GeneralJFKellly
ERROR: unable to get tweets for account @GeneralJFKellly
           the system said: Not authorized.
about to get all tweets newer than ID #965958861210488832 for account
@IvankaTrump
about to get all tweets newer than ID #965663780238778368 for account
@WhiteHouse
about to get all tweets newer than ID #959613255206555648 for account
@DanScavino
about to get all tweets newer than ID #913881045652688901 for account
@SecPriceMD
about to get all tweets newer than ID #965700614322819072 for account
@SecretarySonny
about to get all tweets newer than ID #890659905798983680 for account @Reince45
about to get all tweets newer than ID #856041462164836355 for account
@FirstLadyIN
about to get all tweets newer than ID #965235438230343680 for account
@GovernorPerry
... OK, we're set up, and about to watch 819992522109894658, 818876014390603776,
 20776147, 818910970567344128, 827258161841135623, 832672006113931269,
819980276570976256, 733751245, 836724024688410625, 823367015830323201, 18916432,
 823638938590085124, 866746592853979137, 818927131883356161, 728361177986797568,
 828997388920619008, 108471631, 24578794, 212262370, 471672239, 25073877,
15985455, 799764016885329921, 296060169, 599530439, 826065858548133888, 6577802,
 828613457020870657, 1180379185, 822127086194348032, 29547260, 105267762,
831482588246196225, 22203756, 809836066316451840, 798195585824104449,
822215679726100480, 836305915452272641, 830128820447539208, 65522706,
888031054141022209, 20733972, 37666984, 892173412818354177, 52544275,
822215673812119553, 620571475, 829782369670410240, 842072478834909184,
803703725730779136, 1923451808, 18906561
