Hello, traveler. This is the beginning of a log file called: "Fascist Tweet Archiver".
Some basic system info about the host machine: posix.uname_result(sysname='Linux', nodename='file-server', release='3.16.0-5-686-pae', version='#1 SMP Debian 3.16.51-3+deb8u1 (2018-01-08)', machine='i686')
This log was begun Friday, 16 February 2018 at 13:24



INFO: read target account data; we're tracking 52 accounts
WARNING: no ProtocolError (got exception "name 'ProtocolError' is not defined");
 trying requests.packages.urllib3.exceptions instead
NOTE: successfully imported from requests
Starting up...
about to get all tweets newer than ID #-1 for account @jaredkushner
about to get all tweets newer than ID #898632795517403136 for account
@GeneralJFKellly
ERROR: unable to get tweets for account @GeneralJFKellly
           the system said: Not authorized.
about to get all tweets newer than ID #964595114076188673 for account
@Scaramucci
about to get all tweets newer than ID #959503328014225408 for account
@mike_pence
about to get all tweets newer than ID #964532950250475520 for account
@seanspicer
about to get all tweets newer than ID #959613255206555648 for account
@DanScavino
about to get all tweets newer than ID #964568670633709568 for account
@SecretaryZinke
about to get all tweets newer than ID #964594780088033282 for account
@realDonaldTrump
about to get all tweets newer than ID #964546846613016576 for account @VP
about to get all tweets newer than ID #963902159531147264 for account
@BetsyDeVosED
about to get all tweets newer than ID #964515159300558849 for account
@SecretarySonny
about to get all tweets newer than ID #964237873972219906 for account
@stevenmnuchin1
about to get all tweets newer than ID #964587166734127105 for account
@nikkihaley
about to get all tweets newer than ID #856041462164836355 for account
@FirstLadyIN
about to get all tweets newer than ID #964521452052664320 for account
@JessicaDitto45
about to get all tweets newer than ID #958090523364986887 for account
@MickMulvaneyOMB
about to get all tweets newer than ID #963882232179019781 for account @FLOTUS
about to get all tweets newer than ID #964300297517625345 for account @PressSec
about to get all tweets newer than ID #964524657834647552 for account
@SecretaryCarson
about to get all tweets newer than ID #836780744810844161 for account
@StephenMillerAL
about to get all tweets newer than ID #964349912786681856 for account
@KellyannePolls
about to get all tweets newer than ID #963882369831919616 for account
@StephGrisham45
about to get all tweets newer than ID #964520058713198592 for account
@AshLeeStrong
about to get all tweets newer than ID #963917729328746496 for account
@TomBossert45
about to get all tweets newer than ID #955254388423118849 for account
@GovernorPerry
about to get all tweets newer than ID #903694300306923521 for account
@SecElaineChao
about to get all tweets newer than ID #964584654006378498 for account
@SecondLady
about to get all tweets newer than ID #-1 for account @ElaineChao
about to get all tweets newer than ID #830074939298414592 for account
@RepTomPrice
about to get all tweets newer than ID #964523763105697793 for account
@SecretaryAcosta
about to get all tweets newer than ID #964180456685129729 for account @SBALinda
about to get all tweets newer than ID #964225557276823552 for account
@RealBenCarson
about to get all tweets newer than ID #962184059052011522 for account @Reince
about to get all tweets newer than ID #963927915284062209 for account
@SecretaryRoss
about to get all tweets newer than ID #963899156300488704 for account
@IvankaTrumpHQ
about to get all tweets newer than ID #954801265732661248 for account
@MELANIATRUMP
about to get all tweets newer than ID #824610180881117184 for account
@GovPenceIN
about to get all tweets newer than ID #964531082665193472 for account @PRyan
about to get all tweets newer than ID #816846808789958656 for account
@SenDanCoats
about to get all tweets newer than ID #963903835965214720 for account
@SecretaryPerry
about to get all tweets newer than ID #961725970108633089 for account
@SecShulkin
about to get all tweets newer than ID #964595754303152128 for account
@WhiteHouse
about to get all tweets newer than ID #964232805902356482 for account @Scavino45
about to get all tweets newer than ID #964521172032475136 for account
@EPAScottPruitt
about to get all tweets newer than ID #964588244267687937 for account
@SpeakerRyan
about to get all tweets newer than ID #832282841471918080 for account
@BetsyDeVos
about to get all tweets newer than ID #963949296121937920 for account
@IvankaTrump
about to get all tweets newer than ID #964515441602416640 for account @POTUS
about to get all tweets newer than ID #890659905798983680 for account @Reince45
about to get all tweets newer than ID #816290296048873472 for account
@WilburRoss
about to get all tweets newer than ID #913881045652688901 for account
@SecPriceMD
about to get all tweets newer than ID #898401955847876608 for account
@Linda_McMahon
... OK, we're set up, and about to watch 29547260, 892173412818354177, 24578794,
 22203756, 20776147, 620571475, 827258161841135623, 25073877,
818910970567344128, 828997388920619008, 842072478834909184, 799764016885329921,
37666984, 1923451808, 836724024688410625, 888031054141022209,
818876014390603776, 818927131883356161, 828613457020870657, 728361177986797568,
471672239, 823638938590085124, 296060169, 866746592853979137, 18906561,
826065858548133888, 822127086194348032, 105267762, 6577802, 819980276570976256,
819992522109894658, 1180379185, 20733972, 836305915452272641,
798195585824104449, 108471631, 15985455, 733751245, 212262370,
830128820447539208, 831482588246196225, 822215673812119553, 823367015830323201,
832672006113931269, 18916432, 599530439, 52544275, 822215679726100480,
803703725730779136, 809836066316451840, 829782369670410240, 65522706


New tweet from SecondLady: Great visit at Methodist Children's Hospital in San
 Antonio, TX where I met the art therapist &amp; children participat…
https://t.co/JFoC18J3M5

archiving URL http://twitter.com/SecondLady/status/964602710308851712
    ... archiving using prefix http://web.archive.org/save/

archiving URL https://twitter.com/SecondLady/status/964602710308851712
    ... archiving using prefix http://web.archive.org/save/


New tweet from VP: The heartache in Broward County is unimaginable. We are as
one Nation praying for the victims &amp; their families. Whe…
https://t.co/7S9j72Ruqb

archiving URL http://twitter.com/VP/status/964607264047820800
    ... archiving using prefix http://web.archive.org/save/

archiving URL https://twitter.com/VP/status/964607264047820800
    ... archiving using prefix http://web.archive.org/save/


New tweet from AshLeeStrong: (1/2) Speaker Ryan on Russia indictments: "We
have known that Russians meddled in the election, but these indictmen…
https://t.co/5xF49K7EAx

archiving URL http://twitter.com/AshLeeStrong/status/964607730194542592
    ... archiving using prefix http://web.archive.org/save/


New tweet from AshLeeStrong: (2/2) "...It was a conspiracy to subvert the
process, and take aim at democracy itself. Today’s announcement unders…
https://t.co/XL7zxabUl7

archiving URL http://twitter.com/AshLeeStrong/status/964607731784146946
    ... archiving using prefix http://web.archive.org/save/

archiving URL https://twitter.com/AshLeeStrong/status/964607730194542592
    ... archiving using prefix http://web.archive.org/save/

archiving URL https://twitter.com/AshLeeStrong/status/964607731784146946
    ... archiving using prefix http://web.archive.org/save/


New tweet from RealBenCarson: "We make a living by what we get, but we make a
life by what we give.” 
~Winston Churchill https://t.co/eJ7sU34OPl

archiving URL http://twitter.com/RealBenCarson/status/964609572777484289
    ... archiving using prefix http://web.archive.org/save/

archiving URL https://twitter.com/RealBenCarson/status/964609572777484289
    ... archiving using prefix http://web.archive.org/save/


New tweet from SecretaryPerry: Touring @TAMU's Center for Infrastructure
Renewal today. The highlight so far has been the remarkable students and…
https://t.co/ohHAXRKGpV

archiving URL http://twitter.com/SecretaryPerry/status/964616202109837313
    ... archiving using prefix http://web.archive.org/save/

archiving URL https://twitter.com/SecretaryPerry/status/964616202109837313
    ... archiving using prefix http://web.archive.org/save/


New tweet from SecretaryPerry: While touring I got to see several labs where
students are working on project that will change the world as we know…
https://t.co/Z3MrwjOz5L

archiving URL http://twitter.com/SecretaryPerry/status/964617047127810048
    ... archiving using prefix http://web.archive.org/save/

archiving URL https://twitter.com/SecretaryPerry/status/964617047127810048
    ... archiving using prefix http://web.archive.org/save/


New tweet from SecretaryPerry: Also had the honor of speaking to a room full
of students, employees and @TAMU supporters. I appreciated the opport…
https://t.co/Ed37Yw0hvp

archiving URL http://twitter.com/SecretaryPerry/status/964618325547536398
    ... archiving using prefix http://web.archive.org/save/

archiving URL https://twitter.com/SecretaryPerry/status/964618325547536398
    ... archiving using prefix http://web.archive.org/save/


New tweet from AshLeeStrong: #Parkland https://t.co/HG3vQl0fXq

archiving URL http://twitter.com/AshLeeStrong/status/964640543878844416
    ... archiving using prefix http://web.archive.org/save/

archiving URL https://twitter.com/AshLeeStrong/status/964640543878844416
    ... archiving using prefix http://web.archive.org/save/
INFO: handling a deletion for data:

{'delete': {'status': {'id':
964595114076188673,
                       'id_str': '964595114076188673',

                       'user_id': 24578794,
'user_id_str': '24578794'},
            'timestamp_ms': '1518823724211'}}
INFO: successfully dumped raw data to JSON file
INFO: We're handling a deletion notification for tweet ID# 964595114076188673 on
 account Scaramucci
INFO: get_archived_tweet() called to get tweet ID 964595114076188673 for account
 Scaramucci
ERROR: unable to read line "['=======']" because: need more than 1 value to
unpack.
INFO: found a tweet!
http://web.archive.org/*/http://twitter.com/Scaramucci/status/964595114076188673
	RT @TheRoyalsOnE: .@Scaramucci we could use your help denying these obviously
false rumors. #TheRoyals https://t.co/E36w6fiZYT
... adding to list of deleted tweets
... added
... but we're not going to tweet about it because Scaramucci is not in the list
of accounts we tweet about


New tweet from RealBenCarson: https://t.co/RlEQ29YrkQ

archiving URL http://twitter.com/RealBenCarson/status/964650099006558208
    ... archiving using prefix http://web.archive.org/save/

archiving URL https://twitter.com/RealBenCarson/status/964650099006558208
    ... archiving using prefix http://web.archive.org/save/


New tweet from JessicaDitto45: RT @AP_Politics: BREAKING: President Trump
arrives at Florida hospital to thank medical professionals two days after deadly
 school shooting.

archiving URL http://twitter.com/JessicaDitto45/status/964656489418952704
    ... archiving using prefix http://web.archive.org/save/

archiving URL https://twitter.com/JessicaDitto45/status/964656489418952704
    ... archiving using prefix http://web.archive.org/save/


New tweet from JessicaDitto45: RT @jeffmason1: .@realDonaldTrump and @FLOTUS
in Florida. The president said he spoke to victims and said doctors had done an
incredible jo…

archiving URL http://twitter.com/JessicaDitto45/status/964656682239447040
    ... archiving using prefix http://web.archive.org/save/

archiving URL https://twitter.com/JessicaDitto45/status/964656682239447040
    ... archiving using prefix http://web.archive.org/save/


New tweet from JessicaDitto45: RT @jeffmason1: .@realDonaldTrump and @FLOTUS
have arrived at Broward Health North Hospital to “pay their respects and thank
the medical pr…

archiving URL http://twitter.com/JessicaDitto45/status/964656731430236160
    ... archiving using prefix http://web.archive.org/save/

archiving URL https://twitter.com/JessicaDitto45/status/964656731430236160
    ... archiving using prefix http://web.archive.org/save/
WARNING: received error HTTPSConnectionPool(host='stream.twitter.com',
port=443): Read timed out.; sleeping and trying again ...
WARNING: received error HTTPSConnectionPool(host='stream.twitter.com',
port=443): Read timed out.; sleeping and trying again ...


New tweet from Scaramucci: RT @BobHickeyJr: @FrankBuckleyTV with another great
 podcast.  @Scaramucci does not hold back.  https://t.co/hxhUIBB6kn

archiving URL http://twitter.com/Scaramucci/status/964664981911425024
    ... archiving using prefix http://web.archive.org/save/

archiving URL https://twitter.com/Scaramucci/status/964664981911425024
    ... archiving using prefix http://web.archive.org/save/
WARNING: received error HTTPSConnectionPool(host='stream.twitter.com',
port=443): Read timed out.; sleeping and trying again ...
WARNING: received error HTTPSConnectionPool(host='stream.twitter.com',
port=443): Read timed out.; sleeping and trying again ...


New tweet from StephGrisham45: Moving visit today w @flotus &amp; @potus as
they visited w victims, families &amp; the amazing medical teams at Broward He…
https://t.co/6rtoIz5QlA

archiving URL http://twitter.com/StephGrisham45/status/964678028956786688
    ... archiving using prefix http://web.archive.org/save/

archiving URL https://twitter.com/StephGrisham45/status/964678028956786688
    ... archiving using prefix http://web.archive.org/save/


New tweet from Scavino45: President Trump and First Lady Melania with all of
the incredible First Responders @BrowardSheriff after this eveni…
https://t.co/mktIXMBrQ7

archiving URL http://twitter.com/Scavino45/status/964684436292894720
    ... archiving using prefix http://web.archive.org/save/

archiving URL https://twitter.com/Scavino45/status/964684436292894720
    ... archiving using prefix http://web.archive.org/save/


New tweet from AshLeeStrong: RT @SteveDaines: Two Montanans competing at the
Olympics tonight in slopestyle, let’s go Darian and Maggie! #MTProud

archiving URL http://twitter.com/AshLeeStrong/status/964684874689994753
    ... archiving using prefix http://web.archive.org/save/

archiving URL https://twitter.com/AshLeeStrong/status/964684874689994753
    ... archiving using prefix http://web.archive.org/save/
WARNING: received error HTTPSConnectionPool(host='stream.twitter.com',
port=443): Read timed out.; sleeping and trying again ...


New tweet from VP: Important briefing today at our Nations’ southern border
with @DHSgov @SecNielsen &amp; @SenTedCruz. Grateful to the br…
https://t.co/nLcp8KiDhX

archiving URL http://twitter.com/VP/status/964690702398566400
    ... archiving using prefix http://web.archive.org/save/

archiving URL https://twitter.com/VP/status/964690702398566400
    ... archiving using prefix http://web.archive.org/save/
WARNING: received error HTTPSConnectionPool(host='stream.twitter.com',
port=443): Read timed out.; sleeping and trying again ...


New tweet from seanspicer: RT @seanhannity: The liberal media has done a great
 disservice to you by not digging for the truth about real Russia
collusion…@seanspicer…

archiving URL http://twitter.com/seanspicer/status/964698143429414912
    ... archiving using prefix http://web.archive.org/save/

archiving URL https://twitter.com/seanspicer/status/964698143429414912
    ... archiving using prefix http://web.archive.org/save/
WARNING: received error HTTPSConnectionPool(host='stream.twitter.com',
port=443): Read timed out.; sleeping and trying again ...
WARNING: received error HTTPSConnectionPool(host='stream.twitter.com',
port=443): Read timed out.; sleeping and trying again ...


New tweet from VP: In Hidalgo today, saw how narrow the Rio Grande can be to
cross. We need THE WALL &amp; we need more personnel. Last ye…
https://t.co/eKUFedpyi7

archiving URL http://twitter.com/VP/status/964709573394395136
    ... archiving using prefix http://web.archive.org/save/

archiving URL https://twitter.com/VP/status/964709573394395136
    ... archiving using prefix http://web.archive.org/save/
WARNING: received error HTTPSConnectionPool(host='stream.twitter.com',
port=443): Read timed out.; sleeping and trying again ...
WARNING: received error HTTPSConnectionPool(host='stream.twitter.com',
port=443): Read timed out.; sleeping and trying again ...
WARNING: received error HTTPSConnectionPool(host='stream.twitter.com',
port=443): Read timed out.; sleeping and trying again ...


New tweet from VP: Surveyed border w/ @DHSgov @SecNielsen &amp; @SenTedCruz
&amp; thanked @CBP for their hard work to secure our border. Being…
https://t.co/6qWY2Q7TiJ

archiving URL http://twitter.com/VP/status/964720897323085824
    ... archiving using prefix http://web.archive.org/save/

archiving URL https://twitter.com/VP/status/964720897323085824
    ... archiving using prefix http://web.archive.org/save/


New tweet from realDonaldTrump: Our entire Nation, w/one heavy heart,
continues to pray for the victims &amp; their families in Parkland, FL. To
teache… https://t.co/jR8THlLD5z

archiving URL http://twitter.com/realDonaldTrump/status/964724390637244417
    ... archiving using prefix http://web.archive.org/save/

archiving URL https://twitter.com/realDonaldTrump/status/964724390637244417
    ... archiving using prefix http://web.archive.org/save/


New tweet from JessicaDitto45: RT @realDonaldTrump: Our entire Nation, w/one
heavy heart, continues to pray for the victims &amp; their families in Parkland,
 FL. To teachers,…

archiving URL http://twitter.com/JessicaDitto45/status/964725317008089088
    ... archiving using prefix http://web.archive.org/save/

archiving URL https://twitter.com/JessicaDitto45/status/964725317008089088
    ... archiving using prefix http://web.archive.org/save/


New tweet from WhiteHouse: RT @Scavino45: President Trump and First Lady
Melania with all of the incredible First Responders @BrowardSheriff after this
evenings round…

archiving URL http://twitter.com/WhiteHouse/status/964727855241400320
    ... archiving using prefix http://web.archive.org/save/

archiving URL https://twitter.com/WhiteHouse/status/964727855241400320
    ... archiving using prefix http://web.archive.org/save/


New tweet from WhiteHouse: RT @realDonaldTrump: Our entire Nation, w/one heavy
 heart, continues to pray for the victims &amp; their families in Parkland, FL.
To teachers,…

archiving URL http://twitter.com/WhiteHouse/status/964727907875778560
    ... archiving using prefix http://web.archive.org/save/

archiving URL https://twitter.com/WhiteHouse/status/964727907875778560
    ... archiving using prefix http://web.archive.org/save/


New tweet from POTUS: RT @realDonaldTrump: Our entire Nation, w/one heavy
heart, continues to pray for the victims &amp; their families in Parkland, FL.
To teachers,…

archiving URL http://twitter.com/POTUS/status/964727971784351745
    ... archiving using prefix http://web.archive.org/save/

archiving URL https://twitter.com/POTUS/status/964727971784351745
    ... archiving using prefix http://web.archive.org/save/
WARNING: received error HTTPSConnectionPool(host='stream.twitter.com',
port=443): Read timed out.; sleeping and trying again ...
WARNING: received error HTTPSConnectionPool(host='stream.twitter.com',
port=443): Read timed out.; sleeping and trying again ...


New tweet from Scavino45: President Donald J. Trump and First Lady Melania
Trump visit with Marjory Stoneman Douglas High School student Made…
https://t.co/yKVW2dDnka

archiving URL http://twitter.com/Scavino45/status/964733274429050880
    ... archiving using prefix http://web.archive.org/save/

archiving URL https://twitter.com/Scavino45/status/964733274429050880
    ... archiving using prefix http://web.archive.org/save/
WARNING: received error HTTPSConnectionPool(host='stream.twitter.com',
port=443): Read timed out.; sleeping and trying again ...
WARNING: received error HTTPSConnectionPool(host='stream.twitter.com',
port=443): Read timed out.; sleeping and trying again ...
WARNING: received error HTTPSConnectionPool(host='stream.twitter.com',
port=443): Read timed out.; sleeping and trying again ...
WARNING: received error HTTPSConnectionPool(host='stream.twitter.com',
port=443): Read timed out.; sleeping and trying again ...
WARNING: received error HTTPSConnectionPool(host='stream.twitter.com',
port=443): Read timed out.; sleeping and trying again ...
WARNING: received error HTTPSConnectionPool(host='stream.twitter.com',
port=443): Read timed out.; sleeping and trying again ...
WARNING: received error HTTPSConnectionPool(host='stream.twitter.com',
port=443): Read timed out.; sleeping and trying again ...
WARNING: received error ("Connection broken: ConnectionResetError(104,
'Connection reset by peer')", ConnectionResetError(104, 'Connection reset by
peer')); sleeping and trying again ...
ERROR: 420
ERROR: 420
WARNING: received error HTTPSConnectionPool(host='stream.twitter.com',
port=443): Read timed out.; sleeping and trying again ...


New tweet from JessicaDitto45: RT @FoxNews: .@RajShah45: "We want to see
border security, a Southern border wall, as well as ending the system of
extended family chain mi…

archiving URL http://twitter.com/JessicaDitto45/status/964833443812139008
    ... archiving using prefix http://web.archive.org/save/

archiving URL https://twitter.com/JessicaDitto45/status/964833443812139008
    ... archiving using prefix http://web.archive.org/save/


New tweet from JessicaDitto45: RT @FoxNews: .@POTUS shook hands with
@browardsheriff Scott Israel during a visit to the sheriff's office on Friday,
where he thanked offic…

archiving URL http://twitter.com/JessicaDitto45/status/964833621566771200
    ... archiving using prefix http://web.archive.org/save/

archiving URL https://twitter.com/JessicaDitto45/status/964833621566771200
    ... archiving using prefix http://web.archive.org/save/


New tweet from JessicaDitto45: RT @FoxNews: .@POTUS shook hands with trauma
surgeon Dr. Igor Nichiporenko while he and @FLOTUS visited Broward Health North,
 a hospital th…

archiving URL http://twitter.com/JessicaDitto45/status/964833846205272064
    ... archiving using prefix http://web.archive.org/save/

archiving URL https://twitter.com/JessicaDitto45/status/964833846205272064
    ... archiving using prefix http://web.archive.org/save/


New tweet from Scavino45: 'Prez's tribute to first responders'
https://t.co/3sk7DBtgYW

archiving URL http://twitter.com/Scavino45/status/964842482159751168
    ... archiving using prefix http://web.archive.org/save/

archiving URL https://twitter.com/Scavino45/status/964842482159751168
    ... archiving using prefix http://web.archive.org/save/


New tweet from JessicaDitto45: RT @Scavino45: 'Prez's tribute to first
responders' https://t.co/3sk7DBtgYW

archiving URL http://twitter.com/JessicaDitto45/status/964847746179059713
    ... archiving using prefix http://web.archive.org/save/

archiving URL https://twitter.com/JessicaDitto45/status/964847746179059713
    ... archiving using prefix http://web.archive.org/save/


New tweet from SecretaryAcosta: Looking forward to joining @VP,
@LtGovTex,@PeteSessions, @RepHensarling today in Dallas to highlight how @POTUS
tax… https://t.co/VNvXe5Qc7v

archiving URL http://twitter.com/SecretaryAcosta/status/964863019414163458
    ... archiving using prefix http://web.archive.org/save/

archiving URL https://twitter.com/SecretaryAcosta/status/964863019414163458
    ... archiving using prefix http://web.archive.org/save/


New tweet from Scavino45: That’s because at the hospital when President Trump
goes from one room to the next focusing on spending time consol…
https://t.co/rBdswKdhKh

archiving URL http://twitter.com/Scavino45/status/964866590574632961
    ... archiving using prefix http://web.archive.org/save/

archiving URL https://twitter.com/Scavino45/status/964866590574632961
    ... archiving using prefix http://web.archive.org/save/
WARNING: received error HTTPSConnectionPool(host='stream.twitter.com',
port=443): Read timed out.; sleeping and trying again ...
