Hello, traveler. This is the beginning of a log file called: "Fascist Tweet Archiver".
Some basic system info about the host machine: posix.uname_result(sysname='Linux', nodename='file-server', release='3.16.0-5-686-pae', version='#1 SMP Debian 3.16.51-3+deb8u1 (2018-01-08)', machine='i686')
This log was begun Sunday, 15 April 2018 at 17:00



INFO: read target account data; we're tracking 59 accounts
WARNING: no ProtocolError (got exception "name 'ProtocolError' is not defined");
 trying requests.packages.urllib3.exceptions instead
NOTE: successfully imported from requests
Starting up...
about to get all tweets newer than ID #903694300306923521 for account
@SecElaineChao
about to get all tweets newer than ID #984878181823012864 for account
@SecretaryCarson
ERROR: unable to get tweets for account @SecretaryCarson
           the system said: Failed to parse JSON payload: Unterminated string
starting at: line 1 column 627125 (char 627124)
about to get all tweets newer than ID #856041462164836355 for account
@FirstLadyIN
ERROR: unable to get tweets for account @FirstLadyIN
           the system said: Failed to send request:
HTTPSConnectionPool(host='api.twitter.com', port=443): Read timed out.
about to get all tweets newer than ID #913881045652688901 for account
@SecPriceMD
ERROR: unable to get tweets for account @SecPriceMD
           the system said: Failed to send request:
HTTPSConnectionPool(host='api.twitter.com', port=443): Max retries exceeded with
 url: /1.1/statuses/user_timeline.json?count=200&screen_name=SecPriceMD (Caused
by NewConnectionError('<requests.packages.urllib3.connection.VerifiedHTTPSConnec
tion object at 0xb649d82c>: Failed to establish a new connection: [Errno -2]
Name or service not known',))
about to get all tweets newer than ID #985649127039098881 for account
@SpeakerRyan
ERROR: unable to get tweets for account @SpeakerRyan
           the system said: Failed to send request:
HTTPSConnectionPool(host='api.twitter.com', port=443): Max retries exceeded with
 url: /1.1/statuses/user_timeline.json?count=200&screen_name=SpeakerRyan (Caused
 by NewConnectionError('<requests.packages.urllib3.connection.VerifiedHTTPSConne
ction object at 0xb6496a8c>: Failed to establish a new connection: [Errno -2]
Name or service not known',))
about to get all tweets newer than ID #985161535894024192 for account
@StephGrisham45
ERROR: unable to get tweets for account @StephGrisham45
           the system said: Failed to parse JSON payload: Unterminated string
starting at: line 1 column 608308 (char 608307)
about to get all tweets newer than ID #985566056889683968 for account
@Scaramucci
about to get all tweets newer than ID #985263371082780673 for account
@seanspicer
about to get all tweets newer than ID #985498117587030017 for account @POTUS
about to get all tweets newer than ID #984774893953867776 for account @Cabinet
about to get all tweets newer than ID #985572782489686024 for account
@JessicaDitto45
ERROR: unable to get tweets for account @JessicaDitto45
           the system said: Failed to parse JSON payload: Unterminated string
starting at: line 1 column 606857 (char 606856)
about to get all tweets newer than ID #983907190493908992 for account
@TomBossert45
about to get all tweets newer than ID #816846808789958656 for account
@SenDanCoats
about to get all tweets newer than ID #985364479105028096 for account @Scavino45
about to get all tweets newer than ID #983854772305448960 for account
@mike_pence
about to get all tweets newer than ID #984890216510033921 for account
@EPAScottPruitt
about to get all tweets newer than ID #978650205192044545 for account
@SecShulkin
about to get all tweets newer than ID #984586337704644609 for account
@DanScavino
about to get all tweets newer than ID #984898890867662849 for account
@SecretaryPerry
about to get all tweets newer than ID #-1 for account @jaredkushner
about to get all tweets newer than ID #984820654573850624 for account
@SecretaryAcosta
about to get all tweets newer than ID #824610180881117184 for account
@GovPenceIN
ERROR: unable to get tweets for account @GovPenceIN
           the system said: Failed to parse JSON payload: Unterminated string
starting at: line 1 column 608300 (char 608299)
about to get all tweets newer than ID #984245559543386113 for account @Reince
about to get all tweets newer than ID #985302079534182400 for account
@SecretarySonny
about to get all tweets newer than ID #985159525647994880 for account
@SecondLady
about to get all tweets newer than ID #-1 for account @ElaineChao
about to get all tweets newer than ID #985529299905187840 for account
@realDonaldTrump
about to get all tweets newer than ID #985623933008449536 for account
@WhiteHouse
about to get all tweets newer than ID #830074939298414592 for account
@RepTomPrice
about to get all tweets newer than ID #983500045436772353 for account
@RealBenCarson
ERROR: unable to get tweets for account @RealBenCarson
           the system said: Failed to parse JSON payload: Unterminated string
starting at: line 1 column 612643 (char 612642)
about to get all tweets newer than ID #985519308561362950 for account @PressSec
about to get all tweets newer than ID #985540606003904512 for account
@AshLeeStrong
ERROR: unable to get tweets for account @AshLeeStrong
           the system said: Failed to parse JSON payload: Unterminated string
starting at: line 1 column 620364 (char 620363)
about to get all tweets newer than ID #985603718778445825 for account
@statedeptspox
ERROR: unable to get tweets for account @statedeptspox
           the system said: Failed to parse JSON payload: Unterminated string
starting at: line 1 column 613598 (char 613597)
about to get all tweets newer than ID #982452105276481536 for account
@GovernorPerry
about to get all tweets newer than ID #984131466362699777 for account @PRyan
about to get all tweets newer than ID #984869727678926848 for account
@DepSecHargan
ERROR: unable to get tweets for account @DepSecHargan
           the system said: Failed to parse JSON payload: Unterminated string
starting at: line 1 column 609763 (char 609762)
about to get all tweets newer than ID #985617793440772101 for account
@KellyannePolls
about to get all tweets newer than ID #984830914378305536 for account
@stevenmnuchin1
about to get all tweets newer than ID #985168153197056000 for account @FLOTUS
ERROR: unable to get tweets for account @FLOTUS
           the system said: Failed to parse JSON payload: Unterminated string
starting at: line 1 column 607278 (char 607277)
about to get all tweets newer than ID #836780744810844161 for account
@StephenMillerAL
about to get all tweets newer than ID #985602879674339329 for account
@IvankaTrump
about to get all tweets newer than ID #816290296048873472 for account
@WilburRoss
about to get all tweets newer than ID #985179824258994176 for account
@SecNielsen
about to get all tweets newer than ID #984890764764336128 for account
@EnergyDepSec
ERROR: unable to get tweets for account @EnergyDepSec
           the system said: Failed to parse JSON payload: Unterminated string
starting at: line 1 column 621842 (char 621841)
about to get all tweets newer than ID #890659905798983680 for account @Reince45
ERROR: unable to get tweets for account @Reince45
           the system said: Not authorized.
about to get all tweets newer than ID #985584806108057602 for account
@nikkihaley
about to get all tweets newer than ID #984883883345956864 for account @SecAzar
ERROR: unable to get tweets for account @SecAzar
           the system said: Failed to parse JSON payload: Unterminated string
starting at: line 1 column 612652 (char 612651)
about to get all tweets newer than ID #832282841471918080 for account
@BetsyDeVos
about to get all tweets newer than ID #982954315387195394 for account
@AmbJohnBolton
about to get all tweets newer than ID #973198296897466368 for account
@Linda_McMahon
about to get all tweets newer than ID #985568015029886979 for account @Comey
about to get all tweets newer than ID #985501808608141312 for account
@SecretaryZinke
about to get all tweets newer than ID #954801265732661248 for account
@MELANIATRUMP
about to get all tweets newer than ID #984872152246693888 for account
@BetsyDeVosED
about to get all tweets newer than ID #963927915284062209 for account
@SecretaryRoss
about to get all tweets newer than ID #984840188772962304 for account @SBALinda
about to get all tweets newer than ID #979056009904885762 for account
@IvankaTrumpHQ
about to get all tweets newer than ID #981954374133075968 for account
@MickMulvaneyOMB
about to get all tweets newer than ID #985592277992079361 for account @VP
... OK, we're set up, and about to watch 826065858548133888, 828613457020870657,
 1923451808, 829782369670410240, 18916432, 823638938590085124, 24578794,
20776147, 822215679726100480, 818928162449068032, 836724024688410625,
866746592853979137, 212262370, 823367015830323201, 22203756, 832672006113931269,
 831482588246196225, 620571475, 830128820447539208, 29547260,
819980276570976256, 15985455, 20733972, 842072478834909184, 822127086194348032,
105267762, 25073877, 822215673812119553, 6577802, 1180379185,
818927131883356161, 296060169, 1967216306, 18906561, 733751245,
920035992073064450, 471672239, 799764016885329921, 818876014390603776,
728361177986797568, 52544275, 809836066316451840, 935148134505828353,
894923298374651904, 803703725730779136, 37666984, 956283913835614208, 599530439,
 118756393, 65522706, 2334193741, 827258161841135623, 108471631,
828997388920619008, 836305915452272641, 819992522109894658, 798195585824104449,
888031054141022209, 818910970567344128
WARNING: received error ('Connection broken: IncompleteRead(0 bytes read, 512
more expected)', IncompleteRead(0 bytes read, 512 more expected)); sleeping and
trying again ...
WARNING: received error ('Connection broken: IncompleteRead(0 bytes read, 512
more expected)', IncompleteRead(0 bytes read, 512 more expected)); sleeping and
trying again ...
WARNING: received error ('Connection broken: IncompleteRead(0 bytes read, 512
more expected)', IncompleteRead(0 bytes read, 512 more expected)); sleeping and
trying again ...
