Hello, traveler. This is the beginning of a log file called: "Fascist Tweet Archiver".
Some basic system info about the host machine: posix.uname_result(sysname='Linux', nodename='file-server', release='3.16.0-5-686-pae', version='#1 SMP Debian 3.16.51-3+deb8u1 (2018-01-08)', machine='i686')
This log was begun Saturday, 27 January 2018 at 13:37



INFO: read target account data; we're tracking 52 accounts
WARNING: no ProtocolError (got exception "name 'ProtocolError' is not defined");
 trying requests.packages.urllib3.exceptions instead
NOTE: successfully imported from requests
Starting up...
about to get all tweets newer than ID #957270502946562048 for account
@nikkihaley
about to get all tweets newer than ID #957220637705109505 for account
@realDonaldTrump
getting all tweets before ID #947544600918372352
ERROR: unable to get tweets for account @realDonaldTrump
           the system said: Failed to parse JSON payload: Unterminated string
starting at: line 1 column 509850 (char 509849)
about to get all tweets newer than ID #898401955847876608 for account
@Linda_McMahon
about to get all tweets newer than ID #954801265732661248 for account
@MELANIATRUMP
about to get all tweets newer than ID #816846808789958656 for account
@SenDanCoats
ERROR: unable to get tweets for account @SenDanCoats
           the system said: Failed to parse JSON payload: Unterminated string
starting at: line 1 column 507450 (char 507449)
about to get all tweets newer than ID #957316916363825152 for account
@AshLeeStrong
about to get all tweets newer than ID #955634336887332864 for account
@MickMulvaneyOMB
about to get all tweets newer than ID #836780744810844161 for account
@StephenMillerAL
about to get all tweets newer than ID #957272089723129856 for account
@JessicaDitto45
about to get all tweets newer than ID #824610180881117184 for account
@GovPenceIN
ERROR: unable to get tweets for account @GovPenceIN
           the system said: Failed to parse JSON payload: Unterminated string
starting at: line 1 column 504048 (char 504047)
about to get all tweets newer than ID #957297765889044480 for account
@StephGrisham45
about to get all tweets newer than ID #957298019770208256 for account
@WhiteHouse
getting all tweets before ID #951218647145598975
ERROR: unable to get tweets for account @WhiteHouse
           the system said: Failed to parse JSON payload: Expecting ','
delimiter: line 1 column 506916 (char 506915)
about to get all tweets newer than ID #816290296048873472 for account
@WilburRoss
about to get all tweets newer than ID #957296405961428992 for account
@Scaramucci
about to get all tweets newer than ID #956880206786191361 for account
@TomBossert45
about to get all tweets newer than ID #957253343201591297 for account
@SpeakerRyan
getting all tweets before ID #951165104237801471
ERROR: unable to get tweets for account @SpeakerRyan
           the system said: Failed to parse JSON payload: Unterminated string
starting at: line 1 column 504891 (char 504890)
about to get all tweets newer than ID #-1 for account @jaredkushner
about to get all tweets newer than ID #898632795517403136 for account
@GeneralJFKellly
ERROR: unable to get tweets for account @GeneralJFKellly
           the system said: Not authorized.
about to get all tweets newer than ID #856041462164836355 for account
@FirstLadyIN
ERROR: unable to get tweets for account @FirstLadyIN
           the system said: Failed to parse JSON payload: Unterminated string
starting at: line 1 column 503086 (char 503085)
about to get all tweets newer than ID #903694300306923521 for account
@SecElaineChao
about to get all tweets newer than ID #957056814847287296 for account @PRyan
ERROR: unable to get tweets for account @PRyan
           the system said: Failed to parse JSON payload: Unterminated string
starting at: line 1 column 505921 (char 505920)
about to get all tweets newer than ID #957332043905585152 for account
@SecretarySonny
about to get all tweets newer than ID #955492025830387714 for account @Reince
ERROR: unable to get tweets for account @Reince
           the system said: Failed to send request:
HTTPSConnectionPool(host='api.twitter.com', port=443): Read timed out.
about to get all tweets newer than ID #957256996545351680 for account @PressSec
ERROR: unable to get tweets for account @PressSec
           the system said: Failed to parse JSON payload: Unterminated string
starting at: line 1 column 504994 (char 504993)
about to get all tweets newer than ID #953073831534612480 for account
@SecretaryRoss
about to get all tweets newer than ID #956905287704772608 for account
@BetsyDeVosED
ERROR: unable to get tweets for account @BetsyDeVosED
           the system said: Failed to parse JSON payload: Unterminated string
starting at: line 1 column 504042 (char 504041)
about to get all tweets newer than ID #957279093615144960 for account
@EPAScottPruitt
about to get all tweets newer than ID #956947615601610752 for account @SBALinda
about to get all tweets newer than ID #956131391955197952 for account
@KellyannePolls
ERROR: unable to get tweets for account @KellyannePolls
           the system said: Failed to parse JSON payload: Expecting ':'
delimiter: line 1 column 510363 (char 510362)
about to get all tweets newer than ID #957335424007049216 for account @VP
about to get all tweets newer than ID #957116770728468480 for account
@SecretaryPerry
getting all tweets before ID #922460416445427711
    ...400 tweets downloaded so far


New tweet from SecretaryPerry: Our #NationalLabs do more than just advance
next-gen energy tech. Learn how @LosAlamosNatLab is helping unlock myst…
https://t.co/Rs9YZT9xzw
about to get all tweets newer than ID #956917317216165888 for account
@SecretaryAcosta

archiving URL http://twitter.com/SecretaryPerry/status/957298759163154433
    ... archiving using prefix http://web.archive.org/save/

archiving URL https://twitter.com/SecretaryPerry/status/957298759163154433
    ... archiving using prefix http://web.archive.org/save/
about to get all tweets newer than ID #954948632666693632 for account
@DanScavino
ERROR: unable to get tweets for account @DanScavino
           the system said: Failed to parse JSON payload: Unterminated string
starting at: line 1 column 511502 (char 511501)
about to get all tweets newer than ID #957018058228367360 for account
@IvankaTrump
ERROR: unable to get tweets for account @IvankaTrump
           the system said: Failed to parse JSON payload: Unterminated string
starting at: line 1 column 508888 (char 508887)
about to get all tweets newer than ID #956893071463075841 for account
@seanspicer
getting all tweets before ID #940006764967354367
ERROR: unable to get tweets for account @seanspicer
           the system said: Failed to parse JSON payload: Unterminated string
starting at: line 1 column 506002 (char 506001)
about to get all tweets newer than ID #956935200168177664 for account
@IvankaTrumpHQ
about to get all tweets newer than ID #957050606493020160 for account
@RealBenCarson
getting all tweets before ID #736273171083595777
    ...399 tweets downloaded so far


New tweet from RealBenCarson: When I posted a statement about the attacks on
our family, I never could have imagined this outpouring of support a…
https://t.co/JJ7MuMIsiN

archiving URL http://twitter.com/RealBenCarson/status/957353853413978114
    ... archiving using prefix http://web.archive.org/save/
about to get all tweets newer than ID #913881045652688901 for account
@SecPriceMD

archiving URL https://twitter.com/RealBenCarson/status/957353853413978114
    ... archiving using prefix http://web.archive.org/save/
WARNING: attempt to archive timed out, sleeping for 10 seconds
ERROR: unable to get tweets for account @SecPriceMD
           the system said: Failed to send request:
HTTPSConnectionPool(host='api.twitter.com', port=443): Read timed out.
about to get all tweets newer than ID #957317342945398784 for account
@SecretaryZinke
ERROR: unable to get tweets for account @SecretaryZinke
           the system said: Failed to parse JSON payload: Unterminated string
starting at: line 1 column 506150 (char 506149)
about to get all tweets newer than ID #957295332718673928 for account
@SecShulkin
ERROR: unable to get tweets for account @SecShulkin
           the system said: Failed to parse JSON payload: Unterminated string
starting at: line 1 column 504419 (char 504418)
about to get all tweets newer than ID #955254388423118849 for account
@GovernorPerry
about to get all tweets newer than ID #957336535493435392 for account @Scavino45
about to get all tweets newer than ID #957336341032984576 for account @POTUS
ERROR: unable to get tweets for account @POTUS
           the system said: Failed to parse JSON payload: Unterminated string
starting at: line 1 column 505503 (char 505502)
about to get all tweets newer than ID #956608918033231872 for account
@SecretaryCarson
ERROR: unable to get tweets for account @SecretaryCarson
           the system said: Failed to parse JSON payload: Expecting property
name enclosed in double quotes: line 1 column 506956 (char 506955)
about to get all tweets newer than ID #930982584649175047 for account
@mike_pence
about to get all tweets newer than ID #-1 for account @ElaineChao
about to get all tweets newer than ID #832282841471918080 for account
@BetsyDeVos
about to get all tweets newer than ID #957297411876995072 for account @FLOTUS
about to get all tweets newer than ID #956819295526313984 for account
@stevenmnuchin1
about to get all tweets newer than ID #890659905798983680 for account @Reince45
about to get all tweets newer than ID #830074939298414592 for account
@RepTomPrice
about to get all tweets newer than ID #957251305705222144 for account
@SecondLady
... OK, we're set up, and about to watch 37666984, 25073877, 65522706,
108471631, 212262370, 296060169, 888031054141022209, 728361177986797568,
836724024688410625, 15985455, 823638938590085124, 822215673812119553,
809836066316451840, 24578794, 866746592853979137, 18916432, 29547260,
892173412818354177, 1923451808, 826065858548133888, 733751245,
842072478834909184, 20733972, 818927131883356161, 836305915452272641,
828997388920619008, 832672006113931269, 819992522109894658, 471672239,
818910970567344128, 830128820447539208, 819980276570976256, 620571475, 52544275,
 20776147, 798195585824104449, 1180379185, 829782369670410240,
827258161841135623, 831482588246196225, 18906561, 823367015830323201,
822215679726100480, 828613457020870657, 22203756, 105267762, 599530439,
818876014390603776, 799764016885329921, 803703725730779136, 6577802,
822127086194348032
WARNING: received error ('Connection broken: IncompleteRead(0 bytes read, 4048
more expected)', IncompleteRead(0 bytes read, 4048 more expected)); sleeping and
 trying again ...
