Hello, traveler. This is the beginning of a log file called: "Fascist Tweet Archiver".
Some basic system info about the host machine: posix.uname_result(sysname='Linux', nodename='file-server', release='3.16.0-4-686-pae', version='#1 SMP Debian 3.16.51-3 (2017-12-13)', machine='i686')
This log was begun Tuesday, 02 January 2018 at 12:43



INFO: read target account data; we're tracking 52 accounts
WARNING: no ProtocolError (got exception "name 'ProtocolError' is not defined");
 trying requests.packages.urllib3.exceptions instead
NOTE: successfully imported from requests
Starting up...
about to get all tweets newer than ID #947956616665673729 for account
@nikkihaley
about to get all tweets newer than ID #947883338055987201 for account
@BetsyDeVosED
ERROR: unable to get tweets for account @BetsyDeVosED
           the system said: Failed to parse JSON payload: Unterminated string
starting at: line 1 column 283661 (char 283660)
about to get all tweets newer than ID #948267398292848641 for account @PRyan
about to get all tweets newer than ID #836780744810844161 for account
@StephenMillerAL
about to get all tweets newer than ID #946387776328617984 for account
@IvankaTrumpHQ
about to get all tweets newer than ID #946627730136743936 for account
@stevenmnuchin1
about to get all tweets newer than ID #898632795517403136 for account
@GeneralJFKellly
ERROR: unable to get tweets for account @GeneralJFKellly
           the system said: Not authorized.
about to get all tweets newer than ID #947908805618257920 for account @FLOTUS
about to get all tweets newer than ID #947914251523457024 for account
@StephGrisham45
about to get all tweets newer than ID #948234573963513856 for account
@SecretaryZinke
about to get all tweets newer than ID #947847732923904000 for account
@JessicaDitto45
about to get all tweets newer than ID #832282841471918080 for account
@BetsyDeVos
about to get all tweets newer than ID #867385249340297217 for account
@RealBenCarson
about to get all tweets newer than ID #930982584649175047 for account
@mike_pence
about to get all tweets newer than ID #-1 for account @ElaineChao
about to get all tweets newer than ID #947665157488041984 for account
@SecondLady
ERROR: unable to get tweets for account @SecondLady
           the system said: Failed to parse JSON payload: Unterminated string
starting at: line 1 column 504591 (char 504590)
about to get all tweets newer than ID #903694300306923521 for account
@SecElaineChao
about to get all tweets newer than ID #824610180881117184 for account
@GovPenceIN
about to get all tweets newer than ID #913881045652688901 for account
@SecPriceMD
about to get all tweets newer than ID #795981284761894912 for account
@MELANIATRUMP
ERROR: unable to get tweets for account @MELANIATRUMP
           the system said: Failed to parse JSON payload: Expecting property
name enclosed in double quotes: line 1 column 506501 (char 506500)
about to get all tweets newer than ID #946156999041052672 for account
@TomBossert45
ERROR: unable to get tweets for account @TomBossert45
           the system said: Failed to parse JSON payload: Unterminated string
starting at: line 1 column 507469 (char 507468)
about to get all tweets newer than ID #948201736338067456 for account
@KellyannePolls
about to get all tweets newer than ID #943545231244439555 for account
@SecretaryCarson
about to get all tweets newer than ID #948227373983584256 for account
@IvankaTrump
ERROR: unable to get tweets for account @IvankaTrump
           the system said: Failed to send request: ('Connection aborted.',
BadStatusLine("''",))
about to get all tweets newer than ID #943908455793823744 for account @Reince
about to get all tweets newer than ID #947627191080247296 for account
@SecretaryAcosta
about to get all tweets newer than ID #856041462164836355 for account
@FirstLadyIN
about to get all tweets newer than ID #898401955847876608 for account
@Linda_McMahon
about to get all tweets newer than ID #947832708230713344 for account
@SpeakerRyan
about to get all tweets newer than ID #941074527592812545 for account
@SecretaryRoss
about to get all tweets newer than ID #948225155981070337 for account
@seanspicer
getting all tweets before ID #926214851143364608
ERROR: unable to get tweets for account @seanspicer
           the system said: Failed to parse JSON payload: Unterminated string
starting at: line 1 column 506499 (char 506498)
about to get all tweets newer than ID #947960369066250241 for account
@AshLeeStrong
ERROR: unable to get tweets for account @AshLeeStrong
           the system said: Failed to parse JSON payload: Expecting value: line
1 column 857501 (char 857500)
about to get all tweets newer than ID #948170753047920641 for account @POTUS
ERROR: unable to get tweets for account @POTUS
           the system said: Failed to send request: EOF occurred in violation of
 protocol (_ssl.c:600)
about to get all tweets newer than ID #948275706789810176 for account
@WhiteHouse
about to get all tweets newer than ID #947969993898999813 for account @SBALinda
about to get all tweets newer than ID #890659905798983680 for account @Reince45
about to get all tweets newer than ID #948013271747121153 for account
@DanScavino
about to get all tweets newer than ID #948239438336921600 for account @VP
ERROR: unable to get tweets for account @VP
           the system said: Failed to parse JSON payload: Unterminated string
starting at: line 1 column 508694 (char 508693)
about to get all tweets newer than ID #947694647635259392 for account
@SecretarySonny
about to get all tweets newer than ID #830074939298414592 for account
@RepTomPrice
about to get all tweets newer than ID #948216679984754688 for account
@Scaramucci
getting all tweets before ID #933434613090979839
    ...399 tweets downloaded so far


New tweet from Scaramucci: RT @FredMenachem: My latest column: I'm a Jew and a
 Zionist, and #Jerusalem is Still the Capital of #Israel 🇮🇱 via @FredMenachem
and @Jerus…

archiving URL http://twitter.com/Scaramucci/status/948235208091877376
    ... archiving using prefix http://web.archive.org/save/
about to get all tweets newer than ID #947624310629457922 for account
@SecretaryPerry

archiving URL https://twitter.com/Scaramucci/status/948235208091877376
    ... archiving using prefix http://web.archive.org/save/
about to get all tweets newer than ID #943545273489510400 for account
@MickMulvaneyOMB


New tweet from Scaramucci: "A wave of optimism has swept over American
business leaders, &amp; it is beginning to translate into the sort of inves…
https://t.co/tuQoPh0eXG

archiving URL http://twitter.com/Scaramucci/status/948246648957947910
    ... archiving using prefix http://web.archive.org/save/

archiving URL https://twitter.com/Scaramucci/status/948246648957947910
    ... archiving using prefix http://web.archive.org/save/
about to get all tweets newer than ID #948244528640724993 for account
@EPAScottPruitt
ERROR: unable to get tweets for account @EPAScottPruitt
           the system said: Failed to parse JSON payload: Unterminated string
starting at: line 1 column 680852 (char 680851)
about to get all tweets newer than ID #948261133349244929 for account @Scavino45
about to get all tweets newer than ID #948211438472089600 for account
@realDonaldTrump
getting all tweets before ID #936864840240398336
    ...397 tweets downloaded so far


New tweet from realDonaldTrump: We will not rest until all of America’s GREAT
VETERANS can receive the care they so richly deserve. Tremendous prog…
https://t.co/mk6RKy3ccj

archiving URL http://twitter.com/realDonaldTrump/status/948255367393349634
    ... archiving using prefix http://web.archive.org/save/
about to get all tweets newer than ID #948061791959027712 for account @PressSec

archiving URL https://twitter.com/realDonaldTrump/status/948255367393349634
    ... archiving using prefix http://web.archive.org/save/
about to get all tweets newer than ID #816846808789958656 for account
@SenDanCoats
about to get all tweets newer than ID #946809083050512384 for account
@SecShulkin
ERROR: unable to get tweets for account @SecShulkin
           the system said: Failed to parse JSON payload: Unterminated string
starting at: line 1 column 505536 (char 505535)
about to get all tweets newer than ID #947851229719355392 for account
@GovernorPerry
about to get all tweets newer than ID #816290296048873472 for account
@WilburRoss
about to get all tweets newer than ID #-1 for account @jaredkushner
... OK, we're set up, and about to watch 37666984, 828997388920619008,
733751245, 728361177986797568, 798195585824104449, 799764016885329921,
892173412818354177, 818876014390603776, 823638938590085124, 827258161841135623,
836724024688410625, 599530439, 1180379185, 22203756, 105267762,
822127086194348032, 826065858548133888, 15985455, 829782369670410240, 108471631,
 866746592853979137, 471672239, 828613457020870657, 52544275, 20733972,
819980276570976256, 1923451808, 65522706, 18916432, 836305915452272641,
20776147, 296060169, 822215679726100480, 822215673812119553, 819992522109894658,
 803703725730779136, 620571475, 818910970567344128, 842072478834909184, 6577802,
 24578794, 830128820447539208, 888031054141022209, 832672006113931269,
823367015830323201, 25073877, 818927131883356161, 212262370, 831482588246196225,
 18906561, 809836066316451840, 29547260
WARNING: received error ('Connection broken: IncompleteRead(0 bytes read, 512
more expected)', IncompleteRead(0 bytes read, 512 more expected)); sleeping and
trying again ...
WARNING: received error ('Connection broken: IncompleteRead(0 bytes read, 512
more expected)', IncompleteRead(0 bytes read, 512 more expected)); sleeping and
trying again ...


New tweet from WhiteHouse: Co-chair of the RATE Coalition, James P. Pinkerton:
 "Tax bill is the rising tide that will lift all Americans’ boat…
https://t.co/ISJItEpYzP

archiving URL http://twitter.com/WhiteHouse/status/948288792607252480
    ... archiving using prefix http://web.archive.org/save/

archiving URL https://twitter.com/WhiteHouse/status/948288792607252480
    ... archiving using prefix http://web.archive.org/save/
WARNING: received error ('Connection broken: IncompleteRead(0 bytes read, 512
more expected)', IncompleteRead(0 bytes read, 512 more expected)); sleeping and
trying again ...
WARNING: received error ('Connection broken: IncompleteRead(0 bytes read, 512
more expected)', IncompleteRead(0 bytes read, 512 more expected)); sleeping and
trying again ...
WARNING: received error ('Connection broken: IncompleteRead(0 bytes read, 512
more expected)', IncompleteRead(0 bytes read, 512 more expected)); sleeping and
trying again ...
WARNING: received error ('Connection broken: IncompleteRead(0 bytes read, 512
more expected)', IncompleteRead(0 bytes read, 512 more expected)); sleeping and
trying again ...
WARNING: received error ('Connection broken: IncompleteRead(0 bytes read, 512
more expected)', IncompleteRead(0 bytes read, 512 more expected)); sleeping and
trying again ...
WARNING: received error ('Connection broken: IncompleteRead(0 bytes read, 512
more expected)', IncompleteRead(0 bytes read, 512 more expected)); sleeping and
trying again ...
