Hello, traveler. This is the beginning of a log file called: "Fascist Tweet Archiver".
Some basic system info about the host machine: posix.uname_result(sysname='Linux', nodename='file-server', release='3.16.0-5-686-pae', version='#1 SMP Debian 3.16.51-3+deb8u1 (2018-01-08)', machine='i686')
This log was begun Tuesday, 30 January 2018 at 11:48



INFO: read target account data; we're tracking 52 accounts
WARNING: no ProtocolError (got exception "name 'ProtocolError' is not defined");
 trying requests.packages.urllib3.exceptions instead
NOTE: successfully imported from requests
Starting up...
about to get all tweets newer than ID #954948632666693632 for account
@DanScavino
ERROR: unable to get tweets for account @DanScavino
           the system said: Failed to parse JSON payload: Unterminated string
starting at: line 1 column 505999 (char 505998)
about to get all tweets newer than ID #958078963775102976 for account
@SecretaryPerry
about to get all tweets newer than ID #958407229035728896 for account
@SpeakerRyan
ERROR: unable to get tweets for account @SpeakerRyan
           the system said: Failed to parse JSON payload: Unterminated string
starting at: line 1 column 508889 (char 508888)
about to get all tweets newer than ID #958152964694212608 for account
@nikkihaley
ERROR: unable to get tweets for account @nikkihaley
           the system said: Failed to parse JSON payload: Unterminated string
starting at: line 1 column 501644 (char 501643)
about to get all tweets newer than ID #824610180881117184 for account
@GovPenceIN
about to get all tweets newer than ID #958057877960261632 for account
@EPAScottPruitt
about to get all tweets newer than ID #958400422250733569 for account
@IvankaTrump
about to get all tweets newer than ID #836780744810844161 for account
@StephenMillerAL
about to get all tweets newer than ID #958118563843334144 for account
@IvankaTrumpHQ
about to get all tweets newer than ID #890659905798983680 for account @Reince45
about to get all tweets newer than ID #958393643227852800 for account
@stevenmnuchin1
about to get all tweets newer than ID #958375504184143872 for account @PRyan
ERROR: unable to get tweets for account @PRyan
           the system said: Failed to parse JSON payload: Unterminated string
starting at: line 1 column 505499 (char 505498)
about to get all tweets newer than ID #958382786330669057 for account @POTUS
ERROR: unable to get tweets for account @POTUS
           the system said: Failed to send request: EOF occurred in violation of
 protocol (_ssl.c:600)
about to get all tweets newer than ID #954801265732661248 for account
@MELANIATRUMP
ERROR: unable to get tweets for account @MELANIATRUMP
           the system said: Failed to parse JSON payload: Expecting value: line
1 column 505203 (char 505202)
about to get all tweets newer than ID #956905287704772608 for account
@BetsyDeVosED
about to get all tweets newer than ID #832282841471918080 for account
@BetsyDeVos
about to get all tweets newer than ID #953073831534612480 for account
@SecretaryRoss
about to get all tweets newer than ID #913881045652688901 for account
@SecPriceMD
ERROR: unable to get tweets for account @SecPriceMD
           the system said: Failed to parse JSON payload: Unterminated string
starting at: line 1 column 505999 (char 505998)
about to get all tweets newer than ID #830074939298414592 for account
@RepTomPrice
about to get all tweets newer than ID #958399995073454082 for account
@SecShulkin
ERROR: unable to get tweets for account @SecShulkin
           the system said: Failed to parse JSON payload: Expecting ','
delimiter: line 1 column 510268 (char 510267)
about to get all tweets newer than ID #958364537237000193 for account @VP
about to get all tweets newer than ID #898632795517403136 for account
@GeneralJFKellly
ERROR: unable to get tweets for account @GeneralJFKellly
           the system said: Not authorized.
about to get all tweets newer than ID #816846808789958656 for account
@SenDanCoats
about to get all tweets newer than ID #958155581684142080 for account
@SecretaryAcosta
about to get all tweets newer than ID #958070403901124609 for account
@realDonaldTrump
about to get all tweets newer than ID #955254388423118849 for account
@GovernorPerry
about to get all tweets newer than ID #958174986467987458 for account
@Scaramucci
about to get all tweets newer than ID #903694300306923521 for account
@SecElaineChao
about to get all tweets newer than ID #-1 for account @ElaineChao
about to get all tweets newer than ID #816290296048873472 for account
@WilburRoss
about to get all tweets newer than ID #898401955847876608 for account
@Linda_McMahon
ERROR: unable to get tweets for account @Linda_McMahon
           the system said: Failed to send request:
HTTPSConnectionPool(host='api.twitter.com', port=443): Read timed out.
about to get all tweets newer than ID #958353462990987265 for account
@SecretaryZinke
getting all tweets before ID #937764458662785026
    ...400 tweets downloaded so far


New tweet from SecretaryZinke: Great news about increased investments and
production in @BLMNewMexico Permian Basin https://t.co/2rhRyyLMBq via
@abqjournal

archiving URL http://twitter.com/SecretaryZinke/status/958410364823195648
    ... archiving using prefix http://web.archive.org/save/
about to get all tweets newer than ID #958381317841997825 for account @SBALinda

archiving URL https://twitter.com/SecretaryZinke/status/958410364823195648
    ... archiving using prefix http://web.archive.org/save/
about to get all tweets newer than ID #958172116284792832 for account
@KellyannePolls
about to get all tweets newer than ID #930982584649175047 for account
@mike_pence
ERROR: unable to get tweets for account @mike_pence
           the system said: Failed to parse JSON payload: Unterminated string
starting at: line 1 column 501641 (char 501640)
about to get all tweets newer than ID #958357748072243203 for account
@AshLeeStrong
ERROR: unable to get tweets for account @AshLeeStrong
           the system said: Failed to parse JSON payload: Unterminated string
starting at: line 1 column 504545 (char 504544)
about to get all tweets newer than ID #-1 for account @jaredkushner
about to get all tweets newer than ID #958357761418518533 for account
@seanspicer
about to get all tweets newer than ID #957383382358528001 for account
@TomBossert45
about to get all tweets newer than ID #958384973848948736 for account
@WhiteHouse
about to get all tweets newer than ID #957736917642235909 for account
@RealBenCarson
about to get all tweets newer than ID #958169916493922304 for account
@JessicaDitto45
about to get all tweets newer than ID #955492025830387714 for account @Reince
ERROR: unable to get tweets for account @Reince
           the system said: Failed to parse JSON payload: Unterminated string
starting at: line 1 column 506916 (char 506915)
about to get all tweets newer than ID #958090523364986887 for account
@MickMulvaneyOMB
about to get all tweets newer than ID #958069379639513089 for account
@SecondLady
about to get all tweets newer than ID #958375644060160001 for account @PressSec
about to get all tweets newer than ID #958397533436424192 for account @Scavino45
getting all tweets before ID #945848701586694143
    ...400 tweets downloaded so far


New tweet from Scavino45: 🚨Happening Now:
@POTUS @realDonaldTrump welcoming
tonight’s #SOTU special guests to the Oval Office. https://t.co/RURp9Goiz6

archiving URL http://twitter.com/Scavino45/status/958415153313320960
    ... archiving using prefix http://web.archive.org/save/
about to get all tweets newer than ID #958400273495613441 for account
@SecretarySonny
getting all tweets before ID #928318949770563588

archiving URL https://twitter.com/Scavino45/status/958415153313320960
    ... archiving using prefix http://web.archive.org/save/
    ...399 tweets downloaded so far


New tweet from SecretarySonny: So proud of @USDA @forestservice firefighter
David Dahlberg, whose heroics during a wildfire in July saved the live…
https://t.co/4HoPKfiQjb

archiving URL http://twitter.com/SecretarySonny/status/958414620548587520
    ... archiving using prefix http://web.archive.org/save/
about to get all tweets newer than ID #958364871137153024 for account
@StephGrisham45

archiving URL https://twitter.com/SecretarySonny/status/958414620548587520
    ... archiving using prefix http://web.archive.org/save/
ERROR: unable to get tweets for account @StephGrisham45
           the system said: Failed to parse JSON payload: Unterminated string
starting at: line 1 column 505998 (char 505997)
about to get all tweets newer than ID #856041462164836355 for account
@FirstLadyIN
about to get all tweets newer than ID #956608918033231872 for account
@SecretaryCarson
about to get all tweets newer than ID #957297411876995072 for account @FLOTUS
... OK, we're set up, and about to watch 620571475, 830128820447539208,
18916432, 37666984, 15985455, 832672006113931269, 52544275, 728361177986797568,
798195585824104449, 803703725730779136, 799764016885329921, 733751245,
822215679726100480, 108471631, 828997388920619008, 599530439,
836305915452272641, 829782369670410240, 6577802, 831482588246196225,
818910970567344128, 892173412818354177, 212262370, 819980276570976256, 25073877,
 18906561, 24578794, 826065858548133888, 105267762, 809836066316451840,
65522706, 827258161841135623, 819992522109894658, 471672239, 22203756,
296060169, 29547260, 20776147, 866746592853979137, 822215673812119553,
1180379185, 836724024688410625, 20733972, 888031054141022209,
822127086194348032, 818927131883356161, 823367015830323201, 842072478834909184,
823638938590085124, 1923451808, 828613457020870657, 818876014390603776


New tweet from SecretaryZinke: RT @SecretarySonny: Incredible story, how
@forestservice firefighter David Dahlberg bravely barreled down an access road
during a wildfire,…

archiving URL http://twitter.com/SecretaryZinke/status/958419584176017408
    ... archiving using prefix http://web.archive.org/save/

archiving URL https://twitter.com/SecretaryZinke/status/958419584176017408
    ... archiving using prefix http://web.archive.org/save/
WARNING: received error ('Connection broken: IncompleteRead(0 bytes read, 512
more expected)', IncompleteRead(0 bytes read, 512 more expected)); sleeping and
trying again ...
