Hello, traveler. This is the beginning of a log file called: "Fascist Tweet Archiver".
Some basic system info about the host machine: posix.uname_result(sysname='Linux', nodename='file-server', release='3.16.0-6-686-pae', version='#1 SMP Debian 3.16.57-2 (2018-07-14)', machine='i686')
This log was begun Friday, 24 August 2018 at 19:30



INFO: read target account data; we're tracking 59 accounts
WARNING: no ProtocolError (got exception "name 'ProtocolError' is not defined");
 trying requests.packages.urllib3.exceptions instead
NOTE: successfully imported from requests
Starting up...
about to get all tweets newer than ID #856041462164836355 for account
@FirstLadyIN
about to get all tweets newer than ID #1032378926952148992 for account @FLOTUS
about to get all tweets newer than ID #1021844939473387520 for account
@IvankaTrumpHQ
ERROR: unable to get tweets for account @IvankaTrumpHQ
           the system said: Not authorized.
about to get all tweets newer than ID #1030181805402587136 for account
@BetsyDeVosED
about to get all tweets newer than ID #1033068589711089664 for account
@SecretaryZinke
about to get all tweets newer than ID #816290296048873472 for account
@WilburRoss
about to get all tweets newer than ID #1033057389119979521 for account
@GovernorPerry
about to get all tweets newer than ID #1003795765028884485 for account
@Linda_McMahon
about to get all tweets newer than ID #1033157167652720647 for account
@Scaramucci
about to get all tweets newer than ID #1033043764309311488 for account
@SecretaryPerry
about to get all tweets newer than ID #-1 for account @ElaineChao
about to get all tweets newer than ID #1029492554557992961 for account
@stevenmnuchin1
about to get all tweets newer than ID #1033135114849579010 for account
@WhiteHouse
about to get all tweets newer than ID #1033154381611327493 for account
@AshLeeStrong
about to get all tweets newer than ID #816846808789958656 for account
@SenDanCoats
about to get all tweets newer than ID #1033142676424679425 for account @SecAzar
about to get all tweets newer than ID #1033125962005839873 for account @Reince
getting all tweets before ID #796261215647449087
    ...399 tweets downloaded so far


New tweet from Reince: RT @packers: #FootballIsFamily #GBvsOAK
https://t.co/62aRvHR0HR
about to get all tweets newer than ID #1032714314657013766 for account
@IvankaTrump

archiving URL http://twitter.com/Reince/status/1033165799417147392
    ... archiving using prefix http://web.archive.org/save/

archiving URL https://twitter.com/Reince/status/1033165799417147392
    ... archiving using prefix http://web.archive.org/save/
about to get all tweets newer than ID #1031243024897126402 for account @Comey
about to get all tweets newer than ID #836780744810844161 for account
@StephenMillerAL
about to get all tweets newer than ID #1033117571162234883 for account
@DepSecHargan
about to get all tweets newer than ID #994396943421001728 for account
@TomBossert45
about to get all tweets newer than ID #1033151722418405377 for account @PRyan
about to get all tweets newer than ID #1030454318183469056 for account
@RealBenCarson
about to get all tweets newer than ID #1033074982341902337 for account
@AmbJohnBolton
about to get all tweets newer than ID #1032838823942733824 for account
@DanScavino
about to get all tweets newer than ID #1033020091611471872 for account
@SecretaryCarson
about to get all tweets newer than ID #-1 for account @jaredkushner
about to get all tweets newer than ID #1033094212642844674 for account
@StephGrisham45
about to get all tweets newer than ID #1033053343009128448 for account
@SecNielsen
about to get all tweets newer than ID #1033152062203342850 for account
@realDonaldTrump
about to get all tweets newer than ID #1033096106673152000 for account @Cabinet
about to get all tweets newer than ID #1032454184816136192 for account
@SecondLady
about to get all tweets newer than ID #954801265732661248 for account
@MELANIATRUMP
about to get all tweets newer than ID #1033117964936069123 for account
@nikkihaley
about to get all tweets newer than ID #1032342891522404352 for account
@MickMulvaneyOMB
about to get all tweets newer than ID #1033150431395020800 for account
@JessicaDitto45
about to get all tweets newer than ID #890659905798983680 for account @Reince45
ERROR: unable to get tweets for account @Reince45
           the system said: Not authorized.
about to get all tweets newer than ID #1032993864985001984 for account @SBALinda
about to get all tweets newer than ID #978650205192044545 for account
@SecShulkin
about to get all tweets newer than ID #1033017698828124160 for account
@SpeakerRyan
about to get all tweets newer than ID #1033023836021837824 for account
@Scavino45
about to get all tweets newer than ID #1032361514601209857 for account
@seanspicer
about to get all tweets newer than ID #1031573015161720844 for account
@EnergyDepSec
about to get all tweets newer than ID #824610180881117184 for account
@GovPenceIN
about to get all tweets newer than ID #832282841471918080 for account
@BetsyDeVos
about to get all tweets newer than ID #1032804113539653636 for account
@SecretarySonny
about to get all tweets newer than ID #1033162708189937665 for account
@KellyannePolls
getting all tweets before ID #966460605510152192
    ...399 tweets downloaded so far


New tweet from KellyannePolls: Amazing visit with remarkable kids &amp;
medical pros at @nationwidekids in Ohio today.  

.@POTUS @FLOTUS @SecAzar are…
https://t.co/LcA5ikhFpE
about to get all tweets newer than ID #1031917396502736896 for account @PressSec

archiving URL http://twitter.com/KellyannePolls/status/1033167026372706304
    ... archiving using prefix http://web.archive.org/save/

archiving URL https://twitter.com/KellyannePolls/status/1033167026372706304
    ... archiving using prefix http://web.archive.org/save/
about to get all tweets newer than ID #1032945824504983552 for account
@SecretaryAcosta
about to get all tweets newer than ID #1033156250803032064 for account
@statedeptspox
about to get all tweets newer than ID #1033086716960227329 for account
@mike_pence
about to get all tweets newer than ID #1033152413061001219 for account @POTUS
about to get all tweets newer than ID #913881045652688901 for account
@SecPriceMD
about to get all tweets newer than ID #1014519079284199424 for account
@EPAScottPruitt
ERROR: unable to get tweets for account @EPAScottPruitt
           the system said: [{'message': 'Sorry, that page does not exist.',
'code': 34}]
about to get all tweets newer than ID #903694300306923521 for account
@SecElaineChao
about to get all tweets newer than ID #1033040923083657221 for account
@SecretaryRoss
about to get all tweets newer than ID #830074939298414592 for account
@RepTomPrice
about to get all tweets newer than ID #1033081671908843520 for account @VP
... OK, we're set up, and about to watch 1923451808, 818876014390603776,
798195585824104449, 828997388920619008, 827258161841135623, 809836066316451840,
18906561, 65522706, 24578794, 830128820447539208, 105267762, 799764016885329921,
 822215673812119553, 296060169, 212262370, 956283913835614208, 20733972,
52544275, 2334193741, 728361177986797568, 920035992073064450,
866746592853979137, 733751245, 1180379185, 118756393, 620571475,
828613457020870657, 29547260, 823638938590085124, 935148134505828353, 25073877,
818928162449068032, 822127086194348032, 108471631, 37666984, 888031054141022209,
 836724024688410625, 803703725730779136, 819992522109894658, 831482588246196225,
 18916432, 823367015830323201, 20776147, 894923298374651904, 15985455,
599530439, 842072478834909184, 471672239, 818927131883356161,
819980276570976256, 1967216306, 22203756, 822215679726100480,
829782369670410240, 832672006113931269, 826065858548133888, 836305915452272641,
6577802, 818910970567344128
INFO: handling a deletion for data:

{'delete': {'status': {'id':
1032838823942733824,
                       'id_str': '1032838823942733824',

                       'user_id': 620571475,
'user_id_str': '620571475'},
            'timestamp_ms': '1535162875847'}}
INFO: successfully dumped raw data to JSON file
INFO: We're handling a deletion notification for tweet ID# 1032838823942733824
on account DanScavino
INFO: get_archived_tweet() called to get tweet ID 1032838823942733824 for
account DanScavino
INFO: found a tweet!		http://web.archive.org/*/http://twitter.com/DanScavino/sta
tus/1032838823942733824	“@ESPN @ESPNPR @ESPNNFL president says network will not
air national anthem on 'Monday Night Football'” https://t.co/RattOMusCJ
... adding to list of deleted tweets
... added
... but we're not going to tweet about it because DanScavino is not in the list
of accounts we tweet about


New tweet from FLOTUS: A great visit to @Nationwidekids today. #BeBest
supports this Administration’s continued efforts in battling the op…
https://t.co/DB7NZ9ua44

archiving URL http://twitter.com/FLOTUS/status/1033174648312213504
    ... archiving using prefix http://web.archive.org/save/

archiving URL https://twitter.com/FLOTUS/status/1033174648312213504
    ... archiving using prefix http://web.archive.org/save/


New tweet from POTUS: RT @FLOTUS: A great visit to @Nationwidekids today.
#BeBest supports this Administration’s continued efforts in battling the opioid
crisis&amp;…

archiving URL http://twitter.com/POTUS/status/1033174766826516480
    ... archiving using prefix http://web.archive.org/save/

archiving URL https://twitter.com/POTUS/status/1033174766826516480
    ... archiving using prefix http://web.archive.org/save/


New tweet from realDonaldTrump: Great #StateDinner2018 in Ohio tonight!
Together, we are MAKING AMERICA GREAT AGAIN! https://t.co/ALU1PHEsvh

archiving URL http://twitter.com/realDonaldTrump/status/1033175432651321345
    ... archiving using prefix http://web.archive.org/save/

archiving URL https://twitter.com/realDonaldTrump/status/1033175432651321345
    ... archiving using prefix http://web.archive.org/save/
WARNING: received error ('Connection broken: IncompleteRead(0 bytes read, 512
more expected)', IncompleteRead(0 bytes read, 512 more expected)); sleeping and
trying again ...
WARNING: received error ('Connection broken: IncompleteRead(0 bytes read, 512
more expected)', IncompleteRead(0 bytes read, 512 more expected)); sleeping and
trying again ...
WARNING: received error ('Connection broken: IncompleteRead(0 bytes read, 3541
more expected)', IncompleteRead(0 bytes read, 3541 more expected)); sleeping and
 trying again ...
