Hello, traveler. This is the beginning of a log file called: "Fascist Tweet Archiver".
Some basic system info about the host machine: posix.uname_result(sysname='Linux', nodename='file-server', release='3.16.0-5-686-pae', version='#1 SMP Debian 3.16.51-3+deb8u1 (2018-01-08)', machine='i686')
This log was begun Sunday, 18 February 2018 at 06:41



INFO: read target account data; we're tracking 52 accounts
WARNING: no ProtocolError (got exception "name 'ProtocolError' is not defined");
 trying requests.packages.urllib3.exceptions instead
NOTE: successfully imported from requests
Starting up...
about to get all tweets newer than ID #-1 for account @jaredkushner
about to get all tweets newer than ID #836780744810844161 for account
@StephenMillerAL
about to get all tweets newer than ID #965178806456766464 for account
@SecretarySonny
ERROR: unable to get tweets for account @SecretarySonny
           the system said: Failed to parse JSON payload: Unterminated string
starting at: line 1 column 507436 (char 507435)
about to get all tweets newer than ID #965033528059719680 for account
@SecondLady
ERROR: unable to get tweets for account @SecondLady
           the system said: Failed to parse JSON payload: Expecting value: line
1 column 506004 (char 506003)
about to get all tweets newer than ID #965021692857905152 for account
@RealBenCarson
ERROR: unable to get tweets for account @RealBenCarson
           the system said: Failed to parse JSON payload: Unterminated string
starting at: line 1 column 504508 (char 504507)
about to get all tweets newer than ID #856041462164836355 for account
@FirstLadyIN
about to get all tweets newer than ID #964872066502709250 for account
@SpeakerRyan
ERROR: unable to get tweets for account @SpeakerRyan
           the system said: Failed to parse JSON payload: Expecting ':'
delimiter: line 1 column 508364 (char 508363)
about to get all tweets newer than ID #964521172032475136 for account
@EPAScottPruitt
ERROR: unable to get tweets for account @EPAScottPruitt
           the system said: Failed to parse JSON payload: Unterminated string
starting at: line 1 column 505879 (char 505878)
about to get all tweets newer than ID #965207569852780544 for account
@realDonaldTrump
ERROR: unable to get tweets for account @realDonaldTrump
           the system said: Failed to parse JSON payload: Unterminated string
starting at: line 1 column 503103 (char 503102)
about to get all tweets newer than ID #964952415236747265 for account
@AshLeeStrong
ERROR: unable to get tweets for account @AshLeeStrong
           the system said: Failed to parse JSON payload: Expecting property
name enclosed in double quotes: line 1 column 508900 (char 508899)
about to get all tweets newer than ID #962184059052011522 for account @Reince
ERROR: unable to get tweets for account @Reince
           the system said: Failed to parse JSON payload: Expecting ','
delimiter: line 1 column 510684 (char 510683)
about to get all tweets newer than ID #964961740378329088 for account
@SecretaryZinke
about to get all tweets newer than ID #965054938597527553 for account
@seanspicer
ERROR: unable to get tweets for account @seanspicer
           the system said: Failed to parse JSON payload: Expecting ','
delimiter: line 1 column 857867 (char 857866)
about to get all tweets newer than ID #964180456685129729 for account @SBALinda
about to get all tweets newer than ID #961725970108633089 for account
@SecShulkin
about to get all tweets newer than ID #958090523364986887 for account
@MickMulvaneyOMB
about to get all tweets newer than ID #832282841471918080 for account
@BetsyDeVos
about to get all tweets newer than ID #965069215509237760 for account
@mike_pence
ERROR: unable to get tweets for account @mike_pence
           the system said: Failed to parse JSON payload: Unterminated string
starting at: line 1 column 507852 (char 507851)
about to get all tweets newer than ID #964531082665193472 for account @PRyan
about to get all tweets newer than ID #964922915895631879 for account
@nikkihaley
about to get all tweets newer than ID #913881045652688901 for account
@SecPriceMD
about to get all tweets newer than ID #955254388423118849 for account
@GovernorPerry
about to get all tweets newer than ID #964979194387222528 for account @PressSec
about to get all tweets newer than ID #963899156300488704 for account
@IvankaTrumpHQ
about to get all tweets newer than ID #965002523840008192 for account
@StephGrisham45
ERROR: unable to get tweets for account @StephGrisham45
           the system said: Failed to parse JSON payload: Unterminated string
starting at: line 1 column 511787 (char 511786)
about to get all tweets newer than ID #964524657834647552 for account
@SecretaryCarson
about to get all tweets newer than ID #898632795517403136 for account
@GeneralJFKellly
ERROR: unable to get tweets for account @GeneralJFKellly
           the system said: Not authorized.
about to get all tweets newer than ID #964968130656206848 for account
@SecretaryPerry
about to get all tweets newer than ID #903694300306923521 for account
@SecElaineChao
about to get all tweets newer than ID #954801265732661248 for account
@MELANIATRUMP
ERROR: unable to get tweets for account @MELANIATRUMP
           the system said: Failed to parse JSON payload: Unterminated string
starting at: line 1 column 505995 (char 505994)
about to get all tweets newer than ID #964349912786681856 for account
@KellyannePolls
about to get all tweets newer than ID #898401955847876608 for account
@Linda_McMahon
about to get all tweets newer than ID #964866590574632961 for account @Scavino45
about to get all tweets newer than ID #964998502840487939 for account
@SecretaryAcosta
ERROR: unable to get tweets for account @SecretaryAcosta
           the system said: Failed to parse JSON payload: Unterminated string
starting at: line 1 column 501656 (char 501655)
about to get all tweets newer than ID #816846808789958656 for account
@SenDanCoats
ERROR: unable to get tweets for account @SenDanCoats
           the system said: Failed to parse JSON payload: Unterminated string
starting at: line 1 column 503096 (char 503095)
about to get all tweets newer than ID #959613255206555648 for account
@DanScavino
about to get all tweets newer than ID #824610180881117184 for account
@GovPenceIN
about to get all tweets newer than ID #965073888148369408 for account @VP
about to get all tweets newer than ID #964887856555622405 for account
@JessicaDitto45
about to get all tweets newer than ID #963949296121937920 for account
@IvankaTrump
getting all tweets before ID #942446746344591362
    ...400 tweets downloaded so far


New tweet from IvankaTrump: A shining example to children (&amp; adults) of
what can be achieved when you believe in yourself &amp; NEVER give up on th…
https://t.co/LVSacHqvFr
about to get all tweets newer than ID #963927915284062209 for account
@SecretaryRoss

archiving URL http://twitter.com/IvankaTrump/status/965216673484673029
    ... archiving using prefix http://web.archive.org/save/
about to get all tweets newer than ID #965007190305263621 for account
@Scaramucci

archiving URL https://twitter.com/IvankaTrump/status/965216673484673029
    ... archiving using prefix http://web.archive.org/save/
about to get all tweets newer than ID #964902954967891968 for account @FLOTUS
about to get all tweets newer than ID #963902159531147264 for account
@BetsyDeVosED
about to get all tweets newer than ID #890659905798983680 for account @Reince45
about to get all tweets newer than ID #963917729328746496 for account
@TomBossert45
about to get all tweets newer than ID #964942652247625728 for account
@WhiteHouse
ERROR: unable to get tweets for account @WhiteHouse
           the system said: Failed to parse JSON payload: Unterminated string
starting at: line 1 column 505202 (char 505201)
about to get all tweets newer than ID #964237873972219906 for account
@stevenmnuchin1
ERROR: unable to get tweets for account @stevenmnuchin1
           the system said: Failed to parse JSON payload: Unterminated string
starting at: line 1 column 507439 (char 507438)
about to get all tweets newer than ID #816290296048873472 for account
@WilburRoss
about to get all tweets newer than ID #-1 for account @ElaineChao
about to get all tweets newer than ID #964984439175614464 for account @POTUS
ERROR: unable to get tweets for account @POTUS
           the system said: Failed to parse JSON payload: Unterminated string
starting at: line 1 column 508875 (char 508874)
about to get all tweets newer than ID #830074939298414592 for account
@RepTomPrice
ERROR: unable to get tweets for account @RepTomPrice
           the system said: Failed to parse JSON payload: Unterminated string
starting at: line 1 column 503421 (char 503420)
... OK, we're set up, and about to watch 29547260, 728361177986797568,
842072478834909184, 822127086194348032, 1180379185, 1923451808, 18916432,
832672006113931269, 25073877, 296060169, 20733972, 827258161841135623, 20776147,
 819992522109894658, 831482588246196225, 888031054141022209, 599530439,
22203756, 733751245, 37666984, 829782369670410240, 18906561, 818927131883356161,
 798195585824104449, 823638938590085124, 828613457020870657, 892173412818354177,
 830128820447539208, 826065858548133888, 108471631, 471672239, 65522706,
823367015830323201, 819980276570976256, 212262370, 620571475, 15985455,
818910970567344128, 836724024688410625, 52544275, 836305915452272641, 24578794,
818876014390603776, 828997388920619008, 803703725730779136, 866746592853979137,
822215673812119553, 799764016885329921, 809836066316451840, 105267762,
822215679726100480, 6577802
