Hello, traveler. This is the beginning of a log file called: "Fascist Tweet Archiver".
Some basic system info about the host machine: posix.uname_result(sysname='Linux', nodename='file-server', release='3.16.0-4-686-pae', version='#1 SMP Debian 3.16.51-3 (2017-12-13)', machine='i686')
This log was begun Wednesday, 03 January 2018 at 12:48



INFO: read target account data; we're tracking 52 accounts
WARNING: no ProtocolError (got exception "name 'ProtocolError' is not defined");
 trying requests.packages.urllib3.exceptions instead
NOTE: successfully imported from requests
Starting up...
about to get all tweets newer than ID #947627191080247296 for account
@SecretaryAcosta
about to get all tweets newer than ID #824610180881117184 for account
@GovPenceIN
ERROR: unable to get tweets for account @GovPenceIN
           the system said: Failed to parse JSON payload: Unterminated string
starting at: line 1 column 506491 (char 506490)
about to get all tweets newer than ID #948434723201798144 for account @POTUS
about to get all tweets newer than ID #867385249340297217 for account
@RealBenCarson
about to get all tweets newer than ID #948627082195689472 for account
@StephGrisham45
ERROR: unable to get tweets for account @StephGrisham45
           the system said: Failed to parse JSON payload: Expecting ':'
delimiter: line 1 column 510804 (char 510803)
about to get all tweets newer than ID #943908455793823744 for account @Reince
about to get all tweets newer than ID #832282841471918080 for account
@BetsyDeVos
about to get all tweets newer than ID #948571096042917888 for account
@stevenmnuchin1
about to get all tweets newer than ID #890659905798983680 for account @Reince45
about to get all tweets newer than ID #-1 for account @jaredkushner
about to get all tweets newer than ID #948610999443222528 for account @VP
ERROR: unable to get tweets for account @VP
           the system said: Failed to parse JSON payload: Unterminated string
starting at: line 1 column 505236 (char 505235)
about to get all tweets newer than ID #948201736338067456 for account
@KellyannePolls
about to get all tweets newer than ID #816290296048873472 for account
@WilburRoss
about to get all tweets newer than ID #948622811429572609 for account
@AshLeeStrong
ERROR: unable to get tweets for account @AshLeeStrong
           the system said: Failed to parse JSON payload: Expecting ','
delimiter: line 1 column 690397 (char 690396)
about to get all tweets newer than ID #947694647635259392 for account
@SecretarySonny
about to get all tweets newer than ID #948631786464206849 for account
@Scaramucci
ERROR: unable to get tweets for account @Scaramucci
           the system said: Failed to parse JSON payload: Unterminated string
starting at: line 1 column 507702 (char 507701)
about to get all tweets newer than ID #948563539060543488 for account @Scavino45
about to get all tweets newer than ID #947908805618257920 for account @FLOTUS
about to get all tweets newer than ID #948562585892384769 for account
@SecretaryZinke
about to get all tweets newer than ID #930982584649175047 for account
@mike_pence
about to get all tweets newer than ID #816846808789958656 for account
@SenDanCoats
about to get all tweets newer than ID #856041462164836355 for account
@FirstLadyIN
about to get all tweets newer than ID #898401955847876608 for account
@Linda_McMahon
ERROR: unable to get tweets for account @Linda_McMahon
           the system said: Failed to parse JSON payload: Unterminated string
starting at: line 1 column 507489 (char 507488)
about to get all tweets newer than ID #946156999041052672 for account
@TomBossert45
about to get all tweets newer than ID #947883338055987201 for account
@BetsyDeVosED
about to get all tweets newer than ID #903694300306923521 for account
@SecElaineChao
about to get all tweets newer than ID #795981284761894912 for account
@MELANIATRUMP
about to get all tweets newer than ID #948515478196183040 for account
@DanScavino
about to get all tweets newer than ID #948266815679066112 for account
@SecShulkin
about to get all tweets newer than ID #943545231244439555 for account
@SecretaryCarson
about to get all tweets newer than ID #948548807612084224 for account
@realDonaldTrump
about to get all tweets newer than ID #913881045652688901 for account
@SecPriceMD
about to get all tweets newer than ID #947969993898999813 for account @SBALinda
about to get all tweets newer than ID #941074527592812545 for account
@SecretaryRoss
about to get all tweets newer than ID #946387776328617984 for account
@IvankaTrumpHQ
about to get all tweets newer than ID #943545273489510400 for account
@MickMulvaneyOMB
about to get all tweets newer than ID #948261932477374464 for account
@EPAScottPruitt
getting all tweets before ID #871490068615225343
    ...355 tweets downloaded so far


New tweet from EPAScottPruitt: RT @WhiteHouse: President Trump is rolling back
 wasteful and costly regulations that have stood in the way of hardworking
Americans. More:…

archiving URL http://twitter.com/EPAScottPruitt/status/948645616372080640
about to get all tweets newer than ID #948589934436372480 for account
@SpeakerRyan
    ... archiving using prefix http://web.archive.org/save/

archiving URL https://twitter.com/EPAScottPruitt/status/948645616372080640
    ... archiving using prefix http://web.archive.org/save/
getting all tweets before ID #938888937732562954
    ...400 tweets downloaded so far


New tweet from SpeakerRyan: As a result of our new, pro-growth tax code,
American workers across the country are already seeing a wave of bonus…
https://t.co/Yuq9E2Q8UP
about to get all tweets newer than ID #947847732923904000 for account
@JessicaDitto45

archiving URL http://twitter.com/SpeakerRyan/status/948637439442214913
    ... archiving using prefix http://web.archive.org/save/

archiving URL https://twitter.com/SpeakerRyan/status/948637439442214913
    ... archiving using prefix http://web.archive.org/save/
getting all tweets before ID #928971078751477760
    ...400 tweets downloaded so far


New tweet from JessicaDitto45: 👇#MAGA https://t.co/astpBdkQiv

archiving URL http://twitter.com/JessicaDitto45/status/948624627517059072
about to get all tweets newer than ID #947851229719355392 for account
@GovernorPerry
    ... archiving using prefix http://web.archive.org/save/

archiving URL https://twitter.com/JessicaDitto45/status/948624627517059072
    ... archiving using prefix http://web.archive.org/save/
about to get all tweets newer than ID #836780744810844161 for account
@StephenMillerAL
about to get all tweets newer than ID #948588780100956160 for account
@IvankaTrump
about to get all tweets newer than ID #830074939298414592 for account
@RepTomPrice
about to get all tweets newer than ID #948576839949316096 for account @PressSec
about to get all tweets newer than ID #948599109644042241 for account @PRyan
about to get all tweets newer than ID #898632795517403136 for account
@GeneralJFKellly
ERROR: unable to get tweets for account @GeneralJFKellly
           the system said: Not authorized.
about to get all tweets newer than ID #948318266866454528 for account
@nikkihaley
about to get all tweets newer than ID #947624310629457922 for account
@SecretaryPerry
getting all tweets before ID #918834469070671876
    ...400 tweets downloaded so far


New tweet from SecretaryPerry: Glad to see Under Secretary for #Science out
visiting our @HanfordSite. It was one of my first trips &amp; I'm proud of…
https://t.co/CBeNY5AjmW

archiving URL http://twitter.com/SecretaryPerry/status/948637700063719426
    ... archiving using prefix http://web.archive.org/save/
about to get all tweets newer than ID #947665157488041984 for account
@SecondLady

archiving URL https://twitter.com/SecretaryPerry/status/948637700063719426
    ... archiving using prefix http://web.archive.org/save/
about to get all tweets newer than ID #-1 for account @ElaineChao
about to get all tweets newer than ID #948364678962597888 for account
@seanspicer
about to get all tweets newer than ID #948628031689691136 for account
@WhiteHouse
... OK, we're set up, and about to watch 819980276570976256, 15985455,
822215679726100480, 1180379185, 823638938590085124, 20733972, 599530439,
799764016885329921, 803703725730779136, 29547260, 818910970567344128, 471672239,
 809836066316451840, 296060169, 842072478834909184, 24578794,
823367015830323201, 818876014390603776, 827258161841135623, 22203756, 212262370,
 1923451808, 65522706, 866746592853979137, 828997388920619008,
826065858548133888, 108471631, 620571475, 831482588246196225,
828613457020870657, 25073877, 829782369670410240, 819992522109894658,
836305915452272641, 798195585824104449, 888031054141022209, 832672006113931269,
18916432, 836724024688410625, 18906561, 728361177986797568, 52544275, 6577802,
818927131883356161, 733751245, 892173412818354177, 37666984, 830128820447539208,
 822127086194348032, 105267762, 20776147, 822215673812119553
WARNING: received error ('Connection broken: IncompleteRead(0 bytes read, 512
more expected)', IncompleteRead(0 bytes read, 512 more expected)); sleeping and
trying again ...
