Hello, traveler. This is the beginning of a log file called: "Fascist Tweet Archiver".
Some basic system info about the host machine: posix.uname_result(sysname='Linux', nodename='file-server', release='3.16.0-5-686-pae', version='#1 SMP Debian 3.16.51-3+deb8u1 (2018-01-08)', machine='i686')
This log was begun Friday, 02 February 2018 at 08:40



INFO: read target account data; we're tracking 52 accounts
WARNING: no ProtocolError (got exception "name 'ProtocolError' is not defined");
 trying requests.packages.urllib3.exceptions instead
NOTE: successfully imported from requests
Starting up...
about to get all tweets newer than ID #903694300306923521 for account
@SecElaineChao
about to get all tweets newer than ID #913881045652688901 for account
@SecPriceMD
ERROR: unable to get tweets for account @SecPriceMD
           the system said: Failed to parse JSON payload: Unterminated string
starting at: line 1 column 504813 (char 504812)
about to get all tweets newer than ID #959422062568853504 for account
@IvankaTrump
about to get all tweets newer than ID #856041462164836355 for account
@FirstLadyIN
about to get all tweets newer than ID #824610180881117184 for account
@GovPenceIN
about to get all tweets newer than ID #959274307682742273 for account @Scavino45
about to get all tweets newer than ID #959393270144086016 for account
@realDonaldTrump
about to get all tweets newer than ID #-1 for account @jaredkushner
about to get all tweets newer than ID #959426680577142784 for account @PRyan
about to get all tweets newer than ID #959106679722868736 for account
@nikkihaley
ERROR: unable to get tweets for account @nikkihaley
           the system said: Failed to parse JSON payload: Unterminated string
starting at: line 1 column 510322 (char 510321)
about to get all tweets newer than ID #959424695346098176 for account
@AshLeeStrong
about to get all tweets newer than ID #959309814533840897 for account
@RealBenCarson
about to get all tweets newer than ID #954801265732661248 for account
@MELANIATRUMP
ERROR: unable to get tweets for account @MELANIATRUMP
           the system said: Failed to parse JSON payload: Unterminated string
starting at: line 1 column 508621 (char 508620)
about to get all tweets newer than ID #898401955847876608 for account
@Linda_McMahon
about to get all tweets newer than ID #890659905798983680 for account @Reince45
about to get all tweets newer than ID #959242714301771776 for account
@SecretarySonny
about to get all tweets newer than ID #959428225851158530 for account
@SecretaryPerry
about to get all tweets newer than ID #959262885145972736 for account
@JessicaDitto45
about to get all tweets newer than ID #959444866303516672 for account
@SecretaryAcosta
about to get all tweets newer than ID #898632795517403136 for account
@GeneralJFKellly
ERROR: unable to get tweets for account @GeneralJFKellly
           the system said: Not authorized.
about to get all tweets newer than ID #959448912942813184 for account
@Scaramucci
ERROR: unable to get tweets for account @Scaramucci
           the system said: Failed to parse JSON payload: Unterminated string
starting at: line 1 column 510576 (char 510575)
about to get all tweets newer than ID #955254388423118849 for account
@GovernorPerry
ERROR: unable to get tweets for account @GovernorPerry
           the system said: Failed to parse JSON payload: Unterminated string
starting at: line 1 column 509824 (char 509823)
about to get all tweets newer than ID #959172368131379201 for account
@SecretaryZinke
ERROR: unable to get tweets for account @SecretaryZinke
           the system said: Failed to parse JSON payload: Expecting ':'
delimiter: line 1 column 510268 (char 510267)
about to get all tweets newer than ID #959438688676667395 for account @VP
ERROR: unable to get tweets for account @VP
           the system said: Failed to parse JSON payload: Unterminated string
starting at: line 1 column 504055 (char 504054)
about to get all tweets newer than ID #930982584649175047 for account
@mike_pence
about to get all tweets newer than ID #816846808789958656 for account
@SenDanCoats
about to get all tweets newer than ID #816290296048873472 for account
@WilburRoss
about to get all tweets newer than ID #959437350408474624 for account
@EPAScottPruitt
about to get all tweets newer than ID #959188511474769920 for account
@SecShulkin
about to get all tweets newer than ID #958536228302880769 for account
@BetsyDeVosED
about to get all tweets newer than ID #959403941065830401 for account @PressSec
ERROR: unable to get tweets for account @PressSec
           the system said: Failed to send request: ("Connection broken:
ConnectionResetError(104, 'Connection reset by peer')",
ConnectionResetError(104, 'Connection reset by peer'))
about to get all tweets newer than ID #959165486444490752 for account @SBALinda
about to get all tweets newer than ID #830074939298414592 for account
@RepTomPrice
ERROR: unable to get tweets for account @RepTomPrice
           the system said: Failed to send request: ('Connection aborted.',
ConnectionResetError(104, 'Connection reset by peer'))
about to get all tweets newer than ID #958090523364986887 for account
@MickMulvaneyOMB
about to get all tweets newer than ID #836780744810844161 for account
@StephenMillerAL
about to get all tweets newer than ID #959440627279847424 for account
@WhiteHouse
about to get all tweets newer than ID #954948632666693632 for account
@DanScavino
about to get all tweets newer than ID #959442101187502080 for account
@seanspicer
about to get all tweets newer than ID #959207300727746560 for account
@IvankaTrumpHQ
about to get all tweets newer than ID #957383382358528001 for account
@TomBossert45
about to get all tweets newer than ID #832282841471918080 for account
@BetsyDeVos
about to get all tweets newer than ID #959095268154204162 for account @FLOTUS
ERROR: unable to get tweets for account @FLOTUS
           the system said: Failed to parse JSON payload: Unterminated string
starting at: line 1 column 502540 (char 502539)
about to get all tweets newer than ID #959096994462609408 for account
@SecretaryCarson
about to get all tweets newer than ID #958817190525984773 for account @POTUS
about to get all tweets newer than ID #959220904319508480 for account
@KellyannePolls
about to get all tweets newer than ID #959227007719571456 for account @Reince
about to get all tweets newer than ID #959180154143621120 for account
@SecondLady
ERROR: unable to get tweets for account @SecondLady
           the system said: Failed to parse JSON payload: Unterminated string
starting at: line 1 column 509319 (char 509318)
about to get all tweets newer than ID #-1 for account @ElaineChao
about to get all tweets newer than ID #958745218832130050 for account
@StephGrisham45
about to get all tweets newer than ID #959444687558971392 for account
@SpeakerRyan
about to get all tweets newer than ID #958552614026784770 for account
@SecretaryRoss
about to get all tweets newer than ID #959144088577740801 for account
@stevenmnuchin1
... OK, we're set up, and about to watch 826065858548133888, 829782369670410240,
 52544275, 1923451808, 15985455, 823367015830323201, 25073877, 29547260,
733751245, 37666984, 296060169, 1180379185, 108471631, 65522706,
803703725730779136, 842072478834909184, 830128820447539208, 836724024688410625,
819980276570976256, 892173412818354177, 24578794, 18906561, 827258161841135623,
818910970567344128, 22203756, 212262370, 809836066316451840, 832672006113931269,
 831482588246196225, 828997388920619008, 818927131883356161, 819992522109894658,
 6577802, 888031054141022209, 728361177986797568, 822215673812119553, 620571475,
 20776147, 798195585824104449, 866746592853979137, 599530439,
818876014390603776, 828613457020870657, 822215679726100480, 471672239, 20733972,
 822127086194348032, 105267762, 823638938590085124, 18916432,
836305915452272641, 799764016885329921


New tweet from PressSec: Tough new Treasury sanctions today on those who are
funding Hizballah's terrorism. We will no longer allow corrupt…
https://t.co/Qq4pAnXAtF

archiving URL http://twitter.com/PressSec/status/959457042422484992
    ... archiving using prefix http://web.archive.org/save/

archiving URL https://twitter.com/PressSec/status/959457042422484992
    ... archiving using prefix http://web.archive.org/save/
WARNING: received error ('Connection broken: IncompleteRead(0 bytes read, 512
more expected)', IncompleteRead(0 bytes read, 512 more expected)); sleeping and
trying again ...


New tweet from SpeakerRyan: Had the privilege to meet with gymnasts Mattie
Larson, Jamie Dantzscher, and Jeanette Antolin this week and hear th…
https://t.co/iYOv3QUzT5

archiving URL http://twitter.com/SpeakerRyan/status/959457318118264832
    ... archiving using prefix http://web.archive.org/save/

archiving URL https://twitter.com/SpeakerRyan/status/959457318118264832
    ... archiving using prefix http://web.archive.org/save/


New tweet from WhiteHouse: The first year of the Trump Administration brought
record-breaking stock market levels and higher than expected eco…
https://t.co/DisFFrh0Of

archiving URL http://twitter.com/WhiteHouse/status/959457397180977152
    ... archiving using prefix http://web.archive.org/save/

archiving URL https://twitter.com/WhiteHouse/status/959457397180977152
    ... archiving using prefix http://web.archive.org/save/


New tweet from PressSec: For years Democrats talked and talked about
increasing wages. @realDonaldTrump &amp; @GOP policies are actually doing i…
https://t.co/8M8kyYWSUO

archiving URL http://twitter.com/PressSec/status/959457626965905409
    ... archiving using prefix http://web.archive.org/save/

archiving URL https://twitter.com/PressSec/status/959457626965905409
    ... archiving using prefix http://web.archive.org/save/
WARNING: received error ('Connection broken: IncompleteRead(0 bytes read, 512
more expected)', IncompleteRead(0 bytes read, 512 more expected)); sleeping and
trying again ...
