Hello, traveler. This is the beginning of a log file called: "Fascist Tweet Archiver".
Some basic system info about the host machine: posix.uname_result(sysname='Linux', nodename='file-server', release='3.16.0-6-686-pae', version='#1 SMP Debian 3.16.57-2 (2018-07-14)', machine='i686')
This log was begun Saturday, 25 August 2018 at 08:07



INFO: read target account data; we're tracking 59 accounts
WARNING: no ProtocolError (got exception "name 'ProtocolError' is not defined");
 trying requests.packages.urllib3.exceptions instead
NOTE: successfully imported from requests
Starting up...
about to get all tweets newer than ID #1033210671889096704 for account @POTUS
about to get all tweets newer than ID #836780744810844161 for account
@StephenMillerAL
about to get all tweets newer than ID #1032454184816136192 for account
@SecondLady
about to get all tweets newer than ID #903694300306923521 for account
@SecElaineChao
about to get all tweets newer than ID #1033178054695235584 for account
@StephGrisham45
about to get all tweets newer than ID #1033167026372706304 for account
@KellyannePolls
about to get all tweets newer than ID #1033217481014423553 for account
@JessicaDitto45
about to get all tweets newer than ID #1033329935467696129 for account
@AshLeeStrong
about to get all tweets newer than ID #1032714314657013766 for account
@IvankaTrump
about to get all tweets newer than ID #1033057389119979521 for account
@GovernorPerry
about to get all tweets newer than ID #1033343857675644928 for account
@realDonaldTrump
about to get all tweets newer than ID #856041462164836355 for account
@FirstLadyIN
about to get all tweets newer than ID #978650205192044545 for account
@SecShulkin
about to get all tweets newer than ID #1032361514601209857 for account
@seanspicer
about to get all tweets newer than ID #1033020091611471872 for account
@SecretaryCarson
about to get all tweets newer than ID #1033168756309209088 for account
@Scaramucci
about to get all tweets newer than ID #-1 for account @jaredkushner
about to get all tweets newer than ID #1033117964936069123 for account
@nikkihaley
about to get all tweets newer than ID #1033142676424679425 for account @SecAzar
about to get all tweets newer than ID #824610180881117184 for account
@GovPenceIN
about to get all tweets newer than ID #1033323318861021184 for account
@SecretaryAcosta
about to get all tweets newer than ID #1033156250803032064 for account
@statedeptspox
about to get all tweets newer than ID #1033081671908843520 for account @VP
about to get all tweets newer than ID #1030181805402587136 for account
@BetsyDeVosED
about to get all tweets newer than ID #-1 for account @ElaineChao
about to get all tweets newer than ID #1033165799417147392 for account @Reince
about to get all tweets newer than ID #1031917396502736896 for account @PressSec
about to get all tweets newer than ID #816846808789958656 for account
@SenDanCoats
about to get all tweets newer than ID #1031243024897126402 for account @Comey
about to get all tweets newer than ID #1033205865367658497 for account @FLOTUS
about to get all tweets newer than ID #1032342891522404352 for account
@MickMulvaneyOMB
about to get all tweets newer than ID #1031573015161720844 for account
@EnergyDepSec
about to get all tweets newer than ID #1033068589711089664 for account
@SecretaryZinke
about to get all tweets newer than ID #1033203534899109888 for account
@Scavino45
about to get all tweets newer than ID #1029492554557992961 for account
@stevenmnuchin1
about to get all tweets newer than ID #1033040923083657221 for account
@SecretaryRoss
about to get all tweets newer than ID #1032993864985001984 for account @SBALinda
about to get all tweets newer than ID #1003795765028884485 for account
@Linda_McMahon
about to get all tweets newer than ID #890659905798983680 for account @Reince45
ERROR: unable to get tweets for account @Reince45
           the system said: Not authorized.
about to get all tweets newer than ID #1032838823942733824 for account
@DanScavino
about to get all tweets newer than ID #913881045652688901 for account
@SecPriceMD
about to get all tweets newer than ID #1032804113539653636 for account
@SecretarySonny
about to get all tweets newer than ID #1033074982341902337 for account
@AmbJohnBolton
about to get all tweets newer than ID #1021844939473387520 for account
@IvankaTrumpHQ
ERROR: unable to get tweets for account @IvankaTrumpHQ
           the system said: Not authorized.
about to get all tweets newer than ID #954801265732661248 for account
@MELANIATRUMP
about to get all tweets newer than ID #832282841471918080 for account
@BetsyDeVos
about to get all tweets newer than ID #1033043764309311488 for account
@SecretaryPerry
about to get all tweets newer than ID #1033096106673152000 for account @Cabinet
about to get all tweets newer than ID #1033151722418405377 for account @PRyan
about to get all tweets newer than ID #830074939298414592 for account
@RepTomPrice
about to get all tweets newer than ID #1033017698828124160 for account
@SpeakerRyan
about to get all tweets newer than ID #1033053343009128448 for account
@SecNielsen
about to get all tweets newer than ID #1014519079284199424 for account
@EPAScottPruitt
ERROR: unable to get tweets for account @EPAScottPruitt
           the system said: [{'code': 34, 'message': 'Sorry, that page does not
exist.'}]
about to get all tweets newer than ID #1033117571162234883 for account
@DepSecHargan
about to get all tweets newer than ID #816290296048873472 for account
@WilburRoss
about to get all tweets newer than ID #1030454318183469056 for account
@RealBenCarson
about to get all tweets newer than ID #994396943421001728 for account
@TomBossert45
about to get all tweets newer than ID #1033341041708085248 for account
@WhiteHouse
about to get all tweets newer than ID #1033086716960227329 for account
@mike_pence
... OK, we're set up, and about to watch 822215679726100480, 728361177986797568,
 822127086194348032, 826065858548133888, 823638938590085124, 471672239,
836724024688410625, 296060169, 52544275, 18906561, 25073877, 1923451808,
831482588246196225, 20776147, 828613457020870657, 24578794, 29547260, 37666984,
956283913835614208, 15985455, 819980276570976256, 1967216306,
818910970567344128, 828997388920619008, 105267762, 20733972, 818927131883356161,
 212262370, 2334193741, 818876014390603776, 888031054141022209,
894923298374651904, 827258161841135623, 823367015830323201, 799764016885329921,
836305915452272641, 819992522109894658, 65522706, 803703725730779136, 620571475,
 829782369670410240, 842072478834909184, 118756393, 798195585824104449,
108471631, 599530439, 830128820447539208, 818928162449068032, 733751245,
6577802, 18916432, 935148134505828353, 832672006113931269, 920035992073064450,
809836066316451840, 1180379185, 866746592853979137, 822215673812119553, 22203756


New tweet from SecretaryZinke: Thank you @SenJohnMcCain for your years of
dedicated service and Noble sacrifice to our Great Nation. You vallientl…
https://t.co/u0JQjiLvQ7

archiving URL http://twitter.com/SecretaryZinke/status/1033361968969777152
    ... archiving using prefix http://web.archive.org/save/

archiving URL https://twitter.com/SecretaryZinke/status/1033361968969777152
    ... archiving using prefix http://web.archive.org/save/


New tweet from WhiteHouse: The most recent attempt to derail Judge Brett
Kavanaugh? A detailed analysis of his college sports reporting 3 deca…
https://t.co/vom3rl5jXa

archiving URL http://twitter.com/WhiteHouse/status/1033362615723024384
    ... archiving using prefix http://web.archive.org/save/

archiving URL https://twitter.com/WhiteHouse/status/1033362615723024384
    ... archiving using prefix http://web.archive.org/save/
WARNING: received error ('Connection broken: IncompleteRead(0 bytes read, 512
more expected)', IncompleteRead(0 bytes read, 512 more expected)); sleeping and
trying again ...
WARNING: received error ('Connection broken: IncompleteRead(0 bytes read, 512
more expected)', IncompleteRead(0 bytes read, 512 more expected)); sleeping and
trying again ...


New tweet from StephGrisham45: Happy Birthday @NatlParkService! 🎉
#FindYourPark 🇺🇸

archiving URL http://twitter.com/StephGrisham45/status/1033374313305522176
    ... archiving using prefix http://web.archive.org/save/

archiving URL https://twitter.com/StephGrisham45/status/1033374313305522176
    ... archiving using prefix http://web.archive.org/save/


New tweet from WhiteHouse: .@ceidotorg Director Myron Ebell calls the Trump
Administration's ACE Rule "a huge improvement over the so-called C…
https://t.co/s6XiL6uIeM

archiving URL http://twitter.com/WhiteHouse/status/1033376707766628352
    ... archiving using prefix http://web.archive.org/save/

archiving URL https://twitter.com/WhiteHouse/status/1033376707766628352
    ... archiving using prefix http://web.archive.org/save/


New tweet from FLOTUS: Happy Birthday and thank you to the @NatlParkService
for 102 years of commitment to this country! https://t.co/Zy25uSXbq6

archiving URL http://twitter.com/FLOTUS/status/1033378862795710466
    ... archiving using prefix http://web.archive.org/save/

archiving URL https://twitter.com/FLOTUS/status/1033378862795710466
    ... archiving using prefix http://web.archive.org/save/


New tweet from POTUS: RT @FLOTUS: Happy Birthday and thank you to the
@NatlParkService for 102 years of commitment to this country!
https://t.co/Zy25uSXbq6

archiving URL http://twitter.com/POTUS/status/1033379609096728576
    ... archiving using prefix http://web.archive.org/save/

archiving URL https://twitter.com/POTUS/status/1033379609096728576
    ... archiving using prefix http://web.archive.org/save/


New tweet from statedeptspox: Keeping @SenJohnMcCain &amp; his family in our
thoughts and prayers.  His spirit continues to inspire. 🇺🇸

archiving URL http://twitter.com/statedeptspox/status/1033395048665284608
    ... archiving using prefix http://web.archive.org/save/

archiving URL https://twitter.com/statedeptspox/status/1033395048665284608
    ... archiving using prefix http://web.archive.org/save/


New tweet from nikkihaley: RT @foxnewspolitics: Haley fights to get US
companies a bigger piece of the action on lucrative UN contracts - via
@AdamShawNY 
https://t.c…

archiving URL http://twitter.com/nikkihaley/status/1033400068362186752
    ... archiving using prefix http://web.archive.org/save/

archiving URL https://twitter.com/nikkihaley/status/1033400068362186752
    ... archiving using prefix http://web.archive.org/save/


New tweet from SecAzar: RT @realDonaldTrump: Great to see the Senate working
on solutions to end the secrecy around ridiculously high drug prices, something
I call…

archiving URL http://twitter.com/SecAzar/status/1033410408273666048
    ... archiving using prefix http://web.archive.org/save/

archiving URL https://twitter.com/SecAzar/status/1033410408273666048
    ... archiving using prefix http://web.archive.org/save/


New tweet from WhiteHouse: .@Heritage: "The so-called ‘Clean Power Plan’ would
 have spelled higher energy bills for families, individuals, and…
https://t.co/NFHJmm7MKc

archiving URL http://twitter.com/WhiteHouse/status/1033415462695170048
    ... archiving using prefix http://web.archive.org/save/

archiving URL https://twitter.com/WhiteHouse/status/1033415462695170048
    ... archiving using prefix http://web.archive.org/save/


New tweet from Scaramucci: RT @BillOReilly: John McCain in his last days on
earth. All Americans should put aside politics and honor this patriot.

archiving URL http://twitter.com/Scaramucci/status/1033416410280673281
    ... archiving using prefix http://web.archive.org/save/

archiving URL https://twitter.com/Scaramucci/status/1033416410280673281
    ... archiving using prefix http://web.archive.org/save/


New tweet from SecondLady: RT @FLOTUS: Happy Birthday and thank you to the
@NatlParkService for 102 years of commitment to this country!
https://t.co/Zy25uSXbq6

archiving URL http://twitter.com/SecondLady/status/1033416613834510336
    ... archiving using prefix http://web.archive.org/save/

archiving URL https://twitter.com/SecondLady/status/1033416613834510336
    ... archiving using prefix http://web.archive.org/save/


New tweet from SecNielsen: One year ago, #HurricaneHarvey severely impacted
Houston and parts of the Texas Gulf Coast. @fema, @USCG, @DHSgov &amp;…
https://t.co/uG5d8XkAdX

archiving URL http://twitter.com/SecNielsen/status/1033417353516789760
    ... archiving using prefix http://web.archive.org/save/


New tweet from SecNielsen: @DHSgov remains ready to help all Americans
impacted by natural disasters. Please visit https://t.co/e03jqc0KUh to…
https://t.co/C6kS8Io8YK

archiving URL http://twitter.com/SecNielsen/status/1033417354959564800
    ... archiving using prefix http://web.archive.org/save/

archiving URL https://twitter.com/SecNielsen/status/1033417353516789760
    ... archiving using prefix http://web.archive.org/save/

archiving URL https://twitter.com/SecNielsen/status/1033417354959564800
    ... archiving using prefix http://web.archive.org/save/


New tweet from Scaramucci: He who dares not offend cannot be honest.

- Thomas
 Paine

archiving URL http://twitter.com/Scaramucci/status/1033421158882975745
    ... archiving using prefix http://web.archive.org/save/

archiving URL https://twitter.com/Scaramucci/status/1033421158882975745
    ... archiving using prefix http://web.archive.org/save/


New tweet from nikkihaley: RT @USUN: We had the privilege of meeting Marc
Tice, the father of Austin Tice, an American journalist who has been…
https://t.co/sGPoza3Lfu

archiving URL http://twitter.com/nikkihaley/status/1033424756744314881
    ... archiving using prefix http://web.archive.org/save/

archiving URL https://twitter.com/nikkihaley/status/1033424756744314881
    ... archiving using prefix http://web.archive.org/save/


New tweet from AmbJohnBolton: Thursday I had important conversations in Geneva
 with my Russian counterpart. We discussed a range of national secu…
https://t.co/3gdy8CE96R

archiving URL http://twitter.com/AmbJohnBolton/status/1033430853395914752
    ... archiving using prefix http://web.archive.org/save/

archiving URL https://twitter.com/AmbJohnBolton/status/1033430853395914752
    ... archiving using prefix http://web.archive.org/save/


New tweet from WhiteHouse: .@SenateMajLdr: "An innocent-seeming name. A
pleasant-sounding objective. But underneath, an intrusive regulatory r…
https://t.co/Vt6zPRzBBD

archiving URL http://twitter.com/WhiteHouse/status/1033443400895418368
    ... archiving using prefix http://web.archive.org/save/

archiving URL https://twitter.com/WhiteHouse/status/1033443400895418368
    ... archiving using prefix http://web.archive.org/save/


New tweet from WhiteHouse: Three things you should know about the new
Affordable Clean Energy Rule, courtesy of @SteveScalise: "more jobs, low…
https://t.co/xxD85CWZFI

archiving URL http://twitter.com/WhiteHouse/status/1033450694878085121
    ... archiving using prefix http://web.archive.org/save/

archiving URL https://twitter.com/WhiteHouse/status/1033450694878085121
    ... archiving using prefix http://web.archive.org/save/


New tweet from nikkihaley: It’s a beautiful day for a @Mets game! #LifeInNYC
🇺🇸 https://t.co/cA4WoTxvLg

archiving URL http://twitter.com/nikkihaley/status/1033463922077171712
    ... archiving using prefix http://web.archive.org/save/

archiving URL https://twitter.com/nikkihaley/status/1033463922077171712
    ... archiving using prefix http://web.archive.org/save/


New tweet from WhiteHouse: .@SpeakerRyan: "Congress will continue to work with
 the administration to connect America’s energy boom to consumer…
https://t.co/PRM5snYAGM

archiving URL http://twitter.com/WhiteHouse/status/1033467054899253249
    ... archiving using prefix http://web.archive.org/save/

archiving URL https://twitter.com/WhiteHouse/status/1033467054899253249
    ... archiving using prefix http://web.archive.org/save/


New tweet from nikkihaley: RT @WMichaelHaley: Let’s GO Mets!!!
https://t.co/ECUyJsS85u

archiving URL http://twitter.com/nikkihaley/status/1033470327374995459
    ... archiving using prefix http://web.archive.org/save/

archiving URL https://twitter.com/nikkihaley/status/1033470327374995459
    ... archiving using prefix http://web.archive.org/save/


New tweet from Scaramucci: Ralph you and your team did an amazing job.
@DeidreScaramuc2 and I love the house. Your wife is doing a great job m…
https://t.co/AGUNVYDDOa

archiving URL http://twitter.com/Scaramucci/status/1033483342598037504
    ... archiving using prefix http://web.archive.org/save/

archiving URL https://twitter.com/Scaramucci/status/1033483342598037504
    ... archiving using prefix http://web.archive.org/save/


New tweet from Scaramucci: RT @RalphGreer: Just finished another Farrell
Masterpiece Home for my new friend Anthony Scaramucci https://t.co/ORq8ochB9f

archiving URL http://twitter.com/Scaramucci/status/1033483459933753350
    ... archiving using prefix http://web.archive.org/save/

archiving URL https://twitter.com/Scaramucci/status/1033483459933753350
    ... archiving using prefix http://web.archive.org/save/


New tweet from DepSecHargan: RT @PHEgov: Be alert when driving!  Roads may
become blocked or closed due to collapsed pavement or debris. Avoid areas where
landslides ha…

archiving URL http://twitter.com/DepSecHargan/status/1033489070763245568
    ... archiving using prefix http://web.archive.org/save/

archiving URL https://twitter.com/DepSecHargan/status/1033489070763245568
    ... archiving using prefix http://web.archive.org/save/


New tweet from WhiteHouse: RT @fema: (8/24) Today's update on the coordinated
response efforts for Hurricane #Lane. While the storm continues to weaken,
flooding is s…

archiving URL http://twitter.com/WhiteHouse/status/1033499514177576965
    ... archiving using prefix http://web.archive.org/save/

archiving URL https://twitter.com/WhiteHouse/status/1033499514177576965
    ... archiving using prefix http://web.archive.org/save/


New tweet from realDonaldTrump: Stock Market hit all time high on Friday.
Congratulations U.S.A.!

archiving URL http://twitter.com/realDonaldTrump/status/1033500723709992960
    ... archiving using prefix http://web.archive.org/save/

archiving URL https://twitter.com/realDonaldTrump/status/1033500723709992960
    ... archiving using prefix http://web.archive.org/save/


New tweet from POTUS: RT @realDonaldTrump: Stock Market hit all time high on
Friday. Congratulations U.S.A.!

archiving URL http://twitter.com/POTUS/status/1033500921471422464
    ... archiving using prefix http://web.archive.org/save/

archiving URL https://twitter.com/POTUS/status/1033500921471422464
    ... archiving using prefix http://web.archive.org/save/


New tweet from VP: Karen and I are praying for Senator John McCain, Cindy and
their family this weekend. May God bless them all during this difficult time.

archiving URL http://twitter.com/VP/status/1033501353660899329
    ... archiving using prefix http://web.archive.org/save/

archiving URL https://twitter.com/VP/status/1033501353660899329
    ... archiving using prefix http://web.archive.org/save/


New tweet from Scaramucci: We curse a little from our area. Big deal. Ken is
an American Legend and role model.  https://t.co/9OqLipjhDl

archiving URL http://twitter.com/Scaramucci/status/1033508121401020422
    ... archiving using prefix http://web.archive.org/save/

archiving URL https://twitter.com/Scaramucci/status/1033508121401020422
    ... archiving using prefix http://web.archive.org/save/


New tweet from Scaramucci: John McCain, War Hero, Senator, Presidential
Contender, Dies at 81   via @NYTimes.  Amazing story and a total hero…
https://t.co/kDG98Bpeg2

archiving URL http://twitter.com/Scaramucci/status/1033510783303536640
    ... archiving using prefix http://web.archive.org/save/

archiving URL https://twitter.com/Scaramucci/status/1033510783303536640
    ... archiving using prefix http://web.archive.org/save/


New tweet from Reince: RT @hughhewitt: Honor @SenJohnMcCain and his remarkable
 career of service, whether you agreed with him always or never, just honor him.
 No…

archiving URL http://twitter.com/Reince/status/1033511400138780672
    ... archiving using prefix http://web.archive.org/save/

archiving URL https://twitter.com/Reince/status/1033511400138780672
    ... archiving using prefix http://web.archive.org/save/


New tweet from KellyannePolls: Condolences and prayers to the McCain Family.
 

Gratitude and respect for John McCain, who served the nation honora…
https://t.co/PaB92wvQZR

archiving URL http://twitter.com/KellyannePolls/status/1033514148351627264
    ... archiving using prefix http://web.archive.org/save/

archiving URL https://twitter.com/KellyannePolls/status/1033514148351627264
    ... archiving using prefix http://web.archive.org/save/


New tweet from realDonaldTrump: My deepest sympathies and respect go out to
the family of Senator John McCain. Our hearts and prayers are with you!

archiving URL http://twitter.com/realDonaldTrump/status/1033515425336885248
    ... archiving using prefix http://web.archive.org/save/

archiving URL https://twitter.com/realDonaldTrump/status/1033515425336885248
    ... archiving using prefix http://web.archive.org/save/


New tweet from FLOTUS: Our thoughts, prayers and deepest sympathy to the
McCain Family. Thank you Senator McCain for your service to the nation.

archiving URL http://twitter.com/FLOTUS/status/1033515442244018177
    ... archiving using prefix http://web.archive.org/save/

archiving URL https://twitter.com/FLOTUS/status/1033515442244018177
    ... archiving using prefix http://web.archive.org/save/


New tweet from Reince: Rest In Peace John McCain a true maverick and real life
 American hero.  An extraordinary role model who lifted othe…
https://t.co/2E2QrzSBBr

archiving URL http://twitter.com/Reince/status/1033515452826361856
    ... archiving using prefix http://web.archive.org/save/

archiving URL https://twitter.com/Reince/status/1033515452826361856
    ... archiving using prefix http://web.archive.org/save/
WARNING: received error ('Connection broken: IncompleteRead(0 bytes read, 512
more expected)', IncompleteRead(0 bytes read, 512 more expected)); sleeping and
trying again ...


New tweet from Scavino45: RT @realDonaldTrump: My deepest sympathies and
respect go out to the family of Senator John McCain. Our hearts and prayers are
with you!

archiving URL http://twitter.com/Scavino45/status/1033516241259036673
    ... archiving using prefix http://web.archive.org/save/

archiving URL https://twitter.com/Scavino45/status/1033516241259036673
    ... archiving using prefix http://web.archive.org/save/


New tweet from POTUS: RT @realDonaldTrump: My deepest sympathies and respect
go out to the family of Senator John McCain. Our hearts and prayers are with
you!

archiving URL http://twitter.com/POTUS/status/1033516285802557440
    ... archiving using prefix http://web.archive.org/save/

archiving URL https://twitter.com/POTUS/status/1033516285802557440
    ... archiving using prefix http://web.archive.org/save/


New tweet from SecretarySonny: John McCain served his country with dedication
and honor, as Navy officer, POW in Vietnam, member of House &amp; Senate…
https://t.co/zGs3KrawfV

archiving URL http://twitter.com/SecretarySonny/status/1033517451395379200
    ... archiving using prefix http://web.archive.org/save/

archiving URL https://twitter.com/SecretarySonny/status/1033517451395379200
    ... archiving using prefix http://web.archive.org/save/


New tweet from SpeakerRyan: John McCain was a giant of our time—not just for
the things he achieved, but for who he was and what he fought for…
https://t.co/l5shnJTvTw

archiving URL http://twitter.com/SpeakerRyan/status/1033519816378920967
    ... archiving using prefix http://web.archive.org/save/

archiving URL https://twitter.com/SpeakerRyan/status/1033519816378920967
    ... archiving using prefix http://web.archive.org/save/


New tweet from SpeakerRyan: Our hearts are with John’s wife, Cindy, his
children, and his grandchildren. This Congress, this country mourn with them.

archiving URL http://twitter.com/SpeakerRyan/status/1033520024114352128
    ... archiving using prefix http://web.archive.org/save/

archiving URL https://twitter.com/SpeakerRyan/status/1033520024114352128
    ... archiving using prefix http://web.archive.org/save/


New tweet from WhiteHouse: RT @realDonaldTrump: My deepest sympathies and
respect go out to the family of Senator John McCain. Our hearts and prayers are
with you!

archiving URL http://twitter.com/WhiteHouse/status/1033520211482357760
    ... archiving using prefix http://web.archive.org/save/

archiving URL https://twitter.com/WhiteHouse/status/1033520211482357760
    ... archiving using prefix http://web.archive.org/save/


New tweet from SecretaryPerry: .@SenJohnMcCain served his country with bravery
 from the battlefield to the Senate. He fought cancer the same way h…
https://t.co/L70b3zSAZh

archiving URL http://twitter.com/SecretaryPerry/status/1033521981357023232
    ... archiving using prefix http://web.archive.org/save/

archiving URL https://twitter.com/SecretaryPerry/status/1033521981357023232
    ... archiving using prefix http://web.archive.org/save/


New tweet from nikkihaley: Tonight we say goodbye to a true hero. A man who
never sought accolades. A patriot who fought everyday for American…
https://t.co/EidT1BomVZ

archiving URL http://twitter.com/nikkihaley/status/1033522555460698113
    ... archiving using prefix http://web.archive.org/save/

archiving URL https://twitter.com/nikkihaley/status/1033522555460698113
    ... archiving using prefix http://web.archive.org/save/


New tweet from SpeakerRyan: My full statement: https://t.co/WyDheRDSrj

archiving URL http://twitter.com/SpeakerRyan/status/1033523052280205312
    ... archiving using prefix http://web.archive.org/save/

archiving URL https://twitter.com/SpeakerRyan/status/1033523052280205312
    ... archiving using prefix http://web.archive.org/save/


New tweet from JessicaDitto45: RT @realDonaldTrump: My deepest sympathies and
respect go out to the family of Senator John McCain. Our hearts and prayers are
with you!

archiving URL http://twitter.com/JessicaDitto45/status/1033524262630510592
    ... archiving using prefix http://web.archive.org/save/

archiving URL https://twitter.com/JessicaDitto45/status/1033524262630510592
    ... archiving using prefix http://web.archive.org/save/


New tweet from Scaramucci: RT @MeghanMcCain: I love you forever - my beloved
father @SenJohnMcCain https://t.co/Y50tVQvlVe

archiving URL http://twitter.com/Scaramucci/status/1033527734746656768
    ... archiving using prefix http://web.archive.org/save/

archiving URL https://twitter.com/Scaramucci/status/1033527734746656768
    ... archiving using prefix http://web.archive.org/save/


New tweet from VP: Karen and I send our deepest condolences to Cindy and the
entire McCain family on the passing of Senator John McCai…
https://t.co/18nBtjhSeE

archiving URL http://twitter.com/VP/status/1033531122251128832
    ... archiving using prefix http://web.archive.org/save/

archiving URL https://twitter.com/VP/status/1033531122251128832
    ... archiving using prefix http://web.archive.org/save/


New tweet from BetsyDeVosED: .@SenJohnMcCain was the definition of a true
American hero &amp; embodied what it means to put country first. (1/2)

archiving URL http://twitter.com/BetsyDeVosED/status/1033531820321714176
    ... archiving using prefix http://web.archive.org/save/

archiving URL https://twitter.com/BetsyDeVosED/status/1033531820321714176
    ... archiving using prefix http://web.archive.org/save/


New tweet from BetsyDeVosED: My deepest sympathies &amp; sincere prayers go
out to Cindy &amp; the entire McCain family. (2/2)

archiving URL http://twitter.com/BetsyDeVosED/status/1033531954715680768
    ... archiving using prefix http://web.archive.org/save/

archiving URL https://twitter.com/BetsyDeVosED/status/1033531954715680768
    ... archiving using prefix http://web.archive.org/save/


New tweet from SecAzar: My deepest sympathies are with the family of Senator
John McCain — a man who led a life dedicated to the service of his country.

archiving URL http://twitter.com/SecAzar/status/1033534643570651136
    ... archiving using prefix http://web.archive.org/save/

archiving URL https://twitter.com/SecAzar/status/1033534643570651136
    ... archiving using prefix http://web.archive.org/save/


New tweet from SecondLady: RT @VP: Karen and I send our deepest condolences to
 Cindy and the entire McCain family on the passing of Senator John McCain. We
honor his…

archiving URL http://twitter.com/SecondLady/status/1033535205078970368
    ... archiving using prefix http://web.archive.org/save/

archiving URL https://twitter.com/SecondLady/status/1033535205078970368
    ... archiving using prefix http://web.archive.org/save/


New tweet from Scaramucci: RT @seanhannity: RIP Senator McCain. My thoughts
and prayers to Cindy, Meghan, and his family. While we did have political
differences, I k…

archiving URL http://twitter.com/Scaramucci/status/1033535275048288256
    ... archiving using prefix http://web.archive.org/save/

archiving URL https://twitter.com/Scaramucci/status/1033535275048288256
    ... archiving using prefix http://web.archive.org/save/


New tweet from BetsyDeVosED: RT @BetsyDeVosED: .@SenJohnMcCain was the
definition of a true American hero &amp; embodied what it means to put country
first. (1/2)

archiving URL http://twitter.com/BetsyDeVosED/status/1033535550777688064
    ... archiving using prefix http://web.archive.org/save/

archiving URL https://twitter.com/BetsyDeVosED/status/1033535550777688064
    ... archiving using prefix http://web.archive.org/save/


New tweet from BetsyDeVosED: RT @BetsyDeVosED: My deepest sympathies &amp;
sincere prayers go out to Cindy &amp; the entire McCain family. (2/2)

archiving URL http://twitter.com/BetsyDeVosED/status/1033535561150201857
    ... archiving using prefix http://web.archive.org/save/

archiving URL https://twitter.com/BetsyDeVosED/status/1033535561150201857
    ... archiving using prefix http://web.archive.org/save/


New tweet from Scaramucci: “I want to urge Americans, for as long as I can, to
 remember that this shared devotion to human rights is our trues…
https://t.co/bp1M3M3aKG

archiving URL http://twitter.com/Scaramucci/status/1033537033355096065
    ... archiving using prefix http://web.archive.org/save/

archiving URL https://twitter.com/Scaramucci/status/1033537033355096065
    ... archiving using prefix http://web.archive.org/save/


New tweet from EnergyDepSec: Tonight we remember the life of a true American
hero. Thank you, @SenJohnMcCain, for your decades of service to our country.
Rest In Peace.

archiving URL http://twitter.com/EnergyDepSec/status/1033541018992431104
    ... archiving using prefix http://web.archive.org/save/

archiving URL https://twitter.com/EnergyDepSec/status/1033541018992431104
    ... archiving using prefix http://web.archive.org/save/


New tweet from SecretaryAcosta: Senator John McCain devoted his life to
serving our nation, from the military to the U.S. Senate. I extend my deep
sympathy to his family.

archiving URL http://twitter.com/SecretaryAcosta/status/1033542233893625856
    ... archiving using prefix http://web.archive.org/save/

archiving URL https://twitter.com/SecretaryAcosta/status/1033542233893625856
    ... archiving using prefix http://web.archive.org/save/


New tweet from Scaramucci: Fitting that Senator McCain would pass 9 years to
the day since his dear friend Senator Ted Kennedy. Their fierce p…
https://t.co/ZHQhJsQSsd

archiving URL http://twitter.com/Scaramucci/status/1033542618427342849
    ... archiving using prefix http://web.archive.org/save/

archiving URL https://twitter.com/Scaramucci/status/1033542618427342849
    ... archiving using prefix http://web.archive.org/save/


New tweet from Scaramucci: RT @DeeMarzo: @Scaramucci Thank you for helping my
father in 2006 when he was diagnosed with Glioblastoma. My heart aches for the
McCains t…

archiving URL http://twitter.com/Scaramucci/status/1033546840699031553
    ... archiving using prefix http://web.archive.org/save/

archiving URL https://twitter.com/Scaramucci/status/1033546840699031553
    ... archiving using prefix http://web.archive.org/save/
INFO: handling a deletion for data:

{'delete': {'status': {'id':
1033546840699031553,
                       'id_str': '1033546840699031553',

                       'user_id': 24578794,
'user_id_str': '24578794'},
            'timestamp_ms': '1535251747060'}}
INFO: successfully dumped raw data to JSON file
INFO: We're handling a deletion notification for tweet ID# 1033546840699031553
on account Scaramucci
INFO: get_archived_tweet() called to get tweet ID 1033546840699031553 for
account Scaramucci
ERROR: unable to read line "['=======']" because: need more than 1 value to
unpack.
INFO: found a tweet!		http://web.archive.org/*/http://twitter.com/Scaramucci/sta
tus/1033546840699031553	RT @DeeMarzo: @Scaramucci Thank you for helping my
father in 2006 when he was diagnosed with Glioblastoma. My heart aches for the
McCains t…
... adding to list of deleted tweets
... added
... but we're not going to tweet about it because Scaramucci is not in the list
of accounts we tweet about


New tweet from Scaramucci: .@FightBrainTumor The Brain Tumor Foundation is
thriving as a result of your help and commitment. My father’s 2002…
https://t.co/PReKPAOXXh

archiving URL http://twitter.com/Scaramucci/status/1033547546998833153
    ... archiving using prefix http://web.archive.org/save/

archiving URL https://twitter.com/Scaramucci/status/1033547546998833153
    ... archiving using prefix http://web.archive.org/save/


New tweet from statedeptspox: Saddened by his loss and praying for his family
this evening.

archiving URL http://twitter.com/statedeptspox/status/1033548759911870464
    ... archiving using prefix http://web.archive.org/save/

archiving URL https://twitter.com/statedeptspox/status/1033548759911870464
    ... archiving using prefix http://web.archive.org/save/


New tweet from Scavino45: This evening, the @WhiteHouse flag has been lowered
to half-staff in honor of Senator John McCain... https://t.co/tYdBNK9bA7

archiving URL http://twitter.com/Scavino45/status/1033553137326542853
    ... archiving using prefix http://web.archive.org/save/

archiving URL https://twitter.com/Scavino45/status/1033553137326542853
    ... archiving using prefix http://web.archive.org/save/


New tweet from WhiteHouse: RT @Scavino45: This evening, the @WhiteHouse flag
has been lowered to half-staff in honor of Senator John McCain...
https://t.co/tYdBNK9bA7

archiving URL http://twitter.com/WhiteHouse/status/1033557691493507073
    ... archiving using prefix http://web.archive.org/save/

archiving URL https://twitter.com/WhiteHouse/status/1033557691493507073
    ... archiving using prefix http://web.archive.org/save/


New tweet from IvankaTrump: Honoring the memory and legacy of Senator John
McCain, an American patriot, who served our great nation with distin…
https://t.co/LHY2btpNAQ

archiving URL http://twitter.com/IvankaTrump/status/1033559346809110529
    ... archiving using prefix http://web.archive.org/save/

archiving URL https://twitter.com/IvankaTrump/status/1033559346809110529
    ... archiving using prefix http://web.archive.org/save/


New tweet from statedeptspox: Last winter, I met #Rohingya children at a
refugee camp in #bangladesh - many (like this boy) had been separated fr…
https://t.co/OV3YoqRcKh

archiving URL http://twitter.com/statedeptspox/status/1033564047424323584
    ... archiving using prefix http://web.archive.org/save/

archiving URL https://twitter.com/statedeptspox/status/1033564047424323584
    ... archiving using prefix http://web.archive.org/save/


New tweet from KellyannePolls: RT @Scavino45: This evening, the @WhiteHouse
flag has been lowered to half-staff in honor of Senator John McCain...
https://t.co/tYdBNK9bA7

archiving URL http://twitter.com/KellyannePolls/status/1033565856129798144
    ... archiving using prefix http://web.archive.org/save/

archiving URL https://twitter.com/KellyannePolls/status/1033565856129798144
    ... archiving using prefix http://web.archive.org/save/


New tweet from JessicaDitto45: RT @Scavino45: This evening, the @WhiteHouse
flag has been lowered to half-staff in honor of Senator John McCain...
https://t.co/tYdBNK9bA7

archiving URL http://twitter.com/JessicaDitto45/status/1033572670464516096
    ... archiving using prefix http://web.archive.org/save/

archiving URL https://twitter.com/JessicaDitto45/status/1033572670464516096
    ... archiving using prefix http://web.archive.org/save/


New tweet from PressSec: There is no way any father could be prouder. Our
hearts and prayers are with you. He was a great American. God bles…
https://t.co/77hQY6fZYz

archiving URL http://twitter.com/PressSec/status/1033574655775449088
    ... archiving using prefix http://web.archive.org/save/

archiving URL https://twitter.com/PressSec/status/1033574655775449088
    ... archiving using prefix http://web.archive.org/save/


New tweet from PressSec: RT @FLOTUS: Our thoughts, prayers and deepest
sympathy to the McCain Family. Thank you Senator McCain for your service to the
nation.

archiving URL http://twitter.com/PressSec/status/1033576194179047424
    ... archiving using prefix http://web.archive.org/save/

archiving URL https://twitter.com/PressSec/status/1033576194179047424
    ... archiving using prefix http://web.archive.org/save/


New tweet from PressSec: RT @VP: Karen and I send our deepest condolences to
Cindy and the entire McCain family on the passing of Senator John McCain. We
honor his…

archiving URL http://twitter.com/PressSec/status/1033577615670558720
    ... archiving using prefix http://web.archive.org/save/

archiving URL https://twitter.com/PressSec/status/1033577615670558720
    ... archiving using prefix http://web.archive.org/save/


New tweet from PressSec: RT @Scavino45: This evening, the @WhiteHouse flag has
 been lowered to half-staff in honor of Senator John McCain...
https://t.co/tYdBNK9bA7

archiving URL http://twitter.com/PressSec/status/1033578070949675013
    ... archiving using prefix http://web.archive.org/save/

archiving URL https://twitter.com/PressSec/status/1033578070949675013
    ... archiving using prefix http://web.archive.org/save/


New tweet from DanScavino: RT @Scavino45: This evening, the @WhiteHouse flag
has been lowered to half-staff in honor of Senator John McCain...
https://t.co/tYdBNK9bA7

archiving URL http://twitter.com/DanScavino/status/1033584352381358081
    ... archiving using prefix http://web.archive.org/save/

archiving URL https://twitter.com/DanScavino/status/1033584352381358081
    ... archiving using prefix http://web.archive.org/save/
WARNING: received error HTTPSConnectionPool(host='stream.twitter.com',
port=443): Read timed out.; sleeping and trying again ...
