Hello, traveler. This is the beginning of a log file called: "Fascist Tweet Archiver".
Some basic system info about the host machine: posix.uname_result(sysname='Linux', nodename='file-server', release='3.16.0-4-686-pae', version='#1 SMP Debian 3.16.51-3 (2017-12-13)', machine='i686')
This log was begun Saturday, 20 January 2018 at 21:21



INFO: read target account data; we're tracking 52 accounts
WARNING: no ProtocolError (got exception "name 'ProtocolError' is not defined");
 trying requests.packages.urllib3.exceptions instead
NOTE: successfully imported from requests
Starting up...
about to get all tweets newer than ID #954748876887592960 for account @FLOTUS
about to get all tweets newer than ID #954905101717655552 for account
@realDonaldTrump
about to get all tweets newer than ID #954409146664783872 for account
@SecretaryCarson
about to get all tweets newer than ID #954810001457106947 for account
@nikkihaley
about to get all tweets newer than ID #954883234910883842 for account @Scavino45
getting all tweets before ID #943292821376831487
    ...400 tweets downloaded so far


New tweet from Scavino45: Despite the #DemocratShutdown, @POTUS
@realDonaldTrump, @VP Pence, the Trump Administration, @HouseGOP &amp;
@SenateGOP… https://t.co/cWEfmRukTl

archiving URL http://twitter.com/Scavino45/status/954925578506915840
    ... archiving using prefix http://web.archive.org/save/
about to get all tweets newer than ID #930982584649175047 for account
@mike_pence

archiving URL https://twitter.com/Scavino45/status/954925578506915840
    ... archiving using prefix http://web.archive.org/save/
about to get all tweets newer than ID #898632795517403136 for account
@GeneralJFKellly
ERROR: unable to get tweets for account @GeneralJFKellly
           the system said: Not authorized.
about to get all tweets newer than ID #954791992277389312 for account
@StephGrisham45
about to get all tweets newer than ID #954893726077374466 for account
@KellyannePolls
about to get all tweets newer than ID #954049288866279425 for account
@TomBossert45
about to get all tweets newer than ID #954809408281894912 for account
@WhiteHouse
about to get all tweets newer than ID #954488719377141761 for account
@IvankaTrumpHQ
about to get all tweets newer than ID #954801265732661248 for account
@MELANIATRUMP
ERROR: unable to get tweets for account @MELANIATRUMP
           the system said: Failed to send request:
HTTPSConnectionPool(host='api.twitter.com', port=443): Read timed out.
about to get all tweets newer than ID #951506732043456512 for account
@MickMulvaneyOMB
ERROR: unable to get tweets for account @MickMulvaneyOMB
           the system said: Failed to send request:
HTTPSConnectionPool(host='api.twitter.com', port=443): Read timed out. (read
timeout=60)
about to get all tweets newer than ID #954847798041686016 for account
@SecretaryZinke
about to get all tweets newer than ID #913881045652688901 for account
@SecPriceMD
about to get all tweets newer than ID #867385249340297217 for account
@RealBenCarson
about to get all tweets newer than ID #954883982759522304 for account
@seanspicer
getting all tweets before ID #935996127421386751
    ...400 tweets downloaded so far


New tweet from seanspicer: Actually they didn’t https://t.co/vSuAohgthw

archiving URL http://twitter.com/seanspicer/status/954932678347886593
    ... archiving using prefix http://web.archive.org/save/
about to get all tweets newer than ID #953073831534612480 for account
@SecretaryRoss
about to get all tweets newer than ID #954137162827649024 for account
@BetsyDeVosED

archiving URL https://twitter.com/seanspicer/status/954932678347886593
    ... archiving using prefix http://web.archive.org/save/
about to get all tweets newer than ID #816290296048873472 for account
@WilburRoss
about to get all tweets newer than ID #890659905798983680 for account @Reince45
about to get all tweets newer than ID #954900550692278272 for account
@Scaramucci
about to get all tweets newer than ID #954872953065402369 for account @PressSec
about to get all tweets newer than ID #954908940025913345 for account
@SecShulkin
about to get all tweets newer than ID #898401955847876608 for account
@Linda_McMahon
about to get all tweets newer than ID #824610180881117184 for account
@GovPenceIN
about to get all tweets newer than ID #947851229719355392 for account
@GovernorPerry
about to get all tweets newer than ID #954370070297399297 for account
@IvankaTrump
about to get all tweets newer than ID #954876476834410497 for account
@AshLeeStrong
about to get all tweets newer than ID #954858728704102401 for account @VP
about to get all tweets newer than ID #954518400298045441 for account
@SecretaryAcosta
about to get all tweets newer than ID #-1 for account @ElaineChao
about to get all tweets newer than ID #954472012424138754 for account @SBALinda
about to get all tweets newer than ID #816846808789958656 for account
@SenDanCoats
about to get all tweets newer than ID #954745336207159297 for account
@EPAScottPruitt
ERROR: unable to get tweets for account @EPAScottPruitt
           the system said: Failed to parse JSON payload: Expecting ','
delimiter: line 1 column 505468 (char 505467)
about to get all tweets newer than ID #832282841471918080 for account
@BetsyDeVos
about to get all tweets newer than ID #954221739675996160 for account
@DanScavino
about to get all tweets newer than ID #830074939298414592 for account
@RepTomPrice
about to get all tweets newer than ID #954903578765864962 for account @POTUS
about to get all tweets newer than ID #856041462164836355 for account
@FirstLadyIN
about to get all tweets newer than ID #836780744810844161 for account
@StephenMillerAL
about to get all tweets newer than ID #954901356497850372 for account
@SpeakerRyan
about to get all tweets newer than ID #954435817862123520 for account @PRyan
about to get all tweets newer than ID #903694300306923521 for account
@SecElaineChao
about to get all tweets newer than ID #943908455793823744 for account @Reince
about to get all tweets newer than ID #954879163932004354 for account
@SecretarySonny
about to get all tweets newer than ID #954090900921159680 for account
@stevenmnuchin1
about to get all tweets newer than ID #954435460968996864 for account
@SecretaryPerry
about to get all tweets newer than ID #954887260369047552 for account
@JessicaDitto45
about to get all tweets newer than ID #954824914464329730 for account
@SecondLady
ERROR: unable to get tweets for account @SecondLady
           the system said: Failed to parse JSON payload: Unterminated string
starting at: line 1 column 503105 (char 503104)
about to get all tweets newer than ID #-1 for account @jaredkushner
... OK, we're set up, and about to watch 818876014390603776, 25073877,
828613457020870657, 37666984, 823367015830323201, 22203756, 892173412818354177,
823638938590085124, 471672239, 866746592853979137, 822215673812119553,
798195585824104449, 108471631, 888031054141022209, 827258161841135623,
829782369670410240, 1180379185, 20776147, 836305915452272641,
828997388920619008, 809836066316451840, 803703725730779136, 24578794,
818927131883356161, 831482588246196225, 65522706, 15985455, 18906561, 52544275,
296060169, 818910970567344128, 819980276570976256, 105267762,
819992522109894658, 212262370, 832672006113931269, 599530439, 620571475,
6577802, 822215679726100480, 1923451808, 728361177986797568, 18916432,
733751245, 826065858548133888, 20733972, 842072478834909184, 799764016885329921,
 830128820447539208, 836724024688410625, 822127086194348032, 29547260


New tweet from AshLeeStrong: Sunday morning: Speaker Ryan will join
@FaceTheNation at 10:30am ET.

archiving URL http://twitter.com/AshLeeStrong/status/954937452728344576
    ... archiving using prefix http://web.archive.org/save/

archiving URL https://twitter.com/AshLeeStrong/status/954937452728344576
    ... archiving using prefix http://web.archive.org/save/
WARNING: received error ('Connection broken: IncompleteRead(0 bytes read, 512
more expected)', IncompleteRead(0 bytes read, 512 more expected)); sleeping and
trying again ...
WARNING: received error HTTPSConnectionPool(host='stream.twitter.com',
port=443): Read timed out.; sleeping and trying again ...
WARNING: received error HTTPSConnectionPool(host='stream.twitter.com',
port=443): Read timed out.; sleeping and trying again ...
