Hello, traveler. This is the beginning of a log file called: "Fascist Tweet Archiver".
Some basic system info about the host machine: posix.uname_result(sysname='Linux', nodename='file-server', release='3.16.0-5-686-pae', version='#1 SMP Debian 3.16.51-3+deb8u1 (2018-01-08)', machine='i686')
This log was begun Thursday, 01 February 2018 at 10:20



INFO: read target account data; we're tracking 52 accounts
WARNING: no ProtocolError (got exception "name 'ProtocolError' is not defined");
 trying requests.packages.urllib3.exceptions instead
NOTE: successfully imported from requests
Starting up...
about to get all tweets newer than ID #954801265732661248 for account
@MELANIATRUMP
about to get all tweets newer than ID #890659905798983680 for account @Reince45
about to get all tweets newer than ID #959069538410205184 for account
@SecretaryZinke
ERROR: unable to get tweets for account @SecretaryZinke
           the system said: Failed to parse JSON payload: Unterminated string
starting at: line 1 column 501657 (char 501656)
about to get all tweets newer than ID #959106679722868736 for account
@nikkihaley
about to get all tweets newer than ID #959108703310970882 for account
@SecretarySonny
about to get all tweets newer than ID #959106773314654208 for account
@SpeakerRyan
about to get all tweets newer than ID #930982584649175047 for account
@mike_pence
about to get all tweets newer than ID #958544434303442944 for account @Reince
about to get all tweets newer than ID #898401955847876608 for account
@Linda_McMahon
about to get all tweets newer than ID #-1 for account @jaredkushner
about to get all tweets newer than ID #959095268154204162 for account @FLOTUS
about to get all tweets newer than ID #959058730016034816 for account
@seanspicer
getting all tweets before ID #943820462697656319
ERROR: unable to get tweets for account @seanspicer
           the system said: Failed to parse JSON payload: Unterminated string
starting at: line 1 column 508078 (char 508077)
about to get all tweets newer than ID #824610180881117184 for account
@GovPenceIN
about to get all tweets newer than ID #958536228302880769 for account
@BetsyDeVosED
about to get all tweets newer than ID #959106892705525760 for account
@IvankaTrump
about to get all tweets newer than ID #958761456098594816 for account @SBALinda
about to get all tweets newer than ID #903694300306923521 for account
@SecElaineChao
about to get all tweets newer than ID #958552614026784770 for account
@SecretaryRoss
about to get all tweets newer than ID #958863938015387659 for account
@SecondLady
about to get all tweets newer than ID #959072201545744384 for account
@Scaramucci
about to get all tweets newer than ID #959096994462609408 for account
@SecretaryCarson
about to get all tweets newer than ID #958941024918753280 for account @Scavino45
getting all tweets before ID #948172350704488448
    ...400 tweets downloaded so far


New tweet from Scavino45: More #PelosiCrumbs‼️

@UPS: “We’re investing $12
billion to serve you better and more efficiently, and about $13,00…
https://t.co/TzEzO3i5Gd

archiving URL http://twitter.com/Scavino45/status/959115939378802689
    ... archiving using prefix http://web.archive.org/save/
about to get all tweets newer than ID #959104539667386368 for account
@KellyannePolls

archiving URL https://twitter.com/Scavino45/status/959115939378802689
    ... archiving using prefix http://web.archive.org/save/
about to get all tweets newer than ID #898632795517403136 for account
@GeneralJFKellly
ERROR: unable to get tweets for account @GeneralJFKellly
           the system said: Not authorized.
about to get all tweets newer than ID #958838238030057472 for account
@JessicaDitto45
about to get all tweets newer than ID #-1 for account @ElaineChao
about to get all tweets newer than ID #830074939298414592 for account
@RepTomPrice
about to get all tweets newer than ID #836780744810844161 for account
@StephenMillerAL
about to get all tweets newer than ID #856041462164836355 for account
@FirstLadyIN
ERROR: unable to get tweets for account @FirstLadyIN
           the system said: Failed to parse JSON payload: Unterminated string
starting at: line 1 column 506708 (char 506707)
about to get all tweets newer than ID #958756838727700480 for account
@stevenmnuchin1
about to get all tweets newer than ID #832282841471918080 for account
@BetsyDeVos
about to get all tweets newer than ID #913881045652688901 for account
@SecPriceMD
about to get all tweets newer than ID #816846808789958656 for account
@SenDanCoats
ERROR: unable to get tweets for account @SenDanCoats
           the system said: Failed to parse JSON payload: Unterminated string
starting at: line 1 column 509844 (char 509843)
about to get all tweets newer than ID #959034299222843394 for account
@realDonaldTrump
about to get all tweets newer than ID #957383382358528001 for account
@TomBossert45
ERROR: unable to get tweets for account @TomBossert45
           the system said: Failed to parse JSON payload: Unterminated string
starting at: line 1 column 506937 (char 506936)
about to get all tweets newer than ID #958118563843334144 for account
@IvankaTrumpHQ
about to get all tweets newer than ID #959031160708980742 for account @PressSec
about to get all tweets newer than ID #958817190525984773 for account @POTUS
about to get all tweets newer than ID #816290296048873472 for account
@WilburRoss
about to get all tweets newer than ID #959105438468968449 for account
@SecShulkin
about to get all tweets newer than ID #958745218832130050 for account
@StephGrisham45
ERROR: unable to get tweets for account @StephGrisham45
           the system said: Failed to parse JSON payload: Expecting ':'
delimiter: line 1 column 507131 (char 507130)
about to get all tweets newer than ID #958720276757401600 for account @PRyan
about to get all tweets newer than ID #959104529861050368 for account
@EPAScottPruitt
ERROR: unable to get tweets for account @EPAScottPruitt
           the system said: Failed to parse JSON payload: Expecting ','
delimiter: line 1 column 502572 (char 502571)
about to get all tweets newer than ID #955254388423118849 for account
@GovernorPerry
about to get all tweets newer than ID #959077396845654016 for account @VP
about to get all tweets newer than ID #959112897552175105 for account
@SecretaryAcosta
about to get all tweets newer than ID #959107839301009408 for account
@RealBenCarson
about to get all tweets newer than ID #959108128708153344 for account
@AshLeeStrong
about to get all tweets newer than ID #958090523364986887 for account
@MickMulvaneyOMB
about to get all tweets newer than ID #959111372050190336 for account
@WhiteHouse
about to get all tweets newer than ID #954948632666693632 for account
@DanScavino
about to get all tweets newer than ID #959091589359591425 for account
@SecretaryPerry
... OK, we're set up, and about to watch 108471631, 803703725730779136,
827258161841135623, 37666984, 842072478834909184, 18916432, 22203756, 20733972,
65522706, 29547260, 818876014390603776, 20776147, 15985455, 828997388920619008,
52544275, 819992522109894658, 826065858548133888, 836305915452272641,
822127086194348032, 24578794, 828613457020870657, 823367015830323201, 471672239,
 892173412818354177, 836724024688410625, 105267762, 6577802, 728361177986797568,
 1923451808, 799764016885329921, 599530439, 829782369670410240, 212262370,
25073877, 866746592853979137, 798195585824104449, 818927131883356161,
822215679726100480, 809836066316451840, 831482588246196225, 823638938590085124,
733751245, 832672006113931269, 18906561, 818910970567344128, 819980276570976256,
 1180379185, 296060169, 888031054141022209, 822215673812119553, 620571475,
830128820447539208


New tweet from WhiteHouse: Watch LIVE as President Trump delivers remarks to
the 2018 House and Senate Republican Member Conference:… https://t.co/ORA9Bnptnu

archiving URL http://twitter.com/WhiteHouse/status/959120956370321409
    ... archiving using prefix http://web.archive.org/save/

archiving URL https://twitter.com/WhiteHouse/status/959120956370321409
    ... archiving using prefix http://web.archive.org/save/


New tweet from SpeakerRyan: RT @WhiteHouse: Watch LIVE as President Trump
delivers remarks to the 2018 House and Senate Republican Member Conference:
https://t.co/VYCA…

archiving URL http://twitter.com/SpeakerRyan/status/959121027790983168
    ... archiving using prefix http://web.archive.org/save/

archiving URL https://twitter.com/SpeakerRyan/status/959121027790983168
    ... archiving using prefix http://web.archive.org/save/
WARNING: received error ('Connection broken: IncompleteRead(0 bytes read, 512
more expected)', IncompleteRead(0 bytes read, 512 more expected)); sleeping and
trying again ...


New tweet from Scaramucci: Looking forward to it! Hope you can join us!
https://t.co/QkmDxs2PYY

archiving URL http://twitter.com/Scaramucci/status/959125043933564928
    ... archiving using prefix http://web.archive.org/save/

archiving URL https://twitter.com/Scaramucci/status/959125043933564928
    ... archiving using prefix http://web.archive.org/save/
WARNING: received error ('Connection broken: IncompleteRead(0 bytes read, 976
more expected)', IncompleteRead(0 bytes read, 976 more expected)); sleeping and
trying again ...
WARNING: received error ('Connection broken: IncompleteRead(0 bytes read, 512
more expected)', IncompleteRead(0 bytes read, 512 more expected)); sleeping and
trying again ...


New tweet from AshLeeStrong: AP: “Tax bill beginning to deliver bigger
paychecks to workers”

https://t.co/bJWxlhWCDq

archiving URL http://twitter.com/AshLeeStrong/status/959128558902923264
    ... archiving using prefix http://web.archive.org/save/

archiving URL https://twitter.com/AshLeeStrong/status/959128558902923264
    ... archiving using prefix http://web.archive.org/save/


New tweet from AshLeeStrong: Promises plus!

archiving URL http://twitter.com/AshLeeStrong/status/959128925027864577
    ... archiving using prefix http://web.archive.org/save/

archiving URL https://twitter.com/AshLeeStrong/status/959128925027864577
    ... archiving using prefix http://web.archive.org/save/


New tweet from PRyan: Happy February! 9 out of 10 Americans are going to see
more money in their paychecks starting this month thanks to…
https://t.co/6w2D15eQpc

archiving URL http://twitter.com/PRyan/status/959131739049398272
    ... archiving using prefix http://web.archive.org/save/

archiving URL https://twitter.com/PRyan/status/959131739049398272
    ... archiving using prefix http://web.archive.org/save/


New tweet from IvankaTrump: Lowes joins the 250+ list of companies offering
bonuses and expanding family benefits for employees as a result of…
https://t.co/W60yiT2rtY

archiving URL http://twitter.com/IvankaTrump/status/959131961943085056
    ... archiving using prefix http://web.archive.org/save/

archiving URL https://twitter.com/IvankaTrump/status/959131961943085056
    ... archiving using prefix http://web.archive.org/save/


New tweet from WhiteHouse: "In his first State of the Union speech, President
Trump did exactly what he needed to: He gave a magnificent speec…
https://t.co/1qoNGXdaHm

archiving URL http://twitter.com/WhiteHouse/status/959133761836404736
    ... archiving using prefix http://web.archive.org/save/

archiving URL https://twitter.com/WhiteHouse/status/959133761836404736
    ... archiving using prefix http://web.archive.org/save/


New tweet from SpeakerRyan: Thank you, @POTUS, for joining @HouseGOP and
@SenateGOP today and for laying out a bold agenda for 2018.
https://t.co/cmPhZr8Moq

archiving URL http://twitter.com/SpeakerRyan/status/959134767412404224
    ... archiving using prefix http://web.archive.org/save/

archiving URL https://twitter.com/SpeakerRyan/status/959134767412404224
    ... archiving using prefix http://web.archive.org/save/


New tweet from stevenmnuchin1: Met with Chinese Minister of Finance Xiao Jie.
Productive meeting discussing the need for free &amp; fair trade between…
https://t.co/KPdOlF4ak9

archiving URL http://twitter.com/stevenmnuchin1/status/959135228341125122
    ... archiving using prefix http://web.archive.org/save/

archiving URL https://twitter.com/stevenmnuchin1/status/959135228341125122
    ... archiving using prefix http://web.archive.org/save/


New tweet from Scaramucci: Atlanta Federal Reserve predicts U.S. economy will
grow 5.4% in Q1 - which would be the best quarter since the econ…
https://t.co/LJYkLFnnxb

archiving URL http://twitter.com/Scaramucci/status/959138213154689030
    ... archiving using prefix http://web.archive.org/save/

archiving URL https://twitter.com/Scaramucci/status/959138213154689030
    ... archiving using prefix http://web.archive.org/save/
WARNING: received error ('Connection broken: IncompleteRead(0 bytes read, 512
more expected)', IncompleteRead(0 bytes read, 512 more expected)); sleeping and
trying again ...
