Hello, traveler. This is the beginning of a log file called: "Fascist Tweet Archiver".
Some basic system info about the host machine: posix.uname_result(sysname='Linux', nodename='file-server', release='3.16.0-6-686-pae', version='#1 SMP Debian 3.16.57-2 (2018-07-14)', machine='i686')
This log was begun Thursday, 09 August 2018 at 02:00



INFO: read target account data; we're tracking 59 accounts
WARNING: no ProtocolError (got exception "name 'ProtocolError' is not defined");
 trying requests.packages.urllib3.exceptions instead
NOTE: successfully imported from requests
Starting up...
about to get all tweets newer than ID #1027289981323304961 for account
@DepSecHargan
about to get all tweets newer than ID #-1 for account @jaredkushner
about to get all tweets newer than ID #1027268792542539776 for account
@DanScavino
about to get all tweets newer than ID #1027390413567655941 for account
@seanspicer
about to get all tweets newer than ID #994396943421001728 for account
@TomBossert45
about to get all tweets newer than ID #1014519079284199424 for account
@EPAScottPruitt
ERROR: unable to get tweets for account @EPAScottPruitt
           the system said: [{'code': 34, 'message': 'Sorry, that page does not
exist.'}]
about to get all tweets newer than ID #1027315648899293184 for account
@SecretaryPerry
about to get all tweets newer than ID #816290296048873472 for account
@WilburRoss
about to get all tweets newer than ID #1024829935238750208 for account
@AshLeeStrong
about to get all tweets newer than ID #1027345106641330176 for account
@SecNielsen
about to get all tweets newer than ID #832282841471918080 for account
@BetsyDeVos
about to get all tweets newer than ID #1026613666874097664 for account
@AmbJohnBolton
about to get all tweets newer than ID #1027034417146093568 for account @PRyan
about to get all tweets newer than ID #1027154081457037312 for account
@JessicaDitto45
about to get all tweets newer than ID #1027379432238055425 for account @SecAzar
about to get all tweets newer than ID #1027267130625077250 for account
@statedeptspox
about to get all tweets newer than ID #1025423091822997505 for account
@MickMulvaneyOMB
about to get all tweets newer than ID #1026491173878288384 for account @Comey
about to get all tweets newer than ID #1027363670496604162 for account @VP
about to get all tweets newer than ID #954801265732661248 for account
@MELANIATRUMP
about to get all tweets newer than ID #830074939298414592 for account
@RepTomPrice
about to get all tweets newer than ID #1027324203031248898 for account @POTUS
about to get all tweets newer than ID #1026874523826761729 for account
@SecondLady
about to get all tweets newer than ID #1027266105797238791 for account
@realDonaldTrump
about to get all tweets newer than ID #1026563833039659009 for account
@StephGrisham45
about to get all tweets newer than ID #1021844939473387520 for account
@IvankaTrumpHQ
about to get all tweets newer than ID #1027234212007567361 for account
@SecretaryCarson
about to get all tweets newer than ID #1027340732477128704 for account
@mike_pence
about to get all tweets newer than ID #1027147579124011008 for account
@SecretaryAcosta
about to get all tweets newer than ID #1027250351269969920 for account
@SecretaryZinke
about to get all tweets newer than ID #1027255620918013952 for account
@SecretaryRoss
about to get all tweets newer than ID #1025715874391568385 for account
@BetsyDeVosED
about to get all tweets newer than ID #1027222910770003968 for account
@EnergyDepSec
about to get all tweets newer than ID #913881045652688901 for account
@SecPriceMD
about to get all tweets newer than ID #1027262766481133574 for account @FLOTUS
about to get all tweets newer than ID #1026875315426140160 for account @PressSec
about to get all tweets newer than ID #824610180881117184 for account
@GovPenceIN
about to get all tweets newer than ID #1027032901299396610 for account
@RealBenCarson
about to get all tweets newer than ID #890659905798983680 for account @Reince45
ERROR: unable to get tweets for account @Reince45
           the system said: Not authorized.
about to get all tweets newer than ID #856041462164836355 for account
@FirstLadyIN
about to get all tweets newer than ID #978650205192044545 for account
@SecShulkin
about to get all tweets newer than ID #1026499587652108288 for account @Cabinet
about to get all tweets newer than ID #1026904406455926784 for account
@SpeakerRyan
about to get all tweets newer than ID #1027335632111251458 for account
@nikkihaley
about to get all tweets newer than ID #-1 for account @ElaineChao
about to get all tweets newer than ID #1027425686565396485 for account
@Scaramucci
about to get all tweets newer than ID #903694300306923521 for account
@SecElaineChao
about to get all tweets newer than ID #1024348660753149952 for account
@KellyannePolls
about to get all tweets newer than ID #816846808789958656 for account
@SenDanCoats
about to get all tweets newer than ID #1003795765028884485 for account
@Linda_McMahon
about to get all tweets newer than ID #1027313660358737920 for account @SBALinda
about to get all tweets newer than ID #836780744810844161 for account
@StephenMillerAL
about to get all tweets newer than ID #1024306290342993920 for account
@stevenmnuchin1
about to get all tweets newer than ID #1024712872360693760 for account
@GovernorPerry
about to get all tweets newer than ID #1027345971708157953 for account
@WhiteHouse
about to get all tweets newer than ID #1027044832391389184 for account
@Scavino45
about to get all tweets newer than ID #1026841571717734400 for account
@SecretarySonny
about to get all tweets newer than ID #1027296791375634435 for account
@IvankaTrump
about to get all tweets newer than ID #1024362632340557824 for account @Reince
... OK, we're set up, and about to watch 920035992073064450, 29547260,
620571475, 20776147, 866746592853979137, 832672006113931269, 830128820447539208,
 809836066316451840, 296060169, 935148134505828353, 599530439, 118756393,
733751245, 836724024688410625, 956283913835614208, 1967216306,
888031054141022209, 2334193741, 818910970567344128, 108471631, 6577802,
822215679726100480, 822127086194348032, 25073877, 823638938590085124,
798195585824104449, 828613457020870657, 22203756, 819980276570976256,
827258161841135623, 836305915452272641, 828997388920619008, 894923298374651904,
829782369670410240, 818876014390603776, 818927131883356161, 15985455,
1180379185, 803703725730779136, 1923451808, 831482588246196225,
818928162449068032, 18916432, 37666984, 105267762, 24578794, 826065858548133888,
 471672239, 212262370, 65522706, 819992522109894658, 728361177986797568,
799764016885329921, 18906561, 822215673812119553, 823367015830323201,
842072478834909184, 52544275, 20733972


New tweet from SecretaryAcosta: 932,000 new jobs have been created in goods-
producing industries since @POTUS’s election – including 431,000 new co…
https://t.co/ZeDXIxyeCj

archiving URL http://twitter.com/SecretaryAcosta/status/1027509947045761024
    ... archiving using prefix http://web.archive.org/save/

archiving URL https://twitter.com/SecretaryAcosta/status/1027509947045761024
    ... archiving using prefix http://web.archive.org/save/


New tweet from JessicaDitto45: RT @IvankaTrump: Great day w/ Rep @RodneyDavis
visiting the @lewisandclarkcc Weber Workforce Center &amp; highlighting the
importance of skills…

archiving URL http://twitter.com/JessicaDitto45/status/1027511174361956353
    ... archiving using prefix http://web.archive.org/save/

archiving URL https://twitter.com/JessicaDitto45/status/1027511174361956353
    ... archiving using prefix http://web.archive.org/save/


New tweet from JessicaDitto45: RT @SecretaryAcosta: 932,000 new jobs have been
 created in goods-producing industries since @POTUS’s election – including
431,000 new const…

archiving URL http://twitter.com/JessicaDitto45/status/1027519625205108736
    ... archiving using prefix http://web.archive.org/save/


New tweet from JessicaDitto45: RT @WhiteHouse: In the first 5 years of
Obamacare’s full implementation, insurance premiums more than doubled. Over 52%
of American countie…

archiving URL http://twitter.com/JessicaDitto45/status/1027519677084381184
    ... archiving using prefix http://web.archive.org/save/

archiving URL https://twitter.com/JessicaDitto45/status/1027519677084381184
    ... archiving using prefix http://web.archive.org/save/

archiving URL https://twitter.com/JessicaDitto45/status/1027519625205108736
    ... archiving using prefix http://web.archive.org/save/


New tweet from SBALinda: The #SBAIgniteTour is on the road again! En route to
@SBA_EasternPA @SBAmidatlantic for stop #53 out of our 68…
https://t.co/7YWiz1YrJo

archiving URL http://twitter.com/SBALinda/status/1027523484900122624
    ... archiving using prefix http://web.archive.org/save/

archiving URL https://twitter.com/SBALinda/status/1027523484900122624
    ... archiving using prefix http://web.archive.org/save/


New tweet from WhiteHouse: In June 2017, President @realDonaldTrump revived
the National Space Council after a 24-year hiatus—bolstering Ameri…
https://t.co/ceVgjL1bcZ

archiving URL http://twitter.com/WhiteHouse/status/1027529679278882816
    ... archiving using prefix http://web.archive.org/save/

archiving URL https://twitter.com/WhiteHouse/status/1027529679278882816
    ... archiving using prefix http://web.archive.org/save/
WARNING: received error ('Connection broken: IncompleteRead(0 bytes read, 512
more expected)', IncompleteRead(0 bytes read, 512 more expected)); sleeping and
trying again ...
