Hello, traveler. This is the beginning of a log file called: "Fascist Tweet Archiver".
Some basic system info about the host machine: posix.uname_result(sysname='Linux', nodename='file-server', release='3.16.0-5-686-pae', version='#1 SMP Debian 3.16.51-3+deb8u1 (2018-01-08)', machine='i686')
This log was begun Sunday, 15 April 2018 at 19:03



INFO: read target account data; we're tracking 59 accounts
WARNING: no ProtocolError (got exception "name 'ProtocolError' is not defined");
 trying requests.packages.urllib3.exceptions instead
NOTE: successfully imported from requests
Starting up...
about to get all tweets newer than ID #985168153197056000 for account @FLOTUS
about to get all tweets newer than ID #903694300306923521 for account
@SecElaineChao
about to get all tweets newer than ID #985179824258994176 for account
@SecNielsen
ERROR: unable to get tweets for account @SecNielsen
           the system said: Failed to parse JSON payload: Unterminated string
starting at: line 1 column 605379 (char 605378)
about to get all tweets newer than ID #985159525647994880 for account
@SecondLady
ERROR: unable to get tweets for account @SecondLady
           the system said: Failed to parse JSON payload: Expecting ','
delimiter: line 1 column 608315 (char 608314)
about to get all tweets newer than ID #985668707866300422 for account @VP
getting all tweets before ID #971181553098338303
    ...400 tweets downloaded so far


New tweet from VP: Karen and I are praying for Barbara Bush and the entire
Bush family tonight.

archiving URL http://twitter.com/VP/status/985681621419548677
    ... archiving using prefix http://web.archive.org/save/
about to get all tweets newer than ID #984898890867662849 for account
@SecretaryPerry

archiving URL https://twitter.com/VP/status/985681621419548677
    ... archiving using prefix http://web.archive.org/save/
about to get all tweets newer than ID #983854772305448960 for account
@mike_pence
about to get all tweets newer than ID #973198296897466368 for account
@Linda_McMahon
about to get all tweets newer than ID #-1 for account @jaredkushner
about to get all tweets newer than ID #983500045436772353 for account
@RealBenCarson
about to get all tweets newer than ID #984774893953867776 for account @Cabinet
about to get all tweets newer than ID #985519308561362950 for account @PressSec
ERROR: unable to get tweets for account @PressSec
           the system said: Failed to parse JSON payload: Unterminated string
starting at: line 1 column 601874 (char 601873)
about to get all tweets newer than ID #985617793440772101 for account
@KellyannePolls
ERROR: unable to get tweets for account @KellyannePolls
           the system said: Failed to parse JSON payload: Unterminated string
starting at: line 1 column 604440 (char 604439)
about to get all tweets newer than ID #963927915284062209 for account
@SecretaryRoss
about to get all tweets newer than ID #890659905798983680 for account @Reince45
ERROR: unable to get tweets for account @Reince45
           the system said: Not authorized.
about to get all tweets newer than ID #984131466362699777 for account @PRyan
about to get all tweets newer than ID #-1 for account @ElaineChao
about to get all tweets newer than ID #979056009904885762 for account
@IvankaTrumpHQ
about to get all tweets newer than ID #984840188772962304 for account @SBALinda
about to get all tweets newer than ID #836780744810844161 for account
@StephenMillerAL
about to get all tweets newer than ID #985623933008449536 for account
@WhiteHouse
ERROR: unable to get tweets for account @WhiteHouse
           the system said: Failed to parse JSON payload: Unterminated string
starting at: line 1 column 607350 (char 607349)
about to get all tweets newer than ID #985681040403550208 for account
@Scaramucci
about to get all tweets newer than ID #985603718778445825 for account
@statedeptspox
about to get all tweets newer than ID #984586337704644609 for account
@DanScavino
about to get all tweets newer than ID #985540606003904512 for account
@AshLeeStrong
about to get all tweets newer than ID #832282841471918080 for account
@BetsyDeVos
about to get all tweets newer than ID #984830914378305536 for account
@stevenmnuchin1
about to get all tweets newer than ID #984820654573850624 for account
@SecretaryAcosta
about to get all tweets newer than ID #816846808789958656 for account
@SenDanCoats
about to get all tweets newer than ID #978650205192044545 for account
@SecShulkin
about to get all tweets newer than ID #985584806108057602 for account
@nikkihaley
about to get all tweets newer than ID #954801265732661248 for account
@MELANIATRUMP
about to get all tweets newer than ID #981954374133075968 for account
@MickMulvaneyOMB
about to get all tweets newer than ID #985649127039098881 for account
@SpeakerRyan
about to get all tweets newer than ID #984890764764336128 for account
@EnergyDepSec
about to get all tweets newer than ID #816290296048873472 for account
@WilburRoss
about to get all tweets newer than ID #982954315387195394 for account
@AmbJohnBolton
about to get all tweets newer than ID #985529299905187840 for account
@realDonaldTrump
about to get all tweets newer than ID #985501808608141312 for account
@SecretaryZinke
about to get all tweets newer than ID #830074939298414592 for account
@RepTomPrice
about to get all tweets newer than ID #984872152246693888 for account
@BetsyDeVosED
ERROR: unable to get tweets for account @BetsyDeVosED
           the system said: Failed to parse JSON payload: Unterminated string
starting at: line 1 column 618448 (char 618447)
about to get all tweets newer than ID #985655361486118912 for account @SecAzar
about to get all tweets newer than ID #983907190493908992 for account
@TomBossert45
about to get all tweets newer than ID #985302079534182400 for account
@SecretarySonny
about to get all tweets newer than ID #984245559543386113 for account @Reince
about to get all tweets newer than ID #982452105276481536 for account
@GovernorPerry
about to get all tweets newer than ID #984878181823012864 for account
@SecretaryCarson
about to get all tweets newer than ID #824610180881117184 for account
@GovPenceIN
about to get all tweets newer than ID #985364479105028096 for account @Scavino45
about to get all tweets newer than ID #985602879674339329 for account
@IvankaTrump
about to get all tweets newer than ID #984869727678926848 for account
@DepSecHargan
about to get all tweets newer than ID #913881045652688901 for account
@SecPriceMD
about to get all tweets newer than ID #985568015029886979 for account @Comey
about to get all tweets newer than ID #985498117587030017 for account @POTUS
about to get all tweets newer than ID #985161535894024192 for account
@StephGrisham45
about to get all tweets newer than ID #985263371082780673 for account
@seanspicer
about to get all tweets newer than ID #856041462164836355 for account
@FirstLadyIN
about to get all tweets newer than ID #984890216510033921 for account
@EPAScottPruitt
about to get all tweets newer than ID #985572782489686024 for account
@JessicaDitto45
... OK, we're set up, and about to watch 818876014390603776, 826065858548133888,
 935148134505828353, 822127086194348032, 818910970567344128, 830128820447539208,
 22203756, 65522706, 29547260, 1180379185, 818928162449068032,
818927131883356161, 471672239, 836305915452272641, 803703725730779136,
733751245, 105267762, 798195585824104449, 819992522109894658,
728361177986797568, 822215673812119553, 24578794, 1967216306, 620571475,
296060169, 599530439, 799764016885329921, 819980276570976256, 212262370,
831482588246196225, 37666984, 108471631, 888031054141022209, 18916432,
894923298374651904, 809836066316451840, 118756393, 25073877, 827258161841135623,
 6577802, 828997388920619008, 956283913835614208, 866746592853979137,
842072478834909184, 20733972, 18906561, 828613457020870657, 15985455,
823367015830323201, 52544275, 920035992073064450, 829782369670410240,
2334193741, 822215679726100480, 823638938590085124, 20776147, 1923451808,
832672006113931269, 836724024688410625
