Hello, traveler. This is the beginning of a log file called: "Fascist Tweet Archiver".
Some basic system info about the host machine: posix.uname_result(sysname='Linux', nodename='file-server', release='3.16.0-6-686-pae', version='#1 SMP Debian 3.16.56-1+deb8u1 (2018-05-08)', machine='i686')
This log was begun Sunday, 10 June 2018 at 06:49



INFO: read target account data; we're tracking 59 accounts
WARNING: no ProtocolError (got exception "name 'ProtocolError' is not defined");
 trying requests.packages.urllib3.exceptions instead
NOTE: successfully imported from requests
Starting up...
about to get all tweets newer than ID #1004472039615410176 for account
@GovernorPerry
about to get all tweets newer than ID #1003795765028884485 for account
@Linda_McMahon
about to get all tweets newer than ID #978650205192044545 for account
@SecShulkin
about to get all tweets newer than ID #1005136727751692288 for account @Cabinet
about to get all tweets newer than ID #1005586562959093760 for account
@realDonaldTrump
about to get all tweets newer than ID #1005507696605454342 for account
@JessicaDitto45
about to get all tweets newer than ID #-1 for account @jaredkushner
about to get all tweets newer than ID #1004750620920811522 for account
@BetsyDeVosED
about to get all tweets newer than ID #1005153070446235648 for account
@SecondLady
about to get all tweets newer than ID #1005602498105806848 for account @POTUS
about to get all tweets newer than ID #1005193646738690048 for account @SBALinda
ERROR: unable to get tweets for account @SBALinda
           the system said: Failed to parse JSON payload: Unterminated string
starting at: line 1 column 612658 (char 612657)
about to get all tweets newer than ID #1004445272913666048 for account
@EnergyDepSec
about to get all tweets newer than ID #1005218098398547969 for account
@EPAScottPruitt
about to get all tweets newer than ID #1005199253671743489 for account
@IvankaTrump
about to get all tweets newer than ID #1004919431217152001 for account
@DanScavino
about to get all tweets newer than ID #1005667144841850881 for account @PressSec
about to get all tweets newer than ID #1003255393374613504 for account @Reince
about to get all tweets newer than ID #1005787181280104448 for account
@seanspicer
about to get all tweets newer than ID #954801265732661248 for account
@MELANIATRUMP
about to get all tweets newer than ID #1002993456845852672 for account
@RealBenCarson
about to get all tweets newer than ID #1005469154437206016 for account
@SecretaryZinke
about to get all tweets newer than ID #1005582819786149888 for account
@mike_pence
about to get all tweets newer than ID #1004743536028286976 for account @PRyan
about to get all tweets newer than ID #1005584419304898566 for account
@AmbJohnBolton
about to get all tweets newer than ID #832282841471918080 for account
@BetsyDeVos
about to get all tweets newer than ID #1005194928455118848 for account
@SecretaryRoss
about to get all tweets newer than ID #1005792551184551937 for account
@statedeptspox
about to get all tweets newer than ID #1004886181627285504 for account
@stevenmnuchin1
about to get all tweets newer than ID #994396943421001728 for account
@TomBossert45
about to get all tweets newer than ID #1004724751758184449 for account
@IvankaTrumpHQ
about to get all tweets newer than ID #830074939298414592 for account
@RepTomPrice
about to get all tweets newer than ID #824610180881117184 for account
@GovPenceIN
about to get all tweets newer than ID #1005228631109652480 for account @SecAzar
about to get all tweets newer than ID #1005163464615084032 for account
@SecNielsen
about to get all tweets newer than ID #1005647989036273664 for account @Comey
about to get all tweets newer than ID #1004808712928755714 for account @FLOTUS
about to get all tweets newer than ID #1005541150357417984 for account
@AshLeeStrong
about to get all tweets newer than ID #913881045652688901 for account
@SecPriceMD
about to get all tweets newer than ID #1005785797251956738 for account
@Scaramucci
getting all tweets before ID #999094501137420288
    ...400 tweets downloaded so far


New tweet from Scaramucci: RT @foxandfriends: Still ahead!
@Nigel_Farage
@Scaramucci
@PlayOffense
@RLHeinrichs 
@WalteRiley
@GregPalkot
@JoeLieberman.
@seanspicer
@Ma…

archiving URL http://twitter.com/Scaramucci/status/1005797549066915840
    ... archiving using prefix http://web.archive.org/save/
about to get all tweets newer than ID #1005790385858338816 for account
@Scavino45

archiving URL https://twitter.com/Scaramucci/status/1005797549066915840
    ... archiving using prefix http://web.archive.org/save/
about to get all tweets newer than ID #836780744810844161 for account
@StephenMillerAL
about to get all tweets newer than ID #816846808789958656 for account
@SenDanCoats
about to get all tweets newer than ID #1005500602141593600 for account @VP
about to get all tweets newer than ID #890659905798983680 for account @Reince45
ERROR: unable to get tweets for account @Reince45
           the system said: Not authorized.
about to get all tweets newer than ID #1004813210309021697 for account
@StephGrisham45
about to get all tweets newer than ID #1005625819262259208 for account
@nikkihaley
about to get all tweets newer than ID #1004903666304847872 for account
@MickMulvaneyOMB
about to get all tweets newer than ID #856041462164836355 for account
@FirstLadyIN
about to get all tweets newer than ID #1005434436534591490 for account
@SecretaryAcosta
about to get all tweets newer than ID #1005059495138086912 for account
@KellyannePolls
about to get all tweets newer than ID #1005429030840135681 for account
@DepSecHargan
about to get all tweets newer than ID #1005258613026324486 for account
@SecretaryPerry
about to get all tweets newer than ID #1005516822714699776 for account
@SpeakerRyan
about to get all tweets newer than ID #1005558362098941952 for account
@WhiteHouse
about to get all tweets newer than ID #1005522200248582149 for account
@SecretarySonny
about to get all tweets newer than ID #816290296048873472 for account
@WilburRoss
about to get all tweets newer than ID #903694300306923521 for account
@SecElaineChao
about to get all tweets newer than ID #-1 for account @ElaineChao
about to get all tweets newer than ID #1005185285498515457 for account
@SecretaryCarson
... OK, we're set up, and about to watch 18906561, 65522706, 831482588246196225,
 818928162449068032, 25073877, 836724024688410625, 29547260, 828997388920619008,
 822127086194348032, 822215679726100480, 819992522109894658, 894923298374651904,
 832672006113931269, 52544275, 620571475, 818927131883356161, 20733972,
20776147, 108471631, 1180379185, 827258161841135623, 22203756, 733751245,
118756393, 599530439, 836305915452272641, 1967216306, 799764016885329921,
866746592853979137, 798195585824104449, 6577802, 15985455, 956283913835614208,
935148134505828353, 2334193741, 818876014390603776, 296060169,
829782369670410240, 24578794, 823367015830323201, 728361177986797568, 212262370,
 818910970567344128, 803703725730779136, 823638938590085124, 37666984,
888031054141022209, 1923451808, 819980276570976256, 471672239,
920035992073064450, 830128820447539208, 18916432, 822215673812119553,
842072478834909184, 809836066316451840, 826065858548133888, 105267762,
828613457020870657


New tweet from WhiteHouse: RT @jdgreenblatt45: Please read my op-ed regarding
Saeb Erekat. https://t.co/PyFUx4oZPA

archiving URL http://twitter.com/WhiteHouse/status/1005801607458672640
    ... archiving using prefix http://web.archive.org/save/

archiving URL https://twitter.com/WhiteHouse/status/1005801607458672640
    ... archiving using prefix http://web.archive.org/save/


New tweet from WhiteHouse: President Trump led America’s return to leadership
on the international stage, while prioritizing America’s interes…
https://t.co/mLyW5MKFm2

archiving URL http://twitter.com/WhiteHouse/status/1005807296050552832
    ... archiving using prefix http://web.archive.org/save/

archiving URL https://twitter.com/WhiteHouse/status/1005807296050552832
    ... archiving using prefix http://web.archive.org/save/


New tweet from IvankaTrump: “Walk tall, walk straight and look the world right
 in the eye.” -Val Doonican

archiving URL http://twitter.com/IvankaTrump/status/1005809679308656640
    ... archiving using prefix http://web.archive.org/save/

archiving URL https://twitter.com/IvankaTrump/status/1005809679308656640
    ... archiving using prefix http://web.archive.org/save/


New tweet from POTUS: RT @WhiteHouse: President Trump led America’s return to
leadership on the international stage, while prioritizing America’s interests.
Rea…

archiving URL http://twitter.com/POTUS/status/1005817902669410304
    ... archiving using prefix http://web.archive.org/save/


New tweet from WhiteHouse: RT @PressSec: .@POTUS arrives in Singapore for
meeting with North Korean Leader Kim Jong Un. https://t.co/qj2S0mtEJ9

archiving URL http://twitter.com/WhiteHouse/status/1005817910802165760
    ... archiving using prefix http://web.archive.org/save/

archiving URL https://twitter.com/POTUS/status/1005817902669410304
    ... archiving using prefix http://web.archive.org/save/

archiving URL https://twitter.com/WhiteHouse/status/1005817910802165760
    ... archiving using prefix http://web.archive.org/save/


New tweet from Scaramucci: Got Free Trade EU? @ford Mustang in US is $26,000
in Germany because of 14.5% Tariff and other taxes $46,000 or 39,…
https://t.co/mNWo6g825S

archiving URL http://twitter.com/Scaramucci/status/1005824175427244032
    ... archiving using prefix http://web.archive.org/save/

archiving URL https://twitter.com/Scaramucci/status/1005824175427244032
    ... archiving using prefix http://web.archive.org/save/


New tweet from SecretaryZinke: RT @PressSec: .@POTUS arrives in Singapore for
meeting with North Korean Leader Kim Jong Un. https://t.co/qj2S0mtEJ9

archiving URL http://twitter.com/SecretaryZinke/status/1005824922923479045
    ... archiving using prefix http://web.archive.org/save/

archiving URL https://twitter.com/SecretaryZinke/status/1005824922923479045
    ... archiving using prefix http://web.archive.org/save/


New tweet from Scaramucci: .@benrhodes impressive interview w/
⁦@FareedZakaria⁩ @cnn I will read the book.  https://t.co/TBnUolRNx0

archiving URL http://twitter.com/Scaramucci/status/1005826771185537026
    ... archiving using prefix http://web.archive.org/save/

archiving URL https://twitter.com/Scaramucci/status/1005826771185537026
    ... archiving using prefix http://web.archive.org/save/


New tweet from Scaramucci: RT @foxandfriends: .@Scaramucci: For 75 years we
un-evened the trade playing fields in order to help countries grow after WWII,
President T…

archiving URL http://twitter.com/Scaramucci/status/1005827547492507648
    ... archiving using prefix http://web.archive.org/save/

archiving URL https://twitter.com/Scaramucci/status/1005827547492507648
    ... archiving using prefix http://web.archive.org/save/


New tweet from seanspicer: RT @foxandfriends: .@seanspicer: President Trump is
 willing to pull out of a deal or pull out of a meeting - that’s what makes him
unpredic…

archiving URL http://twitter.com/seanspicer/status/1005832085725118465
    ... archiving using prefix http://web.archive.org/save/

archiving URL https://twitter.com/seanspicer/status/1005832085725118465
    ... archiving using prefix http://web.archive.org/save/
WARNING: received error HTTPSConnectionPool(host='stream.twitter.com',
port=443): Read timed out.; sleeping and trying again ...


New tweet from JessicaDitto45: RT @PressSec: .@POTUS arrives in Singapore for
meeting with North Korean Leader Kim Jong Un. https://t.co/qj2S0mtEJ9

archiving URL http://twitter.com/JessicaDitto45/status/1005846990624784384
    ... archiving using prefix http://web.archive.org/save/

archiving URL https://twitter.com/JessicaDitto45/status/1005846990624784384
    ... archiving using prefix http://web.archive.org/save/


New tweet from JessicaDitto45: RT @WhiteHouse: President Trump led America’s
return to leadership on the international stage, while prioritizing America’s
interests.

Rea…

archiving URL http://twitter.com/JessicaDitto45/status/1005847065883217921
    ... archiving using prefix http://web.archive.org/save/

archiving URL https://twitter.com/JessicaDitto45/status/1005847065883217921
    ... archiving using prefix http://web.archive.org/save/


New tweet from Scaramucci: RT @foxandfriends: “Don’t settle...follow your
instincts” -@JoeLieberman offers a word of advice to President Trump ahead of
the high-stake…

archiving URL http://twitter.com/Scaramucci/status/1005853648885252096
    ... archiving using prefix http://web.archive.org/save/

archiving URL https://twitter.com/Scaramucci/status/1005853648885252096
    ... archiving using prefix http://web.archive.org/save/


New tweet from SecretaryZinke: RT @FoxNews: .@SecretaryZinke: "We could end
the war. It's absolutely astonishing what @POTUS has done."
https://t.co/QyXZHyPE1s

archiving URL http://twitter.com/SecretaryZinke/status/1005865989781770241
    ... archiving using prefix http://web.archive.org/save/

archiving URL https://twitter.com/SecretaryZinke/status/1005865989781770241
    ... archiving using prefix http://web.archive.org/save/
WARNING: received error HTTPSConnectionPool(host='stream.twitter.com',
port=443): Read timed out.; sleeping and trying again ...
WARNING: received error ('Connection broken: IncompleteRead(0 bytes read, 2 more
 expected)', IncompleteRead(0 bytes read, 2 more expected)); sleeping and trying
 again ...
WARNING: received error HTTPSConnectionPool(host='stream.twitter.com',
port=443): Read timed out.; sleeping and trying again ...


New tweet from Scaramucci: RT @KSLcom: "Whatever the disagreements have been,
I think (@MittRomney and @realDonaldTrump have) put them behind each other,"
@Scaramucci…

archiving URL http://twitter.com/Scaramucci/status/1005892266513313792
    ... archiving using prefix http://web.archive.org/save/

archiving URL https://twitter.com/Scaramucci/status/1005892266513313792
    ... archiving using prefix http://web.archive.org/save/
WARNING: received error HTTPSConnectionPool(host='stream.twitter.com',
port=443): Read timed out.; sleeping and trying again ...


New tweet from SpeakerRyan: Had the pleasure of meeting Kayla a few months
back. She truly is an inspiration to all of us and a great advocate…
https://t.co/FuNHWLStzb

archiving URL http://twitter.com/SpeakerRyan/status/1005915341292232704
    ... archiving using prefix http://web.archive.org/save/

archiving URL https://twitter.com/SpeakerRyan/status/1005915341292232704
    ... archiving using prefix http://web.archive.org/save/


New tweet from AshLeeStrong: RT @michael_steel: GOP candidates have to connect
 the good economy with our policies like #taxreform ... #2018Midterms
https://t.co/sQKHcck…

archiving URL http://twitter.com/AshLeeStrong/status/1005919931689521153
    ... archiving using prefix http://web.archive.org/save/

archiving URL https://twitter.com/AshLeeStrong/status/1005919931689521153
    ... archiving using prefix http://web.archive.org/save/
INFO: handling a deletion for data:

{'delete': {'status': {'id':
1005919931689521153,
                       'id_str': '1005919931689521153',

                       'user_id': 296060169,
'user_id_str': '296060169'},
            'timestamp_ms': '1528665002850'}}
INFO: successfully dumped raw data to JSON file
INFO: We're handling a deletion notification for tweet ID# 1005919931689521153
on account AshLeeStrong
INFO: get_archived_tweet() called to get tweet ID 1005919931689521153 for
account AshLeeStrong
INFO: found a tweet!		http://web.archive.org/*/http://twitter.com/AshLeeStrong/s
tatus/1005919931689521153	RT @michael_steel: GOP candidates have to connect the
good economy with our policies like #taxreform ... #2018Midterms
https://t.co/sQKHcck…
... adding to list of deleted tweets
... added
... but we're not going to tweet about it because AshLeeStrong is not in the
list of accounts we tweet about
INFO: handling a deletion for data:

{'delete': {'status': {'id':
1005919931689521153,
                       'id_str': '1005919931689521153',

                       'user_id': 296060169,
'user_id_str': '296060169'},
            'timestamp_ms': '1528665002850'}}
INFO: successfully dumped raw data to JSON file
INFO: We're handling a deletion notification for tweet ID# 1005919931689521153
on account AshLeeStrong
INFO: get_archived_tweet() called to get tweet ID 1005919931689521153 for
account AshLeeStrong
INFO: found a tweet!		http://web.archive.org/*/http://twitter.com/AshLeeStrong/s
tatus/1005919931689521153	RT @michael_steel: GOP candidates have to connect the
good economy with our policies like #taxreform ... #2018Midterms
https://t.co/sQKHcck…
... adding to list of deleted tweets
... added
... but we're not going to tweet about it because AshLeeStrong is not in the
list of accounts we tweet about
WARNING: received error HTTPSConnectionPool(host='stream.twitter.com',
port=443): Read timed out.; sleeping and trying again ...


New tweet from Scaramucci: .@brhodes impressive interview w/ @FareedZakaria on
 @cnn. I look forward to reading the book. https://t.co/TBnUolRNx0

archiving URL http://twitter.com/Scaramucci/status/1005939403301314567
    ... archiving using prefix http://web.archive.org/save/

archiving URL https://twitter.com/Scaramucci/status/1005939403301314567
    ... archiving using prefix http://web.archive.org/save/
INFO: handling a deletion for data:

{'delete': {'status': {'id':
1005826771185537026,
                       'id_str': '1005826771185537026',

                       'user_id': 24578794,
'user_id_str': '24578794'},
            'timestamp_ms': '1528669630492'}}
INFO: successfully dumped raw data to JSON file
INFO: We're handling a deletion notification for tweet ID# 1005826771185537026
on account Scaramucci
INFO: get_archived_tweet() called to get tweet ID 1005826771185537026 for
account Scaramucci
ERROR: unable to read line "['=======']" because: need more than 1 value to
unpack.
INFO: found a tweet!		http://web.archive.org/*/http://twitter.com/Scaramucci/sta
tus/1005826771185537026	.@benrhodes impressive interview w/ ⁦@FareedZakaria⁩
@cnn I will read the book.  https://t.co/TBnUolRNx0
... adding to list of deleted tweets
... added
... but we're not going to tweet about it because Scaramucci is not in the list
of accounts we tweet about


New tweet from Scaramucci: RT @MSNBC: Hear more from @Snap CEO @evanspiegel by
 watching his whole conversation with @Recode’s @KaraSwisher
https://t.co/DTBboHBQ99 #Re…

archiving URL http://twitter.com/Scaramucci/status/1005939886107627522
    ... archiving using prefix http://web.archive.org/save/

archiving URL https://twitter.com/Scaramucci/status/1005939886107627522
    ... archiving using prefix http://web.archive.org/save/


New tweet from nikkihaley: A perfect day on the lake... #ItsAGreatDayInSC
https://t.co/heXTbE7W4Y

archiving URL http://twitter.com/nikkihaley/status/1005940029053722626
    ... archiving using prefix http://web.archive.org/save/

archiving URL https://twitter.com/nikkihaley/status/1005940029053722626
    ... archiving using prefix http://web.archive.org/save/
WARNING: received error HTTPSConnectionPool(host='stream.twitter.com',
port=443): Read timed out.; sleeping and trying again ...
WARNING: received error HTTPSConnectionPool(host='stream.twitter.com',
port=443): Read timed out.; sleeping and trying again ...
WARNING: received error HTTPSConnectionPool(host='stream.twitter.com',
port=443): Read timed out.; sleeping and trying again ...


New tweet from realDonaldTrump: RT @Scavino45: President @realDonaldTrump and
the Prime Minister of Italy, @GiuseppeConteIT at the #G7Summit in Canada...
https://t.co/lju3…

archiving URL http://twitter.com/realDonaldTrump/status/1005976591451770880
    ... archiving using prefix http://web.archive.org/save/

archiving URL https://twitter.com/realDonaldTrump/status/1005976591451770880
    ... archiving using prefix http://web.archive.org/save/


New tweet from realDonaldTrump: Fair Trade is now to be called Fool Trade if
it is not Reciprocal. According to a Canada release, they make almost…
https://t.co/Oc12IrKAq1

archiving URL http://twitter.com/realDonaldTrump/status/1005979207544000512
    ... archiving using prefix http://web.archive.org/save/

archiving URL https://twitter.com/realDonaldTrump/status/1005979207544000512
    ... archiving using prefix http://web.archive.org/save/


New tweet from Scavino45: RT @dougmillsnyt: .@realDonaldTrump walks off Air
Force One as he arrives at the Paya Lebar Air Base in Singapore where is
expected meet wi…

archiving URL http://twitter.com/Scavino45/status/1005982121989681158
    ... archiving using prefix http://web.archive.org/save/

archiving URL https://twitter.com/Scavino45/status/1005982121989681158
    ... archiving using prefix http://web.archive.org/save/


New tweet from realDonaldTrump: Why should I, as President of the United
States, allow countries to continue to make Massive Trade Surpluses, as th…
https://t.co/Tj3a7diEmk

archiving URL http://twitter.com/realDonaldTrump/status/1005982266496094209
    ... archiving using prefix http://web.archive.org/save/

archiving URL https://twitter.com/realDonaldTrump/status/1005982266496094209
    ... archiving using prefix http://web.archive.org/save/


New tweet from realDonaldTrump: ....And add to that the fact that the U.S.
pays close to the entire cost of NATO-protecting many of these same coun…
https://t.co/4DA4vwrQ5F

archiving URL http://twitter.com/realDonaldTrump/status/1005985339121504256
    ... archiving using prefix http://web.archive.org/save/

archiving URL https://twitter.com/realDonaldTrump/status/1005985339121504256
    ... archiving using prefix http://web.archive.org/save/


New tweet from realDonaldTrump: ....Germany pays 1% (slowly) of GDP towards
NATO, while we pay 4% of a MUCH larger GDP. Does anybody believe that m…
https://t.co/0HGRKefUH7

archiving URL http://twitter.com/realDonaldTrump/status/1005988633747312640
    ... archiving using prefix http://web.archive.org/save/

archiving URL https://twitter.com/realDonaldTrump/status/1005988633747312640
    ... archiving using prefix http://web.archive.org/save/


New tweet from realDonaldTrump: Great to be in Singapore, excitement in the
air!

archiving URL http://twitter.com/realDonaldTrump/status/1005989290520739845
    ... archiving using prefix http://web.archive.org/save/

archiving URL https://twitter.com/realDonaldTrump/status/1005989290520739845
    ... archiving using prefix http://web.archive.org/save/


New tweet from statedeptspox: RT @SecPompeo: Early pre-brief with my
@StateDept team. Amb Kim meets with #DPRK today. We remain committed to the
complete, verifiable, ir…

archiving URL http://twitter.com/statedeptspox/status/1005990697684660224
    ... archiving using prefix http://web.archive.org/save/

archiving URL https://twitter.com/statedeptspox/status/1005990697684660224
    ... archiving using prefix http://web.archive.org/save/


New tweet from stevenmnuchin1: RT @realDonaldTrump: ....Germany pays 1%
(slowly) of GDP towards NATO, while we pay 4% of a MUCH larger GDP. Does anybody
 believe that make…

archiving URL http://twitter.com/stevenmnuchin1/status/1005990780102762497
    ... archiving using prefix http://web.archive.org/save/

archiving URL https://twitter.com/stevenmnuchin1/status/1005990780102762497
    ... archiving using prefix http://web.archive.org/save/


New tweet from AshLeeStrong: RT @kathrynlopez: although our outer self is
wasting away, our inner self is being ­renewed day by day. For this momentary
light affliction…

archiving URL http://twitter.com/AshLeeStrong/status/1005993441522802688
    ... archiving using prefix http://web.archive.org/save/

archiving URL https://twitter.com/AshLeeStrong/status/1005993441522802688
    ... archiving using prefix http://web.archive.org/save/


New tweet from FLOTUS: Thank you @Fordstheatre &amp; the talented performers
for a special evening celebrating the arts &amp; the legacy of former…
https://t.co/BJEVmWo4dc

archiving URL http://twitter.com/FLOTUS/status/1005994726108155904
    ... archiving using prefix http://web.archive.org/save/

archiving URL https://twitter.com/FLOTUS/status/1005994726108155904
    ... archiving using prefix http://web.archive.org/save/


New tweet from PressSec: RT @SecPompeo: Early pre-brief with my @StateDept
team. Amb Kim meets with #DPRK today. We remain committed to the complete,
verifiable, ir…

archiving URL http://twitter.com/PressSec/status/1006000425680633856
    ... archiving using prefix http://web.archive.org/save/

archiving URL https://twitter.com/PressSec/status/1006000425680633856
    ... archiving using prefix http://web.archive.org/save/


New tweet from realDonaldTrump: Sorry, we cannot let our friends, or enemies,
take advantage of us on Trade anymore. We must put the American worker first!

archiving URL http://twitter.com/realDonaldTrump/status/1006003345360908295
    ... archiving using prefix http://web.archive.org/save/

archiving URL https://twitter.com/realDonaldTrump/status/1006003345360908295
    ... archiving using prefix http://web.archive.org/save/


New tweet from StephGrisham45: RT @FLOTUS: Thank you @Fordstheatre &amp; the
talented performers for a special evening celebrating the arts &amp; the legacy
of former President L…

archiving URL http://twitter.com/StephGrisham45/status/1006004003187118086
    ... archiving using prefix http://web.archive.org/save/

archiving URL https://twitter.com/StephGrisham45/status/1006004003187118086
    ... archiving using prefix http://web.archive.org/save/


New tweet from Cabinet: RT @SecPompeo: Early pre-brief with my @StateDept
team. Amb Kim meets with #DPRK today. We remain committed to the complete,
verifiable, ir…

archiving URL http://twitter.com/Cabinet/status/1006004784091074562
    ... archiving using prefix http://web.archive.org/save/

archiving URL https://twitter.com/Cabinet/status/1006004784091074562
    ... archiving using prefix http://web.archive.org/save/


New tweet from statedeptspox: RT @StateDept: .@POTUS and @SecPompeo have
arrived for the #SingaporeSummit. https://t.co/BYMkV4cZKu

archiving URL http://twitter.com/statedeptspox/status/1006009266531110914
    ... archiving using prefix http://web.archive.org/save/

archiving URL https://twitter.com/statedeptspox/status/1006009266531110914
    ... archiving using prefix http://web.archive.org/save/


New tweet from statedeptspox: RT @SecPompeo: Proud to have my @StateDept team
hard at work, meeting with #DPRK in Singapore today https://t.co/MsQnWqolwm

archiving URL http://twitter.com/statedeptspox/status/1006009594047614977
    ... archiving using prefix http://web.archive.org/save/

archiving URL https://twitter.com/statedeptspox/status/1006009594047614977
    ... archiving using prefix http://web.archive.org/save/
INFO: handling a deletion for data:

{'delete': {'status': {'id':
923348717440327680,
                       'id_str': '923348717440327680',

                       'user_id': 842072478834909184,
'user_id_str': '842072478834909184'},
            'timestamp_ms':
'1528686501599'}}
INFO: successfully dumped raw data to JSON file
INFO: We're handling a deletion notification for tweet ID# 923348717440327680 on
 account SecretarySonny
INFO: get_archived_tweet() called to get tweet ID 923348717440327680 for account
 SecretarySonny
INFO: found a tweet!		http://web.archive.org/*/http://twitter.com/SecretarySonny
/status/923348717440327680	RT @lilcolvin04: Paige Colvin, NC!! @SecretarySonny
... adding to list of deleted tweets
... added
... but we're not going to tweet about it because SecretarySonny is not in the
list of accounts we tweet about


New tweet from Scavino45: President @realDonaldTrump concluded 1:1 bilateral
meeting with Prime Minister @leehsienloong of Singapore, now hea…
https://t.co/kP7JhslgwD

archiving URL http://twitter.com/Scavino45/status/1006035555111636994
    ... archiving using prefix http://web.archive.org/save/

archiving URL https://twitter.com/Scavino45/status/1006035555111636994
    ... archiving using prefix http://web.archive.org/save/


New tweet from Scavino45: President @realDonaldTrump meeting with Prime
Minister @leehsienloong of Singapore at the Istana Palace, ahead of t…
https://t.co/QTqsgERZFv

archiving URL http://twitter.com/Scavino45/status/1006048786773356544
    ... archiving using prefix http://web.archive.org/save/

archiving URL https://twitter.com/Scavino45/status/1006048786773356544
    ... archiving using prefix http://web.archive.org/save/


New tweet from Scavino45: 🚨Happening Now:
President @realDonaldTrump with
Prime Minister @leehsienloong of Singapore at the Istana Palace, ah…
https://t.co/Q8DdTsLWrz

archiving URL http://twitter.com/Scavino45/status/1006052300471795713
    ... archiving using prefix http://web.archive.org/save/

archiving URL https://twitter.com/Scavino45/status/1006052300471795713
    ... archiving using prefix http://web.archive.org/save/
WARNING: received error HTTPSConnectionPool(host='stream.twitter.com',
port=443): Read timed out.; sleeping and trying again ...
WARNING: received error HTTPSConnectionPool(host='stream.twitter.com',
port=443): Read timed out.; sleeping and trying again ...


New tweet from Scavino45: 🚨Happening Now
President @realDonaldTrump now
speaking to U.S. Embassy Singapore (@RedWhiteBlueDot) team and their…
https://t.co/K3A8HEtjgQ

archiving URL http://twitter.com/Scavino45/status/1006060560495140866
    ... archiving using prefix http://web.archive.org/save/

archiving URL https://twitter.com/Scavino45/status/1006060560495140866
    ... archiving using prefix http://web.archive.org/save/


New tweet from Scavino45: President @realDonaldTrump and @StateDept @SecPompeo
 thank staff and their families from @RedWhiteBlueDot after del…
https://t.co/LQTWb1WScK

archiving URL http://twitter.com/Scavino45/status/1006067001096368128
    ... archiving using prefix http://web.archive.org/save/

archiving URL https://twitter.com/Scavino45/status/1006067001096368128
    ... archiving using prefix http://web.archive.org/save/
WARNING: received error HTTPSConnectionPool(host='stream.twitter.com',
port=443): Read timed out.; sleeping and trying again ...


New tweet from realDonaldTrump: Thank you Prime Minister Lee Hsien Loong!
https://t.co/8MMYGuOj8Q

archiving URL http://twitter.com/realDonaldTrump/status/1006081372912484353
    ... archiving using prefix http://web.archive.org/save/

archiving URL https://twitter.com/realDonaldTrump/status/1006081372912484353
    ... archiving using prefix http://web.archive.org/save/


New tweet from Scavino45: RT @realDonaldTrump: Thank you Prime Minister Lee
Hsien Loong! https://t.co/8MMYGuOj8Q

archiving URL http://twitter.com/Scavino45/status/1006082645959368704
    ... archiving using prefix http://web.archive.org/save/

archiving URL https://twitter.com/Scavino45/status/1006082645959368704
    ... archiving using prefix http://web.archive.org/save/


New tweet from Scavino45: President @realDonaldTrump delivering remarks to
@RedWhiteBlueDot team, and their families, in Singapore - ahead of…
https://t.co/LCIOAYSnlc

archiving URL http://twitter.com/Scavino45/status/1006083707588042752
    ... archiving using prefix http://web.archive.org/save/

archiving URL https://twitter.com/Scavino45/status/1006083707588042752
    ... archiving using prefix http://web.archive.org/save/
WARNING: received error HTTPSConnectionPool(host='stream.twitter.com',
port=443): Read timed out.; sleeping and trying again ...


New tweet from statedeptspox: .⁦@SecPompeo⁩ updates reporters covering
#SingaporeSummit ⁦@StateDept⁩ https://t.co/mUkgAIytaX

archiving URL http://twitter.com/statedeptspox/status/1006110233305997312
    ... archiving using prefix http://web.archive.org/save/

archiving URL https://twitter.com/statedeptspox/status/1006110233305997312
    ... archiving using prefix http://web.archive.org/save/


New tweet from Scavino45: 🚨Happening Now: 
@StateDept @SecPompeo holding a
briefing in Singapore prior to tomorrow’s historic… https://t.co/MzeQ1ZY0F8

archiving URL http://twitter.com/Scavino45/status/1006112323872968704
    ... archiving using prefix http://web.archive.org/save/

archiving URL https://twitter.com/Scavino45/status/1006112323872968704
    ... archiving using prefix http://web.archive.org/save/


New tweet from WhiteHouse: RT @Scavino45: 🚨Happening Now:
President
@realDonaldTrump with Prime Minister @leehsienloong of Singapore at the Istana
Palace, ahead of to…

archiving URL http://twitter.com/WhiteHouse/status/1006118496000987137
    ... archiving using prefix http://web.archive.org/save/

archiving URL https://twitter.com/WhiteHouse/status/1006118496000987137
    ... archiving using prefix http://web.archive.org/save/


New tweet from WhiteHouse: RT @Scavino45: President @realDonaldTrump and
@StateDept @SecPompeo thank staff and their families from @RedWhiteBlueDot after
 delivering r…

archiving URL http://twitter.com/WhiteHouse/status/1006118538598322176
    ... archiving using prefix http://web.archive.org/save/


New tweet from WhiteHouse: RT @realDonaldTrump: Thank you Prime Minister Lee
Hsien Loong! https://t.co/8MMYGuOj8Q

archiving URL http://twitter.com/WhiteHouse/status/1006118544151666690
    ... archiving using prefix http://web.archive.org/save/

archiving URL https://twitter.com/WhiteHouse/status/1006118538598322176
    ... archiving using prefix http://web.archive.org/save/

archiving URL https://twitter.com/WhiteHouse/status/1006118544151666690
    ... archiving using prefix http://web.archive.org/save/


New tweet from WhiteHouse: RT @SecPompeo: Early pre-brief with my @StateDept
team. Amb Kim meets with #DPRK today. We remain committed to the complete,
verifiable, ir…

archiving URL http://twitter.com/WhiteHouse/status/1006118719284801536
    ... archiving using prefix http://web.archive.org/save/

archiving URL https://twitter.com/WhiteHouse/status/1006118719284801536
    ... archiving using prefix http://web.archive.org/save/


New tweet from POTUS: RT @realDonaldTrump: Thank you Prime Minister Lee Hsien
Loong! https://t.co/8MMYGuOj8Q

archiving URL http://twitter.com/POTUS/status/1006119141407850496
    ... archiving using prefix http://web.archive.org/save/

archiving URL https://twitter.com/POTUS/status/1006119141407850496
    ... archiving using prefix http://web.archive.org/save/
WARNING: received error HTTPSConnectionPool(host='stream.twitter.com',
port=443): Read timed out.; sleeping and trying again ...


New tweet from Scaramucci: Randy Levine speaks the truth. Expect this to get
fixed after the midterms.  https://t.co/Amq77CdyHy

archiving URL http://twitter.com/Scaramucci/status/1006121397402431489
    ... archiving using prefix http://web.archive.org/save/

archiving URL https://twitter.com/Scaramucci/status/1006121397402431489
    ... archiving using prefix http://web.archive.org/save/


New tweet from Scavino45: An early Happy Birthday celebration for President
@realDonaldTrump at Istana Palace - from Singapore Prime Minister…
https://t.co/8mlMWt2y3s

archiving URL http://twitter.com/Scavino45/status/1006124797452017664
    ... archiving using prefix http://web.archive.org/save/

archiving URL https://twitter.com/Scavino45/status/1006124797452017664
    ... archiving using prefix http://web.archive.org/save/


New tweet from seanspicer: RT @foxandfriends: .@seanspicer: We love Canada as
a great ally, but some of the economic aspects of our relationship are unfair
https://t.…

archiving URL http://twitter.com/seanspicer/status/1006127100213055488
    ... archiving using prefix http://web.archive.org/save/

archiving URL https://twitter.com/seanspicer/status/1006127100213055488
    ... archiving using prefix http://web.archive.org/save/


New tweet from seanspicer: RT @FoxNewsInsider: Spicer: There Isn't 'a Bar High
 Enough' Trump Can Reach for Media's Approval of Summit @seanspicer
https://t.co/k9EOSpp…

archiving URL http://twitter.com/seanspicer/status/1006127204051439616
    ... archiving using prefix http://web.archive.org/save/

archiving URL https://twitter.com/seanspicer/status/1006127204051439616
    ... archiving using prefix http://web.archive.org/save/


New tweet from WhiteHouse: RT @Scavino45: 🚨Happening Now
President
@realDonaldTrump now speaking to U.S. Embassy Singapore (@RedWhiteBlueDot) team
and their families,…

archiving URL http://twitter.com/WhiteHouse/status/1006134945872564231
    ... archiving using prefix http://web.archive.org/save/

archiving URL https://twitter.com/WhiteHouse/status/1006134945872564231
    ... archiving using prefix http://web.archive.org/save/
INFO: handling a deletion for data:

{'delete': {'status': {'id':
1006134945872564231,
                       'id_str': '1006134945872564231',

                       'user_id': 822215673812119553,
'user_id_str': '822215673812119553'},
            'timestamp_ms':
'1528716250349'}}
INFO: successfully dumped raw data to JSON file
INFO: We're handling a deletion notification for tweet ID# 1006134945872564231
on account WhiteHouse
INFO: get_archived_tweet() called to get tweet ID 1006134945872564231 for
account WhiteHouse
INFO: found a tweet!		http://web.archive.org/*/http://twitter.com/WhiteHouse/sta
tus/1006134945872564231	RT @Scavino45: 🚨Happening Now
President @realDonaldTrump
 now speaking to U.S. Embassy Singapore (@RedWhiteBlueDot) team and their
families,…
... adding to list of deleted tweets
... added
 ... and we're going to tweet about it


New tweet from WhiteHouse: RT @SecPompeo: Thank you @potus for your support of
 @StateDept @usmc @USNavy today in #Singapore Everyone from @RedWhiteBlueDot
enjoyed mee…

archiving URL http://twitter.com/WhiteHouse/status/1006140192225456129
    ... archiving using prefix http://web.archive.org/save/

archiving URL https://twitter.com/WhiteHouse/status/1006140192225456129
    ... archiving using prefix http://web.archive.org/save/


New tweet from SecondLady: RT @FLOTUS: Thank you @Fordstheatre &amp; the
talented performers for a special evening celebrating the arts &amp; the legacy
of former President L…

archiving URL http://twitter.com/SecondLady/status/1006145818011807744
    ... archiving using prefix http://web.archive.org/save/

archiving URL https://twitter.com/SecondLady/status/1006145818011807744
    ... archiving using prefix http://web.archive.org/save/


New tweet from IvankaTrump: RT @StateDept: .@SecPompeo: "The ultimate
objective we seek from diplomacy with #NorthKorea has not changed. The complete,
 verifiable and i…

archiving URL http://twitter.com/IvankaTrump/status/1006159074864574464
    ... archiving using prefix http://web.archive.org/save/

archiving URL https://twitter.com/IvankaTrump/status/1006159074864574464
    ... archiving using prefix http://web.archive.org/save/


New tweet from IvankaTrump: “Those who say it can not be done, should not
interrupt those doing it.”   -Chinese Proverb

archiving URL http://twitter.com/IvankaTrump/status/1006160823360872448
    ... archiving using prefix http://web.archive.org/save/

archiving URL https://twitter.com/IvankaTrump/status/1006160823360872448
    ... archiving using prefix http://web.archive.org/save/


New tweet from VP: RT @realDonaldTrump: Thank you Prime Minister Lee Hsien
Loong! https://t.co/8MMYGuOj8Q

archiving URL http://twitter.com/VP/status/1006167173985783809
    ... archiving using prefix http://web.archive.org/save/

archiving URL https://twitter.com/VP/status/1006167173985783809
    ... archiving using prefix http://web.archive.org/save/


New tweet from seanspicer: RT @FoxNewsInsider: Spicer: There Isn't 'a Bar High
 Enough' Trump Can Reach for Media's Approval of Summit @seanspicer
https://t.co/k9EOSpp…

archiving URL http://twitter.com/seanspicer/status/1006171225700397057
    ... archiving using prefix http://web.archive.org/save/

archiving URL https://twitter.com/seanspicer/status/1006171225700397057
    ... archiving using prefix http://web.archive.org/save/


New tweet from statedeptspox: Hey @cnn where was @Potus today? Meeting with
his national security team and greeting our dedicated embassy colleag…
https://t.co/ieYvwynj9v

archiving URL http://twitter.com/statedeptspox/status/1006182924511739904
    ... archiving using prefix http://web.archive.org/save/

archiving URL https://twitter.com/statedeptspox/status/1006182924511739904
    ... archiving using prefix http://web.archive.org/save/


New tweet from SecAzar: RT @HHSMedia: Today, Monday June 11th, @SecAzar will
deliver remarks at the @OIGatHHS Annual Reward Ceremony.

archiving URL http://twitter.com/SecAzar/status/1006183769924128771
    ... archiving using prefix http://web.archive.org/save/

archiving URL https://twitter.com/SecAzar/status/1006183769924128771
    ... archiving using prefix http://web.archive.org/save/


New tweet from WhiteHouse: RT @statedeptspox: Hey @cnn where was @Potus today?
 Meeting with his national security team and greeting our dedicated embassy
colleagues f…

archiving URL http://twitter.com/WhiteHouse/status/1006185713744965632
    ... archiving using prefix http://web.archive.org/save/

archiving URL https://twitter.com/WhiteHouse/status/1006185713744965632
    ... archiving using prefix http://web.archive.org/save/


New tweet from SpeakerRyan: RT @cathymcmorris: On the agenda next week to
prevent, treat, and help people recover from addiction→ House set to vote on
more than 20 bil…

archiving URL http://twitter.com/SpeakerRyan/status/1006187743867736065
    ... archiving using prefix http://web.archive.org/save/

archiving URL https://twitter.com/SpeakerRyan/status/1006187743867736065
    ... archiving using prefix http://web.archive.org/save/


New tweet from nikkihaley: I Voted. I defend our right to a free democracy
every day @ the UN. Many people in the world would love to have the…
https://t.co/LfOSXRk5Lp

archiving URL http://twitter.com/nikkihaley/status/1006189306820653057
    ... archiving using prefix http://web.archive.org/save/

archiving URL https://twitter.com/nikkihaley/status/1006189306820653057
    ... archiving using prefix http://web.archive.org/save/


New tweet from SecretaryZinke: RT @NatResources: .@SecretaryZinke is right,
President @realDonaldTrump is a builder, and he's reviving the #infrastructure
of our long-neg…

archiving URL http://twitter.com/SecretaryZinke/status/1006196661385940993
    ... archiving using prefix http://web.archive.org/save/

archiving URL https://twitter.com/SecretaryZinke/status/1006196661385940993
    ... archiving using prefix http://web.archive.org/save/


New tweet from SecAzar: Christopher Jones, a captain in the U.S. Public Health
 Service Commissioned Corps, works at @HHSGov on substance ab…
https://t.co/CyTFSzdMkA

archiving URL http://twitter.com/SecAzar/status/1006196861286395904
    ... archiving using prefix http://web.archive.org/save/

archiving URL https://twitter.com/SecAzar/status/1006196861286395904
    ... archiving using prefix http://web.archive.org/save/


New tweet from SecAzar: Christopher Jones, a captain in the U.S. Public Health
 Service Commissioned Corps, works at @HHSGov on substance ab…
https://t.co/CyTFSzdMkA

archiving URL http://twitter.com/SecAzar/status/1006196861286395904
    ... archiving using prefix http://web.archive.org/save/

archiving URL https://twitter.com/SecAzar/status/1006196861286395904
    ... archiving using prefix http://web.archive.org/save/
INFO: handling a deletion for data:

{'delete': {'status': {'id':
485478644588900352,
                       'id_str': '485478644588900352',

                       'user_id': 471672239,
'user_id_str': '471672239'},
            'timestamp_ms': '1528731080488'}}
INFO: successfully dumped raw data to JSON file
INFO: We're handling a deletion notification for tweet ID# 485478644588900352 on
 account KellyannePolls
INFO: get_archived_tweet() called to get tweet ID 485478644588900352 for account
 KellyannePolls
INFO: requested tweet not found in relevant archive
... adding to list of deleted tweets
... added
... but we're not going to tweet about it because KellyannePolls is not in the
list of accounts we tweet about
INFO: handling a deletion for data:

{'delete': {'status': {'id':
509997776147849216,
                       'id_str': '509997776147849216',

                       'user_id': 20776147,
'user_id_str': '20776147'},
            'timestamp_ms': '1528731116408'}}
INFO: successfully dumped raw data to JSON file
INFO: We're handling a deletion notification for tweet ID# 509997776147849216 on
 account seanspicer
INFO: get_archived_tweet() called to get tweet ID 509997776147849216 for account
 seanspicer
INFO: requested tweet not found in relevant archive
... adding to list of deleted tweets
... added
... but we're not going to tweet about it because seanspicer is not in the list
of accounts we tweet about
INFO: handling a deletion for data:

{'delete': {'status': {'id':
481637344924430336,
                       'id_str': '481637344924430336',

                       'user_id': 471672239,
'user_id_str': '471672239'},
            'timestamp_ms': '1528731120783'}}
INFO: successfully dumped raw data to JSON file
INFO: We're handling a deletion notification for tweet ID# 481637344924430336 on
 account KellyannePolls
INFO: get_archived_tweet() called to get tweet ID 481637344924430336 for account
 KellyannePolls
INFO: requested tweet not found in relevant archive
... adding to list of deleted tweets
... added
... but we're not going to tweet about it because KellyannePolls is not in the
list of accounts we tweet about
INFO: handling a deletion for data:

{'delete': {'status': {'id':
428136013450706944,
                       'id_str': '428136013450706944',

                       'user_id': 471672239,
'user_id_str': '471672239'},
            'timestamp_ms': '1528731217449'}}
INFO: successfully dumped raw data to JSON file
INFO: We're handling a deletion notification for tweet ID# 428136013450706944 on
 account KellyannePolls
INFO: get_archived_tweet() called to get tweet ID 428136013450706944 for account
 KellyannePolls
INFO: requested tweet not found in relevant archive
... adding to list of deleted tweets
... added
... but we're not going to tweet about it because KellyannePolls is not in the
list of accounts we tweet about
WARNING: received error HTTPSConnectionPool(host='stream.twitter.com',
port=443): Read timed out.; sleeping and trying again ...


New tweet from SecretaryZinke: Monday morning meeting with the @FarmBureau.
From grazing leases to water agreements, Interior plays a big role in…
https://t.co/qDfaKULt9b

archiving URL http://twitter.com/SecretaryZinke/status/1006204869294862337
    ... archiving using prefix http://web.archive.org/save/

archiving URL https://twitter.com/SecretaryZinke/status/1006204869294862337
    ... archiving using prefix http://web.archive.org/save/


New tweet from PressSec: Great day with our very gracious hosts. Thank you
Prime Minister Lee Hsien Loong. https://t.co/BW72whSaE3

archiving URL http://twitter.com/PressSec/status/1006205638987300870
    ... archiving using prefix http://web.archive.org/save/

archiving URL https://twitter.com/PressSec/status/1006205638987300870
    ... archiving using prefix http://web.archive.org/save/


New tweet from SpeakerRyan: RT @RepErikPaulsen: Some good news ---&gt; House
set to vote on more than 20 bills to combat opioid addiction @CNNPolitics
https://t.co/YqBCOa…

archiving URL http://twitter.com/SpeakerRyan/status/1006205698307391488
    ... archiving using prefix http://web.archive.org/save/

archiving URL https://twitter.com/SpeakerRyan/status/1006205698307391488
    ... archiving using prefix http://web.archive.org/save/


New tweet from VP: RT @SecPompeo: The fact that our 2 leaders are sitting down
 face to face is a sign of the enormous potential to accomplish something that
w…

archiving URL http://twitter.com/VP/status/1006206158825279489
    ... archiving using prefix http://web.archive.org/save/

archiving URL https://twitter.com/VP/status/1006206158825279489
    ... archiving using prefix http://web.archive.org/save/


New tweet from SecretarySonny: Looking forward to visiting my friend &amp;
Canadian counterpart @L_MacAulay at Prince Edward Island later this week. B…
https://t.co/5SNjUlUVZn

archiving URL http://twitter.com/SecretarySonny/status/1006208896636203008
    ... archiving using prefix http://web.archive.org/save/

archiving URL https://twitter.com/SecretarySonny/status/1006208896636203008
    ... archiving using prefix http://web.archive.org/save/


New tweet from SecretaryZinke: RT @DOIWildlandFire: Congratulations to
@Interior's #LANDFIRE Team, recipient of the 2017 Dept. of the Interior
Environmental Achievement A…

archiving URL http://twitter.com/SecretaryZinke/status/1006215514463571969
    ... archiving using prefix http://web.archive.org/save/

archiving URL https://twitter.com/SecretaryZinke/status/1006215514463571969
    ... archiving using prefix http://web.archive.org/save/


New tweet from seanspicer: RT @davidjoachim: Trump's unpredictable style
"keeps world leaders on their toes," @seanspicer tells @BloombergTV
https://t.co/O3H2dkSSPP #…

archiving URL http://twitter.com/seanspicer/status/1006216321862979585
    ... archiving using prefix http://web.archive.org/save/

archiving URL https://twitter.com/seanspicer/status/1006216321862979585
    ... archiving using prefix http://web.archive.org/save/


New tweet from WhiteHouse: Robert R. Redfield reports in The Atlanta Journal-
Constitution: "Our nation is facing a severe epidemic: opioid abu…
https://t.co/pylKTq9yoP

archiving URL http://twitter.com/WhiteHouse/status/1006217005589057536
    ... archiving using prefix http://web.archive.org/save/

archiving URL https://twitter.com/WhiteHouse/status/1006217005589057536
    ... archiving using prefix http://web.archive.org/save/


New tweet from POTUS: RT @WhiteHouse: Robert R. Redfield reports in The
Atlanta Journal-Constitution: "Our nation is facing a severe epidemic: opioid
abuse and o…

archiving URL http://twitter.com/POTUS/status/1006217165798805504
    ... archiving using prefix http://web.archive.org/save/

archiving URL https://twitter.com/POTUS/status/1006217165798805504
    ... archiving using prefix http://web.archive.org/save/


New tweet from SBALinda: RT @SBAgov: Learn about the number of SBA resources
you can take advantage of in order to access capital for your #veteran-owned
business →…

archiving URL http://twitter.com/SBALinda/status/1006217946430083072
    ... archiving using prefix http://web.archive.org/save/

archiving URL https://twitter.com/SBALinda/status/1006217946430083072
    ... archiving using prefix http://web.archive.org/save/


New tweet from SecNielsen: Today I had the distinct honor of being the first
member of @POTUS’ @Cabinet to host a meeting in the new… https://t.co/W6ESae9RhK

archiving URL http://twitter.com/SecNielsen/status/1006218196158943232
    ... archiving using prefix http://web.archive.org/save/

archiving URL https://twitter.com/SecNielsen/status/1006218196158943232
    ... archiving using prefix http://web.archive.org/save/


New tweet from SecretaryZinke: @RepAndyBiggsAZ @POTUS @realDonaldTrump Amen.

archiving URL http://twitter.com/SecretaryZinke/status/1006219286594179072
    ... archiving using prefix http://web.archive.org/save/

archiving URL https://twitter.com/SecretaryZinke/status/1006219286594179072
    ... archiving using prefix http://web.archive.org/save/


New tweet from seanspicer: RT @SecPompeo: The fact that our 2 leaders are
sitting down face to face is a sign of the enormous potential to accomplish
something that w…

archiving URL http://twitter.com/seanspicer/status/1006222345030258688
    ... archiving using prefix http://web.archive.org/save/

archiving URL https://twitter.com/seanspicer/status/1006222345030258688
    ... archiving using prefix http://web.archive.org/save/


New tweet from SBALinda: Enjoyed spending time at the annual @GCPartnership
Empowering Local Leadership Conference last Friday! Spoke with e…
https://t.co/VjP3xHnMQ2

archiving URL http://twitter.com/SBALinda/status/1006224966570987520
    ... archiving using prefix http://web.archive.org/save/

archiving URL https://twitter.com/SBALinda/status/1006224966570987520
    ... archiving using prefix http://web.archive.org/save/


New tweet from SpeakerRyan: @jamiedupree Glad to hear you'll be back on the
airwaves soon!

archiving URL http://twitter.com/SpeakerRyan/status/1006225107923144704
    ... archiving using prefix http://web.archive.org/save/

archiving URL https://twitter.com/SpeakerRyan/status/1006225107923144704
    ... archiving using prefix http://web.archive.org/save/


New tweet from seanspicer: Exactly https://t.co/fLTOkeS3rI

archiving URL http://twitter.com/seanspicer/status/1006226568694427655
    ... archiving using prefix http://web.archive.org/save/

archiving URL https://twitter.com/seanspicer/status/1006226568694427655
    ... archiving using prefix http://web.archive.org/save/


New tweet from seanspicer: RT @FoxBusiness: .@seanspicer: "It's not fair trade
 when these developed countries, the world's leaders, still have high tariff
barriers fo…

archiving URL http://twitter.com/seanspicer/status/1006226622603780097
    ... archiving using prefix http://web.archive.org/save/

archiving URL https://twitter.com/seanspicer/status/1006226622603780097
    ... archiving using prefix http://web.archive.org/save/


New tweet from seanspicer: RT @FoxBusiness: .@seanspicer: Robert De Niro’s
behavior is deplorable https://t.co/LSN8eNtNld

archiving URL http://twitter.com/seanspicer/status/1006226640962244612
    ... archiving using prefix http://web.archive.org/save/

archiving URL https://twitter.com/seanspicer/status/1006226640962244612
    ... archiving using prefix http://web.archive.org/save/


New tweet from seanspicer: RT @FoxBusiness: .@seanspicer: "All of these
developed countries who locked in deals back in the day are still taking
advantage of the U.S.…

archiving URL http://twitter.com/seanspicer/status/1006226690421469184
    ... archiving using prefix http://web.archive.org/save/

archiving URL https://twitter.com/seanspicer/status/1006226690421469184
    ... archiving using prefix http://web.archive.org/save/


New tweet from seanspicer: RT @FoxBusiness: .@seanspicer on the #TonyAwards:
"You wonder why all these shows continue to get lower and lower ratings, and
it’s not nec…

archiving URL http://twitter.com/seanspicer/status/1006226747841531904
    ... archiving using prefix http://web.archive.org/save/

archiving URL https://twitter.com/seanspicer/status/1006226747841531904
    ... archiving using prefix http://web.archive.org/save/


New tweet from AshLeeStrong: Go @jamiedupree! https://t.co/Auo7NDECC5

archiving URL http://twitter.com/AshLeeStrong/status/1006227725881880577
    ... archiving using prefix http://web.archive.org/save/

archiving URL https://twitter.com/AshLeeStrong/status/1006227725881880577
    ... archiving using prefix http://web.archive.org/save/


New tweet from WhiteHouse: President Trump will meet with North Korean leader
Kim Jong Un in Singapore at 9 p.m. ET.

Read more in 1600 Daily…
https://t.co/DqGTnm2Qce

archiving URL http://twitter.com/WhiteHouse/status/1006227824620048390
    ... archiving using prefix http://web.archive.org/save/

archiving URL https://twitter.com/WhiteHouse/status/1006227824620048390
    ... archiving using prefix http://web.archive.org/save/


New tweet from WhiteHouse: President Trump will meet with North Korean leader
Kim Jong Un in Singapore at 9 p.m. ET.

Read more in 1600 Daily…
https://t.co/DqGTnm2Qce

archiving URL http://twitter.com/WhiteHouse/status/1006227824620048390
    ... archiving using prefix http://web.archive.org/save/

archiving URL https://twitter.com/WhiteHouse/status/1006227824620048390
    ... archiving using prefix http://web.archive.org/save/


New tweet from POTUS: RT @WhiteHouse: President Trump will meet with North
Korean leader Kim Jong Un in Singapore at 9 p.m. ET.

Read more in 1600 Daily ⬇️
 https…

archiving URL http://twitter.com/POTUS/status/1006227968102977539
    ... archiving using prefix http://web.archive.org/save/

archiving URL https://twitter.com/POTUS/status/1006227968102977539
    ... archiving using prefix http://web.archive.org/save/


New tweet from statedeptspox: RT @SecPompeo: One of the things I enjoy most
about @StateDept -meeting members of my team &amp; their families. Thank you
@RedWhiteBlueDot #em…

archiving URL http://twitter.com/statedeptspox/status/1006228801121148928
    ... archiving using prefix http://web.archive.org/save/

archiving URL https://twitter.com/statedeptspox/status/1006228801121148928
    ... archiving using prefix http://web.archive.org/save/


New tweet from statedeptspox: RT @SecPompeo: Denuclearization isn’t something
that ends badly for the North Koreans. In fact, it’s just the opposite -- it
leads to a bri…

archiving URL http://twitter.com/statedeptspox/status/1006228859635814402
    ... archiving using prefix http://web.archive.org/save/

archiving URL https://twitter.com/statedeptspox/status/1006228859635814402
    ... archiving using prefix http://web.archive.org/save/


New tweet from SecretaryZinke: RT @WhiteHouse: Robert R. Redfield reports in
The Atlanta Journal-Constitution: "Our nation is facing a severe epidemic:
opioid abuse and o…

archiving URL http://twitter.com/SecretaryZinke/status/1006231424385548288
    ... archiving using prefix http://web.archive.org/save/

archiving URL https://twitter.com/SecretaryZinke/status/1006231424385548288
    ... archiving using prefix http://web.archive.org/save/


New tweet from SecAzar: .@HHSGov is committed to using our programs to combat
the opioid epidemic. Proud of @CMSGov’s work on this issue.
https://t.co/2auUEf2Gtx

archiving URL http://twitter.com/SecAzar/status/1006231691076296704
    ... archiving using prefix http://web.archive.org/save/

archiving URL https://twitter.com/SecAzar/status/1006231691076296704
    ... archiving using prefix http://web.archive.org/save/


New tweet from WhiteHouse: Check out President Trump's trip to Singapore in
photos: https://t.co/TUijl68i5P

archiving URL http://twitter.com/WhiteHouse/status/1006233101750718464
    ... archiving using prefix http://web.archive.org/save/

archiving URL https://twitter.com/WhiteHouse/status/1006233101750718464
    ... archiving using prefix http://web.archive.org/save/


New tweet from POTUS: RT @WhiteHouse: Check out President Trump's trip to
Singapore in photos: https://t.co/TUijl68i5P

archiving URL http://twitter.com/POTUS/status/1006233468739649536
    ... archiving using prefix http://web.archive.org/save/

archiving URL https://twitter.com/POTUS/status/1006233468739649536
    ... archiving using prefix http://web.archive.org/save/


New tweet from Scaramucci: Corporate tax cut is already working - American
companies are bringing foreign cash home and boosting capital expen…
https://t.co/qgg6UiDvBB

archiving URL http://twitter.com/Scaramucci/status/1006233661908377600
    ... archiving using prefix http://web.archive.org/save/

archiving URL https://twitter.com/Scaramucci/status/1006233661908377600
    ... archiving using prefix http://web.archive.org/save/


New tweet from Cabinet: RT @SecNielsen: Today I had the distinct honor of
being the first member of @POTUS’ @Cabinet to host a meeting in the new
@usembassyjlm, di…

archiving URL http://twitter.com/Cabinet/status/1006234634462597120
    ... archiving using prefix http://web.archive.org/save/

archiving URL https://twitter.com/Cabinet/status/1006234634462597120
    ... archiving using prefix http://web.archive.org/save/


New tweet from Cabinet: RT @SecPompeo: One of the things I enjoy most about
@StateDept -meeting members of my team &amp; their families. Thank you
@RedWhiteBlueDot #em…

archiving URL http://twitter.com/Cabinet/status/1006234884787097601
    ... archiving using prefix http://web.archive.org/save/


New tweet from Cabinet: RT @SecPompeo: One of the things I enjoy most about
@StateDept -meeting members of my team &amp; their families. Thank you
@RedWhiteBlueDot #em…

archiving URL http://twitter.com/Cabinet/status/1006234884787097601
    ... archiving using prefix http://web.archive.org/save/

archiving URL https://twitter.com/Cabinet/status/1006234884787097601
    ... archiving using prefix http://web.archive.org/save/

archiving URL https://twitter.com/Cabinet/status/1006234884787097601
    ... archiving using prefix http://web.archive.org/save/


New tweet from VP: As I told the Faith &amp; Freedom Coalition this weekend:
@POTUS approaches tonight’s historic US-NK summit with confid…
https://t.co/tcKqki8mcg

archiving URL http://twitter.com/VP/status/1006237168950489088
    ... archiving using prefix http://web.archive.org/save/

archiving URL https://twitter.com/VP/status/1006237168950489088
    ... archiving using prefix http://web.archive.org/save/


New tweet from SecretaryCarson: Today @HUDgov, @TheJusticeDept  &amp; @EPA
announced a historic agreement with the nation's largest public housing auth…
https://t.co/Bfwwu3rrYZ

archiving URL http://twitter.com/SecretaryCarson/status/1006238133707509760
    ... archiving using prefix http://web.archive.org/save/

archiving URL https://twitter.com/SecretaryCarson/status/1006238133707509760
    ... archiving using prefix http://web.archive.org/save/


New tweet from DepSecHargan: RT @SecAzar: .@HHSGov is committed to using our
programs to combat the opioid epidemic. Proud of @CMSGov’s work on this issue.
https://t.co…

archiving URL http://twitter.com/DepSecHargan/status/1006245105110536195
    ... archiving using prefix http://web.archive.org/save/

archiving URL https://twitter.com/DepSecHargan/status/1006245105110536195
    ... archiving using prefix http://web.archive.org/save/


New tweet from JessicaDitto45: RT @ricardorossello: At a round table
discussion with @HUDgov and @HUDDepSec on Recovery efforts. @Mercader1
@GilEnsenat @omarjmarrero http…

archiving URL http://twitter.com/JessicaDitto45/status/1006245848873885697
    ... archiving using prefix http://web.archive.org/save/

archiving URL https://twitter.com/JessicaDitto45/status/1006245848873885697
    ... archiving using prefix http://web.archive.org/save/


New tweet from Cabinet: RT @ENERGY: #HurricaneSeason has officially begun.
Here's how we coordinate with government and industry partners to help prepare
for and r…

archiving URL http://twitter.com/Cabinet/status/1006251219977990144
    ... archiving using prefix http://web.archive.org/save/

archiving URL https://twitter.com/Cabinet/status/1006251219977990144
    ... archiving using prefix http://web.archive.org/save/


New tweet from Cabinet: RT @ENERGY: #HurricaneSeason has officially begun.
Here's how we coordinate with government and industry partners to help prepare
for and r…

archiving URL http://twitter.com/Cabinet/status/1006251219977990144
    ... archiving using prefix http://web.archive.org/save/

archiving URL https://twitter.com/Cabinet/status/1006251219977990144
    ... archiving using prefix http://web.archive.org/save/


New tweet from SecAzar: RT @samhsagov: Do you know someone who is struggling
with #opioid misuse? 
Download SAMHSA’s updated “Opioid Overdose Prevention
Toolkit” f…

archiving URL http://twitter.com/SecAzar/status/1006251722287865857
    ... archiving using prefix http://web.archive.org/save/

archiving URL https://twitter.com/SecAzar/status/1006251722287865857
    ... archiving using prefix http://web.archive.org/save/


New tweet from FLOTUS: Thank you @HHSGov &amp; @CMSGov for all you do to
protect our children. I encourage everyone to learn more about how yo…
https://t.co/hk94yIvL99

archiving URL http://twitter.com/FLOTUS/status/1006252379451387904
    ... archiving using prefix http://web.archive.org/save/

archiving URL https://twitter.com/FLOTUS/status/1006252379451387904
    ... archiving using prefix http://web.archive.org/save/


New tweet from Cabinet: RT @SBALinda: Enjoyed spending time at the annual
@GCPartnership Empowering Local Leadership Conference last Friday! Spoke with
elected off…

archiving URL http://twitter.com/Cabinet/status/1006256756094373889
    ... archiving using prefix http://web.archive.org/save/

archiving URL https://twitter.com/Cabinet/status/1006256756094373889
    ... archiving using prefix http://web.archive.org/save/


New tweet from SpeakerRyan: RT @SteveScalise: This week, we're taking action
to combat the #OpioidCrisis, which is truly the #CrisisNextDoor. The House will
consider a…

archiving URL http://twitter.com/SpeakerRyan/status/1006259571113984001
    ... archiving using prefix http://web.archive.org/save/

archiving URL https://twitter.com/SpeakerRyan/status/1006259571113984001
    ... archiving using prefix http://web.archive.org/save/


New tweet from SecretaryZinke: Team @Interior is out in the field today for a
hearing with @RepJackBergman and @RepWesterman. They’re talking fish…
https://t.co/kJFYOU6oZh

archiving URL http://twitter.com/SecretaryZinke/status/1006260889530585088
    ... archiving using prefix http://web.archive.org/save/

archiving URL https://twitter.com/SecretaryZinke/status/1006260889530585088
    ... archiving using prefix http://web.archive.org/save/


New tweet from Scaramucci: RT @Duvi_Honig: Watch @Scaramucci full keynote
video Entrepreneurship presentation @ojchamber ,J-Biz -Skybridge Expo 6/5/18
2018 https://t.…

archiving URL http://twitter.com/Scaramucci/status/1006270074272014336
    ... archiving using prefix http://web.archive.org/save/

archiving URL https://twitter.com/Scaramucci/status/1006270074272014336
    ... archiving using prefix http://web.archive.org/save/


New tweet from seanspicer: RT @DailyCaller: .@SeanSpicer Says We Need To ‘Find
 A Solution’ On Tariffs And NAFTA https://t.co/M1MuOihEYz
https://t.co/yK96nOK0cu

archiving URL http://twitter.com/seanspicer/status/1006271249402810368
    ... archiving using prefix http://web.archive.org/save/

archiving URL https://twitter.com/seanspicer/status/1006271249402810368
    ... archiving using prefix http://web.archive.org/save/


New tweet from seanspicer: Great column in @WashTimes by @StephenMoore on the
economic results of @POTUS @realDonaldTrump policies: Putting Am…
https://t.co/FBZPdfCrkq

archiving URL http://twitter.com/seanspicer/status/1006273327684575232
    ... archiving using prefix http://web.archive.org/save/

archiving URL https://twitter.com/seanspicer/status/1006273327684575232
    ... archiving using prefix http://web.archive.org/save/


New tweet from SBALinda: Thank you for having me! https://t.co/EeAClOFSua

archiving URL http://twitter.com/SBALinda/status/1006275803590660103
    ... archiving using prefix http://web.archive.org/save/

archiving URL https://twitter.com/SBALinda/status/1006275803590660103
    ... archiving using prefix http://web.archive.org/save/


New tweet from SecretaryZinke: June means it's #GreatOutdoorsMonth. Join the
@Interior family in celebrating at a park, battlefield, wildlife refu…
https://t.co/ynFmEyuUO4

archiving URL http://twitter.com/SecretaryZinke/status/1006277551961100289
    ... archiving using prefix http://web.archive.org/save/

archiving URL https://twitter.com/SecretaryZinke/status/1006277551961100289
    ... archiving using prefix http://web.archive.org/save/


New tweet from Scaramucci: Looking forward to speaking tomorrow at the
@YouthInc_NYC #StateoftheMarket Conference https://t.co/T6wi6Cc47k

archiving URL http://twitter.com/Scaramucci/status/1006283081416921090
    ... archiving using prefix http://web.archive.org/save/

archiving URL https://twitter.com/Scaramucci/status/1006283081416921090
    ... archiving using prefix http://web.archive.org/save/


New tweet from realDonaldTrump: Meetings between staffs and representatives
are going well and quickly....but in the end, that doesn’t matter. We w…
https://t.co/I3RBn2PcFr

archiving URL http://twitter.com/realDonaldTrump/status/1006286790536323074
    ... archiving using prefix http://web.archive.org/save/

archiving URL https://twitter.com/realDonaldTrump/status/1006286790536323074
    ... archiving using prefix http://web.archive.org/save/


New tweet from POTUS: RT @realDonaldTrump: Meetings between staffs and
representatives are going well and quickly....but in the end, that doesn’t
matter. We will…

archiving URL http://twitter.com/POTUS/status/1006287109592887298
    ... archiving using prefix http://web.archive.org/save/

archiving URL https://twitter.com/POTUS/status/1006287109592887298
    ... archiving using prefix http://web.archive.org/save/


New tweet from SBALinda: Today I had the opportunity to speak with
@NSBAAdvocate at the @WhiteHouse on key issues that impact our nation’s…
https://t.co/mjcYbl5het

archiving URL http://twitter.com/SBALinda/status/1006287173736452096
    ... archiving using prefix http://web.archive.org/save/

archiving URL https://twitter.com/SBALinda/status/1006287173736452096
    ... archiving using prefix http://web.archive.org/save/


New tweet from realDonaldTrump: Stock Market up almost 40% since the Election,
 with 7 Trillion Dollars of U.S. value built throughout the economy.…
https://t.co/MtbGybefkO

archiving URL http://twitter.com/realDonaldTrump/status/1006293144911085568
    ... archiving using prefix http://web.archive.org/save/

archiving URL https://twitter.com/realDonaldTrump/status/1006293144911085568
    ... archiving using prefix http://web.archive.org/save/
INFO: handling a deletion for data:

{'delete': {'status': {'id':
1006283081416921090,
                       'id_str': '1006283081416921090',

                       'user_id': 24578794,
'user_id_str': '24578794'},
            'timestamp_ms': '1528754007816'}}
INFO: successfully dumped raw data to JSON file
INFO: We're handling a deletion notification for tweet ID# 1006283081416921090
on account Scaramucci
INFO: get_archived_tweet() called to get tweet ID 1006283081416921090 for
account Scaramucci
ERROR: unable to read line "['=======']" because: need more than 1 value to
unpack.
INFO: found a tweet!		http://web.archive.org/*/http://twitter.com/Scaramucci/sta
tus/1006283081416921090	Looking forward to speaking tomorrow at the
@YouthInc_NYC #StateoftheMarket Conference https://t.co/T6wi6Cc47k
... adding to list of deleted tweets
... added
... but we're not going to tweet about it because Scaramucci is not in the list
of accounts we tweet about


New tweet from POTUS: RT @realDonaldTrump: Stock Market up almost 40% since
the Election, with 7 Trillion Dollars of U.S. value built throughout the
economy. Low…

archiving URL http://twitter.com/POTUS/status/1006293385743884289
    ... archiving using prefix http://web.archive.org/save/

archiving URL https://twitter.com/POTUS/status/1006293385743884289
    ... archiving using prefix http://web.archive.org/save/


New tweet from Scaramucci: Looking forward to speaking Wednesday at the
@YouthInc_NYC #StateoftheMarket Conference https://t.co/T6wi6Cc47k

archiving URL http://twitter.com/Scaramucci/status/1006293434758508550
    ... archiving using prefix http://web.archive.org/save/

archiving URL https://twitter.com/Scaramucci/status/1006293434758508550
    ... archiving using prefix http://web.archive.org/save/


New tweet from SecAzar: .@HHSGov is proud to work with @FLOTUS on educating
Americans about opioid addiction. We can and will overcome this…
https://t.co/BqXlJc0es2

archiving URL http://twitter.com/SecAzar/status/1006294777850159105
    ... archiving using prefix http://web.archive.org/save/

archiving URL https://twitter.com/SecAzar/status/1006294777850159105
    ... archiving using prefix http://web.archive.org/save/


New tweet from IvankaTrump: RT @SenToddYoung: Met with @IvankaTrump at the
@WhiteHouse this afternoon to discuss workforce development and working families
 – two issue…

archiving URL http://twitter.com/IvankaTrump/status/1006294911761702913
    ... archiving using prefix http://web.archive.org/save/

archiving URL https://twitter.com/IvankaTrump/status/1006294911761702913
    ... archiving using prefix http://web.archive.org/save/


New tweet from VP: RT @realDonaldTrump: Meetings between staffs and
representatives are going well and quickly....but in the end, that doesn’t
matter. We will…

archiving URL http://twitter.com/VP/status/1006295788476039169
    ... archiving using prefix http://web.archive.org/save/


New tweet from VP: RT @realDonaldTrump: Stock Market up almost 40% since the
Election, with 7 Trillion Dollars of U.S. value built throughout the economy.
Low…

archiving URL http://twitter.com/VP/status/1006295776727887872
    ... archiving using prefix http://web.archive.org/save/

archiving URL https://twitter.com/VP/status/1006295788476039169
    ... archiving using prefix http://web.archive.org/save/

archiving URL https://twitter.com/VP/status/1006295776727887872
    ... archiving using prefix http://web.archive.org/save/


New tweet from SecretaryPerry: “If a stadium built for 100,000 people was
full, and everyone in it had a modern laptop, it would take 20 stadiums…
https://t.co/5G7EYJazyh

archiving URL http://twitter.com/SecretaryPerry/status/1006296015480217600
    ... archiving using prefix http://web.archive.org/save/


New tweet from realDonaldTrump: The fact that I am having a meeting is a major
 loss for the U.S., say the haters &amp; losers. We have our hostages, te…
https://t.co/9bI2JtzCMx

archiving URL http://twitter.com/realDonaldTrump/status/1006296018210603008
    ... archiving using prefix http://web.archive.org/save/

archiving URL https://twitter.com/SecretaryPerry/status/1006296015480217600
    ... archiving using prefix http://web.archive.org/save/

archiving URL https://twitter.com/realDonaldTrump/status/1006296018210603008
    ... archiving using prefix http://web.archive.org/save/
WARNING: received error ('Connection broken: IncompleteRead(0 bytes read, 512
more expected)', IncompleteRead(0 bytes read, 512 more expected)); sleeping and
trying again ...
WARNING: received error ('Connection broken: IncompleteRead(0 bytes read, 512
more expected)', IncompleteRead(0 bytes read, 512 more expected)); sleeping and
trying again ...
