Hello, traveler. This is the beginning of a log file called: "Fascist Tweet Archiver".
Some basic system info about the host machine: posix.uname_result(sysname='Linux', nodename='file-server', release='3.16.0-5-686-pae', version='#1 SMP Debian 3.16.51-3+deb8u1 (2018-01-08)', machine='i686')
This log was begun Monday, 29 January 2018 at 17:02



INFO: read target account data; we're tracking 52 accounts
WARNING: no ProtocolError (got exception "name 'ProtocolError' is not defined");
 trying requests.packages.urllib3.exceptions instead
NOTE: successfully imported from requests
Starting up...
about to get all tweets newer than ID #953073831534612480 for account
@SecretaryRoss
about to get all tweets newer than ID #956608918033231872 for account
@SecretaryCarson
about to get all tweets newer than ID #898632795517403136 for account
@GeneralJFKellly
ERROR: unable to get tweets for account @GeneralJFKellly
           the system said: Not authorized.
about to get all tweets newer than ID #956935200168177664 for account
@IvankaTrumpHQ
getting all tweets before ID #860584899253641215
    ...400 tweets downloaded so far


New tweet from IvankaTrumpHQ: Our chic compression dresses have hidden
shapewear: https://t.co/2bGXkuGcYG #StyleIT https://t.co/1OyrvvQPhd

archiving URL http://twitter.com/IvankaTrumpHQ/status/958118563843334144
    ... archiving using prefix http://web.archive.org/save/
about to get all tweets newer than ID #958069379639513089 for account
@SecondLady

archiving URL https://twitter.com/IvankaTrumpHQ/status/958118563843334144
    ... archiving using prefix http://web.archive.org/save/
about to get all tweets newer than ID #832282841471918080 for account
@BetsyDeVos
about to get all tweets newer than ID #958098115378274305 for account
@AshLeeStrong
getting all tweets before ID #950562006012190719
    ...400 tweets downloaded so far


New tweet from AshLeeStrong: NEW: Speaker Ryan Announces Guests for President
Trump’s First State of the Union https://t.co/QtmAAklmnX

archiving URL http://twitter.com/AshLeeStrong/status/958116456234930181
    ... archiving using prefix http://web.archive.org/save/
about to get all tweets newer than ID #824610180881117184 for account
@GovPenceIN

archiving URL https://twitter.com/AshLeeStrong/status/958116456234930181
    ... archiving using prefix http://web.archive.org/save/
about to get all tweets newer than ID #958078963775102976 for account
@SecretaryPerry
about to get all tweets newer than ID #958085857981984770 for account @PressSec
about to get all tweets newer than ID #957990002557931520 for account
@SecShulkin
about to get all tweets newer than ID #958100306637836290 for account
@nikkihaley
about to get all tweets newer than ID #898401955847876608 for account
@Linda_McMahon
about to get all tweets newer than ID #913881045652688901 for account
@SecPriceMD
about to get all tweets newer than ID #958086164908568583 for account
@StephGrisham45
about to get all tweets newer than ID #957450062162022400 for account @Scavino45
about to get all tweets newer than ID #930982584649175047 for account
@mike_pence
about to get all tweets newer than ID #958077040326004738 for account
@WhiteHouse
getting all tweets before ID #951567167425826820
    ...400 tweets downloaded so far


New tweet from WhiteHouse: Meet some of the special guests that will be seated
 with @FLOTUS at the President’s first #SOTU address:… https://t.co/dDBJE7tKHV

archiving URL http://twitter.com/WhiteHouse/status/958115297176801280
    ... archiving using prefix http://web.archive.org/save/
about to get all tweets newer than ID #956905287704772608 for account
@BetsyDeVosED

archiving URL https://twitter.com/WhiteHouse/status/958115297176801280
    ... archiving using prefix http://web.archive.org/save/
about to get all tweets newer than ID #955492025830387714 for account @Reince
about to get all tweets newer than ID #957383382358528001 for account
@TomBossert45
about to get all tweets newer than ID #958100957602111489 for account @PRyan
about to get all tweets newer than ID #957332043905585152 for account
@SecretarySonny
about to get all tweets newer than ID #958114750008844291 for account
@SecretaryAcosta
about to get all tweets newer than ID #903694300306923521 for account
@SecElaineChao
about to get all tweets newer than ID #958116530390257672 for account @SBALinda
getting all tweets before ID #930199056768557055
    ...400 tweets downloaded so far


New tweet from SBALinda: RT @FoxBusiness: .@SBALinda: Small businesses will
invest more thanks to tax bill https://t.co/RZuQXFLKCs

archiving URL http://twitter.com/SBALinda/status/958127549439201281
    ... archiving using prefix http://web.archive.org/save/
about to get all tweets newer than ID #958086091910901761 for account
@JessicaDitto45

archiving URL https://twitter.com/SBALinda/status/958127549439201281
    ... archiving using prefix http://web.archive.org/save/
about to get all tweets newer than ID #890659905798983680 for account @Reince45
about to get all tweets newer than ID #954948632666693632 for account
@DanScavino
about to get all tweets newer than ID #957736917642235909 for account
@RealBenCarson
about to get all tweets newer than ID #956131391955197952 for account
@KellyannePolls
about to get all tweets newer than ID #958099815111581696 for account
@SecretaryZinke
about to get all tweets newer than ID #957376877420859393 for account
@stevenmnuchin1
about to get all tweets newer than ID #957953494388019203 for account
@Scaramucci
about to get all tweets newer than ID #958070403901124609 for account
@realDonaldTrump
about to get all tweets newer than ID #954801265732661248 for account
@MELANIATRUMP
about to get all tweets newer than ID #816290296048873472 for account
@WilburRoss
about to get all tweets newer than ID #958090523364986887 for account
@MickMulvaneyOMB
about to get all tweets newer than ID #-1 for account @ElaineChao
about to get all tweets newer than ID #856041462164836355 for account
@FirstLadyIN
about to get all tweets newer than ID #836780744810844161 for account
@StephenMillerAL
about to get all tweets newer than ID #955254388423118849 for account
@GovernorPerry
about to get all tweets newer than ID #816846808789958656 for account
@SenDanCoats
about to get all tweets newer than ID #958070722554982403 for account @POTUS
about to get all tweets newer than ID #958111581279260672 for account @VP
about to get all tweets newer than ID #958097258683207681 for account
@IvankaTrump
about to get all tweets newer than ID #958091777810096131 for account
@seanspicer
about to get all tweets newer than ID #830074939298414592 for account
@RepTomPrice
about to get all tweets newer than ID #958057877960261632 for account
@EPAScottPruitt
about to get all tweets newer than ID #957297411876995072 for account @FLOTUS
about to get all tweets newer than ID #958115424759111688 for account
@SpeakerRyan
about to get all tweets newer than ID #-1 for account @jaredkushner
... OK, we're set up, and about to watch 836305915452272641, 828613457020870657,
 892173412818354177, 798195585824104449, 822127086194348032, 599530439,
296060169, 15985455, 830128820447539208, 818927131883356161, 831482588246196225,
 37666984, 65522706, 829782369670410240, 823638938590085124, 823367015830323201,
 22203756, 822215673812119553, 828997388920619008, 20733972, 866746592853979137,
 733751245, 842072478834909184, 819980276570976256, 826065858548133888,
819992522109894658, 836724024688410625, 803703725730779136, 620571475,
1180379185, 471672239, 827258161841135623, 799764016885329921, 24578794,
25073877, 108471631, 809836066316451840, 888031054141022209, 105267762,
1923451808, 728361177986797568, 18906561, 212262370, 822215679726100480,
818910970567344128, 52544275, 20776147, 6577802, 832672006113931269,
818876014390603776, 18916432, 29547260


New tweet from VP: RT @SecondLady: Second Lady Karen Pence advocates for art
therapy to help Fort Hood soldiers https://t.co/AEqgOiA3GN via @KCENNews

archiving URL http://twitter.com/VP/status/958128806606376966
    ... archiving using prefix http://web.archive.org/save/

archiving URL https://twitter.com/VP/status/958128806606376966
    ... archiving using prefix http://web.archive.org/save/
WARNING: received error HTTPSConnectionPool(host='stream.twitter.com',
port=443): Read timed out.; sleeping and trying again ...
WARNING: received error HTTPSConnectionPool(host='stream.twitter.com',
port=443): Read timed out.; sleeping and trying again ...
WARNING: received error HTTPSConnectionPool(host='stream.twitter.com',
port=443): Read timed out.; sleeping and trying again ...


New tweet from WhiteHouse: RT @AGJeffLandry: BREAKING: Local Heroes Chosen by
@POTUS as Special Guests of the President and @FLOTUS at the State of the Union;
 AG Land…

archiving URL http://twitter.com/WhiteHouse/status/958134753206685698
    ... archiving using prefix http://web.archive.org/save/

archiving URL https://twitter.com/WhiteHouse/status/958134753206685698
    ... archiving using prefix http://web.archive.org/save/


New tweet from PressSec: RT @RepAndyBarr: Very proud that my National Security
 Fellow, Corporal (Ret.) Matthew Bradford, @bionikmatt5, will attend the #SOTU
as a sp…

archiving URL http://twitter.com/PressSec/status/958135197173714946
    ... archiving using prefix http://web.archive.org/save/

archiving URL https://twitter.com/PressSec/status/958135197173714946
    ... archiving using prefix http://web.archive.org/save/
WARNING: received error HTTPSConnectionPool(host='stream.twitter.com',
port=443): Read timed out.; sleeping and trying again ...


New tweet from Scavino45: “At @ExxonMobil, we plan to invest more than $50
billion over the next five years to expand our business in the U.S…
https://t.co/iL9OcWIzBl

archiving URL http://twitter.com/Scavino45/status/958138150186094592
    ... archiving using prefix http://web.archive.org/save/

archiving URL https://twitter.com/Scavino45/status/958138150186094592
    ... archiving using prefix http://web.archive.org/save/
INFO: handling a deletion for data:

{'delete': {'status': {'id':
958138150186094592,
                       'id_str': '958138150186094592',

                       'user_id': 823367015830323201,
'user_id_str': '823367015830323201'},
            'timestamp_ms':
'1517272948496'}}
INFO: successfully dumped raw data to JSON file
INFO: We're handling a deletion notification for tweet ID# 958138150186094592 on
 account Scavino45
INFO: get_archived_tweet() called to get tweet ID 958138150186094592 for account
 Scavino45
INFO: found a tweet!
http://web.archive.org/*/http://twitter.com/Scavino45/status/958138150186094592
“At @ExxonMobil, we plan to invest more than $50 billion over the next five
years to expand our business in the U.S… https://t.co/iL9OcWIzBl
... adding to list of deleted tweets
... added
... but we're not going to tweet about it because Scavino45 is not in the list
of accounts we tweet about


New tweet from Scavino45: “At @ExxonMobil, we plan to invest more than $50
billion over the next five years to expand our business in the Uni…
https://t.co/F1uGiXy6Cl

archiving URL http://twitter.com/Scavino45/status/958138447897808896
    ... archiving using prefix http://web.archive.org/save/

archiving URL https://twitter.com/Scavino45/status/958138447897808896
    ... archiving using prefix http://web.archive.org/save/


New tweet from Scavino45: President Donald J. Trump and First Lady Melania
Trump announced that the following individuals will be seated with…
https://t.co/QplwHVW3oV

archiving URL http://twitter.com/Scavino45/status/958138697899274240
    ... archiving using prefix http://web.archive.org/save/

archiving URL https://twitter.com/Scavino45/status/958138697899274240
    ... archiving using prefix http://web.archive.org/save/


New tweet from PRyan: Starting next month, 90% of American workers will see
bigger paychecks and more take-home pay. https://t.co/rG4hoxIxJs

archiving URL http://twitter.com/PRyan/status/958140203440336896
    ... archiving using prefix http://web.archive.org/save/

archiving URL https://twitter.com/PRyan/status/958140203440336896
    ... archiving using prefix http://web.archive.org/save/
WARNING: received error ('Connection broken: IncompleteRead(0 bytes read, 512
more expected)', IncompleteRead(0 bytes read, 512 more expected)); sleeping and
trying again ...
WARNING: received error HTTPSConnectionPool(host='stream.twitter.com',
port=443): Read timed out.; sleeping and trying again ...


New tweet from StephGrisham45: RT @USATODAY: Preston Sharp, the creator of the
 Flag and Flower Challenge, has been placing flags and flowers on the graves of
veterans sin…

archiving URL http://twitter.com/StephGrisham45/status/958151273492238336
    ... archiving using prefix http://web.archive.org/save/

archiving URL https://twitter.com/StephGrisham45/status/958151273492238336
    ... archiving using prefix http://web.archive.org/save/


New tweet from Scavino45: New @HHSGov Secretary is on Twitter at: @SecAzar.
https://t.co/sjprI37JgS https://t.co/y4oLVEEAMh

archiving URL http://twitter.com/Scavino45/status/958151415175745536
    ... archiving using prefix http://web.archive.org/save/

archiving URL https://twitter.com/Scavino45/status/958151415175745536
    ... archiving using prefix http://web.archive.org/save/


New tweet from nikkihaley: @hey_its_rena ❤️

archiving URL http://twitter.com/nikkihaley/status/958152964694212608
    ... archiving using prefix http://web.archive.org/save/

archiving URL https://twitter.com/nikkihaley/status/958152964694212608
    ... archiving using prefix http://web.archive.org/save/


New tweet from SecretaryAcosta: @SenatorIsakson @HomeDepot @USDOL Thank you
Senator.  It was great to be in Georgia.

archiving URL http://twitter.com/SecretaryAcosta/status/958155581684142080
    ... archiving using prefix http://web.archive.org/save/

archiving URL https://twitter.com/SecretaryAcosta/status/958155581684142080
    ... archiving using prefix http://web.archive.org/save/


New tweet from StephGrisham45: RT @WhiteHouse: Meet some of the special guests
 that will be seated with @FLOTUS at the President’s first #SOTU address:
https://t.co/6LnqM…

archiving URL http://twitter.com/StephGrisham45/status/958155995037011968
    ... archiving using prefix http://web.archive.org/save/

archiving URL https://twitter.com/StephGrisham45/status/958155995037011968
    ... archiving using prefix http://web.archive.org/save/
WARNING: received error ('Connection broken: IncompleteRead(0 bytes read, 512
more expected)', IncompleteRead(0 bytes read, 512 more expected)); sleeping and
trying again ...
WARNING: received error HTTPSConnectionPool(host='stream.twitter.com',
port=443): Read timed out.; sleeping and trying again ...
WARNING: received error HTTPSConnectionPool(host='stream.twitter.com',
port=443): Read timed out.; sleeping and trying again ...
WARNING: received error HTTPSConnectionPool(host='stream.twitter.com',
port=443): Read timed out.; sleeping and trying again ...


New tweet from JessicaDitto45: RT @RepAndyBarr: Very proud that my National
Security Fellow, Corporal (Ret.) Matthew Bradford, @bionikmatt5, will attend the
 #SOTU as a sp…

archiving URL http://twitter.com/JessicaDitto45/status/958167430156767232
    ... archiving using prefix http://web.archive.org/save/

archiving URL https://twitter.com/JessicaDitto45/status/958167430156767232
    ... archiving using prefix http://web.archive.org/save/


New tweet from JessicaDitto45: RT @Scavino45: President Donald J. Trump and
First Lady Melania Trump announced that the following individuals will be seated
 with the Firs…

archiving URL http://twitter.com/JessicaDitto45/status/958167558171095040
    ... archiving using prefix http://web.archive.org/save/

archiving URL https://twitter.com/JessicaDitto45/status/958167558171095040
    ... archiving using prefix http://web.archive.org/save/


New tweet from JessicaDitto45: RT @USATODAY: Preston Sharp, the creator of the
 Flag and Flower Challenge, has been placing flags and flowers on the graves of
veterans sin…

archiving URL http://twitter.com/JessicaDitto45/status/958167958467022849
    ... archiving using prefix http://web.archive.org/save/

archiving URL https://twitter.com/JessicaDitto45/status/958167958467022849
    ... archiving using prefix http://web.archive.org/save/


New tweet from KellyannePolls: Another big win for workers.
https://t.co/nTDE3YihaY

archiving URL http://twitter.com/KellyannePolls/status/958169508971270144
    ... archiving using prefix http://web.archive.org/save/

archiving URL https://twitter.com/KellyannePolls/status/958169508971270144
    ... archiving using prefix http://web.archive.org/save/


New tweet from JessicaDitto45: Read this inspiring story about some of the
special guests who will be sitting with @FLOTUS tomorrow when @POTUS de…
https://t.co/kIWmlS3qoL

archiving URL http://twitter.com/JessicaDitto45/status/958169916493922304
    ... archiving using prefix http://web.archive.org/save/

archiving URL https://twitter.com/JessicaDitto45/status/958169916493922304
    ... archiving using prefix http://web.archive.org/save/


New tweet from KellyannePolls: ...and that the legitimacy of one's claim
should not depend on one's politics. https://t.co/XFsV3VhwuT

archiving URL http://twitter.com/KellyannePolls/status/958170152880754689
    ... archiving using prefix http://web.archive.org/save/

archiving URL https://twitter.com/KellyannePolls/status/958170152880754689
    ... archiving using prefix http://web.archive.org/save/


New tweet from Scavino45: Tomorrow nights State of the Union will be webcast
for the first time ever on Twitter. #USA🇺🇸#SOTU https://t.co/VSuOwhGdpC

archiving URL http://twitter.com/Scavino45/status/958170497883176961
    ... archiving using prefix http://web.archive.org/save/

archiving URL https://twitter.com/Scavino45/status/958170497883176961
    ... archiving using prefix http://web.archive.org/save/


New tweet from KellyannePolls: RT @FoxNews: Pentagon slams teacher who called
military members 'lowest of our low' https://t.co/m1IdxxksD8

archiving URL http://twitter.com/KellyannePolls/status/958171085035442176
    ... archiving using prefix http://web.archive.org/save/

archiving URL https://twitter.com/KellyannePolls/status/958171085035442176
    ... archiving using prefix http://web.archive.org/save/


New tweet from KellyannePolls: RT @dcexaminer: Flashback: Bill Clinton SOTU
condemned illegals as lawbreakers robbing jobs, taxes https://t.co/8xHqQ1wWpn
https://t.co/02a…

archiving URL http://twitter.com/KellyannePolls/status/958171365168893952
    ... archiving using prefix http://web.archive.org/save/

archiving URL https://twitter.com/KellyannePolls/status/958171365168893952
    ... archiving using prefix http://web.archive.org/save/


New tweet from Scaramucci: RT @ScottFoxonair: Just had a great lunch and
fantastic chat about 🇺🇸 and 🇨🇦 politics with @Scaramucci
#MakeAmericaGreatAgain. #MAGA https…

archiving URL http://twitter.com/Scaramucci/status/958171547180597249
    ... archiving using prefix http://web.archive.org/save/

archiving URL https://twitter.com/Scaramucci/status/958171547180597249
    ... archiving using prefix http://web.archive.org/save/


New tweet from KellyannePolls: RT @FoxNews: .@KellyannePolls on @NancyPelosi
calling company bonuses to workers due to tax reform 'crumbs': "It sounded much
like that com…

archiving URL http://twitter.com/KellyannePolls/status/958172116284792832
    ... archiving using prefix http://web.archive.org/save/

archiving URL https://twitter.com/KellyannePolls/status/958172116284792832
    ... archiving using prefix http://web.archive.org/save/


New tweet from seanspicer: RT @seanhannity: Tonight on #Hannity I’m live in
Washington with @JudgeJeanine, @SaraCarterDC, @SebGorka, @KellyannePolls,
@edhenry, @brith…

archiving URL http://twitter.com/seanspicer/status/958174345347633152
    ... archiving using prefix http://web.archive.org/save/

archiving URL https://twitter.com/seanspicer/status/958174345347633152
    ... archiving using prefix http://web.archive.org/save/


New tweet from seanspicer: Thanks for having us. https://t.co/jiqcby5hza

archiving URL http://twitter.com/seanspicer/status/958174473210998784
    ... archiving using prefix http://web.archive.org/save/

archiving URL https://twitter.com/seanspicer/status/958174473210998784
    ... archiving using prefix http://web.archive.org/save/


New tweet from seanspicer: Amazing view of @uscapitol from the set of @FoxNews
 @seanhannity with fellow former @WhiteHouse press secretary…
https://t.co/HbQbjSOs2d

archiving URL http://twitter.com/seanspicer/status/958174941563768833
    ... archiving using prefix http://web.archive.org/save/

archiving URL https://twitter.com/seanspicer/status/958174941563768833
    ... archiving using prefix http://web.archive.org/save/


New tweet from Scaramucci: RT @SiddonsDan: “[@realDonaldTrump has] been
winning... The economy is booming, wages are up."~@Scaramucci
https://t.co/h3QR47jBp4

archiving URL http://twitter.com/Scaramucci/status/958174986467987458
    ... archiving using prefix http://web.archive.org/save/

archiving URL https://twitter.com/Scaramucci/status/958174986467987458
    ... archiving using prefix http://web.archive.org/save/
WARNING: received error HTTPSConnectionPool(host='stream.twitter.com',
port=443): Read timed out.; sleeping and trying again ...
WARNING: received error HTTPSConnectionPool(host='stream.twitter.com',
port=443): Read timed out.; sleeping and trying again ...
WARNING: received error HTTPSConnectionPool(host='stream.twitter.com',
port=443): Read timed out.; sleeping and trying again ...
WARNING: received error HTTPSConnectionPool(host='stream.twitter.com',
port=443): Read timed out.; sleeping and trying again ...
WARNING: received error HTTPSConnectionPool(host='stream.twitter.com',
port=443): Read timed out.; sleeping and trying again ...
WARNING: received error HTTPSConnectionPool(host='stream.twitter.com',
port=443): Read timed out.; sleeping and trying again ...
WARNING: received error HTTPSConnectionPool(host='stream.twitter.com',
port=443): Read timed out.; sleeping and trying again ...
WARNING: received error HTTPSConnectionPool(host='stream.twitter.com',
port=443): Read timed out.; sleeping and trying again ...
WARNING: received error HTTPSConnectionPool(host='stream.twitter.com',
port=443): Read timed out.; sleeping and trying again ...
WARNING: received error HTTPSConnectionPool(host='stream.twitter.com',
port=443): Read timed out.; sleeping and trying again ...
WARNING: received error HTTPSConnectionPool(host='stream.twitter.com',
port=443): Read timed out.; sleeping and trying again ...
WARNING: received error HTTPSConnectionPool(host='stream.twitter.com',
port=443): Read timed out.; sleeping and trying again ...
WARNING: received error HTTPSConnectionPool(host='stream.twitter.com',
port=443): Read timed out.; sleeping and trying again ...
WARNING: received error HTTPSConnectionPool(host='stream.twitter.com',
port=443): Read timed out.; sleeping and trying again ...
WARNING: received error HTTPSConnectionPool(host='stream.twitter.com',
port=443): Read timed out.; sleeping and trying again ...
WARNING: received error HTTPSConnectionPool(host='stream.twitter.com',
port=443): Read timed out.; sleeping and trying again ...
WARNING: received error HTTPSConnectionPool(host='stream.twitter.com',
port=443): Read timed out.; sleeping and trying again ...


New tweet from SBALinda: #SmallBusiness owners, without fail, tell me they are
 going to use the #TaxCuts savings to reinvest in their compan…
https://t.co/t5zjBOPgve

archiving URL http://twitter.com/SBALinda/status/958320563210145792
    ... archiving using prefix http://web.archive.org/save/

archiving URL https://twitter.com/SBALinda/status/958320563210145792
    ... archiving using prefix http://web.archive.org/save/


New tweet from AshLeeStrong: RT @ainsleyearhardt: TUNE IN ALERT! Don’t miss
our interview with @SpeakerRyan airing this morning on @foxandfriends. (📸:Caleb
Smith, Offic…

archiving URL http://twitter.com/AshLeeStrong/status/958321128472227840
    ... archiving using prefix http://web.archive.org/save/

archiving URL https://twitter.com/AshLeeStrong/status/958321128472227840
    ... archiving using prefix http://web.archive.org/save/
WARNING: received error ('Connection broken: IncompleteRead(0 bytes read, 512
more expected)', IncompleteRead(0 bytes read, 512 more expected)); sleeping and
trying again ...
WARNING: received error HTTPSConnectionPool(host='stream.twitter.com',
port=443): Read timed out.; sleeping and trying again ...


New tweet from SecretarySonny: At the @WhiteHouse this morning, greeted by a
great crowd of agricultural leaders from across the country -…
https://t.co/T66o8qdIoj

archiving URL http://twitter.com/SecretarySonny/status/958331509496303616
    ... archiving using prefix http://web.archive.org/save/

archiving URL https://twitter.com/SecretarySonny/status/958331509496303616
    ... archiving using prefix http://web.archive.org/save/
WARNING: received error HTTPSConnectionPool(host='stream.twitter.com',
port=443): Read timed out.; sleeping and trying again ...


New tweet from SBALinda: Thank you for having me on today @MariaBartiromo
@FoxBusiness. #SBA https://t.co/dqc6pTE4iZ

archiving URL http://twitter.com/SBALinda/status/958338466626048001
    ... archiving using prefix http://web.archive.org/save/

archiving URL https://twitter.com/SBALinda/status/958338466626048001
    ... archiving using prefix http://web.archive.org/save/


New tweet from PressSec: RT @SBALinda: #SmallBusiness owners, without fail,
tell me they are going to use the #TaxCuts savings to reinvest in their
companies by inc…

archiving URL http://twitter.com/PressSec/status/958345211733831682
    ... archiving using prefix http://web.archive.org/save/


New tweet from SpeakerRyan: RT @CNBC: Pfizer exceeds Street expectations and
divulges plan for tax law windfall https://t.co/2k52RPzdfj

archiving URL http://twitter.com/SpeakerRyan/status/958345242423578625
    ... archiving using prefix http://web.archive.org/save/


New tweet from PressSec: RT @SecretarySonny: At the @WhiteHouse this morning,
greeted by a great crowd of agricultural leaders from across the country -
@NASDAnews,…

archiving URL http://twitter.com/PressSec/status/958345247108534273
    ... archiving using prefix http://web.archive.org/save/

archiving URL https://twitter.com/PressSec/status/958345211733831682
    ... archiving using prefix http://web.archive.org/save/

archiving URL https://twitter.com/PressSec/status/958345247108534273
    ... archiving using prefix http://web.archive.org/save/

archiving URL https://twitter.com/SpeakerRyan/status/958345242423578625
    ... archiving using prefix http://web.archive.org/save/


New tweet from PressSec: The Trump Effect on the economy continues. More great
 news for American workers. https://t.co/EWen0Vi98e

archiving URL http://twitter.com/PressSec/status/958345582916943877
    ... archiving using prefix http://web.archive.org/save/

archiving URL https://twitter.com/PressSec/status/958345582916943877
    ... archiving using prefix http://web.archive.org/save/


New tweet from WhiteHouse: RT @SecretarySonny: At the @WhiteHouse this
morning, greeted by a great crowd of agricultural leaders from across the
country - @NASDAnews,…

archiving URL http://twitter.com/WhiteHouse/status/958346683842289664
    ... archiving using prefix http://web.archive.org/save/

archiving URL https://twitter.com/WhiteHouse/status/958346683842289664
    ... archiving using prefix http://web.archive.org/save/


New tweet from WhiteHouse: RT @PressSec: The Trump Effect on the economy
continues. More great news for American workers. https://t.co/EWen0Vi98e

archiving URL http://twitter.com/WhiteHouse/status/958346869322780673
    ... archiving using prefix http://web.archive.org/save/
WARNING: received error ('Connection broken: IncompleteRead(0 bytes read, 512
more expected)', IncompleteRead(0 bytes read, 512 more expected)); sleeping and
trying again ...
WARNING: attempt to archive timed out, sleeping for 10 seconds
