Hello, traveler. This is the beginning of a log file called: "Fascist Tweet Archiver".
Some basic system info about the host machine: posix.uname_result(sysname='Linux', nodename='file-server', release='3.16.0-7-686-pae', version='#1 SMP Debian 3.16.59-1 (2018-10-03)', machine='i686')
This log was begun Saturday, 03 November 2018 at 22:02



INFO: read target account data; we're tracking 59 accounts
WARNING: no ProtocolError (got exception "name 'ProtocolError' is not defined");
 trying requests.packages.urllib3.exceptions instead
NOTE: successfully imported from requests
Starting up...
about to get all tweets newer than ID #1056583498994196481 for account
@IvankaTrump
ERROR: unable to get tweets for account @IvankaTrump
           the system said: Failed to send request:
HTTPSConnectionPool(host='api.twitter.com', port=443): Max retries exceeded with
 url: /1.1/statuses/user_timeline.json?screen_name=IvankaTrump&count=200 (Caused
 by NewConnectionError('<requests.packages.urllib3.connection.VerifiedHTTPSConne
ction object at 0xb669d52c>: Failed to establish a new connection: [Errno -2]
Name or service not known',))
about to get all tweets newer than ID #1056675853340418050 for account
@StephGrisham45
ERROR: unable to get tweets for account @StephGrisham45
           the system said: Failed to send request:
HTTPSConnectionPool(host='api.twitter.com', port=443): Max retries exceeded with
 url: /1.1/statuses/user_timeline.json?screen_name=StephGrisham45&count=200
(Caused by NewConnectionError('<requests.packages.urllib3.connection.VerifiedHTT
PSConnection object at 0xb65e5eec>: Failed to establish a new connection: [Errno
 -2] Name or service not known',))
about to get all tweets newer than ID #1055852305243914240 for account @Cabinet
ERROR: unable to get tweets for account @Cabinet
           the system said: Failed to send request:
HTTPSConnectionPool(host='api.twitter.com', port=443): Max retries exceeded with
 url: /1.1/statuses/user_timeline.json?screen_name=Cabinet&count=200 (Caused by
NewConnectionError('<requests.packages.urllib3.connection.VerifiedHTTPSConnectio
n object at 0xb65e58ec>: Failed to establish a new connection: [Errno -2] Name
or service not known',))
about to get all tweets newer than ID #1055932878113173504 for account
@DepSecHargan
ERROR: unable to get tweets for account @DepSecHargan
           the system said: Failed to send request:
HTTPSConnectionPool(host='api.twitter.com', port=443): Max retries exceeded with
 url: /1.1/statuses/user_timeline.json?screen_name=DepSecHargan&count=200
(Caused by NewConnectionError('<requests.packages.urllib3.connection.VerifiedHTT
PSConnection object at 0xb65f01ac>: Failed to establish a new connection: [Errno
 -2] Name or service not known',))
about to get all tweets newer than ID #1056660118442397696 for account
@AshLeeStrong
ERROR: unable to get tweets for account @AshLeeStrong
           the system said: Failed to send request:
HTTPSConnectionPool(host='api.twitter.com', port=443): Max retries exceeded with
 url: /1.1/statuses/user_timeline.json?screen_name=AshLeeStrong&count=200
(Caused by NewConnectionError('<requests.packages.urllib3.connection.VerifiedHTT
PSConnection object at 0xb65eaaec>: Failed to establish a new connection: [Errno
 -2] Name or service not known',))
about to get all tweets newer than ID #1056174770096611333 for account
@statedeptspox
ERROR: unable to get tweets for account @statedeptspox
           the system said: Failed to send request:
HTTPSConnectionPool(host='api.twitter.com', port=443): Max retries exceeded with
 url: /1.1/statuses/user_timeline.json?screen_name=statedeptspox&count=200
(Caused by NewConnectionError('<requests.packages.urllib3.connection.VerifiedHTT
PSConnection object at 0xb65eb38c>: Failed to establish a new connection: [Errno
 -2] Name or service not known',))
about to get all tweets newer than ID #903694300306923521 for account
@SecElaineChao
ERROR: unable to get tweets for account @SecElaineChao
           the system said: Failed to send request:
HTTPSConnectionPool(host='api.twitter.com', port=443): Max retries exceeded with
 url: /1.1/statuses/user_timeline.json?screen_name=SecElaineChao&count=200
(Caused by NewConnectionError('<requests.packages.urllib3.connection.VerifiedHTT
PSConnection object at 0xb65e5e4c>: Failed to establish a new connection: [Errno
 -2] Name or service not known',))
about to get all tweets newer than ID #1056584573876887553 for account
@JessicaDitto45
ERROR: unable to get tweets for account @JessicaDitto45
           the system said: Failed to send request:
HTTPSConnectionPool(host='api.twitter.com', port=443): Max retries exceeded with
 url: /1.1/statuses/user_timeline.json?screen_name=JessicaDitto45&count=200
(Caused by NewConnectionError('<requests.packages.urllib3.connection.VerifiedHTT
PSConnection object at 0xb65e5c0c>: Failed to establish a new connection: [Errno
 -2] Name or service not known',))
about to get all tweets newer than ID #1054783431232634880 for account
@RealBenCarson
ERROR: unable to get tweets for account @RealBenCarson
           the system said: Failed to send request:
HTTPSConnectionPool(host='api.twitter.com', port=443): Max retries exceeded with
 url: /1.1/statuses/user_timeline.json?screen_name=RealBenCarson&count=200
(Caused by NewConnectionError('<requests.packages.urllib3.connection.VerifiedHTT
PSConnection object at 0xb65eb18c>: Failed to establish a new connection: [Errno
 -2] Name or service not known',))
about to get all tweets newer than ID #1055898247884083200 for account
@EnergyDepSec
ERROR: unable to get tweets for account @EnergyDepSec
           the system said: Failed to send request:
HTTPSConnectionPool(host='api.twitter.com', port=443): Max retries exceeded with
 url: /1.1/statuses/user_timeline.json?screen_name=EnergyDepSec&count=200
(Caused by NewConnectionError('<requests.packages.urllib3.connection.VerifiedHTT
PSConnection object at 0xb65f8dac>: Failed to establish a new connection: [Errno
 -2] Name or service not known',))
about to get all tweets newer than ID #830074939298414592 for account
@RepTomPrice
ERROR: unable to get tweets for account @RepTomPrice
           the system said: Failed to send request:
HTTPSConnectionPool(host='api.twitter.com', port=443): Max retries exceeded with
 url: /1.1/statuses/user_timeline.json?screen_name=RepTomPrice&count=200 (Caused
 by NewConnectionError('<requests.packages.urllib3.connection.VerifiedHTTPSConne
ction object at 0xb65f8f8c>: Failed to establish a new connection: [Errno -2]
Name or service not known',))
about to get all tweets newer than ID #1056653424878645248 for account
@SecretaryZinke
ERROR: unable to get tweets for account @SecretaryZinke
           the system said: Failed to send request:
HTTPSConnectionPool(host='api.twitter.com', port=443): Max retries exceeded with
 url: /1.1/statuses/user_timeline.json?screen_name=SecretaryZinke&count=200
(Caused by NewConnectionError('<requests.packages.urllib3.connection.VerifiedHTT
PSConnection object at 0xb669d42c>: Failed to establish a new connection: [Errno
 -2] Name or service not known',))
about to get all tweets newer than ID #1056675756896673792 for account
@GovernorPerry
ERROR: unable to get tweets for account @GovernorPerry
           the system said: Failed to send request:
HTTPSConnectionPool(host='api.twitter.com', port=443): Max retries exceeded with
 url: /1.1/statuses/user_timeline.json?screen_name=GovernorPerry&count=200
(Caused by NewConnectionError('<requests.packages.urllib3.connection.VerifiedHTT
PSConnection object at 0xb65f9f4c>: Failed to establish a new connection: [Errno
 -2] Name or service not known',))
about to get all tweets newer than ID #994396943421001728 for account
@TomBossert45
ERROR: unable to get tweets for account @TomBossert45
           the system said: Failed to send request:
HTTPSConnectionPool(host='api.twitter.com', port=443): Max retries exceeded with
 url: /1.1/statuses/user_timeline.json?screen_name=TomBossert45&count=200
(Caused by NewConnectionError('<requests.packages.urllib3.connection.VerifiedHTT
PSConnection object at 0xb669dccc>: Failed to establish a new connection: [Errno
 -2] Name or service not known',))
about to get all tweets newer than ID #1056576757418082305 for account @SBALinda
ERROR: unable to get tweets for account @SBALinda
           the system said: Failed to send request:
HTTPSConnectionPool(host='api.twitter.com', port=443): Max retries exceeded with
 url: /1.1/statuses/user_timeline.json?screen_name=SBALinda&count=200 (Caused by
 NewConnectionError('<requests.packages.urllib3.connection.VerifiedHTTPSConnecti
on object at 0xb65f036c>: Failed to establish a new connection: [Errno -2] Name
or service not known',))
about to get all tweets newer than ID #1021844939473387520 for account
@IvankaTrumpHQ
ERROR: unable to get tweets for account @IvankaTrumpHQ
           the system said: Failed to send request:
HTTPSConnectionPool(host='api.twitter.com', port=443): Max retries exceeded with
 url: /1.1/statuses/user_timeline.json?screen_name=IvankaTrumpHQ&count=200
(Caused by NewConnectionError('<requests.packages.urllib3.connection.VerifiedHTT
PSConnection object at 0xb65eb94c>: Failed to establish a new connection: [Errno
 -2] Name or service not known',))
about to get all tweets newer than ID #1056223944112513024 for account
@SecNielsen
ERROR: unable to get tweets for account @SecNielsen
           the system said: Failed to send request:
HTTPSConnectionPool(host='api.twitter.com', port=443): Max retries exceeded with
 url: /1.1/statuses/user_timeline.json?screen_name=SecNielsen&count=200 (Caused
by NewConnectionError('<requests.packages.urllib3.connection.VerifiedHTTPSConnec
tion object at 0xb65ea3cc>: Failed to establish a new connection: [Errno -2]
Name or service not known',))
about to get all tweets newer than ID #978650205192044545 for account
@SecShulkin
ERROR: unable to get tweets for account @SecShulkin
           the system said: Failed to send request:
HTTPSConnectionPool(host='api.twitter.com', port=443): Max retries exceeded with
 url: /1.1/statuses/user_timeline.json?screen_name=SecShulkin&count=200 (Caused
by NewConnectionError('<requests.packages.urllib3.connection.VerifiedHTTPSConnec
tion object at 0xb65f70ac>: Failed to establish a new connection: [Errno -2]
Name or service not known',))
about to get all tweets newer than ID #890659905798983680 for account @Reince45
ERROR: unable to get tweets for account @Reince45
           the system said: Failed to send request:
HTTPSConnectionPool(host='api.twitter.com', port=443): Max retries exceeded with
 url: /1.1/statuses/user_timeline.json?screen_name=Reince45&count=200 (Caused by
 NewConnectionError('<requests.packages.urllib3.connection.VerifiedHTTPSConnecti
on object at 0xb65ea66c>: Failed to establish a new connection: [Errno -2] Name
or service not known',))
about to get all tweets newer than ID #1055322312306679810 for account @Reince
ERROR: unable to get tweets for account @Reince
           the system said: Failed to send request:
HTTPSConnectionPool(host='api.twitter.com', port=443): Max retries exceeded with
 url: /1.1/statuses/user_timeline.json?screen_name=Reince&count=200 (Caused by N
ewConnectionError('<requests.packages.urllib3.connection.VerifiedHTTPSConnection
 object at 0xb65f906c>: Failed to establish a new connection: [Errno -2] Name or
 service not known',))
about to get all tweets newer than ID #1056214298635239426 for account @FLOTUS
ERROR: unable to get tweets for account @FLOTUS
           the system said: Failed to send request:
HTTPSConnectionPool(host='api.twitter.com', port=443): Max retries exceeded with
 url: /1.1/statuses/user_timeline.json?screen_name=FLOTUS&count=200 (Caused by N
ewConnectionError('<requests.packages.urllib3.connection.VerifiedHTTPSConnection
 object at 0xb669dc0c>: Failed to establish a new connection: [Errno -2] Name or
 service not known',))
about to get all tweets newer than ID #-1 for account @ElaineChao
ERROR: unable to get tweets for account @ElaineChao
           the system said: Failed to send request:
HTTPSConnectionPool(host='api.twitter.com', port=443): Max retries exceeded with
 url: /1.1/statuses/user_timeline.json?screen_name=ElaineChao&count=200 (Caused
by NewConnectionError('<requests.packages.urllib3.connection.VerifiedHTTPSConnec
tion object at 0xb65fd4ac>: Failed to establish a new connection: [Errno -2]
Name or service not known',))
about to get all tweets newer than ID #816846808789958656 for account
@SenDanCoats
ERROR: unable to get tweets for account @SenDanCoats
           the system said: Failed to send request:
HTTPSConnectionPool(host='api.twitter.com', port=443): Max retries exceeded with
 url: /1.1/statuses/user_timeline.json?screen_name=SenDanCoats&count=200 (Caused
 by NewConnectionError('<requests.packages.urllib3.connection.VerifiedHTTPSConne
ction object at 0xb65f92ec>: Failed to establish a new connection: [Errno -2]
Name or service not known',))
about to get all tweets newer than ID #913881045652688901 for account
@SecPriceMD
ERROR: unable to get tweets for account @SecPriceMD
           the system said: Failed to send request:
HTTPSConnectionPool(host='api.twitter.com', port=443): Max retries exceeded with
 url: /1.1/statuses/user_timeline.json?screen_name=SecPriceMD&count=200 (Caused
by NewConnectionError('<requests.packages.urllib3.connection.VerifiedHTTPSConnec
tion object at 0xb65f760c>: Failed to establish a new connection: [Errno -2]
Name or service not known',))
about to get all tweets newer than ID #832282841471918080 for account
@BetsyDeVos
ERROR: unable to get tweets for account @BetsyDeVos
           the system said: Failed to send request:
HTTPSConnectionPool(host='api.twitter.com', port=443): Max retries exceeded with
 url: /1.1/statuses/user_timeline.json?screen_name=BetsyDeVos&count=200 (Caused
by NewConnectionError('<requests.packages.urllib3.connection.VerifiedHTTPSConnec
tion object at 0xb65f9a2c>: Failed to establish a new connection: [Errno -2]
Name or service not known',))
about to get all tweets newer than ID #1056274723074654209 for account
@AmbJohnBolton
ERROR: unable to get tweets for account @AmbJohnBolton
           the system said: Failed to send request:
HTTPSConnectionPool(host='api.twitter.com', port=443): Max retries exceeded with
 url: /1.1/statuses/user_timeline.json?screen_name=AmbJohnBolton&count=200
(Caused by NewConnectionError('<requests.packages.urllib3.connection.VerifiedHTT
PSConnection object at 0xb65eb1ac>: Failed to establish a new connection: [Errno
 -2] Name or service not known',))
about to get all tweets newer than ID #1054906997592805377 for account
@BetsyDeVosED
ERROR: unable to get tweets for account @BetsyDeVosED
           the system said: Failed to send request:
HTTPSConnectionPool(host='api.twitter.com', port=443): Max retries exceeded with
 url: /1.1/statuses/user_timeline.json?screen_name=BetsyDeVosED&count=200
(Caused by NewConnectionError('<requests.packages.urllib3.connection.VerifiedHTT
PSConnection object at 0xb65eb96c>: Failed to establish a new connection: [Errno
 -2] Name or service not known',))
about to get all tweets newer than ID #856041462164836355 for account
@FirstLadyIN
ERROR: unable to get tweets for account @FirstLadyIN
           the system said: Failed to send request:
HTTPSConnectionPool(host='api.twitter.com', port=443): Max retries exceeded with
 url: /1.1/statuses/user_timeline.json?screen_name=FirstLadyIN&count=200 (Caused
 by NewConnectionError('<requests.packages.urllib3.connection.VerifiedHTTPSConne
ction object at 0xb65f810c>: Failed to establish a new connection: [Errno -2]
Name or service not known',))
about to get all tweets newer than ID #1056592374607024130 for account
@realDonaldTrump
ERROR: unable to get tweets for account @realDonaldTrump
           the system said: Failed to send request:
HTTPSConnectionPool(host='api.twitter.com', port=443): Max retries exceeded with
 url: /1.1/statuses/user_timeline.json?screen_name=realDonaldTrump&count=200
(Caused by NewConnectionError('<requests.packages.urllib3.connection.VerifiedHTT
PSConnection object at 0xb65ea16c>: Failed to establish a new connection: [Errno
 -2] Name or service not known',))
about to get all tweets newer than ID #1056276769991315456 for account
@stevenmnuchin1
ERROR: unable to get tweets for account @stevenmnuchin1
           the system said: Failed to send request:
HTTPSConnectionPool(host='api.twitter.com', port=443): Max retries exceeded with
 url: /1.1/statuses/user_timeline.json?screen_name=stevenmnuchin1&count=200
(Caused by NewConnectionError('<requests.packages.urllib3.connection.VerifiedHTT
PSConnection object at 0xb65ead0c>: Failed to establish a new connection: [Errno
 -2] Name or service not known',))
about to get all tweets newer than ID #-1 for account @jaredkushner
ERROR: unable to get tweets for account @jaredkushner
           the system said: Failed to send request:
HTTPSConnectionPool(host='api.twitter.com', port=443): Max retries exceeded with
 url: /1.1/statuses/user_timeline.json?screen_name=jaredkushner&count=200
(Caused by NewConnectionError('<requests.packages.urllib3.connection.VerifiedHTT
PSConnection object at 0xb65fdf6c>: Failed to establish a new connection: [Errno
 -2] Name or service not known',))
about to get all tweets newer than ID #1056301579563868161 for account
@Scavino45
ERROR: unable to get tweets for account @Scavino45
           the system said: Failed to send request:
HTTPSConnectionPool(host='api.twitter.com', port=443): Max retries exceeded with
 url: /1.1/statuses/user_timeline.json?screen_name=Scavino45&count=200 (Caused
by NewConnectionError('<requests.packages.urllib3.connection.VerifiedHTTPSConnec
tion object at 0xb65e5d0c>: Failed to establish a new connection: [Errno -2]
Name or service not known',))
about to get all tweets newer than ID #1055904039039311873 for account
@SecretaryCarson
ERROR: unable to get tweets for account @SecretaryCarson
           the system said: Failed to send request:
HTTPSConnectionPool(host='api.twitter.com', port=443): Max retries exceeded with
 url: /1.1/statuses/user_timeline.json?screen_name=SecretaryCarson&count=200
(Caused by NewConnectionError('<requests.packages.urllib3.connection.VerifiedHTT
PSConnection object at 0xb65f746c>: Failed to establish a new connection: [Errno
 -2] Name or service not known',))
about to get all tweets newer than ID #1056266716458745856 for account
@SecretaryAcosta
ERROR: unable to get tweets for account @SecretaryAcosta
           the system said: Failed to send request:
HTTPSConnectionPool(host='api.twitter.com', port=443): Max retries exceeded with
 url: /1.1/statuses/user_timeline.json?screen_name=SecretaryAcosta&count=200
(Caused by NewConnectionError('<requests.packages.urllib3.connection.VerifiedHTT
PSConnection object at 0xb65ea5ec>: Failed to establish a new connection: [Errno
 -2] Name or service not known',))
about to get all tweets newer than ID #1052617874668437504 for account
@MickMulvaneyOMB
ERROR: unable to get tweets for account @MickMulvaneyOMB
           the system said: Failed to send request:
HTTPSConnectionPool(host='api.twitter.com', port=443): Max retries exceeded with
 url: /1.1/statuses/user_timeline.json?screen_name=MickMulvaneyOMB&count=200
(Caused by NewConnectionError('<requests.packages.urllib3.connection.VerifiedHTT
PSConnection object at 0xb65eaf8c>: Failed to establish a new connection: [Errno
 -2] Name or service not known',))
about to get all tweets newer than ID #1056370413666734081 for account @VP
ERROR: unable to get tweets for account @VP
           the system said: Failed to send request:
HTTPSConnectionPool(host='api.twitter.com', port=443): Max retries exceeded with
 url: /1.1/statuses/user_timeline.json?screen_name=VP&count=200 (Caused by NewCo
nnectionError('<requests.packages.urllib3.connection.VerifiedHTTPSConnection
object at 0xb65f780c>: Failed to establish a new connection: [Errno -2] Name or
service not known',))
about to get all tweets newer than ID #1056324098165534720 for account
@mike_pence
ERROR: unable to get tweets for account @mike_pence
           the system said: Failed to send request:
HTTPSConnectionPool(host='api.twitter.com', port=443): Max retries exceeded with
 url: /1.1/statuses/user_timeline.json?screen_name=mike_pence&count=200 (Caused
by NewConnectionError('<requests.packages.urllib3.connection.VerifiedHTTPSConnec
tion object at 0xb65e552c>: Failed to establish a new connection: [Errno -2]
Name or service not known',))
about to get all tweets newer than ID #1056273768459497473 for account @POTUS
ERROR: unable to get tweets for account @POTUS
           the system said: Failed to send request:
HTTPSConnectionPool(host='api.twitter.com', port=443): Max retries exceeded with
 url: /1.1/statuses/user_timeline.json?screen_name=POTUS&count=200 (Caused by Ne
wConnectionError('<requests.packages.urllib3.connection.VerifiedHTTPSConnection
object at 0xb65fdc2c>: Failed to establish a new connection: [Errno -2] Name or
service not known',))
about to get all tweets newer than ID #824610180881117184 for account
@GovPenceIN
ERROR: unable to get tweets for account @GovPenceIN
           the system said: Failed to send request:
HTTPSConnectionPool(host='api.twitter.com', port=443): Max retries exceeded with
 url: /1.1/statuses/user_timeline.json?screen_name=GovPenceIN&count=200 (Caused
by NewConnectionError('<requests.packages.urllib3.connection.VerifiedHTTPSConnec
tion object at 0xb65f7a0c>: Failed to establish a new connection: [Errno -2]
Name or service not known',))
about to get all tweets newer than ID #1055497760999321600 for account @Comey
ERROR: unable to get tweets for account @Comey
           the system said: Failed to send request:
HTTPSConnectionPool(host='api.twitter.com', port=443): Max retries exceeded with
 url: /1.1/statuses/user_timeline.json?screen_name=Comey&count=200 (Caused by Ne
wConnectionError('<requests.packages.urllib3.connection.VerifiedHTTPSConnection
object at 0xb6696dec>: Failed to establish a new connection: [Errno -2] Name or
service not known',))
about to get all tweets newer than ID #1056304199129010178 for account
@nikkihaley
ERROR: unable to get tweets for account @nikkihaley
           the system said: Failed to send request:
HTTPSConnectionPool(host='api.twitter.com', port=443): Max retries exceeded with
 url: /1.1/statuses/user_timeline.json?screen_name=nikkihaley&count=200 (Caused
by NewConnectionError('<requests.packages.urllib3.connection.VerifiedHTTPSConnec
tion object at 0xb669daec>: Failed to establish a new connection: [Errno -2]
Name or service not known',))
about to get all tweets newer than ID #1055829255924432897 for account @PRyan
ERROR: unable to get tweets for account @PRyan
           the system said: Failed to send request:
HTTPSConnectionPool(host='api.twitter.com', port=443): Max retries exceeded with
 url: /1.1/statuses/user_timeline.json?screen_name=PRyan&count=200 (Caused by Ne
wConnectionError('<requests.packages.urllib3.connection.VerifiedHTTPSConnection
object at 0xb65f70cc>: Failed to establish a new connection: [Errno -2] Name or
service not known',))
about to get all tweets newer than ID #1056542731982569472 for account @PressSec
ERROR: unable to get tweets for account @PressSec
           the system said: Failed to send request:
HTTPSConnectionPool(host='api.twitter.com', port=443): Max retries exceeded with
 url: /1.1/statuses/user_timeline.json?screen_name=PressSec&count=200 (Caused by
 NewConnectionError('<requests.packages.urllib3.connection.VerifiedHTTPSConnecti
on object at 0xb65f534c>: Failed to establish a new connection: [Errno -2] Name
or service not known',))
about to get all tweets newer than ID #1056581297391501313 for account
@KellyannePolls
ERROR: unable to get tweets for account @KellyannePolls
           the system said: Failed to send request:
HTTPSConnectionPool(host='api.twitter.com', port=443): Max retries exceeded with
 url: /1.1/statuses/user_timeline.json?screen_name=KellyannePolls&count=200
(Caused by NewConnectionError('<requests.packages.urllib3.connection.VerifiedHTT
PSConnection object at 0xb65f718c>: Failed to establish a new connection: [Errno
 -2] Name or service not known',))
about to get all tweets newer than ID #1003795765028884485 for account
@Linda_McMahon
ERROR: unable to get tweets for account @Linda_McMahon
           the system said: Failed to send request:
HTTPSConnectionPool(host='api.twitter.com', port=443): Max retries exceeded with
 url: /1.1/statuses/user_timeline.json?screen_name=Linda_McMahon&count=200
(Caused by NewConnectionError('<requests.packages.urllib3.connection.VerifiedHTT
PSConnection object at 0xb65f0f4c>: Failed to establish a new connection: [Errno
 -2] Name or service not known',))
about to get all tweets newer than ID #1014519079284199424 for account
@EPAScottPruitt
ERROR: unable to get tweets for account @EPAScottPruitt
           the system said: Failed to send request:
HTTPSConnectionPool(host='api.twitter.com', port=443): Max retries exceeded with
 url: /1.1/statuses/user_timeline.json?screen_name=EPAScottPruitt&count=200
(Caused by NewConnectionError('<requests.packages.urllib3.connection.VerifiedHTT
PSConnection object at 0xb65f730c>: Failed to establish a new connection: [Errno
 -2] Name or service not known',))
about to get all tweets newer than ID #1048996316590825472 for account
@DanScavino
ERROR: unable to get tweets for account @DanScavino
           the system said: Failed to send request:
HTTPSConnectionPool(host='api.twitter.com', port=443): Max retries exceeded with
 url: /1.1/statuses/user_timeline.json?screen_name=DanScavino&count=200 (Caused
by NewConnectionError('<requests.packages.urllib3.connection.VerifiedHTTPSConnec
tion object at 0xb65eaf4c>: Failed to establish a new connection: [Errno -2]
Name or service not known',))
about to get all tweets newer than ID #1055891347507417088 for account
@SecretaryPerry
ERROR: unable to get tweets for account @SecretaryPerry
           the system said: Failed to send request:
HTTPSConnectionPool(host='api.twitter.com', port=443): Max retries exceeded with
 url: /1.1/statuses/user_timeline.json?screen_name=SecretaryPerry&count=200
(Caused by NewConnectionError('<requests.packages.urllib3.connection.VerifiedHTT
PSConnection object at 0xb65f12cc>: Failed to establish a new connection: [Errno
 -2] Name or service not known',))
about to get all tweets newer than ID #836780744810844161 for account
@StephenMillerAL
ERROR: unable to get tweets for account @StephenMillerAL
           the system said: Failed to send request:
HTTPSConnectionPool(host='api.twitter.com', port=443): Max retries exceeded with
 url: /1.1/statuses/user_timeline.json?screen_name=StephenMillerAL&count=200
(Caused by NewConnectionError('<requests.packages.urllib3.connection.VerifiedHTT
PSConnection object at 0xb65e586c>: Failed to establish a new connection: [Errno
 -2] Name or service not known',))
about to get all tweets newer than ID #954801265732661248 for account
@MELANIATRUMP
ERROR: unable to get tweets for account @MELANIATRUMP
           the system said: Failed to send request:
HTTPSConnectionPool(host='api.twitter.com', port=443): Max retries exceeded with
 url: /1.1/statuses/user_timeline.json?screen_name=MELANIATRUMP&count=200
(Caused by NewConnectionError('<requests.packages.urllib3.connection.VerifiedHTT
PSConnection object at 0xb65f52cc>: Failed to establish a new connection: [Errno
 -2] Name or service not known',))
about to get all tweets newer than ID #1056273443040182273 for account
@WhiteHouse
ERROR: unable to get tweets for account @WhiteHouse
           the system said: Failed to send request:
HTTPSConnectionPool(host='api.twitter.com', port=443): Max retries exceeded with
 url: /1.1/statuses/user_timeline.json?screen_name=WhiteHouse&count=200 (Caused
by NewConnectionError('<requests.packages.urllib3.connection.VerifiedHTTPSConnec
tion object at 0xb65ec46c>: Failed to establish a new connection: [Errno -2]
Name or service not known',))
about to get all tweets newer than ID #816290296048873472 for account
@WilburRoss
ERROR: unable to get tweets for account @WilburRoss
           the system said: Failed to send request:
HTTPSConnectionPool(host='api.twitter.com', port=443): Max retries exceeded with
 url: /1.1/statuses/user_timeline.json?screen_name=WilburRoss&count=200 (Caused
by NewConnectionError('<requests.packages.urllib3.connection.VerifiedHTTPSConnec
tion object at 0xb65f840c>: Failed to establish a new connection: [Errno -2]
Name or service not known',))
about to get all tweets newer than ID #1056218418913914881 for account
@SecondLady
ERROR: unable to get tweets for account @SecondLady
           the system said: Failed to send request:
HTTPSConnectionPool(host='api.twitter.com', port=443): Max retries exceeded with
 url: /1.1/statuses/user_timeline.json?screen_name=SecondLady&count=200 (Caused
by NewConnectionError('<requests.packages.urllib3.connection.VerifiedHTTPSConnec
tion object at 0xb65fd6cc>: Failed to establish a new connection: [Errno -2]
Name or service not known',))
about to get all tweets newer than ID #1056380458055987205 for account
@seanspicer
ERROR: unable to get tweets for account @seanspicer
           the system said: Failed to send request:
HTTPSConnectionPool(host='api.twitter.com', port=443): Max retries exceeded with
 url: /1.1/statuses/user_timeline.json?screen_name=seanspicer&count=200 (Caused
by NewConnectionError('<requests.packages.urllib3.connection.VerifiedHTTPSConnec
tion object at 0xb65ec02c>: Failed to establish a new connection: [Errno -2]
Name or service not known',))
about to get all tweets newer than ID #1056643546298630145 for account
@Scaramucci
ERROR: unable to get tweets for account @Scaramucci
           the system said: Failed to send request:
HTTPSConnectionPool(host='api.twitter.com', port=443): Max retries exceeded with
 url: /1.1/statuses/user_timeline.json?screen_name=Scaramucci&count=200 (Caused
by NewConnectionError('<requests.packages.urllib3.connection.VerifiedHTTPSConnec
tion object at 0xb65f1e6c>: Failed to establish a new connection: [Errno -2]
Name or service not known',))
about to get all tweets newer than ID #1055825676492791808 for account
@SpeakerRyan
ERROR: unable to get tweets for account @SpeakerRyan
           the system said: Failed to send request:
HTTPSConnectionPool(host='api.twitter.com', port=443): Max retries exceeded with
 url: /1.1/statuses/user_timeline.json?screen_name=SpeakerRyan&count=200 (Caused
 by NewConnectionError('<requests.packages.urllib3.connection.VerifiedHTTPSConne
ction object at 0xb669d3cc>: Failed to establish a new connection: [Errno -2]
Name or service not known',))
about to get all tweets newer than ID #1056265515809824768 for account
@SecretarySonny
ERROR: unable to get tweets for account @SecretarySonny
           the system said: Failed to send request:
HTTPSConnectionPool(host='api.twitter.com', port=443): Max retries exceeded with
 url: /1.1/statuses/user_timeline.json?screen_name=SecretarySonny&count=200
(Caused by NewConnectionError('<requests.packages.urllib3.connection.VerifiedHTT
PSConnection object at 0xb669da2c>: Failed to establish a new connection: [Errno
 -2] Name or service not known',))
about to get all tweets newer than ID #1056223615916695554 for account @SecAzar
ERROR: unable to get tweets for account @SecAzar
           the system said: Failed to send request:
HTTPSConnectionPool(host='api.twitter.com', port=443): Max retries exceeded with
 url: /1.1/statuses/user_timeline.json?screen_name=SecAzar&count=200 (Caused by
NewConnectionError('<requests.packages.urllib3.connection.VerifiedHTTPSConnectio
n object at 0xb65f13ec>: Failed to establish a new connection: [Errno -2] Name
or service not known',))
about to get all tweets newer than ID #1055823127199039488 for account
@SecretaryRoss
ERROR: unable to get tweets for account @SecretaryRoss
           the system said: Failed to send request:
HTTPSConnectionPool(host='api.twitter.com', port=443): Max retries exceeded with
 url: /1.1/statuses/user_timeline.json?screen_name=SecretaryRoss&count=200
(Caused by NewConnectionError('<requests.packages.urllib3.connection.VerifiedHTT
PSConnection object at 0xb65f03cc>: Failed to establish a new connection: [Errno
 -2] Name or service not known',))
... OK, we're set up, and about to watch 52544275, 823638938590085124,
818928162449068032, 920035992073064450, 296060169, 1967216306,
826065858548133888, 836724024688410625, 1180379185, 894923298374651904, 6577802,
 827258161841135623, 18906561, 866746592853979137, 819992522109894658,
798195585824104449, 935148134505828353, 831482588246196225, 803703725730779136,
20733972, 818876014390603776, 105267762, 212262370, 829782369670410240,
599530439, 118756393, 828997388920619008, 1923451808, 25073877,
799764016885329921, 29547260, 823367015830323201, 828613457020870657,
819980276570976256, 888031054141022209, 818910970567344128, 22203756,
822215679726100480, 15985455, 2334193741, 37666984, 733751245,
818927131883356161, 471672239, 65522706, 832672006113931269, 620571475,
830128820447539208, 728361177986797568, 108471631, 822215673812119553,
809836066316451840, 822127086194348032, 20776147, 24578794, 18916432,
842072478834909184, 956283913835614208, 836305915452272641
