Hello, traveler. This is the beginning of a log file called: "Fascist Tweet Archiver".
Some basic system info about the host machine: posix.uname_result(sysname='Linux', nodename='file-server', release='3.16.0-6-686-pae', version='#1 SMP Debian 3.16.56-1+deb8u1 (2018-05-08)', machine='i686')
This log was begun Thursday, 07 June 2018 at 10:52



INFO: read target account data; we're tracking 59 accounts
WARNING: no ProtocolError (got exception "name 'ProtocolError' is not defined");
 trying requests.packages.urllib3.exceptions instead
NOTE: successfully imported from requests
Starting up...
about to get all tweets newer than ID #856041462164836355 for account
@FirstLadyIN
about to get all tweets newer than ID #816846808789958656 for account
@SenDanCoats
about to get all tweets newer than ID #1004704254068756481 for account @SecAzar
getting all tweets before ID #980846187522744320
    ...400 tweets downloaded so far


New tweet from SecAzar: Happy Birthday to @VP, a great friend and fellow
Hoosier. https://t.co/tsHtWY536O

archiving URL http://twitter.com/SecAzar/status/1004761450735460357
about to get all tweets newer than ID #997484665211670528 for account
@AmbJohnBolton
    ... archiving using prefix http://web.archive.org/save/

archiving URL https://twitter.com/SecAzar/status/1004761450735460357
    ... archiving using prefix http://web.archive.org/save/
WARNING: attempt to archive timed out, sleeping for 10 seconds
about to get all tweets newer than ID #1004751849197592577 for account
@SecretaryRoss
about to get all tweets newer than ID #1004535478979301381 for account
@JessicaDitto45
about to get all tweets newer than ID #1004754859202052096 for account @POTUS
getting all tweets before ID #1001056587191144447
    ...400 tweets downloaded so far


New tweet from POTUS: RT @WhiteHouse: Today, President Trump welcomes Prime
Minister Shinzō Abe of Japan to the White House.

Joint Press Conference at
2:00pm ➡️…
about to get all tweets newer than ID #903694300306923521 for account
@SecElaineChao

archiving URL http://twitter.com/POTUS/status/1004764556584013824
    ... archiving using prefix http://web.archive.org/save/

archiving URL https://twitter.com/POTUS/status/1004764556584013824
    ... archiving using prefix http://web.archive.org/save/
about to get all tweets newer than ID #1004494166892711937 for account @FLOTUS


New tweet from POTUS: RT @WhiteHouse: The President has secured funding to
rebuild our military and support our troops with the resources they deserve.
https://t…

archiving URL http://twitter.com/POTUS/status/1004764601739816960
    ... archiving using prefix http://web.archive.org/save/

archiving URL https://twitter.com/POTUS/status/1004764601739816960
    ... archiving using prefix http://web.archive.org/save/


New tweet from POTUS: RT @WhiteHouse: President Trump took an important step
yesterday toward addressing how the United States treats its veterans, signing
the V…

archiving URL http://twitter.com/POTUS/status/1004764612577890304
    ... archiving using prefix http://web.archive.org/save/

archiving URL https://twitter.com/POTUS/status/1004764612577890304
    ... archiving using prefix http://web.archive.org/save/
about to get all tweets newer than ID #1004094841368784896 for account
@MickMulvaneyOMB


New tweet from POTUS: RT @VP: THANKS for the birthday wishes @JimBridenstine
and our great astronauts at the @Space_Station. So proud of our team at @NASA!
https…

archiving URL http://twitter.com/POTUS/status/1004765356165074947
    ... archiving using prefix http://web.archive.org/save/
about to get all tweets newer than ID #1003853149633949696 for account
@DanScavino

archiving URL https://twitter.com/POTUS/status/1004765356165074947
    ... archiving using prefix http://web.archive.org/save/
about to get all tweets newer than ID #1001107769682989056 for account
@mike_pence
about to get all tweets newer than ID #1004583152919117825 for account
@AshLeeStrong
about to get all tweets newer than ID #913881045652688901 for account
@SecPriceMD
about to get all tweets newer than ID #1004736317454999557 for account
@seanspicer
about to get all tweets newer than ID #1004714795826909185 for account
@SecretarySonny
about to get all tweets newer than ID #1004752551034654720 for account
@realDonaldTrump
about to get all tweets newer than ID #1004762349562195969 for account
@statedeptspox
getting all tweets before ID #992570667324395519
    ...400 tweets downloaded so far


New tweet from statedeptspox: Today, @SecPompeo decided to impose U.S. visa
restrictions on individuals responsible for human rights abuses or un…
https://t.co/sVxlIy78k1
about to get all tweets newer than ID #890659905798983680 for account @Reince45

archiving URL http://twitter.com/statedeptspox/status/1004769565807710209
    ... archiving using prefix http://web.archive.org/save/

archiving URL https://twitter.com/statedeptspox/status/1004769565807710209
    ... archiving using prefix http://web.archive.org/save/
ERROR: unable to get tweets for account @Reince45
           the system said: Not authorized.
about to get all tweets newer than ID #1003690193474514944 for account
@KellyannePolls


New tweet from statedeptspox: This action is specific to certain officials and
 not directed at the Nicaraguan people. We continue to call for an…
https://t.co/aXfUIcD4rl

archiving URL http://twitter.com/statedeptspox/status/1004769567971868672
    ... archiving using prefix http://web.archive.org/save/

archiving URL https://twitter.com/statedeptspox/status/1004769567971868672
    ... archiving using prefix http://web.archive.org/save/
about to get all tweets newer than ID #954801265732661248 for account
@MELANIATRUMP
about to get all tweets newer than ID #1004762424640200706 for account
@DepSecHargan
about to get all tweets newer than ID #1004472039615410176 for account
@GovernorPerry
about to get all tweets newer than ID #1004421796832083968 for account
@EPAScottPruitt
about to get all tweets newer than ID #1004756752204738561 for account
@SpeakerRyan
about to get all tweets newer than ID #1004758665352634368 for account
@WhiteHouse
ERROR: unable to get tweets for account @WhiteHouse
           the system said: Failed to parse JSON payload: Unterminated string
starting at: line 1 column 613602 (char 613601)
about to get all tweets newer than ID #816290296048873472 for account
@WilburRoss
about to get all tweets newer than ID #1004509983365529600 for account
@SecretaryPerry
about to get all tweets newer than ID #1004760174991536128 for account
@Scaramucci
getting all tweets before ID #997825032540905473
    ...400 tweets downloaded so far


New tweet from Scaramucci: RT @311gurl: Dear @Scaramucci there's an awful lot
of chatter going on, on the @Patreon site 4 #dumbgaypolitics with
@TheBrandyHoward &amp; @Mr…
about to get all tweets newer than ID #1004577269824794624 for account @PressSec

archiving URL http://twitter.com/Scaramucci/status/1004768000661250048
    ... archiving using prefix http://web.archive.org/save/

archiving URL https://twitter.com/Scaramucci/status/1004768000661250048
    ... archiving using prefix http://web.archive.org/save/


New tweet from Scaramucci: We’ll all be dead eventually. Act accordingly
https://t.co/s8qY6fw8oP

archiving URL http://twitter.com/Scaramucci/status/1004769951847198721
    ... archiving using prefix http://web.archive.org/save/

archiving URL https://twitter.com/Scaramucci/status/1004769951847198721
    ... archiving using prefix http://web.archive.org/save/
about to get all tweets newer than ID #1004724751758184449 for account
@IvankaTrumpHQ
about to get all tweets newer than ID #1004407460302639104 for account
@nikkihaley
about to get all tweets newer than ID #830074939298414592 for account
@RepTomPrice
about to get all tweets newer than ID #836780744810844161 for account
@StephenMillerAL
about to get all tweets newer than ID #1004397878876524544 for account
@SecretaryAcosta
about to get all tweets newer than ID #1004512403764236288 for account @Cabinet
about to get all tweets newer than ID #1002993456845852672 for account
@RealBenCarson
about to get all tweets newer than ID #1004527090601996289 for account
@stevenmnuchin1
about to get all tweets newer than ID #1004060601788850176 for account
@StephGrisham45
about to get all tweets newer than ID #-1 for account @ElaineChao
about to get all tweets newer than ID #1004758817899466752 for account
@Scavino45
getting all tweets before ID #984966659004878847
    ...400 tweets downloaded so far


New tweet from Scavino45: This is awesome! HAPPY BIRTHDAY @VP Pence!!
https://t.co/t8lfL7EqH4

archiving URL http://twitter.com/Scavino45/status/1004761155573821440
about to get all tweets newer than ID #994396943421001728 for account
@TomBossert45
    ... archiving using prefix http://web.archive.org/save/

archiving URL https://twitter.com/Scavino45/status/1004761155573821440
    ... archiving using prefix http://web.archive.org/save/
about to get all tweets newer than ID #832282841471918080 for account
@BetsyDeVos
about to get all tweets newer than ID #1004750620920811522 for account
@BetsyDeVosED
about to get all tweets newer than ID #1003255393374613504 for account @Reince
about to get all tweets newer than ID #1004753333695995905 for account
@SecretaryCarson
getting all tweets before ID #983714020179042303
    ...400 tweets downloaded so far


New tweet from SecretaryCarson: RT @HUDgov: #EnVisionCenters Character and
Leadership Development connects residents with mentors and helps them climb the
ladder of opport…
about to get all tweets newer than ID #1004445272913666048 for account
@EnergyDepSec

archiving URL http://twitter.com/SecretaryCarson/status/1004762409263861766
    ... archiving using prefix http://web.archive.org/save/
about to get all tweets newer than ID #1004735412135518209 for account @SBALinda

archiving URL https://twitter.com/SecretaryCarson/status/1004762409263861766
    ... archiving using prefix http://web.archive.org/save/


New tweet from SecretaryCarson: We are working with the Detroit Housing
Commission to launch the second #EnVisionCenter in Detroit. Our people are…
https://t.co/WWAfW3z6gS

archiving URL http://twitter.com/SecretaryCarson/status/1004766702507319296
about to get all tweets newer than ID #1004767228078837760 for account
@SecretaryZinke
    ... archiving using prefix http://web.archive.org/save/

archiving URL https://twitter.com/SecretaryCarson/status/1004766702507319296
    ... archiving using prefix http://web.archive.org/save/


New tweet from SecretaryCarson: It was a joy to meet with some of the
residents who will utilize the services offered at the #EnVisionCenters here…
https://t.co/1BKOPjF8J5

archiving URL http://twitter.com/SecretaryCarson/status/1004772167417040898
    ... archiving using prefix http://web.archive.org/save/

archiving URL https://twitter.com/SecretaryCarson/status/1004772167417040898
    ... archiving using prefix http://web.archive.org/save/
about to get all tweets newer than ID #1004515729746677761 for account
@SecNielsen
about to get all tweets newer than ID #-1 for account @jaredkushner
about to get all tweets newer than ID #1003676875095461889 for account @Comey
about to get all tweets newer than ID #1004752979323510785 for account
@SecondLady
about to get all tweets newer than ID #1004735941985099785 for account
@IvankaTrump
about to get all tweets newer than ID #978650205192044545 for account
@SecShulkin
about to get all tweets newer than ID #1003795765028884485 for account
@Linda_McMahon
about to get all tweets newer than ID #1004743536028286976 for account @PRyan
about to get all tweets newer than ID #824610180881117184 for account
@GovPenceIN
about to get all tweets newer than ID #1004761922510774272 for account @VP
... OK, we're set up, and about to watch 1923451808, 212262370,
956283913835614208, 118756393, 836305915452272641, 836724024688410625,
822215679726100480, 826065858548133888, 818876014390603776, 888031054141022209,
620571475, 22203756, 296060169, 829782369670410240, 20776147,
842072478834909184, 25073877, 1967216306, 803703725730779136, 471672239,
108471631, 920035992073064450, 18906561, 832672006113931269, 18916432,
822215673812119553, 809836066316451840, 830128820447539208, 24578794,
818927131883356161, 798195585824104449, 37666984, 6577802, 728361177986797568,
819980276570976256, 818928162449068032, 1180379185, 799764016885329921,
823638938590085124, 105267762, 823367015830323201, 866746592853979137,
599530439, 828997388920619008, 20733972, 828613457020870657, 894923298374651904,
 819992522109894658, 827258161841135623, 935148134505828353, 29547260,
2334193741, 822127086194348032, 52544275, 831482588246196225, 65522706,
733751245, 15985455, 818910970567344128
INFO: handling a deletion for data:

{'delete': {'status': {'id':
1002167258817417216,
                       'id_str': '1002167258817417216',

                       'user_id': 24578794,
'user_id_str': '24578794'},
            'timestamp_ms': '1528391640901'}}
INFO: successfully dumped raw data to JSON file
INFO: We're handling a deletion notification for tweet ID# 1002167258817417216
on account Scaramucci
INFO: get_archived_tweet() called to get tweet ID 1002167258817417216 for
account Scaramucci
ERROR: unable to read line "['=======']" because: need more than 1 value to
unpack.
INFO: found a tweet!		http://web.archive.org/*/http://twitter.com/Scaramucci/sta
tus/1002167258817417216	SkyBridge's Troy Gayeski Says Regulatory Relief Will
Help Market Returns via @bloomberg @juleshyman https://t.co/MwJr5w8V6F
... adding to list of deleted tweets
... added
... but we're not going to tweet about it because Scaramucci is not in the list
of accounts we tweet about
INFO: handling a deletion for data:

{'delete': {'status': {'id':
1002362310692876288,
                       'id_str': '1002362310692876288',

                       'user_id': 24578794,
'user_id_str': '24578794'},
            'timestamp_ms': '1528391648682'}}
INFO: successfully dumped raw data to JSON file
INFO: We're handling a deletion notification for tweet ID# 1002362310692876288
on account Scaramucci
INFO: get_archived_tweet() called to get tweet ID 1002362310692876288 for
account Scaramucci
ERROR: unable to read line "['=======']" because: need more than 1 value to
unpack.
INFO: found a tweet!		http://web.archive.org/*/http://twitter.com/Scaramucci/sta
tus/1002362310692876288	Troy’s insights are adding value to our investors.
https://t.co/MwJr5w8V6F
... adding to list of deleted tweets
... added
... but we're not going to tweet about it because Scaramucci is not in the list
of accounts we tweet about
WARNING: received error ('Connection broken: IncompleteRead(0 bytes read, 512
more expected)', IncompleteRead(0 bytes read, 512 more expected)); sleeping and
trying again ...


New tweet from WhiteHouse: "The total number of workers receiving unemployment
 benefits is running at the lowest levels in 44 years, the Depar…
https://t.co/3O6y4jwb4N

archiving URL http://twitter.com/WhiteHouse/status/1004773985568088070
    ... archiving using prefix http://web.archive.org/save/

archiving URL https://twitter.com/WhiteHouse/status/1004773985568088070
    ... archiving using prefix http://web.archive.org/save/


New tweet from realDonaldTrump: It’s my great honor to welcome Prime Minister
@AbeShinzo back to the @WhiteHouse!🇺🇸🇯🇵 https://t.co/6yCxud2jAN

archiving URL http://twitter.com/realDonaldTrump/status/1004775164834349061
    ... archiving using prefix http://web.archive.org/save/

archiving URL https://twitter.com/realDonaldTrump/status/1004775164834349061
    ... archiving using prefix http://web.archive.org/save/
WARNING: received error ('Connection broken: IncompleteRead(0 bytes read, 512
more expected)', IncompleteRead(0 bytes read, 512 more expected)); sleeping and
trying again ...


New tweet from WhiteHouse: President Trump has ended decades of talk and
restored the credibility of America’s word on the international stage…
https://t.co/B2Xd5ldrzA

archiving URL http://twitter.com/WhiteHouse/status/1004780280144646144
    ... archiving using prefix http://web.archive.org/save/

archiving URL https://twitter.com/WhiteHouse/status/1004780280144646144
    ... archiving using prefix http://web.archive.org/save/


New tweet from SecretaryZinke: RT @WhiteHouse: President Trump has ended
decades of talk and restored the credibility of America’s word on the
international stage. https:…

archiving URL http://twitter.com/SecretaryZinke/status/1004780559128846336
    ... archiving using prefix http://web.archive.org/save/

archiving URL https://twitter.com/SecretaryZinke/status/1004780559128846336
    ... archiving using prefix http://web.archive.org/save/


New tweet from POTUS: RT @WhiteHouse: President Trump has ended decades of
talk and restored the credibility of America’s word on the international stage.
https:…

archiving URL http://twitter.com/POTUS/status/1004780763676540929
    ... archiving using prefix http://web.archive.org/save/

archiving URL https://twitter.com/POTUS/status/1004780763676540929
    ... archiving using prefix http://web.archive.org/save/


New tweet from WhiteHouse: Know the risks of opioid abuse. New ads from
@ONDCP, @AdCouncil, and @truthinitiative. #crisisnextdoor
https://t.co/lsCue7L7Y1

archiving URL http://twitter.com/WhiteHouse/status/1004781124457934848
    ... archiving using prefix http://web.archive.org/save/

archiving URL https://twitter.com/WhiteHouse/status/1004781124457934848
    ... archiving using prefix http://web.archive.org/save/


New tweet from POTUS: RT @WhiteHouse: Know the risks of opioid abuse. New ads
from @ONDCP, @AdCouncil, and @truthinitiative. #crisisnextdoor
https://t.co/lsCue7L…

archiving URL http://twitter.com/POTUS/status/1004781204808327173
    ... archiving using prefix http://web.archive.org/save/

archiving URL https://twitter.com/POTUS/status/1004781204808327173
    ... archiving using prefix http://web.archive.org/save/


New tweet from SecretaryCarson: Speaking at the ground breaking of the
Inkster, MI #EnVisionCenter. Together we can help HUD-assisted households cl…
https://t.co/XDjhcaxsUN

archiving URL http://twitter.com/SecretaryCarson/status/1004781227872870401
    ... archiving using prefix http://web.archive.org/save/

archiving URL https://twitter.com/SecretaryCarson/status/1004781227872870401
    ... archiving using prefix http://web.archive.org/save/


New tweet from JessicaDitto45: RT @realDonaldTrump: It’s my great honor to
welcome Prime Minister @AbeShinzo back to the @WhiteHouse!🇺🇸🇯🇵
https://t.co/6yCxud2jAN

archiving URL http://twitter.com/JessicaDitto45/status/1004783367659847681
    ... archiving using prefix http://web.archive.org/save/

archiving URL https://twitter.com/JessicaDitto45/status/1004783367659847681
    ... archiving using prefix http://web.archive.org/save/


New tweet from JessicaDitto45: 👇👇👇 https://t.co/s8vXwVig5T

archiving URL http://twitter.com/JessicaDitto45/status/1004783688788467719
    ... archiving using prefix http://web.archive.org/save/

archiving URL https://twitter.com/JessicaDitto45/status/1004783688788467719
    ... archiving using prefix http://web.archive.org/save/


New tweet from JessicaDitto45: RT @Scavino45: This is awesome! HAPPY BIRTHDAY
@VP Pence!! https://t.co/t8lfL7EqH4

archiving URL http://twitter.com/JessicaDitto45/status/1004783748578185216
    ... archiving using prefix http://web.archive.org/save/

archiving URL https://twitter.com/JessicaDitto45/status/1004783748578185216
    ... archiving using prefix http://web.archive.org/save/


New tweet from SecretaryZinke: RT @whatsinside: Great meeting with Secretary
of the Interior, Ryan Zinke in Washington, DC. He’s a retired Navy Seal who
spent 22 years in…

archiving URL http://twitter.com/SecretaryZinke/status/1004787937848983552
    ... archiving using prefix http://web.archive.org/save/

archiving URL https://twitter.com/SecretaryZinke/status/1004787937848983552
    ... archiving using prefix http://web.archive.org/save/


New tweet from VP: Great to see PM @AbeShinzo again today as @POTUS welcomed
him to the @WhiteHouse for discussions on the upcoming su…
https://t.co/TsdbxyTPDu

archiving URL http://twitter.com/VP/status/1004788989348466688
    ... archiving using prefix http://web.archive.org/save/

archiving URL https://twitter.com/VP/status/1004788989348466688
    ... archiving using prefix http://web.archive.org/save/


New tweet from POTUS: RT @VP: Great to see PM @AbeShinzo again today as @POTUS
 welcomed him to the @WhiteHouse for discussions on the upcoming summit with
North…

archiving URL http://twitter.com/POTUS/status/1004789095535730688
    ... archiving using prefix http://web.archive.org/save/

archiving URL https://twitter.com/POTUS/status/1004789095535730688
    ... archiving using prefix http://web.archive.org/save/


New tweet from POTUS: RT @VP: Great to see PM @AbeShinzo again today as @POTUS
 welcomed him to the @WhiteHouse for discussions on the upcoming summit with
North…

archiving URL http://twitter.com/POTUS/status/1004789095535730688
    ... archiving using prefix http://web.archive.org/save/

archiving URL https://twitter.com/POTUS/status/1004789095535730688
    ... archiving using prefix http://web.archive.org/save/


New tweet from WhiteHouse: RT @VP: Great to see PM @AbeShinzo again today as
@POTUS welcomed him to the @WhiteHouse for discussions on the upcoming summit
with North…

archiving URL http://twitter.com/WhiteHouse/status/1004789179845369857
    ... archiving using prefix http://web.archive.org/save/

archiving URL https://twitter.com/WhiteHouse/status/1004789179845369857
    ... archiving using prefix http://web.archive.org/save/


New tweet from SecretaryZinke: RT @BLMNational: #ICYMI: @Interior's "Top River
 Trips on America’s Public Waters" features incredible river trips across the
nation! https:…

archiving URL http://twitter.com/SecretaryZinke/status/1004789368803020801
    ... archiving using prefix http://web.archive.org/save/

archiving URL https://twitter.com/SecretaryZinke/status/1004789368803020801
    ... archiving using prefix http://web.archive.org/save/


New tweet from SecretarySonny: Very important youth opioid abuse prevention
campaign from the @WhiteHouse, produced by @ONDCP, @AdCouncil &amp;…
https://t.co/Tvo7dryI6a

archiving URL http://twitter.com/SecretarySonny/status/1004790813027700738
    ... archiving using prefix http://web.archive.org/save/

archiving URL https://twitter.com/SecretarySonny/status/1004790813027700738
    ... archiving using prefix http://web.archive.org/save/
WARNING: received error ('Connection broken: IncompleteRead(0 bytes read, 262
more expected)', IncompleteRead(0 bytes read, 262 more expected)); sleeping and
trying again ...


New tweet from SecretaryZinke: Incredibly powerful new public awareness
campaign from the @WhiteHouse @ONDCP @AdCouncil and 
@truthinitiative to h…
https://t.co/tJBGf7zcaR

archiving URL http://twitter.com/SecretaryZinke/status/1004793712478744576
    ... archiving using prefix http://web.archive.org/save/

archiving URL https://twitter.com/SecretaryZinke/status/1004793712478744576
    ... archiving using prefix http://web.archive.org/save/
WARNING: received error ('Connection broken: IncompleteRead(0 bytes read, 512
more expected)', IncompleteRead(0 bytes read, 512 more expected)); sleeping and
trying again ...
