Hello, traveler. This is the beginning of a log file called: "Fascist Tweet Archiver".
Some basic system info about the host machine: posix.uname_result(sysname='Linux', nodename='file-server', release='3.16.0-5-686-pae', version='#1 SMP Debian 3.16.51-3+deb8u1 (2018-01-08)', machine='i686')
This log was begun Sunday, 15 April 2018 at 01:57



INFO: read target account data; we're tracking 59 accounts
WARNING: no ProtocolError (got exception "name 'ProtocolError' is not defined");
 trying requests.packages.urllib3.exceptions instead
NOTE: successfully imported from requests
Starting up...
about to get all tweets newer than ID #984830914378305536 for account
@stevenmnuchin1
about to get all tweets newer than ID #963927915284062209 for account
@SecretaryRoss
about to get all tweets newer than ID #816846808789958656 for account
@SenDanCoats
about to get all tweets newer than ID #-1 for account @ElaineChao
about to get all tweets newer than ID #985179824258994176 for account
@SecNielsen
about to get all tweets newer than ID #903694300306923521 for account
@SecElaineChao
about to get all tweets newer than ID #985244512426627074 for account
@nikkihaley
about to get all tweets newer than ID #985168153197056000 for account @FLOTUS
about to get all tweets newer than ID #984840188772962304 for account @SBALinda
about to get all tweets newer than ID #984989134094823424 for account
@JessicaDitto45
about to get all tweets newer than ID #984820654573850624 for account
@SecretaryAcosta
about to get all tweets newer than ID #954801265732661248 for account
@MELANIATRUMP
about to get all tweets newer than ID #985309982622183425 for account
@WhiteHouse
about to get all tweets newer than ID #984883883345956864 for account @SecAzar
about to get all tweets newer than ID #984586337704644609 for account
@DanScavino
about to get all tweets newer than ID #984774893953867776 for account @Cabinet
about to get all tweets newer than ID #982452105276481536 for account
@GovernorPerry
about to get all tweets newer than ID #983907190493908992 for account
@TomBossert45
about to get all tweets newer than ID #856041462164836355 for account
@FirstLadyIN
about to get all tweets newer than ID #985176706112741377 for account @POTUS
about to get all tweets newer than ID #983854772305448960 for account
@mike_pence
about to get all tweets newer than ID #983500045436772353 for account
@RealBenCarson
about to get all tweets newer than ID #985335590039277569 for account @VP
about to get all tweets newer than ID #984176304470847488 for account
@KellyannePolls
about to get all tweets newer than ID #832282841471918080 for account
@BetsyDeVos
about to get all tweets newer than ID #830074939298414592 for account
@RepTomPrice
about to get all tweets newer than ID #973198296897466368 for account
@Linda_McMahon
about to get all tweets newer than ID #985279804177027072 for account
@realDonaldTrump
about to get all tweets newer than ID #824610180881117184 for account
@GovPenceIN
about to get all tweets newer than ID #985263371082780673 for account
@seanspicer
about to get all tweets newer than ID #984878181823012864 for account
@SecretaryCarson
about to get all tweets newer than ID #982954315387195394 for account
@AmbJohnBolton
about to get all tweets newer than ID #985350539495034882 for account
@Scaramucci
about to get all tweets newer than ID #984131466362699777 for account @PRyan
about to get all tweets newer than ID #978650205192044545 for account
@SecShulkin
about to get all tweets newer than ID #985364479105028096 for account @Scavino45
about to get all tweets newer than ID #985302079534182400 for account
@SecretarySonny
ERROR: unable to get tweets for account @SecretarySonny
           the system said: Failed to parse JSON payload: Expecting value: line
1 column 602980 (char 602979)
about to get all tweets newer than ID #984872152246693888 for account
@BetsyDeVosED
about to get all tweets newer than ID #984245559543386113 for account @Reince
about to get all tweets newer than ID #979056009904885762 for account
@IvankaTrumpHQ
about to get all tweets newer than ID #836780744810844161 for account
@StephenMillerAL
about to get all tweets newer than ID #985226927278522368 for account
@SpeakerRyan
about to get all tweets newer than ID #985363847593775104 for account
@AshLeeStrong
about to get all tweets newer than ID #984898890867662849 for account
@SecretaryPerry
about to get all tweets newer than ID #816290296048873472 for account
@WilburRoss
about to get all tweets newer than ID #985161535894024192 for account
@StephGrisham45
about to get all tweets newer than ID #984869727678926848 for account
@DepSecHargan
about to get all tweets newer than ID #985159525647994880 for account
@SecondLady
about to get all tweets newer than ID #985326300134019072 for account
@statedeptspox
about to get all tweets newer than ID #981954374133075968 for account
@MickMulvaneyOMB
about to get all tweets newer than ID #-1 for account @jaredkushner
about to get all tweets newer than ID #985330617486336000 for account
@IvankaTrump
about to get all tweets newer than ID #984890216510033921 for account
@EPAScottPruitt
about to get all tweets newer than ID #913881045652688901 for account
@SecPriceMD
about to get all tweets newer than ID #890659905798983680 for account @Reince45
ERROR: unable to get tweets for account @Reince45
           the system said: Not authorized.
about to get all tweets newer than ID #983794676154191872 for account @Comey
about to get all tweets newer than ID #985165179649437696 for account
@SecretaryZinke
about to get all tweets newer than ID #985329759759601665 for account @PressSec
about to get all tweets newer than ID #984890764764336128 for account
@EnergyDepSec
... OK, we're set up, and about to watch 799764016885329921, 836305915452272641,
 212262370, 105267762, 935148134505828353, 826065858548133888, 37666984,
818876014390603776, 819992522109894658, 836724024688410625, 819980276570976256,
108471631, 822215673812119553, 956283913835614208, 620571475,
818928162449068032, 18906561, 866746592853979137, 1923451808,
822215679726100480, 22203756, 1180379185, 818910970567344128, 471672239,
599530439, 6577802, 65522706, 25073877, 15985455, 20776147, 828613457020870657,
118756393, 24578794, 733751245, 831482588246196225, 823367015830323201,
842072478834909184, 828997388920619008, 20733972, 798195585824104449,
728361177986797568, 18916432, 296060169, 830128820447539208, 809836066316451840,
 823638938590085124, 920035992073064450, 822127086194348032, 1967216306,
888031054141022209, 29547260, 52544275, 832672006113931269, 829782369670410240,
803703725730779136, 2334193741, 827258161841135623, 818927131883356161,
894923298374651904


New tweet from realDonaldTrump: RT @realDonaldTrump: So proud of our great
Military which will soon be, after the spending of billions of fully approved
dollars, the fines…

archiving URL http://twitter.com/realDonaldTrump/status/985479145504337920
    ... archiving using prefix http://web.archive.org/save/

archiving URL https://twitter.com/realDonaldTrump/status/985479145504337920
    ... archiving using prefix http://web.archive.org/save/


New tweet from realDonaldTrump: Unbelievably, James Comey states that Polls,
where Crooked Hillary was leading, were a factor in the handling (stup…
https://t.co/0WH4arK3ft

archiving URL http://twitter.com/realDonaldTrump/status/985483513704124416
    ... archiving using prefix http://web.archive.org/save/

archiving URL https://twitter.com/realDonaldTrump/status/985483513704124416
    ... archiving using prefix http://web.archive.org/save/
WARNING: received error ('Connection broken: IncompleteRead(0 bytes read, 512
more expected)', IncompleteRead(0 bytes read, 512 more expected)); sleeping and
trying again ...


New tweet from realDonaldTrump: The big questions in Comey’s badly reviewed
book aren’t answered like, how come he gave up Classified Information (…
https://t.co/rTrDHRqD5S

archiving URL http://twitter.com/realDonaldTrump/status/985487209510948864
    ... archiving using prefix http://web.archive.org/save/

archiving URL https://twitter.com/realDonaldTrump/status/985487209510948864
    ... archiving using prefix http://web.archive.org/save/


New tweet from realDonaldTrump: Comey throws AG Lynch “under the bus!” Why
can’t we all find out what happened on the tarmac in the back of the pla…
https://t.co/54vPnoqxsl

archiving URL http://twitter.com/realDonaldTrump/status/985489930343321600
    ... archiving using prefix http://web.archive.org/save/


New tweet from realDonaldTrump: Comey throws AG Lynch “under the bus!” Why
can’t we all find out what happened on the tarmac in the back of the pla…
https://t.co/54vPnoqxsl

archiving URL http://twitter.com/realDonaldTrump/status/985489930343321600
    ... archiving using prefix http://web.archive.org/save/

archiving URL https://twitter.com/realDonaldTrump/status/985489930343321600
    ... archiving using prefix http://web.archive.org/save/

archiving URL https://twitter.com/realDonaldTrump/status/985489930343321600
    ... archiving using prefix http://web.archive.org/save/
WARNING: received error ('Connection broken: IncompleteRead(0 bytes read, 512
more expected)', IncompleteRead(0 bytes read, 512 more expected)); sleeping and
trying again ...
