Hello, traveler. This is the beginning of a log file called: "Fascist Tweet Archiver".
Some basic system info about the host machine: posix.uname_result(sysname='Linux', nodename='file-server', release='3.16.0-7-686-pae', version='#1 SMP Debian 3.16.59-1 (2018-10-03)', machine='i686')
This log was begun Wednesday, 21 November 2018 at 08:17



INFO: read target account data; we're tracking 59 accounts
WARNING: no ProtocolError (got exception "name 'ProtocolError' is not defined");
 trying requests.packages.urllib3.exceptions instead
NOTE: successfully imported from requests
Starting up...
about to get all tweets newer than ID #1064959259731988480 for account
@SecretaryCarson
ERROR: unable to get tweets for account @SecretaryCarson
           the system said: Failed to parse JSON payload: Unterminated string
starting at: line 1 column 611216 (char 611215)
about to get all tweets newer than ID #830074939298414592 for account
@RepTomPrice
ERROR: unable to get tweets for account @RepTomPrice
           the system said: Failed to parse JSON payload: Unterminated string
starting at: line 1 column 611328 (char 611327)
about to get all tweets newer than ID #1065078393157414912 for account
@seanspicer
about to get all tweets newer than ID #1065258535569760258 for account
@SecretaryPerry
about to get all tweets newer than ID #1065216264392577024 for account
@RealBenCarson
about to get all tweets newer than ID #1059682755083145216 for account
@DanScavino
ERROR: unable to get tweets for account @DanScavino
           the system said: Failed to parse JSON payload: Unterminated string
starting at: line 1 column 619478 (char 619477)
about to get all tweets newer than ID #1064202806666686464 for account @PRyan
about to get all tweets newer than ID #1021844939473387520 for account
@IvankaTrumpHQ
ERROR: unable to get tweets for account @IvankaTrumpHQ
           the system said: Not authorized.
about to get all tweets newer than ID #1064972240473792512 for account
@JessicaDitto45
about to get all tweets newer than ID #1065231851441115137 for account
@SpeakerRyan
about to get all tweets newer than ID #-1 for account @jaredkushner
about to get all tweets newer than ID #1065045640122642432 for account
@WhiteHouse
about to get all tweets newer than ID #913881045652688901 for account
@SecPriceMD
about to get all tweets newer than ID #1061289517401939968 for account
@mike_pence
about to get all tweets newer than ID #1064911210427097089 for account
@SecretaryRoss
ERROR: unable to get tweets for account @SecretaryRoss
           the system said: Failed to parse JSON payload: Unterminated string
starting at: line 1 column 619634 (char 619633)
about to get all tweets newer than ID #816846808789958656 for account
@SenDanCoats
about to get all tweets newer than ID #1064979902506696705 for account @VP
about to get all tweets newer than ID #1065117157929844737 for account
@AshLeeStrong
ERROR: unable to get tweets for account @AshLeeStrong
           the system said: Failed to parse JSON payload: Unterminated string
starting at: line 1 column 619552 (char 619551)
about to get all tweets newer than ID #1064875911395360768 for account
@KellyannePolls
about to get all tweets newer than ID #1058433885493739520 for account
@MickMulvaneyOMB
about to get all tweets newer than ID #1065225940836458496 for account
@realDonaldTrump
getting all tweets before ID #1058829196062048256
    ...400 tweets downloaded so far


New tweet from realDonaldTrump: “‘Trump Imitation Syndrome’ is afflicting the
president’s liberal enemies” 

Thank you @MGoodwin_NYPost!
https://t.co/KpmsrKCaBZ
about to get all tweets newer than ID #1065095369271492608 for account
@statedeptspox

archiving URL http://twitter.com/realDonaldTrump/status/1065247567443869696
    ... archiving using prefix http://web.archive.org/save/

archiving URL https://twitter.com/realDonaldTrump/status/1065247567443869696
    ... archiving using prefix http://web.archive.org/save/
about to get all tweets newer than ID #824610180881117184 for account
@GovPenceIN


New tweet from realDonaldTrump: Great new book out, “Mad Politics: Keeping
Your Sanity in a World Gone Crazy” by @RealDrGina Loudon. Go out and get…
https://t.co/yWaBUwHob1

archiving URL http://twitter.com/realDonaldTrump/status/1065261943202738178
    ... archiving using prefix http://web.archive.org/save/
about to get all tweets newer than ID #1064659373660782592 for account
@StephGrisham45

archiving URL https://twitter.com/realDonaldTrump/status/1065261943202738178
    ... archiving using prefix http://web.archive.org/save/
about to get all tweets newer than ID #1064897510349709312 for account
@DepSecHargan
getting all tweets before ID #1039665542230097920
ERROR: unable to get tweets for account @DepSecHargan
           the system said: Failed to parse JSON payload: Unterminated string
starting at: line 1 column 619633 (char 619632)
about to get all tweets newer than ID #1063990919790116864 for account @PressSec
about to get all tweets newer than ID #816290296048873472 for account
@WilburRoss
about to get all tweets newer than ID #1065241877782368256 for account
@SecretaryZinke
about to get all tweets newer than ID #1064920879044460545 for account @SecAzar
getting all tweets before ID #1052186990056226817
    ...400 tweets downloaded so far


New tweet from SecAzar: ⚠️Food Safety Alert: @CDCgov is advising that US
consumers not eat any romaine lettuce, and retailers and restauran…
https://t.co/0ImBkPMVKn

archiving URL http://twitter.com/SecAzar/status/1065252818003603463
about to get all tweets newer than ID #836780744810844161 for account
@StephenMillerAL
    ... archiving using prefix http://web.archive.org/save/
about to get all tweets newer than ID #994396943421001728 for account
@TomBossert45

archiving URL https://twitter.com/SecAzar/status/1065252818003603463
    ... archiving using prefix http://web.archive.org/save/
about to get all tweets newer than ID #1063558331451809799 for account @Cabinet
about to get all tweets newer than ID #1014519079284199424 for account
@EPAScottPruitt
ERROR: unable to get tweets for account @EPAScottPruitt
           the system said: [{'code': 34, 'message': 'Sorry, that page does not
exist.'}]
about to get all tweets newer than ID #1064146013118697472 for account
@AmbJohnBolton
about to get all tweets newer than ID #1065018777723699200 for account
@IvankaTrump
about to get all tweets newer than ID #1065213547418927106 for account
@SecretaryAcosta
about to get all tweets newer than ID #1063578338139258881 for account @Comey
about to get all tweets newer than ID #1059643006800838656 for account
@GovernorPerry
about to get all tweets newer than ID #1064947242845577216 for account @SBALinda
about to get all tweets newer than ID #1059291259859275777 for account
@Linda_McMahon
about to get all tweets newer than ID #-1 for account @ElaineChao
about to get all tweets newer than ID #978650205192044545 for account
@SecShulkin
ERROR: unable to get tweets for account @SecShulkin
           the system said: Failed to parse JSON payload: Unterminated string
starting at: line 1 column 611265 (char 611264)
about to get all tweets newer than ID #1064977741127327744 for account
@SecondLady
about to get all tweets newer than ID #1065106607435067392 for account @FLOTUS
ERROR: unable to get tweets for account @FLOTUS
           the system said: Failed to parse JSON payload: Unterminated string
starting at: line 1 column 611291 (char 611290)
about to get all tweets newer than ID #1065082957294116866 for account
@Scavino45
about to get all tweets newer than ID #1065082734547226624 for account
@SecNielsen
ERROR: unable to get tweets for account @SecNielsen
           the system said: Failed to parse JSON payload: Unterminated string
starting at: line 1 column 611318 (char 611317)
about to get all tweets newer than ID #890659905798983680 for account @Reince45
ERROR: unable to get tweets for account @Reince45
           the system said: Not authorized.
about to get all tweets newer than ID #1064166715146276865 for account
@SecretarySonny
ERROR: unable to get tweets for account @SecretarySonny
           the system said: Failed to parse JSON payload: Unterminated string
starting at: line 1 column 619592 (char 619591)
about to get all tweets newer than ID #856041462164836355 for account
@FirstLadyIN
ERROR: unable to get tweets for account @FirstLadyIN
           the system said: Failed to send request: EOF occurred in violation of
 protocol (_ssl.c:600)
about to get all tweets newer than ID #1063798914636111872 for account
@EnergyDepSec
ERROR: unable to get tweets for account @EnergyDepSec
           the system said: Failed to send request: EOF occurred in violation of
 protocol (_ssl.c:600)
about to get all tweets newer than ID #1065253575171981313 for account
@Scaramucci
ERROR: unable to get tweets for account @Scaramucci
           the system said: Failed to parse JSON payload: Unterminated string
starting at: line 1 column 611305 (char 611304)
about to get all tweets newer than ID #1062540730181263360 for account
@BetsyDeVosED
about to get all tweets newer than ID #832282841471918080 for account
@BetsyDeVos
about to get all tweets newer than ID #1065234278638911488 for account @POTUS
about to get all tweets newer than ID #954801265732661248 for account
@MELANIATRUMP
about to get all tweets newer than ID #1064948952016007169 for account
@nikkihaley
about to get all tweets newer than ID #903694300306923521 for account
@SecElaineChao
about to get all tweets newer than ID #1058441676052725760 for account @Reince
about to get all tweets newer than ID #1064023092832493569 for account
@stevenmnuchin1
... OK, we're set up, and about to watch 828613457020870657, 6577802, 20776147,
830128820447539208, 1180379185, 620571475, 733751245, 798195585824104449,
836724024688410625, 18916432, 29547260, 822215673812119553, 829782369670410240,
22203756, 836305915452272641, 212262370, 818910970567344128, 296060169,
471672239, 888031054141022209, 25073877, 1967216306, 15985455,
823638938590085124, 920035992073064450, 818927131883356161, 809836066316451840,
827258161841135623, 956283913835614208, 728361177986797568, 866746592853979137,
818928162449068032, 832672006113931269, 118756393, 52544275, 819980276570976256,
 2334193741, 18906561, 819992522109894658, 65522706, 105267762,
831482588246196225, 822127086194348032, 818876014390603776, 823367015830323201,
935148134505828353, 803703725730779136, 842072478834909184, 1923451808,
894923298374651904, 24578794, 828997388920619008, 599530439, 822215679726100480,
 108471631, 37666984, 826065858548133888, 20733972, 799764016885329921
