Hello, traveler. This is the beginning of a log file called: "Fascist Tweet Archiver".
Some basic system info about the host machine: posix.uname_result(sysname='Linux', nodename='file-server', release='3.16.0-5-686-pae', version='#1 SMP Debian 3.16.51-3+deb8u1 (2018-01-08)', machine='i686')
This log was begun Sunday, 04 February 2018 at 07:09



INFO: read target account data; we're tracking 52 accounts
WARNING: no ProtocolError (got exception "name 'ProtocolError' is not defined");
 trying requests.packages.urllib3.exceptions instead
NOTE: successfully imported from requests
Starting up...
about to get all tweets newer than ID #898401955847876608 for account
@Linda_McMahon
about to get all tweets newer than ID #959227007719571456 for account @Reince
about to get all tweets newer than ID #959554266896646144 for account @POTUS
about to get all tweets newer than ID #816846808789958656 for account
@SenDanCoats
about to get all tweets newer than ID #959551900046807046 for account
@SecretaryPerry
about to get all tweets newer than ID #959541882916392961 for account
@JessicaDitto45
about to get all tweets newer than ID #959458831821615104 for account
@KellyannePolls
ERROR: unable to get tweets for account @KellyannePolls
           the system said: Failed to parse JSON payload: Unterminated string
starting at: line 1 column 502114 (char 502113)
about to get all tweets newer than ID #958090523364986887 for account
@MickMulvaneyOMB
about to get all tweets newer than ID #959520026410831872 for account
@SecondLady
about to get all tweets newer than ID #-1 for account @jaredkushner
about to get all tweets newer than ID #959488475971162113 for account @FLOTUS
ERROR: unable to get tweets for account @FLOTUS
           the system said: Failed to parse JSON payload: Unterminated string
starting at: line 1 column 507679 (char 507678)
about to get all tweets newer than ID #913881045652688901 for account
@SecPriceMD
about to get all tweets newer than ID #959207300727746560 for account
@IvankaTrumpHQ
ERROR: unable to get tweets for account @IvankaTrumpHQ
           the system said: Failed to parse JSON payload: Unterminated string
starting at: line 1 column 501164 (char 501163)
about to get all tweets newer than ID #832282841471918080 for account
@BetsyDeVos
about to get all tweets newer than ID #830074939298414592 for account
@RepTomPrice
about to get all tweets newer than ID #958745218832130050 for account
@StephGrisham45
about to get all tweets newer than ID #959576379753889793 for account
@RealBenCarson
about to get all tweets newer than ID #959849312011374593 for account @VP
about to get all tweets newer than ID #960138539131396096 for account @PressSec
about to get all tweets newer than ID #958536228302880769 for account
@BetsyDeVosED
about to get all tweets newer than ID #959866893451501568 for account
@SpeakerRyan
about to get all tweets newer than ID #959926482079567872 for account
@WhiteHouse
about to get all tweets newer than ID #959503328014225408 for account
@mike_pence
about to get all tweets newer than ID #959977098029957121 for account
@IvankaTrump
about to get all tweets newer than ID #959831598412656640 for account @PRyan
about to get all tweets newer than ID #959460807493988353 for account
@stevenmnuchin1
about to get all tweets newer than ID #960144956479418369 for account
@seanspicer
about to get all tweets newer than ID #959855149199093761 for account
@SecretaryZinke
about to get all tweets newer than ID #959444866303516672 for account
@SecretaryAcosta
about to get all tweets newer than ID #958552614026784770 for account
@SecretaryRoss
about to get all tweets newer than ID #954801265732661248 for account
@MELANIATRUMP
about to get all tweets newer than ID #960000954459475969 for account
@nikkihaley
about to get all tweets newer than ID #959931538803707904 for account
@AshLeeStrong
about to get all tweets newer than ID #960002107406475264 for account @Scavino45
about to get all tweets newer than ID #960134212715208704 for account
@Scaramucci
getting all tweets before ID #949989767885803519
    ...400 tweets downloaded so far


New tweet from Scaramucci: RT @JoyAnnReid: Belatedly watching @RealTimers with
 @donnabrazile @davidfrum and @Scaramucci ... and all I can say is ...
https://t.co/7CTQ…

archiving URL http://twitter.com/Scaramucci/status/960154453843349504
    ... archiving using prefix http://web.archive.org/save/
about to get all tweets newer than ID #955254388423118849 for account
@GovernorPerry

archiving URL https://twitter.com/Scaramucci/status/960154453843349504
    ... archiving using prefix http://web.archive.org/save/
about to get all tweets newer than ID #-1 for account @ElaineChao
about to get all tweets newer than ID #903694300306923521 for account
@SecElaineChao


New tweet from Scaramucci: RT @ThisWeekABC: THIS MORNING: @Scaramucci,
@BillKristol, @jrpsaki, @marykbruce, and @rolandsmartin join @GStephanopoulos on
 the "This Week…

archiving URL http://twitter.com/Scaramucci/status/960154662157668352
    ... archiving using prefix http://web.archive.org/save/
about to get all tweets newer than ID #959505983859982336 for account
@SecretarySonny

archiving URL https://twitter.com/Scaramucci/status/960154662157668352
    ... archiving using prefix http://web.archive.org/save/


New tweet from Scaramucci: At intellectual odds but @billkristol but I am a
huge fan and we both love the country 🇺🇸 #bringittogether
https://t.co/VRdDBP47YN

archiving URL http://twitter.com/Scaramucci/status/960156621023469569
    ... archiving using prefix http://web.archive.org/save/

archiving URL https://twitter.com/Scaramucci/status/960156621023469569
    ... archiving using prefix http://web.archive.org/save/
ERROR: unable to get tweets for account @SecretarySonny
           the system said: Failed to parse JSON payload: Unterminated string
starting at: line 1 column 507905 (char 507904)
about to get all tweets newer than ID #959613255206555648 for account
@DanScavino
about to get all tweets newer than ID #959812736728403968 for account @SBALinda
about to get all tweets newer than ID #824610180881117184 for account
@GovPenceIN
ERROR: unable to get tweets for account @GovPenceIN
           the system said: Failed to parse JSON payload: Expecting ':'
delimiter: line 1 column 505012 (char 505011)
about to get all tweets newer than ID #957383382358528001 for account
@TomBossert45
about to get all tweets newer than ID #959535906171621376 for account
@SecShulkin
about to get all tweets newer than ID #836780744810844161 for account
@StephenMillerAL
about to get all tweets newer than ID #898632795517403136 for account
@GeneralJFKellly
ERROR: unable to get tweets for account @GeneralJFKellly
           the system said: Not authorized.
about to get all tweets newer than ID #816290296048873472 for account
@WilburRoss
about to get all tweets newer than ID #890659905798983680 for account @Reince45
about to get all tweets newer than ID #959594750184697856 for account
@EPAScottPruitt
ERROR: unable to get tweets for account @EPAScottPruitt
           the system said: Failed to parse JSON payload: Unterminated string
starting at: line 1 column 508239 (char 508238)
about to get all tweets newer than ID #959509964615188480 for account
@SecretaryCarson
about to get all tweets newer than ID #856041462164836355 for account
@FirstLadyIN
about to get all tweets newer than ID #959952974826098688 for account
@realDonaldTrump
ERROR: unable to get tweets for account @realDonaldTrump
           the system said: Failed to parse JSON payload: Unterminated string
starting at: line 1 column 508396 (char 508395)
... OK, we're set up, and about to watch 65522706, 20733972, 822215679726100480,
 212262370, 830128820447539208, 836724024688410625, 471672239,
888031054141022209, 822127086194348032, 29547260, 818876014390603776,
829782369670410240, 798195585824104449, 599530439, 6577802, 823638938590085124,
1180379185, 818910970567344128, 818927131883356161, 828997388920619008,
18916432, 822215673812119553, 22203756, 52544275, 733751245, 799764016885329921,
 20776147, 827258161841135623, 819980276570976256, 836305915452272641,
108471631, 37666984, 296060169, 823367015830323201, 24578794, 18906561,
105267762, 826065858548133888, 842072478834909184, 620571475,
819992522109894658, 15985455, 866746592853979137, 831482588246196225,
728361177986797568, 892173412818354177, 809836066316451840, 803703725730779136,
832672006113931269, 828613457020870657, 1923451808, 25073877
