Hello, traveler. This is the beginning of a log file called: "Fascist Tweet Archiver".
Some basic system info about the host machine: posix.uname_result(sysname='Linux', nodename='file-server', release='3.16.0-6-686-pae', version='#1 SMP Debian 3.16.56-1+deb8u1 (2018-05-08)', machine='i686')
This log was begun Friday, 13 July 2018 at 08:59



INFO: read target account data; we're tracking 59 accounts
WARNING: no ProtocolError (got exception "name 'ProtocolError' is not defined");
 trying requests.packages.urllib3.exceptions instead
NOTE: successfully imported from requests
Starting up...
about to get all tweets newer than ID #1017770739989131264 for account
@SecretaryAcosta
about to get all tweets newer than ID #1017196078649806848 for account
@mike_pence
about to get all tweets newer than ID #816290296048873472 for account
@WilburRoss
about to get all tweets newer than ID #1016714050145841152 for account @Cabinet
about to get all tweets newer than ID #1012690898516430849 for account
@stevenmnuchin1
about to get all tweets newer than ID #1015013470906060801 for account @Comey
about to get all tweets newer than ID #1017758298790121472 for account
@SpeakerRyan
about to get all tweets newer than ID #903694300306923521 for account
@SecElaineChao
about to get all tweets newer than ID #1017785051138940928 for account @POTUS
about to get all tweets newer than ID #1017731337384611842 for account
@JessicaDitto45
about to get all tweets newer than ID #1017751581775814656 for account @SecAzar
about to get all tweets newer than ID #1017488946102702080 for account
@AshLeeStrong
about to get all tweets newer than ID #1017041745408942080 for account
@GovernorPerry
about to get all tweets newer than ID #1017784388111732736 for account
@nikkihaley
about to get all tweets newer than ID #1017551972461961221 for account
@SecretaryPerry
about to get all tweets newer than ID #1016846923607748609 for account
@DanScavino
about to get all tweets newer than ID #978650205192044545 for account
@SecShulkin
about to get all tweets newer than ID #1015275809207177217 for account
@SecretaryRoss
about to get all tweets newer than ID #1017773260027637760 for account
@Scavino45
about to get all tweets newer than ID #1017495542723735554 for account @PressSec
about to get all tweets newer than ID #1015616894559244288 for account
@RealBenCarson
about to get all tweets newer than ID #1017777230926270470 for account
@StephGrisham45
getting all tweets before ID #939910238249148421
    ...398 tweets downloaded so far
about to get all tweets newer than ID #1017471053898149888 for account
@SecretaryZinke


New tweet from StephGrisham45: @BBCJonSopel Nope. I have photos. I also have a
 newspaper from the morning after Brexit. I remember sitting in a pu…
https://t.co/plrjEqrEiM

archiving URL http://twitter.com/StephGrisham45/status/1017779327696621568
    ... archiving using prefix http://web.archive.org/save/
about to get all tweets newer than ID #1017776709582639105 for account @SBALinda
about to get all tweets newer than ID #890659905798983680 for account @Reince45
ERROR: unable to get tweets for account @Reince45
           the system said: Not authorized.
about to get all tweets newer than ID #832282841471918080 for account
@BetsyDeVos
about to get all tweets newer than ID #1014519079284199424 for account
@EPAScottPruitt
ERROR: unable to get tweets for account @EPAScottPruitt
           the system said: [{'code': 34, 'message': 'Sorry, that page does not
exist.'}]
about to get all tweets newer than ID #1015259821451497473 for account
@SecondLady
about to get all tweets newer than ID #1017775404277305344 for account
@WhiteHouse
getting all tweets before ID #1010160726772781061
    ...400 tweets downloaded so far
about to get all tweets newer than ID #1017772506470649857 for account
@realDonaldTrump


New tweet from WhiteHouse: Since landing in the United Kingdom,
@realDonaldTrump joined Prime Minister @theresa_may and @FLOTUS for an arrival…
https://t.co/vowsMvWzmz

archiving URL http://twitter.com/WhiteHouse/status/1017782716518010881
    ... archiving using prefix http://web.archive.org/save/

archiving URL https://twitter.com/WhiteHouse/status/1017782716518010881
    ... archiving using prefix http://web.archive.org/save/
about to get all tweets newer than ID #1016492510749786114 for account
@MickMulvaneyOMB


New tweet from WhiteHouse: .@realDonaldTrump: “As we stand together this
afternoon at Chequers, we continue a long tradition of friendship, co…
https://t.co/NTsGF3y7If

archiving URL http://twitter.com/WhiteHouse/status/1017784966963294208
    ... archiving using prefix http://web.archive.org/save/
about to get all tweets newer than ID #830074939298414592 for account
@RepTomPrice

archiving URL https://twitter.com/WhiteHouse/status/1017784966963294208
    ... archiving using prefix http://web.archive.org/save/
about to get all tweets newer than ID #1017496113236983808 for account
@AmbJohnBolton
ERROR: unable to get tweets for account @AmbJohnBolton
           the system said: Failed to parse JSON payload: Unterminated string
starting at: line 1 column 604219 (char 604218)
about to get all tweets newer than ID #1017767277792583680 for account
@SecretarySonny
ERROR: unable to get tweets for account @SecretarySonny
           the system said: Failed to parse JSON payload: Unterminated string
starting at: line 1 column 610192 (char 610191)
about to get all tweets newer than ID #1015204720246435840 for account
@IvankaTrumpHQ
about to get all tweets newer than ID #1014553611681128449 for account
@BetsyDeVosED
about to get all tweets newer than ID #-1 for account @ElaineChao
about to get all tweets newer than ID #816846808789958656 for account
@SenDanCoats
about to get all tweets newer than ID #1017758584229257216 for account
@Scaramucci
getting all tweets before ID #1012063831210643455
    ...399 tweets downloaded so far


New tweet from Scaramucci: .@SkyBridge  https://t.co/1qqTL3fJ2j

archiving URL http://twitter.com/Scaramucci/status/1017788725487685637
    ... archiving using prefix http://web.archive.org/save/
about to get all tweets newer than ID #1017769319806013440 for account
@statedeptspox

archiving URL https://twitter.com/Scaramucci/status/1017788725487685637
    ... archiving using prefix http://web.archive.org/save/
about to get all tweets newer than ID #1017624199127601153 for account
@seanspicer
ERROR: unable to get tweets for account @seanspicer
           the system said: Failed to parse JSON payload: Unterminated string
starting at: line 1 column 1103530 (char 1103529)
about to get all tweets newer than ID #1014504948468510720 for account @Reince
about to get all tweets newer than ID #1017553619791597568 for account
@EnergyDepSec
about to get all tweets newer than ID #1017467247235825666 for account
@KellyannePolls
about to get all tweets newer than ID #1016712148112760832 for account @PRyan
about to get all tweets newer than ID #-1 for account @jaredkushner
about to get all tweets newer than ID #836780744810844161 for account
@StephenMillerAL
about to get all tweets newer than ID #1017511642706382848 for account @VP
about to get all tweets newer than ID #824610180881117184 for account
@GovPenceIN
about to get all tweets newer than ID #994396943421001728 for account
@TomBossert45
about to get all tweets newer than ID #1017776240068001792 for account
@SecretaryCarson
about to get all tweets newer than ID #1017770292150759426 for account
@DepSecHargan
about to get all tweets newer than ID #856041462164836355 for account
@FirstLadyIN
about to get all tweets newer than ID #913881045652688901 for account
@SecPriceMD
about to get all tweets newer than ID #1017383484229345280 for account
@SecNielsen
about to get all tweets newer than ID #1017756432274423808 for account @FLOTUS
about to get all tweets newer than ID #1003795765028884485 for account
@Linda_McMahon
about to get all tweets newer than ID #954801265732661248 for account
@MELANIATRUMP
about to get all tweets newer than ID #1017486888591118337 for account
@IvankaTrump
... OK, we're set up, and about to watch 819980276570976256, 22203756,
809836066316451840, 818928162449068032, 799764016885329921, 2334193741,
18916432, 826065858548133888, 822215679726100480, 836724024688410625,
956283913835614208, 296060169, 18906561, 37666984, 830128820447539208,
620571475, 831482588246196225, 836305915452272641, 823367015830323201,
818927131883356161, 1180379185, 823638938590085124, 827258161841135623,
819992522109894658, 803703725730779136, 599530439, 832672006113931269,
822127086194348032, 822215673812119553, 25073877, 888031054141022209, 6577802,
118756393, 842072478834909184, 798195585824104449, 828997388920619008,
105267762, 212262370, 24578794, 1967216306, 20776147, 20733972,
894923298374651904, 471672239, 733751245, 29547260, 728361177986797568,
818910970567344128, 15985455, 866746592853979137, 828613457020870657,
920035992073064450, 1923451808, 829782369670410240, 935148134505828353,
818876014390603776, 65522706, 108471631, 52544275


New tweet from SpeakerRyan: .@ICEgov gets gangs out of our communities, helps
prevent drugs from flowing into our schools, and rescues people f…
https://t.co/7UAPKSENWG

archiving URL http://twitter.com/SpeakerRyan/status/1017793993147670528
    ... archiving using prefix http://web.archive.org/save/

archiving URL https://twitter.com/SpeakerRyan/status/1017793993147670528
    ... archiving using prefix http://web.archive.org/save/


New tweet from PressSec: .@POTUS sits in Winston Churchill’s chair as a guest
of Prime Minister May at Chequers. https://t.co/Wv2nrLMnQP

archiving URL http://twitter.com/PressSec/status/1017798174948413441
    ... archiving using prefix http://web.archive.org/save/


New tweet from VP: On our way to Chicago to meet with families, small
businesses &amp; job creators to highlight how @POTUS’ tax cuts are…
https://t.co/MmcOzkwT1Y

archiving URL http://twitter.com/VP/status/1017799770683924481
    ... archiving using prefix http://web.archive.org/save/


New tweet from SecretarySonny: Enjoyed a working breakfast with
@sendavidperdue, GA Ag Commissioner Gary Black and a room full of Georgia
agricult… https://t.co/tsAT4jhPtL

archiving URL http://twitter.com/SecretarySonny/status/1017800798741377024
    ... archiving using prefix http://web.archive.org/save/

archiving URL https://twitter.com/SecretarySonny/status/1017800798741377024
    ... archiving using prefix http://web.archive.org/save/


New tweet from PressSec: .@POTUS and @FLOTUS arrive at Windsor to meet Queen
Elizabeth II. https://t.co/0nvhyX2lb9

archiving URL http://twitter.com/PressSec/status/1017800851820343296
    ... archiving using prefix http://web.archive.org/save/

archiving URL https://twitter.com/PressSec/status/1017800851820343296
    ... archiving using prefix http://web.archive.org/save/


New tweet from DepSecHargan: Thanks to a @samhsagov STR opioid crisis grant
#Minnesota has implemented a statewide media campaign that helps exp…
https://t.co/5TYUmfN4OF

archiving URL http://twitter.com/DepSecHargan/status/1017800902235836416
    ... archiving using prefix http://web.archive.org/save/

archiving URL https://twitter.com/DepSecHargan/status/1017800902235836416
    ... archiving using prefix http://web.archive.org/save/
WARNING: received error ('Connection broken: IncompleteRead(0 bytes read, 2 more
 expected)', IncompleteRead(0 bytes read, 2 more expected)); sleeping and trying
 again ...


New tweet from nikkihaley: RT@USUN: After several yrs of hard work a US led
S.Sudan arms embargo passed in the Security Council this morning…
https://t.co/ATIb99gnNS

archiving URL http://twitter.com/nikkihaley/status/1017802482548953089
    ... archiving using prefix http://web.archive.org/save/

archiving URL https://twitter.com/nikkihaley/status/1017802482548953089
    ... archiving using prefix http://web.archive.org/save/
WARNING: received error ('Connection broken: IncompleteRead(0 bytes read, 695
more expected)', IncompleteRead(0 bytes read, 695 more expected)); sleeping and
trying again ...


New tweet from SBALinda: Roundtable with @IAGovernor @KimReynoldsIA,
@ChuckGrassley and women business owners, who say they saw significant…
https://t.co/d8QlljMBsq

archiving URL http://twitter.com/SBALinda/status/1017804757417807873
    ... archiving using prefix http://web.archive.org/save/

archiving URL https://twitter.com/SBALinda/status/1017804757417807873
    ... archiving using prefix http://web.archive.org/save/


New tweet from SBALinda: Thanks to @SenJoniErnst for joining the roundtable as
 well! https://t.co/FP55McBsDH

archiving URL http://twitter.com/SBALinda/status/1017805641778450433
    ... archiving using prefix http://web.archive.org/save/

archiving URL https://twitter.com/SBALinda/status/1017805641778450433
    ... archiving using prefix http://web.archive.org/save/
WARNING: received error ('Connection broken: IncompleteRead(0 bytes read, 625
more expected)', IncompleteRead(0 bytes read, 625 more expected)); sleeping and
trying again ...
