Hello, traveler. This is the beginning of a log file called: "Fascist Tweet Archiver".
Some basic system info about the host machine: posix.uname_result(sysname='Linux', nodename='file-server', release='3.16.0-5-686-pae', version='#1 SMP Debian 3.16.51-3+deb8u1 (2018-01-08)', machine='i686')
This log was begun Tuesday, 20 February 2018 at 10:23



INFO: read target account data; we're tracking 52 accounts
WARNING: no ProtocolError (got exception "name 'ProtocolError' is not defined");
 trying requests.packages.urllib3.exceptions instead
NOTE: successfully imported from requests
Starting up...
about to get all tweets newer than ID #965033528059719680 for account
@SecondLady
about to get all tweets newer than ID #830074939298414592 for account
@RepTomPrice
about to get all tweets newer than ID #965231014632132610 for account
@Linda_McMahon
about to get all tweets newer than ID #959613255206555648 for account
@DanScavino
about to get all tweets newer than ID #965643859408621568 for account
@SecretaryAcosta
about to get all tweets newer than ID #965987571892477952 for account
@SpeakerRyan
about to get all tweets newer than ID #965988363470811136 for account @PressSec
about to get all tweets newer than ID #816846808789958656 for account
@SenDanCoats
about to get all tweets newer than ID #963927915284062209 for account
@SecretaryRoss
about to get all tweets newer than ID #954801265732661248 for account
@MELANIATRUMP
about to get all tweets newer than ID #890659905798983680 for account @Reince45
about to get all tweets newer than ID #965969872311193601 for account
@SecretaryZinke
about to get all tweets newer than ID #965235438230343680 for account
@GovernorPerry
about to get all tweets newer than ID #824610180881117184 for account
@GovPenceIN
about to get all tweets newer than ID #-1 for account @ElaineChao
about to get all tweets newer than ID #962184059052011522 for account @Reince
about to get all tweets newer than ID #965990208780099584 for account
@IvankaTrump
getting all tweets before ID #942583315692965887
    ...400 tweets downloaded so far


New tweet from IvankaTrump: Happy birthday Mom! Today, I bow to you even
deeper, as I better understand just how hard a job it is to be a great…
https://t.co/Q7tLHnzOe3
about to get all tweets newer than ID #836780744810844161 for account
@StephenMillerAL

archiving URL http://twitter.com/IvankaTrump/status/966000144293548032
    ... archiving using prefix http://web.archive.org/save/

archiving URL https://twitter.com/IvankaTrump/status/966000144293548032
    ... archiving using prefix http://web.archive.org/save/
about to get all tweets newer than ID #965983744384434176 for account
@seanspicer
about to get all tweets newer than ID #964349912786681856 for account
@KellyannePolls
about to get all tweets newer than ID #958090523364986887 for account
@MickMulvaneyOMB
about to get all tweets newer than ID #816290296048873472 for account
@WilburRoss
about to get all tweets newer than ID #963917729328746496 for account
@TomBossert45
about to get all tweets newer than ID #965782237517172741 for account
@nikkihaley
about to get all tweets newer than ID #963902159531147264 for account
@BetsyDeVosED
about to get all tweets newer than ID #965992277746348032 for account
@SecretarySonny
getting all tweets before ID #942422647329185791
    ...400 tweets downloaded so far


New tweet from SecretarySonny: Solid infrastructure agenda from @POTUS will be
 particularly helpful to rural America. $50 billion dedicated to rur…
https://t.co/OuHnxOYWol
about to get all tweets newer than ID #903694300306923521 for account
@SecElaineChao

archiving URL http://twitter.com/SecretarySonny/status/965994880794267649
    ... archiving using prefix http://web.archive.org/save/

archiving URL https://twitter.com/SecretarySonny/status/965994880794267649
    ... archiving using prefix http://web.archive.org/save/
about to get all tweets newer than ID #964902954967891968 for account @FLOTUS
about to get all tweets newer than ID #965002523840008192 for account
@StephGrisham45
about to get all tweets newer than ID #832282841471918080 for account
@BetsyDeVos
about to get all tweets newer than ID #961725970108633089 for account
@SecShulkin
about to get all tweets newer than ID #965997033562755073 for account
@AshLeeStrong
about to get all tweets newer than ID #965788767507251200 for account
@Scaramucci
about to get all tweets newer than ID #964531082665193472 for account @PRyan
about to get all tweets newer than ID #965971586913374208 for account
@realDonaldTrump
about to get all tweets newer than ID #965988514998472704 for account
@WhiteHouse
getting all tweets before ID #958536897000890367
    ...400 tweets downloaded so far


New tweet from WhiteHouse: President Trump’s Infrastructure Initiative will
help ensure Americans living in rural communities have access to t…
https://t.co/BQ5F990doM
about to get all tweets newer than ID #965069215509237760 for account
@mike_pence

archiving URL http://twitter.com/WhiteHouse/status/965998496540176385
    ... archiving using prefix http://web.archive.org/save/

archiving URL https://twitter.com/WhiteHouse/status/965998496540176385
    ... archiving using prefix http://web.archive.org/save/
about to get all tweets newer than ID #965989511841943552 for account
@JessicaDitto45
about to get all tweets newer than ID #898632795517403136 for account
@GeneralJFKellly
ERROR: unable to get tweets for account @GeneralJFKellly
           the system said: Not authorized.
about to get all tweets newer than ID #963899156300488704 for account
@IvankaTrumpHQ
about to get all tweets newer than ID #-1 for account @jaredkushner
about to get all tweets newer than ID #965632567067201536 for account
@stevenmnuchin1
about to get all tweets newer than ID #964524657834647552 for account
@SecretaryCarson
about to get all tweets newer than ID #965975443844292610 for account @SBALinda
about to get all tweets newer than ID #856041462164836355 for account
@FirstLadyIN
about to get all tweets newer than ID #965618896454803456 for account
@EPAScottPruitt
about to get all tweets newer than ID #964984439175614464 for account @POTUS
about to get all tweets newer than ID #965637014233247744 for account @Scavino45
about to get all tweets newer than ID #913881045652688901 for account
@SecPriceMD
about to get all tweets newer than ID #965586581007499264 for account
@SecretaryPerry
about to get all tweets newer than ID #965790835643215873 for account
@RealBenCarson
about to get all tweets newer than ID #965658622381486080 for account @VP
... OK, we're set up, and about to watch 822127086194348032, 6577802, 65522706,
620571475, 819980276570976256, 18916432, 818927131883356161, 212262370,
836305915452272641, 108471631, 803703725730779136, 827258161841135623, 18906561,
 15985455, 105267762, 20733972, 52544275, 728361177986797568, 20776147,
471672239, 888031054141022209, 809836066316451840, 866746592853979137, 37666984,
 828997388920619008, 842072478834909184, 826065858548133888, 818876014390603776,
 823638938590085124, 599530439, 831482588246196225, 296060169, 24578794,
733751245, 25073877, 822215673812119553, 22203756, 836724024688410625,
892173412818354177, 798195585824104449, 29547260, 799764016885329921,
828613457020870657, 819992522109894658, 1923451808, 832672006113931269,
822215679726100480, 823367015830323201, 829782369670410240, 830128820447539208,
1180379185, 818910970567344128
