Hello, traveler. This is the beginning of a log file called: "Fascist Tweet Archiver".
Some basic system info about the host machine: posix.uname_result(sysname='Linux', nodename='file-server', release='3.16.0-5-686-pae', version='#1 SMP Debian 3.16.51-3+deb8u1 (2018-01-08)', machine='i686')
This log was begun Sunday, 04 February 2018 at 01:49



INFO: read target account data; we're tracking 52 accounts
WARNING: no ProtocolError (got exception "name 'ProtocolError' is not defined");
 trying requests.packages.urllib3.exceptions instead
NOTE: successfully imported from requests
Starting up...
about to get all tweets newer than ID #959812736728403968 for account @SBALinda
about to get all tweets newer than ID #959227007719571456 for account @Reince
about to get all tweets newer than ID #959444866303516672 for account
@SecretaryAcosta
about to get all tweets newer than ID #959931538803707904 for account
@AshLeeStrong
about to get all tweets newer than ID #955254388423118849 for account
@GovernorPerry
about to get all tweets newer than ID #-1 for account @jaredkushner
about to get all tweets newer than ID #959509964615188480 for account
@SecretaryCarson
about to get all tweets newer than ID #959613255206555648 for account
@DanScavino
about to get all tweets newer than ID #856041462164836355 for account
@FirstLadyIN
about to get all tweets newer than ID #959576379753889793 for account
@RealBenCarson
about to get all tweets newer than ID #960000954459475969 for account
@nikkihaley
about to get all tweets newer than ID #959551900046807046 for account
@SecretaryPerry
ERROR: unable to get tweets for account @SecretaryPerry
           the system said: Failed to parse JSON payload: Unterminated string
starting at: line 1 column 507888 (char 507887)
about to get all tweets newer than ID #959926482079567872 for account
@WhiteHouse
about to get all tweets newer than ID #824610180881117184 for account
@GovPenceIN
about to get all tweets newer than ID #832282841471918080 for account
@BetsyDeVos
about to get all tweets newer than ID #959977098029957121 for account
@IvankaTrump
about to get all tweets newer than ID #958745218832130050 for account
@StephGrisham45
about to get all tweets newer than ID #960002107406475264 for account @Scavino45
about to get all tweets newer than ID #958536228302880769 for account
@BetsyDeVosED
about to get all tweets newer than ID #959505983859982336 for account
@SecretarySonny
about to get all tweets newer than ID #959535906171621376 for account
@SecShulkin
about to get all tweets newer than ID #959866893451501568 for account
@SpeakerRyan
about to get all tweets newer than ID #959594750184697856 for account
@EPAScottPruitt
about to get all tweets newer than ID #898401955847876608 for account
@Linda_McMahon
about to get all tweets newer than ID #958552614026784770 for account
@SecretaryRoss
about to get all tweets newer than ID #959829144514236416 for account
@seanspicer
about to get all tweets newer than ID #959952974826098688 for account
@realDonaldTrump
about to get all tweets newer than ID #959488475971162113 for account @FLOTUS
ERROR: unable to get tweets for account @FLOTUS
           the system said: Failed to parse JSON payload: Expecting property
name enclosed in double quotes: line 1 column 509852 (char 509851)
about to get all tweets newer than ID #959849312011374593 for account @VP
about to get all tweets newer than ID #890659905798983680 for account @Reince45
about to get all tweets newer than ID #959541882916392961 for account
@JessicaDitto45
about to get all tweets newer than ID #954801265732661248 for account
@MELANIATRUMP
about to get all tweets newer than ID #836780744810844161 for account
@StephenMillerAL
about to get all tweets newer than ID #957383382358528001 for account
@TomBossert45
about to get all tweets newer than ID #959855149199093761 for account
@SecretaryZinke
about to get all tweets newer than ID #830074939298414592 for account
@RepTomPrice
about to get all tweets newer than ID #913881045652688901 for account
@SecPriceMD
about to get all tweets newer than ID #958090523364986887 for account
@MickMulvaneyOMB
about to get all tweets newer than ID #959460807493988353 for account
@stevenmnuchin1
about to get all tweets newer than ID #816290296048873472 for account
@WilburRoss
about to get all tweets newer than ID #898632795517403136 for account
@GeneralJFKellly
ERROR: unable to get tweets for account @GeneralJFKellly
           the system said: Not authorized.
about to get all tweets newer than ID #959919085088923648 for account @PressSec
about to get all tweets newer than ID #959831598412656640 for account @PRyan
about to get all tweets newer than ID #816846808789958656 for account
@SenDanCoats
about to get all tweets newer than ID #959458831821615104 for account
@KellyannePolls
about to get all tweets newer than ID #959911399643328513 for account
@Scaramucci
about to get all tweets newer than ID #-1 for account @ElaineChao
about to get all tweets newer than ID #959554266896646144 for account @POTUS
about to get all tweets newer than ID #959207300727746560 for account
@IvankaTrumpHQ
about to get all tweets newer than ID #959520026410831872 for account
@SecondLady
ERROR: unable to get tweets for account @SecondLady
           the system said: Failed to parse JSON payload: Unterminated string
starting at: line 1 column 504967 (char 504966)
about to get all tweets newer than ID #903694300306923521 for account
@SecElaineChao
about to get all tweets newer than ID #959503328014225408 for account
@mike_pence
ERROR: unable to get tweets for account @mike_pence
           the system said: Failed to parse JSON payload: Unterminated string
starting at: line 1 column 501646 (char 501645)
... OK, we're set up, and about to watch 819992522109894658, 20733972,
819980276570976256, 296060169, 18906561, 29547260, 828613457020870657,
620571475, 1923451808, 1180379185, 37666984, 830128820447539208,
822215673812119553, 15985455, 599530439, 52544275, 823638938590085124,
823367015830323201, 828997388920619008, 842072478834909184, 831482588246196225,
18916432, 832672006113931269, 65522706, 836305915452272641, 20776147, 25073877,
818876014390603776, 818910970567344128, 803703725730779136, 836724024688410625,
108471631, 728361177986797568, 866746592853979137, 827258161841135623, 6577802,
829782369670410240, 888031054141022209, 799764016885329921, 809836066316451840,
892173412818354177, 818927131883356161, 733751245, 212262370, 471672239,
24578794, 105267762, 822215679726100480, 798195585824104449, 822127086194348032,
 826065858548133888, 22203756


New tweet from Scaramucci: RT @BadgerPundit: @Scaramucci Mooch, you're EXACTLY
 on target. @DavidFrum is a net drain on society. He's never created value for
others ex…

archiving URL http://twitter.com/Scaramucci/status/960121119469654017
    ... archiving using prefix http://web.archive.org/save/

archiving URL https://twitter.com/Scaramucci/status/960121119469654017
    ... archiving using prefix http://web.archive.org/save/


New tweet from Scaramucci: See now that’s funny! I enjoy having you as a
troll! https://t.co/mscVYu7Zfr

archiving URL http://twitter.com/Scaramucci/status/960134212715208704
    ... archiving using prefix http://web.archive.org/save/

archiving URL https://twitter.com/Scaramucci/status/960134212715208704
    ... archiving using prefix http://web.archive.org/save/


New tweet from seanspicer: It’s been while since celebrating that first
@Patriots #SuperBowl win but #TomBrady @RobGronkowski are going to do…
https://t.co/o1aIFEcSy7

archiving URL http://twitter.com/seanspicer/status/960137548810084352
    ... archiving using prefix http://web.archive.org/save/

archiving URL https://twitter.com/seanspicer/status/960137548810084352
    ... archiving using prefix http://web.archive.org/save/


New tweet from PressSec: A rebirth of American manufacturing and good paying
jobs is taking place across our country. On Monday President Tr…
https://t.co/7vD5O1EoS6

archiving URL http://twitter.com/PressSec/status/960138539131396096
    ... archiving using prefix http://web.archive.org/save/

archiving URL https://twitter.com/PressSec/status/960138539131396096
    ... archiving using prefix http://web.archive.org/save/


New tweet from seanspicer: RT @BorisEP: Important point. Good policies yield
results. https://t.co/TtmG56krmn

archiving URL http://twitter.com/seanspicer/status/960139943166267392
    ... archiving using prefix http://web.archive.org/save/

archiving URL https://twitter.com/seanspicer/status/960139943166267392
    ... archiving using prefix http://web.archive.org/save/
WARNING: received error ('Connection broken: IncompleteRead(0 bytes read, 512
more expected)', IncompleteRead(0 bytes read, 512 more expected)); sleeping and
trying again ...


New tweet from seanspicer: November is still far off but this is helpful:
Polls swing toward @GOP, easing fears of midterm disaster
Via…
https://t.co/5L24kApKap

archiving URL http://twitter.com/seanspicer/status/960144956479418369
    ... archiving using prefix http://web.archive.org/save/

archiving URL https://twitter.com/seanspicer/status/960144956479418369
    ... archiving using prefix http://web.archive.org/save/
WARNING: received error ('Connection broken: IncompleteRead(0 bytes read)',
IncompleteRead(0 bytes read)); sleeping and trying again ...
