Hello, traveler. This is the beginning of a log file called: "Fascist Tweet Archiver".
Some basic system info about the host machine: posix.uname_result(sysname='Linux', nodename='file-server', release='3.16.0-4-686-pae', version='#1 SMP Debian 3.16.51-3 (2017-12-13)', machine='i686')
This log was begun Monday, 01 January 2018 at 05:45



INFO: read target account data; we're tracking 52 accounts
WARNING: no ProtocolError (got exception "name 'ProtocolError' is not defined");
 trying requests.packages.urllib3.exceptions instead
NOTE: successfully imported from requests
Starting up...
about to get all tweets newer than ID #943545273489510400 for account
@MickMulvaneyOMB
about to get all tweets newer than ID #856041462164836355 for account
@FirstLadyIN
ERROR: unable to get tweets for account @FirstLadyIN
           the system said: Failed to parse JSON payload: Unterminated string
starting at: line 1 column 504537 (char 504536)
about to get all tweets newer than ID #836780744810844161 for account
@StephenMillerAL
about to get all tweets newer than ID #947665157488041984 for account
@SecondLady
ERROR: unable to get tweets for account @SecondLady
           the system said: Failed to send request:
HTTPSConnectionPool(host='api.twitter.com', port=443): Read timed out.
about to get all tweets newer than ID #946156999041052672 for account
@TomBossert45
ERROR: unable to get tweets for account @TomBossert45
           the system said: Failed to parse JSON payload: Unterminated string
starting at: line 1 column 505232 (char 505231)
about to get all tweets newer than ID #816846808789958656 for account
@SenDanCoats
about to get all tweets newer than ID #947272380208111616 for account
@JessicaDitto45
ERROR: unable to get tweets for account @JessicaDitto45
           the system said: Failed to parse JSON payload: Unterminated string
starting at: line 1 column 506918 (char 506917)
about to get all tweets newer than ID #945432117319680000 for account
@GovernorPerry
ERROR: unable to get tweets for account @GovernorPerry
           the system said: Failed to parse JSON payload: Expecting property
name enclosed in double quotes: line 1 column 508445 (char 508444)
about to get all tweets newer than ID #-1 for account @jaredkushner
about to get all tweets newer than ID #946046285546602496 for account @SBALinda
ERROR: unable to get tweets for account @SBALinda
           the system said: Failed to parse JSON payload: Unterminated string
starting at: line 1 column 509547 (char 509546)
about to get all tweets newer than ID #890659905798983680 for account @Reince45
ERROR: unable to get tweets for account @Reince45
           the system said: Failed to send request:
HTTPSConnectionPool(host='api.twitter.com', port=443): Max retries exceeded with
 url: /1.1/statuses/user_timeline.json?count=200&screen_name=Reince45 (Caused by
 NewConnectionError('<requests.packages.urllib3.connection.VerifiedHTTPSConnecti
on object at 0xb644fc6c>: Failed to establish a new connection: [Errno -2] Name
or service not known',))
about to get all tweets newer than ID #930982584649175047 for account
@mike_pence
ERROR: unable to get tweets for account @mike_pence
           the system said: Failed to parse JSON payload: Unterminated string
starting at: line 1 column 509365 (char 509364)
about to get all tweets newer than ID #946387776328617984 for account
@IvankaTrumpHQ
ERROR: unable to get tweets for account @IvankaTrumpHQ
           the system said: Failed to parse JSON payload: Unterminated string
starting at: line 1 column 509890 (char 509889)
about to get all tweets newer than ID #947163144593559553 for account
@StephGrisham45
ERROR: unable to get tweets for account @StephGrisham45
           the system said: Failed to parse JSON payload: Expecting ':'
delimiter: line 1 column 505244 (char 505243)
about to get all tweets newer than ID #947694008012345344 for account @Scavino45
about to get all tweets newer than ID #947624310629457922 for account
@SecretaryPerry
about to get all tweets newer than ID #946847208451837953 for account
@SpeakerRyan
ERROR: unable to get tweets for account @SpeakerRyan
           the system said: Failed to send request:
HTTPSConnectionPool(host='api.twitter.com', port=443): Read timed out.
about to get all tweets newer than ID #947615870490210304 for account @POTUS
about to get all tweets newer than ID #947703974030913537 for account
@Scaramucci
ERROR: unable to get tweets for account @Scaramucci
           the system said: Failed to parse JSON payload: Unterminated string
starting at: line 1 column 674779 (char 674778)
about to get all tweets newer than ID #832282841471918080 for account
@BetsyDeVos
about to get all tweets newer than ID #816290296048873472 for account
@WilburRoss
about to get all tweets newer than ID #947712481522339840 for account @PressSec
ERROR: unable to get tweets for account @PressSec
           the system said: Failed to send request: ('Connection aborted.',
ConnectionResetError(104, 'Connection reset by peer'))
about to get all tweets newer than ID #-1 for account @ElaineChao
about to get all tweets newer than ID #941074527592812545 for account
@SecretaryRoss
about to get all tweets newer than ID #945412679887413248 for account
@BetsyDeVosED
ERROR: unable to get tweets for account @BetsyDeVosED
           the system said: Failed to parse JSON payload: Expecting value: line
1 column 507492 (char 507491)
about to get all tweets newer than ID #947694018535636992 for account
@AshLeeStrong
ERROR: unable to get tweets for account @AshLeeStrong
           the system said: Failed to parse JSON payload: Unterminated string
starting at: line 1 column 508924 (char 508923)
about to get all tweets newer than ID #945299954049933314 for account @FLOTUS
about to get all tweets newer than ID #947577988979273728 for account
@seanspicer
ERROR: unable to get tweets for account @seanspicer
           the system said: Failed to send request: ('Connection aborted.',
BadStatusLine("''",))
about to get all tweets newer than ID #947535963487686656 for account
@nikkihaley
ERROR: unable to get tweets for account @nikkihaley
           the system said: Failed to send request: EOF occurred in violation of
 protocol (_ssl.c:600)
about to get all tweets newer than ID #945295587301253120 for account @PRyan
ERROR: unable to get tweets for account @PRyan
           the system said: Failed to send request:
HTTPSConnectionPool(host='api.twitter.com', port=443): Max retries exceeded with
 url: /1.1/statuses/user_timeline.json?count=200&screen_name=PRyan (Caused by Ne
wConnectionError('<requests.packages.urllib3.connection.VerifiedHTTPSConnection
object at 0xb5f0d98c>: Failed to establish a new connection: [Errno -2] Name or
service not known',))
about to get all tweets newer than ID #947644158658928641 for account @VP
ERROR: unable to get tweets for account @VP
           the system said: Failed to parse JSON payload: Unterminated string
starting at: line 1 column 508342 (char 508341)
about to get all tweets newer than ID #947697689940160513 for account
@DanScavino
ERROR: unable to get tweets for account @DanScavino
           the system said: Failed to parse JSON payload: Unterminated string
starting at: line 1 column 509623 (char 509622)
about to get all tweets newer than ID #947656347985866752 for account
@SecretaryZinke
about to get all tweets newer than ID #946627730136743936 for account
@stevenmnuchin1
ERROR: unable to get tweets for account @stevenmnuchin1
           the system said: Failed to parse JSON payload: Unterminated string
starting at: line 1 column 680718 (char 680717)
about to get all tweets newer than ID #913881045652688901 for account
@SecPriceMD
ERROR: unable to get tweets for account @SecPriceMD
           the system said: Failed to send request:
HTTPSConnectionPool(host='api.twitter.com', port=443): Read timed out.
about to get all tweets newer than ID #903694300306923521 for account
@SecElaineChao
about to get all tweets newer than ID #947553822616047616 for account
@WhiteHouse
about to get all tweets newer than ID #824610180881117184 for account
@GovPenceIN
about to get all tweets newer than ID #943545231244439555 for account
@SecretaryCarson
about to get all tweets newer than ID #943908455793823744 for account @Reince
about to get all tweets newer than ID #898632795517403136 for account
@GeneralJFKellly
ERROR: unable to get tweets for account @GeneralJFKellly
           the system said: Not authorized.
about to get all tweets newer than ID #946809083050512384 for account
@SecShulkin
about to get all tweets newer than ID #947627191080247296 for account
@SecretaryAcosta
ERROR: unable to get tweets for account @SecretaryAcosta
           the system said: Failed to send request:
HTTPSConnectionPool(host='api.twitter.com', port=443): Read timed out. (read
timeout=60)
about to get all tweets newer than ID #947583871314427905 for account
@IvankaTrump
about to get all tweets newer than ID #947497325731155970 for account
@EPAScottPruitt
about to get all tweets newer than ID #830074939298414592 for account
@RepTomPrice
about to get all tweets newer than ID #947075673222451200 for account
@KellyannePolls
about to get all tweets newer than ID #867385249340297217 for account
@RealBenCarson
ERROR: unable to get tweets for account @RealBenCarson
           the system said: Failed to send request: ('Connection aborted.',
ConnectionResetError(104, 'Connection reset by peer'))
about to get all tweets newer than ID #898401955847876608 for account
@Linda_McMahon
ERROR: unable to get tweets for account @Linda_McMahon
           the system said: Failed to send request: EOF occurred in violation of
 protocol (_ssl.c:600)
about to get all tweets newer than ID #795981284761894912 for account
@MELANIATRUMP
about to get all tweets newer than ID #947802588174577664 for account
@realDonaldTrump
getting all tweets before ID #936339260218724352
    ...397 tweets downloaded so far


New tweet from realDonaldTrump: Iran is failing at every level despite the
terrible deal made with them by the Obama Administration. The great Iran…
https://t.co/DaPjy8hPH5

archiving URL http://twitter.com/realDonaldTrump/status/947810806430826496
    ... archiving using prefix http://web.archive.org/save/
about to get all tweets newer than ID #947694647635259392 for account
@SecretarySonny

archiving URL https://twitter.com/realDonaldTrump/status/947810806430826496
    ... archiving using prefix http://web.archive.org/save/
... OK, we're set up, and about to watch 888031054141022209, 1923451808,
728361177986797568, 822127086194348032, 866746592853979137, 212262370,
836724024688410625, 18906561, 29547260, 819992522109894658, 803703725730779136,
22203756, 798195585824104449, 823638938590085124, 823367015830323201,
830128820447539208, 18916432, 822215679726100480, 24578794, 599530439,
809836066316451840, 818927131883356161, 105267762, 836305915452272641,
828997388920619008, 296060169, 818876014390603776, 20776147, 37666984,
733751245, 818910970567344128, 620571475, 827258161841135623,
799764016885329921, 829782369670410240, 826065858548133888, 822215673812119553,
15985455, 828613457020870657, 20733972, 892173412818354177, 831482588246196225,
819980276570976256, 52544275, 832672006113931269, 6577802, 471672239,
1180379185, 65522706, 108471631, 25073877, 842072478834909184
WARNING: received error HTTPSConnectionPool(host='stream.twitter.com',
port=443): Read timed out.; sleeping and trying again ...
