Hello, traveler. This is the beginning of a log file called: "Fascist Tweet Archiver".
Some basic system info about the host machine: posix.uname_result(sysname='Linux', nodename='file-server', release='3.16.0-5-686-pae', version='#1 SMP Debian 3.16.51-3+deb8u1 (2018-01-08)', machine='i686')
This log was begun Thursday, 01 February 2018 at 06:39



INFO: read target account data; we're tracking 52 accounts
WARNING: no ProtocolError (got exception "name 'ProtocolError' is not defined");
 trying requests.packages.urllib3.exceptions instead
NOTE: successfully imported from requests
Starting up...
about to get all tweets newer than ID #958829963536359424 for account
@RealBenCarson
about to get all tweets newer than ID #958761456098594816 for account @SBALinda
about to get all tweets newer than ID #954948632666693632 for account
@DanScavino
about to get all tweets newer than ID #958118563843334144 for account
@IvankaTrumpHQ
ERROR: unable to get tweets for account @IvankaTrumpHQ
           the system said: Failed to parse JSON payload: Unterminated string
starting at: line 1 column 508892 (char 508891)
about to get all tweets newer than ID #-1 for account @jaredkushner
about to get all tweets newer than ID #830074939298414592 for account
@RepTomPrice
about to get all tweets newer than ID #958544434303442944 for account @Reince
about to get all tweets newer than ID #958756838727700480 for account
@stevenmnuchin1
about to get all tweets newer than ID #958863938015387659 for account
@SecondLady
about to get all tweets newer than ID #958743445073403904 for account @FLOTUS
about to get all tweets newer than ID #955254388423118849 for account
@GovernorPerry
about to get all tweets newer than ID #816290296048873472 for account
@WilburRoss
about to get all tweets newer than ID #954801265732661248 for account
@MELANIATRUMP
ERROR: unable to get tweets for account @MELANIATRUMP
           the system said: Failed to parse JSON payload: Unterminated string
starting at: line 1 column 507433 (char 507432)
about to get all tweets newer than ID #958769984964087809 for account
@SecretaryPerry
about to get all tweets newer than ID #958866965908676608 for account
@AshLeeStrong
ERROR: unable to get tweets for account @AshLeeStrong
           the system said: Failed to parse JSON payload: Unterminated string
starting at: line 1 column 508348 (char 508347)
about to get all tweets newer than ID #-1 for account @ElaineChao
about to get all tweets newer than ID #958090523364986887 for account
@MickMulvaneyOMB
about to get all tweets newer than ID #958893097034895361 for account @VP
about to get all tweets newer than ID #958818982076743682 for account
@IvankaTrump
about to get all tweets newer than ID #856041462164836355 for account
@FirstLadyIN
ERROR: unable to get tweets for account @FirstLadyIN
           the system said: Failed to parse JSON payload: Unterminated string
starting at: line 1 column 510336 (char 510335)
about to get all tweets newer than ID #957383382358528001 for account
@TomBossert45
ERROR: unable to get tweets for account @TomBossert45
           the system said: Failed to parse JSON payload: Unterminated string
starting at: line 1 column 503831 (char 503830)
about to get all tweets newer than ID #958702829992071168 for account
@SecretaryCarson
about to get all tweets newer than ID #903694300306923521 for account
@SecElaineChao
about to get all tweets newer than ID #958838238030057472 for account
@JessicaDitto45
about to get all tweets newer than ID #958783661368840192 for account
@SecretaryZinke
about to get all tweets newer than ID #958826935676821504 for account
@SecShulkin
ERROR: unable to get tweets for account @SecShulkin
           the system said: Failed to parse JSON payload: Unterminated string
starting at: line 1 column 506002 (char 506001)
about to get all tweets newer than ID #816846808789958656 for account
@SenDanCoats
about to get all tweets newer than ID #958874297870770182 for account
@WhiteHouse
about to get all tweets newer than ID #958552614026784770 for account
@SecretaryRoss
about to get all tweets newer than ID #959034299222843394 for account
@realDonaldTrump
about to get all tweets newer than ID #958941024918753280 for account @Scavino45
about to get all tweets newer than ID #898632795517403136 for account
@GeneralJFKellly
ERROR: unable to get tweets for account @GeneralJFKellly
           the system said: Not authorized.
about to get all tweets newer than ID #958755780186050560 for account
@nikkihaley
about to get all tweets newer than ID #958536228302880769 for account
@BetsyDeVosED
about to get all tweets newer than ID #836780744810844161 for account
@StephenMillerAL
about to get all tweets newer than ID #898401955847876608 for account
@Linda_McMahon
about to get all tweets newer than ID #958745218832130050 for account
@StephGrisham45
about to get all tweets newer than ID #958833007539970049 for account
@EPAScottPruitt
about to get all tweets newer than ID #832282841471918080 for account
@BetsyDeVos
about to get all tweets newer than ID #959046926149840896 for account
@seanspicer
getting all tweets before ID #943819760583757824
    ...400 tweets downloaded so far


New tweet from seanspicer: Always on message, @JasonMillerinDC wishes @CNN
host and viewers happy paycheck increase day #TaxCutsandJobsAct…
https://t.co/8TEjkadSTF

archiving URL http://twitter.com/seanspicer/status/959058730016034816
    ... archiving using prefix http://web.archive.org/save/
about to get all tweets newer than ID #890659905798983680 for account @Reince45

archiving URL https://twitter.com/seanspicer/status/959058730016034816
    ... archiving using prefix http://web.archive.org/save/
about to get all tweets newer than ID #959031160708980742 for account @PressSec
about to get all tweets newer than ID #958841655146221568 for account
@SecretaryAcosta
about to get all tweets newer than ID #930982584649175047 for account
@mike_pence
about to get all tweets newer than ID #958792911105216512 for account
@SecretarySonny
about to get all tweets newer than ID #958767192241328128 for account
@SpeakerRyan
about to get all tweets newer than ID #958720276757401600 for account @PRyan
about to get all tweets newer than ID #913881045652688901 for account
@SecPriceMD
about to get all tweets newer than ID #824610180881117184 for account
@GovPenceIN
about to get all tweets newer than ID #958817190525984773 for account @POTUS
about to get all tweets newer than ID #958571306685030403 for account
@KellyannePolls
about to get all tweets newer than ID #959051641302454272 for account
@Scaramucci
ERROR: unable to get tweets for account @Scaramucci
           the system said: Failed to parse JSON payload: Expecting value: line
1 column 504515 (char 504514)
... OK, we're set up, and about to watch 1180379185, 819992522109894658,
620571475, 798195585824104449, 29547260, 6577802, 20733972, 799764016885329921,
822127086194348032, 818876014390603776, 18906561, 809836066316451840, 108471631,
 830128820447539208, 296060169, 105267762, 888031054141022209,
818910970567344128, 52544275, 1923451808, 866746592853979137,
828613457020870657, 826065858548133888, 836724024688410625, 827258161841135623,
831482588246196225, 212262370, 822215673812119553, 836305915452272641, 25073877,
 823367015830323201, 892173412818354177, 37666984, 828997388920619008,
728361177986797568, 65522706, 823638938590085124, 832672006113931269, 599530439,
 20776147, 803703725730779136, 818927131883356161, 819980276570976256, 22203756,
 842072478834909184, 18916432, 733751245, 829782369670410240, 15985455,
822215679726100480, 471672239, 24578794
