Hello, traveler. This is the beginning of a log file called: "Fascist Tweet Archiver".
Some basic system info about the host machine: posix.uname_result(sysname='Linux', nodename='file-server', release='3.16.0-4-686-pae', version='#1 SMP Debian 3.16.51-3 (2017-12-13)', machine='i686')
This log was begun Monday, 15 January 2018 at 06:08



INFO: read target account data; we're tracking 52 accounts
WARNING: no ProtocolError (got exception "name 'ProtocolError' is not defined");
 trying requests.packages.urllib3.exceptions instead
NOTE: successfully imported from requests
Starting up...
about to get all tweets newer than ID #943908455793823744 for account @Reince
ERROR: unable to get tweets for account @Reince
           the system said: Failed to parse JSON payload: Unterminated string
starting at: line 1 column 503021 (char 503020)
about to get all tweets newer than ID #947851229719355392 for account
@GovernorPerry
about to get all tweets newer than ID #952633833693810688 for account @PressSec
about to get all tweets newer than ID #951883414004748293 for account @FLOTUS
about to get all tweets newer than ID #951473433719828480 for account
@StephGrisham45
ERROR: unable to get tweets for account @StephGrisham45
           the system said: Failed to parse JSON payload: Unterminated string
starting at: line 1 column 507898 (char 507897)
about to get all tweets newer than ID #951580570487869440 for account
@EPAScottPruitt
ERROR: unable to get tweets for account @EPAScottPruitt
           the system said: Failed to parse JSON payload: Unterminated string
starting at: line 1 column 507894 (char 507893)
about to get all tweets newer than ID #-1 for account @jaredkushner
about to get all tweets newer than ID #952167274655428608 for account @POTUS
about to get all tweets newer than ID #898401955847876608 for account
@Linda_McMahon
about to get all tweets newer than ID #898632795517403136 for account
@GeneralJFKellly
ERROR: unable to get tweets for account @GeneralJFKellly
           the system said: Not authorized.
about to get all tweets newer than ID #952341465090416640 for account
@KellyannePolls
ERROR: unable to get tweets for account @KellyannePolls
           the system said: Failed to parse JSON payload: Unterminated string
starting at: line 1 column 508890 (char 508889)
about to get all tweets newer than ID #913881045652688901 for account
@SecPriceMD
ERROR: unable to get tweets for account @SecPriceMD
           the system said: Failed to parse JSON payload: Unterminated string
starting at: line 1 column 508806 (char 508805)
about to get all tweets newer than ID #816290296048873472 for account
@WilburRoss
about to get all tweets newer than ID #795981284761894912 for account
@MELANIATRUMP
about to get all tweets newer than ID #824610180881117184 for account
@GovPenceIN
ERROR: unable to get tweets for account @GovPenceIN
           the system said: Failed to send request: EOF occurred in violation of
 protocol (_ssl.c:600)
about to get all tweets newer than ID #951656272864129024 for account
@DanScavino
about to get all tweets newer than ID #951506732043456512 for account
@MickMulvaneyOMB
about to get all tweets newer than ID #952858033943732225 for account
@SecretaryAcosta
about to get all tweets newer than ID #951928484204630016 for account
@SecShulkin
ERROR: unable to get tweets for account @SecShulkin
           the system said: Failed to parse JSON payload: Unterminated string
starting at: line 1 column 507891 (char 507890)
about to get all tweets newer than ID #952613022589124609 for account
@Scaramucci
about to get all tweets newer than ID #952648491154755584 for account
@nikkihaley
ERROR: unable to get tweets for account @nikkihaley
           the system said: Failed to parse JSON payload: Expecting property
name enclosed in double quotes: line 1 column 508900 (char 508899)
about to get all tweets newer than ID #952684949764796419 for account
@SecretaryPerry
ERROR: unable to get tweets for account @SecretaryPerry
           the system said: Failed to parse JSON payload: Unterminated string
starting at: line 1 column 507881 (char 507880)
about to get all tweets newer than ID #952714540256563200 for account
@SecondLady
ERROR: unable to get tweets for account @SecondLady
           the system said: Failed to parse JSON payload: Unterminated string
starting at: line 1 column 511139 (char 511138)
about to get all tweets newer than ID #856041462164836355 for account
@FirstLadyIN
about to get all tweets newer than ID #867385249340297217 for account
@RealBenCarson
about to get all tweets newer than ID #903694300306923521 for account
@SecElaineChao
about to get all tweets newer than ID #930982584649175047 for account
@mike_pence
about to get all tweets newer than ID #952887520790040576 for account
@realDonaldTrump
ERROR: unable to get tweets for account @realDonaldTrump
           the system said: Failed to parse JSON payload: Expecting value: line
1 column 510308 (char 510307)
about to get all tweets newer than ID #952702127335530496 for account
@WhiteHouse
ERROR: unable to get tweets for account @WhiteHouse
           the system said: Failed to parse JSON payload: Unterminated string
starting at: line 1 column 505169 (char 505168)
about to get all tweets newer than ID #952684053886627841 for account @VP
about to get all tweets newer than ID #947883338055987201 for account
@BetsyDeVosED
about to get all tweets newer than ID #952654873027375105 for account
@SecretaryZinke
about to get all tweets newer than ID #951950668666888194 for account @PRyan
about to get all tweets newer than ID #832282841471918080 for account
@BetsyDeVos
about to get all tweets newer than ID #952386756313255938 for account
@JessicaDitto45
ERROR: unable to get tweets for account @JessicaDitto45
           the system said: Failed to parse JSON payload: Unterminated string
starting at: line 1 column 682158 (char 682157)
about to get all tweets newer than ID #952572412650033153 for account
@SpeakerRyan
about to get all tweets newer than ID #-1 for account @ElaineChao
about to get all tweets newer than ID #951469322014281728 for account
@IvankaTrumpHQ
about to get all tweets newer than ID #836780744810844161 for account
@StephenMillerAL
about to get all tweets newer than ID #951991023932203009 for account
@SecretarySonny
getting all tweets before ID #923365159002951679
    ...400 tweets downloaded so far


New tweet from SecretarySonny: Dr. Martin Luther King, Jr. would have been 89
years old today. He said, "Life's most persistent and urgent questio…
https://t.co/MiR6bNL3Tc

archiving URL http://twitter.com/SecretarySonny/status/952897246848278528
    ... archiving using prefix http://web.archive.org/save/
about to get all tweets newer than ID #952012081091563520 for account
@TomBossert45

archiving URL https://twitter.com/SecretarySonny/status/952897246848278528
    ... archiving using prefix http://web.archive.org/save/
ERROR: unable to get tweets for account @TomBossert45
           the system said: Failed to parse JSON payload: Unterminated string
starting at: line 1 column 507889 (char 507888)
about to get all tweets newer than ID #952878918494769152 for account
@seanspicer
about to get all tweets newer than ID #816846808789958656 for account
@SenDanCoats
ERROR: unable to get tweets for account @SenDanCoats
           the system said: Failed to parse JSON payload: Unterminated string
starting at: line 1 column 507860 (char 507859)
about to get all tweets newer than ID #951874120165330944 for account @SBALinda
ERROR: unable to get tweets for account @SBALinda
           the system said: Failed to parse JSON payload: Unterminated string
starting at: line 1 column 507889 (char 507888)
about to get all tweets newer than ID #952721304188342272 for account
@IvankaTrump
about to get all tweets newer than ID #941074527592812545 for account
@SecretaryRoss
about to get all tweets newer than ID #951869668452642817 for account
@SecretaryCarson
getting all tweets before ID #908362479209795584
    ...400 tweets downloaded so far


New tweet from SecretaryCarson: I’m in Atlanta today to celebrate the life and
 legacy of Dr. Martin Luther King Jr. Before the events begin I’m  me…
https://t.co/lR8Xjvcg4c

archiving URL http://twitter.com/SecretaryCarson/status/952897145367138305
    ... archiving using prefix http://web.archive.org/save/
about to get all tweets newer than ID #952659357719810055 for account
@AshLeeStrong

archiving URL https://twitter.com/SecretaryCarson/status/952897145367138305
    ... archiving using prefix http://web.archive.org/save/
about to get all tweets newer than ID #952732876415684608 for account @Scavino45
about to get all tweets newer than ID #830074939298414592 for account
@RepTomPrice
about to get all tweets newer than ID #952581625543610369 for account
@stevenmnuchin1
ERROR: unable to get tweets for account @stevenmnuchin1
           the system said: Failed to parse JSON payload: Unterminated string
starting at: line 1 column 678690 (char 678689)
about to get all tweets newer than ID #890659905798983680 for account @Reince45
... OK, we're set up, and about to watch 20733972, 18906561, 818927131883356161,
 818876014390603776, 823638938590085124, 832672006113931269, 29547260,
822215679726100480, 65522706, 892173412818354177, 471672239, 829782369670410240,
 809836066316451840, 108471631, 15985455, 620571475, 888031054141022209,
819980276570976256, 831482588246196225, 24578794, 37666984, 830128820447539208,
822127086194348032, 1923451808, 1180379185, 826065858548133888, 22203756,
25073877, 822215673812119553, 818910970567344128, 828997388920619008,
827258161841135623, 733751245, 599530439, 836724024688410625, 18916432,
105267762, 798195585824104449, 728361177986797568, 842072478834909184,
866746592853979137, 20776147, 212262370, 819992522109894658, 52544275,
836305915452272641, 828613457020870657, 296060169, 823367015830323201, 6577802,
799764016885329921, 803703725730779136
WARNING: received error ('Connection broken: IncompleteRead(0 bytes read, 2000
more expected)', IncompleteRead(0 bytes read, 2000 more expected)); sleeping and
 trying again ...
WARNING: received error ('Connection broken: IncompleteRead(0 bytes read, 512
more expected)', IncompleteRead(0 bytes read, 512 more expected)); sleeping and
trying again ...
