Hello, traveler. This is the beginning of a log file called: "Fascist Tweet Archiver".
Some basic system info about the host machine: posix.uname_result(sysname='Linux', nodename='file-server', release='3.16.0-5-686-pae', version='#1 SMP Debian 3.16.51-3+deb8u1 (2018-01-08)', machine='i686')
This log was begun Tuesday, 13 March 2018 at 10:14



INFO: read target account data; we're tracking 52 accounts
WARNING: no ProtocolError (got exception "name 'ProtocolError' is not defined");
 trying requests.packages.urllib3.exceptions instead
NOTE: successfully imported from requests
Starting up...
about to get all tweets newer than ID #973380995503284224 for account
@IvankaTrump
ERROR: unable to get tweets for account @IvankaTrump
           the system said: Failed to parse JSON payload: Unterminated string
starting at: line 1 column 510339 (char 510338)
about to get all tweets newer than ID #973301085208240128 for account
@SecretaryCarson
about to get all tweets newer than ID #824610180881117184 for account
@GovPenceIN
about to get all tweets newer than ID #973403993551536128 for account
@seanspicer
getting all tweets before ID #958531631924613120
    ...400 tweets downloaded so far


New tweet from seanspicer: Secretary Tillerson is a true patriot that has
severed our nation well.  Thank you for serving.   Mike Pompeo will…
https://t.co/8VHPfZ8GAs

archiving URL http://twitter.com/seanspicer/status/973555522921254912
    ... archiving using prefix http://web.archive.org/save/
about to get all tweets newer than ID #973539021484851206 for account
@mike_pence

archiving URL https://twitter.com/seanspicer/status/973555522921254912
    ... archiving using prefix http://web.archive.org/save/
ERROR: unable to get tweets for account @mike_pence
           the system said: Failed to parse JSON payload: Unterminated string
starting at: line 1 column 504056 (char 504055)
about to get all tweets newer than ID #856041462164836355 for account
@FirstLadyIN


New tweet from seanspicer: Gracias, good catch https://t.co/8KDor2Ms9f

archiving URL http://twitter.com/seanspicer/status/973568685284773888
    ... archiving using prefix http://web.archive.org/save/

archiving URL https://twitter.com/seanspicer/status/973568685284773888
    ... archiving using prefix http://web.archive.org/save/
about to get all tweets newer than ID #973360355790479361 for account
@realDonaldTrump


New tweet from seanspicer: “Served the nation well” https://t.co/FcereP9Zj5

archiving URL http://twitter.com/seanspicer/status/973575470385070080
    ... archiving using prefix http://web.archive.org/save/

archiving URL https://twitter.com/seanspicer/status/973575470385070080
    ... archiving using prefix http://web.archive.org/save/


New tweet from seanspicer: RT @SpeakerRyan: My statement on the leadership of
the State Department and Central Intelligence Agency: https://t.co/QCfzkOwNox

archiving URL http://twitter.com/seanspicer/status/973579560544624642
    ... archiving using prefix http://web.archive.org/save/
getting all tweets before ID #962753552824365055

archiving URL https://twitter.com/seanspicer/status/973579560544624642
    ... archiving using prefix http://web.archive.org/save/
    ...400 tweets downloaded so far


New tweet from realDonaldTrump: The Economy is raging, at an all time high,
and is set to get even better. Jobs and wages up. Vote for Rick Saccone and keep
 it going!

archiving URL http://twitter.com/realDonaldTrump/status/973536164044034048
    ... archiving using prefix http://web.archive.org/save/
about to get all tweets newer than ID #973198296897466368 for account
@Linda_McMahon

archiving URL https://twitter.com/realDonaldTrump/status/973536164044034048
    ... archiving using prefix http://web.archive.org/save/


New tweet from realDonaldTrump: Mike Pompeo, Director of the CIA, will become
our new Secretary of State. He will do a fantastic job! Thank you to…
https://t.co/bQrfIvM6iT

archiving URL http://twitter.com/realDonaldTrump/status/973540316656623616
    ... archiving using prefix http://web.archive.org/save/
ERROR: unable to get tweets for account @Linda_McMahon
           the system said: Failed to parse JSON payload: Unterminated string
starting at: line 1 column 507449 (char 507448)
about to get all tweets newer than ID #972260303718223872 for account @PressSec

archiving URL https://twitter.com/realDonaldTrump/status/973540316656623616
    ... archiving using prefix http://web.archive.org/save/


New tweet from realDonaldTrump: Heading to see the BORDER WALL prototypes in
California! https://t.co/fU6Ukc271l

archiving URL http://twitter.com/realDonaldTrump/status/973568677189595136
    ... archiving using prefix http://web.archive.org/save/

archiving URL https://twitter.com/realDonaldTrump/status/973568677189595136
    ... archiving using prefix http://web.archive.org/save/
ERROR: unable to get tweets for account @PressSec
           the system said: Failed to parse JSON payload: Unterminated string
starting at: line 1 column 600022 (char 600021)
about to get all tweets newer than ID #972246960903196675 for account
@TomBossert45


New tweet from realDonaldTrump: “According to the Center for Immigration
Studies, the $18 billion wall will pay for itself by curbing the importati…
https://t.co/aNllS0s4IC

archiving URL http://twitter.com/realDonaldTrump/status/973580538358374402
    ... archiving using prefix http://web.archive.org/save/
ERROR: unable to get tweets for account @TomBossert45
           the system said: Failed to parse JSON payload: Unterminated string
starting at: line 1 column 610707 (char 610706)
about to get all tweets newer than ID #972227882121613312 for account
@SecretarySonny

archiving URL https://twitter.com/realDonaldTrump/status/973580538358374402
    ... archiving using prefix http://web.archive.org/save/


New tweet from realDonaldTrump: California’s sanctuary policies are illegal
and unconstitutional and put the safety and security of our entire nati…
https://t.co/zaPkbqbRDM

archiving URL http://twitter.com/realDonaldTrump/status/973581274215473153
    ... archiving using prefix http://web.archive.org/save/
getting all tweets before ID #954879163932004353

archiving URL https://twitter.com/realDonaldTrump/status/973581274215473153
    ... archiving using prefix http://web.archive.org/save/
ERROR: unable to get tweets for account @SecretarySonny
           the system said: Failed to parse JSON payload: Unterminated string
starting at: line 1 column 510325 (char 510324)
about to get all tweets newer than ID #963927915284062209 for account
@SecretaryRoss
about to get all tweets newer than ID #913881045652688901 for account
@SecPriceMD
ERROR: unable to get tweets for account @SecPriceMD
           the system said: Failed to parse JSON payload: Unterminated string
starting at: line 1 column 507867 (char 507866)
about to get all tweets newer than ID #973240527129862145 for account
@JessicaDitto45
about to get all tweets newer than ID #973230293321748480 for account
@EPAScottPruitt
getting all tweets before ID #903285668402618367
    ...400 tweets downloaded so far


New tweet from EPAScottPruitt: Today’s NSR guidance advances @POTUS’s goal to
streamline permitting requirements for manufacturing facilitates as…
https://t.co/fxyz7NLsOu

archiving URL http://twitter.com/EPAScottPruitt/status/973593870725537792
    ... archiving using prefix http://web.archive.org/save/
about to get all tweets newer than ID #-1 for account @jaredkushner
about to get all tweets newer than ID #972208654723272715 for account
@stevenmnuchin1

archiving URL https://twitter.com/EPAScottPruitt/status/973593870725537792
    ... archiving using prefix http://web.archive.org/save/
about to get all tweets newer than ID #973565879869952001 for account
@SecretaryZinke
ERROR: unable to get tweets for account @SecretaryZinke
           the system said: Failed to parse JSON payload: Unterminated string
starting at: line 1 column 611198 (char 611197)
about to get all tweets newer than ID #898632795517403136 for account
@GeneralJFKellly
ERROR: unable to get tweets for account @GeneralJFKellly
           the system said: Not authorized.
about to get all tweets newer than ID #973385853665005568 for account @VP
ERROR: unable to get tweets for account @VP
           the system said: Failed to send request:
HTTPSConnectionPool(host='api.twitter.com', port=443): Read timed out.
about to get all tweets newer than ID #954801265732661248 for account
@MELANIATRUMP
about to get all tweets newer than ID #-1 for account @ElaineChao
about to get all tweets newer than ID #973284831722459136 for account
@Scaramucci
getting all tweets before ID #967064838504701953
ERROR: unable to get tweets for account @Scaramucci
           the system said: Failed to parse JSON payload: Unterminated string
starting at: line 1 column 625646 (char 625645)
about to get all tweets newer than ID #971897060097249282 for account @FLOTUS
ERROR: unable to get tweets for account @FLOTUS
           the system said: Failed to parse JSON payload: Unterminated string
starting at: line 1 column 626170 (char 626169)
about to get all tweets newer than ID #890659905798983680 for account @Reince45
ERROR: unable to get tweets for account @Reince45
           the system said: Not authorized.
about to get all tweets newer than ID #973393017129316352 for account @POTUS
ERROR: unable to get tweets for account @POTUS
           the system said: Failed to parse JSON payload: Unterminated string
starting at: line 1 column 1111822 (char 1111821)
about to get all tweets newer than ID #973368489602936832 for account
@AshLeeStrong
getting all tweets before ID #958486755082194949
    ...400 tweets downloaded so far


New tweet from AshLeeStrong: Oh great, tax reform is helping in the health
care sector now too? "Premera announces $50 million tax refund to go…
https://t.co/EbDdoiN2qK

archiving URL http://twitter.com/AshLeeStrong/status/973560638944538624
    ... archiving using prefix http://web.archive.org/save/
about to get all tweets newer than ID #973312357920333829 for account @Scavino45

archiving URL https://twitter.com/AshLeeStrong/status/973560638944538624
    ... archiving using prefix http://web.archive.org/save/
getting all tweets before ID #956659403733766143


New tweet from AshLeeStrong: Speaker Ryan's statement on the secretary of
state/CIA news https://t.co/EXXjDytcBs

archiving URL http://twitter.com/AshLeeStrong/status/973581276354633729
    ... archiving using prefix http://web.archive.org/save/

archiving URL https://twitter.com/AshLeeStrong/status/973581276354633729
    ... archiving using prefix http://web.archive.org/save/
    ...400 tweets downloaded so far


New tweet from Scavino45: RT @realDonaldTrump: Mike Pompeo, Director of the
CIA, will become our new Secretary of State. He will do a fantastic job! Thank
you to Rex…

archiving URL http://twitter.com/Scavino45/status/973543937855062016
    ... archiving using prefix http://web.archive.org/save/
about to get all tweets newer than ID #971089084394491905 for account
@GovernorPerry

archiving URL https://twitter.com/Scavino45/status/973543937855062016
    ... archiving using prefix http://web.archive.org/save/


New tweet from AshLeeStrong: RT @beccaglover: Senate Intel Chairman Burr says
expects (committee) to back Haspel to head CIA https://t.co/B4zm8DYJyP

archiving URL http://twitter.com/AshLeeStrong/status/973599374965125120
    ... archiving using prefix http://web.archive.org/save/
about to get all tweets newer than ID #816846808789958656 for account
@SenDanCoats


New tweet from Scavino45: RT @realDonaldTrump: Heading to see the BORDER WALL
prototypes in California! https://t.co/fU6Ukc271l

archiving URL http://twitter.com/Scavino45/status/973569464510787584
    ... archiving using prefix http://web.archive.org/save/

archiving URL https://twitter.com/AshLeeStrong/status/973599374965125120
    ... archiving using prefix http://web.archive.org/save/

archiving URL https://twitter.com/Scavino45/status/973569464510787584
    ... archiving using prefix http://web.archive.org/save/
about to get all tweets newer than ID #973297098522267651 for account
@nikkihaley
ERROR: unable to get tweets for account @nikkihaley
           the system said: Failed to parse JSON payload: Unterminated string
starting at: line 1 column 508321 (char 508320)
about to get all tweets newer than ID #903694300306923521 for account
@SecElaineChao
about to get all tweets newer than ID #973319631476871169 for account
@SecretaryPerry
ERROR: unable to get tweets for account @SecretaryPerry
           the system said: Failed to parse JSON payload: Unterminated string
starting at: line 1 column 623241 (char 623240)
about to get all tweets newer than ID #973312566129807361 for account @SBALinda
ERROR: unable to get tweets for account @SBALinda
           the system said: Failed to parse JSON payload: Unterminated string
starting at: line 1 column 609761 (char 609760)
about to get all tweets newer than ID #972170519385657344 for account
@IvankaTrumpHQ
ERROR: unable to get tweets for account @IvankaTrumpHQ
           the system said: Failed to parse JSON payload: Unterminated string
starting at: line 1 column 609473 (char 609472)
about to get all tweets newer than ID #973339166359674883 for account
@SpeakerRyan
getting all tweets before ID #958526736303407103
    ...400 tweets downloaded so far


New tweet from SpeakerRyan: My statement on the leadership of the State
Department and Central Intelligence Agency: https://t.co/QCfzkOwNox

archiving URL http://twitter.com/SpeakerRyan/status/973578411359789056
    ... archiving using prefix http://web.archive.org/save/
about to get all tweets newer than ID #836780744810844161 for account
@StephenMillerAL
about to get all tweets newer than ID #973404593433522178 for account @Reince

archiving URL https://twitter.com/SpeakerRyan/status/973578411359789056
    ... archiving using prefix http://web.archive.org/save/


New tweet from SpeakerRyan: The House will vote today to empower patients and
their families with "Right To Try" trial-stage treatments when ot…
https://t.co/p6zqO2vLWI

archiving URL http://twitter.com/SpeakerRyan/status/973602453672398848
    ... archiving using prefix http://web.archive.org/save/

archiving URL https://twitter.com/SpeakerRyan/status/973602453672398848
    ... archiving using prefix http://web.archive.org/save/
about to get all tweets newer than ID #832282841471918080 for account
@BetsyDeVos
about to get all tweets newer than ID #973352692335759360 for account
@WhiteHouse
ERROR: unable to get tweets for account @WhiteHouse
           the system said: Failed to parse JSON payload: Unterminated string
starting at: line 1 column 505994 (char 505993)
about to get all tweets newer than ID #816290296048873472 for account
@WilburRoss
about to get all tweets newer than ID #973289495587184640 for account @PRyan
ERROR: unable to get tweets for account @PRyan
           the system said: Failed to parse JSON payload: Unterminated string
starting at: line 1 column 502571 (char 502570)
about to get all tweets newer than ID #971852894520651776 for account
@RealBenCarson
about to get all tweets newer than ID #973307748795469829 for account
@BetsyDeVosED
about to get all tweets newer than ID #973378693887295488 for account
@KellyannePolls
ERROR: unable to get tweets for account @KellyannePolls
           the system said: Failed to parse JSON payload: Expecting ','
delimiter: line 1 column 608811 (char 608810)
about to get all tweets newer than ID #830074939298414592 for account
@RepTomPrice
ERROR: unable to get tweets for account @RepTomPrice
           the system said: Failed to parse JSON payload: Unterminated string
starting at: line 1 column 502557 (char 502556)
about to get all tweets newer than ID #972564587823452160 for account
@SecShulkin
ERROR: unable to get tweets for account @SecShulkin
           the system said: Failed to parse JSON payload: Unterminated string
starting at: line 1 column 622277 (char 622276)
about to get all tweets newer than ID #972135175336480769 for account
@StephGrisham45
ERROR: unable to get tweets for account @StephGrisham45
           the system said: Failed to parse JSON payload: Unterminated string
starting at: line 1 column 611194 (char 611193)
about to get all tweets newer than ID #971172037891887104 for account
@MickMulvaneyOMB
getting all tweets before ID #888046233138417663
    ...40 tweets downloaded so far


New tweet from MickMulvaneyOMB: Mike is a tremendous choice. He has earned the
 respect of his colleagues in Congress, at the CIA, and within the Ad…
https://t.co/0ZDp8KKffK

archiving URL http://twitter.com/MickMulvaneyOMB/status/973597326735499265
    ... archiving using prefix http://web.archive.org/save/
about to get all tweets newer than ID #972579903391567872 for account
@DanScavino

archiving URL https://twitter.com/MickMulvaneyOMB/status/973597326735499265
    ... archiving using prefix http://web.archive.org/save/
ERROR: unable to get tweets for account @DanScavino
           the system said: Failed to parse JSON payload: Unterminated string
starting at: line 1 column 499704 (char 499703)
about to get all tweets newer than ID #971815119272505345 for account
@SecondLady
getting all tweets before ID #927713842012016639
ERROR: unable to get tweets for account @SecondLady
           the system said: Failed to parse JSON payload: Unterminated string
starting at: line 1 column 611082 (char 611081)
about to get all tweets newer than ID #973313363534020608 for account
@SecretaryAcosta
... OK, we're set up, and about to watch 52544275, 828613457020870657, 15985455,
 20776147, 22203756, 1923451808, 25073877, 65522706, 818927131883356161,
866746592853979137, 842072478834909184, 836305915452272641, 829782369670410240,
836724024688410625, 832672006113931269, 29547260, 799764016885329921,
827258161841135623, 892173412818354177, 818910970567344128, 108471631,
105267762, 24578794, 818876014390603776, 803703725730779136, 822215679726100480,
 296060169, 823367015830323201, 18906561, 212262370, 37666984,
826065858548133888, 830128820447539208, 819992522109894658, 798195585824104449,
18916432, 728361177986797568, 20733972, 599530439, 822215673812119553,
809836066316451840, 733751245, 1180379185, 828997388920619008, 471672239,
6577802, 831482588246196225, 823638938590085124, 888031054141022209, 620571475,
822127086194348032, 819980276570976256
