Hello, traveler. This is the beginning of a log file called: "Fascist Tweet Archiver".
Some basic system info about the host machine: posix.uname_result(sysname='Linux', nodename='file-server', release='3.16.0-4-686-pae', version='#1 SMP Debian 3.16.51-3 (2017-12-13)', machine='i686')
This log was begun Friday, 12 January 2018 at 00:11



INFO: read target account data; we're tracking 52 accounts
WARNING: no ProtocolError (got exception "name 'ProtocolError' is not defined");
 trying requests.packages.urllib3.exceptions instead
NOTE: successfully imported from requests
Starting up...
about to get all tweets newer than ID #951649994410520577 for account
@WhiteHouse
about to get all tweets newer than ID #890659905798983680 for account @Reince45
about to get all tweets newer than ID #951624292805984257 for account @PRyan
about to get all tweets newer than ID #951483548342587392 for account
@SecretarySonny
about to get all tweets newer than ID #951477412084310017 for account
@KellyannePolls
about to get all tweets newer than ID #951574732888989696 for account
@Scaramucci
about to get all tweets newer than ID #951469322014281728 for account
@IvankaTrumpHQ
about to get all tweets newer than ID #951648795728797697 for account @Scavino45
about to get all tweets newer than ID #951679619341737986 for account
@realDonaldTrump
about to get all tweets newer than ID #951515401380352000 for account
@SecretaryPerry
about to get all tweets newer than ID #947883338055987201 for account
@BetsyDeVosED
about to get all tweets newer than ID #795981284761894912 for account
@MELANIATRUMP
about to get all tweets newer than ID #836780744810844161 for account
@StephenMillerAL
about to get all tweets newer than ID #950741954303799296 for account
@SecretaryAcosta
about to get all tweets newer than ID #951506732043456512 for account
@MickMulvaneyOMB
about to get all tweets newer than ID #950797473211183104 for account @FLOTUS
about to get all tweets newer than ID #951604319933083648 for account @PressSec
about to get all tweets newer than ID #951581515414155267 for account
@nikkihaley
about to get all tweets newer than ID #830074939298414592 for account
@RepTomPrice
ERROR: unable to get tweets for account @RepTomPrice
           the system said: Failed to parse JSON payload: Unterminated string
starting at: line 1 column 507897 (char 507896)
about to get all tweets newer than ID #941074527592812545 for account
@SecretaryRoss
about to get all tweets newer than ID #816290296048873472 for account
@WilburRoss
about to get all tweets newer than ID #951543640228327424 for account
@stevenmnuchin1
about to get all tweets newer than ID #943908455793823744 for account @Reince
about to get all tweets newer than ID #951591456967397377 for account
@JessicaDitto45
about to get all tweets newer than ID #951649949489516555 for account
@SpeakerRyan
about to get all tweets newer than ID #951650723816722432 for account @VP
about to get all tweets newer than ID #951580570487869440 for account
@EPAScottPruitt
about to get all tweets newer than ID #913881045652688901 for account
@SecPriceMD
about to get all tweets newer than ID #951656996931022848 for account
@AshLeeStrong
about to get all tweets newer than ID #951645561765195777 for account
@TomBossert45
about to get all tweets newer than ID #-1 for account @jaredkushner
about to get all tweets newer than ID #951557455934259200 for account
@SecShulkin
about to get all tweets newer than ID #951212954011275264 for account
@SecondLady
about to get all tweets newer than ID #951605535039778817 for account
@IvankaTrump
about to get all tweets newer than ID #898401955847876608 for account
@Linda_McMahon
about to get all tweets newer than ID #951508828289404928 for account
@seanspicer
about to get all tweets newer than ID #947851229719355392 for account
@GovernorPerry
about to get all tweets newer than ID #824610180881117184 for account
@GovPenceIN
about to get all tweets newer than ID #903694300306923521 for account
@SecElaineChao
about to get all tweets newer than ID #951585208742154241 for account @SBALinda
about to get all tweets newer than ID #951541170055806977 for account
@SecretaryCarson
about to get all tweets newer than ID #930982584649175047 for account
@mike_pence
about to get all tweets newer than ID #951681872681144321 for account @POTUS
about to get all tweets newer than ID #951473433719828480 for account
@StephGrisham45
about to get all tweets newer than ID #832282841471918080 for account
@BetsyDeVos
about to get all tweets newer than ID #856041462164836355 for account
@FirstLadyIN
about to get all tweets newer than ID #867385249340297217 for account
@RealBenCarson
ERROR: unable to get tweets for account @RealBenCarson
           the system said: Failed to parse JSON payload: Unterminated string
starting at: line 1 column 286856 (char 286855)
about to get all tweets newer than ID #898632795517403136 for account
@GeneralJFKellly
ERROR: unable to get tweets for account @GeneralJFKellly
           the system said: Not authorized.
about to get all tweets newer than ID #816846808789958656 for account
@SenDanCoats
about to get all tweets newer than ID #951656272864129024 for account
@DanScavino
ERROR: unable to get tweets for account @DanScavino
           the system said: Failed to parse JSON payload: Expecting value: line
1 column 507449 (char 507448)
about to get all tweets newer than ID #-1 for account @ElaineChao
about to get all tweets newer than ID #951524967174279168 for account
@SecretaryZinke
... OK, we're set up, and about to watch 822215673812119553, 803703725730779136,
 733751245, 842072478834909184, 471672239, 24578794, 798195585824104449,
823367015830323201, 25073877, 830128820447539208, 828997388920619008, 108471631,
 728361177986797568, 819980276570976256, 888031054141022209, 818876014390603776,
 818927131883356161, 37666984, 6577802, 836305915452272641, 809836066316451840,
799764016885329921, 20733972, 836724024688410625, 18916432, 818910970567344128,
832672006113931269, 829782369670410240, 296060169, 866746592853979137, 29547260,
 831482588246196225, 822127086194348032, 52544275, 65522706, 20776147, 18906561,
 15985455, 826065858548133888, 819992522109894658, 828613457020870657, 22203756,
 822215679726100480, 823638938590085124, 599530439, 1923451808, 1180379185,
892173412818354177, 212262370, 620571475, 105267762, 827258161841135623
WARNING: received error ('Connection broken: IncompleteRead(0 bytes read, 976
more expected)', IncompleteRead(0 bytes read, 976 more expected)); sleeping and
trying again ...
WARNING: received error ('Connection broken: IncompleteRead(0 bytes read)',
IncompleteRead(0 bytes read)); sleeping and trying again ...
