Hello, traveler. This is the beginning of a log file called: "Fascist Tweet Archiver".
Some basic system info about the host machine: posix.uname_result(sysname='Linux', nodename='file-server', release='3.16.0-6-686-pae', version='#1 SMP Debian 3.16.56-1+deb8u1 (2018-05-08)', machine='i686')
This log was begun Thursday, 07 June 2018 at 10:18



INFO: read target account data; we're tracking 59 accounts
WARNING: no ProtocolError (got exception "name 'ProtocolError' is not defined");
 trying requests.packages.urllib3.exceptions instead
NOTE: successfully imported from requests
Starting up...
about to get all tweets newer than ID #1004738616348823552 for account
@Scavino45
getting all tweets before ID #984964035161612287
    ...400 tweets downloaded so far
about to get all tweets newer than ID #954801265732661248 for account
@MELANIATRUMP


New tweet from Scavino45: Welcome back PM @AbeShinzo!🇺🇸🇯🇵
https://t.co/nP58DmtUEH

archiving URL http://twitter.com/Scavino45/status/1004758817899466752
    ... archiving using prefix http://web.archive.org/save/

archiving URL https://twitter.com/Scavino45/status/1004758817899466752
    ... archiving using prefix http://web.archive.org/save/
about to get all tweets newer than ID #1004446288862220288 for account
@SecondLady
getting all tweets before ID #958054910427303935
    ...400 tweets downloaded so far


New tweet from SecondLady: Happy birthday, @VP!! 🎂🎈🎁 https://t.co/o1IQefhXV7

archiving URL http://twitter.com/SecondLady/status/1004752979323510785
about to get all tweets newer than ID #816846808789958656 for account
@SenDanCoats
    ... archiving using prefix http://web.archive.org/save/

archiving URL https://twitter.com/SecondLady/status/1004752979323510785
    ... archiving using prefix http://web.archive.org/save/
about to get all tweets newer than ID #1004494166892711937 for account @FLOTUS
about to get all tweets newer than ID #1004749335152635904 for account
@SpeakerRyan
getting all tweets before ID #989670585331519487
    ...400 tweets downloaded so far


New tweet from SpeakerRyan: Retweet to join me in wishing our @VP, Mike Pence,
 a very happy birthday🎉 https://t.co/DUriUgG3aD
about to get all tweets newer than ID #1004735412135518209 for account @SBALinda

archiving URL http://twitter.com/SpeakerRyan/status/1004756752204738561
    ... archiving using prefix http://web.archive.org/save/

archiving URL https://twitter.com/SpeakerRyan/status/1004756752204738561
    ... archiving using prefix http://web.archive.org/save/
about to get all tweets newer than ID #1004736317454999557 for account
@seanspicer
about to get all tweets newer than ID #1004704254068756481 for account @SecAzar
about to get all tweets newer than ID #997484665211670528 for account
@AmbJohnBolton
about to get all tweets newer than ID #832282841471918080 for account
@BetsyDeVos
about to get all tweets newer than ID #836780744810844161 for account
@StephenMillerAL
about to get all tweets newer than ID #-1 for account @jaredkushner
about to get all tweets newer than ID #830074939298414592 for account
@RepTomPrice
about to get all tweets newer than ID #1004753333695995905 for account
@SecretaryCarson
about to get all tweets newer than ID #1004755245589848065 for account
@WhiteHouse
getting all tweets before ID #999659289080889343
    ...400 tweets downloaded so far


New tweet from WhiteHouse: The President has secured funding to rebuild our
military and support our troops with the resources they deserve.…
https://t.co/MJG0AP2HGf
about to get all tweets newer than ID #1004060601788850176 for account
@StephGrisham45

archiving URL http://twitter.com/WhiteHouse/status/1004758665352634368
    ... archiving using prefix http://web.archive.org/save/

archiving URL https://twitter.com/WhiteHouse/status/1004758665352634368
    ... archiving using prefix http://web.archive.org/save/
about to get all tweets newer than ID #1004395159235284993 for account
@SecretaryZinke
getting all tweets before ID #989227001625108479
    ...400 tweets downloaded so far


New tweet from SecretaryZinke: RT @USGS: USGS Hawaiian Volcano Observatory
status of Kilauea volcano in Hawaii on June 6, 2018. Fissure 8 fountaining up to
 180', lava has…

archiving URL http://twitter.com/SecretaryZinke/status/1004757649123135488
about to get all tweets newer than ID #1003255393374613504 for account @Reince
    ... archiving using prefix http://web.archive.org/save/

archiving URL https://twitter.com/SecretaryZinke/status/1004757649123135488
    ... archiving using prefix http://web.archive.org/save/
about to get all tweets newer than ID #1004397878876524544 for account
@SecretaryAcosta
about to get all tweets newer than ID #824610180881117184 for account
@GovPenceIN
about to get all tweets newer than ID #1003853149633949696 for account
@DanScavino
about to get all tweets newer than ID #1004741255262240774 for account
@Scaramucci
getting all tweets before ID #997600090331275263
    ...400 tweets downloaded so far


New tweet from Scaramucci: Gen Geo Marshall on the secret of success: “Giving
the best I had to each job and not permitting myself to grow pes…
https://t.co/Ev3bZpK2Nm
about to get all tweets newer than ID #913881045652688901 for account
@SecPriceMD

archiving URL http://twitter.com/Scaramucci/status/1004760174991536128
    ... archiving using prefix http://web.archive.org/save/

archiving URL https://twitter.com/Scaramucci/status/1004760174991536128
    ... archiving using prefix http://web.archive.org/save/
about to get all tweets newer than ID #1004407460302639104 for account
@nikkihaley
about to get all tweets newer than ID #1002993456845852672 for account
@RealBenCarson
about to get all tweets newer than ID #1004506299864936449 for account @VP
getting all tweets before ID #996412198292459521
    ...400 tweets downloaded so far


New tweet from VP: THANKS for the birthday wishes @JimBridenstine and our
great astronauts at the @Space_Station. So proud of our team…
https://t.co/QBRAZitMpC
about to get all tweets newer than ID #978650205192044545 for account
@SecShulkin

archiving URL http://twitter.com/VP/status/1004761922510774272
    ... archiving using prefix http://web.archive.org/save/

archiving URL https://twitter.com/VP/status/1004761922510774272
    ... archiving using prefix http://web.archive.org/save/
about to get all tweets newer than ID #994396943421001728 for account
@TomBossert45
about to get all tweets newer than ID #1004472039615410176 for account
@GovernorPerry
about to get all tweets newer than ID #1004743536028286976 for account @PRyan
about to get all tweets newer than ID #890659905798983680 for account @Reince45
ERROR: unable to get tweets for account @Reince45
           the system said: Not authorized.
about to get all tweets newer than ID #1004735941985099785 for account
@IvankaTrump
about to get all tweets newer than ID #1004583152919117825 for account
@AshLeeStrong
about to get all tweets newer than ID #1004535478979301381 for account
@JessicaDitto45
about to get all tweets newer than ID #1003676875095461889 for account @Comey
about to get all tweets newer than ID #903694300306923521 for account
@SecElaineChao
about to get all tweets newer than ID #1003795765028884485 for account
@Linda_McMahon
ERROR: unable to get tweets for account @Linda_McMahon
           the system said: Failed to send request:
HTTPSConnectionPool(host='api.twitter.com', port=443): Max retries exceeded with
 url: /1.1/statuses/user_timeline.json?screen_name=Linda_McMahon&count=200
(Caused by NewConnectionError('<requests.packages.urllib3.connection.VerifiedHTT
PSConnection object at 0xb633af2c>: Failed to establish a new connection: [Errno
 -2] Name or service not known',))
about to get all tweets newer than ID #1004724751758184449 for account
@IvankaTrumpHQ
ERROR: unable to get tweets for account @IvankaTrumpHQ
           the system said: Failed to send request:
HTTPSConnectionPool(host='api.twitter.com', port=443): Max retries exceeded with
 url: /1.1/statuses/user_timeline.json?screen_name=IvankaTrumpHQ&count=200
(Caused by NewConnectionError('<requests.packages.urllib3.connection.VerifiedHTT
PSConnection object at 0xb636056c>: Failed to establish a new connection: [Errno
 101] Network is unreachable',))
about to get all tweets newer than ID #1004512403764236288 for account @Cabinet
about to get all tweets newer than ID #1004509641085243392 for account
@statedeptspox
getting all tweets before ID #992508522893008895
    ...400 tweets downloaded so far


New tweet from statedeptspox: .@SecPompeo: The U.S. welcomes 
@ashrafghani’s
offer of a temporary ceasefire with the #Taliban to allow the Afghan…
https://t.co/LdIfYIALbG
about to get all tweets newer than ID #1004421796832083968 for account
@EPAScottPruitt

archiving URL http://twitter.com/statedeptspox/status/1004762349562195969
    ... archiving using prefix http://web.archive.org/save/

archiving URL https://twitter.com/statedeptspox/status/1004762349562195969
    ... archiving using prefix http://web.archive.org/save/
about to get all tweets newer than ID #-1 for account @ElaineChao
about to get all tweets newer than ID #1004094841368784896 for account
@MickMulvaneyOMB
about to get all tweets newer than ID #856041462164836355 for account
@FirstLadyIN
about to get all tweets newer than ID #1004751849197592577 for account
@SecretaryRoss
about to get all tweets newer than ID #1004753569965395971 for account @POTUS
getting all tweets before ID #1000727063891005440
    ...400 tweets downloaded so far


New tweet from POTUS: RT @realDonaldTrump: MAKING AMERICA GREAT AGAIN!
https://t.co/KppRUU5OZ3
about to get all tweets newer than ID #1004527090601996289 for account
@stevenmnuchin1

archiving URL http://twitter.com/POTUS/status/1004754859202052096
    ... archiving using prefix http://web.archive.org/save/

archiving URL https://twitter.com/POTUS/status/1004754859202052096
    ... archiving using prefix http://web.archive.org/save/
about to get all tweets newer than ID #1003690193474514944 for account
@KellyannePolls
about to get all tweets newer than ID #1001107769682989056 for account
@mike_pence
about to get all tweets newer than ID #816290296048873472 for account
@WilburRoss
about to get all tweets newer than ID #1004714795826909185 for account
@SecretarySonny
about to get all tweets newer than ID #1004752551034654720 for account
@realDonaldTrump
about to get all tweets newer than ID #1004750620920811522 for account
@BetsyDeVosED
about to get all tweets newer than ID #1004445272913666048 for account
@EnergyDepSec
about to get all tweets newer than ID #1004509983365529600 for account
@SecretaryPerry
about to get all tweets newer than ID #1004577269824794624 for account @PressSec
about to get all tweets newer than ID #1004497509316726784 for account
@DepSecHargan
getting all tweets before ID #954078187272724479
    ...305 tweets downloaded so far


New tweet from DepSecHargan: Within the hour I'll be convening our first
listening session with stakeholders about removing barriers to coordina…
https://t.co/3rG9T3gpBW
about to get all tweets newer than ID #1004515729746677761 for account
@SecNielsen

archiving URL http://twitter.com/DepSecHargan/status/1004762424640200706
    ... archiving using prefix http://web.archive.org/save/

archiving URL https://twitter.com/DepSecHargan/status/1004762424640200706
    ... archiving using prefix http://web.archive.org/save/
... OK, we're set up, and about to watch 823367015830323201, 108471631,
822127086194348032, 212262370, 818876014390603776, 18916432, 819992522109894658,
 20776147, 956283913835614208, 118756393, 599530439, 728361177986797568,
29547260, 6577802, 828613457020870657, 822215673812119553, 823638938590085124,
827258161841135623, 20733972, 819980276570976256, 15985455, 620571475, 24578794,
 829782369670410240, 37666984, 1180379185, 818910970567344128,
831482588246196225, 866746592853979137, 18906561, 733751245, 803703725730779136,
 52544275, 296060169, 836724024688410625, 2334193741, 826065858548133888,
65522706, 798195585824104449, 818928162449068032, 1967216306,
832672006113931269, 105267762, 888031054141022209, 1923451808,
836305915452272641, 822215679726100480, 799764016885329921, 471672239, 22203756,
 809836066316451840, 842072478834909184, 25073877, 828997388920619008,
894923298374651904, 830128820447539208, 818927131883356161, 920035992073064450,
935148134505828353
WARNING: received error ('Connection broken: IncompleteRead(0 bytes read, 512
more expected)', IncompleteRead(0 bytes read, 512 more expected)); sleeping and
trying again ...
WARNING: received error ('Connection broken: IncompleteRead(0 bytes read, 1127
more expected)', IncompleteRead(0 bytes read, 1127 more expected)); sleeping and
 trying again ...
WARNING: received error ('Connection broken: IncompleteRead(0 bytes read, 976
more expected)', IncompleteRead(0 bytes read, 976 more expected)); sleeping and
trying again ...
WARNING: received error ('Connection broken: IncompleteRead(0 bytes read, 512
more expected)', IncompleteRead(0 bytes read, 512 more expected)); sleeping and
trying again ...
WARNING: received error ('Connection broken: IncompleteRead(0 bytes read, 512
more expected)', IncompleteRead(0 bytes read, 512 more expected)); sleeping and
trying again ...
WARNING: received error ('Connection broken: IncompleteRead(0 bytes read, 2000
more expected)', IncompleteRead(0 bytes read, 2000 more expected)); sleeping and
 trying again ...
WARNING: received error ('Connection broken: IncompleteRead(0 bytes read, 512
more expected)', IncompleteRead(0 bytes read, 512 more expected)); sleeping and
trying again ...


New tweet from SecretaryZinke: RT @ASIIADomenech: Secretary Zinke Commends
President Trump’s Proclamation of June as National Ocean Month
https://t.co/TSJwCRuXV5 via @int…

archiving URL http://twitter.com/SecretaryZinke/status/1004767228078837760
    ... archiving using prefix http://web.archive.org/save/

archiving URL https://twitter.com/SecretaryZinke/status/1004767228078837760
    ... archiving using prefix http://web.archive.org/save/
WARNING: received error ('Connection broken: IncompleteRead(0 bytes read, 512
more expected)', IncompleteRead(0 bytes read, 512 more expected)); sleeping and
trying again ...
WARNING: received error ('Connection broken: IncompleteRead(0 bytes read, 512
more expected)', IncompleteRead(0 bytes read, 512 more expected)); sleeping and
trying again ...
