Hello, traveler. This is the beginning of a log file called: "Fascist Tweet Archiver".
Some basic system info about the host machine: posix.uname_result(sysname='Linux', nodename='file-server', release='3.16.0-5-686-pae', version='#1 SMP Debian 3.16.51-3+deb8u1 (2018-01-08)', machine='i686')
This log was begun Tuesday, 17 April 2018 at 16:21



INFO: read target account data; we're tracking 59 accounts
WARNING: no ProtocolError (got exception "name 'ProtocolError' is not defined");
 trying requests.packages.urllib3.exceptions instead
NOTE: successfully imported from requests
Starting up...
about to get all tweets newer than ID #986046906672599043 for account
@nikkihaley
ERROR: unable to get tweets for account @nikkihaley
           the system said: Failed to parse JSON payload: Unterminated string
starting at: line 1 column 608271 (char 608270)
about to get all tweets newer than ID #836780744810844161 for account
@StephenMillerAL
about to get all tweets newer than ID #986323643117350912 for account
@MickMulvaneyOMB
about to get all tweets newer than ID #986354738781409281 for account
@SpeakerRyan
about to get all tweets newer than ID #986356301340008450 for account
@SecondLady
about to get all tweets newer than ID #986318306997977089 for account
@SecNielsen
about to get all tweets newer than ID #986296708089835520 for account @SBALinda
about to get all tweets newer than ID #986191926671048705 for account
@seanspicer
about to get all tweets newer than ID #986028310265294848 for account
@statedeptspox
ERROR: unable to get tweets for account @statedeptspox
           the system said: Failed to parse JSON payload: Unterminated string
starting at: line 1 column 605786 (char 605785)
about to get all tweets newer than ID #986338608016777216 for account
@Scaramucci
about to get all tweets newer than ID #816846808789958656 for account
@SenDanCoats
about to get all tweets newer than ID #986355022677118976 for account
@IvankaTrump
about to get all tweets newer than ID #982954315387195394 for account
@AmbJohnBolton
about to get all tweets newer than ID #986347076488433664 for account
@BetsyDeVosED
about to get all tweets newer than ID #986346265737879552 for account @Scavino45
getting all tweets before ID #962349569286778880
ERROR: unable to get tweets for account @Scavino45
           the system said: Failed to parse JSON payload: Unterminated string
starting at: line 1 column 611161 (char 611160)
about to get all tweets newer than ID #986303188587425794 for account
@realDonaldTrump
getting all tweets before ID #974422724419444736
ERROR: unable to get tweets for account @realDonaldTrump
           the system said: Failed to parse JSON payload: Unterminated string
starting at: line 1 column 615486 (char 615485)
about to get all tweets newer than ID #986343754792624128 for account
@AshLeeStrong
about to get all tweets newer than ID #-1 for account @ElaineChao
about to get all tweets newer than ID #986327372831055872 for account
@EnergyDepSec
about to get all tweets newer than ID #985874235762634758 for account @Comey
about to get all tweets newer than ID #986348072040108032 for account @PRyan
about to get all tweets newer than ID #983500045436772353 for account
@RealBenCarson
ERROR: unable to get tweets for account @RealBenCarson
           the system said: Failed to parse JSON payload: Expecting ','
delimiter: line 1 column 610260 (char 610259)
about to get all tweets newer than ID #986336753480011776 for account
@WhiteHouse
getting all tweets before ID #979057538279845887
ERROR: unable to get tweets for account @WhiteHouse
           the system said: Failed to parse JSON payload: Unterminated string
starting at: line 1 column 612563 (char 612562)
about to get all tweets newer than ID #986347991295496192 for account
@SecretaryZinke
about to get all tweets newer than ID #903694300306923521 for account
@SecElaineChao
about to get all tweets newer than ID #832282841471918080 for account
@BetsyDeVos
about to get all tweets newer than ID #-1 for account @jaredkushner
about to get all tweets newer than ID #963927915284062209 for account
@SecretaryRoss
about to get all tweets newer than ID #986317014238187522 for account
@KellyannePolls
about to get all tweets newer than ID #985927803311984640 for account @SecAzar
about to get all tweets newer than ID #830074939298414592 for account
@RepTomPrice
ERROR: unable to get tweets for account @RepTomPrice
           the system said: Failed to parse JSON payload: Unterminated string
starting at: line 1 column 601558 (char 601557)
about to get all tweets newer than ID #986312116088070144 for account
@SecretarySonny
about to get all tweets newer than ID #984586337704644609 for account
@DanScavino
about to get all tweets newer than ID #986333642334048257 for account @PressSec
about to get all tweets newer than ID #985886375290572800 for account
@StephGrisham45
about to get all tweets newer than ID #985941813981798402 for account @FLOTUS
about to get all tweets newer than ID #986290934471151623 for account
@stevenmnuchin1
getting all tweets before ID #922126083889098751
    ...400 tweets downloaded so far


New tweet from stevenmnuchin1: In New Hampshire with @IvankaTrump to discuss
the #TaxCutsJobsAct that benefits American families. https://t.co/gCgBC0Rmne

archiving URL http://twitter.com/stevenmnuchin1/status/986345169908879361
    ... archiving using prefix http://web.archive.org/save/
about to get all tweets newer than ID #982452105276481536 for account
@GovernorPerry

archiving URL https://twitter.com/stevenmnuchin1/status/986345169908879361
    ... archiving using prefix http://web.archive.org/save/
about to get all tweets newer than ID #986349659194052608 for account @VP
about to get all tweets newer than ID #824610180881117184 for account
@GovPenceIN
ERROR: unable to get tweets for account @GovPenceIN
           the system said: Failed to parse JSON payload: Unterminated string
starting at: line 1 column 608797 (char 608796)
about to get all tweets newer than ID #984774893953867776 for account @Cabinet
about to get all tweets newer than ID #856041462164836355 for account
@FirstLadyIN
about to get all tweets newer than ID #986347269246128128 for account
@EPAScottPruitt
about to get all tweets newer than ID #913881045652688901 for account
@SecPriceMD
ERROR: unable to get tweets for account @SecPriceMD
           the system said: Failed to parse JSON payload: Expecting ','
delimiter: line 1 column 605916 (char 605915)
about to get all tweets newer than ID #986288533055983616 for account
@IvankaTrumpHQ
about to get all tweets newer than ID #986301954547691520 for account
@SecretaryPerry
about to get all tweets newer than ID #954801265732661248 for account
@MELANIATRUMP
about to get all tweets newer than ID #986346650292678663 for account
@DepSecHargan
getting all tweets before ID #923650155978612735
    ...217 tweets downloaded so far


New tweet from DepSecHargan: RT @theNCI: NCI Director Dr. Ned Sharpless shares
 his vision of opportunities to accelerate progress in #CancerResearch and
patient care: h…

archiving URL http://twitter.com/DepSecHargan/status/986369706742501376
    ... archiving using prefix http://web.archive.org/save/
about to get all tweets newer than ID #986351367743819777 for account
@JessicaDitto45

archiving URL https://twitter.com/DepSecHargan/status/986369706742501376
    ... archiving using prefix http://web.archive.org/save/
ERROR: unable to get tweets for account @JessicaDitto45
           the system said: Failed to parse JSON payload: Unterminated string
starting at: line 1 column 608799 (char 608798)
about to get all tweets newer than ID #986264945888198656 for account
@SecretaryCarson
ERROR: unable to get tweets for account @SecretaryCarson
           the system said: Failed to parse JSON payload: Unterminated string
starting at: line 1 column 604446 (char 604445)
about to get all tweets newer than ID #983854772305448960 for account
@mike_pence
about to get all tweets newer than ID #978650205192044545 for account
@SecShulkin
ERROR: unable to get tweets for account @SecShulkin
           the system said: Failed to parse JSON payload: Unterminated string
starting at: line 1 column 608313 (char 608312)
about to get all tweets newer than ID #983907190493908992 for account
@TomBossert45
about to get all tweets newer than ID #816290296048873472 for account
@WilburRoss
about to get all tweets newer than ID #973198296897466368 for account
@Linda_McMahon
ERROR: unable to get tweets for account @Linda_McMahon
           the system said: Failed to parse JSON payload: Unterminated string
starting at: line 1 column 614488 (char 614487)
about to get all tweets newer than ID #986061485813260289 for account @Reince
about to get all tweets newer than ID #890659905798983680 for account @Reince45
ERROR: unable to get tweets for account @Reince45
           the system said: Not authorized.
about to get all tweets newer than ID #986346178357972992 for account @POTUS
about to get all tweets newer than ID #986240067231297538 for account
@SecretaryAcosta
... OK, we're set up, and about to watch 37666984, 728361177986797568,
888031054141022209, 18916432, 822127086194348032, 935148134505828353,
819992522109894658, 20776147, 1967216306, 24578794, 212262370, 52544275,
118756393, 828997388920619008, 823367015830323201, 25073877, 296060169,
105267762, 894923298374651904, 2334193741, 733751245, 1180379185,
822215673812119553, 827258161841135623, 826065858548133888, 599530439, 29547260,
 836305915452272641, 471672239, 956283913835614208, 6577802, 842072478834909184,
 620571475, 818927131883356161, 823638938590085124, 818876014390603776,
799764016885329921, 18906561, 818910970567344128, 15985455, 818928162449068032,
1923451808, 832672006113931269, 829782369670410240, 798195585824104449,
830128820447539208, 108471631, 920035992073064450, 836724024688410625,
828613457020870657, 22203756, 831482588246196225, 866746592853979137,
809836066316451840, 65522706, 20733972, 803703725730779136, 822215679726100480,
819980276570976256


New tweet from realDonaldTrump: States and Cities throughout our Country are
being cheated and treated so badly by online retailers. Very unfair to…
https://t.co/CSLMfhPLLq

archiving URL http://twitter.com/realDonaldTrump/status/986378606606737408
    ... archiving using prefix http://web.archive.org/save/

archiving URL https://twitter.com/realDonaldTrump/status/986378606606737408
    ... archiving using prefix http://web.archive.org/save/
WARNING: received error ('Connection broken: IncompleteRead(0 bytes read, 512
more expected)', IncompleteRead(0 bytes read, 512 more expected)); sleeping and
trying again ...


New tweet from SpeakerRyan: RT @NFIB: Today is the first #TaxDay in years that
 #smallbiz have received some good news. Compensation is up, sales are strong,
&amp; #taxes r…

archiving URL http://twitter.com/SpeakerRyan/status/986379890319659009
    ... archiving using prefix http://web.archive.org/save/

archiving URL https://twitter.com/SpeakerRyan/status/986379890319659009
    ... archiving using prefix http://web.archive.org/save/
WARNING: received error ('Connection broken: IncompleteRead(3530 bytes read)',
IncompleteRead(3530 bytes read)); sleeping and trying again ...
