Hello, traveler. This is the beginning of a log file called: "Fascist Tweet Archiver".
Some basic system info about the host machine: posix.uname_result(sysname='Linux', nodename='file-server', release='3.16.0-5-686-pae', version='#1 SMP Debian 3.16.51-3+deb8u1 (2018-01-08)', machine='i686')
This log was begun Friday, 26 January 2018 at 21:11



INFO: read target account data; we're tracking 52 accounts
WARNING: no ProtocolError (got exception "name 'ProtocolError' is not defined");
 trying requests.packages.urllib3.exceptions instead
NOTE: successfully imported from requests
Starting up...
about to get all tweets newer than ID #955634336887332864 for account
@MickMulvaneyOMB
about to get all tweets newer than ID #956608918033231872 for account
@SecretaryCarson
ERROR: unable to get tweets for account @SecretaryCarson
           the system said: Failed to parse JSON payload: Unterminated string
starting at: line 1 column 506151 (char 506150)
about to get all tweets newer than ID #954948632666693632 for account
@DanScavino
about to get all tweets newer than ID #957032249509097472 for account
@realDonaldTrump
about to get all tweets newer than ID #955254388423118849 for account
@GovernorPerry
about to get all tweets newer than ID #956996572943962112 for account
@SpeakerRyan
about to get all tweets newer than ID #956994929246572544 for account
@StephGrisham45
about to get all tweets newer than ID #956941203328573441 for account @Scavino45
about to get all tweets newer than ID #898401955847876608 for account
@Linda_McMahon
ERROR: unable to get tweets for account @Linda_McMahon
           the system said: Failed to parse JSON payload: Unterminated string
starting at: line 1 column 508236 (char 508235)
about to get all tweets newer than ID #956935200168177664 for account
@IvankaTrumpHQ
about to get all tweets newer than ID #956131391955197952 for account
@KellyannePolls
ERROR: unable to get tweets for account @KellyannePolls
           the system said: Failed to parse JSON payload: Expecting value: line
1 column 508899 (char 508898)
about to get all tweets newer than ID #-1 for account @ElaineChao
about to get all tweets newer than ID #832282841471918080 for account
@BetsyDeVos
about to get all tweets newer than ID #856041462164836355 for account
@FirstLadyIN
about to get all tweets newer than ID #956947615601610752 for account @SBALinda
ERROR: unable to get tweets for account @SBALinda
           the system said: Failed to parse JSON payload: Expecting ','
delimiter: line 1 column 507452 (char 507451)
about to get all tweets newer than ID #957050606493020160 for account
@RealBenCarson
ERROR: unable to get tweets for account @RealBenCarson
           the system said: Failed to parse JSON payload: Expecting value: line
1 column 676868 (char 676867)
about to get all tweets newer than ID #957047737278713856 for account
@nikkihaley
ERROR: unable to get tweets for account @nikkihaley
           the system said: Failed to parse JSON payload: Expecting ':'
delimiter: line 1 column 504060 (char 504059)
about to get all tweets newer than ID #956819295526313984 for account
@stevenmnuchin1
about to get all tweets newer than ID #957018058228367360 for account
@IvankaTrump
about to get all tweets newer than ID #954801265732661248 for account
@MELANIATRUMP
ERROR: unable to get tweets for account @MELANIATRUMP
           the system said: Failed to send request: EOF occurred in violation of
 protocol (_ssl.c:600)
about to get all tweets newer than ID #957032278625894400 for account
@SecretaryZinke
getting all tweets before ID #937026588671082497
    ...400 tweets downloaded so far
about to get all tweets newer than ID #824610180881117184 for account
@GovPenceIN


New tweet from SecretaryZinke: Big thanks to bow hunter @CameronHanes for
helping with our #PublicLands cleanup. #SportsmenStewardship
https://t.co/PIhZkAvw8h

archiving URL http://twitter.com/SecretaryZinke/status/957078485784084481
    ... archiving using prefix http://web.archive.org/save/

archiving URL https://twitter.com/SecretaryZinke/status/957078485784084481
    ... archiving using prefix http://web.archive.org/save/
ERROR: unable to get tweets for account @GovPenceIN
           the system said: Failed to parse JSON payload: Expecting ','
delimiter: line 1 column 506004 (char 506003)
about to get all tweets newer than ID #816290296048873472 for account
@WilburRoss
about to get all tweets newer than ID #956282530315096064 for account
@EPAScottPruitt
ERROR: unable to get tweets for account @EPAScottPruitt
           the system said: Failed to parse JSON payload: Unterminated string
starting at: line 1 column 508352 (char 508351)
about to get all tweets newer than ID #-1 for account @jaredkushner
about to get all tweets newer than ID #957014001128476672 for account
@Scaramucci
about to get all tweets newer than ID #898632795517403136 for account
@GeneralJFKellly
ERROR: unable to get tweets for account @GeneralJFKellly
           the system said: Not authorized.
about to get all tweets newer than ID #956787069317189632 for account
@AshLeeStrong
about to get all tweets newer than ID #956905287704772608 for account
@BetsyDeVosED
about to get all tweets newer than ID #953073831534612480 for account
@SecretaryRoss
about to get all tweets newer than ID #956917317216165888 for account
@SecretaryAcosta
about to get all tweets newer than ID #956874545738240002 for account
@SecretaryPerry
about to get all tweets newer than ID #956927766317985792 for account
@SecondLady
ERROR: unable to get tweets for account @SecondLady
           the system said: Failed to parse JSON payload: Expecting ','
delimiter: line 1 column 284060 (char 284059)
about to get all tweets newer than ID #956950649337507841 for account
@SecShulkin
ERROR: unable to get tweets for account @SecShulkin
           the system said: Failed to send request: ('Connection aborted.',
BadStatusLine("''",))
about to get all tweets newer than ID #890659905798983680 for account @Reince45
about to get all tweets newer than ID #830074939298414592 for account
@RepTomPrice
ERROR: unable to get tweets for account @RepTomPrice
           the system said: Failed to parse JSON payload: Unterminated string
starting at: line 1 column 509643 (char 509642)
about to get all tweets newer than ID #957056814847287296 for account @PRyan
about to get all tweets newer than ID #913881045652688901 for account
@SecPriceMD
about to get all tweets newer than ID #957048517289299968 for account
@WhiteHouse
about to get all tweets newer than ID #930982584649175047 for account
@mike_pence
about to get all tweets newer than ID #836780744810844161 for account
@StephenMillerAL
about to get all tweets newer than ID #957033031184932865 for account @PressSec
about to get all tweets newer than ID #956880206786191361 for account
@TomBossert45
about to get all tweets newer than ID #956893071463075841 for account
@seanspicer
about to get all tweets newer than ID #956564285274181633 for account @FLOTUS
about to get all tweets newer than ID #957018377473724418 for account
@JessicaDitto45
about to get all tweets newer than ID #816846808789958656 for account
@SenDanCoats
about to get all tweets newer than ID #903694300306923521 for account
@SecElaineChao
about to get all tweets newer than ID #957032455713640448 for account @POTUS
about to get all tweets newer than ID #956892248184107008 for account
@SecretarySonny
about to get all tweets newer than ID #957000653892702208 for account @VP
about to get all tweets newer than ID #955492025830387714 for account @Reince
... OK, we're set up, and about to watch 888031054141022209, 828613457020870657,
 620571475, 25073877, 18906561, 18916432, 823638938590085124,
823367015830323201, 65522706, 798195585824104449, 471672239, 105267762,
599530439, 1923451808, 819992522109894658, 1180379185, 37666984,
799764016885329921, 52544275, 108471631, 827258161841135623, 15985455,
809836066316451840, 832672006113931269, 29547260, 24578794, 892173412818354177,
296060169, 828997388920619008, 836305915452272641, 819980276570976256,
830128820447539208, 822127086194348032, 831482588246196225, 803703725730779136,
6577802, 733751245, 829782369670410240, 822215673812119553, 22203756,
728361177986797568, 818927131883356161, 866746592853979137, 20776147,
818876014390603776, 836724024688410625, 212262370, 826065858548133888,
822215679726100480, 842072478834909184, 818910970567344128, 20733972
WARNING: received error HTTPSConnectionPool(host='stream.twitter.com',
port=443): Read timed out.; sleeping and trying again ...


New tweet from Scavino45: ICYMI - President @realDonaldTrump at #WEF18 in
Davos, Switzerland.
https://t.co/VTpWLLgWqS

archiving URL http://twitter.com/Scavino45/status/957114147703083008
    ... archiving using prefix http://web.archive.org/save/

archiving URL https://twitter.com/Scavino45/status/957114147703083008
    ... archiving using prefix http://web.archive.org/save/


New tweet from SecretaryPerry: RT @GaryShapiro: “American prosperity has
created countless jobs all around the globe, and the drive for excellence,
creativity, and innova…

archiving URL http://twitter.com/SecretaryPerry/status/957115887210950656
    ... archiving using prefix http://web.archive.org/save/

archiving URL https://twitter.com/SecretaryPerry/status/957115887210950656
    ... archiving using prefix http://web.archive.org/save/


New tweet from SecretaryPerry: RT @ENERGY: Sign up for our #STEMRising
newsletter to get #STEM info and resources delivered directly to your inbox!
👩‍🔬📨 https://t.co/jB95…

archiving URL http://twitter.com/SecretaryPerry/status/957115959051018245
    ... archiving using prefix http://web.archive.org/save/

archiving URL https://twitter.com/SecretaryPerry/status/957115959051018245
    ... archiving using prefix http://web.archive.org/save/


New tweet from SecretaryPerry: RT @Ames_Laboratory: It's Science Bowl eve!
Tomorrow we'll be hosting high school teams from all over the state for
competition that will u…

archiving URL http://twitter.com/SecretaryPerry/status/957116080371183618
    ... archiving using prefix http://web.archive.org/save/

archiving URL https://twitter.com/SecretaryPerry/status/957116080371183618
    ... archiving using prefix http://web.archive.org/save/
WARNING: received error HTTPSConnectionPool(host='stream.twitter.com',
port=443): Read timed out.; sleeping and trying again ...
WARNING: received error HTTPSConnectionPool(host='stream.twitter.com',
port=443): Read timed out.; sleeping and trying again ...
WARNING: received error HTTPSConnectionPool(host='stream.twitter.com',
port=443): Read timed out.; sleeping and trying again ...
WARNING: received error HTTPSConnectionPool(host='stream.twitter.com',
port=443): Read timed out.; sleeping and trying again ...


New tweet from realDonaldTrump: Thank you to Brandon Judd of the National
Border Patrol Council for his strong statement on @foxandfriends that we…
https://t.co/33QbAoLFxj

archiving URL http://twitter.com/realDonaldTrump/status/957220637705109505
    ... archiving using prefix http://web.archive.org/save/

archiving URL https://twitter.com/realDonaldTrump/status/957220637705109505
    ... archiving using prefix http://web.archive.org/save/
WARNING: received error ('Connection broken: IncompleteRead(0 bytes read, 512
more expected)', IncompleteRead(0 bytes read, 512 more expected)); sleeping and
trying again ...
