Hello, traveler. This is the beginning of a log file called: "Fascist Tweet Archiver".
Some basic system info about the host machine: posix.uname_result(sysname='Linux', nodename='file-server', release='3.16.0-6-686-pae', version='#1 SMP Debian 3.16.57-2 (2018-07-14)', machine='i686')
This log was begun Thursday, 16 August 2018 at 22:26



INFO: read target account data; we're tracking 59 accounts
WARNING: no ProtocolError (got exception "name 'ProtocolError' is not defined");
 trying requests.packages.urllib3.exceptions instead
NOTE: successfully imported from requests
Starting up...
about to get all tweets newer than ID #1030177644032221185 for account
@SecNielsen
ERROR: unable to get tweets for account @SecNielsen
           the system said: Failed to parse JSON payload: Unterminated string
starting at: line 1 column 608312 (char 608311)
about to get all tweets newer than ID #830074939298414592 for account
@RepTomPrice
about to get all tweets newer than ID #1030232882953035776 for account @VP
about to get all tweets newer than ID #1027032901299396610 for account
@RealBenCarson
about to get all tweets newer than ID #816846808789958656 for account
@SenDanCoats
about to get all tweets newer than ID #954801265732661248 for account
@MELANIATRUMP
about to get all tweets newer than ID #1021844939473387520 for account
@IvankaTrumpHQ
ERROR: unable to get tweets for account @IvankaTrumpHQ
           the system said: Not authorized.
about to get all tweets newer than ID #1028384425950826496 for account @FLOTUS
about to get all tweets newer than ID #1029360771573141504 for account
@DanScavino
about to get all tweets newer than ID #1030122056288030721 for account
@IvankaTrump
about to get all tweets newer than ID #903694300306923521 for account
@SecElaineChao
about to get all tweets newer than ID #1029564082897215488 for account @PRyan
about to get all tweets newer than ID #816290296048873472 for account
@WilburRoss
about to get all tweets newer than ID #824610180881117184 for account
@GovPenceIN
about to get all tweets newer than ID #1030245307458772994 for account
@SecondLady
about to get all tweets newer than ID #1030263768155074560 for account
@SecretaryPerry
about to get all tweets newer than ID #1030088977917915136 for account
@SecretaryAcosta
about to get all tweets newer than ID #1030301300829970432 for account
@Scavino45
about to get all tweets newer than ID #994396943421001728 for account
@TomBossert45
about to get all tweets newer than ID #1030225866553544704 for account @POTUS
about to get all tweets newer than ID #1029823777264295936 for account
@mike_pence
about to get all tweets newer than ID #1030264058765889536 for account
@seanspicer
about to get all tweets newer than ID #1030116466547466241 for account @SBALinda
about to get all tweets newer than ID #1025423091822997505 for account
@MickMulvaneyOMB
about to get all tweets newer than ID #1030289191219998721 for account
@Scaramucci
about to get all tweets newer than ID #1029560688744775681 for account @Reince
about to get all tweets newer than ID #1030241009131827201 for account
@AshLeeStrong
about to get all tweets newer than ID #1030244082688438277 for account
@statedeptspox
about to get all tweets newer than ID #-1 for account @jaredkushner
about to get all tweets newer than ID #1030234694019948546 for account
@DepSecHargan
about to get all tweets newer than ID #1014519079284199424 for account
@EPAScottPruitt
ERROR: unable to get tweets for account @EPAScottPruitt
           the system said: [{'code': 34, 'message': 'Sorry, that page does not
exist.'}]
about to get all tweets newer than ID #-1 for account @ElaineChao
about to get all tweets newer than ID #1029896621352517633 for account
@nikkihaley
about to get all tweets newer than ID #913881045652688901 for account
@SecPriceMD
about to get all tweets newer than ID #1030091871710838786 for account
@EnergyDepSec
about to get all tweets newer than ID #836780744810844161 for account
@StephenMillerAL
about to get all tweets newer than ID #1030199306274459648 for account @SecAzar
about to get all tweets newer than ID #1030171120513810432 for account
@SecretaryCarson
about to get all tweets newer than ID #1030274024809656325 for account
@realDonaldTrump
about to get all tweets newer than ID #1030253634410426369 for account
@WhiteHouse
ERROR: unable to get tweets for account @WhiteHouse
           the system said: Failed to parse JSON payload: Expecting value: line
1 column 610329 (char 610328)
about to get all tweets newer than ID #1026613666874097664 for account
@AmbJohnBolton
about to get all tweets newer than ID #1003795765028884485 for account
@Linda_McMahon
about to get all tweets newer than ID #978650205192044545 for account
@SecShulkin
about to get all tweets newer than ID #1030294274586435584 for account
@KellyannePolls
about to get all tweets newer than ID #1030181805402587136 for account
@BetsyDeVosED
about to get all tweets newer than ID #1030163929056665600 for account
@SpeakerRyan
about to get all tweets newer than ID #890659905798983680 for account @Reince45
ERROR: unable to get tweets for account @Reince45
           the system said: Not authorized.
about to get all tweets newer than ID #832282841471918080 for account
@BetsyDeVos
about to get all tweets newer than ID #1029492554557992961 for account
@stevenmnuchin1
about to get all tweets newer than ID #856041462164836355 for account
@FirstLadyIN
about to get all tweets newer than ID #1030184723530833923 for account
@SecretarySonny
about to get all tweets newer than ID #1030079050109337600 for account
@JessicaDitto45
about to get all tweets newer than ID #1029893474269777920 for account @Comey
about to get all tweets newer than ID #1029054728922120192 for account @Cabinet
about to get all tweets newer than ID #1029763898310909953 for account
@SecretaryRoss
about to get all tweets newer than ID #1027639789359652864 for account
@StephGrisham45
about to get all tweets newer than ID #1029884689379729408 for account @PressSec
about to get all tweets newer than ID #1027688230336905217 for account
@GovernorPerry
about to get all tweets newer than ID #1030155310525239296 for account
@SecretaryZinke
... OK, we're set up, and about to watch 935148134505828353, 6577802,
818910970567344128, 1180379185, 212262370, 108471631, 798195585824104449,
818876014390603776, 620571475, 52544275, 826065858548133888, 733751245,
809836066316451840, 15985455, 822127086194348032, 830128820447539208,
819980276570976256, 823367015830323201, 866746592853979137, 822215679726100480,
22203756, 20776147, 819992522109894658, 888031054141022209, 24578794, 20733972,
296060169, 1967216306, 29547260, 920035992073064450, 832672006113931269,
105267762, 37666984, 829782369670410240, 894923298374651904, 728361177986797568,
 956283913835614208, 828613457020870657, 25073877, 822215673812119553,
118756393, 65522706, 831482588246196225, 471672239, 828997388920619008,
18916432, 803703725730779136, 599530439, 799764016885329921, 1923451808,
842072478834909184, 836724024688410625, 2334193741, 818928162449068032,
836305915452272641, 823638938590085124, 818927131883356161, 18906561,
827258161841135623
WARNING: received error ('Connection broken: IncompleteRead(0 bytes read, 1166
more expected)', IncompleteRead(0 bytes read, 1166 more expected)); sleeping and
 trying again ...
WARNING: received error HTTPSConnectionPool(host='stream.twitter.com',
port=443): Read timed out.; sleeping and trying again ...


New tweet from SecretaryAcosta: ICYMI: 3.9 million new jobs have been created
since @POTUS was elected. https://t.co/uXVUvPOXYK

archiving URL http://twitter.com/SecretaryAcosta/status/1030409107034005504
    ... archiving using prefix http://web.archive.org/save/

archiving URL https://twitter.com/SecretaryAcosta/status/1030409107034005504
    ... archiving using prefix http://web.archive.org/save/


New tweet from realDonaldTrump: In speaking with some of the world’s top
business leaders I asked what it is that would make business (jobs) even b…
https://t.co/gD3CqXwud2

archiving URL http://twitter.com/realDonaldTrump/status/1030416679069777921
    ... archiving using prefix http://web.archive.org/save/

archiving URL https://twitter.com/realDonaldTrump/status/1030416679069777921
    ... archiving using prefix http://web.archive.org/save/


New tweet from realDonaldTrump: How does a politician, Cuomo, known for
pushing people and businesses out of his state, not to mention having the h…
https://t.co/vWjUrZ7TAp

archiving URL http://twitter.com/realDonaldTrump/status/1030419975692005376
    ... archiving using prefix http://web.archive.org/save/

archiving URL https://twitter.com/realDonaldTrump/status/1030419975692005376
    ... archiving using prefix http://web.archive.org/save/


New tweet from realDonaldTrump: The local politicians who run Washington, D.C.
 (poorly) know a windfall when they see it. When asked to give us a p…
https://t.co/1AyrZT9CEd

archiving URL http://twitter.com/realDonaldTrump/status/1030423480725118976
    ... archiving using prefix http://web.archive.org/save/

archiving URL https://twitter.com/realDonaldTrump/status/1030423480725118976
    ... archiving using prefix http://web.archive.org/save/


New tweet from realDonaldTrump: ....attend the big parade already scheduled at
 Andrews Air Force Base on a different date, &amp; go to the Paris parade…
https://t.co/75YwMLArvE

archiving URL http://twitter.com/realDonaldTrump/status/1030426536871116801
    ... archiving using prefix http://web.archive.org/save/

archiving URL https://twitter.com/realDonaldTrump/status/1030426536871116801
    ... archiving using prefix http://web.archive.org/save/
WARNING: received error ('Connection broken: IncompleteRead(0 bytes read, 512
more expected)', IncompleteRead(0 bytes read, 512 more expected)); sleeping and
trying again ...
WARNING: received error ('Connection broken: IncompleteRead(0 bytes read, 512
more expected)', IncompleteRead(0 bytes read, 512 more expected)); sleeping and
trying again ...
WARNING: received error ('Connection broken: IncompleteRead(0 bytes read, 512
more expected)', IncompleteRead(0 bytes read, 512 more expected)); sleeping and
trying again ...
WARNING: received error ('Connection broken: IncompleteRead(0 bytes read, 512
more expected)', IncompleteRead(0 bytes read, 512 more expected)); sleeping and
trying again ...
WARNING: received error ('Connection broken: IncompleteRead(0 bytes read, 512
more expected)', IncompleteRead(0 bytes read, 512 more expected)); sleeping and
trying again ...
WARNING: received error ('Connection broken: IncompleteRead(0 bytes read, 512
more expected)', IncompleteRead(0 bytes read, 512 more expected)); sleeping and
trying again ...
WARNING: received error ('Connection broken: IncompleteRead(0 bytes read, 512
more expected)', IncompleteRead(0 bytes read, 512 more expected)); sleeping and
trying again ...


New tweet from realDonaldTrump: Just announced, youth unemployment is at a 50
year low!  @foxandfriends

archiving URL http://twitter.com/realDonaldTrump/status/1030431396341444609
    ... archiving using prefix http://web.archive.org/save/

archiving URL https://twitter.com/realDonaldTrump/status/1030431396341444609
    ... archiving using prefix http://web.archive.org/save/


New tweet from POTUS: RT @realDonaldTrump: Just announced, youth unemployment
is at a 50 year low!  @foxandfriends

archiving URL http://twitter.com/POTUS/status/1030431574750388225
    ... archiving using prefix http://web.archive.org/save/
WARNING: received error ('Connection broken: IncompleteRead(0 bytes read, 512
more expected)', IncompleteRead(0 bytes read, 512 more expected)); sleeping and
trying again ...

archiving URL https://twitter.com/POTUS/status/1030431574750388225
    ... archiving using prefix http://web.archive.org/save/
WARNING: received error ('Connection broken: IncompleteRead(0 bytes read, 512
more expected)', IncompleteRead(0 bytes read, 512 more expected)); sleeping and
trying again ...


New tweet from realDonaldTrump: The U.S. has more than double the growth rate
than it had 18 months ago.

archiving URL http://twitter.com/realDonaldTrump/status/1030433779112923136
    ... archiving using prefix http://web.archive.org/save/

archiving URL https://twitter.com/realDonaldTrump/status/1030433779112923136
    ... archiving using prefix http://web.archive.org/save/
WARNING: received error ('Connection broken: IncompleteRead(0 bytes read, 3533
more expected)', IncompleteRead(0 bytes read, 3533 more expected)); sleeping and
 trying again ...
WARNING: received error ('Connection broken: IncompleteRead(0 bytes read, 512
more expected)', IncompleteRead(0 bytes read, 512 more expected)); sleeping and
trying again ...
WARNING: received error ('Connection broken: IncompleteRead(0 bytes read, 512
more expected)', IncompleteRead(0 bytes read, 512 more expected)); sleeping and
trying again ...
WARNING: received error ('Connection broken: IncompleteRead(0 bytes read, 512
more expected)', IncompleteRead(0 bytes read, 512 more expected)); sleeping and
trying again ...


New tweet from SecAzar: RT @SpoxHHS: Thanks to the Trump Administration,
Americans will once again have the opportunity to buy what is known as short-
term, limited…

archiving URL http://twitter.com/SecAzar/status/1030438252208160774
    ... archiving using prefix http://web.archive.org/save/

archiving URL https://twitter.com/SecAzar/status/1030438252208160774
    ... archiving using prefix http://web.archive.org/save/


New tweet from EPAAWheeler: Great time at Point Mouille seeing Great Lakes
restoration work in action with @RepWalberg  @MichiganDNR…
https://t.co/yMrwvvxOei

archiving URL http://twitter.com/EPAAWheeler/status/1030450824722432001
    ... archiving using prefix http://web.archive.org/save/

archiving URL https://twitter.com/EPAAWheeler/status/1030450824722432001
    ... archiving using prefix http://web.archive.org/save/


New tweet from EPAAWheeler: At Horkey Farms to discuss important agricultural
issues like #WOTUS with @RepWalberg @MichFarmBureau and local far…
https://t.co/gGoiC8AxsY

archiving URL http://twitter.com/EPAAWheeler/status/1030453652249604096
    ... archiving using prefix http://web.archive.org/save/

archiving URL https://twitter.com/EPAAWheeler/status/1030453652249604096
    ... archiving using prefix http://web.archive.org/save/


New tweet from RealBenCarson: Something promising is happening at the
Department of Housing and Urban Development.

https://t.co/Dzys0lvSJR

archiving URL http://twitter.com/RealBenCarson/status/1030454318183469056
    ... archiving using prefix http://web.archive.org/save/

archiving URL https://twitter.com/RealBenCarson/status/1030454318183469056
    ... archiving using prefix http://web.archive.org/save/


New tweet from Scaramucci: RT @BoDietl: Here is a clip from the latest
@onetoughpodcast w/ guest @scaramucci. It will be available everywhere Monday.
@gasdigital http…

archiving URL http://twitter.com/Scaramucci/status/1030455607776751617
    ... archiving using prefix http://web.archive.org/save/

archiving URL https://twitter.com/Scaramucci/status/1030455607776751617
    ... archiving using prefix http://web.archive.org/save/


New tweet from realDonaldTrump: Wow! Big pushback on Governor Andrew Cuomo of
New York for his really dumb statement about America’s lack of greatn…
https://t.co/Da2XF53URb

archiving URL http://twitter.com/realDonaldTrump/status/1030455761913217025
    ... archiving using prefix http://web.archive.org/save/

archiving URL https://twitter.com/realDonaldTrump/status/1030455761913217025
    ... archiving using prefix http://web.archive.org/save/
INFO: handling a deletion for data:

{'delete': {'status': {'id':
1030455761913217025,
                       'id_str': '1030455761913217025',

                       'user_id': 25073877,
'user_id_str': '25073877'},
            'timestamp_ms': '1534515006828'}}
INFO: successfully dumped raw data to JSON file
INFO: We're handling a deletion notification for tweet ID# 1030455761913217025
on account realDonaldTrump
INFO: get_archived_tweet() called to get tweet ID 1030455761913217025 for
account realDonaldTrump
INFO: found a tweet!		http://web.archive.org/*/http://twitter.com/realDonaldTrum
p/status/1030455761913217025	Wow! Big pushback on Governor Andrew Cuomo of New
York for his really dumb statement about America’s lack of greatn…
https://t.co/Da2XF53URb
... adding to list of deleted tweets
... added
 ... and we're going to tweet about it


New tweet from realDonaldTrump: Wow! Big pushback on Governor Andrew Cuomo of
New York for his really dumb statement about America’s lack of greatn…
https://t.co/0r4uiNFeDO

archiving URL http://twitter.com/realDonaldTrump/status/1030456820417081344
    ... archiving using prefix http://web.archive.org/save/

archiving URL https://twitter.com/realDonaldTrump/status/1030456820417081344
    ... archiving using prefix http://web.archive.org/save/


New tweet from realDonaldTrump: When a politician admits that “We’re not going
 to make America great again,” there doesn’t seem to be much reason t…
https://t.co/gXJ8Jw86g8

archiving URL http://twitter.com/realDonaldTrump/status/1030458489070596096
    ... archiving using prefix http://web.archive.org/save/

archiving URL https://twitter.com/realDonaldTrump/status/1030458489070596096
    ... archiving using prefix http://web.archive.org/save/


New tweet from SecretaryCarson: RT @HUDEspanol: .@FHAgov Anuncia Actualización
 De Normas Para Ayudar A Los Propietarios De Vivienda Afectados Por Los
Desastres Naturales D…

archiving URL http://twitter.com/SecretaryCarson/status/1030465978025439232
    ... archiving using prefix http://web.archive.org/save/

archiving URL https://twitter.com/SecretaryCarson/status/1030465978025439232
    ... archiving using prefix http://web.archive.org/save/


New tweet from VP: .@WSJ: Retail Sales and Manufacturing Are Powering U.S.
Growth This Summer https://t.co/BIGCUT8vJq https://t.co/V3FrECQ3V6

archiving URL http://twitter.com/VP/status/1030467959343534080
    ... archiving using prefix http://web.archive.org/save/

archiving URL https://twitter.com/VP/status/1030467959343534080
    ... archiving using prefix http://web.archive.org/save/


New tweet from VP: .@POTUS Trump’s economy is working → youth unemployment in
America has reached its lowest level in 52 years. And un…
https://t.co/jmue1FS0DB

archiving URL http://twitter.com/VP/status/1030470628430831616
    ... archiving using prefix http://web.archive.org/save/

archiving URL https://twitter.com/VP/status/1030470628430831616
    ... archiving using prefix http://web.archive.org/save/


New tweet from SecretaryPerry: .@iamwill and "I gotta feeling” that Team
U.S.A.🇺🇸 might win the @F1RSTglobal Competition in Mexico City.…
https://t.co/DhE0Ng1ArR

archiving URL http://twitter.com/SecretaryPerry/status/1030471614100586497
    ... archiving using prefix http://web.archive.org/save/

archiving URL https://twitter.com/SecretaryPerry/status/1030471614100586497
    ... archiving using prefix http://web.archive.org/save/


New tweet from Scaramucci: In studio for the audio version of Blue Collar
President. Fun stuff but can people take my LI accent for 9 hours?!…
https://t.co/r1htQ4RMIb

archiving URL http://twitter.com/Scaramucci/status/1030473969764323328
    ... archiving using prefix http://web.archive.org/save/

archiving URL https://twitter.com/Scaramucci/status/1030473969764323328
    ... archiving using prefix http://web.archive.org/save/


New tweet from statedeptspox: We condemn the August 4 political violence in
#Venezuela, and urge the Maduro regime to respect rule of law, exerci…
https://t.co/I7xz9MHP8j

archiving URL http://twitter.com/statedeptspox/status/1030474977915686913
    ... archiving using prefix http://web.archive.org/save/

archiving URL https://twitter.com/statedeptspox/status/1030474977915686913
    ... archiving using prefix http://web.archive.org/save/


New tweet from VP: .@POTUS Trump’s tax cuts are putting more money back into
the pockets of hard-working Americans. The typical Americ…
https://t.co/IFy5FBajv0

archiving URL http://twitter.com/VP/status/1030475004029423616
    ... archiving using prefix http://web.archive.org/save/

archiving URL https://twitter.com/VP/status/1030475004029423616
    ... archiving using prefix http://web.archive.org/save/


New tweet from IvankaTrump: Youth (16-24) summer jobless rate hit a 52 year
low. 
Unemployment for older Americans without a high school diplom…
https://t.co/ONFvssQs44

archiving URL http://twitter.com/IvankaTrump/status/1030475855389179904
    ... archiving using prefix http://web.archive.org/save/

archiving URL https://twitter.com/IvankaTrump/status/1030475855389179904
    ... archiving using prefix http://web.archive.org/save/


New tweet from Scaramucci: RT @JFNYC1: Here is a clip from the latest new york
 style @onetoughpodcast w/ guest @scaramucci. It will be available everywhere
Monday. @B…

archiving URL http://twitter.com/Scaramucci/status/1030476218011971584
    ... archiving using prefix http://web.archive.org/save/

archiving URL https://twitter.com/Scaramucci/status/1030476218011971584
    ... archiving using prefix http://web.archive.org/save/


New tweet from VP: In Iowa this week, I told the good people of the Hawkeye
State that Mollie Tibbetts is on the hearts of every Ameri…
https://t.co/jwqWuxAX7s

archiving URL http://twitter.com/VP/status/1030478707302051840
    ... archiving using prefix http://web.archive.org/save/

archiving URL https://twitter.com/VP/status/1030478707302051840
    ... archiving using prefix http://web.archive.org/save/


New tweet from SecAzar: Fundamentally, this administration believes in more
health insurance options, not fewer, for consumers. Expanding s…
https://t.co/hjXhl5AT3S

archiving URL http://twitter.com/SecAzar/status/1030481813083439106
    ... archiving using prefix http://web.archive.org/save/

archiving URL https://twitter.com/SecAzar/status/1030481813083439106
    ... archiving using prefix http://web.archive.org/save/


New tweet from SecAzar: RT @SGottliebFDA: #FDA has taken many steps, and will
advance additional new policies, to make development of complex generics more
efficie…

archiving URL http://twitter.com/SecAzar/status/1030484035817168896
    ... archiving using prefix http://web.archive.org/save/

archiving URL https://twitter.com/SecAzar/status/1030484035817168896
    ... archiving using prefix http://web.archive.org/save/


New tweet from statedeptspox: We are concerned that a Vietnamese court has
convicted Le Dinh Luong to 20 years in prison and 5 years probation un…
https://t.co/B2SgBgKGik

archiving URL http://twitter.com/statedeptspox/status/1030484079475675137
    ... archiving using prefix http://web.archive.org/save/

archiving URL https://twitter.com/statedeptspox/status/1030484079475675137
    ... archiving using prefix http://web.archive.org/save/


New tweet from KellyannePolls: May hurt feelings or come as shock, but not
everything is about the media. 

Was talking about Cuomo &amp; was asked qu…
https://t.co/ljtanHgruZ

archiving URL http://twitter.com/KellyannePolls/status/1030485568831016960
    ... archiving using prefix http://web.archive.org/save/

archiving URL https://twitter.com/KellyannePolls/status/1030485568831016960
    ... archiving using prefix http://web.archive.org/save/


New tweet from SecondLady: #ICYMI There's still a lot of buzz at the @VP
Residence!  We invited children from @TAPSorg to celebrate…
https://t.co/Pfwr8q9YfS

archiving URL http://twitter.com/SecondLady/status/1030485898251591685
    ... archiving using prefix http://web.archive.org/save/

archiving URL https://twitter.com/SecondLady/status/1030485898251591685
    ... archiving using prefix http://web.archive.org/save/


New tweet from KellyannePolls: RT @markknoller: Without mentioning @NYGovCuomo
 by name, @KellyannePolls again cited his remark yesterday: "America was never
great?" Go te…

archiving URL http://twitter.com/KellyannePolls/status/1030486353744683008
    ... archiving using prefix http://web.archive.org/save/

archiving URL https://twitter.com/KellyannePolls/status/1030486353744683008
    ... archiving using prefix http://web.archive.org/save/


New tweet from SecretaryCarson: It’s my pleasure Governor @PhilBryantMS! Thank
 you for all you do to address the health care and housing needs for…
https://t.co/hbomz4gr0w

archiving URL http://twitter.com/SecretaryCarson/status/1030487338651140097
    ... archiving using prefix http://web.archive.org/save/

archiving URL https://twitter.com/SecretaryCarson/status/1030487338651140097
    ... archiving using prefix http://web.archive.org/save/


New tweet from SpeakerRyan: RT @HouseGOP: A stronger military, better care for
 #veterans, and a dedication to ensuring our national security. These are just
some of th…

archiving URL http://twitter.com/SpeakerRyan/status/1030487509510352896
    ... archiving using prefix http://web.archive.org/save/

archiving URL https://twitter.com/SpeakerRyan/status/1030487509510352896
    ... archiving using prefix http://web.archive.org/save/


New tweet from SBALinda: RT @realDonaldTrump: Great @Cabinet meeting today at
the @WhiteHouse! https://t.co/RwOhQF9SEv

archiving URL http://twitter.com/SBALinda/status/1030492479374680065
    ... archiving using prefix http://web.archive.org/save/

archiving URL https://twitter.com/SBALinda/status/1030492479374680065
    ... archiving using prefix http://web.archive.org/save/


New tweet from IvankaTrump: RT @CNBC: Ivanka Trump and P-tech student Robert
Felder talk about a program that provides real skills training to high school
students. ht…

archiving URL http://twitter.com/IvankaTrump/status/1030503386410627073
    ... archiving using prefix http://web.archive.org/save/

archiving URL https://twitter.com/IvankaTrump/status/1030503386410627073
    ... archiving using prefix http://web.archive.org/save/


New tweet from WhiteHouse: Many politicians insisted that America must adjust
to a new age of slow growth and declining influence. President T…
https://t.co/qIlKykU2Hj

archiving URL http://twitter.com/WhiteHouse/status/1030503527477653504
    ... archiving using prefix http://web.archive.org/save/

archiving URL https://twitter.com/WhiteHouse/status/1030503527477653504
    ... archiving using prefix http://web.archive.org/save/


New tweet from SecAzar: Short-term, limited duration plans are one affordable,
 flexible option, but we recognize they’re not the right choi…
https://t.co/v6EEO1ruOy

archiving URL http://twitter.com/SecAzar/status/1030508826062200832
    ... archiving using prefix http://web.archive.org/save/

archiving URL https://twitter.com/SecAzar/status/1030508826062200832
    ... archiving using prefix http://web.archive.org/save/


New tweet from DepSecHargan: RT @HRSAgov: On a visit to @MarysCenter for
#NHCW18, @HHSGov @DepSecHargan &amp; #HRSA Administrator Dr. George Sigounas
announced $125M in #HR…

archiving URL http://twitter.com/DepSecHargan/status/1030511333794611200
    ... archiving using prefix http://web.archive.org/save/

archiving URL https://twitter.com/DepSecHargan/status/1030511333794611200
    ... archiving using prefix http://web.archive.org/save/


New tweet from seanspicer: Having a #funfriday talking #TheBriefing with
members of @yaf this morning! #booktour #booklaunch #day25 #yaf #njc…
https://t.co/XWvLqciXYw

archiving URL http://twitter.com/seanspicer/status/1030511827749412864
    ... archiving using prefix http://web.archive.org/save/

archiving URL https://twitter.com/seanspicer/status/1030511827749412864
    ... archiving using prefix http://web.archive.org/save/


New tweet from EPAAWheeler: Capping the day off with a tour of @EPA National
Vehicle Fuel Emissions Lab in Ann Arbor and meeting with our lab e…
https://t.co/Wk0tEa8pkR

archiving URL http://twitter.com/EPAAWheeler/status/1030512508803735553
    ... archiving using prefix http://web.archive.org/save/

archiving URL https://twitter.com/EPAAWheeler/status/1030512508803735553
    ... archiving using prefix http://web.archive.org/save/


New tweet from SecretaryZinke: DOI is out in the field. Today @NatlParkService
 deputy director Danny Smith is in Bozeman #Montana with…
https://t.co/Y0MbU6QY5H

archiving URL http://twitter.com/SecretaryZinke/status/1030513111827193857
    ... archiving using prefix http://web.archive.org/save/

archiving URL https://twitter.com/SecretaryZinke/status/1030513111827193857
    ... archiving using prefix http://web.archive.org/save/


New tweet from Scaramucci: The plan is working and the economy is booming
https://t.co/iZqh0F1yAV

archiving URL http://twitter.com/Scaramucci/status/1030515870332792832
    ... archiving using prefix http://web.archive.org/save/

archiving URL https://twitter.com/Scaramucci/status/1030515870332792832
    ... archiving using prefix http://web.archive.org/save/


New tweet from SpeakerRyan: RT @HouseGOP: Don’t miss this → unemployment for
young people hits a 52-year low. #BetterOffNow. https://t.co/tkVecwmjSx
https://t.co/7Eq6l…

archiving URL http://twitter.com/SpeakerRyan/status/1030519163297701889
    ... archiving using prefix http://web.archive.org/save/

archiving URL https://twitter.com/SpeakerRyan/status/1030519163297701889
    ... archiving using prefix http://web.archive.org/save/


New tweet from IvankaTrump: https://t.co/9NcEIDHAzW

archiving URL http://twitter.com/IvankaTrump/status/1030519198739574784
    ... archiving using prefix http://web.archive.org/save/

archiving URL https://twitter.com/IvankaTrump/status/1030519198739574784
    ... archiving using prefix http://web.archive.org/save/


New tweet from Scaramucci: https://t.co/iZqh0F1yAV

archiving URL http://twitter.com/Scaramucci/status/1030519572909228033
    ... archiving using prefix http://web.archive.org/save/

archiving URL https://twitter.com/Scaramucci/status/1030519572909228033
    ... archiving using prefix http://web.archive.org/save/


New tweet from EnergyDepSec: Yesterday, I spoke at the U.S.-Republic of Korea
High-Level Bilateral Commission. The U.S. and South Korea have enj…
https://t.co/MLdh0OkGMO

archiving URL http://twitter.com/EnergyDepSec/status/1030520249354002432
    ... archiving using prefix http://web.archive.org/save/

archiving URL https://twitter.com/EnergyDepSec/status/1030520249354002432
    ... archiving using prefix http://web.archive.org/save/
INFO: handling a deletion for data:

{'delete': {'status': {'id':
1030520249354002432,
                       'id_str': '1030520249354002432',

                       'user_id': 894923298374651904,
'user_id_str': '894923298374651904'},
            'timestamp_ms':
'1534530158558'}}
INFO: successfully dumped raw data to JSON file
INFO: We're handling a deletion notification for tweet ID# 1030520249354002432
on account EnergyDepSec
INFO: get_archived_tweet() called to get tweet ID 1030520249354002432 for
account EnergyDepSec
INFO: found a tweet!		http://web.archive.org/*/http://twitter.com/EnergyDepSec/s
tatus/1030520249354002432	Yesterday, I spoke at the U.S.-Republic of Korea High-
Level Bilateral Commission. The U.S. and South Korea have enj…
https://t.co/MLdh0OkGMO
... adding to list of deleted tweets
... added
... but we're not going to tweet about it because EnergyDepSec is not in the
list of accounts we tweet about


New tweet from EnergyDepSec: Yesterday, I spoke at the U.S.-Republic of Korea
High-Level Bilateral Commission. The U.S. and South Korea have enj…
https://t.co/ww0hVRgv6K

archiving URL http://twitter.com/EnergyDepSec/status/1030520548588171264
    ... archiving using prefix http://web.archive.org/save/

archiving URL https://twitter.com/EnergyDepSec/status/1030520548588171264
    ... archiving using prefix http://web.archive.org/save/


New tweet from WhiteHouse: Great news for young American workers: The
unemployment rate for Americans ages 16-24 hit a 52-year low this summer…
https://t.co/HIT6gZ2Ihu

archiving URL http://twitter.com/WhiteHouse/status/1030523152416342016
    ... archiving using prefix http://web.archive.org/save/

archiving URL https://twitter.com/WhiteHouse/status/1030523152416342016
    ... archiving using prefix http://web.archive.org/save/
INFO: handling a deletion for data:

{'delete': {'status': {'id':
1030519572909228033,
                       'id_str': '1030519572909228033',

                       'user_id': 24578794,
'user_id_str': '24578794'},
            'timestamp_ms': '1534531966769'}}
INFO: successfully dumped raw data to JSON file
INFO: We're handling a deletion notification for tweet ID# 1030519572909228033
on account Scaramucci
INFO: get_archived_tweet() called to get tweet ID 1030519572909228033 for
account Scaramucci
ERROR: unable to read line "['=======']" because: need more than 1 value to
unpack.
INFO: found a tweet!		http://web.archive.org/*/http://twitter.com/Scaramucci/sta
tus/1030519572909228033	https://t.co/iZqh0F1yAV
... adding to list of deleted tweets
... added
... but we're not going to tweet about it because Scaramucci is not in the list
of accounts we tweet about


New tweet from Scaramucci: RT @FoxNews: .@Scaramucci: "I do believe that
[@POTUS] gets exonerated by the Mueller report." #OutnumberedOT
https://t.co/FoC2JLEsi9

archiving URL http://twitter.com/Scaramucci/status/1030529245309792256
    ... archiving using prefix http://web.archive.org/save/

archiving URL https://twitter.com/Scaramucci/status/1030529245309792256
    ... archiving using prefix http://web.archive.org/save/


New tweet from VP: RT @SecondLady: #ICYMI There's still a lot of buzz at the
@VP Residence!  We invited children from @TAPSorg to celebrate
#NationaHoneyBeeAw…

archiving URL http://twitter.com/VP/status/1030533040806809600
    ... archiving using prefix http://web.archive.org/save/

archiving URL https://twitter.com/VP/status/1030533040806809600
    ... archiving using prefix http://web.archive.org/save/


New tweet from SecAzar: RT @SeemaCMS: Great work @SGottliebFDA and @US_FDA –
this is a win for @MedicareGov and @MedicaidGov beneficiaries who need access to
 epine…

archiving URL http://twitter.com/SecAzar/status/1030533636620275713
    ... archiving using prefix http://web.archive.org/save/

archiving URL https://twitter.com/SecAzar/status/1030533636620275713
    ... archiving using prefix http://web.archive.org/save/


New tweet from realDonaldTrump: Which is worse, Hightax Andrew Cuomo's
statement, “WE’RE NOT GOING TO MAKE AMERICA GREAT AGAIN, IT WAS NEVER THAT G…
https://t.co/IIsT18rz2N

archiving URL http://twitter.com/realDonaldTrump/status/1030536206415802369
    ... archiving using prefix http://web.archive.org/save/


New tweet from realDonaldTrump: ...I say Andrew’s was a bigger and more
incompetent blunder. He should easily win his race against a Super Liberal…
https://t.co/kh10WbMmOk

archiving URL http://twitter.com/realDonaldTrump/status/1030536210194882561
    ... archiving using prefix http://web.archive.org/save/

archiving URL https://twitter.com/realDonaldTrump/status/1030536206415802369
    ... archiving using prefix http://web.archive.org/save/

archiving URL https://twitter.com/realDonaldTrump/status/1030536210194882561
    ... archiving using prefix http://web.archive.org/save/


New tweet from WhiteHouse: "The lift to growth [last] quarter from Republican-
backed tax cuts also came with a boost to productivity,” Bloombe…
https://t.co/RgfC20qtUO

archiving URL http://twitter.com/WhiteHouse/status/1030536240469344256
    ... archiving using prefix http://web.archive.org/save/

archiving URL https://twitter.com/WhiteHouse/status/1030536240469344256
    ... archiving using prefix http://web.archive.org/save/


New tweet from POTUS: RT @WhiteHouse: "The lift to growth [last] quarter from
Republican-backed tax cuts also came with a boost to productivity,” Bloomberg
repor…

archiving URL http://twitter.com/POTUS/status/1030536383075639296
    ... archiving using prefix http://web.archive.org/save/

archiving URL https://twitter.com/POTUS/status/1030536383075639296
    ... archiving using prefix http://web.archive.org/save/


New tweet from seanspicer: RT @AmericaFirstPAC: MUST READ: Our open letter to
@BostonGlobe and media outlets who denounced President @realDonaldTrump.
https://t.co/vE…

archiving URL http://twitter.com/seanspicer/status/1030536600810414080
    ... archiving using prefix http://web.archive.org/save/

archiving URL https://twitter.com/seanspicer/status/1030536600810414080
    ... archiving using prefix http://web.archive.org/save/


New tweet from seanspicer: RT @Regnery: We’re thrilled to join our friends at
@yaf for #TheBriefing book tour for a conversation with @seanspicer and
@itsSpencerBrown…

archiving URL http://twitter.com/seanspicer/status/1030536876581683200
    ... archiving using prefix http://web.archive.org/save/

archiving URL https://twitter.com/seanspicer/status/1030536876581683200
    ... archiving using prefix http://web.archive.org/save/


New tweet from seanspicer: RT @Regnery: Asked by a young journalist what
Saturday’s are for, @seanspicer simply replies:

“The boys.”

@barstoolsports
@BarstoolNewsN

archiving URL http://twitter.com/seanspicer/status/1030536913843830785
    ... archiving using prefix http://web.archive.org/save/

archiving URL https://twitter.com/seanspicer/status/1030536913843830785
    ... archiving using prefix http://web.archive.org/save/


New tweet from VP: .@NFIB’s Small Business Optimism Index has reached its
highest level in 35 years. @POTUS Trump’s agenda is working,…
https://t.co/cbvJvnG9HF

archiving URL http://twitter.com/VP/status/1030538462888452096
    ... archiving using prefix http://web.archive.org/save/

archiving URL https://twitter.com/VP/status/1030538462888452096
    ... archiving using prefix http://web.archive.org/save/


New tweet from seanspicer: True

archiving URL http://twitter.com/seanspicer/status/1030540046921809921
    ... archiving using prefix http://web.archive.org/save/

archiving URL https://twitter.com/seanspicer/status/1030540046921809921
    ... archiving using prefix http://web.archive.org/save/


New tweet from seanspicer: RT @GOPChairwoman: A woman is actually leading the
Republican Party. https://t.co/5zE39OPZ1P

archiving URL http://twitter.com/seanspicer/status/1030540104786477056
    ... archiving using prefix http://web.archive.org/save/

archiving URL https://twitter.com/seanspicer/status/1030540104786477056
    ... archiving using prefix http://web.archive.org/save/


New tweet from statedeptspox: Acting Assistant Secretary David M. Satterfield
and Special Presidential Envoy @brett_mcgurk discuss the status of…
https://t.co/XTbd2JA7EI

archiving URL http://twitter.com/statedeptspox/status/1030542108090920960
    ... archiving using prefix http://web.archive.org/save/

archiving URL https://twitter.com/statedeptspox/status/1030542108090920960
    ... archiving using prefix http://web.archive.org/save/


New tweet from statedeptspox: Acting Assistant Secretary David M. Satterfield:
 There should be no doubt as to the position of the @POTUS with res…
https://t.co/Mb4zE2noSk

archiving URL http://twitter.com/statedeptspox/status/1030542255994679296
    ... archiving using prefix http://web.archive.org/save/

archiving URL https://twitter.com/statedeptspox/status/1030542255994679296
    ... archiving using prefix http://web.archive.org/save/


New tweet from SecretaryZinke: This afternoon my team is volunteering with
@NatlParkService to spruce up the fencing on the @NationalMallNPS…
https://t.co/hcIoT1NQAj

archiving URL http://twitter.com/SecretaryZinke/status/1030542322512146434
    ... archiving using prefix http://web.archive.org/save/

archiving URL https://twitter.com/SecretaryZinke/status/1030542322512146434
    ... archiving using prefix http://web.archive.org/save/


New tweet from statedeptspox: Special Presidential Envoy @brett_mcgurk:
@Coalition contributions will allow us to continue at pace in our stabili…
https://t.co/s9fGI0XBlj

archiving URL http://twitter.com/statedeptspox/status/1030542345513644035
    ... archiving using prefix http://web.archive.org/save/

archiving URL https://twitter.com/statedeptspox/status/1030542345513644035
    ... archiving using prefix http://web.archive.org/save/


New tweet from SecAzar: RT @samhsagov: See how HHS is working with partners
around the country to empower communities and address the #opioid epidemic:
https://t.c…

archiving URL http://twitter.com/SecAzar/status/1030551709570027525
    ... archiving using prefix http://web.archive.org/save/

archiving URL https://twitter.com/SecAzar/status/1030551709570027525
    ... archiving using prefix http://web.archive.org/save/


New tweet from AshLeeStrong: Quiet, sweltering Friday afternoon is the perfect
 chance to blare some #Aretha. "You Send Me..."

archiving URL http://twitter.com/AshLeeStrong/status/1030551787978334209
    ... archiving using prefix http://web.archive.org/save/

archiving URL https://twitter.com/AshLeeStrong/status/1030551787978334209
    ... archiving using prefix http://web.archive.org/save/


New tweet from WhiteHouse: Another sign of the economy powering forward: “A
surge in retail sales and rising manufacturing output suggest the…
https://t.co/INx8I2XG66

archiving URL http://twitter.com/WhiteHouse/status/1030552092434489345
    ... archiving using prefix http://web.archive.org/save/

archiving URL https://twitter.com/WhiteHouse/status/1030552092434489345
    ... archiving using prefix http://web.archive.org/save/


New tweet from SecretaryCarson: I enjoyed speaking with @Varneyco on
@FOXBusiness about how @HUDgov is addressing the affordable housing challenges…
https://t.co/uzktRpvlQu

archiving URL http://twitter.com/SecretaryCarson/status/1030553360175390721
    ... archiving using prefix http://web.archive.org/save/

archiving URL https://twitter.com/SecretaryCarson/status/1030553360175390721
    ... archiving using prefix http://web.archive.org/save/


New tweet from Scavino45: President Trump departing the White House this
morning... https://t.co/2x1NtaR6dE

archiving URL http://twitter.com/Scavino45/status/1030555094138449922
    ... archiving using prefix http://web.archive.org/save/

archiving URL https://twitter.com/Scavino45/status/1030555094138449922
    ... archiving using prefix http://web.archive.org/save/


New tweet from SecretaryZinke: Members of my staff volunteered to help rebuild
 a boardwalk trail and do landscaping at Teddy Roosevelt Island…
https://t.co/DoJS4kKAYL

archiving URL http://twitter.com/SecretaryZinke/status/1030555957280100353
    ... archiving using prefix http://web.archive.org/save/

archiving URL https://twitter.com/SecretaryZinke/status/1030555957280100353
    ... archiving using prefix http://web.archive.org/save/


New tweet from Scaramucci: Agree completely. We have our fingers crossed for
Paul

archiving URL http://twitter.com/Scaramucci/status/1030557439458988036
    ... archiving using prefix http://web.archive.org/save/

archiving URL https://twitter.com/Scaramucci/status/1030557439458988036
    ... archiving using prefix http://web.archive.org/save/


New tweet from AshLeeStrong: @jonallendc Who would hate the speaker’s lobby?

archiving URL http://twitter.com/AshLeeStrong/status/1030562050966269952
    ... archiving using prefix http://web.archive.org/save/

archiving URL https://twitter.com/AshLeeStrong/status/1030562050966269952
    ... archiving using prefix http://web.archive.org/save/


New tweet from statedeptspox: RT @SecPompeo: The conflict in #Syria has
continued for far too long. @StateDept will spare no effort to facilitate an
enduring diplomatic…

archiving URL http://twitter.com/statedeptspox/status/1030564344604413952
    ... archiving using prefix http://web.archive.org/save/

archiving URL https://twitter.com/statedeptspox/status/1030564344604413952
    ... archiving using prefix http://web.archive.org/save/


New tweet from statedeptspox: Welcome back to @StateDept Amb Jeffrey.  Glad to
 have you leading @SecPompeo efforts to manage the complex issues -…
https://t.co/R7tV7rw5mk

archiving URL http://twitter.com/statedeptspox/status/1030565112124329984
    ... archiving using prefix http://web.archive.org/save/

archiving URL https://twitter.com/statedeptspox/status/1030565112124329984
    ... archiving using prefix http://web.archive.org/save/


New tweet from SecretaryPerry: RT @NREL: Earlier this week, we were honored to
 have @energy @SecretaryPerry  pay a visit to the lab to see the important work
being done a…

archiving URL http://twitter.com/SecretaryPerry/status/1030565199806390272
    ... archiving using prefix http://web.archive.org/save/

archiving URL https://twitter.com/SecretaryPerry/status/1030565199806390272
    ... archiving using prefix http://web.archive.org/save/


New tweet from SecretaryPerry: RT @EnergyDepSec: Yesterday, I spoke at the
U.S.-Republic of Korea High-Level Bilateral Commission. The U.S. and South Korea
 have enjoyed a…

archiving URL http://twitter.com/SecretaryPerry/status/1030565389661622272
    ... archiving using prefix http://web.archive.org/save/

archiving URL https://twitter.com/SecretaryPerry/status/1030565389661622272
    ... archiving using prefix http://web.archive.org/save/


New tweet from realDonaldTrump: https://t.co/TmICRUV9uo

archiving URL http://twitter.com/realDonaldTrump/status/1030566272176672768
    ... archiving using prefix http://web.archive.org/save/

archiving URL https://twitter.com/realDonaldTrump/status/1030566272176672768
    ... archiving using prefix http://web.archive.org/save/


New tweet from Scavino45: RT @realDonaldTrump: https://t.co/TmICRUV9uo

archiving URL http://twitter.com/Scavino45/status/1030566341747585024
    ... archiving using prefix http://web.archive.org/save/

archiving URL https://twitter.com/Scavino45/status/1030566341747585024
    ... archiving using prefix http://web.archive.org/save/


New tweet from SecAzar: RT @HRSAgov: On a visit to @MarysCenter for #NHCW18,
@HHSGov @DepSecHargan &amp; #HRSA Administrator Dr. George Sigounas announced
$125M in #HR…

archiving URL http://twitter.com/SecAzar/status/1030567123989549056
    ... archiving using prefix http://web.archive.org/save/

archiving URL https://twitter.com/SecAzar/status/1030567123989549056
    ... archiving using prefix http://web.archive.org/save/


New tweet from nikkihaley: RT @USUN: The US placed sanctions on security
forces responsible for human rights violations in Burma. We’ll contin…
https://t.co/1BdqpQgHGT

archiving URL http://twitter.com/nikkihaley/status/1030568304748978176
    ... archiving using prefix http://web.archive.org/save/

archiving URL https://twitter.com/nikkihaley/status/1030568304748978176
    ... archiving using prefix http://web.archive.org/save/


New tweet from WhiteHouse: RT @realDonaldTrump: https://t.co/TmICRUV9uo

archiving URL http://twitter.com/WhiteHouse/status/1030570969558130689
    ... archiving using prefix http://web.archive.org/save/

archiving URL https://twitter.com/WhiteHouse/status/1030570969558130689
    ... archiving using prefix http://web.archive.org/save/


New tweet from Scaramucci: He is innocent until proven guilty. Since I have
some experience in how Washington works I have a strong feeling he…
https://t.co/BwLWkTadTE

archiving URL http://twitter.com/Scaramucci/status/1030573170015850496
    ... archiving using prefix http://web.archive.org/save/

archiving URL https://twitter.com/Scaramucci/status/1030573170015850496
    ... archiving using prefix http://web.archive.org/save/


New tweet from SecretaryCarson: “I never left the church” #ArethaFranklin once
 said. “The church goes with me”. We mourn the passing of a national…
https://t.co/UXkNoHvudD

archiving URL http://twitter.com/SecretaryCarson/status/1030578616889946112
    ... archiving using prefix http://web.archive.org/save/

archiving URL https://twitter.com/SecretaryCarson/status/1030578616889946112
    ... archiving using prefix http://web.archive.org/save/


New tweet from realDonaldTrump: “Fox News has learned that Bruce Ohr wrote
Christopher Steele following the firing of James Comey saying that he wa…
https://t.co/S5yOcOigLU

archiving URL http://twitter.com/realDonaldTrump/status/1030582354308411392
    ... archiving using prefix http://web.archive.org/save/

archiving URL https://twitter.com/realDonaldTrump/status/1030582354308411392
    ... archiving using prefix http://web.archive.org/save/


New tweet from WhiteHouse: Following an outstanding quarter for business
growth and job creation, “U.S. small-business owners are more optimis…
https://t.co/v3EQtM53v0

archiving URL http://twitter.com/WhiteHouse/status/1030582795138224131
    ... archiving using prefix http://web.archive.org/save/

archiving URL https://twitter.com/WhiteHouse/status/1030582795138224131
    ... archiving using prefix http://web.archive.org/save/


New tweet from VP: RT @realDonaldTrump: https://t.co/TmICRUV9uo

archiving URL http://twitter.com/VP/status/1030584711922499585
    ... archiving using prefix http://web.archive.org/save/

archiving URL https://twitter.com/VP/status/1030584711922499585
    ... archiving using prefix http://web.archive.org/save/


New tweet from SecretaryRoss: These better-than-expected retail sales numbers
are another great sign that @POTUS's economic plan is working for t…
https://t.co/ukRMiTZOzT

archiving URL http://twitter.com/SecretaryRoss/status/1030594688955412482
    ... archiving using prefix http://web.archive.org/save/

archiving URL https://twitter.com/SecretaryRoss/status/1030594688955412482
    ... archiving using prefix http://web.archive.org/save/


New tweet from WhiteHouse: The left is inventing controversy to derail Judge
Brett Kavanaugh's nomination to the Supreme Court, David French w…
https://t.co/6EZzE4C5uM

archiving URL http://twitter.com/WhiteHouse/status/1030596387854016513
    ... archiving using prefix http://web.archive.org/save/

archiving URL https://twitter.com/WhiteHouse/status/1030596387854016513
    ... archiving using prefix http://web.archive.org/save/


New tweet from Scavino45: RT @SecretaryRoss: These better-than-expected retail
 sales numbers are another great sign that @POTUS's economic plan is working for
 the Am…

archiving URL http://twitter.com/Scavino45/status/1030598944718561280
    ... archiving using prefix http://web.archive.org/save/

archiving URL https://twitter.com/Scavino45/status/1030598944718561280
    ... archiving using prefix http://web.archive.org/save/


New tweet from Scavino45: RT @SecPompeo: Honored to swear in the next
generation of American diplomats to the @StateDept, putting a world-class team
on the field! Th…

archiving URL http://twitter.com/Scavino45/status/1030599096824942595
    ... archiving using prefix http://web.archive.org/save/

archiving URL https://twitter.com/Scavino45/status/1030599096824942595
    ... archiving using prefix http://web.archive.org/save/


New tweet from Scavino45: RT @SecretaryAcosta: ICYMI: 3.9 million new jobs
have been created since @POTUS was elected. https://t.co/uXVUvPOXYK

archiving URL http://twitter.com/Scavino45/status/1030599330569367552
    ... archiving using prefix http://web.archive.org/save/

archiving URL https://twitter.com/Scavino45/status/1030599330569367552
    ... archiving using prefix http://web.archive.org/save/


New tweet from Scavino45: RT @VP: .@POTUS Trump’s economy is working → youth
unemployment in America has reached its lowest level in 52 years. And
unemployment rates…

archiving URL http://twitter.com/Scavino45/status/1030603191916933120
    ... archiving using prefix http://web.archive.org/save/

archiving URL https://twitter.com/Scavino45/status/1030603191916933120
    ... archiving using prefix http://web.archive.org/save/


New tweet from Scaramucci: This is hysterical and true! Great seeing you
today!!@WattersWorld

archiving URL http://twitter.com/Scaramucci/status/1030610761784209408
    ... archiving using prefix http://web.archive.org/save/

archiving URL https://twitter.com/Scaramucci/status/1030610761784209408
    ... archiving using prefix http://web.archive.org/save/


New tweet from SecretaryZinke: RT @FoxBusiness: .@SecretaryZinke on California
 wildfires: "It doesn't have to be the new norm. We need to go back and actively
 manage our…

archiving URL http://twitter.com/SecretaryZinke/status/1030611092941234176
    ... archiving using prefix http://web.archive.org/save/

archiving URL https://twitter.com/SecretaryZinke/status/1030611092941234176
    ... archiving using prefix http://web.archive.org/save/


New tweet from SecondLady: Spent the afternoon with @kilmeade and @FoxNews
crew at the @VP Residence. Here's a look at them getting b-roll of…
https://t.co/mTd6efjT0l

archiving URL http://twitter.com/SecondLady/status/1030615959004962816
    ... archiving using prefix http://web.archive.org/save/

archiving URL https://twitter.com/SecondLady/status/1030615959004962816
    ... archiving using prefix http://web.archive.org/save/


New tweet from VP: RT @SecondLady: Spent the afternoon with @kilmeade and
@FoxNews crew at the @VP Residence. Here's a look at them getting b-roll of
Harley!…

archiving URL http://twitter.com/VP/status/1030617486822137857
    ... archiving using prefix http://web.archive.org/save/

archiving URL https://twitter.com/VP/status/1030617486822137857
    ... archiving using prefix http://web.archive.org/save/
INFO: handling a deletion for data:

{'delete': {'status': {'id':
694398448771174400,
                       'id_str': '694398448771174400',

                       'user_id': 471672239,
'user_id_str': '471672239'},
            'timestamp_ms': '1534554194757'}}
INFO: successfully dumped raw data to JSON file
INFO: We're handling a deletion notification for tweet ID# 694398448771174400 on
 account KellyannePolls
INFO: get_archived_tweet() called to get tweet ID 694398448771174400 for account
 KellyannePolls
INFO: requested tweet not found in relevant archive
... adding to list of deleted tweets
... added
... but we're not going to tweet about it because KellyannePolls is not in the
list of accounts we tweet about


New tweet from Scaramucci: He knows now!

archiving URL http://twitter.com/Scaramucci/status/1030626268373495810
    ... archiving using prefix http://web.archive.org/save/

archiving URL https://twitter.com/Scaramucci/status/1030626268373495810
    ... archiving using prefix http://web.archive.org/save/


New tweet from POTUS: RT @realDonaldTrump: https://t.co/TmICRUV9uo

archiving URL http://twitter.com/POTUS/status/1030628321091117056
    ... archiving using prefix http://web.archive.org/save/

archiving URL https://twitter.com/POTUS/status/1030628321091117056
    ... archiving using prefix http://web.archive.org/save/


New tweet from realDonaldTrump: “Bruce Ohr of DOJ is in legal jeopardy, it’s
astonishingthat he’s still employed. Bruce &amp; Nelly Ohr’s bank account…
https://t.co/P1XYcywRsD

archiving URL http://twitter.com/realDonaldTrump/status/1030629846299357185
    ... archiving using prefix http://web.archive.org/save/

archiving URL https://twitter.com/realDonaldTrump/status/1030629846299357185
    ... archiving using prefix http://web.archive.org/save/
INFO: handling a deletion for data:

{'delete': {'status': {'id':
1030629846299357185,
                       'id_str': '1030629846299357185',

                       'user_id': 25073877,
'user_id_str': '25073877'},
            'timestamp_ms': '1534556775877'}}
INFO: successfully dumped raw data to JSON file
INFO: We're handling a deletion notification for tweet ID# 1030629846299357185
on account realDonaldTrump
INFO: get_archived_tweet() called to get tweet ID 1030629846299357185 for
account realDonaldTrump
INFO: found a tweet!		http://web.archive.org/*/http://twitter.com/realDonaldTrum
p/status/1030629846299357185	“Bruce Ohr of DOJ is in legal jeopardy, it’s
astonishingthat he’s still employed. Bruce &amp; Nelly Ohr’s bank account…
https://t.co/P1XYcywRsD
... adding to list of deleted tweets
... added
 ... and we're going to tweet about it


New tweet from realDonaldTrump: “Bruce Ohr of DOJ is in legal jeopardy, it’s
astonishing that he’s still employed. Bruce &amp; Nelly Ohr’s bank account…
https://t.co/oYEVFX8JGX

archiving URL http://twitter.com/realDonaldTrump/status/1030631977135812610
    ... archiving using prefix http://web.archive.org/save/

archiving URL https://twitter.com/realDonaldTrump/status/1030631977135812610
    ... archiving using prefix http://web.archive.org/save/


New tweet from realDonaldTrump: ....financial gain is a Federal Gratuity
Statute Violation, Bribery Statute Violation, Honest Services Violation...…
https://t.co/uTkFtI53cg

archiving URL http://twitter.com/realDonaldTrump/status/1030632303507243008
    ... archiving using prefix http://web.archive.org/save/

archiving URL https://twitter.com/realDonaldTrump/status/1030632303507243008
    ... archiving using prefix http://web.archive.org/save/


New tweet from Scaramucci: I love you more

archiving URL http://twitter.com/Scaramucci/status/1030639048078094336
    ... archiving using prefix http://web.archive.org/save/

archiving URL https://twitter.com/Scaramucci/status/1030639048078094336
    ... archiving using prefix http://web.archive.org/save/


New tweet from Scaramucci: I wasn’t accepting a @WhiteHouse salary to begin
with (and not just because I didn’t last a single pay period). I r…
https://t.co/o4giRzUHyc

archiving URL http://twitter.com/Scaramucci/status/1030641973009559552
    ... archiving using prefix http://web.archive.org/save/

archiving URL https://twitter.com/Scaramucci/status/1030641973009559552
    ... archiving using prefix http://web.archive.org/save/


New tweet from Scaramucci: @jeremynewberger @WhiteHouse @POTUS You don’t have
to take my word for it. It’s a fact https://t.co/ou0hdgrNs1

archiving URL http://twitter.com/Scaramucci/status/1030643695073353728
    ... archiving using prefix http://web.archive.org/save/

archiving URL https://twitter.com/Scaramucci/status/1030643695073353728
    ... archiving using prefix http://web.archive.org/save/


New tweet from Scaramucci: RT @Scaramucci: @jeremynewberger @WhiteHouse @POTUS
 You don’t have to take my word for it. It’s a fact https://t.co/ou0hdgrNs1

archiving URL http://twitter.com/Scaramucci/status/1030646148539838464
    ... archiving using prefix http://web.archive.org/save/

archiving URL https://twitter.com/Scaramucci/status/1030646148539838464
    ... archiving using prefix http://web.archive.org/save/


New tweet from Scaramucci: Because I’ve been very fortunate in my life. This
country has given me everything and I wanted to give back without…
https://t.co/5oKRXSseeL

archiving URL http://twitter.com/Scaramucci/status/1030647043075846144
    ... archiving using prefix http://web.archive.org/save/

archiving URL https://twitter.com/Scaramucci/status/1030647043075846144
    ... archiving using prefix http://web.archive.org/save/


New tweet from Scaramucci: Says the guy running a Joe Biden parody account in
his free time

archiving URL http://twitter.com/Scaramucci/status/1030648446758400000
    ... archiving using prefix http://web.archive.org/save/

archiving URL https://twitter.com/Scaramucci/status/1030648446758400000
    ... archiving using prefix http://web.archive.org/save/


New tweet from Scaramucci: @rob_in_colorado @jeremynewberger @WhiteHouse
@POTUS No

archiving URL http://twitter.com/Scaramucci/status/1030649459179487242
    ... archiving using prefix http://web.archive.org/save/

archiving URL https://twitter.com/Scaramucci/status/1030649459179487242
    ... archiving using prefix http://web.archive.org/save/


New tweet from Scaramucci: We don’t say that anymore @PardonMyTake
@BarstoolBigCat @PFTCommenter @barstoolsports

archiving URL http://twitter.com/Scaramucci/status/1030660529747054592
    ... archiving using prefix http://web.archive.org/save/

archiving URL https://twitter.com/Scaramucci/status/1030660529747054592
    ... archiving using prefix http://web.archive.org/save/


New tweet from Scaramucci: @michaelfrango @BarstoolBigCat @PardonMyTake
@PFTCommenter @barstoolsports *AWW

archiving URL http://twitter.com/Scaramucci/status/1030661479618539520
    ... archiving using prefix http://web.archive.org/save/

archiving URL https://twitter.com/Scaramucci/status/1030661479618539520
    ... archiving using prefix http://web.archive.org/save/
WARNING: received error ('Connection broken: IncompleteRead(0 bytes read, 512
more expected)', IncompleteRead(0 bytes read, 512 more expected)); sleeping and
trying again ...
WARNING: received error HTTPSConnectionPool(host='stream.twitter.com',
port=443): Read timed out.; sleeping and trying again ...
