Hello, traveler. This is the beginning of a log file called: "Fascist Tweet Archiver".
Some basic system info about the host machine: posix.uname_result(sysname='Linux', nodename='file-server', release='3.16.0-5-686-pae', version='#1 SMP Debian 3.16.51-3+deb8u1 (2018-01-08)', machine='i686')
This log was begun Monday, 12 March 2018 at 15:15



INFO: read target account data; we're tracking 52 accounts
WARNING: no ProtocolError (got exception "name 'ProtocolError' is not defined");
 trying requests.packages.urllib3.exceptions instead
NOTE: successfully imported from requests
Starting up...
about to get all tweets newer than ID #971971835859316736 for account
@KellyannePolls
about to get all tweets newer than ID #973295772715376641 for account
@SecretaryAcosta
about to get all tweets newer than ID #973297098522267651 for account
@nikkihaley
ERROR: unable to get tweets for account @nikkihaley
           the system said: Failed to parse JSON payload: Unterminated string
starting at: line 1 column 604452 (char 604451)
about to get all tweets newer than ID #971897060097249282 for account @FLOTUS
about to get all tweets newer than ID #836780744810844161 for account
@StephenMillerAL
about to get all tweets newer than ID #973300325938589696 for account @VP
about to get all tweets newer than ID #973259142298243072 for account
@seanspicer
about to get all tweets newer than ID #973289495587184640 for account @PRyan
about to get all tweets newer than ID #971172037891887104 for account
@MickMulvaneyOMB
about to get all tweets newer than ID #898632795517403136 for account
@GeneralJFKellly
ERROR: unable to get tweets for account @GeneralJFKellly
           the system said: Not authorized.
about to get all tweets newer than ID #973300400580431872 for account @Scavino45
getting all tweets before ID #956596347330859009
    ...400 tweets downloaded so far


New tweet from Scavino45: RT @realDonaldTrump: It was my great honor to
welcome the 2017 World Series Champion Houston @Astros to the @WhiteHouse!
#HoustonStrong htt…

archiving URL http://twitter.com/Scavino45/status/973307113803079680
    ... archiving using prefix http://web.archive.org/save/
about to get all tweets newer than ID #971852894520651776 for account
@RealBenCarson

archiving URL https://twitter.com/Scavino45/status/973307113803079680
    ... archiving using prefix http://web.archive.org/save/
about to get all tweets newer than ID #972579903391567872 for account
@DanScavino


New tweet from Scavino45: RT @astros: Give these guys a minute behind the
podium and this happens. https://t.co/OEYeDBAnof

archiving URL http://twitter.com/Scavino45/status/973307415755218945
    ... archiving using prefix http://web.archive.org/save/

archiving URL https://twitter.com/Scavino45/status/973307415755218945
    ... archiving using prefix http://web.archive.org/save/
about to get all tweets newer than ID #973198296897466368 for account
@Linda_McMahon


New tweet from Scavino45: RT @MLB: The World Champs visit the White House.
https://t.co/sLwuIQmzFf

archiving URL http://twitter.com/Scavino45/status/973307563465994241
    ... archiving using prefix http://web.archive.org/save/
about to get all tweets newer than ID #954801265732661248 for account
@MELANIATRUMP

archiving URL https://twitter.com/Scavino45/status/973307563465994241
    ... archiving using prefix http://web.archive.org/save/
about to get all tweets newer than ID #973240527129862145 for account
@JessicaDitto45
about to get all tweets newer than ID #973277402590793729 for account
@SecretaryZinke
about to get all tweets newer than ID #816846808789958656 for account
@SenDanCoats
about to get all tweets newer than ID #824610180881117184 for account
@GovPenceIN
about to get all tweets newer than ID #972135175336480769 for account
@StephGrisham45
about to get all tweets newer than ID #832282841471918080 for account
@BetsyDeVos
about to get all tweets newer than ID #973207890084401152 for account
@realDonaldTrump
getting all tweets before ID #962348831789797380
    ...400 tweets downloaded so far


New tweet from realDonaldTrump: It was my great honor to welcome the 2017
World Series Champion Houston @Astros to the @WhiteHouse! #HoustonStrong
https://t.co/IO6B42jixA

archiving URL http://twitter.com/realDonaldTrump/status/973305935685963776
    ... archiving using prefix http://web.archive.org/save/
about to get all tweets newer than ID #856041462164836355 for account
@FirstLadyIN

archiving URL https://twitter.com/realDonaldTrump/status/973305935685963776
    ... archiving using prefix http://web.archive.org/save/
about to get all tweets newer than ID #972208654723272715 for account
@stevenmnuchin1
ERROR: unable to get tweets for account @stevenmnuchin1
           the system said: Failed to parse JSON payload: Unterminated string
starting at: line 1 column 510253 (char 510252)
about to get all tweets newer than ID #972993910535606272 for account
@AshLeeStrong
about to get all tweets newer than ID #971815119272505345 for account
@SecondLady
about to get all tweets newer than ID #972170519385657344 for account
@IvankaTrumpHQ
about to get all tweets newer than ID #973290985684905987 for account @SBALinda
about to get all tweets newer than ID #972564587823452160 for account
@SecShulkin
about to get all tweets newer than ID #972260303718223872 for account @PressSec
ERROR: unable to get tweets for account @PressSec
           the system said: Failed to parse JSON payload: Expecting value: line
1 column 502611 (char 502610)
about to get all tweets newer than ID #890659905798983680 for account @Reince45
ERROR: unable to get tweets for account @Reince45
           the system said: Not authorized.
about to get all tweets newer than ID #972246960903196675 for account
@TomBossert45
about to get all tweets newer than ID #973295545392484355 for account
@IvankaTrump
about to get all tweets newer than ID #973301085208240128 for account
@SecretaryCarson
about to get all tweets newer than ID #973230293321748480 for account
@EPAScottPruitt
about to get all tweets newer than ID #973293378803662849 for account
@SpeakerRyan
ERROR: unable to get tweets for account @SpeakerRyan
           the system said: Failed to parse JSON payload: Unterminated string
starting at: line 1 column 504954 (char 504953)
about to get all tweets newer than ID #973219753534853125 for account
@mike_pence
about to get all tweets newer than ID #830074939298414592 for account
@RepTomPrice
about to get all tweets newer than ID #972227882121613312 for account
@SecretarySonny
about to get all tweets newer than ID #973305983824027649 for account @POTUS
getting all tweets before ID #958518230330564607
    ...400 tweets downloaded so far


New tweet from POTUS: RT @RepMarkMeadows: Why should Congress continue pouring
 taxpayer dollars into cities that defy federal immigration law? That shouldn't
hap…

archiving URL http://twitter.com/POTUS/status/973307871646633984
    ... archiving using prefix http://web.archive.org/save/
about to get all tweets newer than ID #816290296048873472 for account
@WilburRoss
about to get all tweets newer than ID #903694300306923521 for account
@SecElaineChao

archiving URL https://twitter.com/POTUS/status/973307871646633984
    ... archiving using prefix http://web.archive.org/save/
about to get all tweets newer than ID #973304294639316998 for account
@SecretaryPerry
about to get all tweets newer than ID #969786327666450432 for account @Reince
about to get all tweets newer than ID #913881045652688901 for account
@SecPriceMD
about to get all tweets newer than ID #973302969969139713 for account
@WhiteHouse
getting all tweets before ID #964595754303152127
    ...400 tweets downloaded so far


New tweet from WhiteHouse: RT @realDonaldTrump: It was my great honor to
welcome the 2017 World Series Champion Houston @Astros to the @WhiteHouse!
#HoustonStrong htt…

archiving URL http://twitter.com/WhiteHouse/status/973306215974436864
    ... archiving using prefix http://web.archive.org/save/
about to get all tweets newer than ID #973284831722459136 for account
@Scaramucci
ERROR: unable to get tweets for account @Scaramucci
           the system said: Failed to parse JSON payload: Unterminated string
starting at: line 1 column 505458 (char 505457)
about to get all tweets newer than ID #963927915284062209 for account
@SecretaryRoss

archiving URL https://twitter.com/WhiteHouse/status/973306215974436864
    ... archiving using prefix http://web.archive.org/save/
about to get all tweets newer than ID #973274471829303296 for account
@BetsyDeVosED


New tweet from WhiteHouse: President Trump is proposing an expansion and
reform of mental health programs, including those that help identify…
https://t.co/Jgq9tEshtE

archiving URL http://twitter.com/WhiteHouse/status/973308419317870592
    ... archiving using prefix http://web.archive.org/save/

archiving URL https://twitter.com/WhiteHouse/status/973308419317870592
    ... archiving using prefix http://web.archive.org/save/
ERROR: unable to get tweets for account @BetsyDeVosED
           the system said: Failed to parse JSON payload: Unterminated string
starting at: line 1 column 504447 (char 504446)
about to get all tweets newer than ID #971089084394491905 for account
@GovernorPerry
ERROR: unable to get tweets for account @GovernorPerry
           the system said: Failed to parse JSON payload: Expecting ','
delimiter: line 1 column 506156 (char 506155)
about to get all tweets newer than ID #-1 for account @ElaineChao
about to get all tweets newer than ID #-1 for account @jaredkushner
... OK, we're set up, and about to watch 471672239, 819980276570976256,
37666984, 818876014390603776, 728361177986797568, 818910970567344128, 20776147,
733751245, 888031054141022209, 892173412818354177, 823367015830323201,
1180379185, 620571475, 65522706, 108471631, 836724024688410625,
827258161841135623, 212262370, 15985455, 823638938590085124, 599530439,
25073877, 1923451808, 799764016885329921, 296060169, 822127086194348032,
798195585824104449, 819992522109894658, 831482588246196225, 818927131883356161,
803703725730779136, 866746592853979137, 52544275, 828613457020870657,
832672006113931269, 18916432, 22203756, 6577802, 842072478834909184,
822215679726100480, 809836066316451840, 826065858548133888, 830128820447539208,
20733972, 829782369670410240, 822215673812119553, 24578794, 836305915452272641,
828997388920619008, 18906561, 105267762, 29547260
WARNING: received error HTTPSConnectionPool(host='stream.twitter.com',
port=443): Read timed out.; sleeping and trying again ...


New tweet from SecretaryPerry: RT @JLab_News: One week ago today, Secretary of
 Energy Rick Perry visited Jefferson Lab for the first time. Here's what
happened: https://t…

archiving URL http://twitter.com/SecretaryPerry/status/973319631476871169
    ... archiving using prefix http://web.archive.org/save/

archiving URL https://twitter.com/SecretaryPerry/status/973319631476871169
    ... archiving using prefix http://web.archive.org/save/


New tweet from SecretaryZinke: RT @USIndianAffairs: PDAS Tahsuda recently
traveled with @SecretaryZinke to the Blackfeet Nation for a signing ceremony to
1st transfer fun…

archiving URL http://twitter.com/SecretaryZinke/status/973324614624477184
    ... archiving using prefix http://web.archive.org/save/

archiving URL https://twitter.com/SecretaryZinke/status/973324614624477184
    ... archiving using prefix http://web.archive.org/save/


New tweet from SpeakerRyan: Happy Birthday to my good friend Mitt Romney!
https://t.co/8ZJCgEghsm

archiving URL http://twitter.com/SpeakerRyan/status/973339166359674883
    ... archiving using prefix http://web.archive.org/save/

archiving URL https://twitter.com/SpeakerRyan/status/973339166359674883
    ... archiving using prefix http://web.archive.org/save/


New tweet from WhiteHouse: Tonight's edition of West Wing Reads:
https://t.co/o0WuBVuIhb https://t.co/MyTrfOKxKK

archiving URL http://twitter.com/WhiteHouse/status/973342382363168769
    ... archiving using prefix http://web.archive.org/save/

archiving URL https://twitter.com/WhiteHouse/status/973342382363168769
    ... archiving using prefix http://web.archive.org/save/
WARNING: received error ('Connection broken: IncompleteRead(0 bytes read, 2000
more expected)', IncompleteRead(0 bytes read, 2000 more expected)); sleeping and
 trying again ...
