Hello, traveler. This is the beginning of a log file called: "Fascist Tweet Archiver".
Some basic system info about the host machine: posix.uname_result(sysname='Linux', nodename='file-server', release='3.16.0-5-686-pae', version='#1 SMP Debian 3.16.51-3+deb8u1 (2018-01-08)', machine='i686')
This log was begun Thursday, 08 March 2018 at 22:21



INFO: read target account data; we're tracking 52 accounts
WARNING: no ProtocolError (got exception "name 'ProtocolError' is not defined");
 trying requests.packages.urllib3.exceptions instead
NOTE: successfully imported from requests
Starting up...
about to get all tweets newer than ID #971897283297054720 for account
@StephGrisham45
about to get all tweets newer than ID #971172037891887104 for account
@MickMulvaneyOMB
about to get all tweets newer than ID #816846808789958656 for account
@SenDanCoats
about to get all tweets newer than ID #971943542313627648 for account
@stevenmnuchin1
about to get all tweets newer than ID #971914709132894208 for account
@nikkihaley
about to get all tweets newer than ID #971815119272505345 for account
@SecondLady
about to get all tweets newer than ID #971908631909355520 for account
@AshLeeStrong
getting all tweets before ID #956787069317189631
    ...400 tweets downloaded so far


New tweet from AshLeeStrong: RT @visitmontana: Ice Ice Baby. #MontanaMoment |
📷: IG user markspursuit https://t.co/jzkE62NXmT

archiving URL http://twitter.com/AshLeeStrong/status/971968113473286144
    ... archiving using prefix http://web.archive.org/save/
about to get all tweets newer than ID #971852300124762112 for account @SBALinda
about to get all tweets newer than ID #971915531346436096 for account
@realDonaldTrump

archiving URL https://twitter.com/AshLeeStrong/status/971968113473286144
    ... archiving using prefix http://web.archive.org/save/
about to get all tweets newer than ID #971947826275061762 for account
@JessicaDitto45
about to get all tweets newer than ID #971848810883371008 for account
@SecShulkin
about to get all tweets newer than ID #971871668326092800 for account
@EPAScottPruitt
about to get all tweets newer than ID #971387816453312512 for account
@SecretaryAcosta
about to get all tweets newer than ID #971916739620556801 for account
@WhiteHouse
about to get all tweets newer than ID #971863999968169984 for account
@IvankaTrump
about to get all tweets newer than ID #971897047946317825 for account
@SecretaryPerry
about to get all tweets newer than ID #971971835859316736 for account
@KellyannePolls
about to get all tweets newer than ID #971916089553666048 for account @VP
about to get all tweets newer than ID #971894630433349633 for account
@SpeakerRyan
about to get all tweets newer than ID #970003576784375809 for account @PRyan
about to get all tweets newer than ID #969786327666450432 for account @Reince
about to get all tweets newer than ID #830074939298414592 for account
@RepTomPrice
about to get all tweets newer than ID #971210326711582720 for account
@mike_pence
about to get all tweets newer than ID #824610180881117184 for account
@GovPenceIN
about to get all tweets newer than ID #971579128012050432 for account
@TomBossert45
about to get all tweets newer than ID #954801265732661248 for account
@MELANIATRUMP
about to get all tweets newer than ID #903694300306923521 for account
@SecElaineChao
about to get all tweets newer than ID #836780744810844161 for account
@StephenMillerAL
about to get all tweets newer than ID #971089084394491905 for account
@GovernorPerry
about to get all tweets newer than ID #971897060097249282 for account @FLOTUS
about to get all tweets newer than ID #913881045652688901 for account
@SecPriceMD
about to get all tweets newer than ID #971917252646916097 for account @POTUS
about to get all tweets newer than ID #965231014632132610 for account
@Linda_McMahon
about to get all tweets newer than ID #971852180994093060 for account
@SecretaryCarson
about to get all tweets newer than ID #816290296048873472 for account
@WilburRoss
about to get all tweets newer than ID #971910912553685000 for account @PressSec
getting all tweets before ID #952561888507908095
    ...400 tweets downloaded so far


New tweet from PressSec: RT @FoxNews: SoKo security adviser Chung Eui-Yong: "I
 explained to @POTUS that his leadership and his maximum pressure policy
together with…

archiving URL http://twitter.com/PressSec/status/971952518673690624
    ... archiving using prefix http://web.archive.org/save/
about to get all tweets newer than ID #971799576515661824 for account
@SecretaryZinke

archiving URL https://twitter.com/PressSec/status/971952518673690624
    ... archiving using prefix http://web.archive.org/save/
about to get all tweets newer than ID #971852894520651776 for account
@RealBenCarson
about to get all tweets newer than ID #963927915284062209 for account
@SecretaryRoss
about to get all tweets newer than ID #971458262427152384 for account
@SecretarySonny
getting all tweets before ID #951483548342587391
    ...400 tweets downloaded so far


New tweet from SecretarySonny: On my way to #NorthDakota for a Friday full of
events, and had some time to kill in the Minneapolis-St. Paul airpor…
https://t.co/VOiTCriBBe

archiving URL http://twitter.com/SecretarySonny/status/971966998392422402
    ... archiving using prefix http://web.archive.org/save/
about to get all tweets newer than ID #832282841471918080 for account
@BetsyDeVos
about to get all tweets newer than ID #-1 for account @ElaineChao
about to get all tweets newer than ID #971400326690504709 for account
@IvankaTrumpHQ

archiving URL https://twitter.com/SecretarySonny/status/971966998392422402
    ... archiving using prefix http://web.archive.org/save/
about to get all tweets newer than ID #971976671568867328 for account @Scavino45
about to get all tweets newer than ID #856041462164836355 for account
@FirstLadyIN
about to get all tweets newer than ID #971916819882758144 for account
@Scaramucci
about to get all tweets newer than ID #971519362216681472 for account
@BetsyDeVosED
about to get all tweets newer than ID #970484798019063808 for account
@DanScavino
about to get all tweets newer than ID #971914902444048385 for account
@seanspicer
about to get all tweets newer than ID #898632795517403136 for account
@GeneralJFKellly
ERROR: unable to get tweets for account @GeneralJFKellly
           the system said: Not authorized.
about to get all tweets newer than ID #890659905798983680 for account @Reince45
ERROR: unable to get tweets for account @Reince45
           the system said: Not authorized.
about to get all tweets newer than ID #-1 for account @jaredkushner
... OK, we're set up, and about to watch 823638938590085124, 888031054141022209,
 212262370, 799764016885329921, 37666984, 822127086194348032, 296060169,
819992522109894658, 25073877, 836724024688410625, 831482588246196225,
832672006113931269, 819980276570976256, 822215673812119553, 52544275,
830128820447539208, 471672239, 818910970567344128, 18916432, 733751245,
20733972, 6577802, 22203756, 15985455, 866746592853979137, 108471631,
826065858548133888, 728361177986797568, 18906561, 818876014390603776,
829782369670410240, 822215679726100480, 65522706, 828613457020870657,
809836066316451840, 818927131883356161, 827258161841135623, 1180379185,
836305915452272641, 842072478834909184, 599530439, 105267762,
798195585824104449, 823367015830323201, 1923451808, 24578794,
828997388920619008, 620571475, 20776147, 892173412818354177, 803703725730779136,
 29547260


New tweet from seanspicer: Thanks @RabbiShmuley and The World Values Network
for having me at the Champions of Jewish Values National Awards G…
https://t.co/D1UhV0yEe9

archiving URL http://twitter.com/seanspicer/status/971982764449792001
    ... archiving using prefix http://web.archive.org/save/

archiving URL https://twitter.com/seanspicer/status/971982764449792001
    ... archiving using prefix http://web.archive.org/save/


New tweet from seanspicer: RT @ClayFragulia: 28 minuets into the
@KennedyNation show and I got to say one of the best I’ve seen . Back to back
Great interviews. @sean…

archiving URL http://twitter.com/seanspicer/status/971984916903702528
    ... archiving using prefix http://web.archive.org/save/

archiving URL https://twitter.com/seanspicer/status/971984916903702528
    ... archiving using prefix http://web.archive.org/save/


New tweet from seanspicer: RT @JohnFerris20: @KennedyNation @seanspicer
@drdrew @noellenikpour @petersuderman @Harlan @wrongt @FoxBusiness Fantastically
 awesome show…

archiving URL http://twitter.com/seanspicer/status/971984952379154432
    ... archiving using prefix http://web.archive.org/save/

archiving URL https://twitter.com/seanspicer/status/971984952379154432
    ... archiving using prefix http://web.archive.org/save/
WARNING: received error HTTPSConnectionPool(host='stream.twitter.com',
port=443): Read timed out.; sleeping and trying again ...
WARNING: received error HTTPSConnectionPool(host='stream.twitter.com',
port=443): Read timed out.; sleeping and trying again ...
WARNING: received error HTTPSConnectionPool(host='stream.twitter.com',
port=443): Read timed out.; sleeping and trying again ...
