Hello, traveler. This is the beginning of a log file called: "Fascist Tweet Archiver".
Some basic system info about the host machine: posix.uname_result(sysname='Linux', nodename='file-server', release='3.16.0-5-686-pae', version='#1 SMP Debian 3.16.51-3+deb8u1 (2018-01-08)', machine='i686')
This log was begun Wednesday, 18 April 2018 at 07:29



INFO: read target account data; we're tracking 59 accounts
WARNING: no ProtocolError (got exception "name 'ProtocolError' is not defined");
 trying requests.packages.urllib3.exceptions instead
NOTE: successfully imported from requests
Starting up...
about to get all tweets newer than ID #984586337704644609 for account
@DanScavino
about to get all tweets newer than ID #982954315387195394 for account
@AmbJohnBolton
about to get all tweets newer than ID #983907190493908992 for account
@TomBossert45
ERROR: unable to get tweets for account @TomBossert45
           the system said: Failed to parse JSON payload: Expecting ':'
delimiter: line 1 column 606868 (char 606867)
about to get all tweets newer than ID #986407430706909185 for account
@SecretarySonny
getting all tweets before ID #963822404312227840
    ...400 tweets downloaded so far


New tweet from SecretarySonny: This morning at @USDA, we're hosting the kick-
off listening session to identify tools needed to expand broadband ac…
https://t.co/eKGHPjvGp1

archiving URL http://twitter.com/SecretarySonny/status/986597716116627456
    ... archiving using prefix http://web.archive.org/save/
about to get all tweets newer than ID #986408239481933824 for account
@SecretaryAcosta

archiving URL https://twitter.com/SecretarySonny/status/986597716116627456
    ... archiving using prefix http://web.archive.org/save/
ERROR: unable to get tweets for account @SecretaryAcosta
           the system said: Failed to parse JSON payload: Unterminated string
starting at: line 1 column 603723 (char 603722)
about to get all tweets newer than ID #986583087646724096 for account
@Scaramucci
ERROR: unable to get tweets for account @Scaramucci
           the system said: Failed to send request: ("Connection broken:
ConnectionResetError(104, 'Connection reset by peer')",
ConnectionResetError(104, 'Connection reset by peer'))
about to get all tweets newer than ID #986401915343908864 for account
@EnergyDepSec
about to get all tweets newer than ID #830074939298414592 for account
@RepTomPrice
about to get all tweets newer than ID #986296708089835520 for account @SBALinda
about to get all tweets newer than ID #986264945888198656 for account
@SecretaryCarson
ERROR: unable to get tweets for account @SecretaryCarson
           the system said: Failed to parse JSON payload: Expecting property
name enclosed in double quotes: line 1 column 624740 (char 624739)
about to get all tweets newer than ID #973198296897466368 for account
@Linda_McMahon
ERROR: unable to get tweets for account @Linda_McMahon
           the system said: Failed to parse JSON payload: Unterminated string
starting at: line 1 column 622767 (char 622766)
about to get all tweets newer than ID #836780744810844161 for account
@StephenMillerAL
about to get all tweets newer than ID #832282841471918080 for account
@BetsyDeVos
about to get all tweets newer than ID #824610180881117184 for account
@GovPenceIN
ERROR: unable to get tweets for account @GovPenceIN
           the system said: Failed to parse JSON payload: Unterminated string
starting at: line 1 column 604398 (char 604397)
about to get all tweets newer than ID #816846808789958656 for account
@SenDanCoats
about to get all tweets newer than ID #986416615003688960 for account
@BetsyDeVosED
about to get all tweets newer than ID #986395888422653952 for account
@IvankaTrump
ERROR: unable to get tweets for account @IvankaTrump
           the system said: Failed to parse JSON payload: Unterminated string
starting at: line 1 column 610252 (char 610251)
about to get all tweets newer than ID #985941813981798402 for account @FLOTUS
ERROR: unable to get tweets for account @FLOTUS
           the system said: Failed to parse JSON payload: Unterminated string
starting at: line 1 column 602875 (char 602874)
about to get all tweets newer than ID #986288533055983616 for account
@IvankaTrumpHQ
about to get all tweets newer than ID #-1 for account @ElaineChao
about to get all tweets newer than ID #986406732577591296 for account
@SecondLady
getting all tweets before ID #930964154508283904
    ...400 tweets downloaded so far


New tweet from SecondLady: When I first met Barbara Bush in 1988 as she
entertained spouses of congressional candidates at the @VP Residence,…
https://t.co/2oF1vXZqWQ

archiving URL http://twitter.com/SecondLady/status/986412228344721408
    ... archiving using prefix http://web.archive.org/save/
about to get all tweets newer than ID #986583106244227073 for account
@stevenmnuchin1

archiving URL https://twitter.com/SecondLady/status/986412228344721408
    ... archiving using prefix http://web.archive.org/save/
ERROR: unable to get tweets for account @stevenmnuchin1
           the system said: Failed to parse JSON payload: Expecting value: line
1 column 611708 (char 611707)
about to get all tweets newer than ID #986398186662191105 for account
@SecretaryPerry
about to get all tweets newer than ID #986323643117350912 for account
@MickMulvaneyOMB
about to get all tweets newer than ID #856041462164836355 for account
@FirstLadyIN
about to get all tweets newer than ID #985874235762634758 for account @Comey
about to get all tweets newer than ID #985886375290572800 for account
@StephGrisham45
about to get all tweets newer than ID #986399213494956032 for account
@EPAScottPruitt
about to get all tweets newer than ID #983500045436772353 for account
@RealBenCarson
about to get all tweets newer than ID #-1 for account @jaredkushner
about to get all tweets newer than ID #986419994136375296 for account
@statedeptspox
about to get all tweets newer than ID #986433391569629186 for account
@WhiteHouse
about to get all tweets newer than ID #903694300306923521 for account
@SecElaineChao
about to get all tweets newer than ID #986398023352758272 for account
@SpeakerRyan
getting all tweets before ID #974261868113092607
    ...400 tweets downloaded so far


New tweet from SpeakerRyan: The IRS is in dire need of a comprehensive
overhaul to restore a taxpayer-first focus. For years, its fell short of…
https://t.co/VRYD35G8Wx

archiving URL http://twitter.com/SpeakerRyan/status/986598793222217728
    ... archiving using prefix http://web.archive.org/save/
about to get all tweets newer than ID #986576502358671361 for account
@realDonaldTrump

archiving URL https://twitter.com/SpeakerRyan/status/986598793222217728
    ... archiving using prefix http://web.archive.org/save/
about to get all tweets newer than ID #890659905798983680 for account @Reince45
ERROR: unable to get tweets for account @Reince45
           the system said: Not authorized.
about to get all tweets newer than ID #982452105276481536 for account
@GovernorPerry
about to get all tweets newer than ID #978650205192044545 for account
@SecShulkin
about to get all tweets newer than ID #986374359697604608 for account
@SecNielsen
ERROR: unable to get tweets for account @SecNielsen
           the system said: Failed to parse JSON payload: Unterminated string
starting at: line 1 column 609257 (char 609256)
about to get all tweets newer than ID #986391668957089794 for account
@SecretaryZinke
about to get all tweets newer than ID #984774893953867776 for account @Cabinet
about to get all tweets newer than ID #983854772305448960 for account
@mike_pence
about to get all tweets newer than ID #986396094971154433 for account
@KellyannePolls
about to get all tweets newer than ID #986405933919162368 for account @SecAzar
about to get all tweets newer than ID #986590697544404992 for account
@seanspicer
about to get all tweets newer than ID #954801265732661248 for account
@MELANIATRUMP
ERROR: unable to get tweets for account @MELANIATRUMP
           the system said: Failed to parse JSON payload: Unterminated string
starting at: line 1 column 608311 (char 608310)
about to get all tweets newer than ID #986402310464077824 for account @Reince
ERROR: unable to get tweets for account @Reince
           the system said: Failed to parse JSON payload: Unterminated string
starting at: line 1 column 601570 (char 601569)
about to get all tweets newer than ID #963927915284062209 for account
@SecretaryRoss
about to get all tweets newer than ID #986437248798380033 for account @Scavino45
getting all tweets before ID #962881520229904383
    ...400 tweets downloaded so far


New tweet from Scavino45: RT @AbeShinzo:
フロリダに到着し、早速トランプ大統領との首脳会談に臨みました。今日は、大半を北朝鮮問題に費やし、非常に重要な点で認識を一致させることができました。
「日本のために最善となるようベストを尽くす」
トランプ大統領は、来る米朝首脳会談で拉致問題を取り上げ…

archiving URL http://twitter.com/Scavino45/status/986457138498334720
    ... archiving using prefix http://web.archive.org/save/
about to get all tweets newer than ID #986587528542212096 for account @POTUS

archiving URL https://twitter.com/Scavino45/status/986457138498334720
    ... archiving using prefix http://web.archive.org/save/
about to get all tweets newer than ID #986400531051577344 for account
@AshLeeStrong
about to get all tweets newer than ID #986397207178948609 for account @PressSec
about to get all tweets newer than ID #986369706742501376 for account
@DepSecHargan
about to get all tweets newer than ID #986046906672599043 for account
@nikkihaley
about to get all tweets newer than ID #816290296048873472 for account
@WilburRoss
about to get all tweets newer than ID #986348072040108032 for account @PRyan
about to get all tweets newer than ID #986560384516677632 for account
@JessicaDitto45
about to get all tweets newer than ID #913881045652688901 for account
@SecPriceMD
about to get all tweets newer than ID #986588303272153088 for account @VP
ERROR: unable to get tweets for account @VP
           the system said: Failed to parse JSON payload: Unterminated string
starting at: line 1 column 608262 (char 608261)
... OK, we're set up, and about to watch 620571475, 118756393,
866746592853979137, 842072478834909184, 819980276570976256, 24578794,
894923298374651904, 6577802, 819992522109894658, 828613457020870657, 65522706,
728361177986797568, 599530439, 15985455, 212262370, 828997388920619008,
52544275, 818876014390603776, 798195585824104449, 105267762, 822127086194348032,
 799764016885329921, 830128820447539208, 888031054141022209, 1923451808,
2334193741, 823638938590085124, 832672006113931269, 1180379185, 29547260,
1967216306, 822215673812119553, 826065858548133888, 18916432, 25073877,
803703725730779136, 18906561, 831482588246196225, 935148134505828353,
827258161841135623, 818928162449068032, 22203756, 471672239, 956283913835614208,
 20776147, 108471631, 20733972, 836305915452272641, 823367015830323201,
822215679726100480, 296060169, 818927131883356161, 920035992073064450, 37666984,
 809836066316451840, 733751245, 836724024688410625, 829782369670410240,
818910970567344128
