Hello, traveler. This is the beginning of a log file called: "Fascist Tweet Archiver".
Some basic system info about the host machine: posix.uname_result(sysname='Linux', nodename='file-server', release='3.16.0-5-686-pae', version='#1 SMP Debian 3.16.51-3+deb8u1 (2018-01-08)', machine='i686')
This log was begun Wednesday, 21 February 2018 at 08:01



INFO: read target account data; we're tracking 52 accounts
WARNING: no ProtocolError (got exception "name 'ProtocolError' is not defined");
 trying requests.packages.urllib3.exceptions instead
NOTE: successfully imported from requests
Starting up...
about to get all tweets newer than ID #836780744810844161 for account
@StephenMillerAL
about to get all tweets newer than ID #964902954967891968 for account @FLOTUS
about to get all tweets newer than ID #965235438230343680 for account
@GovernorPerry
about to get all tweets newer than ID #963902159531147264 for account
@BetsyDeVosED
about to get all tweets newer than ID #958090523364986887 for account
@MickMulvaneyOMB
about to get all tweets newer than ID #962184059052011522 for account @Reince
about to get all tweets newer than ID #965632567067201536 for account
@stevenmnuchin1
about to get all tweets newer than ID #966000144293548032 for account
@IvankaTrump
about to get all tweets newer than ID #966014824563052545 for account @POTUS
about to get all tweets newer than ID #964524657834647552 for account
@SecretaryCarson
about to get all tweets newer than ID #966295475010854912 for account
@SecretarySonny
about to get all tweets newer than ID #963927915284062209 for account
@SecretaryRoss
about to get all tweets newer than ID #966112494375841792 for account
@WhiteHouse
about to get all tweets newer than ID #-1 for account @ElaineChao
about to get all tweets newer than ID #966323857668952065 for account
@JessicaDitto45
about to get all tweets newer than ID #816290296048873472 for account
@WilburRoss
about to get all tweets newer than ID #830074939298414592 for account
@RepTomPrice
about to get all tweets newer than ID #966313229113876480 for account @VP
about to get all tweets newer than ID #965231014632132610 for account
@Linda_McMahon
about to get all tweets newer than ID #966091902813704192 for account
@seanspicer
about to get all tweets newer than ID #966109695999139842 for account
@AshLeeStrong
about to get all tweets newer than ID #966319239081746432 for account
@SecretaryZinke
about to get all tweets newer than ID #966013218471768087 for account @SBALinda
about to get all tweets newer than ID #816846808789958656 for account
@SenDanCoats
about to get all tweets newer than ID #966317319323561984 for account
@SecondLady
about to get all tweets newer than ID #913881045652688901 for account
@SecPriceMD
about to get all tweets newer than ID #856041462164836355 for account
@FirstLadyIN
about to get all tweets newer than ID #965618896454803456 for account
@EPAScottPruitt
about to get all tweets newer than ID #890659905798983680 for account @Reince45
about to get all tweets newer than ID #966314203106676737 for account
@Scaramucci
about to get all tweets newer than ID #965002523840008192 for account
@StephGrisham45
about to get all tweets newer than ID #-1 for account @jaredkushner
about to get all tweets newer than ID #898632795517403136 for account
@GeneralJFKellly
ERROR: unable to get tweets for account @GeneralJFKellly
           the system said: Not authorized.
about to get all tweets newer than ID #966321700588711936 for account
@realDonaldTrump
about to get all tweets newer than ID #964349912786681856 for account
@KellyannePolls
about to get all tweets newer than ID #966060936934187008 for account
@RealBenCarson
getting all tweets before ID #762448883725197311
    ...400 tweets downloaded so far


New tweet from RealBenCarson: Praise God for the life and influence of Billy
Graham who passed away last night. He was a man who boldly proclaime…
https://t.co/VV3a84fbjq
about to get all tweets newer than ID #963917729328746496 for account
@TomBossert45

archiving URL http://twitter.com/RealBenCarson/status/966325307337854976
    ... archiving using prefix http://web.archive.org/save/

archiving URL https://twitter.com/RealBenCarson/status/966325307337854976
    ... archiving using prefix http://web.archive.org/save/


New tweet from RealBenCarson: One of the greatest privileges of my life was to
 speak at one of his rallies and to personally experience his chari…
https://t.co/1uyC4mnFLn

archiving URL http://twitter.com/RealBenCarson/status/966325343110955009
    ... archiving using prefix http://web.archive.org/save/

archiving URL https://twitter.com/RealBenCarson/status/966325343110955009
    ... archiving using prefix http://web.archive.org/save/
about to get all tweets newer than ID #959613255206555648 for account
@DanScavino
about to get all tweets newer than ID #954801265732661248 for account
@MELANIATRUMP
about to get all tweets newer than ID #965988363470811136 for account @PressSec
about to get all tweets newer than ID #963899156300488704 for account
@IvankaTrumpHQ
about to get all tweets newer than ID #965069215509237760 for account
@mike_pence
about to get all tweets newer than ID #966078871224414208 for account
@nikkihaley
about to get all tweets newer than ID #824610180881117184 for account
@GovPenceIN
about to get all tweets newer than ID #832282841471918080 for account
@BetsyDeVos
about to get all tweets newer than ID #966053269163466753 for account @Scavino45
about to get all tweets newer than ID #966308847194464256 for account
@SecretaryPerry
about to get all tweets newer than ID #966085093503782914 for account
@SpeakerRyan
about to get all tweets newer than ID #965643859408621568 for account
@SecretaryAcosta
about to get all tweets newer than ID #903694300306923521 for account
@SecElaineChao
about to get all tweets newer than ID #966311976652738561 for account
@SecShulkin
about to get all tweets newer than ID #964531082665193472 for account @PRyan
... OK, we're set up, and about to watch 728361177986797568, 818876014390603776,
 18906561, 828997388920619008, 888031054141022209, 20733972, 799764016885329921,
 52544275, 822215679726100480, 828613457020870657, 842072478834909184,
836305915452272641, 822215673812119553, 105267762, 836724024688410625,
809836066316451840, 6577802, 818910970567344128, 65522706, 20776147, 296060169,
827258161841135623, 819992522109894658, 212262370, 822127086194348032,
829782369670410240, 1923451808, 832672006113931269, 803703725730779136,
24578794, 823638938590085124, 29547260, 892173412818354177, 25073877, 471672239,
 1180379185, 866746592853979137, 620571475, 108471631, 818927131883356161,
798195585824104449, 22203756, 37666984, 15985455, 599530439, 823367015830323201,
 830128820447539208, 18916432, 819980276570976256, 826065858548133888,
831482588246196225, 733751245
