Hello, traveler. This is the beginning of a log file called: "Fascist Tweet Archiver".
Some basic system info about the host machine: posix.uname_result(sysname='Linux', nodename='file-server', release='3.16.0-5-686-pae', version='#1 SMP Debian 3.16.51-3+deb8u1 (2018-01-08)', machine='i686')
This log was begun Tuesday, 30 January 2018 at 07:33



INFO: read target account data; we're tracking 52 accounts
WARNING: no ProtocolError (got exception "name 'ProtocolError' is not defined");
 trying requests.packages.urllib3.exceptions instead
NOTE: successfully imported from requests
Starting up...
about to get all tweets newer than ID #958070403901124609 for account
@realDonaldTrump
about to get all tweets newer than ID #958140203440336896 for account @PRyan
about to get all tweets newer than ID #898401955847876608 for account
@Linda_McMahon
about to get all tweets newer than ID #958057877960261632 for account
@EPAScottPruitt
ERROR: unable to get tweets for account @EPAScottPruitt
           the system said: Failed to parse JSON payload: Unterminated string
starting at: line 1 column 510586 (char 510585)
about to get all tweets newer than ID #890659905798983680 for account @Reince45
about to get all tweets newer than ID #930982584649175047 for account
@mike_pence
about to get all tweets newer than ID #955254388423118849 for account
@GovernorPerry
about to get all tweets newer than ID #958346683842289664 for account
@WhiteHouse
getting all tweets before ID #951592813673828352
    ...400 tweets downloaded so far


New tweet from WhiteHouse: RT @PressSec: The Trump Effect on the economy
continues. More great news for American workers. https://t.co/EWen0Vi98e

archiving URL http://twitter.com/WhiteHouse/status/958346869322780673
    ... archiving using prefix http://web.archive.org/save/
about to get all tweets newer than ID #-1 for account @ElaineChao
about to get all tweets newer than ID #958155995037011968 for account
@StephGrisham45

archiving URL https://twitter.com/WhiteHouse/status/958346869322780673
    ... archiving using prefix http://web.archive.org/save/
ERROR: unable to get tweets for account @StephGrisham45
           the system said: Failed to parse JSON payload: Unterminated string
starting at: line 1 column 508531 (char 508530)
about to get all tweets newer than ID #953073831534612480 for account
@SecretaryRoss
about to get all tweets newer than ID #958097258683207681 for account
@IvankaTrump
about to get all tweets newer than ID #956905287704772608 for account
@BetsyDeVosED
about to get all tweets newer than ID #954948632666693632 for account
@DanScavino
ERROR: unable to get tweets for account @DanScavino
           the system said: Failed to parse JSON payload: Unterminated string
starting at: line 1 column 510759 (char 510758)
about to get all tweets newer than ID #830074939298414592 for account
@RepTomPrice
about to get all tweets newer than ID #958174986467987458 for account
@Scaramucci
about to get all tweets newer than ID #903694300306923521 for account
@SecElaineChao
about to get all tweets newer than ID #958172116284792832 for account
@KellyannePolls
ERROR: unable to get tweets for account @KellyannePolls
           the system said: Failed to parse JSON payload: Unterminated string
starting at: line 1 column 504545 (char 504544)
about to get all tweets newer than ID #824610180881117184 for account
@GovPenceIN
ERROR: unable to get tweets for account @GovPenceIN
           the system said: Failed to parse JSON payload: Unterminated string
starting at: line 1 column 283462 (char 283461)
about to get all tweets newer than ID #957383382358528001 for account
@TomBossert45
about to get all tweets newer than ID #958070722554982403 for account @POTUS
ERROR: unable to get tweets for account @POTUS
           the system said: Failed to parse JSON payload: Expecting ','
delimiter: line 1 column 501659 (char 501658)
about to get all tweets newer than ID #958078963775102976 for account
@SecretaryPerry
about to get all tweets newer than ID #958069379639513089 for account
@SecondLady
ERROR: unable to get tweets for account @SecondLady
           the system said: Failed to parse JSON payload: Unterminated string
starting at: line 1 column 504512 (char 504511)
about to get all tweets newer than ID #958345582916943877 for account @PressSec
about to get all tweets newer than ID #954801265732661248 for account
@MELANIATRUMP
about to get all tweets newer than ID #958099815111581696 for account
@SecretaryZinke
about to get all tweets newer than ID #958169916493922304 for account
@JessicaDitto45
about to get all tweets newer than ID #957990002557931520 for account
@SecShulkin
about to get all tweets newer than ID #-1 for account @jaredkushner
about to get all tweets newer than ID #958338466626048001 for account @SBALinda
about to get all tweets newer than ID #958331509496303616 for account
@SecretarySonny
about to get all tweets newer than ID #958118563843334144 for account
@IvankaTrumpHQ
about to get all tweets newer than ID #958321128472227840 for account
@AshLeeStrong
getting all tweets before ID #950752472347312127
    ...400 tweets downloaded so far


New tweet from AshLeeStrong: Okay, I’ll bite. “To stare at him”? LOL.
Embarrassing headline. https://t.co/eFkBDhgssj

archiving URL http://twitter.com/AshLeeStrong/status/958350679885697029
    ... archiving using prefix http://web.archive.org/save/
about to get all tweets newer than ID #955492025830387714 for account @Reince

archiving URL https://twitter.com/AshLeeStrong/status/958350679885697029
    ... archiving using prefix http://web.archive.org/save/
about to get all tweets newer than ID #913881045652688901 for account
@SecPriceMD


New tweet from AshLeeStrong: And went on to fully defend Mueller’s review.
https://t.co/hFMfgjitDr

archiving URL http://twitter.com/AshLeeStrong/status/958351084346597377
    ... archiving using prefix http://web.archive.org/save/

archiving URL https://twitter.com/AshLeeStrong/status/958351084346597377
    ... archiving using prefix http://web.archive.org/save/
about to get all tweets newer than ID #957736917642235909 for account
@RealBenCarson


New tweet from AshLeeStrong: Folks, stakeout might start early. You’re warned!

archiving URL http://twitter.com/AshLeeStrong/status/958352020137750533
    ... archiving using prefix http://web.archive.org/save/

archiving URL https://twitter.com/AshLeeStrong/status/958352020137750533
    ... archiving using prefix http://web.archive.org/save/
about to get all tweets newer than ID #956608918033231872 for account
@SecretaryCarson
ERROR: unable to get tweets for account @SecretaryCarson
           the system said: Failed to parse JSON payload: Unterminated string
starting at: line 1 column 505993 (char 505992)
about to get all tweets newer than ID #898632795517403136 for account
@GeneralJFKellly
ERROR: unable to get tweets for account @GeneralJFKellly
           the system said: Not authorized.
about to get all tweets newer than ID #836780744810844161 for account
@StephenMillerAL
about to get all tweets newer than ID #832282841471918080 for account
@BetsyDeVos
about to get all tweets newer than ID #958128806606376966 for account @VP
getting all tweets before ID #948586475746185215
    ...400 tweets downloaded so far


New tweet from VP: I am disappointed that tonight, 46 Senators voted against a
 motion that would have respected the majority of Americ…
https://t.co/eIOYHETUAk

archiving URL http://twitter.com/VP/status/958129056142196737
    ... archiving using prefix http://web.archive.org/save/
about to get all tweets newer than ID #957376877420859393 for account
@stevenmnuchin1

archiving URL https://twitter.com/VP/status/958129056142196737
    ... archiving using prefix http://web.archive.org/save/
about to get all tweets newer than ID #958090523364986887 for account
@MickMulvaneyOMB
about to get all tweets newer than ID #856041462164836355 for account
@FirstLadyIN
ERROR: unable to get tweets for account @FirstLadyIN
           the system said: Failed to parse JSON payload: Unterminated string
starting at: line 1 column 504055 (char 504054)
about to get all tweets newer than ID #957297411876995072 for account @FLOTUS
about to get all tweets newer than ID #958152964694212608 for account
@nikkihaley
about to get all tweets newer than ID #816846808789958656 for account
@SenDanCoats
about to get all tweets newer than ID #958174941563768833 for account
@seanspicer
getting all tweets before ID #941512154901073921
    ...400 tweets downloaded so far


New tweet from seanspicer: More “crumbs” right @NancyPelosi ? Exxon Mobil to
invest $50 billion in US over 5 years, citing tax reform…
https://t.co/q5cLrC0HkQ

archiving URL http://twitter.com/seanspicer/status/958351758182572033
    ... archiving using prefix http://web.archive.org/save/
about to get all tweets newer than ID #958170497883176961 for account @Scavino45

archiving URL https://twitter.com/seanspicer/status/958351758182572033
    ... archiving using prefix http://web.archive.org/save/
ERROR: unable to get tweets for account @Scavino45
           the system said: Failed to parse JSON payload: Unterminated string
starting at: line 1 column 504044 (char 504043)
about to get all tweets newer than ID #816290296048873472 for account
@WilburRoss
about to get all tweets newer than ID #958345242423578625 for account
@SpeakerRyan
getting all tweets before ID #951484693769342977
    ...400 tweets downloaded so far


New tweet from SpeakerRyan: Today ↴
→ An important vote in the House to fund
our men and women in uniform
→ More good news for hardworking Amer…
https://t.co/f4mrroTLpF
about to get all tweets newer than ID #958155581684142080 for account
@SecretaryAcosta

archiving URL http://twitter.com/SpeakerRyan/status/958353413095518209
    ... archiving using prefix http://web.archive.org/save/

archiving URL https://twitter.com/SpeakerRyan/status/958353413095518209
    ... archiving using prefix http://web.archive.org/save/
ERROR: unable to get tweets for account @SecretaryAcosta
           the system said: Failed to parse JSON payload: Unterminated string
starting at: line 1 column 503082 (char 503081)
... OK, we're set up, and about to watch 25073877, 733751245, 65522706,
832672006113931269, 803703725730779136, 22203756, 18906561, 822215673812119553,
105267762, 823638938590085124, 836305915452272641, 52544275, 828997388920619008,
 620571475, 6577802, 24578794, 826065858548133888, 471672239, 15985455,
866746592853979137, 822215679726100480, 830128820447539208, 822127086194348032,
818927131883356161, 108471631, 827258161841135623, 836724024688410625,
831482588246196225, 29547260, 819992522109894658, 842072478834909184,
798195585824104449, 296060169, 20733972, 829782369670410240, 1180379185,
828613457020870657, 892173412818354177, 728361177986797568, 599530439,
818910970567344128, 799764016885329921, 888031054141022209, 1923451808,
818876014390603776, 37666984, 212262370, 20776147, 823367015830323201,
809836066316451840, 18916432, 819980276570976256


New tweet from WhiteHouse: "Growth is back, and millions of Americans are
personally reaping the benefits." Read more from the Director of the…
https://t.co/hdrr7hFxSJ

archiving URL http://twitter.com/WhiteHouse/status/958355130121846785
    ... archiving using prefix http://web.archive.org/save/

archiving URL https://twitter.com/WhiteHouse/status/958355130121846785
    ... archiving using prefix http://web.archive.org/save/


New tweet from seanspicer: Do they have anyone responding to the State of the
Uniom? https://t.co/8Nn7UUsZaj

archiving URL http://twitter.com/seanspicer/status/958355741718515712
    ... archiving using prefix http://web.archive.org/save/

archiving URL https://twitter.com/seanspicer/status/958355741718515712
    ... archiving using prefix http://web.archive.org/save/


New tweet from seanspicer: Headed to NY this morning to meet with @BNbuzz.
Excited to discuss my upcoming book, #TheBriefing, with them!  
Pre…
https://t.co/iQCnvdcgkW

archiving URL http://twitter.com/seanspicer/status/958357430127165440
    ... archiving using prefix http://web.archive.org/save/

archiving URL https://twitter.com/seanspicer/status/958357430127165440
    ... archiving using prefix http://web.archive.org/save/


New tweet from AshLeeStrong: Look forward to the stories that Senate Democrats
 are blocking the defense spending bill to give our troops the res…
https://t.co/IbRRjeghwt

archiving URL http://twitter.com/AshLeeStrong/status/958357748072243203
    ... archiving using prefix http://web.archive.org/save/


New tweet from seanspicer: The “crumbs” of @potus @realDonaldTrump
#TaxCutsandJobsAct strikes again https://t.co/1enZtImEEq

archiving URL http://twitter.com/seanspicer/status/958357761418518533
    ... archiving using prefix http://web.archive.org/save/

archiving URL https://twitter.com/seanspicer/status/958357761418518533
    ... archiving using prefix http://web.archive.org/save/


New tweet from SpeakerRyan: Today, the House will vote for the 3rd time to
fund the @DeptofDefense and equip our service members with the resou…
https://t.co/gSQ6yJJemN

archiving URL http://twitter.com/SpeakerRyan/status/958357894004551681
    ... archiving using prefix http://web.archive.org/save/

archiving URL https://twitter.com/AshLeeStrong/status/958357748072243203
    ... archiving using prefix http://web.archive.org/save/

archiving URL https://twitter.com/SpeakerRyan/status/958357894004551681
    ... archiving using prefix http://web.archive.org/save/


New tweet from VP: .@POTUS &amp; @FLOTUS are welcoming several great Americans
 to tonight’s #SOTU address. Learn more &amp; watch the SOTU at…
https://t.co/meclawPxsz

archiving URL http://twitter.com/VP/status/958364537237000193
    ... archiving using prefix http://web.archive.org/save/

archiving URL https://twitter.com/VP/status/958364537237000193
    ... archiving using prefix http://web.archive.org/save/


New tweet from StephGrisham45: RT @VP: .@POTUS &amp; @FLOTUS are welcoming
several great Americans to tonight’s #SOTU address. Learn more &amp; watch the
SOTU at 9:10 PM as the P…

archiving URL http://twitter.com/StephGrisham45/status/958364871137153024
    ... archiving using prefix http://web.archive.org/save/

archiving URL https://twitter.com/StephGrisham45/status/958364871137153024
    ... archiving using prefix http://web.archive.org/save/
WARNING: received error ('Connection broken: IncompleteRead(0 bytes read, 512
more expected)', IncompleteRead(0 bytes read, 512 more expected)); sleeping and
trying again ...
WARNING: received error HTTPSConnectionPool(host='stream.twitter.com',
port=443): Read timed out.; sleeping and trying again ...


New tweet from PRyan: Pfantastic news! https://t.co/vYScqmpEIR

archiving URL http://twitter.com/PRyan/status/958375504184143872
    ... archiving using prefix http://web.archive.org/save/

archiving URL https://twitter.com/PRyan/status/958375504184143872
    ... archiving using prefix http://web.archive.org/save/


New tweet from PressSec: Great op-ed by @repdavidkustoff on the State of the
Union. https://t.co/rt8MnMmjfJ

archiving URL http://twitter.com/PressSec/status/958375644060160001
    ... archiving using prefix http://web.archive.org/save/

archiving URL https://twitter.com/PressSec/status/958375644060160001
    ... archiving using prefix http://web.archive.org/save/


New tweet from SpeakerRyan: RT @foxandfriends: WATCH: @ainsleyearhardt tours
the U.S. Capitol with @SpeakerRyan https://t.co/foVNRPDATR

archiving URL http://twitter.com/SpeakerRyan/status/958378445809037312
    ... archiving using prefix http://web.archive.org/save/

archiving URL https://twitter.com/SpeakerRyan/status/958378445809037312
    ... archiving using prefix http://web.archive.org/save/


New tweet from SBALinda: Did you know #SmallBiz owners and siblings Steve
Staub &amp; Sandy Kepingler are guests of @POTUS and @FLOTUS at the…
https://t.co/Z6FqslZAHs

archiving URL http://twitter.com/SBALinda/status/958381317841997825
    ... archiving using prefix http://web.archive.org/save/

archiving URL https://twitter.com/SBALinda/status/958381317841997825
    ... archiving using prefix http://web.archive.org/save/
WARNING: received error HTTPSConnectionPool(host='stream.twitter.com',
port=443): Read timed out.; sleeping and trying again ...
