Hello, traveler. This is the beginning of a log file called: "Fascist Tweet Archiver".
Some basic system info about the host machine: posix.uname_result(sysname='Linux', nodename='file-server', release='3.16.0-4-686-pae', version='#1 SMP Debian 3.16.51-3 (2017-12-13)', machine='i686')
This log was begun Saturday, 06 January 2018 at 05:34



INFO: read target account data; we're tracking 52 accounts
WARNING: no ProtocolError (got exception "name 'ProtocolError' is not defined");
 trying requests.packages.urllib3.exceptions instead
NOTE: successfully imported from requests
Starting up...
about to get all tweets newer than ID #949383549521747968 for account
@SecShulkin
about to get all tweets newer than ID #898401955847876608 for account
@Linda_McMahon
about to get all tweets newer than ID #948795678020513792 for account
@TomBossert45
about to get all tweets newer than ID #867385249340297217 for account
@RealBenCarson
about to get all tweets newer than ID #949389675227164672 for account
@KellyannePolls
about to get all tweets newer than ID #816846808789958656 for account
@SenDanCoats
about to get all tweets newer than ID #943545231244439555 for account
@SecretaryCarson
about to get all tweets newer than ID #949287422575239169 for account
@SecretaryAcosta
about to get all tweets newer than ID #836780744810844161 for account
@StephenMillerAL
about to get all tweets newer than ID #816290296048873472 for account
@WilburRoss
about to get all tweets newer than ID #856041462164836355 for account
@FirstLadyIN
about to get all tweets newer than ID #-1 for account @jaredkushner
about to get all tweets newer than ID #949298602035372033 for account @SBALinda
about to get all tweets newer than ID #949036189876674562 for account
@SecretarySonny
about to get all tweets newer than ID #949106760878645248 for account
@SecondLady
about to get all tweets newer than ID #943545273489510400 for account
@MickMulvaneyOMB
about to get all tweets newer than ID #949328346407735296 for account
@stevenmnuchin1
about to get all tweets newer than ID #947883338055987201 for account
@BetsyDeVosED
about to get all tweets newer than ID #941074527592812545 for account
@SecretaryRoss
about to get all tweets newer than ID #948983878215139328 for account
@SecretaryPerry
about to get all tweets newer than ID #-1 for account @ElaineChao
about to get all tweets newer than ID #949458233961406465 for account
@WhiteHouse
about to get all tweets newer than ID #949023248456540160 for account
@EPAScottPruitt
about to get all tweets newer than ID #947908805618257920 for account @FLOTUS
about to get all tweets newer than ID #949396181918117888 for account
@IvankaTrump
about to get all tweets newer than ID #913881045652688901 for account
@SecPriceMD
about to get all tweets newer than ID #949619270631256064 for account
@realDonaldTrump
about to get all tweets newer than ID #949408096631361538 for account
@nikkihaley
about to get all tweets newer than ID #949071184259411968 for account @POTUS
about to get all tweets newer than ID #949468872951975937 for account
@SpeakerRyan
about to get all tweets newer than ID #949469853852848128 for account @VP
about to get all tweets newer than ID #949477254354145280 for account @PressSec
about to get all tweets newer than ID #903694300306923521 for account
@SecElaineChao
about to get all tweets newer than ID #949396632675766273 for account
@JessicaDitto45
about to get all tweets newer than ID #795981284761894912 for account
@MELANIATRUMP
about to get all tweets newer than ID #890659905798983680 for account @Reince45
about to get all tweets newer than ID #898632795517403136 for account
@GeneralJFKellly
ERROR: unable to get tweets for account @GeneralJFKellly
           the system said: Not authorized.
about to get all tweets newer than ID #943908455793823744 for account @Reince
about to get all tweets newer than ID #948992631308156928 for account
@IvankaTrumpHQ
about to get all tweets newer than ID #947851229719355392 for account
@GovernorPerry
about to get all tweets newer than ID #949519165467054080 for account
@Scaramucci
about to get all tweets newer than ID #949373721910939648 for account
@AshLeeStrong
about to get all tweets newer than ID #949433330956668929 for account @PRyan
about to get all tweets newer than ID #948746483792310272 for account
@DanScavino
about to get all tweets newer than ID #824610180881117184 for account
@GovPenceIN
about to get all tweets newer than ID #832282841471918080 for account
@BetsyDeVos
about to get all tweets newer than ID #949434499456229376 for account
@seanspicer
about to get all tweets newer than ID #948747150422413312 for account @Scavino45
about to get all tweets newer than ID #830074939298414592 for account
@RepTomPrice
about to get all tweets newer than ID #948930535153373184 for account
@StephGrisham45
about to get all tweets newer than ID #930982584649175047 for account
@mike_pence
about to get all tweets newer than ID #949015727427719175 for account
@SecretaryZinke
... OK, we're set up, and about to watch 831482588246196225, 65522706,
866746592853979137, 1180379185, 471672239, 212262370, 828613457020870657,
819980276570976256, 728361177986797568, 809836066316451840, 1923451808,
29547260, 819992522109894658, 842072478834909184, 822127086194348032,
888031054141022209, 799764016885329921, 828997388920619008, 836305915452272641,
830128820447539208, 105267762, 822215673812119553, 832672006113931269,
818876014390603776, 52544275, 829782369670410240, 25073877, 37666984,
822215679726100480, 18916432, 818910970567344128, 818927131883356161,
826065858548133888, 836724024688410625, 108471631, 803703725730779136,
892173412818354177, 20733972, 798195585824104449, 18906561, 24578794, 296060169,
 733751245, 620571475, 15985455, 599530439, 20776147, 823367015830323201,
6577802, 823638938590085124, 22203756, 827258161841135623
