Hello, traveler. This is the beginning of a log file called: "Fascist Tweet Archiver".
Some basic system info about the host machine: posix.uname_result(sysname='Linux', nodename='file-server', release='3.16.0-6-686-pae', version='#1 SMP Debian 3.16.57-2 (2018-07-14)', machine='i686')
This log was begun Wednesday, 19 September 2018 at 15:41



INFO: read target account data; we're tracking 59 accounts
WARNING: no ProtocolError (got exception "name 'ProtocolError' is not defined");
 trying requests.packages.urllib3.exceptions instead
NOTE: successfully imported from requests
Starting up...
about to get all tweets newer than ID #1039522508561625089 for account
@stevenmnuchin1
ERROR: unable to get tweets for account @stevenmnuchin1
           the system said: Failed to send request:
HTTPSConnectionPool(host='api.twitter.com', port=443): Max retries exceeded with
 url: /1.1/statuses/user_timeline.json?screen_name=stevenmnuchin1&count=200
(Caused by NewConnectionError('<requests.packages.urllib3.connection.VerifiedHTT
PSConnection object at 0xb66bd5ac>: Failed to establish a new connection: [Errno
 -2] Name or service not known',))
about to get all tweets newer than ID #1042156432521678851 for account
@SecretaryAcosta
ERROR: unable to get tweets for account @SecretaryAcosta
           the system said: Failed to send request:
HTTPSConnectionPool(host='api.twitter.com', port=443): Max retries exceeded with
 url: /1.1/statuses/user_timeline.json?screen_name=SecretaryAcosta&count=200
(Caused by NewConnectionError('<requests.packages.urllib3.connection.VerifiedHTT
PSConnection object at 0xb6692f6c>: Failed to establish a new connection: [Errno
 -2] Name or service not known',))
about to get all tweets newer than ID #890659905798983680 for account @Reince45
ERROR: unable to get tweets for account @Reince45
           the system said: Failed to send request:
HTTPSConnectionPool(host='api.twitter.com', port=443): Max retries exceeded with
 url: /1.1/statuses/user_timeline.json?screen_name=Reince45&count=200 (Caused by
 NewConnectionError('<requests.packages.urllib3.connection.VerifiedHTTPSConnecti
on object at 0xb669212c>: Failed to establish a new connection: [Errno -2] Name
or service not known',))
about to get all tweets newer than ID #1042180573895249920 for account
@DepSecHargan
ERROR: unable to get tweets for account @DepSecHargan
           the system said: Failed to send request:
HTTPSConnectionPool(host='api.twitter.com', port=443): Max retries exceeded with
 url: /1.1/statuses/user_timeline.json?screen_name=DepSecHargan&count=200
(Caused by NewConnectionError('<requests.packages.urllib3.connection.VerifiedHTT
PSConnection object at 0xb669524c>: Failed to establish a new connection: [Errno
 -2] Name or service not known',))
about to get all tweets newer than ID #1042188348637499392 for account
@SecondLady
ERROR: unable to get tweets for account @SecondLady
           the system said: Failed to send request:
HTTPSConnectionPool(host='api.twitter.com', port=443): Max retries exceeded with
 url: /1.1/statuses/user_timeline.json?screen_name=SecondLady&count=200 (Caused
by NewConnectionError('<requests.packages.urllib3.connection.VerifiedHTTPSConnec
tion object at 0xb669db8c>: Failed to establish a new connection: [Errno -2]
Name or service not known',))
about to get all tweets newer than ID #1042197667307237376 for account @PressSec
ERROR: unable to get tweets for account @PressSec
           the system said: Failed to send request:
HTTPSConnectionPool(host='api.twitter.com', port=443): Max retries exceeded with
 url: /1.1/statuses/user_timeline.json?screen_name=PressSec&count=200 (Caused by
 NewConnectionError('<requests.packages.urllib3.connection.VerifiedHTTPSConnecti
on object at 0xb66971cc>: Failed to establish a new connection: [Errno -2] Name
or service not known',))
about to get all tweets newer than ID #1039603577264775170 for account @PRyan
ERROR: unable to get tweets for account @PRyan
           the system said: Failed to send request:
HTTPSConnectionPool(host='api.twitter.com', port=443): Max retries exceeded with
 url: /1.1/statuses/user_timeline.json?screen_name=PRyan&count=200 (Caused by Ne
wConnectionError('<requests.packages.urllib3.connection.VerifiedHTTPSConnection
object at 0xb6692f8c>: Failed to establish a new connection: [Errno -2] Name or
service not known',))
about to get all tweets newer than ID #1039495977747410945 for account
@GovernorPerry
ERROR: unable to get tweets for account @GovernorPerry
           the system said: Failed to send request:
HTTPSConnectionPool(host='api.twitter.com', port=443): Max retries exceeded with
 url: /1.1/statuses/user_timeline.json?screen_name=GovernorPerry&count=200
(Caused by NewConnectionError('<requests.packages.urllib3.connection.VerifiedHTT
PSConnection object at 0xb669228c>: Failed to establish a new connection: [Errno
 -2] Name or service not known',))
about to get all tweets newer than ID #1042163991450214400 for account
@SecretarySonny
ERROR: unable to get tweets for account @SecretarySonny
           the system said: Failed to send request:
HTTPSConnectionPool(host='api.twitter.com', port=443): Max retries exceeded with
 url: /1.1/statuses/user_timeline.json?screen_name=SecretarySonny&count=200
(Caused by NewConnectionError('<requests.packages.urllib3.connection.VerifiedHTT
PSConnection object at 0xb6697f8c>: Failed to establish a new connection: [Errno
 -2] Name or service not known',))
about to get all tweets newer than ID #-1 for account @jaredkushner
ERROR: unable to get tweets for account @jaredkushner
           the system said: Failed to send request:
HTTPSConnectionPool(host='api.twitter.com', port=443): Max retries exceeded with
 url: /1.1/statuses/user_timeline.json?screen_name=jaredkushner&count=200
(Caused by NewConnectionError('<requests.packages.urllib3.connection.VerifiedHTT
PSConnection object at 0xb66a5e2c>: Failed to establish a new connection: [Errno
 -2] Name or service not known',))
about to get all tweets newer than ID #1014519079284199424 for account
@EPAScottPruitt
ERROR: unable to get tweets for account @EPAScottPruitt
           the system said: Failed to send request:
HTTPSConnectionPool(host='api.twitter.com', port=443): Max retries exceeded with
 url: /1.1/statuses/user_timeline.json?screen_name=EPAScottPruitt&count=200
(Caused by NewConnectionError('<requests.packages.urllib3.connection.VerifiedHTT
PSConnection object at 0xb669528c>: Failed to establish a new connection: [Errno
 -2] Name or service not known',))
about to get all tweets newer than ID #1042169433052143619 for account
@SecretaryPerry
ERROR: unable to get tweets for account @SecretaryPerry
           the system said: Failed to send request:
HTTPSConnectionPool(host='api.twitter.com', port=443): Max retries exceeded with
 url: /1.1/statuses/user_timeline.json?screen_name=SecretaryPerry&count=200
(Caused by NewConnectionError('<requests.packages.urllib3.connection.VerifiedHTT
PSConnection object at 0xb66972ec>: Failed to establish a new connection: [Errno
 -2] Name or service not known',))
about to get all tweets newer than ID #913881045652688901 for account
@SecPriceMD
ERROR: unable to get tweets for account @SecPriceMD
           the system said: Failed to send request:
HTTPSConnectionPool(host='api.twitter.com', port=443): Max retries exceeded with
 url: /1.1/statuses/user_timeline.json?screen_name=SecPriceMD&count=200 (Caused
by NewConnectionError('<requests.packages.urllib3.connection.VerifiedHTTPSConnec
tion object at 0xb66a4fac>: Failed to establish a new connection: [Errno -2]
Name or service not known',))
about to get all tweets newer than ID #1042176157968465920 for account @SecAzar
ERROR: unable to get tweets for account @SecAzar
           the system said: Failed to send request:
HTTPSConnectionPool(host='api.twitter.com', port=443): Max retries exceeded with
 url: /1.1/statuses/user_timeline.json?screen_name=SecAzar&count=200 (Caused by
NewConnectionError('<requests.packages.urllib3.connection.VerifiedHTTPSConnectio
n object at 0xb66bd92c>: Failed to establish a new connection: [Errno -2] Name
or service not known',))
about to get all tweets newer than ID #1042150237933056000 for account
@StephGrisham45
ERROR: unable to get tweets for account @StephGrisham45
           the system said: Failed to send request:
HTTPSConnectionPool(host='api.twitter.com', port=443): Max retries exceeded with
 url: /1.1/statuses/user_timeline.json?screen_name=StephGrisham45&count=200
(Caused by NewConnectionError('<requests.packages.urllib3.connection.VerifiedHTT
PSConnection object at 0xb669d96c>: Failed to establish a new connection: [Errno
 -2] Name or service not known',))
about to get all tweets newer than ID #1041709200332804096 for account
@BetsyDeVosED
ERROR: unable to get tweets for account @BetsyDeVosED
           the system said: Failed to send request:
HTTPSConnectionPool(host='api.twitter.com', port=443): Max retries exceeded with
 url: /1.1/statuses/user_timeline.json?screen_name=BetsyDeVosED&count=200
(Caused by NewConnectionError('<requests.packages.urllib3.connection.VerifiedHTT
PSConnection object at 0xb6697bcc>: Failed to establish a new connection: [Errno
 -2] Name or service not known',))
about to get all tweets newer than ID #1041525387430289408 for account @Reince
ERROR: unable to get tweets for account @Reince
           the system said: Failed to send request:
HTTPSConnectionPool(host='api.twitter.com', port=443): Max retries exceeded with
 url: /1.1/statuses/user_timeline.json?screen_name=Reince&count=200 (Caused by N
ewConnectionError('<requests.packages.urllib3.connection.VerifiedHTTPSConnection
 object at 0xb66bdc6c>: Failed to establish a new connection: [Errno -2] Name or
 service not known',))
about to get all tweets newer than ID #832282841471918080 for account
@BetsyDeVos
ERROR: unable to get tweets for account @BetsyDeVos
           the system said: Failed to send request:
HTTPSConnectionPool(host='api.twitter.com', port=443): Max retries exceeded with
 url: /1.1/statuses/user_timeline.json?screen_name=BetsyDeVos&count=200 (Caused
by NewConnectionError('<requests.packages.urllib3.connection.VerifiedHTTPSConnec
tion object at 0xb669f12c>: Failed to establish a new connection: [Errno -2]
Name or service not known',))
about to get all tweets newer than ID #1042259729957965824 for account
@Scavino45
ERROR: unable to get tweets for account @Scavino45
           the system said: Failed to send request:
HTTPSConnectionPool(host='api.twitter.com', port=443): Max retries exceeded with
 url: /1.1/statuses/user_timeline.json?screen_name=Scavino45&count=200 (Caused
by NewConnectionError('<requests.packages.urllib3.connection.VerifiedHTTPSConnec
tion object at 0xb66bda0c>: Failed to establish a new connection: [Errno -2]
Name or service not known',))
about to get all tweets newer than ID #1042177110943694849 for account
@JessicaDitto45
ERROR: unable to get tweets for account @JessicaDitto45
           the system said: Failed to send request:
HTTPSConnectionPool(host='api.twitter.com', port=443): Max retries exceeded with
 url: /1.1/statuses/user_timeline.json?screen_name=JessicaDitto45&count=200
(Caused by NewConnectionError('<requests.packages.urllib3.connection.VerifiedHTT
PSConnection object at 0xb66a49ac>: Failed to establish a new connection: [Errno
 -2] Name or service not known',))
about to get all tweets newer than ID #1042197464617558018 for account @POTUS
ERROR: unable to get tweets for account @POTUS
           the system said: Failed to send request:
HTTPSConnectionPool(host='api.twitter.com', port=443): Max retries exceeded with
 url: /1.1/statuses/user_timeline.json?screen_name=POTUS&count=200 (Caused by Ne
wConnectionError('<requests.packages.urllib3.connection.VerifiedHTTPSConnection
object at 0xb66a30ac>: Failed to establish a new connection: [Errno -2] Name or
service not known',))
about to get all tweets newer than ID #-1 for account @ElaineChao
ERROR: unable to get tweets for account @ElaineChao
           the system said: Failed to send request:
HTTPSConnectionPool(host='api.twitter.com', port=443): Max retries exceeded with
 url: /1.1/statuses/user_timeline.json?screen_name=ElaineChao&count=200 (Caused
by NewConnectionError('<requests.packages.urllib3.connection.VerifiedHTTPSConnec
tion object at 0xb66ab96c>: Failed to establish a new connection: [Errno -2]
Name or service not known',))
about to get all tweets newer than ID #1042202816998268928 for account
@SecretaryZinke
ERROR: unable to get tweets for account @SecretaryZinke
           the system said: Failed to send request:
HTTPSConnectionPool(host='api.twitter.com', port=443): Max retries exceeded with
 url: /1.1/statuses/user_timeline.json?screen_name=SecretaryZinke&count=200
(Caused by NewConnectionError('<requests.packages.urllib3.connection.VerifiedHTT
PSConnection object at 0xb66a456c>: Failed to establish a new connection: [Errno
 -2] Name or service not known',))
about to get all tweets newer than ID #1041821601011040256 for account
@statedeptspox
ERROR: unable to get tweets for account @statedeptspox
           the system said: Failed to send request:
HTTPSConnectionPool(host='api.twitter.com', port=443): Max retries exceeded with
 url: /1.1/statuses/user_timeline.json?screen_name=statedeptspox&count=200
(Caused by NewConnectionError('<requests.packages.urllib3.connection.VerifiedHTT
PSConnection object at 0xb669f5ac>: Failed to establish a new connection: [Errno
 -2] Name or service not known',))
about to get all tweets newer than ID #903694300306923521 for account
@SecElaineChao
ERROR: unable to get tweets for account @SecElaineChao
           the system said: Failed to send request:
HTTPSConnectionPool(host='api.twitter.com', port=443): Max retries exceeded with
 url: /1.1/statuses/user_timeline.json?screen_name=SecElaineChao&count=200
(Caused by NewConnectionError('<requests.packages.urllib3.connection.VerifiedHTT
PSConnection object at 0xb66a40ec>: Failed to establish a new connection: [Errno
 -2] Name or service not known',))
about to get all tweets newer than ID #1042051852081278976 for account
@SecNielsen
ERROR: unable to get tweets for account @SecNielsen
           the system said: Failed to send request:
HTTPSConnectionPool(host='api.twitter.com', port=443): Max retries exceeded with
 url: /1.1/statuses/user_timeline.json?screen_name=SecNielsen&count=200 (Caused
by NewConnectionError('<requests.packages.urllib3.connection.VerifiedHTTPSConnec
tion object at 0xb66979cc>: Failed to establish a new connection: [Errno -2]
Name or service not known',))
about to get all tweets newer than ID #1042138650325250048 for account
@SpeakerRyan
ERROR: unable to get tweets for account @SpeakerRyan
           the system said: Failed to send request:
HTTPSConnectionPool(host='api.twitter.com', port=443): Max retries exceeded with
 url: /1.1/statuses/user_timeline.json?screen_name=SpeakerRyan&count=200 (Caused
 by NewConnectionError('<requests.packages.urllib3.connection.VerifiedHTTPSConne
ction object at 0xb6697a4c>: Failed to establish a new connection: [Errno -2]
Name or service not known',))
about to get all tweets newer than ID #1041831233163026432 for account
@mike_pence
ERROR: unable to get tweets for account @mike_pence
           the system said: Failed to send request:
HTTPSConnectionPool(host='api.twitter.com', port=443): Max retries exceeded with
 url: /1.1/statuses/user_timeline.json?screen_name=mike_pence&count=200 (Caused
by NewConnectionError('<requests.packages.urllib3.connection.VerifiedHTTPSConnec
tion object at 0xb66a558c>: Failed to establish a new connection: [Errno -2]
Name or service not known',))
about to get all tweets newer than ID #1042195206043516928 for account
@AmbJohnBolton
ERROR: unable to get tweets for account @AmbJohnBolton
           the system said: Failed to send request:
HTTPSConnectionPool(host='api.twitter.com', port=443): Max retries exceeded with
 url: /1.1/statuses/user_timeline.json?screen_name=AmbJohnBolton&count=200
(Caused by NewConnectionError('<requests.packages.urllib3.connection.VerifiedHTT
PSConnection object at 0xb669d32c>: Failed to establish a new connection: [Errno
 -2] Name or service not known',))
about to get all tweets newer than ID #1042155157902028800 for account @SBALinda
