Hello, traveler. This is the beginning of a log file called: "Fascist Tweet Archiver".
Some basic system info about the host machine: posix.uname_result(sysname='Linux', nodename='file-server', release='3.16.0-6-686-pae', version='#1 SMP Debian 3.16.56-1+deb8u1 (2018-05-08)', machine='i686')
This log was begun Wednesday, 11 July 2018 at 05:02



INFO: read target account data; we're tracking 59 accounts
WARNING: no ProtocolError (got exception "name 'ProtocolError' is not defined");
 trying requests.packages.urllib3.exceptions instead
NOTE: successfully imported from requests
Starting up...
about to get all tweets newer than ID #1012690898516430849 for account
@stevenmnuchin1
ERROR: unable to get tweets for account @stevenmnuchin1
           the system said: Failed to send request:
HTTPSConnectionPool(host='api.twitter.com', port=443): Max retries exceeded with
 url: /1.1/statuses/user_timeline.json?screen_name=stevenmnuchin1&count=200
(Caused by NewConnectionError('<requests.packages.urllib3.connection.VerifiedHTT
PSConnection object at 0xb66965cc>: Failed to establish a new connection: [Errno
 -2] Name or service not known',))
about to get all tweets newer than ID #978650205192044545 for account
@SecShulkin
ERROR: unable to get tweets for account @SecShulkin
           the system said: Failed to send request:
HTTPSConnectionPool(host='api.twitter.com', port=443): Max retries exceeded with
 url: /1.1/statuses/user_timeline.json?screen_name=SecShulkin&count=200 (Caused
by NewConnectionError('<requests.packages.urllib3.connection.VerifiedHTTPSConnec
tion object at 0xb661df8c>: Failed to establish a new connection: [Errno -2]
Name or service not known',))
about to get all tweets newer than ID #890659905798983680 for account @Reince45
ERROR: unable to get tweets for account @Reince45
           the system said: Failed to send request:
HTTPSConnectionPool(host='api.twitter.com', port=443): Max retries exceeded with
 url: /1.1/statuses/user_timeline.json?screen_name=Reince45&count=200 (Caused by
 NewConnectionError('<requests.packages.urllib3.connection.VerifiedHTTPSConnecti
on object at 0xb661d7ec>: Failed to establish a new connection: [Errno -2] Name
or service not known',))
about to get all tweets newer than ID #1016704549225156614 for account
@DepSecHargan
ERROR: unable to get tweets for account @DepSecHargan
           the system said: Failed to send request:
HTTPSConnectionPool(host='api.twitter.com', port=443): Max retries exceeded with
 url: /1.1/statuses/user_timeline.json?screen_name=DepSecHargan&count=200
(Caused by NewConnectionError('<requests.packages.urllib3.connection.VerifiedHTT
PSConnection object at 0xb662926c>: Failed to establish a new connection: [Errno
 -2] Name or service not known',))
about to get all tweets newer than ID #1006582155357642753 for account
@AmbJohnBolton
ERROR: unable to get tweets for account @AmbJohnBolton
           the system said: Failed to send request:
HTTPSConnectionPool(host='api.twitter.com', port=443): Max retries exceeded with
 url: /1.1/statuses/user_timeline.json?screen_name=AmbJohnBolton&count=200
(Caused by NewConnectionError('<requests.packages.urllib3.connection.VerifiedHTT
PSConnection object at 0xb662bbac>: Failed to establish a new connection: [Errno
 -2] Name or service not known',))
about to get all tweets newer than ID #1015314429397827587 for account
@mike_pence
ERROR: unable to get tweets for account @mike_pence
           the system said: Failed to send request:
HTTPSConnectionPool(host='api.twitter.com', port=443): Max retries exceeded with
 url: /1.1/statuses/user_timeline.json?screen_name=mike_pence&count=200 (Caused
by NewConnectionError('<requests.packages.urllib3.connection.VerifiedHTTPSConnec
tion object at 0xb6622aec>: Failed to establish a new connection: [Errno -2]
Name or service not known',))
about to get all tweets newer than ID #1016757033071079424 for account
@realDonaldTrump
ERROR: unable to get tweets for account @realDonaldTrump
           the system said: Failed to send request:
HTTPSConnectionPool(host='api.twitter.com', port=443): Max retries exceeded with
 url: /1.1/statuses/user_timeline.json?screen_name=realDonaldTrump&count=200
(Caused by NewConnectionError('<requests.packages.urllib3.connection.VerifiedHTT
PSConnection object at 0xb661d8ac>: Failed to establish a new connection: [Errno
 -2] Name or service not known',))
about to get all tweets newer than ID #-1 for account @ElaineChao
ERROR: unable to get tweets for account @ElaineChao
           the system said: Failed to send request:
HTTPSConnectionPool(host='api.twitter.com', port=443): Max retries exceeded with
 url: /1.1/statuses/user_timeline.json?screen_name=ElaineChao&count=200 (Caused
by NewConnectionError('<requests.packages.urllib3.connection.VerifiedHTTPSConnec
tion object at 0xb661d04c>: Failed to establish a new connection: [Errno -2]
Name or service not known',))
about to get all tweets newer than ID #1016767389843771398 for account
@SecretaryCarson
ERROR: unable to get tweets for account @SecretaryCarson
           the system said: Failed to send request:
HTTPSConnectionPool(host='api.twitter.com', port=443): Max retries exceeded with
 url: /1.1/statuses/user_timeline.json?screen_name=SecretaryCarson&count=200
(Caused by NewConnectionError('<requests.packages.urllib3.connection.VerifiedHTT
PSConnection object at 0xb669682c>: Failed to establish a new connection: [Errno
 -2] Name or service not known',))
about to get all tweets newer than ID #1016515978862227456 for account
@Scavino45
ERROR: unable to get tweets for account @Scavino45
           the system said: Failed to send request:
HTTPSConnectionPool(host='api.twitter.com', port=443): Max retries exceeded with
 url: /1.1/statuses/user_timeline.json?screen_name=Scavino45&count=200 (Caused
by NewConnectionError('<requests.packages.urllib3.connection.VerifiedHTTPSConnec
tion object at 0xb6631e4c>: Failed to establish a new connection: [Errno -2]
Name or service not known',))
about to get all tweets newer than ID #1016527806883401728 for account @SecAzar
ERROR: unable to get tweets for account @SecAzar
           the system said: Failed to send request:
HTTPSConnectionPool(host='api.twitter.com', port=443): Max retries exceeded with
 url: /1.1/statuses/user_timeline.json?screen_name=SecAzar&count=200 (Caused by
NewConnectionError('<requests.packages.urllib3.connection.VerifiedHTTPSConnectio
n object at 0xb66293cc>: Failed to establish a new connection: [Errno -2] Name
or service not known',))
about to get all tweets newer than ID #1015013470906060801 for account @Comey
ERROR: unable to get tweets for account @Comey
           the system said: Failed to send request:
HTTPSConnectionPool(host='api.twitter.com', port=443): Max retries exceeded with
 url: /1.1/statuses/user_timeline.json?screen_name=Comey&count=200 (Caused by Ne
wConnectionError('<requests.packages.urllib3.connection.VerifiedHTTPSConnection
object at 0xb6622a8c>: Failed to establish a new connection: [Errno -2] Name or
service not known',))
about to get all tweets newer than ID #1016767148637683713 for account
@SecretaryZinke
ERROR: unable to get tweets for account @SecretaryZinke
           the system said: Failed to send request:
HTTPSConnectionPool(host='api.twitter.com', port=443): Max retries exceeded with
 url: /1.1/statuses/user_timeline.json?screen_name=SecretaryZinke&count=200
(Caused by NewConnectionError('<requests.packages.urllib3.connection.VerifiedHTT
PSConnection object at 0xb6630f8c>: Failed to establish a new connection: [Errno
 -2] Name or service not known',))
about to get all tweets newer than ID #1016753568911708160 for account
@SecretaryPerry
ERROR: unable to get tweets for account @SecretaryPerry
           the system said: Failed to send request:
HTTPSConnectionPool(host='api.twitter.com', port=443): Max retries exceeded with
 url: /1.1/statuses/user_timeline.json?screen_name=SecretaryPerry&count=200
(Caused by NewConnectionError('<requests.packages.urllib3.connection.VerifiedHTT
PSConnection object at 0xb6622d4c>: Failed to establish a new connection: [Errno
 -2] Name or service not known',))
about to get all tweets newer than ID #816846808789958656 for account
@SenDanCoats
ERROR: unable to get tweets for account @SenDanCoats
           the system said: Failed to send request:
HTTPSConnectionPool(host='api.twitter.com', port=443): Max retries exceeded with
 url: /1.1/statuses/user_timeline.json?screen_name=SenDanCoats&count=200 (Caused
 by NewConnectionError('<requests.packages.urllib3.connection.VerifiedHTTPSConne
ction object at 0xb662bbcc>: Failed to establish a new connection: [Errno -2]
Name or service not known',))
about to get all tweets newer than ID #1003795765028884485 for account
@Linda_McMahon
ERROR: unable to get tweets for account @Linda_McMahon
           the system said: Failed to send request:
HTTPSConnectionPool(host='api.twitter.com', port=443): Max retries exceeded with
 url: /1.1/statuses/user_timeline.json?screen_name=Linda_McMahon&count=200
(Caused by NewConnectionError('<requests.packages.urllib3.connection.VerifiedHTT
PSConnection object at 0xb66969ec>: Failed to establish a new connection: [Errno
 -2] Name or service not known',))
about to get all tweets newer than ID #1014553611681128449 for account
@BetsyDeVosED
ERROR: unable to get tweets for account @BetsyDeVosED
           the system said: Failed to send request:
HTTPSConnectionPool(host='api.twitter.com', port=443): Max retries exceeded with
 url: /1.1/statuses/user_timeline.json?screen_name=BetsyDeVosED&count=200
(Caused by NewConnectionError('<requests.packages.urllib3.connection.VerifiedHTT
PSConnection object at 0xb662b50c>: Failed to establish a new connection: [Errno
 -2] Name or service not known',))
about to get all tweets newer than ID #856041462164836355 for account
@FirstLadyIN
ERROR: unable to get tweets for account @FirstLadyIN
           the system said: Failed to send request:
HTTPSConnectionPool(host='api.twitter.com', port=443): Max retries exceeded with
 url: /1.1/statuses/user_timeline.json?screen_name=FirstLadyIN&count=200 (Caused
 by NewConnectionError('<requests.packages.urllib3.connection.VerifiedHTTPSConne
ction object at 0xb663210c>: Failed to establish a new connection: [Errno -2]
Name or service not known',))
about to get all tweets newer than ID #1015259821451497473 for account
@SecondLady
ERROR: unable to get tweets for account @SecondLady
           the system said: Failed to send request:
HTTPSConnectionPool(host='api.twitter.com', port=443): Max retries exceeded with
 url: /1.1/statuses/user_timeline.json?screen_name=SecondLady&count=200 (Caused
by NewConnectionError('<requests.packages.urllib3.connection.VerifiedHTTPSConnec
tion object at 0xb66293ec>: Failed to establish a new connection: [Errno -2]
Name or service not known',))
about to get all tweets newer than ID #1016498482658533377 for account
@AshLeeStrong
ERROR: unable to get tweets for account @AshLeeStrong
           the system said: Failed to send request:
HTTPSConnectionPool(host='api.twitter.com', port=443): Max retries exceeded with
 url: /1.1/statuses/user_timeline.json?screen_name=AshLeeStrong&count=200
(Caused by NewConnectionError('<requests.packages.urllib3.connection.VerifiedHTT
PSConnection object at 0xb6622aac>: Failed to establish a new connection: [Errno
 -2] Name or service not known',))
about to get all tweets newer than ID #1016746024596049920 for account
@nikkihaley
ERROR: unable to get tweets for account @nikkihaley
           the system said: Failed to send request:
HTTPSConnectionPool(host='api.twitter.com', port=443): Max retries exceeded with
 url: /1.1/statuses/user_timeline.json?screen_name=nikkihaley&count=200 (Caused
by NewConnectionError('<requests.packages.urllib3.connection.VerifiedHTTPSConnec
tion object at 0xb66968cc>: Failed to establish a new connection: [Errno -2]
Name or service not known',))
about to get all tweets newer than ID #954801265732661248 for account
@MELANIATRUMP
ERROR: unable to get tweets for account @MELANIATRUMP
           the system said: Failed to send request:
HTTPSConnectionPool(host='api.twitter.com', port=443): Max retries exceeded with
 url: /1.1/statuses/user_timeline.json?screen_name=MELANIATRUMP&count=200
(Caused by NewConnectionError('<requests.packages.urllib3.connection.VerifiedHTT
PSConnection object at 0xb66389cc>: Failed to establish a new connection: [Errno
 -2] Name or service not known',))
about to get all tweets newer than ID #1016712148112760832 for account @PRyan
ERROR: unable to get tweets for account @PRyan
           the system said: Failed to send request:
HTTPSConnectionPool(host='api.twitter.com', port=443): Max retries exceeded with
 url: /1.1/statuses/user_timeline.json?screen_name=PRyan&count=200 (Caused by Ne
wConnectionError('<requests.packages.urllib3.connection.VerifiedHTTPSConnection
object at 0xb663018c>: Failed to establish a new connection: [Errno -2] Name or
service not known',))
about to get all tweets newer than ID #913881045652688901 for account
@SecPriceMD
ERROR: unable to get tweets for account @SecPriceMD
           the system said: Failed to send request:
HTTPSConnectionPool(host='api.twitter.com', port=443): Max retries exceeded with
 url: /1.1/statuses/user_timeline.json?screen_name=SecPriceMD&count=200 (Caused
by NewConnectionError('<requests.packages.urllib3.connection.VerifiedHTTPSConnec
tion object at 0xb6630a8c>: Failed to establish a new connection: [Errno -2]
Name or service not known',))
about to get all tweets newer than ID #1016751029994622982 for account
@IvankaTrump
ERROR: unable to get tweets for account @IvankaTrump
           the system said: Failed to send request:
HTTPSConnectionPool(host='api.twitter.com', port=443): Max retries exceeded with
 url: /1.1/statuses/user_timeline.json?screen_name=IvankaTrump&count=200 (Caused
 by NewConnectionError('<requests.packages.urllib3.connection.VerifiedHTTPSConne
ction object at 0xb6632b6c>: Failed to establish a new connection: [Errno -2]
Name or service not known',))
about to get all tweets newer than ID #1014519079284199424 for account
@EPAScottPruitt
ERROR: unable to get tweets for account @EPAScottPruitt
           the system said: Failed to send request:
HTTPSConnectionPool(host='api.twitter.com', port=443): Max retries exceeded with
 url: /1.1/statuses/user_timeline.json?screen_name=EPAScottPruitt&count=200
(Caused by NewConnectionError('<requests.packages.urllib3.connection.VerifiedHTT
PSConnection object at 0xb662276c>: Failed to establish a new connection: [Errno
 -2] Name or service not known',))
about to get all tweets newer than ID #1016655566591201280 for account
@seanspicer
ERROR: unable to get tweets for account @seanspicer
           the system said: Failed to send request:
HTTPSConnectionPool(host='api.twitter.com', port=443): Max retries exceeded with
 url: /1.1/statuses/user_timeline.json?screen_name=seanspicer&count=200 (Caused
by NewConnectionError('<requests.packages.urllib3.connection.VerifiedHTTPSConnec
tion object at 0xb66225cc>: Failed to establish a new connection: [Errno -2]
Name or service not known',))
about to get all tweets newer than ID #1016760576658329600 for account @POTUS
ERROR: unable to get tweets for account @POTUS
           the system said: Failed to send request:
HTTPSConnectionPool(host='api.twitter.com', port=443): Max retries exceeded with
 url: /1.1/statuses/user_timeline.json?screen_name=POTUS&count=200 (Caused by Ne
wConnectionError('<requests.packages.urllib3.connection.VerifiedHTTPSConnection
object at 0xb663270c>: Failed to establish a new connection: [Errno -2] Name or
service not known',))
about to get all tweets newer than ID #1015234657397493761 for account
@EnergyDepSec
ERROR: unable to get tweets for account @EnergyDepSec
           the system said: Failed to send request:
HTTPSConnectionPool(host='api.twitter.com', port=443): Max retries exceeded with
 url: /1.1/statuses/user_timeline.json?screen_name=EnergyDepSec&count=200
(Caused by NewConnectionError('<requests.packages.urllib3.connection.VerifiedHTT
PSConnection object at 0xb662b04c>: Failed to establish a new connection: [Errno
 -2] Name or service not known',))
about to get all tweets newer than ID #1016492510749786114 for account
@MickMulvaneyOMB
ERROR: unable to get tweets for account @MickMulvaneyOMB
           the system said: Failed to send request:
HTTPSConnectionPool(host='api.twitter.com', port=443): Max retries exceeded with
 url: /1.1/statuses/user_timeline.json?screen_name=MickMulvaneyOMB&count=200
(Caused by NewConnectionError('<requests.packages.urllib3.connection.VerifiedHTT
PSConnection object at 0xb662bd4c>: Failed to establish a new connection: [Errno
 -2] Name or service not known',))
about to get all tweets newer than ID #1016680678476451840 for account
@SecNielsen
ERROR: unable to get tweets for account @SecNielsen
           the system said: Failed to send request:
HTTPSConnectionPool(host='api.twitter.com', port=443): Max retries exceeded with
 url: /1.1/statuses/user_timeline.json?screen_name=SecNielsen&count=200 (Caused
by NewConnectionError('<requests.packages.urllib3.connection.VerifiedHTTPSConnec
tion object at 0xb663046c>: Failed to establish a new connection: [Errno -2]
Name or service not known',))
about to get all tweets newer than ID #816290296048873472 for account
@WilburRoss
ERROR: unable to get tweets for account @WilburRoss
           the system said: Failed to send request:
HTTPSConnectionPool(host='api.twitter.com', port=443): Max retries exceeded with
 url: /1.1/statuses/user_timeline.json?screen_name=WilburRoss&count=200 (Caused
by NewConnectionError('<requests.packages.urllib3.connection.VerifiedHTTPSConnec
tion object at 0xb661d7cc>: Failed to establish a new connection: [Errno -2]
Name or service not known',))
about to get all tweets newer than ID #-1 for account @jaredkushner
ERROR: unable to get tweets for account @jaredkushner
           the system said: Failed to send request:
HTTPSConnectionPool(host='api.twitter.com', port=443): Max retries exceeded with
 url: /1.1/statuses/user_timeline.json?screen_name=jaredkushner&count=200
(Caused by NewConnectionError('<requests.packages.urllib3.connection.VerifiedHTT
PSConnection object at 0xb663266c>: Failed to establish a new connection: [Errno
 -2] Name or service not known',))
about to get all tweets newer than ID #836780744810844161 for account
@StephenMillerAL
ERROR: unable to get tweets for account @StephenMillerAL
           the system said: Failed to send request:
HTTPSConnectionPool(host='api.twitter.com', port=443): Max retries exceeded with
 url: /1.1/statuses/user_timeline.json?screen_name=StephenMillerAL&count=200
(Caused by NewConnectionError('<requests.packages.urllib3.connection.VerifiedHTT
PSConnection object at 0xb662b52c>: Failed to establish a new connection: [Errno
 -2] Name or service not known',))
about to get all tweets newer than ID #1016660577987411968 for account @PressSec
ERROR: unable to get tweets for account @PressSec
           the system said: Failed to send request:
HTTPSConnectionPool(host='api.twitter.com', port=443): Max retries exceeded with
 url: /1.1/statuses/user_timeline.json?screen_name=PressSec&count=200 (Caused by
 NewConnectionError('<requests.packages.urllib3.connection.VerifiedHTTPSConnecti
on object at 0xb662bb2c>: Failed to establish a new connection: [Errno -2] Name
or service not known',))
about to get all tweets newer than ID #1016695519027056640 for account
@KellyannePolls
ERROR: unable to get tweets for account @KellyannePolls
           the system said: Failed to send request:
HTTPSConnectionPool(host='api.twitter.com', port=443): Max retries exceeded with
 url: /1.1/statuses/user_timeline.json?screen_name=KellyannePolls&count=200
(Caused by NewConnectionError('<requests.packages.urllib3.connection.VerifiedHTT
PSConnection object at 0xb6638dac>: Failed to establish a new connection: [Errno
 -2] Name or service not known',))
about to get all tweets newer than ID #1016672844552507394 for account @SBALinda
ERROR: unable to get tweets for account @SBALinda
           the system said: Failed to send request:
HTTPSConnectionPool(host='api.twitter.com', port=443): Max retries exceeded with
 url: /1.1/statuses/user_timeline.json?screen_name=SBALinda&count=200 (Caused by
 NewConnectionError('<requests.packages.urllib3.connection.VerifiedHTTPSConnecti
on object at 0xb663062c>: Failed to establish a new connection: [Errno -2] Name
or service not known',))
about to get all tweets newer than ID #1015616894559244288 for account
@RealBenCarson
ERROR: unable to get tweets for account @RealBenCarson
           the system said: Failed to send request:
HTTPSConnectionPool(host='api.twitter.com', port=443): Max retries exceeded with
 url: /1.1/statuses/user_timeline.json?screen_name=RealBenCarson&count=200
(Caused by NewConnectionError('<requests.packages.urllib3.connection.VerifiedHTT
PSConnection object at 0xb6632aac>: Failed to establish a new connection: [Errno
 -2] Name or service not known',))
about to get all tweets newer than ID #1016728123323363329 for account
@JessicaDitto45
ERROR: unable to get tweets for account @JessicaDitto45
           the system said: Failed to send request:
HTTPSConnectionPool(host='api.twitter.com', port=443): Max retries exceeded with
 url: /1.1/statuses/user_timeline.json?screen_name=JessicaDitto45&count=200
(Caused by NewConnectionError('<requests.packages.urllib3.connection.VerifiedHTT
PSConnection object at 0xb663128c>: Failed to establish a new connection: [Errno
 -2] Name or service not known',))
about to get all tweets newer than ID #903694300306923521 for account
@SecElaineChao
ERROR: unable to get tweets for account @SecElaineChao
           the system said: Failed to send request:
HTTPSConnectionPool(host='api.twitter.com', port=443): Max retries exceeded with
 url: /1.1/statuses/user_timeline.json?screen_name=SecElaineChao&count=200
(Caused by NewConnectionError('<requests.packages.urllib3.connection.VerifiedHTT
PSConnection object at 0xb669492c>: Failed to establish a new connection: [Errno
 -2] Name or service not known',))
about to get all tweets newer than ID #1016742638580588544 for account
@statedeptspox
ERROR: unable to get tweets for account @statedeptspox
           the system said: Failed to send request:
HTTPSConnectionPool(host='api.twitter.com', port=443): Max retries exceeded with
 url: /1.1/statuses/user_timeline.json?screen_name=statedeptspox&count=200
(Caused by NewConnectionError('<requests.packages.urllib3.connection.VerifiedHTT
PSConnection object at 0xb662b0cc>: Failed to establish a new connection: [Errno
 -2] Name or service not known',))
about to get all tweets newer than ID #1016700907877265408 for account
@SecretaryAcosta
ERROR: unable to get tweets for account @SecretaryAcosta
           the system said: Failed to send request:
HTTPSConnectionPool(host='api.twitter.com', port=443): Max retries exceeded with
 url: /1.1/statuses/user_timeline.json?screen_name=SecretaryAcosta&count=200
(Caused by NewConnectionError('<requests.packages.urllib3.connection.VerifiedHTT
PSConnection object at 0xb663060c>: Failed to establish a new connection: [Errno
 -2] Name or service not known',))
about to get all tweets newer than ID #994396943421001728 for account
@TomBossert45
ERROR: unable to get tweets for account @TomBossert45
           the system said: Failed to send request:
HTTPSConnectionPool(host='api.twitter.com', port=443): Max retries exceeded with
 url: /1.1/statuses/user_timeline.json?screen_name=TomBossert45&count=200
(Caused by NewConnectionError('<requests.packages.urllib3.connection.VerifiedHTT
PSConnection object at 0xb663524c>: Failed to establish a new connection: [Errno
 -2] Name or service not known',))
about to get all tweets newer than ID #1015275809207177217 for account
@SecretaryRoss
ERROR: unable to get tweets for account @SecretaryRoss
           the system said: Failed to send request:
HTTPSConnectionPool(host='api.twitter.com', port=443): Max retries exceeded with
 url: /1.1/statuses/user_timeline.json?screen_name=SecretaryRoss&count=200
(Caused by NewConnectionError('<requests.packages.urllib3.connection.VerifiedHTT
PSConnection object at 0xb663126c>: Failed to establish a new connection: [Errno
 -2] Name or service not known',))
about to get all tweets newer than ID #830074939298414592 for account
@RepTomPrice
ERROR: unable to get tweets for account @RepTomPrice
           the system said: Failed to send request:
HTTPSConnectionPool(host='api.twitter.com', port=443): Max retries exceeded with
 url: /1.1/statuses/user_timeline.json?screen_name=RepTomPrice&count=200 (Caused
 by NewConnectionError('<requests.packages.urllib3.connection.VerifiedHTTPSConne
ction object at 0xb6696f4c>: Failed to establish a new connection: [Errno -2]
Name or service not known',))
about to get all tweets newer than ID #824610180881117184 for account
@GovPenceIN
ERROR: unable to get tweets for account @GovPenceIN
           the system said: Failed to send request:
HTTPSConnectionPool(host='api.twitter.com', port=443): Max retries exceeded with
 url: /1.1/statuses/user_timeline.json?screen_name=GovPenceIN&count=200 (Caused
by NewConnectionError('<requests.packages.urllib3.connection.VerifiedHTTPSConnec
tion object at 0xb661da2c>: Failed to establish a new connection: [Errno -2]
Name or service not known',))
about to get all tweets newer than ID #1016714050145841152 for account @Cabinet
ERROR: unable to get tweets for account @Cabinet
           the system said: Failed to send request:
HTTPSConnectionPool(host='api.twitter.com', port=443): Max retries exceeded with
 url: /1.1/statuses/user_timeline.json?screen_name=Cabinet&count=200 (Caused by
NewConnectionError('<requests.packages.urllib3.connection.VerifiedHTTPSConnectio
n object at 0xb663216c>: Failed to establish a new connection: [Errno -2] Name
or service not known',))
about to get all tweets newer than ID #1016529954899746816 for account
@DanScavino
ERROR: unable to get tweets for account @DanScavino
           the system said: Failed to send request:
HTTPSConnectionPool(host='api.twitter.com', port=443): Max retries exceeded with
 url: /1.1/statuses/user_timeline.json?screen_name=DanScavino&count=200 (Caused
by NewConnectionError('<requests.packages.urllib3.connection.VerifiedHTTPSConnec
tion object at 0xb662536c>: Failed to establish a new connection: [Errno -2]
Name or service not known',))
about to get all tweets newer than ID #1016678470460563456 for account
@Scaramucci
ERROR: unable to get tweets for account @Scaramucci
           the system said: Failed to send request:
HTTPSConnectionPool(host='api.twitter.com', port=443): Max retries exceeded with
 url: /1.1/statuses/user_timeline.json?screen_name=Scaramucci&count=200 (Caused
by NewConnectionError('<requests.packages.urllib3.connection.VerifiedHTTPSConnec
tion object at 0xb669486c>: Failed to establish a new connection: [Errno -2]
Name or service not known',))
about to get all tweets newer than ID #1016688176474161153 for account @FLOTUS
ERROR: unable to get tweets for account @FLOTUS
           the system said: Failed to send request:
HTTPSConnectionPool(host='api.twitter.com', port=443): Max retries exceeded with
 url: /1.1/statuses/user_timeline.json?screen_name=FLOTUS&count=200 (Caused by N
ewConnectionError('<requests.packages.urllib3.connection.VerifiedHTTPSConnection
 object at 0xb669608c>: Failed to establish a new connection: [Errno -2] Name or
 service not known',))
about to get all tweets newer than ID #832282841471918080 for account
@BetsyDeVos
ERROR: unable to get tweets for account @BetsyDeVos
           the system said: Failed to send request:
HTTPSConnectionPool(host='api.twitter.com', port=443): Max retries exceeded with
 url: /1.1/statuses/user_timeline.json?screen_name=BetsyDeVos&count=200 (Caused
by NewConnectionError('<requests.packages.urllib3.connection.VerifiedHTTPSConnec
tion object at 0xb664950c>: Failed to establish a new connection: [Errno -2]
Name or service not known',))
about to get all tweets newer than ID #1016760450334314496 for account
@WhiteHouse
ERROR: unable to get tweets for account @WhiteHouse
           the system said: Failed to send request:
HTTPSConnectionPool(host='api.twitter.com', port=443): Max retries exceeded with
 url: /1.1/statuses/user_timeline.json?screen_name=WhiteHouse&count=200 (Caused
by NewConnectionError('<requests.packages.urllib3.connection.VerifiedHTTPSConnec
tion object at 0xb6625ccc>: Failed to establish a new connection: [Errno -2]
Name or service not known',))
about to get all tweets newer than ID #1016722957786284034 for account
@SpeakerRyan
ERROR: unable to get tweets for account @SpeakerRyan
           the system said: Failed to send request:
HTTPSConnectionPool(host='api.twitter.com', port=443): Max retries exceeded with
 url: /1.1/statuses/user_timeline.json?screen_name=SpeakerRyan&count=200 (Caused
 by NewConnectionError('<requests.packages.urllib3.connection.VerifiedHTTPSConne
ction object at 0xb663078c>: Failed to establish a new connection: [Errno -2]
Name or service not known',))
about to get all tweets newer than ID #1016689747882696704 for account
@StephGrisham45
ERROR: unable to get tweets for account @StephGrisham45
           the system said: Failed to send request:
HTTPSConnectionPool(host='api.twitter.com', port=443): Max retries exceeded with
 url: /1.1/statuses/user_timeline.json?screen_name=StephGrisham45&count=200
(Caused by NewConnectionError('<requests.packages.urllib3.connection.VerifiedHTT
PSConnection object at 0xb664908c>: Failed to establish a new connection: [Errno
 -2] Name or service not known',))
about to get all tweets newer than ID #1015204720246435840 for account
@IvankaTrumpHQ
ERROR: unable to get tweets for account @IvankaTrumpHQ
           the system said: Failed to send request:
HTTPSConnectionPool(host='api.twitter.com', port=443): Max retries exceeded with
 url: /1.1/statuses/user_timeline.json?screen_name=IvankaTrumpHQ&count=200
(Caused by NewConnectionError('<requests.packages.urllib3.connection.VerifiedHTT
PSConnection object at 0xb662518c>: Failed to establish a new connection: [Errno
 -2] Name or service not known',))
about to get all tweets newer than ID #1014504948468510720 for account @Reince
ERROR: unable to get tweets for account @Reince
           the system said: Failed to send request:
HTTPSConnectionPool(host='api.twitter.com', port=443): Max retries exceeded with
 url: /1.1/statuses/user_timeline.json?screen_name=Reince&count=200 (Caused by N
ewConnectionError('<requests.packages.urllib3.connection.VerifiedHTTPSConnection
 object at 0xb669610c>: Failed to establish a new connection: [Errno -2] Name or
 service not known',))
about to get all tweets newer than ID #1014638631192006657 for account
@GovernorPerry
ERROR: unable to get tweets for account @GovernorPerry
           the system said: Failed to send request:
HTTPSConnectionPool(host='api.twitter.com', port=443): Max retries exceeded with
 url: /1.1/statuses/user_timeline.json?screen_name=GovernorPerry&count=200
(Caused by NewConnectionError('<requests.packages.urllib3.connection.VerifiedHTT
PSConnection object at 0xb669620c>: Failed to establish a new connection: [Errno
 -2] Name or service not known',))
about to get all tweets newer than ID #1015076177550032897 for account
@SecretarySonny
ERROR: unable to get tweets for account @SecretarySonny
           the system said: Failed to send request:
HTTPSConnectionPool(host='api.twitter.com', port=443): Max retries exceeded with
 url: /1.1/statuses/user_timeline.json?screen_name=SecretarySonny&count=200
(Caused by NewConnectionError('<requests.packages.urllib3.connection.VerifiedHTT
PSConnection object at 0xb662540c>: Failed to establish a new connection: [Errno
 -2] Name or service not known',))
about to get all tweets newer than ID #1016743142719025152 for account @VP
ERROR: unable to get tweets for account @VP
           the system said: Failed to send request:
HTTPSConnectionPool(host='api.twitter.com', port=443): Max retries exceeded with
 url: /1.1/statuses/user_timeline.json?screen_name=VP&count=200 (Caused by NewCo
nnectionError('<requests.packages.urllib3.connection.VerifiedHTTPSConnection
object at 0xb662912c>: Failed to establish a new connection: [Errno -2] Name or
service not known',))
... OK, we're set up, and about to watch 799764016885329921, 831482588246196225,
 803703725730779136, 920035992073064450, 118756393, 22203756, 25073877,
105267762, 828613457020870657, 823367015830323201, 956283913835614208,
2334193741, 827258161841135623, 830128820447539208, 212262370, 65522706,
828997388920619008, 1923451808, 822127086194348032, 296060169, 37666984,
108471631, 733751245, 829782369670410240, 52544275, 832672006113931269,
20776147, 822215679726100480, 894923298374651904, 888031054141022209,
935148134505828353, 809836066316451840, 29547260, 728361177986797568,
818927131883356161, 471672239, 819992522109894658, 1180379185,
836724024688410625, 826065858548133888, 1967216306, 819980276570976256,
866746592853979137, 836305915452272641, 6577802, 15985455, 818928162449068032,
620571475, 24578794, 818876014390603776, 599530439, 822215673812119553,
18916432, 823638938590085124, 798195585824104449, 20733972, 18906561,
842072478834909184, 818910970567344128
