Hello, traveler. This is the beginning of a log file called: "Fascist Tweet Archiver".
Some basic system info about the host machine: posix.uname_result(sysname='Linux', nodename='file-server', release='3.16.0-4-686-pae', version='#1 SMP Debian 3.16.51-3 (2017-12-13)', machine='i686')
This log was begun Thursday, 11 January 2018 at 20:23



INFO: read target account data; we're tracking 52 accounts
WARNING: no ProtocolError (got exception "name 'ProtocolError' is not defined");
 trying requests.packages.urllib3.exceptions instead
NOTE: successfully imported from requests
Starting up...
about to get all tweets newer than ID #898401955847876608 for account
@Linda_McMahon
about to get all tweets newer than ID #867385249340297217 for account
@RealBenCarson
ERROR: unable to get tweets for account @RealBenCarson
           the system said: Failed to parse JSON payload: Unterminated string
starting at: line 1 column 507882 (char 507881)
about to get all tweets newer than ID #951508828289404928 for account
@seanspicer
about to get all tweets newer than ID #951473433719828480 for account
@StephGrisham45
about to get all tweets newer than ID #830074939298414592 for account
@RepTomPrice
ERROR: unable to get tweets for account @RepTomPrice
           the system said: Failed to send request:
HTTPSConnectionPool(host='api.twitter.com', port=443): Read timed out.
about to get all tweets newer than ID #951634988604231680 for account
@AshLeeStrong
ERROR: unable to get tweets for account @AshLeeStrong
           the system said: Failed to send request:
HTTPSConnectionPool(host='api.twitter.com', port=443): Max retries exceeded with
 url: /1.1/statuses/user_timeline.json?count=200&screen_name=AshLeeStrong
(Caused by NewConnectionError('<requests.packages.urllib3.connection.VerifiedHTT
PSConnection object at 0xb63dd40c>: Failed to establish a new connection: [Errno
 -2] Name or service not known',))
about to get all tweets newer than ID #951506732043456512 for account
@MickMulvaneyOMB
about to get all tweets newer than ID #943908455793823744 for account @Reince
about to get all tweets newer than ID #856041462164836355 for account
@FirstLadyIN
ERROR: unable to get tweets for account @FirstLadyIN
           the system said: Failed to parse JSON payload: Unterminated string
starting at: line 1 column 507892 (char 507891)
about to get all tweets newer than ID #795981284761894912 for account
@MELANIATRUMP
ERROR: unable to get tweets for account @MELANIATRUMP
           the system said: Failed to send request:
HTTPSConnectionPool(host='api.twitter.com', port=443): Read timed out.
about to get all tweets newer than ID #951477412084310017 for account
@KellyannePolls
ERROR: unable to get tweets for account @KellyannePolls
           the system said: Failed to send request: ('Connection aborted.',
ConnectionResetError(104, 'Connection reset by peer'))
about to get all tweets newer than ID #832282841471918080 for account
@BetsyDeVos
about to get all tweets newer than ID #951469322014281728 for account
@IvankaTrumpHQ
ERROR: unable to get tweets for account @IvankaTrumpHQ
           the system said: Failed to send request: ('Connection aborted.',
ConnectionResetError(104, 'Connection reset by peer'))
about to get all tweets newer than ID #951648795728797697 for account @Scavino45
ERROR: unable to get tweets for account @Scavino45
           the system said: Failed to send request:
HTTPSConnectionPool(host='api.twitter.com', port=443): Read timed out.
about to get all tweets newer than ID #947851229719355392 for account
@GovernorPerry
about to get all tweets newer than ID #930982584649175047 for account
@mike_pence
about to get all tweets newer than ID #951524967174279168 for account
@SecretaryZinke
about to get all tweets newer than ID #951543640228327424 for account
@stevenmnuchin1
about to get all tweets newer than ID #951645561765195777 for account
@TomBossert45
about to get all tweets newer than ID #-1 for account @ElaineChao
about to get all tweets newer than ID #951624292805984257 for account @PRyan
about to get all tweets newer than ID #951541170055806977 for account
@SecretaryCarson
ERROR: unable to get tweets for account @SecretaryCarson
           the system said: Failed to parse JSON payload: Unterminated string
starting at: line 1 column 507852 (char 507851)
about to get all tweets newer than ID #951650723816722432 for account @VP
about to get all tweets newer than ID #903694300306923521 for account
@SecElaineChao
about to get all tweets newer than ID #951580570487869440 for account
@EPAScottPruitt
about to get all tweets newer than ID #951581515414155267 for account
@nikkihaley
ERROR: unable to get tweets for account @nikkihaley
           the system said: Failed to parse JSON payload: Unterminated string
starting at: line 1 column 679862 (char 679861)
about to get all tweets newer than ID #951591456967397377 for account
@JessicaDitto45
ERROR: unable to get tweets for account @JessicaDitto45
           the system said: Failed to parse JSON payload: Expecting ','
delimiter: line 1 column 507899 (char 507898)
about to get all tweets newer than ID #951604319933083648 for account @PressSec
about to get all tweets newer than ID #951649994410520577 for account
@WhiteHouse
ERROR: unable to get tweets for account @WhiteHouse
           the system said: Failed to send request:
HTTPSConnectionPool(host='api.twitter.com', port=443): Read timed out. (read
timeout=60)
about to get all tweets newer than ID #951515401380352000 for account
@SecretaryPerry
about to get all tweets newer than ID #816290296048873472 for account
@WilburRoss
about to get all tweets newer than ID #951605535039778817 for account
@IvankaTrump
about to get all tweets newer than ID #951645934076809216 for account
@SpeakerRyan
ERROR: unable to get tweets for account @SpeakerRyan
           the system said: Failed to parse JSON payload: Expecting value: line
1 column 507448 (char 507447)
about to get all tweets newer than ID #951574732888989696 for account
@Scaramucci
about to get all tweets newer than ID #951648197440569344 for account
@realDonaldTrump
ERROR: unable to get tweets for account @realDonaldTrump
           the system said: Failed to send request:
HTTPSConnectionPool(host='api.twitter.com', port=443): Read timed out.
about to get all tweets newer than ID #951557455934259200 for account
@SecShulkin
about to get all tweets newer than ID #951585208742154241 for account @SBALinda
about to get all tweets newer than ID #951622012295876608 for account @POTUS
getting all tweets before ID #939277259549978623
    ...400 tweets downloaded so far
about to get all tweets newer than ID #950741954303799296 for account
@SecretaryAcosta


New tweet from POTUS: RT @realDonaldTrump: Small Business Poll has highest
approval numbers in the polls history. All business is just at the beginning of
someth…

archiving URL http://twitter.com/POTUS/status/951648692771139584
    ... archiving using prefix http://web.archive.org/save/

archiving URL https://twitter.com/POTUS/status/951648692771139584
    ... archiving using prefix http://web.archive.org/save/
WARNING: attempt to archive timed out, sleeping for 10 seconds
ERROR: unable to get tweets for account @SecretaryAcosta
           the system said: Failed to parse JSON payload: Unterminated string
starting at: line 1 column 683559 (char 683558)
about to get all tweets newer than ID #836780744810844161 for account
@StephenMillerAL
about to get all tweets newer than ID #951212954011275264 for account
@SecondLady


New tweet from POTUS: RT @realDonaldTrump: More great news as a result of
historical Tax Cuts and Reform: Fiat Chrysler announces plan to invest more than
 $1 BIL…

archiving URL http://twitter.com/POTUS/status/951648701046513664
    ... archiving using prefix http://web.archive.org/save/

archiving URL https://twitter.com/POTUS/status/951648701046513664
    ... archiving using prefix http://web.archive.org/save/
about to get all tweets newer than ID #824610180881117184 for account
@GovPenceIN


New tweet from POTUS: RT @realDonaldTrump: Chrysler is moving a massive plant
from Mexico to Michigan, reversing a years long opposite trend. Thank you
Chrysler,…

archiving URL http://twitter.com/POTUS/status/951648710315954176
    ... archiving using prefix http://web.archive.org/save/
ERROR: unable to get tweets for account @GovPenceIN
           the system said: Failed to parse JSON payload: Unterminated string
starting at: line 1 column 860063 (char 860062)
about to get all tweets newer than ID #890659905798983680 for account @Reince45
about to get all tweets newer than ID #816846808789958656 for account
@SenDanCoats
about to get all tweets newer than ID #951483548342587392 for account
@SecretarySonny
ERROR: unable to get tweets for account @SecretarySonny
           the system said: Failed to send request:
HTTPSConnectionPool(host='api.twitter.com', port=443): Read timed out.
about to get all tweets newer than ID #947883338055987201 for account
@BetsyDeVosED
about to get all tweets newer than ID #-1 for account @jaredkushner
about to get all tweets newer than ID #941074527592812545 for account
@SecretaryRoss
about to get all tweets newer than ID #950797473211183104 for account @FLOTUS
ERROR: unable to get tweets for account @FLOTUS
           the system said: Failed to send request:
HTTPSConnectionPool(host='api.twitter.com', port=443): Read timed out.
about to get all tweets newer than ID #898632795517403136 for account
@GeneralJFKellly
ERROR: unable to get tweets for account @GeneralJFKellly
           the system said: Not authorized.
about to get all tweets newer than ID #951299690544467968 for account
@DanScavino
getting all tweets before ID #832444340664401920
ERROR: unable to get tweets for account @DanScavino
           the system said: Failed to parse JSON payload: Expecting value: line
1 column 506460 (char 506459)
about to get all tweets newer than ID #913881045652688901 for account
@SecPriceMD
... OK, we're set up, and about to watch 65522706, 1180379185, 20776147,
823638938590085124, 6577802, 296060169, 888031054141022209, 20733972,
1923451808, 108471631, 471672239, 599530439, 798195585824104449,
823367015830323201, 18906561, 22203756, 827258161841135623, 799764016885329921,
866746592853979137, 105267762, 733751245, 828613457020870657,
818910970567344128, 826065858548133888, 832672006113931269, 37666984,
836724024688410625, 818927131883356161, 822215673812119553, 830128820447539208,
809836066316451840, 52544275, 18916432, 24578794, 25073877, 831482588246196225,
819992522109894658, 822215679726100480, 819980276570976256, 728361177986797568,
822127086194348032, 15985455, 803703725730779136, 212262370, 842072478834909184,
 828997388920619008, 29547260, 836305915452272641, 818876014390603776,
892173412818354177, 620571475, 829782369670410240
WARNING: received error HTTPSConnectionPool(host='stream.twitter.com',
port=443): Read timed out.; sleeping and trying again ...
WARNING: received error ('Connection broken: IncompleteRead(0 bytes read)',
IncompleteRead(0 bytes read)); sleeping and trying again ...
WARNING: received error ('Connection broken: IncompleteRead(0 bytes read, 976
more expected)', IncompleteRead(0 bytes read, 976 more expected)); sleeping and
trying again ...
WARNING: received error ('Connection broken: IncompleteRead(0 bytes read, 1503
more expected)', IncompleteRead(0 bytes read, 1503 more expected)); sleeping and
 trying again ...


New tweet from realDonaldTrump: The Democrats seem intent on having people and
 drugs pour into our country from the Southern Border, risking thousa…
https://t.co/D0kxlMJhLq

archiving URL http://twitter.com/realDonaldTrump/status/951675713089888256
    ... archiving using prefix http://web.archive.org/save/
WARNING: received error ('Connection broken: IncompleteRead(0 bytes read, 976
more expected)', IncompleteRead(0 bytes read, 976 more expected)); sleeping and
trying again ...
