Hello, traveler. This is the beginning of a log file called: "Fascist Tweet Archiver".
Some basic system info about the host machine: posix.uname_result(sysname='Linux', nodename='file-server', release='3.16.0-5-686-pae', version='#1 SMP Debian 3.16.51-3+deb8u1 (2018-01-08)', machine='i686')
This log was begun Sunday, 18 February 2018 at 19:58



INFO: read target account data; we're tracking 52 accounts
WARNING: no ProtocolError (got exception "name 'ProtocolError' is not defined");
 trying requests.packages.urllib3.exceptions instead
NOTE: successfully imported from requests
Starting up...
about to get all tweets newer than ID #898632795517403136 for account
@GeneralJFKellly
ERROR: unable to get tweets for account @GeneralJFKellly
           the system said: Not authorized.
about to get all tweets newer than ID #965231014632132610 for account
@Linda_McMahon
ERROR: unable to get tweets for account @Linda_McMahon
           the system said: Failed to parse JSON payload: Unterminated string
starting at: line 1 column 684107 (char 684106)
about to get all tweets newer than ID #965224933541531648 for account
@seanspicer
about to get all tweets newer than ID #958090523364986887 for account
@MickMulvaneyOMB
about to get all tweets newer than ID #965216673484673029 for account
@IvankaTrump
ERROR: unable to get tweets for account @IvankaTrump
           the system said: Failed to parse JSON payload: Expecting ':'
delimiter: line 1 column 506956 (char 506955)
about to get all tweets newer than ID #965235438230343680 for account
@GovernorPerry
ERROR: unable to get tweets for account @GovernorPerry
           the system said: Failed to parse JSON payload: Unterminated string
starting at: line 1 column 510338 (char 510337)
about to get all tweets newer than ID #964902954967891968 for account @FLOTUS
about to get all tweets newer than ID #963927915284062209 for account
@SecretaryRoss
about to get all tweets newer than ID #964872066502709250 for account
@SpeakerRyan
about to get all tweets newer than ID #965342163465883648 for account
@SecretarySonny
about to get all tweets newer than ID #964952415236747265 for account
@AshLeeStrong
about to get all tweets newer than ID #913881045652688901 for account
@SecPriceMD
about to get all tweets newer than ID #824610180881117184 for account
@GovPenceIN
about to get all tweets newer than ID #830074939298414592 for account
@RepTomPrice
ERROR: unable to get tweets for account @RepTomPrice
           the system said: Failed to send request:
HTTPSConnectionPool(host='api.twitter.com', port=443): Read timed out.
about to get all tweets newer than ID #903694300306923521 for account
@SecElaineChao
about to get all tweets newer than ID #816290296048873472 for account
@WilburRoss
ERROR: unable to get tweets for account @WilburRoss
           the system said: Failed to send request:
HTTPSConnectionPool(host='api.twitter.com', port=443): Read timed out. (read
timeout=60)
about to get all tweets newer than ID #959613255206555648 for account
@DanScavino
about to get all tweets newer than ID #965276037398614019 for account
@RealBenCarson
about to get all tweets newer than ID #963902159531147264 for account
@BetsyDeVosED
about to get all tweets newer than ID #963899156300488704 for account
@IvankaTrumpHQ
ERROR: unable to get tweets for account @IvankaTrumpHQ
           the system said: Failed to parse JSON payload: Unterminated string
starting at: line 1 column 504054 (char 504053)
about to get all tweets newer than ID #964524657834647552 for account
@SecretaryCarson
about to get all tweets newer than ID #964237873972219906 for account
@stevenmnuchin1
about to get all tweets newer than ID #-1 for account @ElaineChao
about to get all tweets newer than ID #964521172032475136 for account
@EPAScottPruitt
about to get all tweets newer than ID #964968130656206848 for account
@SecretaryPerry
about to get all tweets newer than ID #836780744810844161 for account
@StephenMillerAL
about to get all tweets newer than ID #963917729328746496 for account
@TomBossert45
about to get all tweets newer than ID #890659905798983680 for account @Reince45
about to get all tweets newer than ID #964349912786681856 for account
@KellyannePolls
ERROR: unable to get tweets for account @KellyannePolls
           the system said: Failed to send request:
HTTPSConnectionPool(host='api.twitter.com', port=443): Read timed out.
about to get all tweets newer than ID #964866590574632961 for account @Scavino45
ERROR: unable to get tweets for account @Scavino45
           the system said: Failed to send request:
HTTPSConnectionPool(host='api.twitter.com', port=443): Read timed out.
about to get all tweets newer than ID #965237535248089088 for account
@JessicaDitto45
ERROR: unable to get tweets for account @JessicaDitto45
           the system said: Failed to parse JSON payload: Unterminated string
starting at: line 1 column 508391 (char 508390)
about to get all tweets newer than ID #964984439175614464 for account @POTUS
about to get all tweets newer than ID #816846808789958656 for account
@SenDanCoats
ERROR: unable to get tweets for account @SenDanCoats
           the system said: Failed to parse JSON payload: Unterminated string
starting at: line 1 column 502606 (char 502605)
about to get all tweets newer than ID #964180456685129729 for account @SBALinda
about to get all tweets newer than ID #965069215509237760 for account
@mike_pence
about to get all tweets newer than ID #964998502840487939 for account
@SecretaryAcosta
about to get all tweets newer than ID #954801265732661248 for account
@MELANIATRUMP
about to get all tweets newer than ID #962184059052011522 for account @Reince
about to get all tweets newer than ID #965249054375579648 for account
@WhiteHouse
ERROR: unable to get tweets for account @WhiteHouse
           the system said: Failed to parse JSON payload: Unterminated string
starting at: line 1 column 507830 (char 507829)
about to get all tweets newer than ID #965372752042643456 for account
@Scaramucci
ERROR: unable to get tweets for account @Scaramucci
           the system said: Failed to parse JSON payload: Unterminated string
starting at: line 1 column 507903 (char 507902)
about to get all tweets newer than ID #965002523840008192 for account
@StephGrisham45
about to get all tweets newer than ID #965313964627447814 for account
@nikkihaley
about to get all tweets newer than ID #965033528059719680 for account
@SecondLady
about to get all tweets newer than ID #-1 for account @jaredkushner
about to get all tweets newer than ID #961725970108633089 for account
@SecShulkin
about to get all tweets newer than ID #965337459402911744 for account @VP
about to get all tweets newer than ID #965303158229622785 for account
@realDonaldTrump
about to get all tweets newer than ID #964979194387222528 for account @PressSec
ERROR: unable to get tweets for account @PressSec
           the system said: Failed to parse JSON payload: Unterminated string
starting at: line 1 column 502972 (char 502971)
about to get all tweets newer than ID #856041462164836355 for account
@FirstLadyIN
about to get all tweets newer than ID #964531082665193472 for account @PRyan
about to get all tweets newer than ID #964961740378329088 for account
@SecretaryZinke
about to get all tweets newer than ID #832282841471918080 for account
@BetsyDeVos
... OK, we're set up, and about to watch 892173412818354177, 65522706, 20776147,
 888031054141022209, 52544275, 18906561, 818876014390603776, 836305915452272641,
 18916432, 842072478834909184, 296060169, 829782369670410240, 15985455, 6577802,
 826065858548133888, 809836066316451840, 620571475, 1180379185,
828997388920619008, 798195585824104449, 828613457020870657, 799764016885329921,
105267762, 832672006113931269, 830128820447539208, 728361177986797568,
866746592853979137, 803703725730779136, 471672239, 823367015830323201,
836724024688410625, 822215679726100480, 212262370, 819992522109894658, 22203756,
 819980276570976256, 108471631, 20733972, 822215673812119553, 24578794,
823638938590085124, 37666984, 822127086194348032, 29547260, 831482588246196225,
818910970567344128, 25073877, 818927131883356161, 1923451808, 733751245,
827258161841135623, 599530439
WARNING: received error ('Connection broken: IncompleteRead(0 bytes read, 512
more expected)', IncompleteRead(0 bytes read, 512 more expected)); sleeping and
trying again ...
