Hello, traveler. This is the beginning of a log file called: "Fascist Tweet Archiver".
Some basic system info about the host machine: posix.uname_result(sysname='Linux', nodename='file-server', release='3.16.0-5-686-pae', version='#1 SMP Debian 3.16.51-3+deb8u1 (2018-01-08)', machine='i686')
This log was begun Tuesday, 17 April 2018 at 12:04



INFO: read target account data; we're tracking 59 accounts
WARNING: no ProtocolError (got exception "name 'ProtocolError' is not defined");
 trying requests.packages.urllib3.exceptions instead
NOTE: successfully imported from requests
Starting up...
about to get all tweets newer than ID #986303192626597890 for account
@EPAScottPruitt
about to get all tweets newer than ID #982954315387195394 for account
@AmbJohnBolton
about to get all tweets newer than ID #986273088345014272 for account @PRyan
ERROR: unable to get tweets for account @PRyan
           the system said: Failed to parse JSON payload: Unterminated string
starting at: line 1 column 604448 (char 604447)
about to get all tweets newer than ID #985941813981798402 for account @FLOTUS
about to get all tweets newer than ID #986303699885715461 for account
@SecretaryZinke
about to get all tweets newer than ID #986291901249785856 for account
@SpeakerRyan
getting all tweets before ID #973928853805547519
    ...400 tweets downloaded so far
about to get all tweets newer than ID #986288533055983616 for account
@IvankaTrumpHQ


New tweet from SpeakerRyan: Under our new tax code, the typical family of four
 will see a tax cut of $2059. With a nearly doubled standard dedu…
https://t.co/j6eKAmCPS8

archiving URL http://twitter.com/SpeakerRyan/status/986298399061397504
    ... archiving using prefix http://web.archive.org/save/

archiving URL https://twitter.com/SpeakerRyan/status/986298399061397504
    ... archiving using prefix http://web.archive.org/save/
about to get all tweets newer than ID #983854772305448960 for account
@mike_pence
about to get all tweets newer than ID #978650205192044545 for account
@SecShulkin
about to get all tweets newer than ID #985884695731867649 for account
@KellyannePolls
about to get all tweets newer than ID #986284912675295232 for account
@WhiteHouse
about to get all tweets newer than ID #824610180881117184 for account
@GovPenceIN
ERROR: unable to get tweets for account @GovPenceIN
           the system said: Failed to parse JSON payload: Expecting property
name enclosed in double quotes: line 1 column 613708 (char 613707)
about to get all tweets newer than ID #-1 for account @jaredkushner
about to get all tweets newer than ID #963927915284062209 for account
@SecretaryRoss
about to get all tweets newer than ID #986303251380400128 for account
@Scaramucci
about to get all tweets newer than ID #985874235762634758 for account @Comey
about to get all tweets newer than ID #985923243587579904 for account @PressSec
about to get all tweets newer than ID #982452105276481536 for account
@GovernorPerry
about to get all tweets newer than ID #832282841471918080 for account
@BetsyDeVos
about to get all tweets newer than ID #836780744810844161 for account
@StephenMillerAL
about to get all tweets newer than ID #986240067231297538 for account
@SecretaryAcosta
about to get all tweets newer than ID #986028310265294848 for account
@statedeptspox
about to get all tweets newer than ID #973198296897466368 for account
@Linda_McMahon
about to get all tweets newer than ID #986303188587425794 for account
@realDonaldTrump
about to get all tweets newer than ID #816290296048873472 for account
@WilburRoss
about to get all tweets newer than ID #986303533149511683 for account
@IvankaTrump
ERROR: unable to get tweets for account @IvankaTrump
           the system said: Failed to parse JSON payload: Unterminated string
starting at: line 1 column 604456 (char 604455)
about to get all tweets newer than ID #913881045652688901 for account
@SecPriceMD
about to get all tweets newer than ID #985967395075391488 for account
@EnergyDepSec
about to get all tweets newer than ID #986298416216072192 for account @VP
about to get all tweets newer than ID #986296812637179904 for account
@AshLeeStrong
about to get all tweets newer than ID #986298694780809216 for account
@DepSecHargan
ERROR: unable to get tweets for account @DepSecHargan
           the system said: Failed to parse JSON payload: Expecting value: line
1 column 602028 (char 602027)
about to get all tweets newer than ID #986191926671048705 for account
@seanspicer
about to get all tweets newer than ID #890659905798983680 for account @Reince45
ERROR: unable to get tweets for account @Reince45
           the system said: Not authorized.
about to get all tweets newer than ID #830074939298414592 for account
@RepTomPrice
about to get all tweets newer than ID #986046906672599043 for account
@nikkihaley
ERROR: unable to get tweets for account @nikkihaley
           the system said: Failed to parse JSON payload: Unterminated string
starting at: line 1 column 603427 (char 603426)
about to get all tweets newer than ID #986061485813260289 for account @Reince
about to get all tweets newer than ID #986264945888198656 for account
@SecretaryCarson
about to get all tweets newer than ID #856041462164836355 for account
@FirstLadyIN
ERROR: unable to get tweets for account @FirstLadyIN
           the system said: Failed to parse JSON payload: Unterminated string
starting at: line 1 column 608806 (char 608805)
about to get all tweets newer than ID #985927803311984640 for account @SecAzar
about to get all tweets newer than ID #986029944848486403 for account
@SecondLady
ERROR: unable to get tweets for account @SecondLady
           the system said: Failed to parse JSON payload: Expecting property
name enclosed in double quotes: line 1 column 611707 (char 611706)
about to get all tweets newer than ID #985886375290572800 for account
@StephGrisham45
about to get all tweets newer than ID #984774893953867776 for account @Cabinet
about to get all tweets newer than ID #903694300306923521 for account
@SecElaineChao
about to get all tweets newer than ID #986260639130767360 for account
@BetsyDeVosED
about to get all tweets newer than ID #983907190493908992 for account
@TomBossert45
ERROR: unable to get tweets for account @TomBossert45
           the system said: Failed to parse JSON payload: Unterminated string
starting at: line 1 column 624225 (char 624224)
about to get all tweets newer than ID #985933937682931713 for account @SBALinda
getting all tweets before ID #961614124848504831
    ...400 tweets downloaded so far


New tweet from SBALinda: This #TaxDay, we remember the historical
#TaxCutsAndJobsAct and give thanks to @realDonaldTrump for his commitment…
https://t.co/fSCj00Y5sd

archiving URL http://twitter.com/SBALinda/status/986257155492864001
    ... archiving using prefix http://web.archive.org/save/
about to get all tweets newer than ID #985905614332231688 for account @POTUS

archiving URL https://twitter.com/SBALinda/status/986257155492864001
    ... archiving using prefix http://web.archive.org/save/


New tweet from SBALinda: RT @SenateMajLdr: Today's #TaxDay is out with the
old, and in with the new. #TaxReform is working for American families.
https://t.co/KZA5c…

archiving URL http://twitter.com/SBALinda/status/986257230327623680
    ... archiving using prefix http://web.archive.org/save/
getting all tweets before ID #967085573159706624

archiving URL https://twitter.com/SBALinda/status/986257230327623680
    ... archiving using prefix http://web.archive.org/save/


New tweet from SBALinda: RT @WhiteHouse: "Tuesday is a day hardworking
Americans may dread more than any other. Tax Day... But we are changing Tax Day
for Americans…

archiving URL http://twitter.com/SBALinda/status/986296708089835520
    ... archiving using prefix http://web.archive.org/save/
    ...400 tweets downloaded so far


New tweet from POTUS: RT @realDonaldTrump: Employment is up, Taxes are DOWN.
Enjoy!

archiving URL http://twitter.com/POTUS/status/986308721994272768
    ... archiving using prefix http://web.archive.org/save/
about to get all tweets newer than ID #-1 for account @ElaineChao

archiving URL https://twitter.com/SBALinda/status/986296708089835520
    ... archiving using prefix http://web.archive.org/save/

archiving URL https://twitter.com/POTUS/status/986308721994272768
    ... archiving using prefix http://web.archive.org/save/
about to get all tweets newer than ID #984586337704644609 for account
@DanScavino


New tweet from POTUS: RT @realDonaldTrump: So many people are seeing the
benefits of the Tax Cut Bill. Everyone is talking, really nice to see!

archiving URL http://twitter.com/POTUS/status/986308764864335873
    ... archiving using prefix http://web.archive.org/save/
about to get all tweets newer than ID #954801265732661248 for account
@MELANIATRUMP

archiving URL https://twitter.com/POTUS/status/986308764864335873
    ... archiving using prefix http://web.archive.org/save/


New tweet from POTUS: RT @realDonaldTrump: Getting ready to meet Prime
Minister Abe of Japan, a truly fine gentleman!

archiving URL http://twitter.com/POTUS/status/986308937413812224
    ... archiving using prefix http://web.archive.org/save/

archiving URL https://twitter.com/POTUS/status/986308937413812224
    ... archiving using prefix http://web.archive.org/save/
about to get all tweets newer than ID #986223515648086016 for account
@JessicaDitto45


New tweet from POTUS: RT @VP: Thanks to the historic TRUMP TAX CUTS, today
marks the last time the American people will file taxes under a complicated
&amp; outdated…

archiving URL http://twitter.com/POTUS/status/986309142599077888
    ... archiving using prefix http://web.archive.org/save/
ERROR: unable to get tweets for account @JessicaDitto45
           the system said: Failed to parse JSON payload: Expecting value: line
1 column 616945 (char 616944)
about to get all tweets newer than ID #986290934471151623 for account
@stevenmnuchin1

archiving URL https://twitter.com/POTUS/status/986309142599077888
    ... archiving using prefix http://web.archive.org/save/


New tweet from POTUS: RT @VP: Like @POTUS said yesterday, this #TaxDay is the
LAST TIME Americans will fill out that long, complicated, horrible return. Next
yea…

archiving URL http://twitter.com/POTUS/status/986309220512432129
    ... archiving using prefix http://web.archive.org/save/

archiving URL https://twitter.com/POTUS/status/986309220512432129
    ... archiving using prefix http://web.archive.org/save/
ERROR: unable to get tweets for account @stevenmnuchin1
           the system said: Failed to parse JSON payload: Unterminated string
starting at: line 1 column 608307 (char 608306)
about to get all tweets newer than ID #986286410347851776 for account
@SecNielsen


New tweet from POTUS: RT @WhiteHouse: Hardworking taxpayers will see more
money in their paychecks as a result of the Tax Cuts and Jobs Act signed into
law by Pr…

archiving URL http://twitter.com/POTUS/status/986309362183557120
    ... archiving using prefix http://web.archive.org/save/

archiving URL https://twitter.com/POTUS/status/986309362183557120
    ... archiving using prefix http://web.archive.org/save/
ERROR: unable to get tweets for account @SecNielsen
           the system said: Failed to parse JSON payload: Unterminated string
starting at: line 1 column 613611 (char 613610)
about to get all tweets newer than ID #986282930476593152 for account
@SecretaryPerry


New tweet from POTUS: RT @WhiteHouse: Less money taken out of workers’
paychecks will mean more money freed up to provide for their families and invest
 in their…

archiving URL http://twitter.com/POTUS/status/986309380428660736
    ... archiving using prefix http://web.archive.org/save/
ERROR: unable to get tweets for account @SecretaryPerry
           the system said: Failed to parse JSON payload: Expecting ','
delimiter: line 1 column 609268 (char 609267)
about to get all tweets newer than ID #986281559014637568 for account
@SecretarySonny

archiving URL https://twitter.com/POTUS/status/986309380428660736
    ... archiving using prefix http://web.archive.org/save/


New tweet from POTUS: RT @WhiteHouse: Next Tax Day in 2019, taxpayers will
clearly see the results of the Tax Cuts and Jobs Act, as Washington will be
taking les…

archiving URL http://twitter.com/POTUS/status/986309398661300224
    ... archiving using prefix http://web.archive.org/save/

archiving URL https://twitter.com/POTUS/status/986309398661300224
    ... archiving using prefix http://web.archive.org/save/
about to get all tweets newer than ID #981954374133075968 for account
@MickMulvaneyOMB


New tweet from POTUS: RT @WhiteHouse: Out with the old, in with the new: tax
cuts and reforms that look out for hardworking taxpayers ⬇️
https://t.co/eEHFWkG8xm

archiving URL http://twitter.com/POTUS/status/986309428168228869
    ... archiving using prefix http://web.archive.org/save/
about to get all tweets newer than ID #816846808789958656 for account
@SenDanCoats

archiving URL https://twitter.com/POTUS/status/986309428168228869
    ... archiving using prefix http://web.archive.org/save/


New tweet from POTUS: RT @WhiteHouse: "Tuesday is a day hardworking Americans
may dread more than any other. Tax Day... But we are changing Tax Day for
Americans…

archiving URL http://twitter.com/POTUS/status/986309460615467008
    ... archiving using prefix http://web.archive.org/save/
about to get all tweets newer than ID #986263401985970176 for account @Scavino45

archiving URL https://twitter.com/POTUS/status/986309460615467008
    ... archiving using prefix http://web.archive.org/save/
about to get all tweets newer than ID #983500045436772353 for account
@RealBenCarson
... OK, we're set up, and about to watch 832672006113931269, 118756393,
733751245, 818876014390603776, 827258161841135623, 18916432, 798195585824104449,
 22203756, 831482588246196225, 471672239, 822215673812119553, 15985455,
29547260, 836305915452272641, 24578794, 2334193741, 818927131883356161,
18906561, 599530439, 728361177986797568, 819980276570976256, 1967216306,
65522706, 25073877, 809836066316451840, 52544275, 829782369670410240,
894923298374651904, 818910970567344128, 296060169, 920035992073064450, 20776147,
 803703725730779136, 6577802, 37666984, 20733972, 828613457020870657,
1923451808, 956283913835614208, 822127086194348032, 823638938590085124,
818928162449068032, 826065858548133888, 828997388920619008, 866746592853979137,
819992522109894658, 822215679726100480, 105267762, 620571475, 108471631,
836724024688410625, 799764016885329921, 935148134505828353, 830128820447539208,
842072478834909184, 888031054141022209, 212262370, 823367015830323201,
1180379185


New tweet from SecretarySonny: Plenty of young agricultural leaders turned out
 at our Tax Day town hall in Knoxville, TN. If we're talking about a…
https://t.co/dDNbVgyoSj

archiving URL http://twitter.com/SecretarySonny/status/986312116088070144
    ... archiving using prefix http://web.archive.org/save/

archiving URL https://twitter.com/SecretarySonny/status/986312116088070144
    ... archiving using prefix http://web.archive.org/save/


New tweet from SecretaryZinke: Yesterday the @NatlParkService and members of
the community celebrated #EmancipationDay at Lincoln Park in DC. Peri…
https://t.co/y5pZ0hwYu2

archiving URL http://twitter.com/SecretaryZinke/status/986312336259497984
    ... archiving using prefix http://web.archive.org/save/

archiving URL https://twitter.com/SecretaryZinke/status/986312336259497984
    ... archiving using prefix http://web.archive.org/save/


New tweet from POTUS: RT @WhiteHouse: "On this Tax Day, America is strong and
roaring back. Paychecks are climbing. Tax rates are going down... And most
importan…

archiving URL http://twitter.com/POTUS/status/986312683883520001
    ... archiving using prefix http://web.archive.org/save/


New tweet from KellyannePolls: RT @SpeakerRyan: Thinking of my friend
@SteveScalise. We pray for his speedy recovery and look forward to having him
back at work soon. htt…

archiving URL http://twitter.com/KellyannePolls/status/986312684554653696
    ... archiving using prefix http://web.archive.org/save/

archiving URL https://twitter.com/KellyannePolls/status/986312684554653696
    ... archiving using prefix http://web.archive.org/save/

archiving URL https://twitter.com/POTUS/status/986312683883520001
    ... archiving using prefix http://web.archive.org/save/


New tweet from SpeakerRyan: RT @RepGallagher: What does the new tax code mean
for working families? As @SpeakerRyan put it in his new op-ed: "...more money
and less ha…

archiving URL http://twitter.com/SpeakerRyan/status/986313677505794048
    ... archiving using prefix http://web.archive.org/save/

archiving URL https://twitter.com/SpeakerRyan/status/986313677505794048
    ... archiving using prefix http://web.archive.org/save/


New tweet from IvankaTrump: Great to be with Secretary Mnuchin &amp; former
Governor Sununu in Derry, NH on #TaxDay to highlight the tremendous ben…
https://t.co/mUS4nr3Esr

archiving URL http://twitter.com/IvankaTrump/status/986314156918927362
    ... archiving using prefix http://web.archive.org/save/

archiving URL https://twitter.com/IvankaTrump/status/986314156918927362
    ... archiving using prefix http://web.archive.org/save/
WARNING: received error ('Connection broken: IncompleteRead(0 bytes read, 512
more expected)', IncompleteRead(0 bytes read, 512 more expected)); sleeping and
trying again ...


New tweet from WhiteHouse: RT @realDonaldTrump: Getting ready to meet Prime
Minister Abe of Japan, a truly fine gentleman!

archiving URL http://twitter.com/WhiteHouse/status/986316619621289985
    ... archiving using prefix http://web.archive.org/save/


New tweet from WhiteHouse: RT @realDonaldTrump: Getting ready to meet Prime
Minister Abe of Japan, a truly fine gentleman!

archiving URL http://twitter.com/WhiteHouse/status/986316619621289985
    ... archiving using prefix http://web.archive.org/save/

archiving URL https://twitter.com/WhiteHouse/status/986316619621289985
    ... archiving using prefix http://web.archive.org/save/

archiving URL https://twitter.com/WhiteHouse/status/986316619621289985
    ... archiving using prefix http://web.archive.org/save/


New tweet from KellyannePolls: RT @RepSmucker: Here are four ways the new tax
code will be better than the old one:

1⃣ Lowers rates for all Americans
2⃣
Nearly doubles t…

archiving URL http://twitter.com/KellyannePolls/status/986316756858925057
    ... archiving using prefix http://web.archive.org/save/

archiving URL https://twitter.com/KellyannePolls/status/986316756858925057
    ... archiving using prefix http://web.archive.org/save/


New tweet from KellyannePolls: RT @cathymcmorris: RT if you’re excited to say
goodbye to this 32-year-old tax code. https://t.co/Adg0XqzHpl

archiving URL http://twitter.com/KellyannePolls/status/986316899234525185
    ... archiving using prefix http://web.archive.org/save/


New tweet from KellyannePolls: RT @peterjhasson: Jennifer Rubin
https://t.co/whdveTIOAl

archiving URL http://twitter.com/KellyannePolls/status/986317014238187522
    ... archiving using prefix http://web.archive.org/save/

archiving URL https://twitter.com/KellyannePolls/status/986316899234525185
    ... archiving using prefix http://web.archive.org/save/

archiving URL https://twitter.com/KellyannePolls/status/986317014238187522
    ... archiving using prefix http://web.archive.org/save/
WARNING: received error ('Connection broken: IncompleteRead(0 bytes read, 512
more expected)', IncompleteRead(0 bytes read, 512 more expected)); sleeping and
trying again ...


New tweet from WhiteHouse: Today, President Trump and the First Lady will
welcome the Prime Minister of Japan and Mrs. Abe. https://t.co/u7H0zRmsrN

archiving URL http://twitter.com/WhiteHouse/status/986317375690682370
    ... archiving using prefix http://web.archive.org/save/

archiving URL https://twitter.com/WhiteHouse/status/986317375690682370
    ... archiving using prefix http://web.archive.org/save/


New tweet from SecNielsen: Thank you @RSAsecurity and @dee_bosa for the chance
 to speak to RSA 2018. Digital threats are multiplying and partn…
https://t.co/87lTighGpH

archiving URL http://twitter.com/SecNielsen/status/986317906278400000
    ... archiving using prefix http://web.archive.org/save/

archiving URL https://twitter.com/SecNielsen/status/986317906278400000
    ... archiving using prefix http://web.archive.org/save/
INFO: handling a deletion for data:

{'delete': {'status': {'id':
986317906278400000,
                       'id_str': '986317906278400000',

                       'user_id': 935148134505828353,
'user_id_str': '935148134505828353'},
            'timestamp_ms':
'1523991513669'}}
INFO: successfully dumped raw data to JSON file
INFO: We're handling a deletion notification for tweet ID# 986317906278400000 on
 account SecNielsen
INFO: get_archived_tweet() called to get tweet ID 986317906278400000 for account
 SecNielsen
INFO: found a tweet!
http://web.archive.org/*/http://twitter.com/SecNielsen/status/986317906278400000
	Thank you @RSAsecurity and @dee_bosa for the chance to speak to RSA 2018.
Digital threats are multiplying and partn… https://t.co/87lTighGpH
... adding to list of deleted tweets
... added
... but we're not going to tweet about it because SecNielsen is not in the list
of accounts we tweet about
WARNING: received error ('Connection broken: IncompleteRead(0 bytes read, 2 more
 expected)', IncompleteRead(0 bytes read, 2 more expected)); sleeping and trying
 again ...


New tweet from AshLeeStrong: Janesville Gazette: "Bremel: Delivering a
heartfelt 'thank you' to Paul Ryan" https://t.co/TAmTxDeJv1

archiving URL http://twitter.com/AshLeeStrong/status/986318849862709248
    ... archiving using prefix http://web.archive.org/save/

archiving URL https://twitter.com/AshLeeStrong/status/986318849862709248
    ... archiving using prefix http://web.archive.org/save/


New tweet from Scavino45: Welcome to the United States @JPN_PMO
@AbeShinzo!🇺🇸🇯🇵 https://t.co/o2TSwjGVsn

archiving URL http://twitter.com/Scavino45/status/986320176105836544
    ... archiving using prefix http://web.archive.org/save/

archiving URL https://twitter.com/Scavino45/status/986320176105836544
    ... archiving using prefix http://web.archive.org/save/


New tweet from POTUS: RT @WhiteHouse: Today, President Trump and the First
Lady will welcome the Prime Minister of Japan and Mrs. Abe.
https://t.co/u7H0zRmsrN

archiving URL http://twitter.com/POTUS/status/986320462979502080
    ... archiving using prefix http://web.archive.org/save/

archiving URL https://twitter.com/POTUS/status/986320462979502080
    ... archiving using prefix http://web.archive.org/save/
WARNING: received error ('Connection broken: IncompleteRead(0 bytes read, 512
more expected)', IncompleteRead(0 bytes read, 512 more expected)); sleeping and
trying again ...


New tweet from Scavino45: RT @motomatano: PM Abe arrived in West Palm Beach FL
 🇺🇸 #AbeVisit https://t.co/pYuCxL0zAf

archiving URL http://twitter.com/Scavino45/status/986322460399284227
    ... archiving using prefix http://web.archive.org/save/

archiving URL https://twitter.com/Scavino45/status/986322460399284227
    ... archiving using prefix http://web.archive.org/save/


New tweet from MickMulvaneyOMB: This #TaxDay is the last time you will have to
 file your taxes under the old complicated system. Next year, your ta…
https://t.co/pcIPFvrWE5

archiving URL http://twitter.com/MickMulvaneyOMB/status/986323643117350912
    ... archiving using prefix http://web.archive.org/save/

archiving URL https://twitter.com/MickMulvaneyOMB/status/986323643117350912
    ... archiving using prefix http://web.archive.org/save/
WARNING: received error ('Connection broken: IncompleteRead(0 bytes read, 512
more expected)', IncompleteRead(0 bytes read, 512 more expected)); sleeping and
trying again ...
