Hello, traveler. This is the beginning of a log file called: "Fascist Tweet Archiver".
Some basic system info about the host machine: posix.uname_result(sysname='Linux', nodename='file-server', release='3.16.0-6-686-pae', version='#1 SMP Debian 3.16.56-1+deb8u1 (2018-05-08)', machine='i686')
This log was begun Wednesday, 13 June 2018 at 17:03



INFO: read target account data; we're tracking 59 accounts
WARNING: no ProtocolError (got exception "name 'ProtocolError' is not defined");
 trying requests.packages.urllib3.exceptions instead
NOTE: successfully imported from requests
Starting up...
about to get all tweets newer than ID #816846808789958656 for account
@SenDanCoats
about to get all tweets newer than ID #1006911628472913920 for account
@SecretaryAcosta
about to get all tweets newer than ID #1006353571502329857 for account
@SecretaryCarson
about to get all tweets newer than ID #1007022193585414146 for account @VP
about to get all tweets newer than ID #1006547340365361153 for account
@StephGrisham45
about to get all tweets newer than ID #978650205192044545 for account
@SecShulkin
about to get all tweets newer than ID #1006919378783363072 for account
@SecretarySonny
about to get all tweets newer than ID #1006820967967019015 for account
@Scavino45
about to get all tweets newer than ID #1005647989036273664 for account @Comey
about to get all tweets newer than ID #-1 for account @jaredkushner
about to get all tweets newer than ID #1007016548719124480 for account
@seanspicer
about to get all tweets newer than ID #1007026814865338369 for account
@SecretaryPerry
about to get all tweets newer than ID #1004903666304847872 for account
@MickMulvaneyOMB
about to get all tweets newer than ID #1005582819786149888 for account
@mike_pence
about to get all tweets newer than ID #1006356055394279424 for account
@RealBenCarson
about to get all tweets newer than ID #1007031435776155651 for account
@AshLeeStrong
about to get all tweets newer than ID #816290296048873472 for account
@WilburRoss
about to get all tweets newer than ID #832282841471918080 for account
@BetsyDeVos
about to get all tweets newer than ID #1006948217836261376 for account
@statedeptspox
about to get all tweets newer than ID #1006544685953961984 for account
@stevenmnuchin1
about to get all tweets newer than ID #1003795765028884485 for account
@Linda_McMahon
about to get all tweets newer than ID #1006837917745115136 for account @PressSec
about to get all tweets newer than ID #1007022462205349894 for account
@BetsyDeVosED
about to get all tweets newer than ID #1006916946015739904 for account @SBALinda
about to get all tweets newer than ID #1007034100484456448 for account
@nikkihaley
getting all tweets before ID #972228903606673407
    ...400 tweets downloaded so far


New tweet from nikkihaley: @AustraliaUN Thank you!

archiving URL http://twitter.com/nikkihaley/status/1007035859705778177
    ... archiving using prefix http://web.archive.org/save/
about to get all tweets newer than ID #1006967457913933824 for account
@SecNielsen
about to get all tweets newer than ID #1006965435353493504 for account
@KellyannePolls

archiving URL https://twitter.com/nikkihaley/status/1007035859705778177
    ... archiving using prefix http://web.archive.org/save/
about to get all tweets newer than ID #1006582155357642753 for account
@AmbJohnBolton
about to get all tweets newer than ID #890659905798983680 for account @Reince45
ERROR: unable to get tweets for account @Reince45
           the system said: Not authorized.
about to get all tweets newer than ID #-1 for account @ElaineChao
about to get all tweets newer than ID #1006993808830226433 for account
@EPAScottPruitt
about to get all tweets newer than ID #1007004402308321280 for account
@SpeakerRyan
about to get all tweets newer than ID #1006252379451387904 for account @FLOTUS
about to get all tweets newer than ID #824610180881117184 for account
@GovPenceIN
about to get all tweets newer than ID #913881045652688901 for account
@SecPriceMD
about to get all tweets newer than ID #1003255393374613504 for account @Reince
about to get all tweets newer than ID #1006968622953259008 for account
@EnergyDepSec
about to get all tweets newer than ID #1006256756094373889 for account @Cabinet
about to get all tweets newer than ID #1007011726821347330 for account @SecAzar
about to get all tweets newer than ID #1004743536028286976 for account @PRyan
about to get all tweets newer than ID #1004919431217152001 for account
@DanScavino
about to get all tweets newer than ID #903694300306923521 for account
@SecElaineChao
about to get all tweets newer than ID #1006967699958886400 for account
@DepSecHargan
about to get all tweets newer than ID #994396943421001728 for account
@TomBossert45
about to get all tweets newer than ID #856041462164836355 for account
@FirstLadyIN
about to get all tweets newer than ID #836780744810844161 for account
@StephenMillerAL
about to get all tweets newer than ID #1006958543508070400 for account
@IvankaTrump
getting all tweets before ID #987287789984153599
    ...400 tweets downloaded so far


New tweet from IvankaTrump: RT @SenAlexander: Thank you @IvankaTrump for your
leadership to update this important law for students and adult workers.
https://t.co/l9Yb…

archiving URL http://twitter.com/IvankaTrump/status/1007031646430941185
    ... archiving using prefix http://web.archive.org/save/
about to get all tweets newer than ID #1006852288437260288 for account
@JessicaDitto45
about to get all tweets newer than ID #1004724751758184449 for account
@IvankaTrumpHQ

archiving URL https://twitter.com/IvankaTrump/status/1007031646430941185
    ... archiving using prefix http://web.archive.org/save/
about to get all tweets newer than ID #1004472039615410176 for account
@GovernorPerry
about to get all tweets newer than ID #954801265732661248 for account
@MELANIATRUMP
about to get all tweets newer than ID #1006978057469652992 for account @POTUS
about to get all tweets newer than ID #1006955511504363521 for account
@SecretaryZinke
about to get all tweets newer than ID #830074939298414592 for account
@RepTomPrice
about to get all tweets newer than ID #1006951081275023361 for account
@WhiteHouse
about to get all tweets newer than ID #1007021228777975810 for account
@SecondLady
about to get all tweets newer than ID #1005194928455118848 for account
@SecretaryRoss
about to get all tweets newer than ID #1007002252467458048 for account
@realDonaldTrump
about to get all tweets newer than ID #1007031386862178304 for account
@Scaramucci
... OK, we're set up, and about to watch 212262370, 819980276570976256,
828613457020870657, 818910970567344128, 823638938590085124, 831482588246196225,
842072478834909184, 823367015830323201, 2334193741, 29547260, 20776147,
830128820447539208, 888031054141022209, 22203756, 1180379185, 296060169,
809836066316451840, 599530439, 1967216306, 799764016885329921, 65522706,
818927131883356161, 828997388920619008, 819992522109894658, 37666984,
935148134505828353, 471672239, 118756393, 803703725730779136, 105267762,
832672006113931269, 18916432, 818876014390603776, 15985455, 829782369670410240,
20733972, 894923298374651904, 818928162449068032, 956283913835614208, 733751245,
 620571475, 826065858548133888, 920035992073064450, 866746592853979137,
1923451808, 728361177986797568, 52544275, 836724024688410625,
798195585824104449, 18906561, 108471631, 822215679726100480, 827258161841135623,
 6577802, 822215673812119553, 822127086194348032, 836305915452272641, 25073877,
24578794


New tweet from statedeptspox: .@mod_russia falsely claiming U.S. forces and
the Free Syrian Army preparing a staged chemical weapons attack in Sy…
https://t.co/YaAb0OQQJ7

archiving URL http://twitter.com/statedeptspox/status/1007037663290056721
    ... archiving using prefix http://web.archive.org/save/


New tweet from SecretaryCarson: I believe in an America where people care
about their neighbors, have a strong sense of community, and a well-defin…
https://t.co/fKrkVVp8JX

archiving URL http://twitter.com/SecretaryCarson/status/1007037944773922818
    ... archiving using prefix http://web.archive.org/save/

archiving URL https://twitter.com/SecretaryCarson/status/1007037944773922818
    ... archiving using prefix http://web.archive.org/save/


New tweet from statedeptspox: Good morning, #Seoul ⁦@SecPompeo⁩ arrives at
⁦@bluehousekorea⁩ to meet with Prez Moon. ⁦@StateDept⁩ https://t.co/45z214yb4b

archiving URL http://twitter.com/statedeptspox/status/1007048969795485696
    ... archiving using prefix http://web.archive.org/save/

archiving URL https://twitter.com/statedeptspox/status/1007048969795485696
    ... archiving using prefix http://web.archive.org/save/


New tweet from WhiteHouse: "Pompeo Sees North Korean Denuclearization in
Trump's First Term," Nick Wadhams reports in Bloomberg. 

Read more:…
https://t.co/0R1f8TbQpS

archiving URL http://twitter.com/WhiteHouse/status/1007053760286380038
    ... archiving using prefix http://web.archive.org/save/

archiving URL https://twitter.com/WhiteHouse/status/1007053760286380038
    ... archiving using prefix http://web.archive.org/save/


New tweet from VP: Glad to hear NASA expects the Opportunity Rover “Oppy” to
weather one of the worst dust storms recorded on Mars. Gr…
https://t.co/2QSa3K8x7F

archiving URL http://twitter.com/VP/status/1007056058139992066
    ... archiving using prefix http://web.archive.org/save/

archiving URL https://twitter.com/VP/status/1007056058139992066
    ... archiving using prefix http://web.archive.org/save/


New tweet from statedeptspox: RT @SecPompeo: Our alliance is ironclad.  We
look forward to continuing our close coordination with @bluehousekorea  &amp;
@moonriver365 on #DP…

archiving URL http://twitter.com/statedeptspox/status/1007060718321979393
    ... archiving using prefix http://web.archive.org/save/
WARNING: attempt to archive timed out, sleeping for 10 seconds

archiving URL https://twitter.com/statedeptspox/status/1007060718321979393
    ... archiving using prefix http://web.archive.org/save/


New tweet from seanspicer: RT @FoxNews: .@seanspicer: "I don't think any of us
 could have predicted how much [@POTUS is] getting done." #TheStory
https://t.co/nEwcohs…

archiving URL http://twitter.com/seanspicer/status/1007062605251448838
    ... archiving using prefix http://web.archive.org/save/
WARNING: attempt to archive timed out, sleeping for 10 seconds

archiving URL https://twitter.com/seanspicer/status/1007062605251448838
    ... archiving using prefix http://web.archive.org/save/


New tweet from seanspicer: Great to see my friend and Secretary of Commerce
@SecretaryRoss get honored at this year’s @harvardhbs club of wash…
https://t.co/swZMwFwQnN

archiving URL http://twitter.com/seanspicer/status/1007062804308856833
    ... archiving using prefix http://web.archive.org/save/

archiving URL https://twitter.com/seanspicer/status/1007062804308856833
    ... archiving using prefix http://web.archive.org/save/


New tweet from PressSec: Does @CBSNews know something I don’t about my plans
and my future? I was at my daughter’s year-end Kindergarten eve…
https://t.co/gwrJzTQCsH

archiving URL http://twitter.com/PressSec/status/1007062893001609216
    ... archiving using prefix http://web.archive.org/save/

archiving URL https://twitter.com/PressSec/status/1007062893001609216
    ... archiving using prefix http://web.archive.org/save/


New tweet from SpeakerRyan: RT @SteveScalise: It's more than a game.
https://t.co/Obltwoeu2U

archiving URL http://twitter.com/SpeakerRyan/status/1007063006746988544
    ... archiving using prefix http://web.archive.org/save/


New tweet from JessicaDitto45: RT @PressSec: Does @CBSNews know something I
don’t about my plans and my future? I was at my daughter’s year-end Kindergarten
 event and the…

archiving URL http://twitter.com/JessicaDitto45/status/1007064299477532672
    ... archiving using prefix http://web.archive.org/save/

archiving URL https://twitter.com/JessicaDitto45/status/1007064299477532672
    ... archiving using prefix http://web.archive.org/save/


New tweet from Scavino45: “Anyone can make war, but only the most courageous
can make peace.”
President Donald J. Trump
#SingaporeSummit
https://t.co/2gxTgTxG87

archiving URL http://twitter.com/Scavino45/status/1007069931886858240
    ... archiving using prefix http://web.archive.org/save/

archiving URL https://twitter.com/Scavino45/status/1007069931886858240
    ... archiving using prefix http://web.archive.org/save/
WARNING: received error HTTPSConnectionPool(host='stream.twitter.com',
port=443): Read timed out.; sleeping and trying again ...


New tweet from PressSec: RT @SteveScalise: Tomorrow. https://t.co/RDx7AbXLkp

archiving URL http://twitter.com/PressSec/status/1007090517392416769
    ... archiving using prefix http://web.archive.org/save/


New tweet from statedeptspox: .@SecPompeo speaks with press after meeting with
 #ROK FM Kang &amp; #Japanese FM Kono in Seoul @StateDept
https://t.co/ryrwJHVjbU

archiving URL http://twitter.com/statedeptspox/status/1007093180771135488
    ... archiving using prefix http://web.archive.org/save/
WARNING: attempt to archive timed out, sleeping for 10 seconds

archiving URL https://twitter.com/statedeptspox/status/1007093180771135488
    ... archiving using prefix http://web.archive.org/save/


New tweet from Scaramucci: RT @DeidreScaramuc2: Wooot woooot!
https://t.co/siXFxn2qBN

archiving URL http://twitter.com/Scaramucci/status/1007094849395478530
    ... archiving using prefix http://web.archive.org/save/

archiving URL https://twitter.com/Scaramucci/status/1007094849395478530
    ... archiving using prefix http://web.archive.org/save/


New tweet from Scaramucci: RT @DeidreScaramuc2: This. https://t.co/PAiG1h7AyF

archiving URL http://twitter.com/Scaramucci/status/1007094920010747904
    ... archiving using prefix http://web.archive.org/save/

archiving URL https://twitter.com/Scaramucci/status/1007094920010747904
    ... archiving using prefix http://web.archive.org/save/


New tweet from Scaramucci: RT @DeidreScaramuc2: Flowers on fleeeeeek! 🌸🌼🌻
https://t.co/0u1KCa8mqc

archiving URL http://twitter.com/Scaramucci/status/1007094934455881728
    ... archiving using prefix http://web.archive.org/save/

archiving URL https://twitter.com/Scaramucci/status/1007094934455881728
    ... archiving using prefix http://web.archive.org/save/


New tweet from Scaramucci: RT @EdKrassen: @MichaelAvenatti @Scaramucci
@StephenAtHome We do need more of this.  Too much division within this country
as of late.

archiving URL http://twitter.com/Scaramucci/status/1007096256488005632
    ... archiving using prefix http://web.archive.org/save/
WARNING: received error HTTPSConnectionPool(host='stream.twitter.com',
port=443): Read timed out.; sleeping and trying again ...


New tweet from PressSec: RT @SecPompeo: Trilateral cooperation among US, #ROK
&amp; #Japan has been crucial to the effectiveness of our efforts regarding
#DPRK We commi…

archiving URL http://twitter.com/PressSec/status/1007104970854936576
    ... archiving using prefix http://web.archive.org/save/

archiving URL https://twitter.com/PressSec/status/1007104970854936576
    ... archiving using prefix http://web.archive.org/save/


New tweet from Scaramucci: RT @colbertlateshow: Have you ever seen @Scaramucci
 and @MichaelAvenatti on TV before? If not, they join the show in just 5 mins!
#LSSC htt…

archiving URL http://twitter.com/Scaramucci/status/1007105199704600576
    ... archiving using prefix http://web.archive.org/save/

archiving URL https://twitter.com/Scaramucci/status/1007105199704600576
    ... archiving using prefix http://web.archive.org/save/
WARNING: received error HTTPSConnectionPool(host='stream.twitter.com',
port=443): Read timed out.; sleeping and trying again ...
WARNING: received error HTTPSConnectionPool(host='stream.twitter.com',
port=443): Read timed out.; sleeping and trying again ...


New tweet from Scaramucci: RT @guitarjuice: @speckjeremy @colbertlateshow
@Scaramucci Then change the channel. One of the best interviews on this show
yet!

archiving URL http://twitter.com/Scaramucci/status/1007118243260223490
    ... archiving using prefix http://web.archive.org/save/

archiving URL https://twitter.com/Scaramucci/status/1007118243260223490
    ... archiving using prefix http://web.archive.org/save/


New tweet from Scaramucci: RT @mark_earnest: Caught @Scaramucci on
@colbertlateshow. What have we come to where he is a refreshing breath of fresh
air and sane discus…

archiving URL http://twitter.com/Scaramucci/status/1007118402014597120
    ... archiving using prefix http://web.archive.org/save/

archiving URL https://twitter.com/Scaramucci/status/1007118402014597120
    ... archiving using prefix http://web.archive.org/save/
WARNING: received error HTTPSConnectionPool(host='stream.twitter.com',
port=443): Read timed out.; sleeping and trying again ...
WARNING: received error HTTPSConnectionPool(host='stream.twitter.com',
port=443): Read timed out.; sleeping and trying again ...
WARNING: received error HTTPSConnectionPool(host='stream.twitter.com',
port=443): Read timed out.; sleeping and trying again ...
WARNING: received error HTTPSConnectionPool(host='stream.twitter.com',
port=443): Read timed out.; sleeping and trying again ...


New tweet from statedeptspox: Thanks to all from @usembassyseoul !
https://t.co/bGln2J9aSH

archiving URL http://twitter.com/statedeptspox/status/1007140225007718401
    ... archiving using prefix http://web.archive.org/save/

archiving URL https://twitter.com/statedeptspox/status/1007140225007718401
    ... archiving using prefix http://web.archive.org/save/
WARNING: received error HTTPSConnectionPool(host='stream.twitter.com',
port=443): Read timed out.; sleeping and trying again ...
WARNING: received error HTTPSConnectionPool(host='stream.twitter.com',
port=443): Read timed out.; sleeping and trying again ...
WARNING: received error HTTPSConnectionPool(host='stream.twitter.com',
port=443): Read timed out.; sleeping and trying again ...
WARNING: received error HTTPSConnectionPool(host='stream.twitter.com',
port=443): Read timed out.; sleeping and trying again ...
WARNING: received error HTTPSConnectionPool(host='stream.twitter.com',
port=443): Read timed out.; sleeping and trying again ...


New tweet from seanspicer: RT @FoxNews: .@seanspicer: "I don't think any of us
 could have predicted how much [@POTUS is] getting done." #TheStory
https://t.co/78rXY8C…

archiving URL http://twitter.com/seanspicer/status/1007209473969147904
    ... archiving using prefix http://web.archive.org/save/

archiving URL https://twitter.com/seanspicer/status/1007209473969147904
    ... archiving using prefix http://web.archive.org/save/
WARNING: received error HTTPSConnectionPool(host='stream.twitter.com',
port=443): Read timed out.; sleeping and trying again ...


New tweet from SecretaryZinke: RT @SteveScalise: It's more than a game.
https://t.co/Obltwoeu2U

archiving URL http://twitter.com/SecretaryZinke/status/1007219413165240321
    ... archiving using prefix http://web.archive.org/save/

archiving URL https://twitter.com/SecretaryZinke/status/1007219413165240321
    ... archiving using prefix http://web.archive.org/save/
