Hello, traveler. This is the beginning of a log file called: "Fascist Tweet Archiver".
Some basic system info about the host machine: posix.uname_result(sysname='Linux', nodename='file-server', release='3.16.0-5-686-pae', version='#1 SMP Debian 3.16.51-3+deb8u1 (2018-01-08)', machine='i686')
This log was begun Tuesday, 30 January 2018 at 12:28



INFO: read target account data; we're tracking 52 accounts
WARNING: no ProtocolError (got exception "name 'ProtocolError' is not defined");
 trying requests.packages.urllib3.exceptions instead
NOTE: successfully imported from requests
Starting up...
about to get all tweets newer than ID #957383382358528001 for account
@TomBossert45
ERROR: unable to get tweets for account @TomBossert45
           the system said: Failed to parse JSON payload: Unterminated string
starting at: line 1 column 505907 (char 505906)
about to get all tweets newer than ID #-1 for account @ElaineChao
about to get all tweets newer than ID #958172116284792832 for account
@KellyannePolls
about to get all tweets newer than ID #930982584649175047 for account
@mike_pence
about to get all tweets newer than ID #958381317841997825 for account @SBALinda
ERROR: unable to get tweets for account @SBALinda
           the system said: Failed to send request: ('Connection aborted.',
BadStatusLine("''",))
about to get all tweets newer than ID #958415153313320960 for account @Scavino45
about to get all tweets newer than ID #958090523364986887 for account
@MickMulvaneyOMB
about to get all tweets newer than ID #856041462164836355 for account
@FirstLadyIN
about to get all tweets newer than ID #832282841471918080 for account
@BetsyDeVos
about to get all tweets newer than ID #958375644060160001 for account @PressSec
about to get all tweets newer than ID #898401955847876608 for account
@Linda_McMahon
about to get all tweets newer than ID #903694300306923521 for account
@SecElaineChao
about to get all tweets newer than ID #-1 for account @jaredkushner
about to get all tweets newer than ID #958419584176017408 for account
@SecretaryZinke
about to get all tweets newer than ID #958155581684142080 for account
@SecretaryAcosta
ERROR: unable to get tweets for account @SecretaryAcosta
           the system said: Failed to parse JSON payload: Unterminated string
starting at: line 1 column 506143 (char 506142)
about to get all tweets newer than ID #954801265732661248 for account
@MELANIATRUMP
about to get all tweets newer than ID #958382786330669057 for account @POTUS
getting all tweets before ID #947329877111398401
ERROR: unable to get tweets for account @POTUS
           the system said: Failed to parse JSON payload: Unterminated string
starting at: line 1 column 508856 (char 508855)
about to get all tweets newer than ID #816290296048873472 for account
@WilburRoss
about to get all tweets newer than ID #958364871137153024 for account
@StephGrisham45
ERROR: unable to get tweets for account @StephGrisham45
           the system said: Failed to parse JSON payload: Expecting value: line
1 column 505243 (char 505242)
about to get all tweets newer than ID #958118563843334144 for account
@IvankaTrumpHQ
about to get all tweets newer than ID #958357748072243203 for account
@AshLeeStrong
about to get all tweets newer than ID #954948632666693632 for account
@DanScavino
about to get all tweets newer than ID #956608918033231872 for account
@SecretaryCarson
about to get all tweets newer than ID #958393643227852800 for account
@stevenmnuchin1
about to get all tweets newer than ID #953073831534612480 for account
@SecretaryRoss
about to get all tweets newer than ID #958400422250733569 for account
@IvankaTrump
about to get all tweets newer than ID #824610180881117184 for account
@GovPenceIN
about to get all tweets newer than ID #890659905798983680 for account @Reince45
about to get all tweets newer than ID #913881045652688901 for account
@SecPriceMD
about to get all tweets newer than ID #955492025830387714 for account @Reince
about to get all tweets newer than ID #958169916493922304 for account
@JessicaDitto45
about to get all tweets newer than ID #958152964694212608 for account
@nikkihaley
about to get all tweets newer than ID #816846808789958656 for account
@SenDanCoats
about to get all tweets newer than ID #958357761418518533 for account
@seanspicer
ERROR: unable to get tweets for account @seanspicer
           the system said: Failed to parse JSON payload: Expecting value: line
1 column 510346 (char 510345)
about to get all tweets newer than ID #958078963775102976 for account
@SecretaryPerry
about to get all tweets newer than ID #958375504184143872 for account @PRyan
about to get all tweets newer than ID #958364537237000193 for account @VP
about to get all tweets newer than ID #830074939298414592 for account
@RepTomPrice
about to get all tweets newer than ID #898632795517403136 for account
@GeneralJFKellly
ERROR: unable to get tweets for account @GeneralJFKellly
           the system said: Not authorized.
about to get all tweets newer than ID #958057877960261632 for account
@EPAScottPruitt
ERROR: unable to get tweets for account @EPAScottPruitt
           the system said: Failed to parse JSON payload: Unterminated string
starting at: line 1 column 681202 (char 681201)
about to get all tweets newer than ID #958407229035728896 for account
@SpeakerRyan
about to get all tweets newer than ID #957736917642235909 for account
@RealBenCarson
about to get all tweets newer than ID #958384973848948736 for account
@WhiteHouse
ERROR: unable to get tweets for account @WhiteHouse
           the system said: Failed to parse JSON payload: Unterminated string
starting at: line 1 column 676864 (char 676863)
about to get all tweets newer than ID #956905287704772608 for account
@BetsyDeVosED
about to get all tweets newer than ID #958070403901124609 for account
@realDonaldTrump
about to get all tweets newer than ID #955254388423118849 for account
@GovernorPerry
about to get all tweets newer than ID #957297411876995072 for account @FLOTUS
about to get all tweets newer than ID #958414620548587520 for account
@SecretarySonny
getting all tweets before ID #928658045122613250
ERROR: unable to get tweets for account @SecretarySonny
           the system said: Failed to parse JSON payload: Unterminated string
starting at: line 1 column 506764 (char 506763)
about to get all tweets newer than ID #836780744810844161 for account
@StephenMillerAL
about to get all tweets newer than ID #958399995073454082 for account
@SecShulkin
about to get all tweets newer than ID #958069379639513089 for account
@SecondLady
about to get all tweets newer than ID #958174986467987458 for account
@Scaramucci
ERROR: unable to get tweets for account @Scaramucci
           the system said: Failed to send request:
HTTPSConnectionPool(host='api.twitter.com', port=443): Read timed out. (read
timeout=60)
... OK, we're set up, and about to watch 866746592853979137, 105267762,
471672239, 22203756, 819992522109894658, 823367015830323201, 888031054141022209,
 1923451808, 599530439, 818927131883356161, 65522706, 826065858548133888,
29547260, 827258161841135623, 819980276570976256, 108471631, 822215679726100480,
 809836066316451840, 823638938590085124, 798195585824104449, 296060169,
620571475, 828613457020870657, 799764016885329921, 836305915452272641, 52544275,
 15985455, 803703725730779136, 829782369670410240, 20733972, 836724024688410625,
 37666984, 212262370, 20776147, 830128820447539208, 733751245,
818910970567344128, 6577802, 892173412818354177, 832672006113931269, 18916432,
1180379185, 822215673812119553, 828997388920619008, 25073877, 18906561,
818876014390603776, 842072478834909184, 728361177986797568, 831482588246196225,
822127086194348032, 24578794
