Hello, traveler. This is the beginning of a log file called: "Fascist Tweet Archiver".
Some basic system info about the host machine: posix.uname_result(sysname='Linux', nodename='file-server', release='3.16.0-6-686-pae', version='#1 SMP Debian 3.16.56-1+deb8u1 (2018-05-08)', machine='i686')
This log was begun Wednesday, 06 June 2018 at 09:52



INFO: read target account data; we're tracking 59 accounts
WARNING: no ProtocolError (got exception "name 'ProtocolError' is not defined");
 trying requests.packages.urllib3.exceptions instead
NOTE: successfully imported from requests
Starting up...
about to get all tweets newer than ID #1004136058915704832 for account
@EPAScottPruitt
about to get all tweets newer than ID #890659905798983680 for account @Reince45
ERROR: unable to get tweets for account @Reince45
           the system said: Not authorized.
about to get all tweets newer than ID #1002993456845852672 for account
@RealBenCarson
about to get all tweets newer than ID #1004094841368784896 for account
@MickMulvaneyOMB
about to get all tweets newer than ID #-1 for account @ElaineChao
about to get all tweets newer than ID #1004037738780241921 for account
@SecretaryAcosta
about to get all tweets newer than ID #1003676875095461889 for account @Comey
about to get all tweets newer than ID #1003795765028884485 for account
@Linda_McMahon
about to get all tweets newer than ID #1004062130805583873 for account
@nikkihaley
about to get all tweets newer than ID #1003255393374613504 for account @Reince
about to get all tweets newer than ID #1001860001865125889 for account
@SecretaryRoss
about to get all tweets newer than ID #1003712753998196736 for account
@SecNielsen
about to get all tweets newer than ID #836780744810844161 for account
@StephenMillerAL
about to get all tweets newer than ID #994396943421001728 for account
@TomBossert45
about to get all tweets newer than ID #954801265732661248 for account
@MELANIATRUMP
about to get all tweets newer than ID #830074939298414592 for account
@RepTomPrice
about to get all tweets newer than ID #856041462164836355 for account
@FirstLadyIN
about to get all tweets newer than ID #1003853149633949696 for account
@DanScavino
about to get all tweets newer than ID #1004037987607498754 for account @PressSec
about to get all tweets newer than ID #1003690193474514944 for account
@KellyannePolls
about to get all tweets newer than ID #1001647653174706176 for account
@GovernorPerry
about to get all tweets newer than ID #1004382827880775681 for account
@SecretarySonny
about to get all tweets newer than ID #1003663449342271488 for account
@BetsyDeVosED
about to get all tweets newer than ID #1001107769682989056 for account
@mike_pence
about to get all tweets newer than ID #1004377107231838208 for account
@Scaramucci
about to get all tweets newer than ID #1004374870157877248 for account
@SpeakerRyan
about to get all tweets newer than ID #1004372707151171584 for account
@JessicaDitto45
getting all tweets before ID #982971582351052799
    ...391 tweets downloaded so far


New tweet from JessicaDitto45: RT @SBALinda: As we continue to celebrate
#500Days since @realDonaldTrump took office, we celebrate that @SBAgov total
lending to #SmallBus…
about to get all tweets newer than ID #1004384436799057920 for account @SBALinda

archiving URL http://twitter.com/JessicaDitto45/status/1004394002127507456
    ... archiving using prefix http://web.archive.org/save/

archiving URL https://twitter.com/JessicaDitto45/status/1004394002127507456
    ... archiving using prefix http://web.archive.org/save/


New tweet from JessicaDitto45: RT @SBALinda: There’s been a serious change in
Washington and for the first time, #SmallBusinesses feel like government is back
 on their si…

archiving URL http://twitter.com/JessicaDitto45/status/1004394209204494337
    ... archiving using prefix http://web.archive.org/save/

archiving URL https://twitter.com/JessicaDitto45/status/1004394209204494337
    ... archiving using prefix http://web.archive.org/save/
getting all tweets before ID #988386769744879616
    ...400 tweets downloaded so far


New tweet from SBALinda: As we continue to celebrate #500Days since
@realDonaldTrump took office, we celebrate that @SBAgov total lending to…
https://t.co/d8jLMugIvk
about to get all tweets newer than ID #1004060244442583045 for account
@DepSecHargan

archiving URL http://twitter.com/SBALinda/status/1004392583391596546
    ... archiving using prefix http://web.archive.org/save/

archiving URL https://twitter.com/SBALinda/status/1004392583391596546
    ... archiving using prefix http://web.archive.org/save/
about to get all tweets newer than ID #-1 for account @jaredkushner
about to get all tweets newer than ID #1004218962966646784 for account
@AshLeeStrong
about to get all tweets newer than ID #1004387902762225664 for account @POTUS
about to get all tweets newer than ID #997484665211670528 for account
@AmbJohnBolton
about to get all tweets newer than ID #1003817896932495362 for account
@SecondLady
about to get all tweets newer than ID #913881045652688901 for account
@SecPriceMD
about to get all tweets newer than ID #824610180881117184 for account
@GovPenceIN
about to get all tweets newer than ID #1002244568727748608 for account @PRyan
about to get all tweets newer than ID #816846808789958656 for account
@SenDanCoats
about to get all tweets newer than ID #1004347089269161984 for account @SecAzar
about to get all tweets newer than ID #1004100825176838144 for account
@Scavino45
about to get all tweets newer than ID #1004317302177828864 for account
@IvankaTrump
about to get all tweets newer than ID #978650205192044545 for account
@SecShulkin
about to get all tweets newer than ID #1004336310268637184 for account
@seanspicer
about to get all tweets newer than ID #1004176394337898497 for account @VP
about to get all tweets newer than ID #1004382827532767232 for account
@SecretaryZinke
getting all tweets before ID #989199361094582272
    ...400 tweets downloaded so far


New tweet from SecretaryZinke: Fun time meeting the bright young interns of
the @WhiteHouse office of Cabinet Affairs. These young people are goin…
https://t.co/XcH35Ri0ve
about to get all tweets newer than ID #1004069301484220416 for account
@SecretaryPerry

archiving URL http://twitter.com/SecretaryZinke/status/1004387687808356353
    ... archiving using prefix http://web.archive.org/save/

archiving URL https://twitter.com/SecretaryZinke/status/1004387687808356353
    ... archiving using prefix http://web.archive.org/save/


New tweet from SecretaryZinke: We just announced a quarter BILLION dollars for
 @NatlParkService #infrastructure projects. Check it out here👇
https://t.co/taom55C70i

archiving URL http://twitter.com/SecretaryZinke/status/1004395159235284993
    ... archiving using prefix http://web.archive.org/save/

archiving URL https://twitter.com/SecretaryZinke/status/1004395159235284993
    ... archiving using prefix http://web.archive.org/save/
about to get all tweets newer than ID #1003804427436941320 for account
@SecretaryCarson
about to get all tweets newer than ID #1003705948064702465 for account @Cabinet
about to get all tweets newer than ID #1004060340534079488 for account @FLOTUS
about to get all tweets newer than ID #1004201833018068993 for account
@statedeptspox
about to get all tweets newer than ID #1004121647035699201 for account
@stevenmnuchin1
about to get all tweets newer than ID #1004060601788850176 for account
@StephGrisham45
about to get all tweets newer than ID #1003992135182544896 for account
@EnergyDepSec
about to get all tweets newer than ID #1004386439390466051 for account
@WhiteHouse
getting all tweets before ID #999046825997987841
    ...399 tweets downloaded so far
about to get all tweets newer than ID #832282841471918080 for account
@BetsyDeVos


New tweet from WhiteHouse: President Trump Participates in the Signing
Ceremony for S. 2372 – VA Mission Act of 2018: https://t.co/EmsdctGWtd
https://t.co/Kc4OnLW2s5

archiving URL http://twitter.com/WhiteHouse/status/1004396504839270401
    ... archiving using prefix http://web.archive.org/save/

archiving URL https://twitter.com/WhiteHouse/status/1004396504839270401
    ... archiving using prefix http://web.archive.org/save/
about to get all tweets newer than ID #1004373239194320900 for account
@realDonaldTrump
about to get all tweets newer than ID #903694300306923521 for account
@SecElaineChao
about to get all tweets newer than ID #999379623552192513 for account
@IvankaTrumpHQ
about to get all tweets newer than ID #816290296048873472 for account
@WilburRoss
... OK, we're set up, and about to watch 832672006113931269, 803703725730779136,
 1180379185, 888031054141022209, 105267762, 819980276570976256, 2334193741,
65522706, 37666984, 20733972, 836305915452272641, 935148134505828353,
728361177986797568, 866746592853979137, 108471631, 6577802, 1923451808,
620571475, 818927131883356161, 471672239, 18906561, 842072478834909184,
828997388920619008, 22203756, 24578794, 18916432, 836724024688410625,
819992522109894658, 920035992073064450, 29547260, 296060169, 822215679726100480,
 118756393, 822127086194348032, 829782369670410240, 15985455, 733751245,
212262370, 956283913835614208, 823367015830323201, 52544275, 831482588246196225,
 20776147, 818910970567344128, 827258161841135623, 830128820447539208,
828613457020870657, 818928162449068032, 818876014390603776, 1967216306,
799764016885329921, 823638938590085124, 894923298374651904, 822215673812119553,
599530439, 25073877, 826065858548133888, 798195585824104449, 809836066316451840
