Hello, traveler. This is the beginning of a log file called: "Fascist Tweet Archiver".
Some basic system info about the host machine: posix.uname_result(sysname='Linux', nodename='file-server', release='3.16.0-4-686-pae', version='#1 SMP Debian 3.16.51-3 (2017-12-13)', machine='i686')
This log was begun Tuesday, 23 January 2018 at 07:10



INFO: read target account data; we're tracking 52 accounts
WARNING: no ProtocolError (got exception "name 'ProtocolError' is not defined");
 trying requests.packages.urllib3.exceptions instead
NOTE: successfully imported from requests
Starting up...
about to get all tweets newer than ID #955581359715692545 for account
@Scaramucci
about to get all tweets newer than ID #955476561909764096 for account
@IvankaTrump
about to get all tweets newer than ID #955715641792651264 for account
@SecondLady
getting all tweets before ID #911715106010038271
    ...400 tweets downloaded so far


New tweet from SecondLady: RT @VP: A privilege to pray at the Western Wall.
This is our 4th trip to the Holy Land, but Karen &amp; I never fail to leave
without a sense o…

archiving URL http://twitter.com/SecondLady/status/955799030977609729
    ... archiving using prefix http://web.archive.org/save/
about to get all tweets newer than ID #955763902809288704 for account @PressSec

archiving URL https://twitter.com/SecondLady/status/955799030977609729
    ... archiving using prefix http://web.archive.org/save/
about to get all tweets newer than ID #955598328347222018 for account
@SpeakerRyan
about to get all tweets newer than ID #930982584649175047 for account
@mike_pence
about to get all tweets newer than ID #955512601768873984 for account
@SecShulkin
about to get all tweets newer than ID #955159265110458368 for account
@StephGrisham45
about to get all tweets newer than ID #955658523907710976 for account
@KellyannePolls
ERROR: unable to get tweets for account @KellyannePolls
           the system said: Failed to parse JSON payload: Unterminated string
starting at: line 1 column 503075 (char 503074)
about to get all tweets newer than ID #954472012424138754 for account @SBALinda
about to get all tweets newer than ID #955643698406154241 for account
@WhiteHouse
about to get all tweets newer than ID #955788004626399233 for account @VP
about to get all tweets newer than ID #955634336887332864 for account
@MickMulvaneyOMB
about to get all tweets newer than ID #954049288866279425 for account
@TomBossert45
about to get all tweets newer than ID #955794359684800512 for account
@SecretaryZinke
about to get all tweets newer than ID #898401955847876608 for account
@Linda_McMahon
about to get all tweets newer than ID #830074939298414592 for account
@RepTomPrice
about to get all tweets newer than ID #955492025830387714 for account @Reince
about to get all tweets newer than ID #954745336207159297 for account
@EPAScottPruitt
about to get all tweets newer than ID #953073831534612480 for account
@SecretaryRoss
about to get all tweets newer than ID #955474314723315715 for account
@SecretaryCarson
about to get all tweets newer than ID #832282841471918080 for account
@BetsyDeVos
about to get all tweets newer than ID #955639654052761600 for account @Scavino45
about to get all tweets newer than ID #955568334027874304 for account
@IvankaTrumpHQ
about to get all tweets newer than ID #954090900921159680 for account
@stevenmnuchin1
about to get all tweets newer than ID #955629009265745920 for account
@SecretarySonny
about to get all tweets newer than ID #955659413800607750 for account
@seanspicer
about to get all tweets newer than ID #890659905798983680 for account @Reince45
about to get all tweets newer than ID #867385249340297217 for account
@RealBenCarson
about to get all tweets newer than ID #954435817862123520 for account @PRyan
about to get all tweets newer than ID #836780744810844161 for account
@StephenMillerAL
about to get all tweets newer than ID #816846808789958656 for account
@SenDanCoats
about to get all tweets newer than ID #954948632666693632 for account
@DanScavino
about to get all tweets newer than ID #955795912374267907 for account
@realDonaldTrump
getting all tweets before ID #946724075157651456
    ...397 tweets downloaded so far


New tweet from realDonaldTrump: Thank you to General John Kelly, who is doing
a fantastic job, and all of the Staff and others in the White House,…
https://t.co/q4hhzEEjor

archiving URL http://twitter.com/realDonaldTrump/status/955806333667807232
    ... archiving using prefix http://web.archive.org/save/
about to get all tweets newer than ID #856041462164836355 for account
@FirstLadyIN

archiving URL https://twitter.com/realDonaldTrump/status/955806333667807232
    ... archiving using prefix http://web.archive.org/save/
about to get all tweets newer than ID #824610180881117184 for account
@GovPenceIN
about to get all tweets newer than ID #955755389261361152 for account
@AshLeeStrong
about to get all tweets newer than ID #-1 for account @ElaineChao
about to get all tweets newer than ID #816290296048873472 for account
@WilburRoss
about to get all tweets newer than ID #955781412585725953 for account
@JessicaDitto45
about to get all tweets newer than ID #954137162827649024 for account
@BetsyDeVosED
about to get all tweets newer than ID #955254388423118849 for account
@GovernorPerry
about to get all tweets newer than ID #954518400298045441 for account
@SecretaryAcosta
about to get all tweets newer than ID #954748876887592960 for account @FLOTUS
about to get all tweets newer than ID #-1 for account @jaredkushner
about to get all tweets newer than ID #955227830127820802 for account @POTUS
about to get all tweets newer than ID #903694300306923521 for account
@SecElaineChao
about to get all tweets newer than ID #898632795517403136 for account
@GeneralJFKellly
ERROR: unable to get tweets for account @GeneralJFKellly
           the system said: Not authorized.
about to get all tweets newer than ID #913881045652688901 for account
@SecPriceMD
about to get all tweets newer than ID #955549626454732800 for account
@SecretaryPerry
getting all tweets before ID #920990793225199616
    ...400 tweets downloaded so far


New tweet from SecretaryPerry: Happy to see my good friend @IEABirol was
reelected to another term as the @IEA Executive Director. IEA’s member co…
https://t.co/OOFIg4Ctqt

archiving URL http://twitter.com/SecretaryPerry/status/955803087574306816
    ... archiving using prefix http://web.archive.org/save/
about to get all tweets newer than ID #954801265732661248 for account
@MELANIATRUMP

archiving URL https://twitter.com/SecretaryPerry/status/955803087574306816
    ... archiving using prefix http://web.archive.org/save/
about to get all tweets newer than ID #955516044319354881 for account
@nikkihaley
... OK, we're set up, and about to watch 24578794, 52544275, 822127086194348032,
 818927131883356161, 18916432, 22203756, 831482588246196225, 823638938590085124,
 471672239, 819992522109894658, 822215673812119553, 818910970567344128,
888031054141022209, 866746592853979137, 827258161841135623, 65522706, 6577802,
20733972, 832672006113931269, 836305915452272641, 828613457020870657, 599530439,
 823367015830323201, 798195585824104449, 799764016885329921, 842072478834909184,
 20776147, 803703725730779136, 1180379185, 733751245, 728361177986797568,
212262370, 620571475, 25073877, 1923451808, 15985455, 296060169, 105267762,
809836066316451840, 836724024688410625, 828997388920619008, 18906561,
819980276570976256, 818876014390603776, 29547260, 822215679726100480,
826065858548133888, 892173412818354177, 829782369670410240, 830128820447539208,
108471631, 37666984
WARNING: received error ('Connection broken: IncompleteRead(0 bytes read, 2 more
 expected)', IncompleteRead(0 bytes read, 2 more expected)); sleeping and trying
 again ...


New tweet from seanspicer: .@NFL Rejects Pro-National Anthem Ad From Veterans
Group @AMVETSHQ https://t.co/KRweJc96k0 via @toddstarnes

archiving URL http://twitter.com/seanspicer/status/955811698442735618
    ... archiving using prefix http://web.archive.org/save/

archiving URL https://twitter.com/seanspicer/status/955811698442735618
    ... archiving using prefix http://web.archive.org/save/


New tweet from JessicaDitto45: RT @realDonaldTrump: Thank you to General John
Kelly, who is doing a fantastic job, and all of the Staff and others in the
White House, for…

archiving URL http://twitter.com/JessicaDitto45/status/955811934686842881
    ... archiving using prefix http://web.archive.org/save/


New tweet from JessicaDitto45: RT @realDonaldTrump: Nobody knows for sure that
 the Republicans &amp; Democrats will be able to reach a deal on DACA by
February 8, but everyon…

archiving URL http://twitter.com/JessicaDitto45/status/955811947710222337
    ... archiving using prefix http://web.archive.org/save/

archiving URL https://twitter.com/JessicaDitto45/status/955811947710222337
    ... archiving using prefix http://web.archive.org/save/

archiving URL https://twitter.com/JessicaDitto45/status/955811934686842881
    ... archiving using prefix http://web.archive.org/save/
WARNING: received error ('Connection broken: IncompleteRead(0 bytes read, 512
more expected)', IncompleteRead(0 bytes read, 512 more expected)); sleeping and
trying again ...
WARNING: received error ('Connection broken: IncompleteRead(0 bytes read, 512
more expected)', IncompleteRead(0 bytes read, 512 more expected)); sleeping and
trying again ...
WARNING: received error HTTPSConnectionPool(host='stream.twitter.com',
port=443): Read timed out.; sleeping and trying again ...
WARNING: received error ('Connection broken: IncompleteRead(0 bytes read, 512
more expected)', IncompleteRead(0 bytes read, 512 more expected)); sleeping and
trying again ...
