Hello, traveler. This is the beginning of a log file called: "Fascist Tweet Archiver".
Some basic system info about the host machine: posix.uname_result(sysname='Linux', nodename='file-server', release='3.16.0-6-686-pae', version='#1 SMP Debian 3.16.56-1+deb8u1 (2018-05-08)', machine='i686')
This log was begun Saturday, 09 June 2018 at 14:27



INFO: read target account data; we're tracking 59 accounts
WARNING: no ProtocolError (got exception "name 'ProtocolError' is not defined");
 trying requests.packages.urllib3.exceptions instead
NOTE: successfully imported from requests
Starting up...
about to get all tweets newer than ID #997484665211670528 for account
@AmbJohnBolton
about to get all tweets newer than ID #1005434436534591490 for account
@SecretaryAcosta
about to get all tweets newer than ID #836780744810844161 for account
@StephenMillerAL
about to get all tweets newer than ID #1005522200248582149 for account
@SecretarySonny
about to get all tweets newer than ID #1005515292208979969 for account
@AshLeeStrong
getting all tweets before ID #991705661171011583
    ...400 tweets downloaded so far


New tweet from AshLeeStrong: RT @E2Summit: .@PRyan: We've had the most
productive House session since the 1980s. We have passed a lot of good bills.
#E2Summit https://t…
about to get all tweets newer than ID #1005258613026324486 for account
@SecretaryPerry

archiving URL http://twitter.com/AshLeeStrong/status/1005541150357417984
    ... archiving using prefix http://web.archive.org/save/

archiving URL https://twitter.com/AshLeeStrong/status/1005541150357417984
    ... archiving using prefix http://web.archive.org/save/
about to get all tweets newer than ID #1005507696605454342 for account
@JessicaDitto45
about to get all tweets newer than ID #1005136727751692288 for account @Cabinet
about to get all tweets newer than ID #1004813210309021697 for account
@StephGrisham45
about to get all tweets newer than ID #1004903666304847872 for account
@MickMulvaneyOMB
about to get all tweets newer than ID #1004472039615410176 for account
@GovernorPerry
about to get all tweets newer than ID #903694300306923521 for account
@SecElaineChao
about to get all tweets newer than ID #1005153070446235648 for account
@SecondLady
about to get all tweets newer than ID #1003795765028884485 for account
@Linda_McMahon
about to get all tweets newer than ID #1004743536028286976 for account @PRyan
about to get all tweets newer than ID #1005445314030047233 for account
@statedeptspox
about to get all tweets newer than ID #1005199253671743489 for account
@IvankaTrump
about to get all tweets newer than ID #1002993456845852672 for account
@RealBenCarson
about to get all tweets newer than ID #1004750620920811522 for account
@BetsyDeVosED
about to get all tweets newer than ID #1005539427660288001 for account
@Scaramucci
about to get all tweets newer than ID #1005429030840135681 for account
@DepSecHargan
about to get all tweets newer than ID #1005218098398547969 for account
@EPAScottPruitt
about to get all tweets newer than ID #1005480531901992960 for account @POTUS
about to get all tweets newer than ID #1005526121750786054 for account
@Scavino45
about to get all tweets newer than ID #1005500602141593600 for account @VP
about to get all tweets newer than ID #1004445272913666048 for account
@EnergyDepSec
about to get all tweets newer than ID #994396943421001728 for account
@TomBossert45
about to get all tweets newer than ID #1005228631109652480 for account @SecAzar
about to get all tweets newer than ID #1005461191634882560 for account @PressSec
about to get all tweets newer than ID #1005479740000624640 for account
@realDonaldTrump
getting all tweets before ID #999096013674680320
    ...400 tweets downloaded so far


New tweet from realDonaldTrump: Henry McMaster loves the people of South
Carolina and was with me from the beginning. He is strong on Crime and Bor…
https://t.co/vOX4IFIF6R

archiving URL http://twitter.com/realDonaldTrump/status/1005548570332631040
about to get all tweets newer than ID #1004808712928755714 for account @FLOTUS
    ... archiving using prefix http://web.archive.org/save/

archiving URL https://twitter.com/realDonaldTrump/status/1005548570332631040
    ... archiving using prefix http://web.archive.org/save/
about to get all tweets newer than ID #954801265732661248 for account
@MELANIATRUMP
about to get all tweets newer than ID #1005490207477682177 for account
@WhiteHouse
about to get all tweets newer than ID #1005536863506108417 for account
@seanspicer
about to get all tweets newer than ID #1004724751758184449 for account
@IvankaTrumpHQ
about to get all tweets newer than ID #1005185285498515457 for account
@SecretaryCarson
about to get all tweets newer than ID #890659905798983680 for account @Reince45
ERROR: unable to get tweets for account @Reince45
           the system said: Not authorized.
about to get all tweets newer than ID #1001107769682989056 for account
@mike_pence
about to get all tweets newer than ID #1005163464615084032 for account
@SecNielsen
about to get all tweets newer than ID #832282841471918080 for account
@BetsyDeVos
about to get all tweets newer than ID #1003255393374613504 for account @Reince
about to get all tweets newer than ID #824610180881117184 for account
@GovPenceIN
about to get all tweets newer than ID #1005194928455118848 for account
@SecretaryRoss
about to get all tweets newer than ID #-1 for account @jaredkushner
about to get all tweets newer than ID #1003676875095461889 for account @Comey
about to get all tweets newer than ID #-1 for account @ElaineChao
about to get all tweets newer than ID #978650205192044545 for account
@SecShulkin
about to get all tweets newer than ID #1005193646738690048 for account @SBALinda
about to get all tweets newer than ID #830074939298414592 for account
@RepTomPrice
about to get all tweets newer than ID #1004919431217152001 for account
@DanScavino
about to get all tweets newer than ID #1005469154437206016 for account
@SecretaryZinke
about to get all tweets newer than ID #913881045652688901 for account
@SecPriceMD
about to get all tweets newer than ID #856041462164836355 for account
@FirstLadyIN
about to get all tweets newer than ID #1005526096727740417 for account
@nikkihaley
about to get all tweets newer than ID #1004886181627285504 for account
@stevenmnuchin1
about to get all tweets newer than ID #816846808789958656 for account
@SenDanCoats
about to get all tweets newer than ID #1005516822714699776 for account
@SpeakerRyan
about to get all tweets newer than ID #816290296048873472 for account
@WilburRoss
about to get all tweets newer than ID #1005059495138086912 for account
@KellyannePolls
... OK, we're set up, and about to watch 118756393, 819980276570976256,
728361177986797568, 842072478834909184, 296060169, 830128820447539208,
836724024688410625, 818928162449068032, 823638938590085124, 888031054141022209,
18906561, 826065858548133888, 822127086194348032, 65522706, 733751245,
1967216306, 52544275, 1180379185, 828997388920619008, 24578794,
920035992073064450, 832672006113931269, 822215679726100480, 823367015830323201,
818910970567344128, 894923298374651904, 866746592853979137, 956283913835614208,
818927131883356161, 25073877, 818876014390603776, 108471631, 822215673812119553,
 20776147, 798195585824104449, 828613457020870657, 803703725730779136, 22203756,
 935148134505828353, 599530439, 20733972, 15985455, 836305915452272641,
29547260, 2334193741, 105267762, 831482588246196225, 819992522109894658,
6577802, 620571475, 827258161841135623, 829782369670410240, 1923451808,
37666984, 799764016885329921, 212262370, 18916432, 809836066316451840, 471672239
