Hello, traveler. This is the beginning of a log file called: "Fascist Tweet Archiver".
Some basic system info about the host machine: posix.uname_result(sysname='Linux', nodename='file-server', release='3.16.0-5-686-pae', version='#1 SMP Debian 3.16.51-3+deb8u1 (2018-01-08)', machine='i686')
This log was begun Sunday, 28 January 2018 at 12:13



INFO: read target account data; we're tracking 52 accounts
WARNING: no ProtocolError (got exception "name 'ProtocolError' is not defined");
 trying requests.packages.urllib3.exceptions instead
NOTE: successfully imported from requests
Starting up...
about to get all tweets newer than ID #957391544696426496 for account
@IvankaTrump
about to get all tweets newer than ID #957316916363825152 for account
@AshLeeStrong
about to get all tweets newer than ID #957603804383465472 for account
@realDonaldTrump
about to get all tweets newer than ID #957279093615144960 for account
@EPAScottPruitt
about to get all tweets newer than ID #957635770159960064 for account
@seanspicer
about to get all tweets newer than ID #957427063480340480 for account @PressSec
ERROR: unable to get tweets for account @PressSec
           the system said: Failed to parse JSON payload: Unterminated string
starting at: line 1 column 502033 (char 502032)
about to get all tweets newer than ID #930982584649175047 for account
@mike_pence
ERROR: unable to get tweets for account @mike_pence
           the system said: Failed to parse JSON payload: Unterminated string
starting at: line 1 column 504051 (char 504050)
about to get all tweets newer than ID #816846808789958656 for account
@SenDanCoats
about to get all tweets newer than ID #957376018070867968 for account
@SecShulkin
ERROR: unable to get tweets for account @SecShulkin
           the system said: Failed to send request: ('Connection aborted.',
BadStatusLine("''",))
about to get all tweets newer than ID #832282841471918080 for account
@BetsyDeVos
about to get all tweets newer than ID #957297411876995072 for account @FLOTUS
about to get all tweets newer than ID #890659905798983680 for account @Reince45
about to get all tweets newer than ID #957388290595827713 for account
@WhiteHouse
getting all tweets before ID #951233251393331199
    ...400 tweets downloaded so far


New tweet from WhiteHouse: More jobs, more opportunity, more growth: over the
last week, American workers, businesses, and families have seen…
https://t.co/YH6g5YdI0t
about to get all tweets newer than ID #955254388423118849 for account
@GovernorPerry

archiving URL http://twitter.com/WhiteHouse/status/957675644737015809
    ... archiving using prefix http://web.archive.org/save/

archiving URL https://twitter.com/WhiteHouse/status/957675644737015809
    ... archiving using prefix http://web.archive.org/save/
ERROR: unable to get tweets for account @GovernorPerry
           the system said: Failed to parse JSON payload: Unterminated string
starting at: line 1 column 503089 (char 503088)
about to get all tweets newer than ID #956935200168177664 for account
@IvankaTrumpHQ
ERROR: unable to get tweets for account @IvankaTrumpHQ
           the system said: Failed to parse JSON payload: Unterminated string
starting at: line 1 column 508396 (char 508395)
about to get all tweets newer than ID #956947615601610752 for account @SBALinda
ERROR: unable to get tweets for account @SBALinda
           the system said: Failed to parse JSON payload: Unterminated string
starting at: line 1 column 504019 (char 504018)
about to get all tweets newer than ID #957272089723129856 for account
@JessicaDitto45
about to get all tweets newer than ID #956608918033231872 for account
@SecretaryCarson
about to get all tweets newer than ID #957317342945398784 for account
@SecretaryZinke
ERROR: unable to get tweets for account @SecretaryZinke
           the system said: Failed to parse JSON payload: Expecting property
name enclosed in double quotes: line 1 column 284459 (char 284458)
about to get all tweets newer than ID #957511095022911488 for account
@Scaramucci
getting all tweets before ID #947604978553761792
    ...400 tweets downloaded so far


New tweet from Scaramucci: RT @ScaramucciPost: Who else wants to fight the
Opioid Epidemic? Answer and retweet. Let's make this the most retweeted tweet
ever. https:/…
about to get all tweets newer than ID #913881045652688901 for account
@SecPriceMD

archiving URL http://twitter.com/Scaramucci/status/957593232581505026
    ... archiving using prefix http://web.archive.org/save/

archiving URL https://twitter.com/Scaramucci/status/957593232581505026
    ... archiving using prefix http://web.archive.org/save/
ERROR: unable to get tweets for account @SecPriceMD
           the system said: Failed to parse JSON payload: Unterminated string
starting at: line 1 column 506904 (char 506903)
about to get all tweets newer than ID #955634336887332864 for account
@MickMulvaneyOMB


New tweet from Scaramucci: RT @FoxNews: .@Scaramucci: "[@realDonaldTrump has]
been winning... The economy is booming, wages are up." https://t.co/YvSP5bRnMA

archiving URL http://twitter.com/Scaramucci/status/957626760706904064
    ... archiving using prefix http://web.archive.org/save/

archiving URL https://twitter.com/Scaramucci/status/957626760706904064
    ... archiving using prefix http://web.archive.org/save/
about to get all tweets newer than ID #957371781144342528 for account
@nikkihaley


New tweet from Scaramucci: RT @Duvi_Honig: https://t.co/v4Pq9PnXeo…
Following its Israel Launch with @Scaramucci and it’s most recent VIP business
networking event…

archiving URL http://twitter.com/Scaramucci/status/957680079412367361
    ... archiving using prefix http://web.archive.org/save/

archiving URL https://twitter.com/Scaramucci/status/957680079412367361
    ... archiving using prefix http://web.archive.org/save/
ERROR: unable to get tweets for account @nikkihaley
           the system said: Failed to parse JSON payload: Unterminated string
starting at: line 1 column 506155 (char 506154)
about to get all tweets newer than ID #957383382358528001 for account
@TomBossert45
about to get all tweets newer than ID #954948632666693632 for account
@DanScavino
ERROR: unable to get tweets for account @DanScavino
           the system said: Failed to parse JSON payload: Unterminated string
starting at: line 1 column 505222 (char 505221)
about to get all tweets newer than ID #-1 for account @jaredkushner
about to get all tweets newer than ID #856041462164836355 for account
@FirstLadyIN
ERROR: unable to get tweets for account @FirstLadyIN
           the system said: Failed to parse JSON payload: Unterminated string
starting at: line 1 column 502610 (char 502609)
about to get all tweets newer than ID #953073831534612480 for account
@SecretaryRoss
about to get all tweets newer than ID #956917317216165888 for account
@SecretaryAcosta
ERROR: unable to get tweets for account @SecretaryAcosta
           the system said: Failed to parse JSON payload: Unterminated string
starting at: line 1 column 505505 (char 505504)
about to get all tweets newer than ID #957367756063739904 for account
@RealBenCarson
about to get all tweets newer than ID #-1 for account @ElaineChao
about to get all tweets newer than ID #956905287704772608 for account
@BetsyDeVosED
ERROR: unable to get tweets for account @BetsyDeVosED
           the system said: Failed to send request:
HTTPSConnectionPool(host='api.twitter.com', port=443): Max retries exceeded with
 url: /1.1/statuses/user_timeline.json?screen_name=BetsyDeVosED&count=200
(Caused by NewConnectionError('<requests.packages.urllib3.connection.VerifiedHTT
PSConnection object at 0xb68b17cc>: Failed to establish a new connection: [Errno
 -2] Name or service not known',))
about to get all tweets newer than ID #956131391955197952 for account
@KellyannePolls
ERROR: unable to get tweets for account @KellyannePolls
           the system said: Failed to parse JSON payload: Unterminated string
starting at: line 1 column 282510 (char 282509)
about to get all tweets newer than ID #898401955847876608 for account
@Linda_McMahon
about to get all tweets newer than ID #954801265732661248 for account
@MELANIATRUMP
about to get all tweets newer than ID #957367109276839936 for account @PRyan
ERROR: unable to get tweets for account @PRyan
           the system said: Failed to parse JSON payload: Unterminated string
starting at: line 1 column 509685 (char 509684)
about to get all tweets newer than ID #824610180881117184 for account
@GovPenceIN
ERROR: unable to get tweets for account @GovPenceIN
           the system said: Failed to send request: EOF occurred in violation of
 protocol (_ssl.c:600)
about to get all tweets newer than ID #957664584411811840 for account @POTUS
about to get all tweets newer than ID #957298759163154433 for account
@SecretaryPerry
ERROR: unable to get tweets for account @SecretaryPerry
           the system said: Failed to send request:
HTTPSConnectionPool(host='api.twitter.com', port=443): Read timed out. (read
timeout=60)
about to get all tweets newer than ID #957251305705222144 for account
@SecondLady
ERROR: unable to get tweets for account @SecondLady
           the system said: Failed to send request: EOF occurred in violation of
 protocol (_ssl.c:600)
about to get all tweets newer than ID #955492025830387714 for account @Reince
about to get all tweets newer than ID #898632795517403136 for account
@GeneralJFKellly
ERROR: unable to get tweets for account @GeneralJFKellly
           the system said: Not authorized.
about to get all tweets newer than ID #957332043905585152 for account
@SecretarySonny
ERROR: unable to get tweets for account @SecretarySonny
           the system said: Failed to parse JSON payload: Unterminated string
starting at: line 1 column 510319 (char 510318)
about to get all tweets newer than ID #957376877420859393 for account
@stevenmnuchin1
about to get all tweets newer than ID #903694300306923521 for account
@SecElaineChao
about to get all tweets newer than ID #957402713331060736 for account
@SpeakerRyan
about to get all tweets newer than ID #957450062162022400 for account @Scavino45
ERROR: unable to get tweets for account @Scavino45
           the system said: Failed to send request:
HTTPSConnectionPool(host='api.twitter.com', port=443): Read timed out.
about to get all tweets newer than ID #836780744810844161 for account
@StephenMillerAL
about to get all tweets newer than ID #816290296048873472 for account
@WilburRoss
about to get all tweets newer than ID #830074939298414592 for account
@RepTomPrice
ERROR: unable to get tweets for account @RepTomPrice
           the system said: Failed to send request:
HTTPSConnectionPool(host='api.twitter.com', port=443): Read timed out.
about to get all tweets newer than ID #957385635068772360 for account @VP
about to get all tweets newer than ID #957297765889044480 for account
@StephGrisham45
... OK, we're set up, and about to watch 52544275, 296060169, 25073877,
832672006113931269, 20776147, 818927131883356161, 22203756, 212262370,
831482588246196225, 599530439, 818876014390603776, 803703725730779136,
822215673812119553, 18906561, 798195585824104449, 819992522109894658,
836724024688410625, 828613457020870657, 827258161841135623, 24578794,
829782369670410240, 888031054141022209, 37666984, 866746592853979137, 620571475,
 29547260, 1923451808, 836305915452272641, 819980276570976256, 1180379185,
105267762, 828997388920619008, 471672239, 65522706, 108471631, 733751245,
15985455, 822215679726100480, 830128820447539208, 822127086194348032, 20733972,
892173412818354177, 842072478834909184, 799764016885329921, 826065858548133888,
18916432, 823367015830323201, 728361177986797568, 809836066316451840, 6577802,
818910970567344128, 823638938590085124
WARNING: received error HTTPSConnectionPool(host='stream.twitter.com',
port=443): Read timed out.; sleeping and trying again ...
