Hello, traveler. This is the beginning of a log file called: "Fascist Tweet Archiver".
Some basic system info about the host machine: posix.uname_result(sysname='Linux', nodename='file-server', release='3.16.0-7-686-pae', version='#1 SMP Debian 3.16.59-1 (2018-10-03)', machine='i686')
This log was begun Monday, 19 November 2018 at 12:15



INFO: read target account data; we're tracking 59 accounts
WARNING: no ProtocolError (got exception "name 'ProtocolError' is not defined");
 trying requests.packages.urllib3.exceptions instead
NOTE: successfully imported from requests
Starting up...
about to get all tweets newer than ID #1063798914636111872 for account
@EnergyDepSec
about to get all tweets newer than ID #1064596708875747328 for account
@realDonaldTrump
about to get all tweets newer than ID #1064023092832493569 for account
@stevenmnuchin1
about to get all tweets newer than ID #1064552851354075136 for account
@nikkihaley
about to get all tweets newer than ID #1064345235025620993 for account
@SecondLady
about to get all tweets newer than ID #1064474331617652736 for account @VP
about to get all tweets newer than ID #1021844939473387520 for account
@IvankaTrumpHQ
ERROR: unable to get tweets for account @IvankaTrumpHQ
           the system said: Not authorized.
about to get all tweets newer than ID #1063506120621346818 for account
@SpeakerRyan
about to get all tweets newer than ID #1058441676052725760 for account @Reince
about to get all tweets newer than ID #1064574300978585601 for account
@Scaramucci
about to get all tweets newer than ID #1063558331451809799 for account @Cabinet
about to get all tweets newer than ID #1063608983888560129 for account
@statedeptspox
about to get all tweets newer than ID #1061289517401939968 for account
@mike_pence
about to get all tweets newer than ID #1064544883803914240 for account
@SecretaryCarson
getting all tweets before ID #1023998345168281599
    ...400 tweets downloaded so far


New tweet from SecretaryCarson: “Once I finally got to the point where I could
 look for a job and hold on to it, I started to feel better about mys…
https://t.co/eIHazKdsgi

archiving URL http://twitter.com/SecretaryCarson/status/1064599112828534784
about to get all tweets newer than ID #1064580889642971136 for account
@SecNielsen
    ... archiving using prefix http://web.archive.org/save/

archiving URL https://twitter.com/SecretaryCarson/status/1064599112828534784
about to get all tweets newer than ID #1064597122308284417 for account @POTUS
    ... archiving using prefix http://web.archive.org/save/
about to get all tweets newer than ID #-1 for account @ElaineChao
about to get all tweets newer than ID #1062540730181263360 for account
@BetsyDeVosED
about to get all tweets newer than ID #816846808789958656 for account
@SenDanCoats
about to get all tweets newer than ID #836780744810844161 for account
@StephenMillerAL
about to get all tweets newer than ID #1014519079284199424 for account
@EPAScottPruitt
ERROR: unable to get tweets for account @EPAScottPruitt
           the system said: [{'message': 'Sorry, that page does not exist.',
'code': 34}]
about to get all tweets newer than ID #913881045652688901 for account
@SecPriceMD
about to get all tweets newer than ID #1064550934360072193 for account
@SecretaryZinke
about to get all tweets newer than ID #1064202806666686464 for account @PRyan
about to get all tweets newer than ID #1064565228283797504 for account
@SecretaryRoss
about to get all tweets newer than ID #978650205192044545 for account
@SecShulkin
about to get all tweets newer than ID #1064569741472346112 for account
@KellyannePolls
about to get all tweets newer than ID #1063578338139258881 for account @Comey
about to get all tweets newer than ID #890659905798983680 for account @Reince45
ERROR: unable to get tweets for account @Reince45
           the system said: Not authorized.
about to get all tweets newer than ID #1063992637655588864 for account
@JessicaDitto45
about to get all tweets newer than ID #-1 for account @jaredkushner
about to get all tweets newer than ID #994396943421001728 for account
@TomBossert45
about to get all tweets newer than ID #1064533145020760064 for account
@StephGrisham45
about to get all tweets newer than ID #830074939298414592 for account
@RepTomPrice
about to get all tweets newer than ID #1064578306727645185 for account
@seanspicer
getting all tweets before ID #1054956263530991626
    ...400 tweets downloaded so far


New tweet from seanspicer: Sound smart at the dinner table this #thanksgiving
- this week special guest @KellyannePolls came on to discuss…
https://t.co/mwpzWBRuiL

archiving URL http://twitter.com/seanspicer/status/1064597930030567424
    ... archiving using prefix http://web.archive.org/save/
about to get all tweets newer than ID #1064015459865911296 for account
@Scavino45

archiving URL https://twitter.com/seanspicer/status/1064597930030567424
    ... archiving using prefix http://web.archive.org/save/
about to get all tweets newer than ID #832282841471918080 for account
@BetsyDeVos
about to get all tweets newer than ID #1064488739689377793 for account
@SecretaryAcosta
about to get all tweets newer than ID #1059291259859275777 for account
@Linda_McMahon
about to get all tweets newer than ID #1059682755083145216 for account
@DanScavino
about to get all tweets newer than ID #1059643006800838656 for account
@GovernorPerry
about to get all tweets newer than ID #1064515689271177216 for account
@IvankaTrump
about to get all tweets newer than ID #1063963639080763392 for account
@DepSecHargan
about to get all tweets newer than ID #1064595676510806018 for account
@WhiteHouse
getting all tweets before ID #1055171560124878855
    ...400 tweets downloaded so far


New tweet from WhiteHouse: Mr. Smith has been retailing Christmas trees since
1980, and has competed in the National Christmas Tree Contest fo…
https://t.co/rDrzskNkiT

archiving URL http://twitter.com/WhiteHouse/status/1064601959964004352
about to get all tweets newer than ID #1064166715146276865 for account
@SecretarySonny
    ... archiving using prefix http://web.archive.org/save/

archiving URL https://twitter.com/WhiteHouse/status/1064601959964004352
    ... archiving using prefix http://web.archive.org/save/
about to get all tweets newer than ID #1063990919790116864 for account @PressSec
about to get all tweets newer than ID #1064226295087853568 for account
@RealBenCarson
about to get all tweets newer than ID #1064516655659843584 for account @SBALinda
about to get all tweets newer than ID #1064587558426984448 for account
@SecretaryPerry
about to get all tweets newer than ID #903694300306923521 for account
@SecElaineChao
about to get all tweets newer than ID #954801265732661248 for account
@MELANIATRUMP
about to get all tweets newer than ID #1064566604611158017 for account @SecAzar
about to get all tweets newer than ID #1064547371302891520 for account
@AshLeeStrong
getting all tweets before ID #1045755007008673791
    ...400 tweets downloaded so far


New tweet from AshLeeStrong: @TaraDiJulio @BresPolitico @JakeSherman Revising
and extending my remarks: The House is a better beat for reporters…
https://t.co/UD5mVBKE2R
about to get all tweets newer than ID #824610180881117184 for account
@GovPenceIN

archiving URL http://twitter.com/AshLeeStrong/status/1064598528142372864
    ... archiving using prefix http://web.archive.org/save/

archiving URL https://twitter.com/AshLeeStrong/status/1064598528142372864
    ... archiving using prefix http://web.archive.org/save/
about to get all tweets newer than ID #1064146013118697472 for account
@AmbJohnBolton
about to get all tweets newer than ID #856041462164836355 for account
@FirstLadyIN
about to get all tweets newer than ID #1063549304642654210 for account @FLOTUS
about to get all tweets newer than ID #1058433885493739520 for account
@MickMulvaneyOMB
about to get all tweets newer than ID #816290296048873472 for account
@WilburRoss
... OK, we're set up, and about to watch 894923298374651904, 25073877,
799764016885329921, 37666984, 822127086194348032, 818910970567344128,
798195585824104449, 18916432, 20733972, 24578794, 818928162449068032,
1967216306, 22203756, 828613457020870657, 935148134505828353,
822215679726100480, 105267762, 828997388920619008, 212262370,
728361177986797568, 832672006113931269, 829782369670410240, 827258161841135623,
733751245, 836305915452272641, 831482588246196225, 471672239, 2334193741,
803703725730779136, 836724024688410625, 29547260, 866746592853979137,
823638938590085124, 6577802, 20776147, 823367015830323201, 599530439,
819980276570976256, 65522706, 620571475, 18906561, 52544275, 920035992073064450,
 822215673812119553, 842072478834909184, 818927131883356161, 1180379185,
819992522109894658, 830128820447539208, 826065858548133888, 108471631,
956283913835614208, 296060169, 15985455, 118756393, 1923451808,
818876014390603776, 888031054141022209, 809836066316451840


New tweet from Scaramucci: “Show me a guy who's afraid to look bad, and I'll
show you a guy you can beat every time.”
- Lou Brock

archiving URL http://twitter.com/Scaramucci/status/1064604797435822081
    ... archiving using prefix http://web.archive.org/save/

archiving URL https://twitter.com/Scaramucci/status/1064604797435822081
    ... archiving using prefix http://web.archive.org/save/


New tweet from WhiteHouse: The White House Christmas tree, which serves as a
centerpiece for Christmas decorations, must stand 18-19 feet tall…
https://t.co/aIpLsUfC4p

archiving URL http://twitter.com/WhiteHouse/status/1064608254473498625
    ... archiving using prefix http://web.archive.org/save/

archiving URL https://twitter.com/WhiteHouse/status/1064608254473498625
    ... archiving using prefix http://web.archive.org/save/
INFO: handling a deletion for data:

{'delete': {'status': {'id':
495736532289212418,
                       'id_str': '495736532289212418',

                       'user_id': 20776147,
'user_id_str': '20776147'},
            'timestamp_ms': '1542657777006'}}
INFO: successfully dumped raw data to JSON file
INFO: We're handling a deletion notification for tweet ID# 495736532289212418 on
 account seanspicer
INFO: get_archived_tweet() called to get tweet ID 495736532289212418 for account
 seanspicer
INFO: requested tweet not found in relevant archive
... adding to list of deleted tweets
... added
... but we're not going to tweet about it because seanspicer is not in the list
of accounts we tweet about
INFO: handling a deletion for data:

{'delete': {'status': {'id':
494098152572870656,
                       'id_str': '494098152572870656',

                       'user_id': 20776147,
'user_id_str': '20776147'},
            'timestamp_ms': '1542657777129'}}
INFO: successfully dumped raw data to JSON file
INFO: We're handling a deletion notification for tweet ID# 494098152572870656 on
 account seanspicer
INFO: get_archived_tweet() called to get tweet ID 494098152572870656 for account
 seanspicer
INFO: requested tweet not found in relevant archive
... adding to list of deleted tweets
... added
... but we're not going to tweet about it because seanspicer is not in the list
of accounts we tweet about
INFO: handling a deletion for data:

{'delete': {'status': {'id':
569250360633761792,
                       'id_str': '569250360633761792',

                       'user_id': 20776147,
'user_id_str': '20776147'},
            'timestamp_ms': '1542657784264'}}
INFO: successfully dumped raw data to JSON file
INFO: We're handling a deletion notification for tweet ID# 569250360633761792 on
 account seanspicer
INFO: get_archived_tweet() called to get tweet ID 569250360633761792 for account
 seanspicer
INFO: requested tweet not found in relevant archive
... adding to list of deleted tweets
... added
... but we're not going to tweet about it because seanspicer is not in the list
of accounts we tweet about
INFO: handling a deletion for data:

{'delete': {'status': {'id':
587236777326411804,
                       'id_str': '587236777326411804',

                       'user_id': 20776147,
'user_id_str': '20776147'},
            'timestamp_ms': '1542657784702'}}
INFO: successfully dumped raw data to JSON file
INFO: We're handling a deletion notification for tweet ID# 587236777326411804 on
 account seanspicer
INFO: get_archived_tweet() called to get tweet ID 587236777326411804 for account
 seanspicer
INFO: requested tweet not found in relevant archive
... adding to list of deleted tweets
... added
... but we're not going to tweet about it because seanspicer is not in the list
of accounts we tweet about
INFO: handling a deletion for data:

{'delete': {'status': {'id':
614611991446077440,
                       'id_str': '614611991446077440',

                       'user_id': 20776147,
'user_id_str': '20776147'},
            'timestamp_ms': '1542657785971'}}
INFO: successfully dumped raw data to JSON file
INFO: We're handling a deletion notification for tweet ID# 614611991446077440 on
 account seanspicer
INFO: get_archived_tweet() called to get tweet ID 614611991446077440 for account
 seanspicer
INFO: requested tweet not found in relevant archive
... adding to list of deleted tweets
... added
... but we're not going to tweet about it because seanspicer is not in the list
of accounts we tweet about
INFO: handling a deletion for data:

{'delete': {'status': {'id':
572384504213585920,
                       'id_str': '572384504213585920',

                       'user_id': 20776147,
'user_id_str': '20776147'},
            'timestamp_ms': '1542657791842'}}
INFO: successfully dumped raw data to JSON file
INFO: We're handling a deletion notification for tweet ID# 572384504213585920 on
 account seanspicer
INFO: get_archived_tweet() called to get tweet ID 572384504213585920 for account
 seanspicer
INFO: requested tweet not found in relevant archive
... adding to list of deleted tweets
... added
... but we're not going to tweet about it because seanspicer is not in the list
of accounts we tweet about
INFO: handling a deletion for data:

{'delete': {'status': {'id':
588771411126267904,
                       'id_str': '588771411126267904',

                       'user_id': 20776147,
'user_id_str': '20776147'},
            'timestamp_ms': '1542657792137'}}
INFO: successfully dumped raw data to JSON file
INFO: We're handling a deletion notification for tweet ID# 588771411126267904 on
 account seanspicer
INFO: get_archived_tweet() called to get tweet ID 588771411126267904 for account
 seanspicer
INFO: requested tweet not found in relevant archive
... adding to list of deleted tweets
... added
... but we're not going to tweet about it because seanspicer is not in the list
of accounts we tweet about
INFO: handling a deletion for data:

{'delete': {'status': {'id':
588862427569246209,
                       'id_str': '588862427569246209',

                       'user_id': 20776147,
'user_id_str': '20776147'},
            'timestamp_ms': '1542657792175'}}
INFO: successfully dumped raw data to JSON file
INFO: We're handling a deletion notification for tweet ID# 588862427569246209 on
 account seanspicer
INFO: get_archived_tweet() called to get tweet ID 588862427569246209 for account
 seanspicer
INFO: requested tweet not found in relevant archive
... adding to list of deleted tweets
... added
... but we're not going to tweet about it because seanspicer is not in the list
of accounts we tweet about
INFO: handling a deletion for data:

{'delete': {'status': {'id':
528565357645398016,
                       'id_str': '528565357645398016',

                       'user_id': 20776147,
'user_id_str': '20776147'},
            'timestamp_ms': '1542657793832'}}
INFO: successfully dumped raw data to JSON file
INFO: We're handling a deletion notification for tweet ID# 528565357645398016 on
 account seanspicer
INFO: get_archived_tweet() called to get tweet ID 528565357645398016 for account
 seanspicer
INFO: requested tweet not found in relevant archive
... adding to list of deleted tweets
... added
... but we're not going to tweet about it because seanspicer is not in the list
of accounts we tweet about
INFO: handling a deletion for data:

{'delete': {'status': {'id':
614498780684099584,
                       'id_str': '614498780684099584',

                       'user_id': 20776147,
'user_id_str': '20776147'},
            'timestamp_ms': '1542657793895'}}
INFO: successfully dumped raw data to JSON file
INFO: We're handling a deletion notification for tweet ID# 614498780684099584 on
 account seanspicer
INFO: get_archived_tweet() called to get tweet ID 614498780684099584 for account
 seanspicer
INFO: requested tweet not found in relevant archive
... adding to list of deleted tweets
... added
... but we're not going to tweet about it because seanspicer is not in the list
of accounts we tweet about
INFO: handling a deletion for data:

{'delete': {'status': {'id':
642035744375222272,
                       'id_str': '642035744375222272',

                       'user_id': 20776147,
'user_id_str': '20776147'},
            'timestamp_ms': '1542657794583'}}
INFO: successfully dumped raw data to JSON file
INFO: We're handling a deletion notification for tweet ID# 642035744375222272 on
 account seanspicer
INFO: get_archived_tweet() called to get tweet ID 642035744375222272 for account
 seanspicer
INFO: requested tweet not found in relevant archive
... adding to list of deleted tweets
... added
... but we're not going to tweet about it because seanspicer is not in the list
of accounts we tweet about
INFO: handling a deletion for data:

{'delete': {'status': {'id':
578208633311219713,
                       'id_str': '578208633311219713',

                       'user_id': 20776147,
'user_id_str': '20776147'},
            'timestamp_ms': '1542657797312'}}
INFO: successfully dumped raw data to JSON file
INFO: We're handling a deletion notification for tweet ID# 578208633311219713 on
 account seanspicer
INFO: get_archived_tweet() called to get tweet ID 578208633311219713 for account
 seanspicer
INFO: requested tweet not found in relevant archive
... adding to list of deleted tweets
... added
... but we're not going to tweet about it because seanspicer is not in the list
of accounts we tweet about
WARNING: received error ('Connection broken: IncompleteRead(0 bytes read, 512
more expected)', IncompleteRead(0 bytes read, 512 more expected)); sleeping and
trying again ...


New tweet from POTUS: RT @WhiteHouse: The White House Christmas tree, which
serves as a centerpiece for Christmas decorations, must stand 18-19 feet tall
and rea…

archiving URL http://twitter.com/POTUS/status/1064610803570130947
    ... archiving using prefix http://web.archive.org/save/
INFO: handling a deletion for data:

{'delete': {'status': {'id':
1064556163675627520,
                       'id_str': '1064556163675627520',

                       'user_id': 822215673812119553,
'user_id_str': '822215673812119553'},
            'timestamp_ms':
'1542658525271'}}
INFO: successfully dumped raw data to JSON file
INFO: We're handling a deletion notification for tweet ID# 1064556163675627520
on account WhiteHouse
INFO: get_archived_tweet() called to get tweet ID 1064556163675627520 for
account WhiteHouse
INFO: found a tweet!		http://web.archive.org/*/http://twitter.com/WhiteHouse/sta
tus/1064556163675627520	Meet Peas: He loves popcorn, ice fishing, watching
planes, and hopes to learn how to fly someday! https://t.co/MFXPp5mIr8
... adding to list of deleted tweets
... added
 ... and we're going to tweet about it
INFO: handling a deletion for data:

{'delete': {'status': {'id':
1064559480912916485,
                       'id_str': '1064559480912916485',

                       'user_id': 822215679726100480,
'user_id_str': '822215679726100480'},
            'timestamp_ms':
'1542658525547'}}
INFO: successfully dumped raw data to JSON file
INFO: We're handling a deletion notification for tweet ID# 1064559480912916485
on account POTUS
INFO: get_archived_tweet() called to get tweet ID 1064559480912916485 for
account POTUS
ERROR: unable to read line "['40375873032193"']" because: need more than 1 value
 to unpack.
INFO: requested tweet not found in relevant archive
... adding to list of deleted tweets
... added
 ... and we're going to tweet about it
INFO: handling a deletion for data:

{'delete': {'status': {'id':
1064556915143962627,
                       'id_str': '1064556915143962627',

                       'user_id': 822215673812119553,
'user_id_str': '822215673812119553'},
            'timestamp_ms':
'1542658532065'}}
INFO: successfully dumped raw data to JSON file
INFO: We're handling a deletion notification for tweet ID# 1064556915143962627
on account WhiteHouse
INFO: get_archived_tweet() called to get tweet ID 1064556915143962627 for
account WhiteHouse
INFO: found a tweet!		http://web.archive.org/*/http://twitter.com/WhiteHouse/sta
tus/1064556915143962627	Meet Carrots: He loves M&amp;M's, telemark snow skiing,
yoga, and wants to meet the @virginia_tech HokieBird one day!
https://t.co/hoQLvXmslA
... adding to list of deleted tweets
... added
 ... and we're going to tweet about it
INFO: handling a deletion for data:

{'delete': {'status': {'id':
1064559486705246209,
                       'id_str': '1064559486705246209',

                       'user_id': 822215679726100480,
'user_id_str': '822215679726100480'},
            'timestamp_ms':
'1542658532293'}}
INFO: successfully dumped raw data to JSON file
INFO: We're handling a deletion notification for tweet ID# 1064559486705246209
on account POTUS
INFO: get_archived_tweet() called to get tweet ID 1064559486705246209 for
account POTUS
ERROR: unable to read line "['40375873032193"']" because: need more than 1 value
 to unpack.
INFO: found a tweet!
http://web.archive.org/*/http://twitter.com/POTUS/status/1064559486705246209	RT
@WhiteHouse: Meet Carrots: He loves M&amp;M's, telemark snow skiing, yoga, and
wants to meet the @virginia_tech HokieBird one day! https://t…
... adding to list of deleted tweets
... added
 ... and we're going to tweet about it
WARNING: received error ('Connection broken: IncompleteRead(0 bytes read, 512
more expected)', IncompleteRead(0 bytes read, 512 more expected)); sleeping and
trying again ...
