Hello, traveler. This is the beginning of a log file called: "Fascist Tweet Archiver".
Some basic system info about the host machine: posix.uname_result(sysname='Linux', nodename='file-server', release='3.16.0-5-686-pae', version='#1 SMP Debian 3.16.51-3+deb8u1 (2018-01-08)', machine='i686')
This log was begun Wednesday, 07 February 2018 at 08:58



INFO: read target account data; we're tracking 52 accounts
WARNING: no ProtocolError (got exception "name 'ProtocolError' is not defined");
 trying requests.packages.urllib3.exceptions instead
NOTE: successfully imported from requests
Starting up...
about to get all tweets newer than ID #960969625151442944 for account
@SecShulkin
ERROR: unable to get tweets for account @SecShulkin
           the system said: Failed to parse JSON payload: Expecting ','
delimiter: line 1 column 749164 (char 749163)
about to get all tweets newer than ID #961245382293454848 for account
@Scaramucci
about to get all tweets newer than ID #960901771798482945 for account @FLOTUS
about to get all tweets newer than ID #958552614026784770 for account
@SecretaryRoss
about to get all tweets newer than ID #961253168968622086 for account
@realDonaldTrump
about to get all tweets newer than ID #961178804562644993 for account
@SecondLady
ERROR: unable to get tweets for account @SecondLady
           the system said: Failed to parse JSON payload: Unterminated string
starting at: line 1 column 692101 (char 692100)
about to get all tweets newer than ID #961264899027619844 for account @PressSec
about to get all tweets newer than ID #-1 for account @ElaineChao
about to get all tweets newer than ID #-1 for account @jaredkushner
about to get all tweets newer than ID #960952477595176960 for account
@stevenmnuchin1
about to get all tweets newer than ID #959613255206555648 for account
@DanScavino
about to get all tweets newer than ID #836780744810844161 for account
@StephenMillerAL
about to get all tweets newer than ID #824610180881117184 for account
@GovPenceIN
about to get all tweets newer than ID #960367165114380290 for account @Reince
ERROR: unable to get tweets for account @Reince
           the system said: Failed to parse JSON payload: Unterminated string
starting at: line 1 column 506912 (char 506911)
about to get all tweets newer than ID #816846808789958656 for account
@SenDanCoats
about to get all tweets newer than ID #958090523364986887 for account
@MickMulvaneyOMB
about to get all tweets newer than ID #961007407831896065 for account
@BetsyDeVosED
about to get all tweets newer than ID #955254388423118849 for account
@GovernorPerry
ERROR: unable to get tweets for account @GovernorPerry
           the system said: Failed to parse JSON payload: Expecting value: line
1 column 510348 (char 510347)
about to get all tweets newer than ID #960362146323468288 for account
@TomBossert45
about to get all tweets newer than ID #959509964615188480 for account
@SecretaryCarson
about to get all tweets newer than ID #961221519144837120 for account @VP
about to get all tweets newer than ID #913881045652688901 for account
@SecPriceMD
about to get all tweets newer than ID #816290296048873472 for account
@WilburRoss
about to get all tweets newer than ID #961264442045583360 for account
@SecretaryZinke
about to get all tweets newer than ID #960904138526810113 for account
@SecretaryPerry
about to get all tweets newer than ID #959207300727746560 for account
@IvankaTrumpHQ
about to get all tweets newer than ID #830074939298414592 for account
@RepTomPrice
about to get all tweets newer than ID #960885041000861696 for account @SBALinda
about to get all tweets newer than ID #959503328014225408 for account
@mike_pence
about to get all tweets newer than ID #856041462164836355 for account
@FirstLadyIN
about to get all tweets newer than ID #960675778361995264 for account
@KellyannePolls
about to get all tweets newer than ID #890659905798983680 for account @Reince45
about to get all tweets newer than ID #960889376996843521 for account
@SecretarySonny
about to get all tweets newer than ID #898632795517403136 for account
@GeneralJFKellly
ERROR: unable to get tweets for account @GeneralJFKellly
           the system said: Not authorized.
about to get all tweets newer than ID #954801265732661248 for account
@MELANIATRUMP
about to get all tweets newer than ID #961041018077540353 for account
@RealBenCarson
about to get all tweets newer than ID #960989185028091904 for account
@IvankaTrump
about to get all tweets newer than ID #961214601181483008 for account
@nikkihaley
about to get all tweets newer than ID #961238019981369344 for account
@AshLeeStrong
about to get all tweets newer than ID #898401955847876608 for account
@Linda_McMahon
about to get all tweets newer than ID #961127132746407936 for account @Scavino45
about to get all tweets newer than ID #961073822794420224 for account @POTUS
about to get all tweets newer than ID #961041743750877184 for account
@seanspicer
about to get all tweets newer than ID #961236733437280257 for account
@JessicaDitto45
about to get all tweets newer than ID #903694300306923521 for account
@SecElaineChao
about to get all tweets newer than ID #832282841471918080 for account
@BetsyDeVos
about to get all tweets newer than ID #960959922140725248 for account
@EPAScottPruitt
about to get all tweets newer than ID #960583280256061440 for account
@SecretaryAcosta
about to get all tweets newer than ID #961232726266470400 for account
@WhiteHouse
about to get all tweets newer than ID #961223063344963585 for account
@SpeakerRyan
ERROR: unable to get tweets for account @SpeakerRyan
           the system said: Failed to parse JSON payload: Unterminated string
starting at: line 1 column 681170 (char 681169)
about to get all tweets newer than ID #959831598412656640 for account @PRyan
about to get all tweets newer than ID #960902631836266496 for account
@StephGrisham45
ERROR: unable to get tweets for account @StephGrisham45
           the system said: Failed to parse JSON payload: Unterminated string
starting at: line 1 column 685452 (char 685451)
... OK, we're set up, and about to watch 831482588246196225, 24578794,
818876014390603776, 836305915452272641, 25073877, 822127086194348032,
818927131883356161, 105267762, 29547260, 799764016885329921, 620571475,
728361177986797568, 15985455, 20733972, 212262370, 888031054141022209,
828997388920619008, 18906561, 866746592853979137, 828613457020870657,
818910970567344128, 829782369670410240, 809836066316451840, 827258161841135623,
830128820447539208, 798195585824104449, 6577802, 819992522109894658, 22203756,
1923451808, 471672239, 803703725730779136, 842072478834909184,
892173412818354177, 108471631, 1180379185, 52544275, 37666984, 296060169,
65522706, 823367015830323201, 822215679726100480, 20776147, 836724024688410625,
826065858548133888, 599530439, 832672006113931269, 819980276570976256,
822215673812119553, 18916432, 733751245, 823638938590085124
WARNING: received error ('Connection broken: IncompleteRead(0 bytes read, 512
more expected)', IncompleteRead(0 bytes read, 512 more expected)); sleeping and
trying again ...
WARNING: received error ('Connection broken: IncompleteRead(0 bytes read, 512
more expected)', IncompleteRead(0 bytes read, 512 more expected)); sleeping and
trying again ...
