Hello, traveler. This is the beginning of a log file called: "Fascist Tweet Archiver".
Some basic system info about the host machine: posix.uname_result(sysname='Linux', nodename='file-server', release='3.16.0-5-686-pae', version='#1 SMP Debian 3.16.51-3+deb8u1 (2018-01-08)', machine='i686')
This log was begun Wednesday, 07 February 2018 at 09:43



INFO: read target account data; we're tracking 52 accounts
WARNING: no ProtocolError (got exception "name 'ProtocolError' is not defined");
 trying requests.packages.urllib3.exceptions instead
NOTE: successfully imported from requests
Starting up...
about to get all tweets newer than ID #961223063344963585 for account
@SpeakerRyan
about to get all tweets newer than ID #961007407831896065 for account
@BetsyDeVosED
about to get all tweets newer than ID #903694300306923521 for account
@SecElaineChao
about to get all tweets newer than ID #961275485589266432 for account @SBALinda
about to get all tweets newer than ID #960675778361995264 for account
@KellyannePolls
about to get all tweets newer than ID #959207300727746560 for account
@IvankaTrumpHQ
about to get all tweets newer than ID #961236733437280257 for account
@JessicaDitto45
about to get all tweets newer than ID #954801265732661248 for account
@MELANIATRUMP
about to get all tweets newer than ID #898632795517403136 for account
@GeneralJFKellly
ERROR: unable to get tweets for account @GeneralJFKellly
           the system said: Not authorized.
about to get all tweets newer than ID #961127132746407936 for account @Scavino45
about to get all tweets newer than ID #890659905798983680 for account @Reince45
about to get all tweets newer than ID #836780744810844161 for account
@StephenMillerAL
about to get all tweets newer than ID #959503328014225408 for account
@mike_pence
about to get all tweets newer than ID #961178804562644993 for account
@SecondLady
about to get all tweets newer than ID #-1 for account @jaredkushner
about to get all tweets newer than ID #961073822794420224 for account @POTUS
about to get all tweets newer than ID #961264442045583360 for account
@SecretaryZinke
about to get all tweets newer than ID #960901771798482945 for account @FLOTUS
about to get all tweets newer than ID #961264899027619844 for account @PressSec
about to get all tweets newer than ID #958552614026784770 for account
@SecretaryRoss
about to get all tweets newer than ID #961270833569202176 for account
@realDonaldTrump
about to get all tweets newer than ID #959509964615188480 for account
@SecretaryCarson
getting all tweets before ID #913421602280427520
    ...400 tweets downloaded so far


New tweet from SecretaryCarson: I'm proud to collaborate across agencies to
help those impacted by disasters in the past few months. https://t.co/AaoVuQcFva

archiving URL http://twitter.com/SecretaryCarson/status/961278424491970560
    ... archiving using prefix http://web.archive.org/save/
about to get all tweets newer than ID #824610180881117184 for account
@GovPenceIN

archiving URL https://twitter.com/SecretaryCarson/status/961278424491970560
    ... archiving using prefix http://web.archive.org/save/
about to get all tweets newer than ID #960889376996843521 for account
@SecretarySonny
about to get all tweets newer than ID #961214601181483008 for account
@nikkihaley
about to get all tweets newer than ID #816290296048873472 for account
@WilburRoss
about to get all tweets newer than ID #960583280256061440 for account
@SecretaryAcosta
about to get all tweets newer than ID #960969625151442944 for account
@SecShulkin
about to get all tweets newer than ID #960362146323468288 for account
@TomBossert45
about to get all tweets newer than ID #960952477595176960 for account
@stevenmnuchin1
about to get all tweets newer than ID #961041018077540353 for account
@RealBenCarson
about to get all tweets newer than ID #955254388423118849 for account
@GovernorPerry
about to get all tweets newer than ID #959613255206555648 for account
@DanScavino
about to get all tweets newer than ID #816846808789958656 for account
@SenDanCoats
ERROR: unable to get tweets for account @SenDanCoats
           the system said: Failed to parse JSON payload: Expecting ':'
delimiter: line 1 column 510164 (char 510163)
about to get all tweets newer than ID #960367165114380290 for account @Reince
about to get all tweets newer than ID #832282841471918080 for account
@BetsyDeVos
about to get all tweets newer than ID #961245382293454848 for account
@Scaramucci
ERROR: unable to get tweets for account @Scaramucci
           the system said: Failed to parse JSON payload: Unterminated string
starting at: line 1 column 502946 (char 502945)
about to get all tweets newer than ID #-1 for account @ElaineChao
about to get all tweets newer than ID #830074939298414592 for account
@RepTomPrice
about to get all tweets newer than ID #961232726266470400 for account
@WhiteHouse
getting all tweets before ID #956850791645695999
    ...400 tweets downloaded so far


New tweet from WhiteHouse: RT @VP: Earlier today in Japan I announced the U.S
will soon unveil the TOUGHEST &amp; most AGGRESSIVE round of economic sanctions
on North Kor…

archiving URL http://twitter.com/WhiteHouse/status/961276383518486529
    ... archiving using prefix http://web.archive.org/save/
about to get all tweets newer than ID #960989185028091904 for account
@IvankaTrump

archiving URL https://twitter.com/WhiteHouse/status/961276383518486529
    ... archiving using prefix http://web.archive.org/save/


New tweet from WhiteHouse: Earlier today, @VP Pence met with Japanese Prime
Minister Abe and announced the U.S. will soon unveil the toughest…
https://t.co/fTTwcujUSj

archiving URL http://twitter.com/WhiteHouse/status/961281154115690497
    ... archiving using prefix http://web.archive.org/save/

archiving URL https://twitter.com/WhiteHouse/status/961281154115690497
    ... archiving using prefix http://web.archive.org/save/
about to get all tweets newer than ID #960959922140725248 for account
@EPAScottPruitt
getting all tweets before ID #888083510489227263
    ...400 tweets downloaded so far


New tweet from EPAScottPruitt: RT @EPAregion6: .@EPAScottPruitt approved
revisions to the Arkansas Regional Haze State Implementation Plan for nitrogen
oxide at electric-…

archiving URL http://twitter.com/EPAScottPruitt/status/961280272888160258
    ... archiving using prefix http://web.archive.org/save/
about to get all tweets newer than ID #961238019981369344 for account
@AshLeeStrong

archiving URL https://twitter.com/EPAScottPruitt/status/961280272888160258
    ... archiving using prefix http://web.archive.org/save/
about to get all tweets newer than ID #960902631836266496 for account
@StephGrisham45
about to get all tweets newer than ID #961221519144837120 for account @VP
about to get all tweets newer than ID #959831598412656640 for account @PRyan
about to get all tweets newer than ID #958090523364986887 for account
@MickMulvaneyOMB
about to get all tweets newer than ID #961041743750877184 for account
@seanspicer
about to get all tweets newer than ID #898401955847876608 for account
@Linda_McMahon
about to get all tweets newer than ID #961269740193935360 for account
@SecretaryPerry
about to get all tweets newer than ID #856041462164836355 for account
@FirstLadyIN
about to get all tweets newer than ID #913881045652688901 for account
@SecPriceMD
... OK, we're set up, and about to watch 18916432, 828997388920619008,
826065858548133888, 819992522109894658, 471672239, 798195585824104449,
836724024688410625, 108471631, 892173412818354177, 823367015830323201,
803703725730779136, 728361177986797568, 22203756, 822127086194348032, 29547260,
822215679726100480, 827258161841135623, 818876014390603776, 818927131883356161,
836305915452272641, 25073877, 828613457020870657, 15985455, 842072478834909184,
37666984, 809836066316451840, 819980276570976256, 831482588246196225,
866746592853979137, 799764016885329921, 1180379185, 18906561, 620571475,
212262370, 20733972, 599530439, 24578794, 105267762, 6577802,
822215673812119553, 52544275, 832672006113931269, 296060169, 823638938590085124,
 818910970567344128, 733751245, 888031054141022209, 20776147, 65522706,
830128820447539208, 1923451808, 829782369670410240


New tweet from WhiteHouse: President Trump hosted law enforcement
professionals, community leaders, and several members of Congress yesterday…
https://t.co/WPZP2RAC21

archiving URL http://twitter.com/WhiteHouse/status/961289221075030017
    ... archiving using prefix http://web.archive.org/save/

archiving URL https://twitter.com/WhiteHouse/status/961289221075030017
    ... archiving using prefix http://web.archive.org/save/


New tweet from Scaramucci: RT @nadiajurkovich: Hi @Scaramucci, thank you again
 for visiting Columbia University last night! It was great listening to you
speak, espec…

archiving URL http://twitter.com/Scaramucci/status/961295487650365440
    ... archiving using prefix http://web.archive.org/save/

archiving URL https://twitter.com/Scaramucci/status/961295487650365440
    ... archiving using prefix http://web.archive.org/save/


New tweet from SBALinda: James Di Sabatini, owner of @RoxysGrilledChz, is a
graduate of @SBAgov #EmergingLeaders and tells me the program wa…
https://t.co/p5Q0treS0a

archiving URL http://twitter.com/SBALinda/status/961298761849933824
    ... archiving using prefix http://web.archive.org/save/


New tweet from realDonaldTrump: Best wishes to the Republic of Korea on
hosting the @Olympics! What a wonderful opportunity to show everyone that y…
https://t.co/NL6cIfHZgN

archiving URL http://twitter.com/realDonaldTrump/status/961298788219420672
    ... archiving using prefix http://web.archive.org/save/

archiving URL https://twitter.com/SBALinda/status/961298761849933824
    ... archiving using prefix http://web.archive.org/save/

archiving URL https://twitter.com/realDonaldTrump/status/961298788219420672
    ... archiving using prefix http://web.archive.org/save/
WARNING: received error ('Connection broken: IncompleteRead(0 bytes read, 512
more expected)', IncompleteRead(0 bytes read, 512 more expected)); sleeping and
trying again ...


New tweet from POTUS: RT @realDonaldTrump: Best wishes to the Republic of
Korea on hosting the @Olympics! What a wonderful opportunity to show everyone
that you…

archiving URL http://twitter.com/POTUS/status/961299457261428736
    ... archiving using prefix http://web.archive.org/save/

archiving URL https://twitter.com/POTUS/status/961299457261428736
    ... archiving using prefix http://web.archive.org/save/


New tweet from WhiteHouse: RT @realDonaldTrump: Best wishes to the Republic of
 Korea on hosting the @Olympics! What a wonderful opportunity to show everyone
that you…

archiving URL http://twitter.com/WhiteHouse/status/961299663499485184
    ... archiving using prefix http://web.archive.org/save/

archiving URL https://twitter.com/WhiteHouse/status/961299663499485184
    ... archiving using prefix http://web.archive.org/save/


New tweet from Scavino45: RT @realDonaldTrump: Best wishes to the Republic of
Korea on hosting the @Olympics! What a wonderful opportunity to show everyone
that you…

archiving URL http://twitter.com/Scavino45/status/961299739772899328
    ... archiving using prefix http://web.archive.org/save/
INFO: handling a deletion for data:

{'delete': {'status': {'id':
961299663499485184,
                       'id_str': '961299663499485184',

                       'user_id': 822215673812119553,
'user_id_str': '822215673812119553'},
            'timestamp_ms':
'1518026697583'}}
INFO: successfully dumped raw data to JSON file
INFO: We're handling a deletion notification for tweet ID# 961299663499485184 on
 account WhiteHouse
INFO: get_archived_tweet() called to get tweet ID 961299663499485184 for account
 WhiteHouse
INFO: found a tweet!
http://web.archive.org/*/http://twitter.com/WhiteHouse/status/961299663499485184
	RT @realDonaldTrump: Best wishes to the Republic of Korea on hosting the
@Olympics! What a wonderful opportunity to show everyone that you…
... adding to list of deleted tweets
... added
 ... and we're going to tweet about it

archiving URL https://twitter.com/Scavino45/status/961299739772899328
    ... archiving using prefix http://web.archive.org/save/


New tweet from WhiteHouse: RT @realDonaldTrump: Best wishes to the Republic of
 Korea on hosting the @Olympics! What a wonderful opportunity to show everyone
that you…

archiving URL http://twitter.com/WhiteHouse/status/961299771653795840
    ... archiving using prefix http://web.archive.org/save/

archiving URL https://twitter.com/WhiteHouse/status/961299771653795840
    ... archiving using prefix http://web.archive.org/save/
WARNING: received error ('Connection broken: IncompleteRead(0 bytes read, 512
more expected)', IncompleteRead(0 bytes read, 512 more expected)); sleeping and
trying again ...


New tweet from IvankaTrump: An incredible feat for American innovation and
space exploration, @SpaceX successfully launched #FalconHeavy. Excit…
https://t.co/ZK926SCDwi

archiving URL http://twitter.com/IvankaTrump/status/961300525126955008
    ... archiving using prefix http://web.archive.org/save/

archiving URL https://twitter.com/IvankaTrump/status/961300525126955008
    ... archiving using prefix http://web.archive.org/save/


New tweet from SBALinda: #SmallBiz @RoxysGrilledChz originally started as a
food truck and now has 3 brick and mortar locations. James has c…
https://t.co/ZFHFTwZBfe

archiving URL http://twitter.com/SBALinda/status/961300687354294274
    ... archiving using prefix http://web.archive.org/save/

archiving URL https://twitter.com/SBALinda/status/961300687354294274
    ... archiving using prefix http://web.archive.org/save/
WARNING: received error ('Connection broken: IncompleteRead(0 bytes read, 512
more expected)', IncompleteRead(0 bytes read, 512 more expected)); sleeping and
trying again ...


New tweet from SecretaryZinke: What an honor to meet men of the
#TuskegeeAirmen today at @Interior for #BlackHistoryMonth 🇺🇸
https://t.co/oDSOFD9oGC

archiving URL http://twitter.com/SecretaryZinke/status/961303791764234242
    ... archiving using prefix http://web.archive.org/save/

archiving URL https://twitter.com/SecretaryZinke/status/961303791764234242
    ... archiving using prefix http://web.archive.org/save/


New tweet from IvankaTrump: RT @realDonaldTrump: Best wishes to the Republic
of Korea on hosting the @Olympics! What a wonderful opportunity to show everyone
 that you…

archiving URL http://twitter.com/IvankaTrump/status/961308063402807297
    ... archiving using prefix http://web.archive.org/save/

archiving URL https://twitter.com/IvankaTrump/status/961308063402807297
    ... archiving using prefix http://web.archive.org/save/


New tweet from SpeakerRyan: This bipartisan budget agreement delivers on our
commitment to fully fund our national defense—no more short-term p…
https://t.co/0tfcv1r5Ck

archiving URL http://twitter.com/SpeakerRyan/status/961314699924201472
    ... archiving using prefix http://web.archive.org/save/

archiving URL https://twitter.com/SpeakerRyan/status/961314699924201472
    ... archiving using prefix http://web.archive.org/save/


New tweet from Scavino45: “Protecting American Communities from the Violence
of MS-13” 
https://t.co/fICMFF4G7d

archiving URL http://twitter.com/Scavino45/status/961316662824882184
    ... archiving using prefix http://web.archive.org/save/

archiving URL https://twitter.com/Scavino45/status/961316662824882184
    ... archiving using prefix http://web.archive.org/save/


New tweet from WhiteHouse: RT @Scavino45: “Protecting American Communities
from the Violence of MS-13” 
https://t.co/fICMFF4G7d

archiving URL http://twitter.com/WhiteHouse/status/961319184855597056
    ... archiving using prefix http://web.archive.org/save/

archiving URL https://twitter.com/WhiteHouse/status/961319184855597056
    ... archiving using prefix http://web.archive.org/save/


New tweet from Scavino45: “Boeing boosts employee match program after GOP tax
cuts” https://t.co/N7YmFASIG7

archiving URL http://twitter.com/Scavino45/status/961320390499946496
    ... archiving using prefix http://web.archive.org/save/

archiving URL https://twitter.com/Scavino45/status/961320390499946496
    ... archiving using prefix http://web.archive.org/save/


New tweet from JessicaDitto45: RT @Scavino45: “Boeing boosts employee match
program after GOP tax cuts” https://t.co/N7YmFASIG7

archiving URL http://twitter.com/JessicaDitto45/status/961321039434313728
    ... archiving using prefix http://web.archive.org/save/

archiving URL https://twitter.com/JessicaDitto45/status/961321039434313728
    ... archiving using prefix http://web.archive.org/save/


New tweet from Scavino45: “Humana to boost wages for employees following tax
law” https://t.co/Vt0db0aMuM

archiving URL http://twitter.com/Scavino45/status/961321052558249984
    ... archiving using prefix http://web.archive.org/save/

archiving URL https://twitter.com/Scavino45/status/961321052558249984
    ... archiving using prefix http://web.archive.org/save/


New tweet from SBALinda: The #SmallBusiness roundtable is such a crucial part
of our #SBAIgniteTour. Today I am hearing from @SBA_MA biz own…
https://t.co/1JfEnUpzIp

archiving URL http://twitter.com/SBALinda/status/961321164151848960
    ... archiving using prefix http://web.archive.org/save/

archiving URL https://twitter.com/SBALinda/status/961321164151848960
    ... archiving using prefix http://web.archive.org/save/


New tweet from Scavino45: “Chipotle's tax bonuses: Here's what employees will
get” https://t.co/SJMCwmYXWI

archiving URL http://twitter.com/Scavino45/status/961321455421149184
    ... archiving using prefix http://web.archive.org/save/

archiving URL https://twitter.com/Scavino45/status/961321455421149184
    ... archiving using prefix http://web.archive.org/save/


New tweet from JessicaDitto45: RT @Scavino45: “Chipotle's tax bonuses: Here's
what employees will get” https://t.co/SJMCwmYXWI

archiving URL http://twitter.com/JessicaDitto45/status/961321719100264449
    ... archiving using prefix http://web.archive.org/save/

archiving URL https://twitter.com/JessicaDitto45/status/961321719100264449
    ... archiving using prefix http://web.archive.org/save/


New tweet from IvankaTrump: In 2016, 50% of infants were living in households
where all parents were working. We need policies like… https://t.co/6DMR5Zr6mi

archiving URL http://twitter.com/IvankaTrump/status/961328431387545600
    ... archiving using prefix http://web.archive.org/save/

archiving URL https://twitter.com/IvankaTrump/status/961328431387545600
    ... archiving using prefix http://web.archive.org/save/


New tweet from SecretaryPerry: Honored to host a meeting today at @ENERGY HQ
with the U.S.-India Partnership Forum Executive delegation. Thank you…
https://t.co/H24z6tiPzh

archiving URL http://twitter.com/SecretaryPerry/status/961329072277245959
    ... archiving using prefix http://web.archive.org/save/

archiving URL https://twitter.com/SecretaryPerry/status/961329072277245959
    ... archiving using prefix http://web.archive.org/save/


New tweet from SpeakerRyan: 5 reasons why this budget agreement is critical:
1) Rebuilds our military
2) Provides long-delayed disaster relief…
https://t.co/V4bDXE6q1Y

archiving URL http://twitter.com/SpeakerRyan/status/961331280284717056
    ... archiving using prefix http://web.archive.org/save/

archiving URL https://twitter.com/SpeakerRyan/status/961331280284717056
    ... archiving using prefix http://web.archive.org/save/


New tweet from Scavino45: “Together, we are working every day for the citizens
 of this country: protecting their safety, bringing back their…
https://t.co/QV9XrZm5d9

archiving URL http://twitter.com/Scavino45/status/961340529148661765
    ... archiving using prefix http://web.archive.org/save/

archiving URL https://twitter.com/Scavino45/status/961340529148661765
    ... archiving using prefix http://web.archive.org/save/


New tweet from WhiteHouse: #VPinAsia in Photos: https://t.co/sbApvEVoAv
https://t.co/9HIkB2wBK0

archiving URL http://twitter.com/WhiteHouse/status/961342316190617602
    ... archiving using prefix http://web.archive.org/save/

archiving URL https://twitter.com/WhiteHouse/status/961342316190617602
    ... archiving using prefix http://web.archive.org/save/


New tweet from SBALinda: Next stop: Atlas Devices! This unique company creates
 100% #MadeInTheUSA products right here in #Boston. Cofounder…
https://t.co/PZfN1G8R0o

archiving URL http://twitter.com/SBALinda/status/961343264367501312
    ... archiving using prefix http://web.archive.org/save/

archiving URL https://twitter.com/SBALinda/status/961343264367501312
    ... archiving using prefix http://web.archive.org/save/


New tweet from stevenmnuchin1: As @VP said, in the coming weeks @USTreasury
will unveil one of the toughest sanctions tranches ever against N. Kor…
https://t.co/qFyfAZMWyB

archiving URL http://twitter.com/stevenmnuchin1/status/961345418239139841
    ... archiving using prefix http://web.archive.org/save/

archiving URL https://twitter.com/stevenmnuchin1/status/961345418239139841
    ... archiving using prefix http://web.archive.org/save/


New tweet from SBALinda: "SBA has been behind all of our key growth periods" -
 Nate Ball, the cofounder/CEO of Atlas Devices. #SmallBiz succ…
https://t.co/IrVNxvOPmZ

archiving URL http://twitter.com/SBALinda/status/961346593663447041
    ... archiving using prefix http://web.archive.org/save/

archiving URL https://twitter.com/SBALinda/status/961346593663447041
    ... archiving using prefix http://web.archive.org/save/


New tweet from VP: RT @stevenmnuchin1: As @VP said, in the coming weeks
@USTreasury will unveil one of the toughest sanctions tranches ever against N.
Korea.…

archiving URL http://twitter.com/VP/status/961348143177764866
    ... archiving using prefix http://web.archive.org/save/

archiving URL https://twitter.com/VP/status/961348143177764866
    ... archiving using prefix http://web.archive.org/save/


New tweet from SpeakerRyan: Today's budget agreement makes enormous strides
for our national security and our men and women in uniform. Learn m…
https://t.co/TuNHH7WpAw

archiving URL http://twitter.com/SpeakerRyan/status/961348867131363328
    ... archiving using prefix http://web.archive.org/save/

archiving URL https://twitter.com/SpeakerRyan/status/961348867131363328
    ... archiving using prefix http://web.archive.org/save/


New tweet from SpeakerRyan: RT @HASCRepublicans: Tune In: Chairman @MacTXPress
 &amp; #HASC Republicans Press Conference on the Budget Agreement - Watch Live
https://t.co/v…

archiving URL http://twitter.com/SpeakerRyan/status/961349318509768706
    ... archiving using prefix http://web.archive.org/save/

archiving URL https://twitter.com/SpeakerRyan/status/961349318509768706
    ... archiving using prefix http://web.archive.org/save/


New tweet from SpeakerRyan: That’s not all→ This bill establishes a
bipartisan, bicameral super committee aimed at advancing real reforms to fi…
https://t.co/0VPzYr3XU0

archiving URL http://twitter.com/SpeakerRyan/status/961354324088709121
    ... archiving using prefix http://web.archive.org/save/

archiving URL https://twitter.com/SpeakerRyan/status/961354324088709121
    ... archiving using prefix http://web.archive.org/save/


New tweet from AshLeeStrong: A man of few (but always important) words, Armed
Services Chairman Mac Thornberry: Are you going to fix our militar…
https://t.co/SYOyUJDwsB

archiving URL http://twitter.com/AshLeeStrong/status/961354480116731906
    ... archiving using prefix http://web.archive.org/save/

archiving URL https://twitter.com/AshLeeStrong/status/961354480116731906
    ... archiving using prefix http://web.archive.org/save/


New tweet from SBALinda: A little friendly arm wrestling with #SmallBiz Atlas
Devices' CEO. Who do you think won? #SBAIgniteTour https://t.co/LcDVQbQHRy

archiving URL http://twitter.com/SBALinda/status/961354702578487296
    ... archiving using prefix http://web.archive.org/save/

archiving URL https://twitter.com/SBALinda/status/961354702578487296
    ... archiving using prefix http://web.archive.org/save/


New tweet from JessicaDitto45: RT @realDonaldTrump: Best wishes to the
Republic of Korea on hosting the @Olympics! What a wonderful opportunity to show
 everyone that you…

archiving URL http://twitter.com/JessicaDitto45/status/961359859995348992
    ... archiving using prefix http://web.archive.org/save/

archiving URL https://twitter.com/JessicaDitto45/status/961359859995348992
    ... archiving using prefix http://web.archive.org/save/


New tweet from realDonaldTrump: Congratulations to the Republic of Korea on
what will be a MAGNIFICENT Winter Olympics! What the South Korean peopl…
https://t.co/gGaZUnZBMa

archiving URL http://twitter.com/realDonaldTrump/status/961362249880252416
    ... archiving using prefix http://web.archive.org/save/

archiving URL https://twitter.com/realDonaldTrump/status/961362249880252416
    ... archiving using prefix http://web.archive.org/save/


New tweet from Scavino45: RT @realDonaldTrump: Congratulations to the Republic
 of Korea on what will be a MAGNIFICENT Winter Olympics! What the South Korean
people h…

archiving URL http://twitter.com/Scavino45/status/961362407854657536
    ... archiving using prefix http://web.archive.org/save/

archiving URL https://twitter.com/Scavino45/status/961362407854657536
    ... archiving using prefix http://web.archive.org/save/


New tweet from POTUS: RT @realDonaldTrump: Congratulations to the Republic of
Korea on what will be a MAGNIFICENT Winter Olympics! What the South Korean
people h…

archiving URL http://twitter.com/POTUS/status/961362448002568192
    ... archiving using prefix http://web.archive.org/save/

archiving URL https://twitter.com/POTUS/status/961362448002568192
    ... archiving using prefix http://web.archive.org/save/


New tweet from WhiteHouse: RT @realDonaldTrump: Congratulations to the
Republic of Korea on what will be a MAGNIFICENT Winter Olympics! What the South
Korean people h…

archiving URL http://twitter.com/WhiteHouse/status/961362513723056131
    ... archiving using prefix http://web.archive.org/save/

archiving URL https://twitter.com/WhiteHouse/status/961362513723056131
    ... archiving using prefix http://web.archive.org/save/


New tweet from SecShulkin: RT @DeptVetAffairs: VA News Release: VA Celebrates
African-American Veterans throughout February https://t.co/KAw6Udo0eD

archiving URL http://twitter.com/SecShulkin/status/961362585605025792
    ... archiving using prefix http://web.archive.org/save/

archiving URL https://twitter.com/SecShulkin/status/961362585605025792
    ... archiving using prefix http://web.archive.org/save/


New tweet from JessicaDitto45: RT @GOPSenFinance: Chairman Hatch statement on
@WhiteHouse trade meeting with @POTUS: https://t.co/FZ6jvxOZTA

archiving URL http://twitter.com/JessicaDitto45/status/961362652772564992
    ... archiving using prefix http://web.archive.org/save/

archiving URL https://twitter.com/JessicaDitto45/status/961362652772564992
    ... archiving using prefix http://web.archive.org/save/


New tweet from JessicaDitto45: RT @teross45: .@ChipotleTweets passing on the
tax savings...Chipotle's hourly crew members will be eligible to earn a $250
bonus and its ge…

archiving URL http://twitter.com/JessicaDitto45/status/961362723379535874
    ... archiving using prefix http://web.archive.org/save/

archiving URL https://twitter.com/JessicaDitto45/status/961362723379535874
    ... archiving using prefix http://web.archive.org/save/


New tweet from realDonaldTrump: The Budget Agreement today is so important for
 our great Military. It ends the dangerous sequester and gives Secret…
https://t.co/VRkKsNDZGC

archiving URL http://twitter.com/realDonaldTrump/status/961368036782628864
    ... archiving using prefix http://web.archive.org/save/

archiving URL https://twitter.com/realDonaldTrump/status/961368036782628864
    ... archiving using prefix http://web.archive.org/save/


New tweet from POTUS: RT @realDonaldTrump: The Budget Agreement today is so
important for our great Military. It ends the dangerous sequester and gives
Secretary…

archiving URL http://twitter.com/POTUS/status/961370468543614982
    ... archiving using prefix http://web.archive.org/save/

archiving URL https://twitter.com/POTUS/status/961370468543614982
    ... archiving using prefix http://web.archive.org/save/


New tweet from JessicaDitto45: RT @realDonaldTrump: The Budget Agreement today
 is so important for our great Military. It ends the dangerous sequester and
gives Secretary…

archiving URL http://twitter.com/JessicaDitto45/status/961375251899789328
    ... archiving using prefix http://web.archive.org/save/

archiving URL https://twitter.com/JessicaDitto45/status/961375251899789328
    ... archiving using prefix http://web.archive.org/save/


New tweet from SBALinda: Our last stop of the Boston #SBAIgniteTour is
@FirekingBaking. Owner Greg Acerra utilized an @SBAgov 504 loan to ex…
https://t.co/b1xpLT2vh3

archiving URL http://twitter.com/SBALinda/status/961380059603963910
    ... archiving using prefix http://web.archive.org/save/

archiving URL https://twitter.com/SBALinda/status/961380059603963910
    ... archiving using prefix http://web.archive.org/save/


New tweet from AshLeeStrong: RT @frankthorp: Here are the details of the
bipartisan budget deal, via the offices of @SpeakerRyan &amp; @SenateMajLdr:
https://t.co/17T6fNtRkD

archiving URL http://twitter.com/AshLeeStrong/status/961380676854603776
    ... archiving using prefix http://web.archive.org/save/

archiving URL https://twitter.com/AshLeeStrong/status/961380676854603776
    ... archiving using prefix http://web.archive.org/save/


New tweet from SpeakerRyan: Secretary Mattis of @DeptofDefense said it exactly
 right: "Today's congressional action will ensure our military ca…
https://t.co/qRrRmqr3aB

archiving URL http://twitter.com/SpeakerRyan/status/961383080928927744
    ... archiving using prefix http://web.archive.org/save/

archiving URL https://twitter.com/SpeakerRyan/status/961383080928927744
    ... archiving using prefix http://web.archive.org/save/


New tweet from SpeakerRyan: Wisconsinites Becca &amp; Matt Hamilton make their
 #WinterOlympics debut tonight in the newest Olympic event, mixed dou…
https://t.co/uQiF0J8Fgc

archiving URL http://twitter.com/SpeakerRyan/status/961388663119794176
    ... archiving using prefix http://web.archive.org/save/

archiving URL https://twitter.com/SpeakerRyan/status/961388663119794176
    ... archiving using prefix http://web.archive.org/save/


New tweet from SBALinda: Thank you to our great @SBA_MA district office for
coordinating today's #SBAIgniteTour stop in #Boston. https://t.co/2t6DviUYM2

archiving URL http://twitter.com/SBALinda/status/961396381280886784
    ... archiving using prefix http://web.archive.org/save/

archiving URL https://twitter.com/SBALinda/status/961396381280886784
    ... archiving using prefix http://web.archive.org/save/


New tweet from AshLeeStrong: .@RepLizCheney is a freshman member of our
conference punching well above her weight. https://t.co/CTPl81CDqR

archiving URL http://twitter.com/AshLeeStrong/status/961403257372504064
    ... archiving using prefix http://web.archive.org/save/

archiving URL https://twitter.com/AshLeeStrong/status/961403257372504064
    ... archiving using prefix http://web.archive.org/save/
WARNING: received error HTTPSConnectionPool(host='stream.twitter.com',
port=443): Read timed out.; sleeping and trying again ...
WARNING: received error HTTPSConnectionPool(host='stream.twitter.com',
port=443): Read timed out.; sleeping and trying again ...


New tweet from WhiteHouse: Thanks to new spending caps, in Secretary of
Defense James Mattis’ words, “America can afford survival.” Read more…
https://t.co/n17XdQZ4Ht

archiving URL http://twitter.com/WhiteHouse/status/961412274639507456
    ... archiving using prefix http://web.archive.org/save/

archiving URL https://twitter.com/WhiteHouse/status/961412274639507456
    ... archiving using prefix http://web.archive.org/save/


New tweet from SpeakerRyan: RT @SusanWBrooks: This is for our athletes &amp;
every young athlete who dreams of the Olympic stage. 
W/out their advocacy &amp;
 their hope to cre…

archiving URL http://twitter.com/SpeakerRyan/status/961412517061910528
    ... archiving using prefix http://web.archive.org/save/

archiving URL https://twitter.com/SpeakerRyan/status/961412517061910528
    ... archiving using prefix http://web.archive.org/save/
WARNING: received error HTTPSConnectionPool(host='stream.twitter.com',
port=443): Read timed out.; sleeping and trying again ...


New tweet from SpeakerRyan: RT @RepSmucker: Meet Matt and Amy. They live in
Lancaster County. Because of GOP #TaxReform, they get to keep more of their own
money. Matt…

archiving URL http://twitter.com/SpeakerRyan/status/961418424353206272
    ... archiving using prefix http://web.archive.org/save/

archiving URL https://twitter.com/SpeakerRyan/status/961418424353206272
    ... archiving using prefix http://web.archive.org/save/


New tweet from RealBenCarson: RT @realDonaldTrump: Congratulations to the
Republic of Korea on what will be a MAGNIFICENT Winter Olympics! What the South
Korean people h…

archiving URL http://twitter.com/RealBenCarson/status/961426848382181378
    ... archiving using prefix http://web.archive.org/save/

archiving URL https://twitter.com/RealBenCarson/status/961426848382181378
    ... archiving using prefix http://web.archive.org/save/
WARNING: received error HTTPSConnectionPool(host='stream.twitter.com',
port=443): Read timed out.; sleeping and trying again ...
WARNING: received error HTTPSConnectionPool(host='stream.twitter.com',
port=443): Read timed out.; sleeping and trying again ...
WARNING: received error HTTPSConnectionPool(host='stream.twitter.com',
port=443): Read timed out.; sleeping and trying again ...


New tweet from JessicaDitto45: RT @ABCPolitics: LIVE: VP Mike Pence delivers
remarks at US air base in Japan. https://t.co/ClSmpICKXB https://t.co/6uUMhKi7qU

archiving URL http://twitter.com/JessicaDitto45/status/961440487973548032
    ... archiving using prefix http://web.archive.org/save/

archiving URL https://twitter.com/JessicaDitto45/status/961440487973548032
    ... archiving using prefix http://web.archive.org/save/
WARNING: received error HTTPSConnectionPool(host='stream.twitter.com',
port=443): Read timed out.; sleeping and trying again ...
WARNING: received error HTTPSConnectionPool(host='stream.twitter.com',
port=443): Read timed out.; sleeping and trying again ...
WARNING: received error HTTPSConnectionPool(host='stream.twitter.com',
port=443): Read timed out.; sleeping and trying again ...


New tweet from VP: To any who would threaten our people or our allies, know
this: Under this Commander-in-Chief, and the greatest figh…
https://t.co/9e257z6g2B

archiving URL http://twitter.com/VP/status/961456962255847425
    ... archiving using prefix http://web.archive.org/save/

archiving URL https://twitter.com/VP/status/961456962255847425
    ... archiving using prefix http://web.archive.org/save/


New tweet from VP: North Korea’s tyrants have never been content to merely
subjugate their own people. They still harbor the dream of…
https://t.co/ZFu9L402nQ

archiving URL http://twitter.com/VP/status/961457385008222208
    ... archiving using prefix http://web.archive.org/save/

archiving URL https://twitter.com/VP/status/961457385008222208
    ... archiving using prefix http://web.archive.org/save/


New tweet from VP: Freedom-loving people across the world long for the day
when peace &amp; prosperity replace Pyongyang’s belligerence &amp;…
https://t.co/haDRZdaieM

archiving URL http://twitter.com/VP/status/961457649278693377
    ... archiving using prefix http://web.archive.org/save/

archiving URL https://twitter.com/VP/status/961457649278693377
    ... archiving using prefix http://web.archive.org/save/


New tweet from POTUS: RT @VP: To any who would threaten our people or our
allies, know this: Under this Commander-in-Chief, and the greatest fighting
force in th…

archiving URL http://twitter.com/POTUS/status/961461281013272576
    ... archiving using prefix http://web.archive.org/save/

archiving URL https://twitter.com/POTUS/status/961461281013272576
    ... archiving using prefix http://web.archive.org/save/


New tweet from POTUS: RT @VP: North Korea’s tyrants have never been content to
 merely subjugate their own people. They still harbor the dream of conquering
their…

archiving URL http://twitter.com/POTUS/status/961461311820484609
    ... archiving using prefix http://web.archive.org/save/

archiving URL https://twitter.com/POTUS/status/961461311820484609
    ... archiving using prefix http://web.archive.org/save/


New tweet from SecondLady: Honored to meet with @USForcesJapan spouses at
Yokota Air Base. They shared some of the challenges of being militar…
https://t.co/XJ0WgogWpN

archiving URL http://twitter.com/SecondLady/status/961462621986697218
    ... archiving using prefix http://web.archive.org/save/

archiving URL https://twitter.com/SecondLady/status/961462621986697218
    ... archiving using prefix http://web.archive.org/save/
WARNING: received error HTTPSConnectionPool(host='stream.twitter.com',
port=443): Read timed out.; sleeping and trying again ...


New tweet from VP: .@Adaripp I want you to know we are FOR YOU. Don’t let fake
 news distract you. I am proud of you and ALL OF OUR GRE…
https://t.co/xk6LQYfiKf

archiving URL http://twitter.com/VP/status/961466229671284736
    ... archiving using prefix http://web.archive.org/save/

archiving URL https://twitter.com/VP/status/961466229671284736
    ... archiving using prefix http://web.archive.org/save/


New tweet from Scaramucci: RT @FoxNews: .@Scaramucci: "The American people
have to understand that their government is there to serve them. We are not here
 to serve t…

archiving URL http://twitter.com/Scaramucci/status/961473463516090369
    ... archiving using prefix http://web.archive.org/save/

archiving URL https://twitter.com/Scaramucci/status/961473463516090369
    ... archiving using prefix http://web.archive.org/save/
WARNING: received error HTTPSConnectionPool(host='stream.twitter.com',
port=443): Read timed out.; sleeping and trying again ...


New tweet from VP: Honored to speak w/ our Armed Forces at Yokota Air Base in
Japan. For generations the U.S has stood guard over the… https://t.co/Ty7yVHtEvf

archiving URL http://twitter.com/VP/status/961541809158656000
    ... archiving using prefix http://web.archive.org/save/

archiving URL https://twitter.com/VP/status/961541809158656000
    ... archiving using prefix http://web.archive.org/save/


New tweet from VP: Toured @USForcesJapan operations at Yokota Air Base &amp;
met some of the incredible men &amp; women serving the American p…
https://t.co/XiGxNPR252

archiving URL http://twitter.com/VP/status/961542424316301312
    ... archiving using prefix http://web.archive.org/save/

archiving URL https://twitter.com/VP/status/961542424316301312
    ... archiving using prefix http://web.archive.org/save/


New tweet from realDonaldTrump: Will be heading over shortly to make remarks
at The National Prayer Breakfast in Washington. Great religious and po…
https://t.co/bEReTLNLo4

archiving URL http://twitter.com/realDonaldTrump/status/961557382387167238
    ... archiving using prefix http://web.archive.org/save/

archiving URL https://twitter.com/realDonaldTrump/status/961557382387167238
    ... archiving using prefix http://web.archive.org/save/


New tweet from AshLeeStrong: Speaker Ryan will join @hughhewitt at 8:45am ET
today to discuss the budget deal &amp; funding for our troops. Listen:
https://t.co/mRRBhvET4s

archiving URL http://twitter.com/AshLeeStrong/status/961577937286909952
    ... archiving using prefix http://web.archive.org/save/

archiving URL https://twitter.com/AshLeeStrong/status/961577937286909952
    ... archiving using prefix http://web.archive.org/save/


New tweet from SecondLady: RT @VP: Honored to speak w/ our Armed Forces at
Yokota Air Base in Japan. For generations the U.S has stood guard over the Indo-
Pacific tog…

archiving URL http://twitter.com/SecondLady/status/961578961401778177
    ... archiving using prefix http://web.archive.org/save/

archiving URL https://twitter.com/SecondLady/status/961578961401778177
    ... archiving using prefix http://web.archive.org/save/


New tweet from SecondLady: Lovely conversation with Mrs. Kim Jung-Sook, the
First Lady of the Republic of Korea. https://t.co/CWAtubf9dC

archiving URL http://twitter.com/SecondLady/status/961580891943337986
    ... archiving using prefix http://web.archive.org/save/

archiving URL https://twitter.com/SecondLady/status/961580891943337986
    ... archiving using prefix http://web.archive.org/save/


New tweet from AshLeeStrong: Correx: the speaker will be on at *8:35am ET* but
 you should probably just listen through the full hour! https://t.co/TkyfVxgt80

archiving URL http://twitter.com/AshLeeStrong/status/961583984458326016
    ... archiving using prefix http://web.archive.org/save/

archiving URL https://twitter.com/AshLeeStrong/status/961583984458326016
    ... archiving using prefix http://web.archive.org/save/


New tweet from RealBenCarson: A #tbt to when I spoke at the
#NationalPrayerBreakfast https://t.co/L5DbQVPeA3

archiving URL http://twitter.com/RealBenCarson/status/961584036585070592
    ... archiving using prefix http://web.archive.org/save/

archiving URL https://twitter.com/RealBenCarson/status/961584036585070592
    ... archiving using prefix http://web.archive.org/save/


New tweet from VP: RT @SecondLady: Lovely conversation with Mrs. Kim Jung-
Sook, the First Lady of the Republic of Korea. https://t.co/CWAtubf9dC

archiving URL http://twitter.com/VP/status/961585985355239426
    ... archiving using prefix http://web.archive.org/save/

archiving URL https://twitter.com/VP/status/961585985355239426
    ... archiving using prefix http://web.archive.org/save/


New tweet from WhiteHouse: Watch LIVE as President Trump delivers remarks at
the National Prayer Breakfast: https://t.co/srjmjNJFmR https://t.co/dXlxLUwTcY

archiving URL http://twitter.com/WhiteHouse/status/961597281039417344
    ... archiving using prefix http://web.archive.org/save/

archiving URL https://twitter.com/WhiteHouse/status/961597281039417344
    ... archiving using prefix http://web.archive.org/save/


New tweet from Scaramucci: RT @seanhannity: The mainstream media is silent
about the new senate report on FISA abuse…  @Scaramucci and @SharylAttkisson
give their tak…

archiving URL http://twitter.com/Scaramucci/status/961600067059757057
    ... archiving using prefix http://web.archive.org/save/

archiving URL https://twitter.com/Scaramucci/status/961600067059757057
    ... archiving using prefix http://web.archive.org/save/
