Hello, traveler. This is the beginning of a log file called: "Fascist Tweet Archiver".
Some basic system info about the host machine: posix.uname_result(sysname='Linux', nodename='file-server', release='3.16.0-4-686-pae', version='#1 SMP Debian 3.16.51-3 (2017-12-13)', machine='i686')
This log was begun Wednesday, 03 January 2018 at 13:59



INFO: read target account data; we're tracking 52 accounts
WARNING: no ProtocolError (got exception "name 'ProtocolError' is not defined");
 trying requests.packages.urllib3.exceptions instead
NOTE: successfully imported from requests
Starting up...
about to get all tweets newer than ID #941074527592812545 for account
@SecretaryRoss
about to get all tweets newer than ID #948633169598799873 for account
@Scaramucci
about to get all tweets newer than ID #816290296048873472 for account
@WilburRoss
about to get all tweets newer than ID #948651454990028801 for account
@TomBossert45
about to get all tweets newer than ID #816846808789958656 for account
@SenDanCoats
about to get all tweets newer than ID #948364678962597888 for account
@seanspicer
about to get all tweets newer than ID #948627082195689472 for account
@StephGrisham45
ERROR: unable to get tweets for account @StephGrisham45
           the system said: Failed to parse JSON payload: Unterminated string
starting at: line 1 column 510834 (char 510833)
about to get all tweets newer than ID #890659905798983680 for account @Reince45
about to get all tweets newer than ID #948610999443222528 for account @VP
getting all tweets before ID #935963105036824576
    ...400 tweets downloaded so far


New tweet from VP: As I told @Greta during our interview for @VOAnews, the
clear affirmation &amp; support that @POTUS Trump has provided…
https://t.co/JLUPTqJUFR

archiving URL http://twitter.com/VP/status/948632797199196160
    ... archiving using prefix http://web.archive.org/save/
about to get all tweets newer than ID #948588780100956160 for account
@IvankaTrump

archiving URL https://twitter.com/VP/status/948632797199196160
    ... archiving using prefix http://web.archive.org/save/


New tweet from VP: Iran is the leading state sponsor of terrorism in the
world. To see the people of Iran rising up to demand change i…
https://t.co/RlVDCo63eP

archiving URL http://twitter.com/VP/status/948633178092208128
    ... archiving using prefix http://web.archive.org/save/
about to get all tweets newer than ID #948628031689691136 for account
@WhiteHouse

archiving URL https://twitter.com/VP/status/948633178092208128
    ... archiving using prefix http://web.archive.org/save/


New tweet from VP: The contrast between the silence and the failure to support
 freedom in the last administration, and @POTUS Trump's… https://t.co/k2RmSxwWxh

archiving URL http://twitter.com/VP/status/948633542069760006
    ... archiving using prefix http://web.archive.org/save/

archiving URL https://twitter.com/VP/status/948633542069760006
    ... archiving using prefix http://web.archive.org/save/
about to get all tweets newer than ID #-1 for account @jaredkushner


New tweet from VP: My hope is that the people of Iran understand that the U.S
&amp; the people of this country are their natural ally. We…
https://t.co/DZFMWQjItq

archiving URL http://twitter.com/VP/status/948633889702072322
    ... archiving using prefix http://web.archive.org/save/
about to get all tweets newer than ID #948637700063719426 for account
@SecretaryPerry

archiving URL https://twitter.com/VP/status/948633889702072322
    ... archiving using prefix http://web.archive.org/save/
about to get all tweets newer than ID #930982584649175047 for account
@mike_pence


New tweet from VP: Great to catch up with two of my predecessors -- Vice
Presidents @JoeBiden &amp; Walter Mondale on Capitol Hill earlier…
https://t.co/3EBIHIbEEe

archiving URL http://twitter.com/VP/status/948661212153307136
    ... archiving using prefix http://web.archive.org/save/

archiving URL https://twitter.com/VP/status/948661212153307136
    ... archiving using prefix http://web.archive.org/save/
about to get all tweets newer than ID #947883338055987201 for account
@BetsyDeVosED
about to get all tweets newer than ID #867385249340297217 for account
@RealBenCarson
about to get all tweets newer than ID #913881045652688901 for account
@SecPriceMD
about to get all tweets newer than ID #948571096042917888 for account
@stevenmnuchin1
about to get all tweets newer than ID #830074939298414592 for account
@RepTomPrice
about to get all tweets newer than ID #943908455793823744 for account @Reince
about to get all tweets newer than ID #947969993898999813 for account @SBALinda
about to get all tweets newer than ID #947694647635259392 for account
@SecretarySonny
ERROR: unable to get tweets for account @SecretarySonny
           the system said: Failed to send request:
HTTPSConnectionPool(host='api.twitter.com', port=443): Read timed out.
about to get all tweets newer than ID #947908805618257920 for account @FLOTUS
ERROR: unable to get tweets for account @FLOTUS
           the system said: Failed to parse JSON payload: Unterminated string
starting at: line 1 column 505012 (char 505011)
about to get all tweets newer than ID #943545231244439555 for account
@SecretaryCarson
about to get all tweets newer than ID #948576839949316096 for account @PressSec
about to get all tweets newer than ID #948624627517059072 for account
@JessicaDitto45
about to get all tweets newer than ID #898401955847876608 for account
@Linda_McMahon
about to get all tweets newer than ID #948645616372080640 for account
@EPAScottPruitt
about to get all tweets newer than ID #903694300306923521 for account
@SecElaineChao
about to get all tweets newer than ID #948622811429572609 for account
@AshLeeStrong
about to get all tweets newer than ID #946387776328617984 for account
@IvankaTrumpHQ
about to get all tweets newer than ID #-1 for account @ElaineChao
about to get all tweets newer than ID #836780744810844161 for account
@StephenMillerAL
about to get all tweets newer than ID #948266815679066112 for account
@SecShulkin
about to get all tweets newer than ID #832282841471918080 for account
@BetsyDeVos
about to get all tweets newer than ID #948515478196183040 for account
@DanScavino
about to get all tweets newer than ID #943545273489510400 for account
@MickMulvaneyOMB
about to get all tweets newer than ID #948318266866454528 for account
@nikkihaley
about to get all tweets newer than ID #795981284761894912 for account
@MELANIATRUMP
about to get all tweets newer than ID #948562585892384769 for account
@SecretaryZinke
about to get all tweets newer than ID #947627191080247296 for account
@SecretaryAcosta
about to get all tweets newer than ID #856041462164836355 for account
@FirstLadyIN
about to get all tweets newer than ID #948548807612084224 for account
@realDonaldTrump
about to get all tweets newer than ID #947665157488041984 for account
@SecondLady
about to get all tweets newer than ID #948599109644042241 for account @PRyan
ERROR: unable to get tweets for account @PRyan
           the system said: Failed to parse JSON payload: Unterminated string
starting at: line 1 column 502103 (char 502102)
about to get all tweets newer than ID #898632795517403136 for account
@GeneralJFKellly
ERROR: unable to get tweets for account @GeneralJFKellly
           the system said: Not authorized.
about to get all tweets newer than ID #824610180881117184 for account
@GovPenceIN
about to get all tweets newer than ID #948434723201798144 for account @POTUS
about to get all tweets newer than ID #948201736338067456 for account
@KellyannePolls
about to get all tweets newer than ID #948637439442214913 for account
@SpeakerRyan
about to get all tweets newer than ID #948563539060543488 for account @Scavino45
about to get all tweets newer than ID #947851229719355392 for account
@GovernorPerry
... OK, we're set up, and about to watch 836305915452272641, 24578794,
809836066316451840, 866746592853979137, 212262370, 20776147, 823638938590085124,
 803703725730779136, 818910970567344128, 52544275, 822215673812119553, 29547260,
 830128820447539208, 22203756, 828997388920619008, 1180379185,
829782369670410240, 799764016885329921, 6577802, 20733972, 819992522109894658,
842072478834909184, 818876014390603776, 828613457020870657, 818927131883356161,
836724024688410625, 65522706, 832672006113931269, 826065858548133888, 296060169,
 798195585824104449, 105267762, 728361177986797568, 831482588246196225,
599530439, 620571475, 888031054141022209, 37666984, 108471631,
827258161841135623, 819980276570976256, 1923451808, 25073877,
822127086194348032, 733751245, 892173412818354177, 15985455, 822215679726100480,
 471672239, 18916432, 823367015830323201, 18906561
WARNING: received error ('Connection broken: IncompleteRead(0 bytes read, 512
more expected)', IncompleteRead(0 bytes read, 512 more expected)); sleeping and
trying again ...


New tweet from WhiteHouse: RT @VP: The United States of America is going to
continue to send an unambiguous message that the American people stand with
freedom-loving…

archiving URL http://twitter.com/WhiteHouse/status/948670941206335490
    ... archiving using prefix http://web.archive.org/save/


New tweet from WhiteHouse: RT @VP: .@POTUS Trump made it clear: America will
not be bullied, America will not be threatened, and the United States of America
 has mana…

archiving URL http://twitter.com/WhiteHouse/status/948670983325540352
    ... archiving using prefix http://web.archive.org/save/

archiving URL https://twitter.com/WhiteHouse/status/948670941206335490
    ... archiving using prefix http://web.archive.org/save/

archiving URL https://twitter.com/WhiteHouse/status/948670983325540352
    ... archiving using prefix http://web.archive.org/save/
WARNING: received error ('Connection broken: IncompleteRead(0 bytes read, 512
more expected)', IncompleteRead(0 bytes read, 512 more expected)); sleeping and
trying again ...
