Hello, traveler. This is the beginning of a log file called: "Fascist Tweet Archiver".
Some basic system info about the host machine: posix.uname_result(sysname='Linux', nodename='file-server', release='3.16.0-7-686-pae', version='#1 SMP Debian 3.16.59-1 (2018-10-03)', machine='i686')
This log was begun Monday, 08 October 2018 at 18:51



INFO: read target account data; we're tracking 59 accounts
WARNING: no ProtocolError (got exception "name 'ProtocolError' is not defined");
 trying requests.packages.urllib3.exceptions instead
NOTE: successfully imported from requests
Starting up...
about to get all tweets newer than ID #913881045652688901 for account
@SecPriceMD
ERROR: unable to get tweets for account @SecPriceMD
           the system said: Failed to parse JSON payload: Expecting ':'
delimiter: line 1 column 917494 (char 917493)
about to get all tweets newer than ID #1048291544044896257 for account
@MickMulvaneyOMB
about to get all tweets newer than ID #1049343687526928384 for account @FLOTUS
about to get all tweets newer than ID #954801265732661248 for account
@MELANIATRUMP
about to get all tweets newer than ID #1049083396620734464 for account
@seanspicer
getting all tweets before ID #1028730457427509249
    ...400 tweets downloaded so far
about to get all tweets newer than ID #-1 for account @jaredkushner


New tweet from seanspicer: Read below.  This is an @NBCNews reporter.
https://t.co/d91KwkGZWf

archiving URL http://twitter.com/seanspicer/status/1049450647282769920
    ... archiving using prefix http://web.archive.org/save/
about to get all tweets newer than ID #856041462164836355 for account
@FirstLadyIN

archiving URL https://twitter.com/seanspicer/status/1049450647282769920
    ... archiving using prefix http://web.archive.org/save/


New tweet from seanspicer: RT @rorycooper: It is really frustrating to see
reporters with such a limited understanding of our constitutional republic push
this stuff.…

archiving URL http://twitter.com/seanspicer/status/1049450675535523842
    ... archiving using prefix http://web.archive.org/save/
ERROR: unable to get tweets for account @FirstLadyIN
           the system said: Failed to parse JSON payload: Expecting value: line
1 column 614333 (char 614332)
about to get all tweets newer than ID #1047544008153735168 for account @Comey

archiving URL https://twitter.com/seanspicer/status/1049450675535523842
    ... archiving using prefix http://web.archive.org/save/


New tweet from seanspicer: RT @parscale: So Hamilton &amp; Madison were wrong
and small states don’t matter? You want to end the Republic and tell these
states they don’t…

archiving URL http://twitter.com/seanspicer/status/1049450756464697345
    ... archiving using prefix http://web.archive.org/save/
about to get all tweets newer than ID #1048676378873352192 for account
@SecondLady

archiving URL https://twitter.com/seanspicer/status/1049450756464697345
    ... archiving using prefix http://web.archive.org/save/


New tweet from seanspicer: Has @CNN commented?   If these tweets were from any
 conservative they would be asking every republican to comment a…
https://t.co/U9yFUy9Eid

archiving URL http://twitter.com/seanspicer/status/1049451186842157057
    ... archiving using prefix http://web.archive.org/save/

archiving URL https://twitter.com/seanspicer/status/1049451186842157057
    ... archiving using prefix http://web.archive.org/save/


New tweet from seanspicer: In case anyone still wondered if there was a double
 standard in how the media covers themselves see this @CNN repor…
https://t.co/KKmCEAtoCK

archiving URL http://twitter.com/seanspicer/status/1049452147585273856
    ... archiving using prefix http://web.archive.org/save/

archiving URL https://twitter.com/seanspicer/status/1049452147585273856
    ... archiving using prefix http://web.archive.org/save/
ERROR: unable to get tweets for account @SecondLady
           the system said: Failed to parse JSON payload: Unterminated string
starting at: line 1 column 851957 (char 851956)
about to get all tweets newer than ID #1049328571892813824 for account
@EnergyDepSec


New tweet from seanspicer: When folks in the media don’t like Republicans
getting things done they call for change.
This @NBCNews reporter cam…
https://t.co/Njp0UPhZVJ

archiving URL http://twitter.com/seanspicer/status/1049455123083272192
    ... archiving using prefix http://web.archive.org/save/

archiving URL https://twitter.com/seanspicer/status/1049455123083272192
    ... archiving using prefix http://web.archive.org/save/
about to get all tweets newer than ID #1047899115017912321 for account
@SecretarySonny
about to get all tweets newer than ID #1049444580129722373 for account
@WhiteHouse
getting all tweets before ID #1042470962023878655
    ...400 tweets downloaded so far


New tweet from WhiteHouse: Our 114th Supreme Court Justice, Brett M.
Kavanaugh. https://t.co/Hzg5SjzaxN

archiving URL http://twitter.com/WhiteHouse/status/1049451183402901504
about to get all tweets newer than ID #1048677087433908226 for account @SBALinda
    ... archiving using prefix http://web.archive.org/save/

archiving URL https://twitter.com/WhiteHouse/status/1049451183402901504
    ... archiving using prefix http://web.archive.org/save/
about to get all tweets newer than ID #1048674493424648192 for account
@JessicaDitto45


New tweet from WhiteHouse: RT @realDonaldTrump: https://t.co/k2bOxapRtR

archiving URL http://twitter.com/WhiteHouse/status/1049456775903227904
    ... archiving using prefix http://web.archive.org/save/

archiving URL https://twitter.com/WhiteHouse/status/1049456775903227904
    ... archiving using prefix http://web.archive.org/save/


New tweet from WhiteHouse: Tonight, America witnessed a "moment which reminds
us that freedom is a tradition passed down from generation to ge…
https://t.co/13b3sdk5Vg

archiving URL http://twitter.com/WhiteHouse/status/1049459494659547136
    ... archiving using prefix http://web.archive.org/save/
about to get all tweets newer than ID #1047975932882051072 for account
@BetsyDeVosED

archiving URL https://twitter.com/WhiteHouse/status/1049459494659547136
    ... archiving using prefix http://web.archive.org/save/
about to get all tweets newer than ID #994396943421001728 for account
@TomBossert45
about to get all tweets newer than ID #1049451316005748736 for account @POTUS
ERROR: unable to get tweets for account @POTUS
           the system said: Failed to parse JSON payload: Unterminated string
starting at: line 1 column 611556 (char 611555)
about to get all tweets newer than ID #1049343931400540160 for account
@StephGrisham45
about to get all tweets newer than ID #1049332429457149952 for account
@SecNielsen
about to get all tweets newer than ID #824610180881117184 for account
@GovPenceIN
about to get all tweets newer than ID #1049342810267308032 for account
@KellyannePolls
about to get all tweets newer than ID #830074939298414592 for account
@RepTomPrice
about to get all tweets newer than ID #1049328048951185409 for account @PressSec
about to get all tweets newer than ID #1049345771265384464 for account
@SecretaryZinke
getting all tweets before ID #1028694618131582979
    ...400 tweets downloaded so far
about to get all tweets newer than ID #1049298374757765120 for account
@SecretaryPerry


New tweet from SecretaryZinke: Hoping this note excuses Merryl from school
today. She wasn’t in the classroom but she and her sister got a lesson…
https://t.co/mdNPDW3rwu

archiving URL http://twitter.com/SecretaryZinke/status/1049443088685510656
    ... archiving using prefix http://web.archive.org/save/

archiving URL https://twitter.com/SecretaryZinke/status/1049443088685510656
    ... archiving using prefix http://web.archive.org/save/
about to get all tweets newer than ID #1048996316590825472 for account
@DanScavino
ERROR: unable to get tweets for account @DanScavino
           the system said: Failed to parse JSON payload: Expecting ','
delimiter: line 1 column 614337 (char 614336)
about to get all tweets newer than ID #1044205921759444992 for account
@GovernorPerry
about to get all tweets newer than ID #836780744810844161 for account
@StephenMillerAL
about to get all tweets newer than ID #1048209728722096128 for account
@SecretaryRoss
about to get all tweets newer than ID #1003795765028884485 for account
@Linda_McMahon
about to get all tweets newer than ID #1049436024751960065 for account
@SpeakerRyan
ERROR: unable to get tweets for account @SpeakerRyan
           the system said: Failed to parse JSON payload: Expecting property
name enclosed in double quotes: line 1 column 606202 (char 606201)
about to get all tweets newer than ID #816846808789958656 for account
@SenDanCoats
ERROR: unable to get tweets for account @SenDanCoats
           the system said: Failed to parse JSON payload: Expecting value: line
1 column 614335 (char 614334)
about to get all tweets newer than ID #1048681488789786624 for account
@RealBenCarson
ERROR: unable to get tweets for account @RealBenCarson
           the system said: Failed to parse JSON payload: Unterminated string
starting at: line 1 column 611707 (char 611706)
about to get all tweets newer than ID #1049429705756221440 for account
@mike_pence
ERROR: unable to get tweets for account @mike_pence
           the system said: Failed to parse JSON payload: Unterminated string
starting at: line 1 column 614327 (char 614326)
about to get all tweets newer than ID #1049454815418478592 for account @VP
getting all tweets before ID #1040593963126804481
    ...400 tweets downloaded so far
about to get all tweets newer than ID #1049253072445329408 for account
@SecretaryAcosta


New tweet from VP: RT @WhiteHouse: Tonight, America witnessed a "moment which
reminds us that freedom is a tradition passed down from generation to
generation…

archiving URL http://twitter.com/VP/status/1049459742261829632
    ... archiving using prefix http://web.archive.org/save/
about to get all tweets newer than ID #1049334003575209984 for account
@IvankaTrump
about to get all tweets newer than ID #1049415088141164546 for account
@AshLeeStrong

archiving URL https://twitter.com/VP/status/1049459742261829632
    ... archiving using prefix http://web.archive.org/save/
about to get all tweets newer than ID #-1 for account @ElaineChao
about to get all tweets newer than ID #903694300306923521 for account
@SecElaineChao
about to get all tweets newer than ID #1049371096074444801 for account @PRyan
getting all tweets before ID #939970021228449792
    ...400 tweets downloaded so far
about to get all tweets newer than ID #1047855558987014146 for account
@stevenmnuchin1


New tweet from PRyan: Great job by @LeahVukmir in #WISenDebate tonight - she
was on point and showed why she'll be a great U.S. Senator f…
https://t.co/2olhuTOFKR

archiving URL http://twitter.com/PRyan/status/1049452381895831553
    ... archiving using prefix http://web.archive.org/save/

archiving URL https://twitter.com/PRyan/status/1049452381895831553
    ... archiving using prefix http://web.archive.org/save/
ERROR: unable to get tweets for account @stevenmnuchin1
           the system said: Failed to parse JSON payload: Unterminated string
starting at: line 1 column 614330 (char 614329)
about to get all tweets newer than ID #1049334801298350081 for account @Reince
ERROR: unable to get tweets for account @Reince
           the system said: Failed to parse JSON payload: Unterminated string
starting at: line 1 column 917492 (char 917491)
about to get all tweets newer than ID #816290296048873472 for account
@WilburRoss
about to get all tweets newer than ID #832282841471918080 for account
@BetsyDeVos
about to get all tweets newer than ID #1048196417855148032 for account
@AmbJohnBolton
about to get all tweets newer than ID #1048673911590846466 for account
@DepSecHargan
about to get all tweets newer than ID #1049404130769424384 for account
@statedeptspox
ERROR: unable to get tweets for account @statedeptspox
           the system said: Failed to parse JSON payload: Unterminated string
starting at: line 1 column 614326 (char 614325)
about to get all tweets newer than ID #1014519079284199424 for account
@EPAScottPruitt
ERROR: unable to get tweets for account @EPAScottPruitt
           the system said: [{'code': 34, 'message': 'Sorry, that page does not
exist.'}]
about to get all tweets newer than ID #1049445298349719553 for account
@Scavino45
ERROR: unable to get tweets for account @Scavino45
           the system said: Failed to parse JSON payload: Unterminated string
starting at: line 1 column 614295 (char 614294)
about to get all tweets newer than ID #978650205192044545 for account
@SecShulkin
ERROR: unable to get tweets for account @SecShulkin
           the system said: Failed to parse JSON payload: Unterminated string
starting at: line 1 column 614335 (char 614334)
about to get all tweets newer than ID #1049445228694962176 for account
@realDonaldTrump
ERROR: unable to get tweets for account @realDonaldTrump
           the system said: Failed to parse JSON payload: Unterminated string
starting at: line 1 column 604455 (char 604454)
about to get all tweets newer than ID #1048674690988998662 for account @Cabinet
ERROR: unable to get tweets for account @Cabinet
           the system said: Failed to parse JSON payload: Expecting property
name enclosed in double quotes: line 1 column 614337 (char 614336)
about to get all tweets newer than ID #890659905798983680 for account @Reince45
ERROR: unable to get tweets for account @Reince45
           the system said: Not authorized.
about to get all tweets newer than ID #1048270786757320707 for account
@SecretaryCarson
ERROR: unable to get tweets for account @SecretaryCarson
           the system said: Failed to parse JSON payload: Unterminated string
starting at: line 1 column 611110 (char 611109)
about to get all tweets newer than ID #1021844939473387520 for account
@IvankaTrumpHQ
ERROR: unable to get tweets for account @IvankaTrumpHQ
           the system said: Not authorized.
about to get all tweets newer than ID #1049376936286461952 for account @SecAzar
about to get all tweets newer than ID #1049393125565898752 for account
@nikkihaley
about to get all tweets newer than ID #1049427384628367361 for account
@Scaramucci
getting all tweets before ID #1043566443470708735
    ...399 tweets downloaded so far


New tweet from Scaramucci: RT @RFLPolitics: #Trending - @moochandthemrs with
@DeidreScaramuc2 and @Scaramucci is quickly becoming the in-demand weekly
newscast coveri…

archiving URL http://twitter.com/Scaramucci/status/1049472355276414976
    ... archiving using prefix http://web.archive.org/save/
... OK, we're set up, and about to watch 829782369670410240, 888031054141022209,
 818876014390603776, 108471631, 20776147, 29547260, 1923451808, 2334193741,
822127086194348032, 894923298374651904, 842072478834909184, 822215673812119553,
819992522109894658, 836724024688410625, 828997388920619008, 866746592853979137,
822215679726100480, 823638938590085124, 935148134505828353, 15985455, 471672239,
 6577802, 818927131883356161, 827258161841135623, 830128820447539208, 620571475,
 18906561, 728361177986797568, 836305915452272641, 65522706, 18916432,
212262370, 1180379185, 22203756, 818910970567344128, 819980276570976256,
52544275, 296060169, 105267762, 826065858548133888, 733751245,
799764016885329921, 20733972, 809836066316451840, 599530439, 118756393,
920035992073064450, 1967216306, 832672006113931269, 823367015830323201,
831482588246196225, 25073877, 818928162449068032, 803703725730779136,
828613457020870657, 798195585824104449, 956283913835614208, 37666984, 24578794

archiving URL https://twitter.com/Scaramucci/status/1049472355276414976
    ... archiving using prefix http://web.archive.org/save/
WARNING: received error ('Connection broken: IncompleteRead(0 bytes read, 2859
more expected)', IncompleteRead(0 bytes read, 2859 more expected)); sleeping and
 trying again ...
WARNING: received error ('Connection broken: IncompleteRead(0 bytes read, 512
more expected)', IncompleteRead(0 bytes read, 512 more expected)); sleeping and
trying again ...
WARNING: received error ('Connection broken: IncompleteRead(0 bytes read, 512
more expected)', IncompleteRead(0 bytes read, 512 more expected)); sleeping and
trying again ...
WARNING: received error ('Connection broken: IncompleteRead(0 bytes read, 880
more expected)', IncompleteRead(0 bytes read, 880 more expected)); sleeping and
trying again ...
WARNING: received error ('Connection broken: IncompleteRead(0 bytes read, 512
more expected)', IncompleteRead(0 bytes read, 512 more expected)); sleeping and
trying again ...


New tweet from Scaramucci: RT @moochandthemrs: The Mooch is in the USA and in-
studio with the Mrs. tomorrow! @Scaramucci and @DeidreScaramuc2 will answer some
 of your…

archiving URL http://twitter.com/Scaramucci/status/1049477056751431680
    ... archiving using prefix http://web.archive.org/save/
WARNING: received error ('Connection broken: IncompleteRead(0 bytes read, 512
more expected)', IncompleteRead(0 bytes read, 512 more expected)); sleeping and
trying again ...

archiving URL https://twitter.com/Scaramucci/status/1049477056751431680
    ... archiving using prefix http://web.archive.org/save/
WARNING: received error ('Connection broken: IncompleteRead(0 bytes read, 512
more expected)', IncompleteRead(0 bytes read, 512 more expected)); sleeping and
trying again ...
WARNING: received error ('Connection broken: IncompleteRead(0 bytes read, 512
more expected)', IncompleteRead(0 bytes read, 512 more expected)); sleeping and
trying again ...
WARNING: received error ('Connection broken: IncompleteRead(0 bytes read, 512
more expected)', IncompleteRead(0 bytes read, 512 more expected)); sleeping and
trying again ...
WARNING: received error ('Connection broken: IncompleteRead(0 bytes read, 512
more expected)', IncompleteRead(0 bytes read, 512 more expected)); sleeping and
trying again ...
WARNING: received error ('Connection broken: IncompleteRead(0 bytes read, 512
more expected)', IncompleteRead(0 bytes read, 512 more expected)); sleeping and
trying again ...
WARNING: received error ('Connection broken: IncompleteRead(0 bytes read, 512
more expected)', IncompleteRead(0 bytes read, 512 more expected)); sleeping and
trying again ...
WARNING: received error ('Connection broken: IncompleteRead(0 bytes read, 976
more expected)', IncompleteRead(0 bytes read, 976 more expected)); sleeping and
trying again ...
WARNING: received error ('Connection broken: IncompleteRead(0 bytes read, 512
more expected)', IncompleteRead(0 bytes read, 512 more expected)); sleeping and
trying again ...
WARNING: received error ('Connection broken: IncompleteRead(0 bytes read, 512
more expected)', IncompleteRead(0 bytes read, 512 more expected)); sleeping and
trying again ...
WARNING: received error ('Connection broken: IncompleteRead(0 bytes read, 512
more expected)', IncompleteRead(0 bytes read, 512 more expected)); sleeping and
trying again ...
WARNING: received error ('Connection broken: IncompleteRead(0 bytes read, 512
more expected)', IncompleteRead(0 bytes read, 512 more expected)); sleeping and
trying again ...
WARNING: received error ('Connection broken: IncompleteRead(0 bytes read, 512
more expected)', IncompleteRead(0 bytes read, 512 more expected)); sleeping and
trying again ...
WARNING: received error ('Connection broken: IncompleteRead(0 bytes read, 512
more expected)', IncompleteRead(0 bytes read, 512 more expected)); sleeping and
trying again ...
WARNING: received error ('Connection broken: IncompleteRead(0 bytes read, 4048
more expected)', IncompleteRead(0 bytes read, 4048 more expected)); sleeping and
 trying again ...
WARNING: received error ('Connection broken: IncompleteRead(0 bytes read, 512
more expected)', IncompleteRead(0 bytes read, 512 more expected)); sleeping and
trying again ...
WARNING: received error ('Connection broken: IncompleteRead(0 bytes read, 512
more expected)', IncompleteRead(0 bytes read, 512 more expected)); sleeping and
trying again ...
WARNING: received error ('Connection broken: IncompleteRead(0 bytes read, 512
more expected)', IncompleteRead(0 bytes read, 512 more expected)); sleeping and
trying again ...
WARNING: received error ('Connection broken: IncompleteRead(0 bytes read, 512
more expected)', IncompleteRead(0 bytes read, 512 more expected)); sleeping and
trying again ...
WARNING: received error ('Connection broken: IncompleteRead(0 bytes read, 512
more expected)', IncompleteRead(0 bytes read, 512 more expected)); sleeping and
trying again ...
WARNING: received error ('Connection broken: IncompleteRead(0 bytes read, 512
more expected)', IncompleteRead(0 bytes read, 512 more expected)); sleeping and
trying again ...
WARNING: received error ('Connection broken: IncompleteRead(0 bytes read, 512
more expected)', IncompleteRead(0 bytes read, 512 more expected)); sleeping and
trying again ...
WARNING: received error ('Connection broken: IncompleteRead(0 bytes read, 512
more expected)', IncompleteRead(0 bytes read, 512 more expected)); sleeping and
trying again ...
WARNING: received error ('Connection broken: IncompleteRead(0 bytes read, 512
more expected)', IncompleteRead(0 bytes read, 512 more expected)); sleeping and
trying again ...
WARNING: received error ('Connection broken: IncompleteRead(0 bytes read, 512
more expected)', IncompleteRead(0 bytes read, 512 more expected)); sleeping and
trying again ...
WARNING: received error ('Connection broken: IncompleteRead(0 bytes read, 976
more expected)', IncompleteRead(0 bytes read, 976 more expected)); sleeping and
trying again ...
WARNING: received error ('Connection broken: IncompleteRead(0 bytes read, 4048
more expected)', IncompleteRead(0 bytes read, 4048 more expected)); sleeping and
 trying again ...
WARNING: received error ('Connection broken: IncompleteRead(0 bytes read, 512
more expected)', IncompleteRead(0 bytes read, 512 more expected)); sleeping and
trying again ...
WARNING: received error ('Connection broken: IncompleteRead(0 bytes read, 512
more expected)', IncompleteRead(0 bytes read, 512 more expected)); sleeping and
trying again ...
WARNING: received error ('Connection broken: IncompleteRead(0 bytes read, 976
more expected)', IncompleteRead(0 bytes read, 976 more expected)); sleeping and
trying again ...
WARNING: received error ('Connection broken: IncompleteRead(0 bytes read, 512
more expected)', IncompleteRead(0 bytes read, 512 more expected)); sleeping and
trying again ...
WARNING: received error ('Connection broken: IncompleteRead(0 bytes read, 2839
more expected)', IncompleteRead(0 bytes read, 2839 more expected)); sleeping and
 trying again ...


New tweet from statedeptspox: .@SecPompeo: We have seen conflicting reports on
 the safety and whereabouts of prominent Saudi journalist and…
https://t.co/Gf70TvOVg6

archiving URL http://twitter.com/statedeptspox/status/1049491200548528129
    ... archiving using prefix http://web.archive.org/save/


New tweet from statedeptspox: .@StateDept senior officials have spoken with
the Kingdom of Saudi Arabia through diplomatic channels about this ma…
https://t.co/bESZX27BGi

archiving URL http://twitter.com/statedeptspox/status/1049491201508986882
    ... archiving using prefix http://web.archive.org/save/
WARNING: received error ('Connection broken: IncompleteRead(0 bytes read, 512
more expected)', IncompleteRead(0 bytes read, 512 more expected)); sleeping and
trying again ...

archiving URL https://twitter.com/statedeptspox/status/1049491200548528129
    ... archiving using prefix http://web.archive.org/save/
WARNING: received error ('Connection broken: IncompleteRead(0 bytes read, 512
more expected)', IncompleteRead(0 bytes read, 512 more expected)); sleeping and
trying again ...
