Hello, traveler. This is the beginning of a log file called: "Fascist Tweet Archiver".
Some basic system info about the host machine: posix.uname_result(sysname='Linux', nodename='file-server', release='3.16.0-5-686-pae', version='#1 SMP Debian 3.16.51-3+deb8u1 (2018-01-08)', machine='i686')
This log was begun Tuesday, 30 January 2018 at 12:56



INFO: read target account data; we're tracking 52 accounts
WARNING: no ProtocolError (got exception "name 'ProtocolError' is not defined");
 trying requests.packages.urllib3.exceptions instead
NOTE: successfully imported from requests
Starting up...
about to get all tweets newer than ID #-1 for account @jaredkushner
about to get all tweets newer than ID #903694300306923521 for account
@SecElaineChao
about to get all tweets newer than ID #856041462164836355 for account
@FirstLadyIN
about to get all tweets newer than ID #832282841471918080 for account
@BetsyDeVos
about to get all tweets newer than ID #958414620548587520 for account
@SecretarySonny
ERROR: unable to get tweets for account @SecretarySonny
           the system said: Failed to parse JSON payload: Unterminated string
starting at: line 1 column 504922 (char 504921)
about to get all tweets newer than ID #958070403901124609 for account
@realDonaldTrump
ERROR: unable to get tweets for account @realDonaldTrump
           the system said: Failed to parse JSON payload: Unterminated string
starting at: line 1 column 510759 (char 510758)
about to get all tweets newer than ID #898401955847876608 for account
@Linda_McMahon
ERROR: unable to get tweets for account @Linda_McMahon
           the system said: Failed to send request:
HTTPSConnectionPool(host='api.twitter.com', port=443): Read timed out. (read
timeout=60)
about to get all tweets newer than ID #956608918033231872 for account
@SecretaryCarson
about to get all tweets newer than ID #930982584649175047 for account
@mike_pence
about to get all tweets newer than ID #830074939298414592 for account
@RepTomPrice
ERROR: unable to get tweets for account @RepTomPrice
           the system said: Failed to parse JSON payload: Unterminated string
starting at: line 1 column 504532 (char 504531)
about to get all tweets newer than ID #836780744810844161 for account
@StephenMillerAL
about to get all tweets newer than ID #816846808789958656 for account
@SenDanCoats
about to get all tweets newer than ID #958375644060160001 for account @PressSec
about to get all tweets newer than ID #958357761418518533 for account
@seanspicer
about to get all tweets newer than ID #958364871137153024 for account
@StephGrisham45
ERROR: unable to get tweets for account @StephGrisham45
           the system said: Failed to parse JSON payload: Unterminated string
starting at: line 1 column 506448 (char 506447)
about to get all tweets newer than ID #957736917642235909 for account
@RealBenCarson
ERROR: unable to get tweets for account @RealBenCarson
           the system said: Failed to parse JSON payload: Unterminated string
starting at: line 1 column 502996 (char 502995)
about to get all tweets newer than ID #957383382358528001 for account
@TomBossert45
about to get all tweets newer than ID #956905287704772608 for account
@BetsyDeVosED
about to get all tweets newer than ID #958078963775102976 for account
@SecretaryPerry
ERROR: unable to get tweets for account @SecretaryPerry
           the system said: Failed to parse JSON payload: Unterminated string
starting at: line 1 column 507441 (char 507440)
about to get all tweets newer than ID #958364537237000193 for account @VP
about to get all tweets newer than ID #958399995073454082 for account
@SecShulkin
ERROR: unable to get tweets for account @SecShulkin
           the system said: Failed to parse JSON payload: Expecting ','
delimiter: line 1 column 508900 (char 508899)
about to get all tweets newer than ID #958069379639513089 for account
@SecondLady
about to get all tweets newer than ID #957297411876995072 for account @FLOTUS
about to get all tweets newer than ID #958393643227852800 for account
@stevenmnuchin1
about to get all tweets newer than ID #958419584176017408 for account
@SecretaryZinke
getting all tweets before ID #937780921691906047
    ...400 tweets downloaded so far


New tweet from SecretaryZinke: RT @realDonaldTrump: Congratulations to
America’s new Secretary of @HHSGov, Alex Azar! https://t.co/Y9inQaCt7o

archiving URL http://twitter.com/SecretaryZinke/status/958432150575091714
    ... archiving using prefix http://web.archive.org/save/
about to get all tweets newer than ID #958415153313320960 for account @Scavino45

archiving URL https://twitter.com/SecretaryZinke/status/958432150575091714
    ... archiving using prefix http://web.archive.org/save/
about to get all tweets newer than ID #955254388423118849 for account
@GovernorPerry
ERROR: unable to get tweets for account @GovernorPerry
           the system said: Failed to parse JSON payload: Unterminated string
starting at: line 1 column 507843 (char 507842)
about to get all tweets newer than ID #824610180881117184 for account
@GovPenceIN
about to get all tweets newer than ID #958118563843334144 for account
@IvankaTrumpHQ
about to get all tweets newer than ID #953073831534612480 for account
@SecretaryRoss
about to get all tweets newer than ID #958172116284792832 for account
@KellyannePolls
ERROR: unable to get tweets for account @KellyannePolls
           the system said: Failed to parse JSON payload: Unterminated string
starting at: line 1 column 677803 (char 677802)
about to get all tweets newer than ID #954948632666693632 for account
@DanScavino
ERROR: unable to get tweets for account @DanScavino
           the system said: Failed to parse JSON payload: Unterminated string
starting at: line 1 column 505759 (char 505758)
about to get all tweets newer than ID #958357748072243203 for account
@AshLeeStrong
about to get all tweets newer than ID #958384973848948736 for account
@WhiteHouse
about to get all tweets newer than ID #-1 for account @ElaineChao
about to get all tweets newer than ID #958381317841997825 for account @SBALinda
getting all tweets before ID #930514428801449988
    ...400 tweets downloaded so far


New tweet from SBALinda: The @SBAgov is honored to be part of the success
story for #SmallBusiness Staub Manufacturing Solutions. https://t.co/GR1MDdAXEV

archiving URL http://twitter.com/SBALinda/status/958426354441179136
    ... archiving using prefix http://web.archive.org/save/
about to get all tweets newer than ID #958090523364986887 for account
@MickMulvaneyOMB
about to get all tweets newer than ID #958169916493922304 for account
@JessicaDitto45

archiving URL https://twitter.com/SBALinda/status/958426354441179136
    ... archiving using prefix http://web.archive.org/save/
about to get all tweets newer than ID #913881045652688901 for account
@SecPriceMD
about to get all tweets newer than ID #890659905798983680 for account @Reince45
about to get all tweets newer than ID #958400422250733569 for account
@IvankaTrump
getting all tweets before ID #939144719271120896
    ...400 tweets downloaded so far


New tweet from IvankaTrump: RT @NASA: What do you get when you have a
supermoon, which also happens to be the 2nd full Moon of the month, passing
through Earth’s shado…

archiving URL http://twitter.com/IvankaTrump/status/958432695289286656
    ... archiving using prefix http://web.archive.org/save/
about to get all tweets newer than ID #958382786330669057 for account @POTUS

archiving URL https://twitter.com/IvankaTrump/status/958432695289286656
    ... archiving using prefix http://web.archive.org/save/


New tweet from IvankaTrump: Tomorrow will be the coolest space event of the
year! 3 lunar events will come together for a #SuperBlueBloodMoon –…
https://t.co/m2ZXzq6NS5

archiving URL http://twitter.com/IvankaTrump/status/958433184227655680
    ... archiving using prefix http://web.archive.org/save/
getting all tweets before ID #947329877111398401

archiving URL https://twitter.com/IvankaTrump/status/958433184227655680
    ... archiving using prefix http://web.archive.org/save/
    ...400 tweets downloaded so far


New tweet from POTUS: RT @Scavino45: #SOTU https://t.co/SPK3XyXWrX

archiving URL http://twitter.com/POTUS/status/958400512210108416
    ... archiving using prefix http://web.archive.org/save/
about to get all tweets newer than ID #955492025830387714 for account @Reince

archiving URL https://twitter.com/POTUS/status/958400512210108416
    ... archiving using prefix http://web.archive.org/save/
about to get all tweets newer than ID #958407229035728896 for account
@SpeakerRyan


New tweet from POTUS: RT @VP: .@POTUS &amp; @FLOTUS are welcoming several
great Americans to tonight’s #SOTU address. Learn more &amp; watch the SOTU at
9:10 PM as the P…

archiving URL http://twitter.com/POTUS/status/958400558129348608
    ... archiving using prefix http://web.archive.org/save/

archiving URL https://twitter.com/POTUS/status/958400558129348608
    ... archiving using prefix http://web.archive.org/save/
about to get all tweets newer than ID #958152964694212608 for account
@nikkihaley


New tweet from POTUS: RT @WaysandMeansGOP: .@RepKevinBrady on #SOTU: "[@POTUS]
 gets to do something that rarely do presidents have the opportunity, which is
to s…

archiving URL http://twitter.com/POTUS/status/958400614983241728
    ... archiving using prefix http://web.archive.org/save/
about to get all tweets newer than ID #958375504184143872 for account @PRyan

archiving URL https://twitter.com/POTUS/status/958400614983241728
    ... archiving using prefix http://web.archive.org/save/
about to get all tweets newer than ID #954801265732661248 for account
@MELANIATRUMP


New tweet from POTUS: RT @SecShulkin: Thank you @POTUS @realDonaldTrump for
inviting some of our nations heroes to the #SOTU, these #Veterans, family
members and…

archiving URL http://twitter.com/POTUS/status/958400691235631104
    ... archiving using prefix http://web.archive.org/save/

archiving URL https://twitter.com/POTUS/status/958400691235631104
    ... archiving using prefix http://web.archive.org/save/


New tweet from POTUS: RT @GOPLeader: I hope @POTUS asks the question Reagan
asked: Are you better off today than you were before he was the President? #SOTU
 http…

archiving URL http://twitter.com/POTUS/status/958400935662882816
    ... archiving using prefix http://web.archive.org/save/
about to get all tweets newer than ID #958174986467987458 for account
@Scaramucci
about to get all tweets newer than ID #958155581684142080 for account
@SecretaryAcosta

archiving URL https://twitter.com/POTUS/status/958400935662882816
    ... archiving using prefix http://web.archive.org/save/
about to get all tweets newer than ID #958057877960261632 for account
@EPAScottPruitt


New tweet from POTUS: RT @SBALinda: Did you know #SmallBiz owners and siblings
 Steve Staub &amp; Sandy Kepingler are guests of @POTUS and @FLOTUS at the #SOTU
 tonigh…

archiving URL http://twitter.com/POTUS/status/958401008534786048
    ... archiving using prefix http://web.archive.org/save/

archiving URL https://twitter.com/POTUS/status/958401008534786048
    ... archiving using prefix http://web.archive.org/save/


New tweet from POTUS: RT @HouseHomeland: .@RepMcCaul: "I saw the rise of ISIS
under my chairmanship for six years — President Obama did virtually nothing to
stop…

archiving URL http://twitter.com/POTUS/status/958401072653062148
    ... archiving using prefix http://web.archive.org/save/

archiving URL https://twitter.com/POTUS/status/958401072653062148
    ... archiving using prefix http://web.archive.org/save/
about to get all tweets newer than ID #816290296048873472 for account
@WilburRoss
about to get all tweets newer than ID #898632795517403136 for account
@GeneralJFKellly
ERROR: unable to get tweets for account @GeneralJFKellly
           the system said: Not authorized.
... OK, we're set up, and about to watch 29547260, 826065858548133888,
1923451808, 599530439, 842072478834909184, 25073877, 65522706,
828613457020870657, 22203756, 6577802, 728361177986797568, 212262370,
818927131883356161, 20776147, 823638938590085124, 1180379185,
866746592853979137, 828997388920619008, 830128820447539208, 818910970567344128,
831482588246196225, 822127086194348032, 818876014390603776, 799764016885329921,
827258161841135623, 823367015830323201, 18906561, 15985455, 798195585824104449,
836305915452272641, 471672239, 620571475, 296060169, 822215673812119553,
105267762, 819992522109894658, 888031054141022209, 836724024688410625,
829782369670410240, 803703725730779136, 52544275, 822215679726100480, 20733972,
18916432, 37666984, 733751245, 108471631, 24578794, 819980276570976256,
832672006113931269, 809836066316451840, 892173412818354177


New tweet from POTUS: RT @MikeKellyPA: Tonight I'll have the privilege of
hearing the #SOTU I've been waiting to hear since I first came to Congress 7
years ago:…

archiving URL http://twitter.com/POTUS/status/958401110825455616
    ... archiving using prefix http://web.archive.org/save/

archiving URL https://twitter.com/POTUS/status/958401110825455616
    ... archiving using prefix http://web.archive.org/save/


New tweet from POTUS: RT @TeamCornyn: From confirming a record number of
judges in a president’s first term to passing historic tax reform – we’ve
accomplished a…

archiving URL http://twitter.com/POTUS/status/958401138918699008
    ... archiving using prefix http://web.archive.org/save/

archiving URL https://twitter.com/POTUS/status/958401138918699008
    ... archiving using prefix http://web.archive.org/save/


New tweet from FLOTUS: I will be joined tonight by an honorable group of
Americans. Sitting with me are heroes who have served our nation…
https://t.co/2k0KGVAOcZ

archiving URL http://twitter.com/FLOTUS/status/958436013893935107
    ... archiving using prefix http://web.archive.org/save/


New tweet from POTUS: RT @RepMikeTurner: #BehindTheScenes talking with media
and @POTUS #SotU guests from #OH10’s Staub Manufacturing Solutions, which has
been a…

archiving URL http://twitter.com/POTUS/status/958401166261604352
    ... archiving using prefix http://web.archive.org/save/

archiving URL https://twitter.com/FLOTUS/status/958436013893935107
    ... archiving using prefix http://web.archive.org/save/

archiving URL https://twitter.com/POTUS/status/958401166261604352
    ... archiving using prefix http://web.archive.org/save/


New tweet from POTUS: RT @RogerWicker: .@POTUS has had a successful 1st year.
Since he has taken office, we’ve managed to accomplish many of our conservative
goa…

archiving URL http://twitter.com/POTUS/status/958401195458072576
    ... archiving using prefix http://web.archive.org/save/

archiving URL https://twitter.com/POTUS/status/958401195458072576
    ... archiving using prefix http://web.archive.org/save/
WARNING: received error ('Connection broken: IncompleteRead(0 bytes read, 512
more expected)', IncompleteRead(0 bytes read, 512 more expected)); sleeping and
trying again ...


New tweet from SBALinda: RT @FLOTUS: I will be joined tonight by an honorable
group of Americans. Sitting with me are heroes who have served our nation in
times of…

archiving URL http://twitter.com/SBALinda/status/958437538427006978
    ... archiving using prefix http://web.archive.org/save/

archiving URL https://twitter.com/SBALinda/status/958437538427006978
    ... archiving using prefix http://web.archive.org/save/
WARNING: received error ('Connection broken: IncompleteRead(0 bytes read, 512
more expected)', IncompleteRead(0 bytes read, 512 more expected)); sleeping and
trying again ...
