Hello, traveler. This is the beginning of a log file called: "Fascist Tweet Archiver".
Some basic system info about the host machine: posix.uname_result(sysname='Linux', nodename='file-server', release='3.16.0-5-686-pae', version='#1 SMP Debian 3.16.51-3+deb8u1 (2018-01-08)', machine='i686')
This log was begun Saturday, 03 February 2018 at 16:21



INFO: read target account data; we're tracking 52 accounts
WARNING: no ProtocolError (got exception "name 'ProtocolError' is not defined");
 trying requests.packages.urllib3.exceptions instead
NOTE: successfully imported from requests
Starting up...
about to get all tweets newer than ID #959812736728403968 for account @SBALinda
about to get all tweets newer than ID #958552614026784770 for account
@SecretaryRoss
about to get all tweets newer than ID #959554266896646144 for account @POTUS
about to get all tweets newer than ID #959458831821615104 for account
@KellyannePolls
about to get all tweets newer than ID #959503328014225408 for account
@mike_pence
about to get all tweets newer than ID #959509964615188480 for account
@SecretaryCarson
about to get all tweets newer than ID #816846808789958656 for account
@SenDanCoats
about to get all tweets newer than ID #898401955847876608 for account
@Linda_McMahon
about to get all tweets newer than ID #-1 for account @jaredkushner
about to get all tweets newer than ID #959460807493988353 for account
@stevenmnuchin1
about to get all tweets newer than ID #959541882916392961 for account
@JessicaDitto45
about to get all tweets newer than ID #959855149199093761 for account
@SecretaryZinke
about to get all tweets newer than ID #955254388423118849 for account
@GovernorPerry
about to get all tweets newer than ID #959535906171621376 for account
@SecShulkin
about to get all tweets newer than ID #959926482079567872 for account
@WhiteHouse
about to get all tweets newer than ID #830074939298414592 for account
@RepTomPrice
about to get all tweets newer than ID #959475388886999042 for account
@IvankaTrump
about to get all tweets newer than ID #959207300727746560 for account
@IvankaTrumpHQ
about to get all tweets newer than ID #959829144514236416 for account
@seanspicer
about to get all tweets newer than ID #959551900046807046 for account
@SecretaryPerry
about to get all tweets newer than ID #958090523364986887 for account
@MickMulvaneyOMB
about to get all tweets newer than ID #890659905798983680 for account @Reince45
about to get all tweets newer than ID #856041462164836355 for account
@FirstLadyIN
about to get all tweets newer than ID #959866893451501568 for account
@SpeakerRyan
about to get all tweets newer than ID #836780744810844161 for account
@StephenMillerAL
about to get all tweets newer than ID #959919085088923648 for account @PressSec
about to get all tweets newer than ID #959520026410831872 for account
@SecondLady
about to get all tweets newer than ID #959831598412656640 for account @PRyan
about to get all tweets newer than ID #959505983859982336 for account
@SecretarySonny
about to get all tweets newer than ID #832282841471918080 for account
@BetsyDeVos
about to get all tweets newer than ID #898632795517403136 for account
@GeneralJFKellly
ERROR: unable to get tweets for account @GeneralJFKellly
           the system said: Not authorized.
about to get all tweets newer than ID #959613255206555648 for account
@DanScavino
about to get all tweets newer than ID #816290296048873472 for account
@WilburRoss
about to get all tweets newer than ID #959798743842349056 for account
@realDonaldTrump
about to get all tweets newer than ID #959482620596948992 for account
@nikkihaley
about to get all tweets newer than ID #959576379753889793 for account
@RealBenCarson
about to get all tweets newer than ID #959227007719571456 for account @Reince
about to get all tweets newer than ID #959444866303516672 for account
@SecretaryAcosta
about to get all tweets newer than ID #954801265732661248 for account
@MELANIATRUMP
about to get all tweets newer than ID #903694300306923521 for account
@SecElaineChao
about to get all tweets newer than ID #957383382358528001 for account
@TomBossert45
about to get all tweets newer than ID #958745218832130050 for account
@StephGrisham45
about to get all tweets newer than ID #959849312011374593 for account @VP
about to get all tweets newer than ID #959568359435194369 for account
@AshLeeStrong
getting all tweets before ID #951874032252739584
    ...400 tweets downloaded so far


New tweet from AshLeeStrong: RT @FoxBusiness: McDonald's to open 1,000 new
restaurants in 2018, beef up tech after tax reform   https://t.co/qE1TmKF7z1

archiving URL http://twitter.com/AshLeeStrong/status/959930918793367552
    ... archiving using prefix http://web.archive.org/save/
about to get all tweets newer than ID #824610180881117184 for account
@GovPenceIN

archiving URL https://twitter.com/AshLeeStrong/status/959930918793367552
    ... archiving using prefix http://web.archive.org/save/


New tweet from AshLeeStrong: https://t.co/FzS3t5wAj3

archiving URL http://twitter.com/AshLeeStrong/status/959931538803707904
    ... archiving using prefix http://web.archive.org/save/
ERROR: unable to get tweets for account @GovPenceIN
           the system said: Failed to parse JSON payload: Unterminated string
starting at: line 1 column 506452 (char 506451)

archiving URL https://twitter.com/AshLeeStrong/status/959931538803707904
    ... archiving using prefix http://web.archive.org/save/
about to get all tweets newer than ID #958536228302880769 for account
@BetsyDeVosED
about to get all tweets newer than ID #959488475971162113 for account @FLOTUS
about to get all tweets newer than ID #913881045652688901 for account
@SecPriceMD
about to get all tweets newer than ID #959611028341493760 for account @Scavino45
about to get all tweets newer than ID #-1 for account @ElaineChao
about to get all tweets newer than ID #959594750184697856 for account
@EPAScottPruitt
about to get all tweets newer than ID #959911399643328513 for account
@Scaramucci
... OK, we're set up, and about to watch 819992522109894658, 836305915452272641,
 822215679726100480, 471672239, 22203756, 828613457020870657, 212262370,
65522706, 29547260, 799764016885329921, 836724024688410625, 827258161841135623,
18906561, 831482588246196225, 822215673812119553, 6577802, 52544275,
798195585824104449, 20776147, 830128820447539208, 888031054141022209,
803703725730779136, 1923451808, 18916432, 728361177986797568,
818927131883356161, 822127086194348032, 733751245, 842072478834909184,
599530439, 892173412818354177, 620571475, 809836066316451840, 25073877,
37666984, 1180379185, 20733972, 819980276570976256, 108471631,
826065858548133888, 866746592853979137, 823638938590085124, 818910970567344128,
296060169, 15985455, 828997388920619008, 818876014390603776, 829782369670410240,
 823367015830323201, 105267762, 832672006113931269, 24578794
WARNING: received error ('Connection broken: IncompleteRead(0 bytes read, 512
more expected)', IncompleteRead(0 bytes read, 512 more expected)); sleeping and
trying again ...


New tweet from realDonaldTrump: Great jobs numbers and finally, after many
years, rising wages- and nobody even talks about them. Only Russia, Russ…
https://t.co/0gYGNuj0BS

archiving URL http://twitter.com/realDonaldTrump/status/959946200488271872
    ... archiving using prefix http://web.archive.org/save/

archiving URL https://twitter.com/realDonaldTrump/status/959946200488271872
    ... archiving using prefix http://web.archive.org/save/
WARNING: received error ('Connection broken: IncompleteRead(0 bytes read)',
IncompleteRead(0 bytes read)); sleeping and trying again ...
WARNING: received error ('Connection broken: IncompleteRead(0 bytes read, 512
more expected)', IncompleteRead(0 bytes read, 512 more expected)); sleeping and
trying again ...
WARNING: received error ('Connection broken: IncompleteRead(0 bytes read, 512
more expected)', IncompleteRead(0 bytes read, 512 more expected)); sleeping and
trying again ...


New tweet from realDonaldTrump: “The four page memo released Friday reports
the disturbing fact about how the FBI and FISA appear to have been used…
https://t.co/ZT9YHhTIlA

archiving URL http://twitter.com/realDonaldTrump/status/959949725028974592
    ... archiving using prefix http://web.archive.org/save/

archiving URL https://twitter.com/realDonaldTrump/status/959949725028974592
    ... archiving using prefix http://web.archive.org/save/
WARNING: received error ('Connection broken: IncompleteRead(0 bytes read, 512
more expected)', IncompleteRead(0 bytes read, 512 more expected)); sleeping and
trying again ...
