Hello, traveler. This is the beginning of a log file called: "Fascist Tweet Archiver".
Some basic system info about the host machine: posix.uname_result(sysname='Linux', nodename='file-server', release='3.16.0-6-686-pae', version='#1 SMP Debian 3.16.56-1+deb8u1 (2018-05-08)', machine='i686')
This log was begun Friday, 01 June 2018 at 15:01



INFO: read target account data; we're tracking 59 accounts
WARNING: no ProtocolError (got exception "name 'ProtocolError' is not defined");
 trying requests.packages.urllib3.exceptions instead
NOTE: successfully imported from requests
Starting up...
about to get all tweets newer than ID #1002373375098957824 for account
@stevenmnuchin1
ERROR: unable to get tweets for account @stevenmnuchin1
           the system said: Failed to parse JSON payload: Unterminated string
starting at: line 1 column 627139 (char 627138)
about to get all tweets newer than ID #1002345736846168065 for account
@SecretarySonny
about to get all tweets newer than ID #1002621877729284096 for account @SecAzar
about to get all tweets newer than ID #1002211008826560514 for account
@SecretaryPerry
ERROR: unable to get tweets for account @SecretaryPerry
           the system said: Failed to parse JSON payload: Expecting value: line
1 column 604456 (char 604455)
about to get all tweets newer than ID #1002541523932794880 for account
@DanScavino
about to get all tweets newer than ID #1002314187643727872 for account
@statedeptspox
about to get all tweets newer than ID #1002628738146865154 for account @VP
about to get all tweets newer than ID #1000481293233262592 for account @Reince
ERROR: unable to get tweets for account @Reince
           the system said: Failed to parse JSON payload: Unterminated string
starting at: line 1 column 610011 (char 610010)
about to get all tweets newer than ID #816846808789958656 for account
@SenDanCoats
ERROR: unable to get tweets for account @SenDanCoats
           the system said: Failed to parse JSON payload: Unterminated string
starting at: line 1 column 612647 (char 612646)
about to get all tweets newer than ID #1002244568727748608 for account @PRyan
ERROR: unable to get tweets for account @PRyan
           the system said: Failed to parse JSON payload: Unterminated string
starting at: line 1 column 611692 (char 611691)
about to get all tweets newer than ID #1002572761271762945 for account
@DepSecHargan
about to get all tweets newer than ID #1002307346096377856 for account
@BetsyDeVosED
about to get all tweets newer than ID #1002628938747793408 for account @POTUS
about to get all tweets newer than ID #856041462164836355 for account
@FirstLadyIN
about to get all tweets newer than ID #1002532337421357056 for account @PressSec
about to get all tweets newer than ID #1001912411933364224 for account @FLOTUS
ERROR: unable to get tweets for account @FLOTUS
           the system said: Failed to parse JSON payload: Unterminated string
starting at: line 1 column 619833 (char 619832)
about to get all tweets newer than ID #890659905798983680 for account @Reince45
ERROR: unable to get tweets for account @Reince45
           the system said: Not authorized.
about to get all tweets newer than ID #1002623686803943424 for account
@SpeakerRyan
ERROR: unable to get tweets for account @SpeakerRyan
           the system said: Failed to send request: EOF occurred in violation of
 protocol (_ssl.c:600)
about to get all tweets newer than ID #997484665211670528 for account
@AmbJohnBolton
about to get all tweets newer than ID #1002580628758556672 for account
@Scaramucci
about to get all tweets newer than ID #1002201017147183104 for account
@SecondLady
ERROR: unable to get tweets for account @SecondLady
           the system said: Failed to parse JSON payload: Unterminated string
starting at: line 1 column 604399 (char 604398)
about to get all tweets newer than ID #1002653174543605762 for account
@seanspicer
about to get all tweets newer than ID #1001107769682989056 for account
@mike_pence
ERROR: unable to get tweets for account @mike_pence
           the system said: Failed to parse JSON payload: Unterminated string
starting at: line 1 column 608675 (char 608674)
about to get all tweets newer than ID #1001860001865125889 for account
@SecretaryRoss
ERROR: unable to get tweets for account @SecretaryRoss
           the system said: Failed to send request:
HTTPSConnectionPool(host='api.twitter.com', port=443): Max retries exceeded with
 url: /1.1/statuses/user_timeline.json?screen_name=SecretaryRoss&count=200
(Caused by NewConnectionError('<requests.packages.urllib3.connection.VerifiedHTT
PSConnection object at 0xb65b456c>: Failed to establish a new connection: [Errno
 -2] Name or service not known',))
about to get all tweets newer than ID #973198296897466368 for account
@Linda_McMahon
ERROR: unable to get tweets for account @Linda_McMahon
           the system said: Failed to parse JSON payload: Expecting value: line
1 column 610716 (char 610715)
about to get all tweets newer than ID #-1 for account @ElaineChao
about to get all tweets newer than ID #978650205192044545 for account
@SecShulkin
ERROR: unable to get tweets for account @SecShulkin
           the system said: Failed to parse JSON payload: Expecting value: line
1 column 608809 (char 608808)
about to get all tweets newer than ID #824610180881117184 for account
@GovPenceIN
about to get all tweets newer than ID #1002571679984439296 for account
@nikkihaley
about to get all tweets newer than ID #1001211869691039744 for account
@RealBenCarson
ERROR: unable to get tweets for account @RealBenCarson
           the system said: Failed to parse JSON payload: Unterminated string
starting at: line 1 column 625890 (char 625889)
about to get all tweets newer than ID #1002628873719373824 for account
@Scavino45
about to get all tweets newer than ID #1002606671414415360 for account
@JessicaDitto45
about to get all tweets newer than ID #1002551644444389377 for account
@IvankaTrump
about to get all tweets newer than ID #1002304389422428160 for account @Comey
about to get all tweets newer than ID #1002588771878129664 for account
@SecNielsen
ERROR: unable to get tweets for account @SecNielsen
           the system said: Failed to parse JSON payload: Unterminated string
starting at: line 1 column 611163 (char 611162)
about to get all tweets newer than ID #1002639152024875008 for account
@SecretaryZinke
about to get all tweets newer than ID #1002272274546905088 for account
@KellyannePolls
about to get all tweets newer than ID #-1 for account @jaredkushner
about to get all tweets newer than ID #1001647653174706176 for account
@GovernorPerry
about to get all tweets newer than ID #1002614670644207619 for account
@EnergyDepSec
ERROR: unable to get tweets for account @EnergyDepSec
           the system said: Failed to parse JSON payload: Expecting ','
delimiter: line 1 column 620844 (char 620843)
about to get all tweets newer than ID #1002612676634259456 for account
@realDonaldTrump
ERROR: unable to get tweets for account @realDonaldTrump
           the system said: Failed to parse JSON payload: Unterminated string
starting at: line 1 column 607813 (char 607812)
about to get all tweets newer than ID #954801265732661248 for account
@MELANIATRUMP
about to get all tweets newer than ID #836780744810844161 for account
@StephenMillerAL
about to get all tweets newer than ID #999379623552192513 for account
@IvankaTrumpHQ
about to get all tweets newer than ID #903694300306923521 for account
@SecElaineChao
about to get all tweets newer than ID #999294404425846784 for account
@MickMulvaneyOMB
about to get all tweets newer than ID #1002547618814267393 for account
@SecretaryAcosta
getting all tweets before ID #954518400298045440
    ...400 tweets downloaded so far


New tweet from SecretaryAcosta: RT @WhiteHouseCEA: Unemployment Levels Lowest
in 18 Years; President Overseeing a Renaissance in Manufacturing
https://t.co/OZoBMgSNOb via…

archiving URL http://twitter.com/SecretaryAcosta/status/1002612249012461568
    ... archiving using prefix http://web.archive.org/save/
about to get all tweets newer than ID #1002651132848689154 for account
@EPAScottPruitt
about to get all tweets newer than ID #816290296048873472 for account
@WilburRoss
about to get all tweets newer than ID #1002595629254742021 for account
@SecretaryCarson
about to get all tweets newer than ID #1002599379386036225 for account
@AshLeeStrong
about to get all tweets newer than ID #1002363850384080896 for account
@StephGrisham45

archiving URL https://twitter.com/SecretaryAcosta/status/1002612249012461568
    ... archiving using prefix http://web.archive.org/save/
about to get all tweets newer than ID #1002633696086593536 for account
@WhiteHouse
getting all tweets before ID #995368510573473792
    ...400 tweets downloaded so far


New tweet from WhiteHouse: Today, @realDonaldTrump and @SecPompeo met with
North Korean envoy Kim Yong Chol at the White House ahead of the Ju…
https://t.co/swOKcALqAC

archiving URL http://twitter.com/WhiteHouse/status/1002662832545189888
    ... archiving using prefix http://web.archive.org/save/
about to get all tweets newer than ID #994396943421001728 for account
@TomBossert45

archiving URL https://twitter.com/WhiteHouse/status/1002662832545189888
    ... archiving using prefix http://web.archive.org/save/
about to get all tweets newer than ID #913881045652688901 for account
@SecPriceMD
about to get all tweets newer than ID #832282841471918080 for account
@BetsyDeVos
about to get all tweets newer than ID #1002623393009750018 for account @Cabinet
getting all tweets before ID #910152905558249472
    ...400 tweets downloaded so far


New tweet from Cabinet: RT @SecretaryCarson: With @RepTedBudd and
@GHCGreensboro discussing how making homes healthier is a team effort... we all
need to participa…

archiving URL http://twitter.com/Cabinet/status/1002623990433763328
    ... archiving using prefix http://web.archive.org/save/
about to get all tweets newer than ID #1002586797224943621 for account @SBALinda
about to get all tweets newer than ID #830074939298414592 for account
@RepTomPrice

archiving URL https://twitter.com/Cabinet/status/1002623990433763328
    ... archiving using prefix http://web.archive.org/save/
... OK, we're set up, and about to watch 799764016885329921, 842072478834909184,
 956283913835614208, 830128820447539208, 620571475, 1967216306,
818910970567344128, 20733972, 212262370, 733751245, 920035992073064450,
828997388920619008, 822215679726100480, 1923451808, 818927131883356161,
818876014390603776, 803703725730779136, 18916432, 118756393, 24578794,
822127086194348032, 20776147, 22203756, 836305915452272641, 65522706, 105267762,
 831482588246196225, 15985455, 37666984, 1180379185, 823367015830323201,
836724024688410625, 52544275, 2334193741, 935148134505828353,
827258161841135623, 471672239, 29547260, 18906561, 894923298374651904, 25073877,
 108471631, 728361177986797568, 798195585824104449, 826065858548133888,
888031054141022209, 819980276570976256, 832672006113931269, 809836066316451840,
828613457020870657, 296060169, 823638938590085124, 822215673812119553,
866746592853979137, 829782369670410240, 599530439, 818928162449068032,
819992522109894658, 6577802


New tweet from Cabinet: RT @SecretaryAcosta: With the unemployment rate
falling to 3.8% in May, the lowest in over 18 years, America’s job market
remains strong. h…

archiving URL http://twitter.com/Cabinet/status/1002624541347274752
    ... archiving using prefix http://web.archive.org/save/

archiving URL https://twitter.com/Cabinet/status/1002624541347274752
    ... archiving using prefix http://web.archive.org/save/


New tweet from JessicaDitto45: RT @WhiteHouse: Today, @realDonaldTrump and
@SecPompeo met with North Korean envoy Kim Yong Chol at the White House ahead of
 the June 12th…

archiving URL http://twitter.com/JessicaDitto45/status/1002663898988908544
    ... archiving using prefix http://web.archive.org/save/

archiving URL https://twitter.com/JessicaDitto45/status/1002663898988908544
    ... archiving using prefix http://web.archive.org/save/


New tweet from Scaramucci: RT @TheBeatWithAri: Tonight on #TheBeat...
@Scaramucci 

@robreiner https://t.co/7TiQv5sk01

archiving URL http://twitter.com/Scaramucci/status/1002665287794249728
    ... archiving using prefix http://web.archive.org/save/


New tweet from Scaramucci: RT @JackPosobiec: If those are the rules of the
road, let's all play be the same set then https://t.co/lYYonih8Tm

archiving URL http://twitter.com/Scaramucci/status/1002665354945015810
    ... archiving using prefix http://web.archive.org/save/

archiving URL https://twitter.com/Scaramucci/status/1002665287794249728
    ... archiving using prefix http://web.archive.org/save/

archiving URL https://twitter.com/Scaramucci/status/1002665354945015810
    ... archiving using prefix http://web.archive.org/save/


New tweet from realDonaldTrump: Today, it was my great honor to be with the
brave men and women of the United States Coast Guard! https://t.co/RAyPbOGXuZ

archiving URL http://twitter.com/realDonaldTrump/status/1002666307043647489
    ... archiving using prefix http://web.archive.org/save/

archiving URL https://twitter.com/realDonaldTrump/status/1002666307043647489
    ... archiving using prefix http://web.archive.org/save/


New tweet from POTUS: RT @realDonaldTrump: Today, it was my great honor to be
with the brave men and women of the United States Coast Guard!
https://t.co/RAyPbOG…

archiving URL http://twitter.com/POTUS/status/1002666593682370562
    ... archiving using prefix http://web.archive.org/save/


New tweet from WhiteHouse: RT @realDonaldTrump: Today, it was my great honor
to be with the brave men and women of the United States Coast Guard!
https://t.co/RAyPbOG…

archiving URL http://twitter.com/WhiteHouse/status/1002666630885896192
    ... archiving using prefix http://web.archive.org/save/

archiving URL https://twitter.com/WhiteHouse/status/1002666630885896192
    ... archiving using prefix http://web.archive.org/save/

archiving URL https://twitter.com/POTUS/status/1002666593682370562
    ... archiving using prefix http://web.archive.org/save/


New tweet from Scavino45: RT @realDonaldTrump: Today, it was my great honor to
 be with the brave men and women of the United States Coast Guard!
https://t.co/RAyPbOG…

archiving URL http://twitter.com/Scavino45/status/1002666671818051584
    ... archiving using prefix http://web.archive.org/save/

archiving URL https://twitter.com/Scavino45/status/1002666671818051584
    ... archiving using prefix http://web.archive.org/save/


New tweet from VP: Great to have my friend @JonHuntsman in the @WhiteHouse
today. He’s not only a great ambassador, but also a great m…
https://t.co/khkBDPetX9

archiving URL http://twitter.com/VP/status/1002673141011963904
    ... archiving using prefix http://web.archive.org/save/

archiving URL https://twitter.com/VP/status/1002673141011963904
    ... archiving using prefix http://web.archive.org/save/


New tweet from POTUS: RT @VP: Great to have my friend @JonHuntsman in the
@WhiteHouse today. He’s not only a great ambassador, but also a great man
representing…

archiving URL http://twitter.com/POTUS/status/1002673232212905984
    ... archiving using prefix http://web.archive.org/save/


New tweet from VP: RT @realDonaldTrump: Today, it was my great honor to be
with the brave men and women of the United States Coast Guard!
https://t.co/RAyPbOG…

archiving URL http://twitter.com/VP/status/1002674723183120386
    ... archiving using prefix http://web.archive.org/save/


New tweet from VP: RT @WhiteHouse: The U.S. economy continues its streak of
consecutive positive monthly job numbers, with employment growth averaging
207,000…

archiving URL http://twitter.com/VP/status/1002674791743213568
    ... archiving using prefix http://web.archive.org/save/

archiving URL https://twitter.com/VP/status/1002674723183120386
    ... archiving using prefix http://web.archive.org/save/

archiving URL https://twitter.com/VP/status/1002674791743213568
    ... archiving using prefix http://web.archive.org/save/


New tweet from Scavino45: .@POTUS @realDonaldTrump is presented with a letter
from North Korean Leader Kim Jung Un, Friday, June 1, 2018, by…
https://t.co/qxX9EH7K47

archiving URL http://twitter.com/Scavino45/status/1002675025537888258
    ... archiving using prefix http://web.archive.org/save/

archiving URL https://twitter.com/Scavino45/status/1002675025537888258
    ... archiving using prefix http://web.archive.org/save/


New tweet from nikkihaley: RT @USUN: U.S. vetoes Kuwaiti resolution on Gaza
which refused to include Hamas: "It is resolutions like this one t…
https://t.co/knRjK8OeeG

archiving URL http://twitter.com/nikkihaley/status/1002675737147723779
    ... archiving using prefix http://web.archive.org/save/

archiving URL https://twitter.com/nikkihaley/status/1002675737147723779
    ... archiving using prefix http://web.archive.org/save/


New tweet from seanspicer: RT @HARRISFAULKNER: You are giving me life with
this!   Thank you for being in that “first look” audience. #gratitude
#9rulesofengagement @…

archiving URL http://twitter.com/seanspicer/status/1002677073901752320
    ... archiving using prefix http://web.archive.org/save/

archiving URL https://twitter.com/seanspicer/status/1002677073901752320
    ... archiving using prefix http://web.archive.org/save/


New tweet from VP: RT @WhiteHouse: .@realdonaldtrump: "We're meeting with the
Chairman on June 12th..." https://t.co/b0sEBbTkPf

archiving URL http://twitter.com/VP/status/1002681878246232068
    ... archiving using prefix http://web.archive.org/save/

archiving URL https://twitter.com/VP/status/1002681878246232068
    ... archiving using prefix http://web.archive.org/save/


New tweet from SecNielsen: Protecting citizens should be the top priority for
every government, and that includes children. By working with…
https://t.co/dBiojOrLrx

archiving URL http://twitter.com/SecNielsen/status/1002684120533696513
    ... archiving using prefix http://web.archive.org/save/

archiving URL https://twitter.com/SecNielsen/status/1002684120533696513
    ... archiving using prefix http://web.archive.org/save/


New tweet from SecNielsen: RT @realDonaldTrump: Today, it was my great honor
to be with the brave men and women of the United States Coast Guard!
https://t.co/RAyPbOG…

archiving URL http://twitter.com/SecNielsen/status/1002684368626864128
    ... archiving using prefix http://web.archive.org/save/

archiving URL https://twitter.com/SecNielsen/status/1002684368626864128
    ... archiving using prefix http://web.archive.org/save/


New tweet from Scaramucci: .@robreiner has a brilliant movie coming out 🎥 🍿
Shock and Awe a group of journalists got it right before the Iraq…
https://t.co/yi32tPUuJ6

archiving URL http://twitter.com/Scaramucci/status/1002686683672924164
    ... archiving using prefix http://web.archive.org/save/

archiving URL https://twitter.com/Scaramucci/status/1002686683672924164
    ... archiving using prefix http://web.archive.org/save/
INFO: handling a deletion for data:

{'delete': {'status': {'id':
794248866300329984,
                       'id_str': '794248866300329984',

                       'user_id': 24578794,
'user_id_str': '24578794'},
            'timestamp_ms': '1527895230111'}}
INFO: successfully dumped raw data to JSON file
INFO: We're handling a deletion notification for tweet ID# 794248866300329984 on
 account Scaramucci
INFO: get_archived_tweet() called to get tweet ID 794248866300329984 for account
 Scaramucci
ERROR: unable to read line "['=======']" because: need more than 1 value to
unpack.
INFO: requested tweet not found in relevant archive
... adding to list of deleted tweets
... added
... but we're not going to tweet about it because Scaramucci is not in the list
of accounts we tweet about


New tweet from IvankaTrump: RT @WhiteHouseCEA: The unemployment rate fell to
3.8% in May, marking only the 7th month in almost a half century (since 1970)
when the rat…

archiving URL http://twitter.com/IvankaTrump/status/1002692218937921536
    ... archiving using prefix http://web.archive.org/save/

archiving URL https://twitter.com/IvankaTrump/status/1002692218937921536
    ... archiving using prefix http://web.archive.org/save/
INFO: handling a deletion for data:

{'delete': {'status': {'id':
715224473180499974,
                       'id_str': '715224473180499974',

                       'user_id': 24578794,
'user_id_str': '24578794'},
            'timestamp_ms': '1527895515286'}}
INFO: successfully dumped raw data to JSON file
INFO: We're handling a deletion notification for tweet ID# 715224473180499974 on
 account Scaramucci
INFO: get_archived_tweet() called to get tweet ID 715224473180499974 for account
 Scaramucci
ERROR: unable to read line "['=======']" because: need more than 1 value to
unpack.
INFO: requested tweet not found in relevant archive
... adding to list of deleted tweets
... added
... but we're not going to tweet about it because Scaramucci is not in the list
of accounts we tweet about
INFO: handling a deletion for data:

{'delete': {'status': {'id':
677453063674798080,
                       'id_str': '677453063674798080',

                       'user_id': 24578794,
'user_id_str': '24578794'},
            'timestamp_ms': '1527895666105'}}
INFO: successfully dumped raw data to JSON file
INFO: We're handling a deletion notification for tweet ID# 677453063674798080 on
 account Scaramucci
INFO: get_archived_tweet() called to get tweet ID 677453063674798080 for account
 Scaramucci
ERROR: unable to read line "['=======']" because: need more than 1 value to
unpack.
INFO: requested tweet not found in relevant archive
... adding to list of deleted tweets
... added
... but we're not going to tweet about it because Scaramucci is not in the list
of accounts we tweet about
INFO: handling a deletion for data:

{'delete': {'status': {'id':
652568686881042432,
                       'id_str': '652568686881042432',

                       'user_id': 24578794,
'user_id_str': '24578794'},
            'timestamp_ms': '1527895771743'}}
INFO: successfully dumped raw data to JSON file
INFO: We're handling a deletion notification for tweet ID# 652568686881042432 on
 account Scaramucci
INFO: get_archived_tweet() called to get tweet ID 652568686881042432 for account
 Scaramucci
ERROR: unable to read line "['=======']" because: need more than 1 value to
unpack.
INFO: requested tweet not found in relevant archive
... adding to list of deleted tweets
... added
... but we're not going to tweet about it because Scaramucci is not in the list
of accounts we tweet about
INFO: handling a deletion for data:

{'delete': {'status': {'id':
1002675025537888258,
                       'id_str': '1002675025537888258',

                       'user_id': 823367015830323201,
'user_id_str': '823367015830323201'},
            'timestamp_ms':
'1527896838323'}}
INFO: successfully dumped raw data to JSON file
INFO: We're handling a deletion notification for tweet ID# 1002675025537888258
on account Scavino45
INFO: get_archived_tweet() called to get tweet ID 1002675025537888258 for
account Scavino45
INFO: found a tweet!
http://web.archive.org/*/http://twitter.com/Scavino45/status/1002675025537888258
	.@POTUS @realDonaldTrump is presented with a letter from North Korean Leader
Kim Jung Un, Friday, June 1, 2018, by… https://t.co/qxX9EH7K47
... adding to list of deleted tweets
... added
... but we're not going to tweet about it because Scavino45 is not in the list
of accounts we tweet about


New tweet from Scaramucci: RT @karaswisher: It was both and worse. And it
certainly makes me think hard about how badly we are all conducting our civil
discourse on T…

archiving URL http://twitter.com/Scaramucci/status/1002698684587528192
    ... archiving using prefix http://web.archive.org/save/

archiving URL https://twitter.com/Scaramucci/status/1002698684587528192
    ... archiving using prefix http://web.archive.org/save/


New tweet from Scavino45: .@POTUS @realDonaldTrump is presented with a letter
from North Korean Leader Kim Jong Un, Friday, June 1, 2018, by…
https://t.co/ETxTkraeHk

archiving URL http://twitter.com/Scavino45/status/1002699067565248513
    ... archiving using prefix http://web.archive.org/save/

archiving URL https://twitter.com/Scavino45/status/1002699067565248513
    ... archiving using prefix http://web.archive.org/save/


New tweet from Scavino45: .@POTUS @realDonaldTrump and @SecPompeo outside the
Oval Office with the North Korea Delegation, prior to their dep…
https://t.co/6PmK1yzHg8

archiving URL http://twitter.com/Scavino45/status/1002699593145036800
    ... archiving using prefix http://web.archive.org/save/

archiving URL https://twitter.com/Scavino45/status/1002699593145036800
    ... archiving using prefix http://web.archive.org/save/


New tweet from Scavino45: RT @FoxNews: President @realDonaldTrump on NK
negotiations: "We'll be meeting on June 12th in Singapore."
https://t.co/ez0qZ5Kcqx https://t…

archiving URL http://twitter.com/Scavino45/status/1002700135086862336
    ... archiving using prefix http://web.archive.org/save/

archiving URL https://twitter.com/Scavino45/status/1002700135086862336
    ... archiving using prefix http://web.archive.org/save/


New tweet from SecretarySonny: Today we bid farewell to our Grade-A Chief of
Staff at @USDA, Heidi Green, longtime Team Perdue member, going home…
https://t.co/UQXDkft4kI

archiving URL http://twitter.com/SecretarySonny/status/1002703800526884864
    ... archiving using prefix http://web.archive.org/save/

archiving URL https://twitter.com/SecretarySonny/status/1002703800526884864
    ... archiving using prefix http://web.archive.org/save/


New tweet from JessicaDitto45: RT @Scavino45: .@POTUS @realDonaldTrump is
presented with a letter from North Korean Leader Kim Jong Un, Friday, June 1,
2018, by North Kor…

archiving URL http://twitter.com/JessicaDitto45/status/1002708742633349120
    ... archiving using prefix http://web.archive.org/save/

archiving URL https://twitter.com/JessicaDitto45/status/1002708742633349120
    ... archiving using prefix http://web.archive.org/save/


New tweet from Scavino45: Earlier today, @POTUS @realDonaldTrump participates
in the @USCG Change-of-Command Ceremony, at the U.S. Coast Guar…
https://t.co/W39P8Af6RK

archiving URL http://twitter.com/Scavino45/status/1002715433848459264
    ... archiving using prefix http://web.archive.org/save/

archiving URL https://twitter.com/Scavino45/status/1002715433848459264
    ... archiving using prefix http://web.archive.org/save/


New tweet from Scaramucci: Does this mean I won’t be getting an Emmy?! 😎
https://t.co/HkP6mmErOF

archiving URL http://twitter.com/Scaramucci/status/1002719181912109057
    ... archiving using prefix http://web.archive.org/save/

archiving URL https://twitter.com/Scaramucci/status/1002719181912109057
    ... archiving using prefix http://web.archive.org/save/


New tweet from Scaramucci: Painful to watch! @Mets

archiving URL http://twitter.com/Scaramucci/status/1002722196656140289
    ... archiving using prefix http://web.archive.org/save/

archiving URL https://twitter.com/Scaramucci/status/1002722196656140289
    ... archiving using prefix http://web.archive.org/save/


New tweet from DanScavino: @Scaramucci @Mets  https://t.co/Dup8qCodqC

archiving URL http://twitter.com/DanScavino/status/1002722997508231168
    ... archiving using prefix http://web.archive.org/save/

archiving URL https://twitter.com/DanScavino/status/1002722997508231168
    ... archiving using prefix http://web.archive.org/save/


New tweet from seanspicer: Huge #campaigndail by @JenniferWexton -  Top
Comstock Challenger Criticized for Fake Cops in Ad
Via @rollcall
https://t.co/qg32XPMtBv

archiving URL http://twitter.com/seanspicer/status/1002723131893669888
    ... archiving using prefix http://web.archive.org/save/

archiving URL https://twitter.com/seanspicer/status/1002723131893669888
    ... archiving using prefix http://web.archive.org/save/
INFO: handling a deletion for data:

{'delete': {'status': {'id':
1002723131893669888,
                       'id_str': '1002723131893669888',

                       'user_id': 20776147,
'user_id_str': '20776147'},
            'timestamp_ms': '1527902805723'}}
INFO: successfully dumped raw data to JSON file
INFO: We're handling a deletion notification for tweet ID# 1002723131893669888
on account seanspicer
INFO: get_archived_tweet() called to get tweet ID 1002723131893669888 for
account seanspicer
INFO: found a tweet!		http://web.archive.org/*/http://twitter.com/seanspicer/sta
tus/1002723131893669888	Huge #campaigndail by @JenniferWexton -  Top Comstock
Challenger Criticized for Fake Cops in Ad
Via @rollcall 
https://t.co/qg32XPMtBv
... adding to list of deleted tweets
... added
... but we're not going to tweet about it because seanspicer is not in the list
of accounts we tweet about


New tweet from seanspicer: Coming up I’ll join @henrymcmaster @GeraldoRivera
on @FoxNews @seanhannity

archiving URL http://twitter.com/seanspicer/status/1002723339796918273
    ... archiving using prefix http://web.archive.org/save/

archiving URL https://twitter.com/seanspicer/status/1002723339796918273
    ... archiving using prefix http://web.archive.org/save/


New tweet from stevenmnuchin1: Good to meet w/ @BrunoLeMaire. We reaffirmed
our joint commitment to combat terrorist financing &amp; protect the inter…
https://t.co/76wi2eXng5

archiving URL http://twitter.com/stevenmnuchin1/status/1002731222387208192
    ... archiving using prefix http://web.archive.org/save/

archiving URL https://twitter.com/stevenmnuchin1/status/1002731222387208192
    ... archiving using prefix http://web.archive.org/save/


New tweet from seanspicer: RT @FoxNews: .@SeanSpicer: "I think that when
people screw up and they apologize, they should be given forgiveness." #Hannity
https://t.co/…

archiving URL http://twitter.com/seanspicer/status/1002731517645344768
    ... archiving using prefix http://web.archive.org/save/

archiving URL https://twitter.com/seanspicer/status/1002731517645344768
    ... archiving using prefix http://web.archive.org/save/


New tweet from stevenmnuchin1: Had a productive meeting with @EU_Commission
@VDombrovskis on important trade &amp; economic issues facing the U.S. and…
https://t.co/2PTH5X9oCy

archiving URL http://twitter.com/stevenmnuchin1/status/1002731880846802944
    ... archiving using prefix http://web.archive.org/save/

archiving URL https://twitter.com/stevenmnuchin1/status/1002731880846802944
    ... archiving using prefix http://web.archive.org/save/


New tweet from Scaramucci: RT @ScaramucciPost: Need 4 retweets to hit 11,800‼️


🚨🚨🚨🚨🚨🚨🚨🚨🚨🚨🚨🚨
68,400 people died of Drug Overdoses in USA 🇺🇸 last year.
This is
 not a d…

archiving URL http://twitter.com/Scaramucci/status/1002738411386671109
    ... archiving using prefix http://web.archive.org/save/

archiving URL https://twitter.com/Scaramucci/status/1002738411386671109
    ... archiving using prefix http://web.archive.org/save/
INFO: handling a deletion for data:

{'delete': {'status': {'id':
1002191103251148800,
                       'id_str': '1002191103251148800',

                       'user_id': 24578794,
'user_id_str': '24578794'},
            'timestamp_ms': '1527906445766'}}
INFO: successfully dumped raw data to JSON file
INFO: We're handling a deletion notification for tweet ID# 1002191103251148800
on account Scaramucci
INFO: get_archived_tweet() called to get tweet ID 1002191103251148800 for
account Scaramucci
ERROR: unable to read line "['=======']" because: need more than 1 value to
unpack.
INFO: found a tweet!		http://web.archive.org/*/http://twitter.com/Scaramucci/sta
tus/1002191103251148800	RT @ScaramucciPost: Who else wants to fight the Opioid
Epidemic? Answer and retweet. Let's make this the most retweeted tweet ever.
https:/…
... adding to list of deleted tweets
... added
... but we're not going to tweet about it because Scaramucci is not in the list
of accounts we tweet about


New tweet from Scaramucci: RT @ScaramucciPost: Who else wants to fight the
Opioid Epidemic? Answer and retweet. Let's make this the most retweeted tweet
ever. https:/…

archiving URL http://twitter.com/Scaramucci/status/1002738513702473729
    ... archiving using prefix http://web.archive.org/save/

archiving URL https://twitter.com/Scaramucci/status/1002738513702473729
    ... archiving using prefix http://web.archive.org/save/
INFO: handling a deletion for data:

{'delete': {'status': {'id':
1002738411386671109,
                       'id_str': '1002738411386671109',

                       'user_id': 24578794,
'user_id_str': '24578794'},
            'timestamp_ms': '1527906478710'}}
INFO: successfully dumped raw data to JSON file
INFO: We're handling a deletion notification for tweet ID# 1002738411386671109
on account Scaramucci
INFO: get_archived_tweet() called to get tweet ID 1002738411386671109 for
account Scaramucci
ERROR: unable to read line "['=======']" because: need more than 1 value to
unpack.
INFO: found a tweet!		http://web.archive.org/*/http://twitter.com/Scaramucci/sta
tus/1002738411386671109	RT @ScaramucciPost: Need 4 retweets to hit 11,800‼️
🚨🚨🚨🚨🚨🚨🚨🚨🚨🚨🚨🚨
68,400 people died of Drug Overdoses in USA 🇺🇸 last year.
This is
not a d…
... adding to list of deleted tweets
... added
... but we're not going to tweet about it because Scaramucci is not in the list
of accounts we tweet about


New tweet from Scaramucci: RT @ScaramucciPost: Need 4 retweets to hit 11,800‼️


🚨🚨🚨🚨🚨🚨🚨🚨🚨🚨🚨🚨
68,400 people died of Drug Overdoses in USA 🇺🇸 last year.
This is
 not a d…

archiving URL http://twitter.com/Scaramucci/status/1002738966758608896
    ... archiving using prefix http://web.archive.org/save/

archiving URL https://twitter.com/Scaramucci/status/1002738966758608896
    ... archiving using prefix http://web.archive.org/save/
INFO: handling a deletion for data:

{'delete': {'status': {'id':
1002738966758608896,
                       'id_str': '1002738966758608896',

                       'user_id': 24578794,
'user_id_str': '24578794'},
            'timestamp_ms': '1527906684143'}}
INFO: successfully dumped raw data to JSON file
INFO: We're handling a deletion notification for tweet ID# 1002738966758608896
on account Scaramucci
INFO: get_archived_tweet() called to get tweet ID 1002738966758608896 for
account Scaramucci
ERROR: unable to read line "['=======']" because: need more than 1 value to
unpack.
INFO: found a tweet!		http://web.archive.org/*/http://twitter.com/Scaramucci/sta
tus/1002738966758608896	RT @ScaramucciPost: Need 4 retweets to hit 11,800‼️
🚨🚨🚨🚨🚨🚨🚨🚨🚨🚨🚨🚨
68,400 people died of Drug Overdoses in USA 🇺🇸 last year.
This is
not a d…
... adding to list of deleted tweets
... added
... but we're not going to tweet about it because Scaramucci is not in the list
of accounts we tweet about


New tweet from Scaramucci: RT @ScaramucciPost: Need 194 retweets to hit
12,000‼️

🚨🚨🚨🚨🚨🚨🚨🚨🚨🚨🚨🚨
68,400 people died of Drug Overdoses in USA 🇺🇸 last year.

This is not a…

archiving URL http://twitter.com/Scaramucci/status/1002739461850050560
    ... archiving using prefix http://web.archive.org/save/

archiving URL https://twitter.com/Scaramucci/status/1002739461850050560
    ... archiving using prefix http://web.archive.org/save/
INFO: handling a deletion for data:

{'delete': {'status': {'id':
1002739461850050560,
                       'id_str': '1002739461850050560',

                       'user_id': 24578794,
'user_id_str': '24578794'},
            'timestamp_ms': '1527908010474'}}
INFO: successfully dumped raw data to JSON file
INFO: We're handling a deletion notification for tweet ID# 1002739461850050560
on account Scaramucci
INFO: get_archived_tweet() called to get tweet ID 1002739461850050560 for
account Scaramucci
ERROR: unable to read line "['=======']" because: need more than 1 value to
unpack.
INFO: found a tweet!		http://web.archive.org/*/http://twitter.com/Scaramucci/sta
tus/1002739461850050560	RT @ScaramucciPost: Need 194 retweets to hit 12,000‼️
🚨🚨🚨🚨🚨🚨🚨🚨🚨🚨🚨🚨
68,400 people died of Drug Overdoses in USA 🇺🇸 last year.
This is
not a…
... adding to list of deleted tweets
... added
... but we're not going to tweet about it because Scaramucci is not in the list
of accounts we tweet about
WARNING: received error HTTPSConnectionPool(host='stream.twitter.com',
port=443): Read timed out.; sleeping and trying again ...


New tweet from Scavino45: “Remarks by President Trump after Meeting with Vice
Chairman Kim Yong Chol of the Democratic People’s Republic of K…
https://t.co/h6mLfiLWmA

archiving URL http://twitter.com/Scavino45/status/1002750369280249862
    ... archiving using prefix http://web.archive.org/save/

archiving URL https://twitter.com/Scavino45/status/1002750369280249862
    ... archiving using prefix http://web.archive.org/save/
WARNING: received error HTTPSConnectionPool(host='stream.twitter.com',
port=443): Read timed out.; sleeping and trying again ...


New tweet from Scaramucci: RT @TheBeatWithAri: Would @robreiner and
@Scaramucci launch their own TV show?

Watch: https://t.co/HCk8sA263B

archiving URL http://twitter.com/Scaramucci/status/1002761121957339136
    ... archiving using prefix http://web.archive.org/save/

archiving URL https://twitter.com/Scaramucci/status/1002761121957339136
    ... archiving using prefix http://web.archive.org/save/
WARNING: received error HTTPSConnectionPool(host='stream.twitter.com',
port=443): Read timed out.; sleeping and trying again ...
WARNING: received error HTTPSConnectionPool(host='stream.twitter.com',
port=443): Read timed out.; sleeping and trying again ...
WARNING: received error HTTPSConnectionPool(host='stream.twitter.com',
port=443): Read timed out.; sleeping and trying again ...
WARNING: received error HTTPSConnectionPool(host='stream.twitter.com',
port=443): Read timed out.; sleeping and trying again ...
WARNING: received error HTTPSConnectionPool(host='stream.twitter.com',
port=443): Read timed out.; sleeping and trying again ...
WARNING: received error HTTPSConnectionPool(host='stream.twitter.com',
port=443): Read timed out.; sleeping and trying again ...
WARNING: received error HTTPSConnectionPool(host='stream.twitter.com',
port=443): Read timed out.; sleeping and trying again ...
WARNING: received error HTTPSConnectionPool(host='stream.twitter.com',
port=443): Read timed out.; sleeping and trying again ...
WARNING: received error HTTPSConnectionPool(host='stream.twitter.com',
port=443): Read timed out.; sleeping and trying again ...
WARNING: received error HTTPSConnectionPool(host='stream.twitter.com',
port=443): Read timed out.; sleeping and trying again ...
WARNING: received error HTTPSConnectionPool(host='stream.twitter.com',
port=443): Read timed out.; sleeping and trying again ...
WARNING: received error HTTPSConnectionPool(host='stream.twitter.com',
port=443): Read timed out.; sleeping and trying again ...
WARNING: received error HTTPSConnectionPool(host='stream.twitter.com',
port=443): Read timed out.; sleeping and trying again ...


New tweet from seanspicer: RT @foxandfriends: Coming up…!
@Varneyco
@KatrinaPierson 
@WendyOsefo 
@dbongino 
@conservmillen 
@seanspicer
@antjuansea
@mschlapp 
@Rea…

archiving URL http://twitter.com/seanspicer/status/1002856436173590528
    ... archiving using prefix http://web.archive.org/save/

archiving URL https://twitter.com/seanspicer/status/1002856436173590528
    ... archiving using prefix http://web.archive.org/save/
INFO: handling a deletion for data:

{'delete': {'status': {'id':
1002856436173590528,
                       'id_str': '1002856436173590528',

                       'user_id': 20776147,
'user_id_str': '20776147'},
            'timestamp_ms': '1527937754155'}}
INFO: successfully dumped raw data to JSON file
INFO: We're handling a deletion notification for tweet ID# 1002856436173590528
on account seanspicer
INFO: get_archived_tweet() called to get tweet ID 1002856436173590528 for
account seanspicer
INFO: found a tweet!		http://web.archive.org/*/http://twitter.com/seanspicer/sta
tus/1002856436173590528	RT @foxandfriends: Coming up…!
@Varneyco
@KatrinaPierson 
@WendyOsefo 
@dbongino 
@conservmillen 
@seanspicer
@antjuansea
@mschlapp 
@Rea…
... adding to list of deleted tweets
... added
... but we're not going to tweet about it because seanspicer is not in the list
of accounts we tweet about


New tweet from seanspicer: Coming up at 7:15am I’m joking @PeteHegseth
@HuntsmanAbby @edhenry on @ffweekend @foxandfriends @FoxNews
https://t.co/iwgk1SZdnS

archiving URL http://twitter.com/seanspicer/status/1002869966830493696
    ... archiving using prefix http://web.archive.org/save/

archiving URL https://twitter.com/seanspicer/status/1002869966830493696
    ... archiving using prefix http://web.archive.org/save/


New tweet from realDonaldTrump: “We ran out of words to describe how good the
jobs numbers are.”  Neil Irwin of the @nytimes.

archiving URL http://twitter.com/realDonaldTrump/status/1002877499448152065
    ... archiving using prefix http://web.archive.org/save/

archiving URL https://twitter.com/realDonaldTrump/status/1002877499448152065
    ... archiving using prefix http://web.archive.org/save/


New tweet from realDonaldTrump: “John Brennan, no single figure in American
history has done more to discredit the Intelligence community than this…
https://t.co/gJpMEnJg2m

archiving URL http://twitter.com/realDonaldTrump/status/1002881893963051009
    ... archiving using prefix http://web.archive.org/save/

archiving URL https://twitter.com/realDonaldTrump/status/1002881893963051009
    ... archiving using prefix http://web.archive.org/save/
INFO: handling a deletion for data:

{'delete': {'status': {'id':
1002881893963051009,
                       'id_str': '1002881893963051009',

                       'user_id': 25073877,
'user_id_str': '25073877'},
            'timestamp_ms': '1527940686353'}}
INFO: successfully dumped raw data to JSON file
INFO: We're handling a deletion notification for tweet ID# 1002881893963051009
on account realDonaldTrump
INFO: get_archived_tweet() called to get tweet ID 1002881893963051009 for
account realDonaldTrump
INFO: found a tweet!		http://web.archive.org/*/http://twitter.com/realDonaldTrum
p/status/1002881893963051009	“John Brennan, no single figure in American history
 has done more to discredit the Intelligence community than this…
https://t.co/gJpMEnJg2m
... adding to list of deleted tweets
... added
 ... and we're going to tweet about it
