Hello, traveler. This is the beginning of a log file called: "Fascist Tweet Archiver".
Some basic system info about the host machine: posix.uname_result(sysname='Linux', nodename='file-server', release='3.16.0-4-686-pae', version='#1 SMP Debian 3.16.51-3 (2017-12-13)', machine='i686')
This log was begun Monday, 22 January 2018 at 10:06



INFO: read target account data; we're tracking 52 accounts
WARNING: no ProtocolError (got exception "name 'ProtocolError' is not defined");
 trying requests.packages.urllib3.exceptions instead
NOTE: successfully imported from requests
Starting up...
about to get all tweets newer than ID #954518400298045441 for account
@SecretaryAcosta
about to get all tweets newer than ID #954472012424138754 for account @SBALinda
about to get all tweets newer than ID #955252448951787520 for account
@SecretaryZinke
getting all tweets before ID #933096576343359488
    ...400 tweets downloaded so far
about to get all tweets newer than ID #955485706457055233 for account
@Scaramucci


New tweet from SecretaryZinke: Today I was proud to sign the agreement with
Alaska Natives of King Cove to allow them to build a life saving grave…
https://t.co/jDxp7DzYdU

archiving URL http://twitter.com/SecretaryZinke/status/955466890062778370
    ... archiving using prefix http://web.archive.org/save/

archiving URL https://twitter.com/SecretaryZinke/status/955466890062778370
    ... archiving using prefix http://web.archive.org/save/
about to get all tweets newer than ID #954908940025913345 for account
@SecShulkin
about to get all tweets newer than ID #954435817862123520 for account @PRyan
about to get all tweets newer than ID #955484984697028608 for account
@nikkihaley
ERROR: unable to get tweets for account @nikkihaley
           the system said: Failed to parse JSON payload: Unterminated string
starting at: line 1 column 504044 (char 504043)
about to get all tweets newer than ID #867385249340297217 for account
@RealBenCarson
about to get all tweets newer than ID #856041462164836355 for account
@FirstLadyIN
about to get all tweets newer than ID #824610180881117184 for account
@GovPenceIN
about to get all tweets newer than ID #955433855174901760 for account @VP
getting all tweets before ID #942887909807583231
    ...400 tweets downloaded so far


New tweet from VP: Honored to speak at Knesset in Jerusalem, the capital of
Israel. Announced our embassy will open in Jerusalem befor…
https://t.co/rrbVFXErxd

archiving URL http://twitter.com/VP/status/955486578431979526
    ... archiving using prefix http://web.archive.org/save/
about to get all tweets newer than ID #954801265732661248 for account
@MELANIATRUMP

archiving URL https://twitter.com/VP/status/955486578431979526
    ... archiving using prefix http://web.archive.org/save/
ERROR: unable to get tweets for account @MELANIATRUMP
           the system said: Failed to parse JSON payload: Unterminated string
starting at: line 1 column 1228431 (char 1228430)
about to get all tweets newer than ID #954049288866279425 for account
@TomBossert45
about to get all tweets newer than ID #930982584649175047 for account
@mike_pence
about to get all tweets newer than ID #954745336207159297 for account
@EPAScottPruitt
about to get all tweets newer than ID #955425218868125696 for account
@SecondLady
about to get all tweets newer than ID #954137162827649024 for account
@BetsyDeVosED
about to get all tweets newer than ID #954948632666693632 for account
@DanScavino
about to get all tweets newer than ID #955227830127820802 for account @POTUS
about to get all tweets newer than ID #-1 for account @jaredkushner
about to get all tweets newer than ID #955415496991625216 for account
@SecretarySonny
about to get all tweets newer than ID #954435460968996864 for account
@SecretaryPerry
about to get all tweets newer than ID #955451881366740992 for account @Reince
about to get all tweets newer than ID #955104568588886017 for account @PressSec
ERROR: unable to get tweets for account @PressSec
           the system said: Failed to parse JSON payload: Unterminated string
starting at: line 1 column 511243 (char 511242)
about to get all tweets newer than ID #954748876887592960 for account @FLOTUS
about to get all tweets newer than ID #955254388423118849 for account
@GovernorPerry
about to get all tweets newer than ID #954488719377141761 for account
@IvankaTrumpHQ
about to get all tweets newer than ID #955228560524021760 for account
@WhiteHouse
about to get all tweets newer than ID #955276909679607809 for account @Scavino45
getting all tweets before ID #943554802793025535
    ...400 tweets downloaded so far


New tweet from Scavino45: RT @Scavino45: Senate Dems are losing big time on
the #SchumerShutdown! The American people get it!!
#AmericaFirst🇺🇸

archiving URL http://twitter.com/Scavino45/status/955478456778752001
    ... archiving using prefix http://web.archive.org/save/
about to get all tweets newer than ID #955463643906412548 for account
@seanspicer

archiving URL https://twitter.com/Scavino45/status/955478456778752001
    ... archiving using prefix http://web.archive.org/save/
about to get all tweets newer than ID #955440080876908544 for account
@JessicaDitto45
ERROR: unable to get tweets for account @JessicaDitto45
           the system said: Failed to parse JSON payload: Unterminated string
starting at: line 1 column 507387 (char 507386)
about to get all tweets newer than ID #832282841471918080 for account
@BetsyDeVos
about to get all tweets newer than ID #955477699044179968 for account
@SpeakerRyan
ERROR: unable to get tweets for account @SpeakerRyan
           the system said: Failed to parse JSON payload: Unterminated string
starting at: line 1 column 505992 (char 505991)
about to get all tweets newer than ID #955245566656765955 for account
@KellyannePolls
about to get all tweets newer than ID #-1 for account @ElaineChao
about to get all tweets newer than ID #898401955847876608 for account
@Linda_McMahon
about to get all tweets newer than ID #816846808789958656 for account
@SenDanCoats
about to get all tweets newer than ID #954409146664783872 for account
@SecretaryCarson
getting all tweets before ID #910137175836119039
    ...400 tweets downloaded so far


New tweet from SecretaryCarson: What does the shutdown mean for federal
housing functions? Read the HUD Contingency Plan here: https://t.co/Fh2FXUoDJT

archiving URL http://twitter.com/SecretaryCarson/status/955474314723315715
    ... archiving using prefix http://web.archive.org/save/
about to get all tweets newer than ID #955432685597536257 for account
@AshLeeStrong

archiving URL https://twitter.com/SecretaryCarson/status/955474314723315715
    ... archiving using prefix http://web.archive.org/save/
about to get all tweets newer than ID #836780744810844161 for account
@StephenMillerAL
about to get all tweets newer than ID #898632795517403136 for account
@GeneralJFKellly
ERROR: unable to get tweets for account @GeneralJFKellly
           the system said: Not authorized.
about to get all tweets newer than ID #913881045652688901 for account
@SecPriceMD
about to get all tweets newer than ID #816290296048873472 for account
@WilburRoss
about to get all tweets newer than ID #830074939298414592 for account
@RepTomPrice
about to get all tweets newer than ID #955190840707768328 for account
@IvankaTrump
getting all tweets before ID #935877725000257535
ERROR: unable to get tweets for account @IvankaTrump
           the system said: Failed to parse JSON payload: Unterminated string
starting at: line 1 column 506147 (char 506146)
about to get all tweets newer than ID #951506732043456512 for account
@MickMulvaneyOMB
about to get all tweets newer than ID #903694300306923521 for account
@SecElaineChao
about to get all tweets newer than ID #955159265110458368 for account
@StephGrisham45
about to get all tweets newer than ID #955428815777533952 for account
@realDonaldTrump
getting all tweets before ID #946505312164630529
    ...397 tweets downloaded so far


New tweet from realDonaldTrump: End the Democrats Obstruction!
https://t.co/tzBXilvW1b

archiving URL http://twitter.com/realDonaldTrump/status/955458357200130049
    ... archiving using prefix http://web.archive.org/save/
about to get all tweets newer than ID #953073831534612480 for account
@SecretaryRoss

archiving URL https://twitter.com/realDonaldTrump/status/955458357200130049
    ... archiving using prefix http://web.archive.org/save/
about to get all tweets newer than ID #954090900921159680 for account
@stevenmnuchin1
about to get all tweets newer than ID #890659905798983680 for account @Reince45
... OK, we're set up, and about to watch 819980276570976256, 819992522109894658,
 827258161841135623, 24578794, 831482588246196225, 733751245, 37666984,
1180379185, 1923451808, 15985455, 818910970567344128, 108471631,
866746592853979137, 22203756, 832672006113931269, 822127086194348032,
828997388920619008, 620571475, 822215679726100480, 29547260, 842072478834909184,
 830128820447539208, 20733972, 818927131883356161, 818876014390603776, 18906561,
 798195585824104449, 822215673812119553, 823367015830323201, 20776147,
836724024688410625, 599530439, 18916432, 471672239, 105267762, 65522706,
212262370, 828613457020870657, 296060169, 728361177986797568,
892173412818354177, 829782369670410240, 809836066316451840, 6577802, 52544275,
888031054141022209, 826065858548133888, 823638938590085124, 25073877,
836305915452272641, 799764016885329921, 803703725730779136
