Hello, traveler. This is the beginning of a log file called: "Fascist Tweet Archiver".
Some basic system info about the host machine: posix.uname_result(sysname='Linux', nodename='file-server', release='3.16.0-6-686-pae', version='#1 SMP Debian 3.16.57-2 (2018-07-14)', machine='i686')
This log was begun Thursday, 09 August 2018 at 10:48



INFO: read target account data; we're tracking 59 accounts
WARNING: no ProtocolError (got exception "name 'ProtocolError' is not defined");
 trying requests.packages.urllib3.exceptions instead
NOTE: successfully imported from requests
Starting up...
about to get all tweets newer than ID #1027335632111251458 for account
@nikkihaley
about to get all tweets newer than ID #1027586174448218113 for account
@realDonaldTrump
about to get all tweets newer than ID #-1 for account @jaredkushner
about to get all tweets newer than ID #1026841571717734400 for account
@SecretarySonny
about to get all tweets newer than ID #1026499587652108288 for account @Cabinet
about to get all tweets newer than ID #824610180881117184 for account
@GovPenceIN
about to get all tweets newer than ID #1027034417146093568 for account @PRyan
about to get all tweets newer than ID #1027255620918013952 for account
@SecretaryRoss
about to get all tweets newer than ID #1027250351269969920 for account
@SecretaryZinke
about to get all tweets newer than ID #1027595363107131392 for account @SBALinda
about to get all tweets newer than ID #1026491173878288384 for account @Comey
about to get all tweets newer than ID #1027563552754806786 for account
@DepSecHargan
about to get all tweets newer than ID #1026613666874097664 for account
@AmbJohnBolton
about to get all tweets newer than ID #1027296791375634435 for account
@IvankaTrump
about to get all tweets newer than ID #1027549978984685569 for account
@statedeptspox
about to get all tweets newer than ID #1026875315426140160 for account @PressSec
about to get all tweets newer than ID #1003795765028884485 for account
@Linda_McMahon
about to get all tweets newer than ID #816846808789958656 for account
@SenDanCoats
about to get all tweets newer than ID #1025423091822997505 for account
@MickMulvaneyOMB
about to get all tweets newer than ID #1027340732477128704 for account
@mike_pence
about to get all tweets newer than ID #1027585129231921152 for account
@Scaramucci
getting all tweets before ID #1022167105334988799
    ...400 tweets downloaded so far


New tweet from Scaramucci: RT @BradThor: The greatness of America lies not in
what is past, but what is still yet to come. https://t.co/K679e4I0H1
about to get all tweets newer than ID #1021844939473387520 for account
@IvankaTrumpHQ

archiving URL http://twitter.com/Scaramucci/status/1027598772501655559
    ... archiving using prefix http://web.archive.org/save/

archiving URL https://twitter.com/Scaramucci/status/1027598772501655559
    ... archiving using prefix http://web.archive.org/save/
about to get all tweets newer than ID #856041462164836355 for account
@FirstLadyIN
about to get all tweets newer than ID #-1 for account @ElaineChao
about to get all tweets newer than ID #1027222910770003968 for account
@EnergyDepSec
about to get all tweets newer than ID #1024306290342993920 for account
@stevenmnuchin1
about to get all tweets newer than ID #1027586705040257024 for account @POTUS
about to get all tweets newer than ID #1025715874391568385 for account
@BetsyDeVosED
about to get all tweets newer than ID #1027268792542539776 for account
@DanScavino
about to get all tweets newer than ID #1024348660753149952 for account
@KellyannePolls
about to get all tweets newer than ID #832282841471918080 for account
@BetsyDeVos
about to get all tweets newer than ID #1026904406455926784 for account
@SpeakerRyan
about to get all tweets newer than ID #836780744810844161 for account
@StephenMillerAL
about to get all tweets newer than ID #1027583887109775365 for account
@JessicaDitto45
about to get all tweets newer than ID #1027592475391799297 for account @VP
about to get all tweets newer than ID #1024829935238750208 for account
@AshLeeStrong
about to get all tweets newer than ID #954801265732661248 for account
@MELANIATRUMP
about to get all tweets newer than ID #1026563833039659009 for account
@StephGrisham45
about to get all tweets newer than ID #1027390413567655941 for account
@seanspicer
about to get all tweets newer than ID #1027032901299396610 for account
@RealBenCarson
about to get all tweets newer than ID #1027558042496323584 for account
@SecretaryAcosta
about to get all tweets newer than ID #1026874523826761729 for account
@SecondLady
about to get all tweets newer than ID #1027315648899293184 for account
@SecretaryPerry
about to get all tweets newer than ID #978650205192044545 for account
@SecShulkin
about to get all tweets newer than ID #1027044832391389184 for account
@Scavino45
about to get all tweets newer than ID #1014519079284199424 for account
@EPAScottPruitt
ERROR: unable to get tweets for account @EPAScottPruitt
           the system said: [{'code': 34, 'message': 'Sorry, that page does not
exist.'}]
about to get all tweets newer than ID #1027262766481133574 for account @FLOTUS
about to get all tweets newer than ID #1027570462212141061 for account
@WhiteHouse
getting all tweets before ID #1021896816898596863
    ...400 tweets downloaded so far


New tweet from WhiteHouse: RT @VP: The next generation of Americans to
confront the emerging threats in the boundless expanse of space will be wearing
the uniform of…
about to get all tweets newer than ID #1024712872360693760 for account
@GovernorPerry

archiving URL http://twitter.com/WhiteHouse/status/1027602408199860224
    ... archiving using prefix http://web.archive.org/save/

archiving URL https://twitter.com/WhiteHouse/status/1027602408199860224
    ... archiving using prefix http://web.archive.org/save/
about to get all tweets newer than ID #903694300306923521 for account
@SecElaineChao
about to get all tweets newer than ID #1027576921725562880 for account
@SecNielsen
about to get all tweets newer than ID #913881045652688901 for account
@SecPriceMD
about to get all tweets newer than ID #890659905798983680 for account @Reince45
ERROR: unable to get tweets for account @Reince45
           the system said: Not authorized.
about to get all tweets newer than ID #830074939298414592 for account
@RepTomPrice
about to get all tweets newer than ID #1027547119463395328 for account @SecAzar
about to get all tweets newer than ID #816290296048873472 for account
@WilburRoss
about to get all tweets newer than ID #1024362632340557824 for account @Reince
about to get all tweets newer than ID #1027234212007567361 for account
@SecretaryCarson
about to get all tweets newer than ID #994396943421001728 for account
@TomBossert45
... OK, we're set up, and about to watch 37666984, 25073877, 29547260,
842072478834909184, 818928162449068032, 15985455, 733751245, 836305915452272641,
 827258161841135623, 819992522109894658, 2334193741, 920035992073064450,
118756393, 52544275, 1967216306, 818927131883356161, 65522706, 212262370,
888031054141022209, 22203756, 24578794, 798195585824104449, 1923451808,
105267762, 894923298374651904, 799764016885329921, 822215679726100480,
828997388920619008, 620571475, 471672239, 599530439, 18916432,
728361177986797568, 836724024688410625, 818910970567344128, 296060169,
108471631, 823638938590085124, 20776147, 1180379185, 819980276570976256,
822127086194348032, 830128820447539208, 831482588246196225, 823367015830323201,
832672006113931269, 818876014390603776, 822215673812119553, 18906561,
826065858548133888, 935148134505828353, 829782369670410240, 803703725730779136,
6577802, 956283913835614208, 809836066316451840, 20733972, 828613457020870657,
866746592853979137
