Hello, traveler. This is the beginning of a log file called: "Fascist Tweet Archiver".
Some basic system info about the host machine: posix.uname_result(sysname='Linux', nodename='file-server', release='3.16.0-6-686-pae', version='#1 SMP Debian 3.16.56-1+deb8u1 (2018-05-08)', machine='i686')
This log was begun Monday, 11 June 2018 at 16:10



INFO: read target account data; we're tracking 59 accounts
WARNING: no ProtocolError (got exception "name 'ProtocolError' is not defined");
 trying requests.packages.urllib3.exceptions instead
NOTE: successfully imported from requests
Starting up...
about to get all tweets newer than ID #1005584419304898566 for account
@AmbJohnBolton
about to get all tweets newer than ID #1006189306820653057 for account
@nikkihaley
about to get all tweets newer than ID #1004743536028286976 for account @PRyan
about to get all tweets newer than ID #1004750620920811522 for account
@BetsyDeVosED
about to get all tweets newer than ID #1006294911761702913 for account
@IvankaTrump
about to get all tweets newer than ID #1006294777850159105 for account @SecAzar
about to get all tweets newer than ID #1006296015480217600 for account
@SecretaryPerry
about to get all tweets newer than ID #1004445272913666048 for account
@EnergyDepSec
about to get all tweets newer than ID #994396943421001728 for account
@TomBossert45
about to get all tweets newer than ID #1006124797452017664 for account
@Scavino45
about to get all tweets newer than ID #1006287173736452096 for account @SBALinda
about to get all tweets newer than ID #1006238133707509760 for account
@SecretaryCarson
about to get all tweets newer than ID #1006233101750718464 for account
@WhiteHouse
about to get all tweets newer than ID #1006277551961100289 for account
@SecretaryZinke
about to get all tweets newer than ID #1002993456845852672 for account
@RealBenCarson
about to get all tweets newer than ID #1006252379451387904 for account @FLOTUS
about to get all tweets newer than ID #1006205638987300870 for account @PressSec
about to get all tweets newer than ID #1004903666304847872 for account
@MickMulvaneyOMB
about to get all tweets newer than ID #1005194928455118848 for account
@SecretaryRoss
about to get all tweets newer than ID #816846808789958656 for account
@SenDanCoats
about to get all tweets newer than ID #1006227725881880577 for account
@AshLeeStrong
about to get all tweets newer than ID #1005582819786149888 for account
@mike_pence
about to get all tweets newer than ID #1005647989036273664 for account @Comey
about to get all tweets newer than ID #856041462164836355 for account
@FirstLadyIN
about to get all tweets newer than ID #978650205192044545 for account
@SecShulkin
about to get all tweets newer than ID #1006259571113984001 for account
@SpeakerRyan
about to get all tweets newer than ID #1006293434758508550 for account
@Scaramucci
getting all tweets before ID #999837672268091392
    ...400 tweets downloaded so far


New tweet from Scaramucci: RT @SteveRattner: Me, too right alongside
@Scaramucci https://t.co/nHlW3CpkYw
about to get all tweets newer than ID #1006295788476039169 for account @VP

archiving URL http://twitter.com/Scaramucci/status/1006298261936918528
    ... archiving using prefix http://web.archive.org/save/

archiving URL https://twitter.com/Scaramucci/status/1006298261936918528
    ... archiving using prefix http://web.archive.org/save/
about to get all tweets newer than ID #1004724751758184449 for account
@IvankaTrumpHQ
about to get all tweets newer than ID #832282841471918080 for account
@BetsyDeVos
about to get all tweets newer than ID #830074939298414592 for account
@RepTomPrice
about to get all tweets newer than ID #1006228859635814402 for account
@statedeptspox
about to get all tweets newer than ID #1003255393374613504 for account @Reince
about to get all tweets newer than ID #1003795765028884485 for account
@Linda_McMahon
about to get all tweets newer than ID #1006293385743884289 for account @POTUS
about to get all tweets newer than ID #1005434436534591490 for account
@SecretaryAcosta
about to get all tweets newer than ID #954801265732661248 for account
@MELANIATRUMP
about to get all tweets newer than ID #1005059495138086912 for account
@KellyannePolls
about to get all tweets newer than ID #-1 for account @ElaineChao
about to get all tweets newer than ID #1006273327684575232 for account
@seanspicer
about to get all tweets newer than ID #903694300306923521 for account
@SecElaineChao
about to get all tweets newer than ID #1005218098398547969 for account
@EPAScottPruitt
about to get all tweets newer than ID #1006256756094373889 for account @Cabinet
about to get all tweets newer than ID #1006145818011807744 for account
@SecondLady
about to get all tweets newer than ID #1004472039615410176 for account
@GovernorPerry
about to get all tweets newer than ID #1006208896636203008 for account
@SecretarySonny
about to get all tweets newer than ID #1006245848873885697 for account
@JessicaDitto45
about to get all tweets newer than ID #-1 for account @jaredkushner
about to get all tweets newer than ID #1006296018210603008 for account
@realDonaldTrump
about to get all tweets newer than ID #1004919431217152001 for account
@DanScavino
about to get all tweets newer than ID #1006004003187118086 for account
@StephGrisham45
about to get all tweets newer than ID #1005990780102762497 for account
@stevenmnuchin1
about to get all tweets newer than ID #824610180881117184 for account
@GovPenceIN
about to get all tweets newer than ID #1006218196158943232 for account
@SecNielsen
about to get all tweets newer than ID #913881045652688901 for account
@SecPriceMD
about to get all tweets newer than ID #1006245105110536195 for account
@DepSecHargan
about to get all tweets newer than ID #836780744810844161 for account
@StephenMillerAL
about to get all tweets newer than ID #890659905798983680 for account @Reince45
ERROR: unable to get tweets for account @Reince45
           the system said: Not authorized.
about to get all tweets newer than ID #816290296048873472 for account
@WilburRoss
... OK, we're set up, and about to watch 118756393, 37666984, 733751245,
828997388920619008, 52544275, 956283913835614208, 830128820447539208,
894923298374651904, 866746592853979137, 823367015830323201, 819992522109894658,
828613457020870657, 822215673812119553, 827258161841135623, 1180379185,
818876014390603776, 818927131883356161, 888031054141022209, 836305915452272641,
212262370, 296060169, 22203756, 2334193741, 1923451808, 831482588246196225,
18916432, 24578794, 818910970567344128, 798195585824104449, 599530439, 6577802,
1967216306, 20733972, 65522706, 822215679726100480, 819980276570976256,
108471631, 471672239, 105267762, 20776147, 826065858548133888,
832672006113931269, 818928162449068032, 822127086194348032, 18906561,
842072478834909184, 836724024688410625, 29547260, 25073877, 620571475,
823638938590085124, 799764016885329921, 15985455, 935148134505828353,
829782369670410240, 920035992073064450, 728361177986797568, 803703725730779136,
809836066316451840
