Hello, traveler. This is the beginning of a log file called: "Fascist Tweet Archiver".
Some basic system info about the host machine: posix.uname_result(sysname='Linux', nodename='file-server', release='3.16.0-4-686-pae', version='#1 SMP Debian 3.16.51-3 (2017-12-13)', machine='i686')
This log was begun Thursday, 18 January 2018 at 06:43



INFO: read target account data; we're tracking 52 accounts
WARNING: no ProtocolError (got exception "name 'ProtocolError' is not defined");
 trying requests.packages.urllib3.exceptions instead
NOTE: successfully imported from requests
Starting up...
about to get all tweets newer than ID #953778287041568768 for account
@SecretaryAcosta
about to get all tweets newer than ID #856041462164836355 for account
@FirstLadyIN
about to get all tweets newer than ID #830074939298414592 for account
@RepTomPrice
about to get all tweets newer than ID #953773731071000577 for account @POTUS
about to get all tweets newer than ID #867385249340297217 for account
@RealBenCarson
about to get all tweets newer than ID #953755029483204608 for account
@SecondLady
ERROR: unable to get tweets for account @SecondLady
           the system said: Failed to parse JSON payload: Unterminated string
starting at: line 1 column 507845 (char 507844)
about to get all tweets newer than ID #947851229719355392 for account
@GovernorPerry
about to get all tweets newer than ID #943908455793823744 for account @Reince
about to get all tweets newer than ID #953778317626396673 for account @PressSec
about to get all tweets newer than ID #953663348511518720 for account
@SecretaryPerry
about to get all tweets newer than ID #953740487097163776 for account @PRyan
about to get all tweets newer than ID #832282841471918080 for account
@BetsyDeVos
about to get all tweets newer than ID #903694300306923521 for account
@SecElaineChao
about to get all tweets newer than ID #836780744810844161 for account
@StephenMillerAL
about to get all tweets newer than ID #953981862749360128 for account
@Scaramucci
about to get all tweets newer than ID #953795131034996736 for account @VP
about to get all tweets newer than ID #951469322014281728 for account
@IvankaTrumpHQ
about to get all tweets newer than ID #952897246848278528 for account
@SecretarySonny
about to get all tweets newer than ID #952890594342391808 for account
@stevenmnuchin1
about to get all tweets newer than ID #951473433719828480 for account
@StephGrisham45
about to get all tweets newer than ID #-1 for account @jaredkushner
about to get all tweets newer than ID #898401955847876608 for account
@Linda_McMahon
about to get all tweets newer than ID #951506732043456512 for account
@MickMulvaneyOMB
about to get all tweets newer than ID #816846808789958656 for account
@SenDanCoats
about to get all tweets newer than ID #898632795517403136 for account
@GeneralJFKellly
ERROR: unable to get tweets for account @GeneralJFKellly
           the system said: Not authorized.
about to get all tweets newer than ID #795981284761894912 for account
@MELANIATRUMP
about to get all tweets newer than ID #816290296048873472 for account
@WilburRoss
about to get all tweets newer than ID #953797352887865345 for account
@WhiteHouse
about to get all tweets newer than ID #953705268726071297 for account
@SecShulkin
about to get all tweets newer than ID #824610180881117184 for account
@GovPenceIN
about to get all tweets newer than ID #953979393180950528 for account
@realDonaldTrump
getting all tweets before ID #944276471614509056
    ...397 tweets downloaded so far


New tweet from realDonaldTrump: CHIP should be part of a long term solution,
not a 30 Day, or short term, extension!

archiving URL http://twitter.com/realDonaldTrump/status/953984671674662912
    ... archiving using prefix http://web.archive.org/save/
about to get all tweets newer than ID #953686161339441152 for account
@SecretaryCarson

archiving URL https://twitter.com/realDonaldTrump/status/953984671674662912
    ... archiving using prefix http://web.archive.org/save/


New tweet from realDonaldTrump: A government shutdown will be devastating to
our military...something the Dems care very little about!

archiving URL http://twitter.com/realDonaldTrump/status/953987636057821184
    ... archiving using prefix http://web.archive.org/save/
about to get all tweets newer than ID #953767929971200001 for account
@SpeakerRyan

archiving URL https://twitter.com/realDonaldTrump/status/953987636057821184
    ... archiving using prefix http://web.archive.org/save/
getting all tweets before ID #943186338907648004
    ...400 tweets downloaded so far


New tweet from SpeakerRyan: I'll be speaking live from @CSIS about our
military readiness and the state of our defense capabilities soon→
https://t.co/RrNzrxPmYU

archiving URL http://twitter.com/SpeakerRyan/status/953987951435935744
    ... archiving using prefix http://web.archive.org/save/
about to get all tweets newer than ID #953768754449670146 for account
@nikkihaley

archiving URL https://twitter.com/SpeakerRyan/status/953987951435935744
    ... archiving using prefix http://web.archive.org/save/
about to get all tweets newer than ID #-1 for account @ElaineChao
about to get all tweets newer than ID #953807275667357696 for account
@KellyannePolls
about to get all tweets newer than ID #953829334007115776 for account
@JessicaDitto45
about to get all tweets newer than ID #953073831534612480 for account
@SecretaryRoss
about to get all tweets newer than ID #930982584649175047 for account
@mike_pence
about to get all tweets newer than ID #953970140386922497 for account
@IvankaTrump
about to get all tweets newer than ID #890659905798983680 for account @Reince45
about to get all tweets newer than ID #953824863671734277 for account @Scavino45
about to get all tweets newer than ID #953779102611394560 for account
@BetsyDeVosED
about to get all tweets newer than ID #953746756684144642 for account
@EPAScottPruitt
about to get all tweets newer than ID #952927460118745088 for account @FLOTUS
about to get all tweets newer than ID #913881045652688901 for account
@SecPriceMD
about to get all tweets newer than ID #953828713535242240 for account
@AshLeeStrong
about to get all tweets newer than ID #953824813080080384 for account
@seanspicer
about to get all tweets newer than ID #953663300721627136 for account
@SecretaryZinke
about to get all tweets newer than ID #953636415723724801 for account @SBALinda
about to get all tweets newer than ID #953857941970485252 for account
@DanScavino
about to get all tweets newer than ID #953446616249364486 for account
@TomBossert45
... OK, we're set up, and about to watch 819980276570976256, 1923451808,
6577802, 822215679726100480, 1180379185, 822127086194348032, 18906561, 20733972,
 818927131883356161, 830128820447539208, 733751245, 599530439,
826065858548133888, 728361177986797568, 24578794, 818910970567344128,
798195585824104449, 842072478834909184, 799764016885329921, 823638938590085124,
29547260, 65522706, 888031054141022209, 212262370, 892173412818354177,
108471631, 809836066316451840, 822215673812119553, 831482588246196225, 15985455,
 25073877, 828613457020870657, 18916432, 37666984, 105267762, 471672239,
836724024688410625, 836305915452272641, 22203756, 52544275, 803703725730779136,
823367015830323201, 828997388920619008, 832672006113931269, 818876014390603776,
829782369670410240, 296060169, 20776147, 827258161841135623, 819992522109894658,
 620571475, 866746592853979137
WARNING: received error ('Connection broken: IncompleteRead(0 bytes read, 1580
more expected)', IncompleteRead(0 bytes read, 1580 more expected)); sleeping and
 trying again ...
WARNING: received error HTTPSConnectionPool(host='stream.twitter.com',
port=443): Read timed out.; sleeping and trying again ...
WARNING: received error ('Connection broken: IncompleteRead(0 bytes read, 512
more expected)', IncompleteRead(0 bytes read, 512 more expected)); sleeping and
trying again ...
WARNING: received error ('Connection broken: IncompleteRead(0 bytes read, 2 more
 expected)', IncompleteRead(0 bytes read, 2 more expected)); sleeping and trying
 again ...
WARNING: received error ('Connection broken: IncompleteRead(0 bytes read, 512
more expected)', IncompleteRead(0 bytes read, 512 more expected)); sleeping and
trying again ...


New tweet from VP: Yesterday I met with @SGottliebFDA on the importance of
passing a Right to Try law. It's about restoring hope and g…
https://t.co/HpbsAs4bKr

archiving URL http://twitter.com/VP/status/953994196809076737
    ... archiving using prefix http://web.archive.org/save/

archiving URL https://twitter.com/VP/status/953994196809076737
    ... archiving using prefix http://web.archive.org/save/
WARNING: received error ('Connection broken: IncompleteRead(0 bytes read)',
IncompleteRead(0 bytes read)); sleeping and trying again ...
WARNING: received error ('Connection broken: IncompleteRead(0 bytes read, 2000
more expected)', IncompleteRead(0 bytes read, 2000 more expected)); sleeping and
 trying again ...
WARNING: received error ('Connection broken: IncompleteRead(0 bytes read, 512
more expected)', IncompleteRead(0 bytes read, 512 more expected)); sleeping and
trying again ...
WARNING: received error ('Connection broken: IncompleteRead(0 bytes read, 976
more expected)', IncompleteRead(0 bytes read, 976 more expected)); sleeping and
trying again ...
