Hello, traveler. This is the beginning of a log file called: "Fascist Tweet Archiver".
Some basic system info about the host machine: posix.uname_result(sysname='Linux', nodename='file-server', release='3.16.0-6-686-pae', version='#1 SMP Debian 3.16.56-1+deb8u1 (2018-05-08)', machine='i686')
This log was begun Wednesday, 04 July 2018 at 09:41



INFO: read target account data; we're tracking 59 accounts
WARNING: no ProtocolError (got exception "name 'ProtocolError' is not defined");
 trying requests.packages.urllib3.exceptions instead
NOTE: successfully imported from requests
Starting up...
about to get all tweets newer than ID #1014522164354088960 for account
@Scavino45
about to get all tweets newer than ID #832282841471918080 for account
@BetsyDeVos
about to get all tweets newer than ID #1014525769182253057 for account @POTUS
about to get all tweets newer than ID #913881045652688901 for account
@SecPriceMD
about to get all tweets newer than ID #1014523289086185473 for account
@IvankaTrump
about to get all tweets newer than ID #-1 for account @jaredkushner
about to get all tweets newer than ID #1014524677211992065 for account
@nikkihaley
about to get all tweets newer than ID #1012506179350777856 for account @PressSec
about to get all tweets newer than ID #903694300306923521 for account
@SecElaineChao
about to get all tweets newer than ID #1012761348885893123 for account
@AshLeeStrong
about to get all tweets newer than ID #1014497302071992321 for account
@StephGrisham45
about to get all tweets newer than ID #1014532103013388288 for account
@SecretaryZinke
about to get all tweets newer than ID #1014333237043310598 for account
@seanspicer
about to get all tweets newer than ID #1011794086448238593 for account
@mike_pence
about to get all tweets newer than ID #1014253899866353665 for account @SecAzar
about to get all tweets newer than ID #1013791653931421696 for account @PRyan
about to get all tweets newer than ID #1014475218725711872 for account
@GovernorPerry
about to get all tweets newer than ID #816846808789958656 for account
@SenDanCoats
about to get all tweets newer than ID #816290296048873472 for account
@WilburRoss
about to get all tweets newer than ID #830074939298414592 for account
@RepTomPrice
about to get all tweets newer than ID #1014462483405340672 for account
@Scaramucci
about to get all tweets newer than ID #-1 for account @ElaineChao
about to get all tweets newer than ID #1014530166649999360 for account
@WhiteHouse
about to get all tweets newer than ID #1014198264151887872 for account
@statedeptspox
about to get all tweets newer than ID #954801265732661248 for account
@MELANIATRUMP
about to get all tweets newer than ID #1014523149923340288 for account
@DanScavino
about to get all tweets newer than ID #1014514600144986113 for account
@RealBenCarson
about to get all tweets newer than ID #994396943421001728 for account
@TomBossert45
about to get all tweets newer than ID #1014509887114522630 for account
@SpeakerRyan
about to get all tweets newer than ID #1014530020927209472 for account @FLOTUS
about to get all tweets newer than ID #1013145209331429379 for account
@DepSecHargan
about to get all tweets newer than ID #1014519208946872321 for account
@SecondLady
about to get all tweets newer than ID #1013093469848469505 for account
@EnergyDepSec
about to get all tweets newer than ID #1014181991984582657 for account
@IvankaTrumpHQ
about to get all tweets newer than ID #1014504817148952577 for account @VP
about to get all tweets newer than ID #890659905798983680 for account @Reince45
ERROR: unable to get tweets for account @Reince45
           the system said: Not authorized.
about to get all tweets newer than ID #1012690898516430849 for account
@stevenmnuchin1
about to get all tweets newer than ID #1013883300677603328 for account
@BetsyDeVosED
about to get all tweets newer than ID #1013916809576230918 for account
@SecretaryCarson
about to get all tweets newer than ID #1014347317850193922 for account
@SecretarySonny
about to get all tweets newer than ID #1012722969502781440 for account
@SecretaryRoss
about to get all tweets newer than ID #1014484374186790913 for account
@JessicaDitto45
about to get all tweets newer than ID #1014297032239013890 for account
@SecNielsen
about to get all tweets newer than ID #1014494482568445953 for account
@SecretaryAcosta
about to get all tweets newer than ID #978650205192044545 for account
@SecShulkin
about to get all tweets newer than ID #1012762946051690496 for account
@MickMulvaneyOMB
about to get all tweets newer than ID #1014195074085859328 for account @Cabinet
about to get all tweets newer than ID #1014520426842738689 for account
@realDonaldTrump
about to get all tweets newer than ID #1014297145468510208 for account
@SecretaryPerry
getting all tweets before ID #976210871117590527
    ...400 tweets downloaded so far


New tweet from SecretaryPerry: Happy Fourth of July from the nation’s capital!
 
#IndependenceDay 🇺🇸🇺🇸🇺🇸 https://t.co/u17artOl1P
about to get all tweets newer than ID #1008040710283628544 for account @Comey

archiving URL http://twitter.com/SecretaryPerry/status/1014534742522384384
    ... archiving using prefix http://web.archive.org/save/
about to get all tweets newer than ID #1003795765028884485 for account
@Linda_McMahon
about to get all tweets newer than ID #836780744810844161 for account
@StephenMillerAL
about to get all tweets newer than ID #1013981080129560576 for account
@KellyannePolls
about to get all tweets newer than ID #1014504948468510720 for account @Reince
about to get all tweets newer than ID #1006582155357642753 for account
@AmbJohnBolton
about to get all tweets newer than ID #856041462164836355 for account
@FirstLadyIN
about to get all tweets newer than ID #824610180881117184 for account
@GovPenceIN
about to get all tweets newer than ID #1014127462081540097 for account @SBALinda
about to get all tweets newer than ID #1014519079284199424 for account
@EPAScottPruitt
... OK, we're set up, and about to watch 823367015830323201, 599530439,
822215679726100480, 829782369670410240, 52544275, 29547260, 37666984,
818927131883356161, 826065858548133888, 296060169, 823638938590085124,
827258161841135623, 20776147, 22203756, 956283913835614208, 733751245, 18906561,
 212262370, 809836066316451840, 6577802, 24578794, 105267762,
822215673812119553, 1967216306, 108471631, 620571475, 1180379185,
866746592853979137, 18916432, 818876014390603776, 920035992073064450,
822127086194348032, 894923298374651904, 798195585824104449, 818910970567344128,
803703725730779136, 799764016885329921, 828997388920619008, 828613457020870657,
842072478834909184, 836305915452272641, 836724024688410625, 935148134505828353,
819980276570976256, 831482588246196225, 888031054141022209, 818928162449068032,
25073877, 830128820447539208, 2334193741, 65522706, 728361177986797568,
471672239, 20733972, 118756393, 1923451808, 15985455, 819992522109894658,
832672006113931269
INFO: handling a deletion for data:

{'delete': {'status': {'id':
797464928227618816,
                       'id_str': '797464928227618816',

                       'user_id': 24578794,
'user_id_str': '24578794'},
            'timestamp_ms': '1530719470775'}}
INFO: successfully dumped raw data to JSON file
INFO: We're handling a deletion notification for tweet ID# 797464928227618816 on
 account Scaramucci
INFO: get_archived_tweet() called to get tweet ID 797464928227618816 for account
 Scaramucci
INFO: found a tweet!		http://web.archive.org/*/https://twitter.com/Scaramucci/st
atus/797464928227618816	RT @jonsteinberg: On Monday @Scaramucci who is now on
the transition team spoke to us about how @realDonaldTrump would win and the
next day…
... adding to list of deleted tweets
... added
... but we're not going to tweet about it because Scaramucci is not in the list
of accounts we tweet about
INFO: handling a deletion for data:

{'delete': {'status': {'id':
796079092688887809,
                       'id_str': '796079092688887809',

                       'user_id': 24578794,
'user_id_str': '24578794'},
            'timestamp_ms': '1530719478368'}}
INFO: successfully dumped raw data to JSON file
INFO: We're handling a deletion notification for tweet ID# 796079092688887809 on
 account Scaramucci
INFO: get_archived_tweet() called to get tweet ID 796079092688887809 for account
 Scaramucci
INFO: found a tweet!		http://web.archive.org/*/https://twitter.com/Scaramucci/st
atus/796079092688887809	RT @jonnajarian: RT @Scaramucci
"RT @jonsteinberg:
#CheddarLIVE.@Scaramucci at the top of the show https://t.co/is1bs4dWyR
... adding to list of deleted tweets
... added
... but we're not going to tweet about it because Scaramucci is not in the list
of accounts we tweet about


New tweet from Comey: The Comey family Declaration pieces (long ago made
“authentic” by our kids burning the edges and soaking it in coff…
https://t.co/VOiKnboJw0

archiving URL http://twitter.com/Comey/status/1014537641252065282
    ... archiving using prefix http://web.archive.org/save/


New tweet from WhiteHouse: President Trump’s message to Americans on July 4th.
 https://t.co/NxxN9IJfr6

archiving URL http://twitter.com/WhiteHouse/status/1014539582870884354
    ... archiving using prefix http://web.archive.org/save/

archiving URL https://twitter.com/WhiteHouse/status/1014539582870884354
    ... archiving using prefix http://web.archive.org/save/


New tweet from SecretarySonny: "We hold these truths to be self-evident, that
all men are created equal, that they are endowed by their Creator wi…
https://t.co/mbPa6fABdH

archiving URL http://twitter.com/SecretarySonny/status/1014541222965272576
    ... archiving using prefix http://web.archive.org/save/

archiving URL https://twitter.com/SecretarySonny/status/1014541222965272576
    ... archiving using prefix http://web.archive.org/save/


New tweet from WhiteHouse: James Madison: “The happy union of these States is
a wonder; their Constitution a miracle; their example the hope o…
https://t.co/QisUzUg635

archiving URL http://twitter.com/WhiteHouse/status/1014544123381075973
    ... archiving using prefix http://web.archive.org/save/

archiving URL https://twitter.com/WhiteHouse/status/1014544123381075973
    ... archiving using prefix http://web.archive.org/save/


New tweet from PRyan: Happy 4th! Today we celebrate our country's independence
 and remember those who made it possible. https://t.co/tWdGXhwb8Q

archiving URL http://twitter.com/PRyan/status/1014544366365376512
    ... archiving using prefix http://web.archive.org/save/

archiving URL https://twitter.com/PRyan/status/1014544366365376512
    ... archiving using prefix http://web.archive.org/save/


New tweet from DepSecHargan: RT @Surgeon_General: Meeting with
#CommissionedCorps officers who will be providing basic medical care and first
aid at medical aid station…

archiving URL http://twitter.com/DepSecHargan/status/1014544613204463616
    ... archiving using prefix http://web.archive.org/save/

archiving URL https://twitter.com/DepSecHargan/status/1014544613204463616
    ... archiving using prefix http://web.archive.org/save/


New tweet from SecretarySonny: Looking forward to an informative visit.
https://t.co/SRB0g8VtBU

archiving URL http://twitter.com/SecretarySonny/status/1014547797981331456
    ... archiving using prefix http://web.archive.org/save/

archiving URL https://twitter.com/SecretarySonny/status/1014547797981331456
    ... archiving using prefix http://web.archive.org/save/


New tweet from BetsyDeVosED: RT @usedgov: It’s #IndependenceDay! Wishing
everyone a happy and safe #FourthOfJuly! 🎆🇺🇸 https://t.co/jugNIP2kWy

archiving URL http://twitter.com/BetsyDeVosED/status/1014553611681128449
    ... archiving using prefix http://web.archive.org/save/

archiving URL https://twitter.com/BetsyDeVosED/status/1014553611681128449
    ... archiving using prefix http://web.archive.org/save/


New tweet from SecretarySonny: Celebrating #IndependenceDay by visiting
important engine for U.S. economy: @portvanusa. Before tour, briefing from…
https://t.co/wlKRyMrZJ8

archiving URL http://twitter.com/SecretarySonny/status/1014556562075971584
    ... archiving using prefix http://web.archive.org/save/

archiving URL https://twitter.com/SecretarySonny/status/1014556562075971584
    ... archiving using prefix http://web.archive.org/save/


New tweet from WhiteHouse: Last night, President Trump delivered remarks at
the Salute to Service dinner. https://t.co/udTUto2QrM

archiving URL http://twitter.com/WhiteHouse/status/1014561225110376450
    ... archiving using prefix http://web.archive.org/save/

archiving URL https://twitter.com/WhiteHouse/status/1014561225110376450
    ... archiving using prefix http://web.archive.org/save/
WARNING: received error HTTPSConnectionPool(host='stream.twitter.com',
port=443): Read timed out.; sleeping and trying again ...


New tweet from WhiteHouse: Thomas Jefferson: “I would rather be exposed to the
 inconveniences attending too much liberty than those attending…
https://t.co/iAs5Lg9gt2

archiving URL http://twitter.com/WhiteHouse/status/1014570036814639109
    ... archiving using prefix http://web.archive.org/save/

archiving URL https://twitter.com/WhiteHouse/status/1014570036814639109
    ... archiving using prefix http://web.archive.org/save/


New tweet from SecretarySonny: At @portvanusa, it's primarily bulk shipping
over container shipping, with 10% of U.S. wheat passing through. Here,…
https://t.co/6sZgajvp6m

archiving URL http://twitter.com/SecretarySonny/status/1014576567098339328
    ... archiving using prefix http://web.archive.org/save/

archiving URL https://twitter.com/SecretarySonny/status/1014576567098339328
    ... archiving using prefix http://web.archive.org/save/


New tweet from SecAzar: Happy #IndependanceDay! Today the men and women of our
 disaster medical assistance teams are in our nation’s capita…
https://t.co/T4M8h7GwV2

archiving URL http://twitter.com/SecAzar/status/1014577416478617604
    ... archiving using prefix http://web.archive.org/save/

archiving URL https://twitter.com/SecAzar/status/1014577416478617604
    ... archiving using prefix http://web.archive.org/save/
INFO: handling a deletion for data:

{'delete': {'status': {'id':
1014577416478617604,
                       'id_str': '1014577416478617604',

                       'user_id': 956283913835614208,
'user_id_str': '956283913835614208'},
            'timestamp_ms':
'1530729138106'}}
INFO: successfully dumped raw data to JSON file
INFO: We're handling a deletion notification for tweet ID# 1014577416478617604
on account SecAzar
INFO: get_archived_tweet() called to get tweet ID 1014577416478617604 for
account SecAzar
INFO: found a tweet!
http://web.archive.org/*/http://twitter.com/SecAzar/status/1014577416478617604
Happy #IndependanceDay! Today the men and women of our disaster medical
assistance teams are in our nation’s capita… https://t.co/T4M8h7GwV2
... adding to list of deleted tweets
... added
... but we're not going to tweet about it because SecAzar is not in the list of
accounts we tweet about


New tweet from SecAzar: Happy #IndependenceDay! Today the men and women of our
 disaster medical assistance teams are in our nation’s capita…
https://t.co/Lg1nylsCKS

archiving URL http://twitter.com/SecAzar/status/1014577822810198017
    ... archiving using prefix http://web.archive.org/save/

archiving URL https://twitter.com/SecAzar/status/1014577822810198017
    ... archiving using prefix http://web.archive.org/save/


New tweet from JessicaDitto45: RT @FLOTUS: Happy #IndependenceDay
May God
bless this great nation &amp; all the people who protect it! 🇺🇸

archiving URL http://twitter.com/JessicaDitto45/status/1014577847640485891
    ... archiving using prefix http://web.archive.org/save/

archiving URL https://twitter.com/JessicaDitto45/status/1014577847640485891
    ... archiving using prefix http://web.archive.org/save/


New tweet from JessicaDitto45: RT @WhiteHouse: President Trump’s message to
Americans on July 4th. https://t.co/NxxN9IJfr6

archiving URL http://twitter.com/JessicaDitto45/status/1014577908931858432
    ... archiving using prefix http://web.archive.org/save/

archiving URL https://twitter.com/JessicaDitto45/status/1014577908931858432
    ... archiving using prefix http://web.archive.org/save/


New tweet from JessicaDitto45: 🇺🇸 https://t.co/fsVjJS04LW

archiving URL http://twitter.com/JessicaDitto45/status/1014578312507686915
    ... archiving using prefix http://web.archive.org/save/

archiving URL https://twitter.com/JessicaDitto45/status/1014578312507686915
    ... archiving using prefix http://web.archive.org/save/
WARNING: received error HTTPSConnectionPool(host='stream.twitter.com',
port=443): Read timed out.; sleeping and trying again ...


New tweet from SecretarySonny: What they say at @portvanusa is that if farmers
 grow it, and people buy it, they'll help ship it. To me that kinda…
https://t.co/CwTt5E2ta3

archiving URL http://twitter.com/SecretarySonny/status/1014582640882561024
    ... archiving using prefix http://web.archive.org/save/

archiving URL https://twitter.com/SecretarySonny/status/1014582640882561024
    ... archiving using prefix http://web.archive.org/save/


New tweet from SecAzar: RT @HHSGov: Happy #FourthofJuly 🇺🇸 NDMS teams held a
practice session yesterday to be ready to provide basic medical care and first
aid at…

archiving URL http://twitter.com/SecAzar/status/1014582971674787840
    ... archiving using prefix http://web.archive.org/save/

archiving URL https://twitter.com/SecAzar/status/1014582971674787840
    ... archiving using prefix http://web.archive.org/save/


New tweet from SpeakerRyan: RT @WaysandMeansGOP: We sent @TimRunsHisMouth out
to the streets of capitol hill to quiz tourists visiting D.C. for the 4th of
July on the…

archiving URL http://twitter.com/SpeakerRyan/status/1014589220705460225
    ... archiving using prefix http://web.archive.org/save/

archiving URL https://twitter.com/SpeakerRyan/status/1014589220705460225
    ... archiving using prefix http://web.archive.org/save/


New tweet from WhiteHouse: Benjamin Franklin:  “Where liberty dwells, there
lies my country.” https://t.co/DbyPt9jB1R

archiving URL http://twitter.com/WhiteHouse/status/1014593945660280832
    ... archiving using prefix http://web.archive.org/save/

archiving URL https://twitter.com/WhiteHouse/status/1014593945660280832
    ... archiving using prefix http://web.archive.org/save/


New tweet from VP: RT @SecondLady: #TB of our family celebrating the 4th of
July in our nation’s capital. Happy #IndependenceDay, America! 🇺🇸
https://t.co/f6d…

archiving URL http://twitter.com/VP/status/1014599493172563969
    ... archiving using prefix http://web.archive.org/save/

archiving URL https://twitter.com/VP/status/1014599493172563969
    ... archiving using prefix http://web.archive.org/save/


New tweet from JessicaDitto45: Thank you @SecretarySonny! 🇺🇸
https://t.co/7mT0L5xah3

archiving URL http://twitter.com/JessicaDitto45/status/1014606723401895936
    ... archiving using prefix http://web.archive.org/save/

archiving URL https://twitter.com/JessicaDitto45/status/1014606723401895936
    ... archiving using prefix http://web.archive.org/save/


New tweet from realDonaldTrump: The OPEC Monopoly must remember that gas
prices are up &amp; they are doing little to help. If anything, they are drivi…
https://t.co/6xOQxze5vz

archiving URL http://twitter.com/realDonaldTrump/status/1014611307427966976
    ... archiving using prefix http://web.archive.org/save/

archiving URL https://twitter.com/realDonaldTrump/status/1014611307427966976
    ... archiving using prefix http://web.archive.org/save/
WARNING: received error ('Connection broken: IncompleteRead(0 bytes read, 512
more expected)', IncompleteRead(0 bytes read, 512 more expected)); sleeping and
trying again ...
