Hello, traveler. This is the beginning of a log file called: "Fascist Tweet Archiver".
Some basic system info about the host machine: posix.uname_result(sysname='Linux', nodename='file-server', release='3.16.0-5-686-pae', version='#1 SMP Debian 3.16.51-3+deb8u1 (2018-01-08)', machine='i686')
This log was begun Tuesday, 30 January 2018 at 17:50



INFO: read target account data; we're tracking 52 accounts
WARNING: no ProtocolError (got exception "name 'ProtocolError' is not defined");
 trying requests.packages.urllib3.exceptions instead
NOTE: successfully imported from requests
Starting up...
about to get all tweets newer than ID #958401195458072576 for account @POTUS
about to get all tweets newer than ID #958433184227655680 for account
@IvankaTrump
getting all tweets before ID #939171177003659265
    ...400 tweets downloaded so far


New tweet from IvankaTrump: Tune-in tonight (9:10 PM EST) for the State of the
 Union #SOTU 🇺🇸 https://t.co/4ph3Kf6gvn

archiving URL http://twitter.com/IvankaTrump/status/958491958971895808
    ... archiving using prefix http://web.archive.org/save/
about to get all tweets newer than ID #903694300306923521 for account
@SecElaineChao
about to get all tweets newer than ID #958498403482251264 for account @Scavino45

archiving URL https://twitter.com/IvankaTrump/status/958491958971895808
    ... archiving using prefix http://web.archive.org/save/


New tweet from IvankaTrump: Getting ready for #SOTU 🇺🇸 https://t.co/qDY9ntMtMd

archiving URL http://twitter.com/IvankaTrump/status/958502452340379648
    ... archiving using prefix http://web.archive.org/save/
about to get all tweets newer than ID #898632795517403136 for account
@GeneralJFKellly

archiving URL https://twitter.com/IvankaTrump/status/958502452340379648
    ... archiving using prefix http://web.archive.org/save/
ERROR: unable to get tweets for account @GeneralJFKellly
           the system said: Not authorized.
about to get all tweets newer than ID #958473554235928576 for account
@Scaramucci
about to get all tweets newer than ID #958467745653379074 for account
@SecretaryZinke
ERROR: unable to get tweets for account @SecretaryZinke
           the system said: Failed to parse JSON payload: Expecting value: line
1 column 501163 (char 501162)
about to get all tweets newer than ID #955254388423118849 for account
@GovernorPerry
about to get all tweets newer than ID #958497817911353344 for account
@WhiteHouse
getting all tweets before ID #953301575107338240
    ...400 tweets downloaded so far
about to get all tweets newer than ID #958467363552288769 for account @PRyan


New tweet from WhiteHouse: The Trump Administration’s “American Model” of pro-
growth, pro-business policies has already produced results for t…
https://t.co/v2m8xLaqiz

archiving URL http://twitter.com/WhiteHouse/status/958501593187540998
    ... archiving using prefix http://web.archive.org/save/

archiving URL https://twitter.com/WhiteHouse/status/958501593187540998
    ... archiving using prefix http://web.archive.org/save/
about to get all tweets newer than ID #953073831534612480 for account
@SecretaryRoss
about to get all tweets newer than ID #958492829013209094 for account
@RealBenCarson
about to get all tweets newer than ID #930982584649175047 for account
@mike_pence
about to get all tweets newer than ID #890659905798983680 for account @Reince45
about to get all tweets newer than ID #958484313112305664 for account @PressSec
about to get all tweets newer than ID #958497161351712768 for account
@nikkihaley
about to get all tweets newer than ID #954801265732661248 for account
@MELANIATRUMP
about to get all tweets newer than ID #830074939298414592 for account
@RepTomPrice
about to get all tweets newer than ID #958448430749310978 for account
@SecondLady
about to get all tweets newer than ID #955492025830387714 for account @Reince
about to get all tweets newer than ID #958118563843334144 for account
@IvankaTrumpHQ
about to get all tweets newer than ID #958451710141321217 for account
@SecretaryPerry
ERROR: unable to get tweets for account @SecretaryPerry
           the system said: Failed to parse JSON payload: Unterminated string
starting at: line 1 column 502991 (char 502990)
about to get all tweets newer than ID #-1 for account @jaredkushner
about to get all tweets newer than ID #956905287704772608 for account
@BetsyDeVosED
ERROR: unable to get tweets for account @BetsyDeVosED
           the system said: Failed to parse JSON payload: Unterminated string
starting at: line 1 column 507798 (char 507797)
about to get all tweets newer than ID #958436013893935107 for account @FLOTUS
ERROR: unable to get tweets for account @FLOTUS
           the system said: Failed to parse JSON payload: Unterminated string
starting at: line 1 column 508853 (char 508852)
about to get all tweets newer than ID #-1 for account @ElaineChao
about to get all tweets newer than ID #958155581684142080 for account
@SecretaryAcosta
about to get all tweets newer than ID #956608918033231872 for account
@SecretaryCarson
about to get all tweets newer than ID #958496050960125958 for account
@JessicaDitto45
about to get all tweets newer than ID #958467469001322496 for account
@SpeakerRyan
about to get all tweets newer than ID #958418930237952000 for account
@SecretarySonny
ERROR: unable to get tweets for account @SecretarySonny
           the system said: Failed to parse JSON payload: Unterminated string
starting at: line 1 column 502411 (char 502410)
about to get all tweets newer than ID #816290296048873472 for account
@WilburRoss
about to get all tweets newer than ID #824610180881117184 for account
@GovPenceIN
about to get all tweets newer than ID #958070403901124609 for account
@realDonaldTrump
about to get all tweets newer than ID #958477396004524032 for account
@SecShulkin
ERROR: unable to get tweets for account @SecShulkin
           the system said: Failed to parse JSON payload: Expecting property
name enclosed in double quotes: line 1 column 507908 (char 507907)
about to get all tweets newer than ID #836780744810844161 for account
@StephenMillerAL
ERROR: unable to get tweets for account @StephenMillerAL
           the system said: Failed to send request:
HTTPSConnectionPool(host='api.twitter.com', port=443): Read timed out. (read
timeout=60)
about to get all tweets newer than ID #898401955847876608 for account
@Linda_McMahon
ERROR: unable to get tweets for account @Linda_McMahon
           the system said: Failed to parse JSON payload: Unterminated string
starting at: line 1 column 508897 (char 508896)
about to get all tweets newer than ID #832282841471918080 for account
@BetsyDeVos
about to get all tweets newer than ID #913881045652688901 for account
@SecPriceMD
about to get all tweets newer than ID #954948632666693632 for account
@DanScavino
about to get all tweets newer than ID #958494772607574017 for account
@EPAScottPruitt
about to get all tweets newer than ID #958471271418859525 for account
@stevenmnuchin1
ERROR: unable to get tweets for account @stevenmnuchin1
           the system said: Failed to parse JSON payload: Unterminated string
starting at: line 1 column 511793 (char 511792)
about to get all tweets newer than ID #958090523364986887 for account
@MickMulvaneyOMB
about to get all tweets newer than ID #816846808789958656 for account
@SenDanCoats
about to get all tweets newer than ID #958439112171753472 for account
@StephGrisham45
about to get all tweets newer than ID #957383382358528001 for account
@TomBossert45
about to get all tweets newer than ID #958493337782226944 for account
@AshLeeStrong
about to get all tweets newer than ID #856041462164836355 for account
@FirstLadyIN
about to get all tweets newer than ID #958489970112679941 for account
@seanspicer
about to get all tweets newer than ID #958487266070093825 for account @SBALinda
getting all tweets before ID #931242343793127423
    ...400 tweets downloaded so far


New tweet from SBALinda: RT @WhiteHouse: The Trump Administration is keeping
its promise to cut unnecessary regulations, saving our Nation billions of
dollars. #SOT…

archiving URL http://twitter.com/SBALinda/status/958496256753577985
    ... archiving using prefix http://web.archive.org/save/
about to get all tweets newer than ID #958499632870514688 for account @VP

archiving URL https://twitter.com/SBALinda/status/958496256753577985
    ... archiving using prefix http://web.archive.org/save/
getting all tweets before ID #948633542069760005
    ...400 tweets downloaded so far


New tweet from VP: Karen and I are on our way to the Capitol for @POTUS’ 1st
#SOTU address. The Trump Administration’s HISTORIC accomp…
https://t.co/ZXxTiSgAbA

archiving URL http://twitter.com/VP/status/958507332488572935
    ... archiving using prefix http://web.archive.org/save/
about to get all tweets newer than ID #958448955058253825 for account
@KellyannePolls

archiving URL https://twitter.com/VP/status/958507332488572935
    ... archiving using prefix http://web.archive.org/save/
... OK, we're set up, and about to watch 822215679726100480, 52544275,
826065858548133888, 823367015830323201, 892173412818354177, 24578794,
827258161841135623, 18906561, 822215673812119553, 733751245, 836305915452272641,
 1180379185, 22203756, 803703725730779136, 818927131883356161, 37666984,
108471631, 6577802, 822127086194348032, 20733972, 798195585824104449,
830128820447539208, 29547260, 828997388920619008, 818876014390603776, 105267762,
 819980276570976256, 828613457020870657, 836724024688410625, 18916432,
842072478834909184, 809836066316451840, 15985455, 25073877, 831482588246196225,
728361177986797568, 65522706, 599530439, 829782369670410240, 620571475,
832672006113931269, 799764016885329921, 888031054141022209, 212262370,
823638938590085124, 866746592853979137, 296060169, 1923451808, 20776147,
819992522109894658, 818910970567344128, 471672239


New tweet from WhiteHouse: More than 2 million new jobs were created during
President Trump’s first year in office. The manufacturing industry…
https://t.co/OyjbfqUiXN

archiving URL http://twitter.com/WhiteHouse/status/958509151562412032
    ... archiving using prefix http://web.archive.org/save/

archiving URL https://twitter.com/WhiteHouse/status/958509151562412032
    ... archiving using prefix http://web.archive.org/save/


New tweet from SpeakerRyan: 6-year-old Jackson Poulos from Wisconsin is a
fighter who beat a very rare form of cancer. He's now received a clea…
https://t.co/dkxiYv0D9R

archiving URL http://twitter.com/SpeakerRyan/status/958509266717069312
    ... archiving using prefix http://web.archive.org/save/

archiving URL https://twitter.com/SpeakerRyan/status/958509266717069312
    ... archiving using prefix http://web.archive.org/save/


New tweet from SpeakerRyan: Kyle Pucek of Janesville, Wisconsin, was 23 years
old when his addiction to opioids began. He's now been sober sinc…
https://t.co/J0NFjm0veo

archiving URL http://twitter.com/SpeakerRyan/status/958509970588405760
    ... archiving using prefix http://web.archive.org/save/

archiving URL https://twitter.com/SpeakerRyan/status/958509970588405760
    ... archiving using prefix http://web.archive.org/save/


New tweet from AshLeeStrong: Wasn't me! https://t.co/RxJol8hPUa

archiving URL http://twitter.com/AshLeeStrong/status/958509986409275392
    ... archiving using prefix http://web.archive.org/save/

archiving URL https://twitter.com/AshLeeStrong/status/958509986409275392
    ... archiving using prefix http://web.archive.org/save/
WARNING: received error HTTPSConnectionPool(host='stream.twitter.com',
port=443): Read timed out.; sleeping and trying again ...
