Hello, traveler. This is the beginning of a log file called: "Fascist Tweet Archiver".
Some basic system info about the host machine: posix.uname_result(sysname='Linux', nodename='file-server', release='3.16.0-6-686-pae', version='#1 SMP Debian 3.16.56-1+deb8u1 (2018-05-08)', machine='i686')
This log was begun Friday, 01 June 2018 at 12:12



INFO: read target account data; we're tracking 59 accounts
WARNING: no ProtocolError (got exception "name 'ProtocolError' is not defined");
 trying requests.packages.urllib3.exceptions instead
NOTE: successfully imported from requests
Starting up...
about to get all tweets newer than ID #973198296897466368 for account
@Linda_McMahon
about to get all tweets newer than ID #1002571048074776576 for account
@Scavino45
ERROR: unable to get tweets for account @Scavino45
           the system said: Failed to parse JSON payload: Unterminated string
starting at: line 1 column 623240 (char 623239)
about to get all tweets newer than ID #954801265732661248 for account
@MELANIATRUMP
about to get all tweets newer than ID #1002244568727748608 for account @PRyan
about to get all tweets newer than ID #1002539852171304960 for account
@realDonaldTrump
getting all tweets before ID #994192995737096191
    ...400 tweets downloaded so far


New tweet from realDonaldTrump: RT @FoxNews: President @realDonaldTrump
participates in the U.S. Coast Guard [@USCG] Change-of-Command Ceremony.
https://t.co/ekWubVkf1h

archiving URL http://twitter.com/realDonaldTrump/status/1002612676634259456
    ... archiving using prefix http://web.archive.org/save/
about to get all tweets newer than ID #1002571679984439296 for account
@nikkihaley

archiving URL https://twitter.com/realDonaldTrump/status/1002612676634259456
    ... archiving using prefix http://web.archive.org/save/
about to get all tweets newer than ID #1002547618814267393 for account
@SecretaryAcosta
ERROR: unable to get tweets for account @SecretaryAcosta
           the system said: Failed to parse JSON payload: Unterminated string
starting at: line 1 column 619397 (char 619396)
about to get all tweets newer than ID #1002558333973393408 for account @VP
about to get all tweets newer than ID #1002307346096377856 for account
@BetsyDeVosED
about to get all tweets newer than ID #999379623552192513 for account
@IvankaTrumpHQ
about to get all tweets newer than ID #1002588771878129664 for account
@SecNielsen
about to get all tweets newer than ID #1002603719039553537 for account @SecAzar
about to get all tweets newer than ID #1002572761271762945 for account
@DepSecHargan
about to get all tweets newer than ID #-1 for account @ElaineChao
about to get all tweets newer than ID #830074939298414592 for account
@RepTomPrice
about to get all tweets newer than ID #1002586797224943621 for account @SBALinda
about to get all tweets newer than ID #1001860001865125889 for account
@SecretaryRoss
about to get all tweets newer than ID #1002532337421357056 for account @PressSec
about to get all tweets newer than ID #836780744810844161 for account
@StephenMillerAL
about to get all tweets newer than ID #999294404425846784 for account
@MickMulvaneyOMB
about to get all tweets newer than ID #1002580628758556672 for account
@Scaramucci
about to get all tweets newer than ID #1002599379386036225 for account
@AshLeeStrong
about to get all tweets newer than ID #856041462164836355 for account
@FirstLadyIN
about to get all tweets newer than ID #1002363850384080896 for account
@StephGrisham45
about to get all tweets newer than ID #1002345736846168065 for account
@SecretarySonny
about to get all tweets newer than ID #816846808789958656 for account
@SenDanCoats
about to get all tweets newer than ID #1001912411933364224 for account @FLOTUS
about to get all tweets newer than ID #1002211008826560514 for account
@SecretaryPerry
about to get all tweets newer than ID #1002363822869446661 for account
@JessicaDitto45
getting all tweets before ID #979493919598829567
    ...390 tweets downloaded so far


New tweet from JessicaDitto45: RT @PressSec: This week @US_FDA is stopping
drug companies from gaming the system to keep their prices high and block
competition. We want…

archiving URL http://twitter.com/JessicaDitto45/status/1002605992641810432
    ... archiving using prefix http://web.archive.org/save/
about to get all tweets newer than ID #903694300306923521 for account
@SecElaineChao
about to get all tweets newer than ID #997484665211670528 for account
@AmbJohnBolton

archiving URL https://twitter.com/JessicaDitto45/status/1002605992641810432
    ... archiving using prefix http://web.archive.org/save/
about to get all tweets newer than ID #1002304389422428160 for account @Comey
about to get all tweets newer than ID #824610180881117184 for account
@GovPenceIN


New tweet from JessicaDitto45: RT @VP: Jobs! Jobs! Jobs! Once again, the
economy is growing jobs under @POTUS Trump. 223,000 new jobs in May and
3,405,000 since Election…

archiving URL http://twitter.com/JessicaDitto45/status/1002606051429179392
    ... archiving using prefix http://web.archive.org/save/

archiving URL https://twitter.com/JessicaDitto45/status/1002606051429179392
    ... archiving using prefix http://web.archive.org/save/
about to get all tweets newer than ID #913881045652688901 for account
@SecPriceMD


New tweet from JessicaDitto45: RT @RajShah45: https://t.co/BvD2WvEGFv

archiving URL http://twitter.com/JessicaDitto45/status/1002606096396275712
    ... archiving using prefix http://web.archive.org/save/

archiving URL https://twitter.com/JessicaDitto45/status/1002606096396275712
    ... archiving using prefix http://web.archive.org/save/
about to get all tweets newer than ID #1002201017147183104 for account
@SecondLady


New tweet from JessicaDitto45: RT @POTUS: Record JOBS DAY!! 223K jobs added.
Unemployment is 3.8%, lowest in 50 yrs. Black and Asian unemployment hit
historic new lows. A…

archiving URL http://twitter.com/JessicaDitto45/status/1002606140256149508
    ... archiving using prefix http://web.archive.org/save/
about to get all tweets newer than ID #1001211869691039744 for account
@RealBenCarson
about to get all tweets newer than ID #1002560328755040256 for account
@SpeakerRyan

archiving URL https://twitter.com/JessicaDitto45/status/1002606140256149508
    ... archiving using prefix http://web.archive.org/save/


New tweet from JessicaDitto45: RT @WhiteHouseCEA: The unemployment rate fell
to 3.8% in May, marking only the 7th month in almost a half century (since 1970)
 when the rat…

archiving URL http://twitter.com/JessicaDitto45/status/1002606671414415360
    ... archiving using prefix http://web.archive.org/save/
about to get all tweets newer than ID #1002602916979593216 for account @POTUS

archiving URL https://twitter.com/JessicaDitto45/status/1002606671414415360
    ... archiving using prefix http://web.archive.org/save/
getting all tweets before ID #997900915016429567
    ...400 tweets downloaded so far


New tweet from POTUS: RT @WhiteHouse: President Trump is working hard to
create a thriving economy for all Americans, and under his leadership, the
unemployment…

archiving URL http://twitter.com/POTUS/status/1002613114188288000
    ... archiving using prefix http://web.archive.org/save/
about to get all tweets newer than ID #1002373375098957824 for account
@stevenmnuchin1

archiving URL https://twitter.com/POTUS/status/1002613114188288000
    ... archiving using prefix http://web.archive.org/save/
about to get all tweets newer than ID #1000481293233262592 for account @Reince
about to get all tweets newer than ID #1002314187643727872 for account
@statedeptspox
about to get all tweets newer than ID #1002551644444389377 for account
@IvankaTrump
about to get all tweets newer than ID #1001107769682989056 for account
@mike_pence
about to get all tweets newer than ID #816290296048873472 for account
@WilburRoss
about to get all tweets newer than ID #1002564214249189376 for account
@SecretaryZinke
getting all tweets before ID #988063700639735808
    ...400 tweets downloaded so far


New tweet from SecretaryZinke: Assistant Deputy Secretary Todd Willens is in
the field with the team at @GrandTetonNPS. After learning about the p…
https://t.co/RHGHp5QVRe

archiving URL http://twitter.com/SecretaryZinke/status/1002604892618444800
    ... archiving using prefix http://web.archive.org/save/
about to get all tweets newer than ID #1002605604844855297 for account
@seanspicer

archiving URL https://twitter.com/SecretaryZinke/status/1002604892618444800
    ... archiving using prefix http://web.archive.org/save/
about to get all tweets newer than ID #1002605040597721089 for account
@EPAScottPruitt


New tweet from SecretaryZinke: RT @ASIIADomenech: Interior Office of Insular
and International Affairs with Oceans Program Celebrates President Donald J.
Trump's Proclama…

archiving URL http://twitter.com/SecretaryZinke/status/1002605765864165377
    ... archiving using prefix http://web.archive.org/save/
about to get all tweets newer than ID #832282841471918080 for account
@BetsyDeVos

archiving URL https://twitter.com/SecretaryZinke/status/1002605765864165377
    ... archiving using prefix http://web.archive.org/save/
about to get all tweets newer than ID #1002541523932794880 for account
@DanScavino


New tweet from SecretaryZinke: @bennyjohnson @TheWorldsFrates I like his style
 https://t.co/vDiGG4cbt5

archiving URL http://twitter.com/SecretaryZinke/status/1002611150973014018
    ... archiving using prefix http://web.archive.org/save/

archiving URL https://twitter.com/SecretaryZinke/status/1002611150973014018
    ... archiving using prefix http://web.archive.org/save/
about to get all tweets newer than ID #1002604610857644033 for account
@WhiteHouse


New tweet from SecretaryZinke: Great to be with the conservationists of
@DucksUnlimited today in #Indianapolis. 🦆 https://t.co/denlzneu5D

archiving URL http://twitter.com/SecretaryZinke/status/1002611884275707904
    ... archiving using prefix http://web.archive.org/save/

archiving URL https://twitter.com/SecretaryZinke/status/1002611884275707904
    ... archiving using prefix http://web.archive.org/save/
getting all tweets before ID #995039843724939263


New tweet from SecretaryZinke: @bennyjohnson @TheWorldsFrates He would neither
 confirm nor deny if we did.

archiving URL http://twitter.com/SecretaryZinke/status/1002613917519106048
    ... archiving using prefix http://web.archive.org/save/

archiving URL https://twitter.com/SecretaryZinke/status/1002613917519106048
    ... archiving using prefix http://web.archive.org/save/
    ...400 tweets downloaded so far


New tweet from WhiteHouse: President Trump is working hard to create a
thriving economy for all Americans, and under his leadership, the unemp…
https://t.co/BxdKrnevRQ

archiving URL http://twitter.com/WhiteHouse/status/1002612998433923078
    ... archiving using prefix http://web.archive.org/save/
about to get all tweets newer than ID #1002595629254742021 for account
@SecretaryCarson

archiving URL https://twitter.com/WhiteHouse/status/1002612998433923078
    ... archiving using prefix http://web.archive.org/save/
about to get all tweets newer than ID #978650205192044545 for account
@SecShulkin
about to get all tweets newer than ID #1002212765182906368 for account
@EnergyDepSec
getting all tweets before ID #942012957399113727
    ...377 tweets downloaded so far


New tweet from EnergyDepSec: Great tour of the @PennState Radiation Science
&amp; Engineering Center yesterday, especially the Breazale Nuclear Reac…
https://t.co/XrVLC7DKqN

archiving URL http://twitter.com/EnergyDepSec/status/1002614670644207619
    ... archiving using prefix http://web.archive.org/save/
about to get all tweets newer than ID #1002591300426829825 for account @Cabinet

archiving URL https://twitter.com/EnergyDepSec/status/1002614670644207619
    ... archiving using prefix http://web.archive.org/save/
about to get all tweets newer than ID #1001647653174706176 for account
@GovernorPerry
about to get all tweets newer than ID #1002272274546905088 for account
@KellyannePolls
about to get all tweets newer than ID #890659905798983680 for account @Reince45
ERROR: unable to get tweets for account @Reince45
           the system said: Not authorized.
about to get all tweets newer than ID #-1 for account @jaredkushner
about to get all tweets newer than ID #994396943421001728 for account
@TomBossert45
... OK, we're set up, and about to watch 65522706, 823367015830323201,
108471631, 733751245, 25073877, 37666984, 819980276570976256,
818910970567344128, 828997388920619008, 798195585824104449, 935148134505828353,
956283913835614208, 920035992073064450, 105267762, 6577802, 819992522109894658,
836305915452272641, 818927131883356161, 728361177986797568, 888031054141022209,
24578794, 296060169, 1923451808, 823638938590085124, 842072478834909184,
212262370, 818876014390603776, 830128820447539208, 836724024688410625,
826065858548133888, 118756393, 2334193741, 15985455, 829782369670410240,
822127086194348032, 1180379185, 18916432, 822215679726100480,
799764016885329921, 20733972, 1967216306, 52544275, 22203756,
809836066316451840, 827258161841135623, 20776147, 832672006113931269, 599530439,
 620571475, 822215673812119553, 828613457020870657, 831482588246196225,
894923298374651904, 818928162449068032, 18906561, 471672239, 803703725730779136,
 29547260, 866746592853979137
INFO: handling a deletion for data:

{'delete': {'status': {'id':
1002571048074776576,
                       'id_str': '1002571048074776576',

                       'user_id': 823367015830323201,
'user_id_str': '823367015830323201'},
            'timestamp_ms':
'1527877365335'}}
INFO: successfully dumped raw data to JSON file
INFO: We're handling a deletion notification for tweet ID# 1002571048074776576
on account Scavino45
INFO: get_archived_tweet() called to get tweet ID 1002571048074776576 for
account Scavino45
INFO: found a tweet!
http://web.archive.org/*/http://twitter.com/Scavino45/status/1002571048074776576
	🚨Happening Now:
@POTUS @realDonaldTrump delivering remarks at the @USCG Change-
of-Command Ceremony. https://t.co/yK0gEfJ7SM
... adding to list of deleted tweets
... added
... but we're not going to tweet about it because Scavino45 is not in the list
of accounts we tweet about


New tweet from SpeakerRyan: The American economy is in great shape. And thanks
 to #TaxReform, states and local communities will start to see th…
https://t.co/4jV3obeJbH

archiving URL http://twitter.com/SpeakerRyan/status/1002616969575780353
    ... archiving using prefix http://web.archive.org/save/

archiving URL https://twitter.com/SpeakerRyan/status/1002616969575780353
    ... archiving using prefix http://web.archive.org/save/


New tweet from SpeakerRyan: North Carolina: 252 of its lowest-income areas
have been designated as #OpportunityZones. This is great news for th…
https://t.co/dQbNRn894t

archiving URL http://twitter.com/SpeakerRyan/status/1002618226826797057
    ... archiving using prefix http://web.archive.org/save/

archiving URL https://twitter.com/SpeakerRyan/status/1002618226826797057
    ... archiving using prefix http://web.archive.org/save/


New tweet from SpeakerRyan: Illinois: 327 #OpportunityZones throughout 85
counties. @GovRauner→ “These zones include some of the most underserv…
https://t.co/afJfsmN46Y

archiving URL http://twitter.com/SpeakerRyan/status/1002619276652679170
    ... archiving using prefix http://web.archive.org/save/

archiving URL https://twitter.com/SpeakerRyan/status/1002619276652679170
    ... archiving using prefix http://web.archive.org/save/


New tweet from WhiteHouse: This is the lowest unemployment rate in more than
18 years, and its benefits are being felt across America.

Read m…
https://t.co/5JqBw0RX49

archiving URL http://twitter.com/WhiteHouse/status/1002620046764539904
    ... archiving using prefix http://web.archive.org/save/

archiving URL https://twitter.com/WhiteHouse/status/1002620046764539904
    ... archiving using prefix http://web.archive.org/save/


New tweet from POTUS: RT @WhiteHouse: This is the lowest unemployment rate in
more than 18 years, and its benefits are being felt across America.

Read more:
htt…

archiving URL http://twitter.com/POTUS/status/1002620133486006273
    ... archiving using prefix http://web.archive.org/save/

archiving URL https://twitter.com/POTUS/status/1002620133486006273
    ... archiving using prefix http://web.archive.org/save/


New tweet from SpeakerRyan: Massachusetts: Gloucester community officials are
hopeful that its designated #OpportunityZones will attract invest…
https://t.co/tUxn7Cl7Pf

archiving URL http://twitter.com/SpeakerRyan/status/1002620589494988801
    ... archiving using prefix http://web.archive.org/save/

archiving URL https://twitter.com/SpeakerRyan/status/1002620589494988801
    ... archiving using prefix http://web.archive.org/save/


New tweet from SpeakerRyan: Michigan: Kalamazoo County contains 5 of the
state’s 288 #OpportunityZones. County leaders believe these zones will…
https://t.co/GOynyCJgYO

archiving URL http://twitter.com/SpeakerRyan/status/1002621519653228544
    ... archiving using prefix http://web.archive.org/save/

archiving URL https://twitter.com/SpeakerRyan/status/1002621519653228544
    ... archiving using prefix http://web.archive.org/save/


New tweet from seanspicer: RT @WhiteHouse: This is the lowest unemployment
rate in more than 18 years, and its benefits are being felt across America.
Read more: htt…

archiving URL http://twitter.com/seanspicer/status/1002621810687561728
    ... archiving using prefix http://web.archive.org/save/

archiving URL https://twitter.com/seanspicer/status/1002621810687561728
    ... archiving using prefix http://web.archive.org/save/


New tweet from seanspicer: RT @FoxBusiness: .@seanspicer on tariffs: "I think
the president is using this as a tactic to get a better deal for our country."
https://t…

archiving URL http://twitter.com/seanspicer/status/1002621873685966848
    ... archiving using prefix http://web.archive.org/save/


New tweet from SecAzar: RT @CDCDirector: Grateful to welcome @SecAzar today to
 talk about CDC’s mission to protect the health, safety, and security of
Americans. h…

archiving URL http://twitter.com/SecAzar/status/1002621877729284096
    ... archiving using prefix http://web.archive.org/save/

archiving URL https://twitter.com/seanspicer/status/1002621873685966848
    ... archiving using prefix http://web.archive.org/save/

archiving URL https://twitter.com/SecAzar/status/1002621877729284096
    ... archiving using prefix http://web.archive.org/save/


New tweet from SpeakerRyan: West Virginia: @WVGovernor says the state’s 55
#OpportunityZones continue "our movement forward and the hope for br…
https://t.co/9zaMIts7ft

archiving URL http://twitter.com/SpeakerRyan/status/1002622726031466496
    ... archiving using prefix http://web.archive.org/save/

archiving URL https://twitter.com/SpeakerRyan/status/1002622726031466496
    ... archiving using prefix http://web.archive.org/save/


New tweet from Cabinet: RT @EPAScottPruitt: One year ago today @POTUS made the
 courageous decision to put America first by announcing the withdrawal from the
Paris…

archiving URL http://twitter.com/Cabinet/status/1002623393009750018
    ... archiving using prefix http://web.archive.org/save/

archiving URL https://twitter.com/Cabinet/status/1002623393009750018
    ... archiving using prefix http://web.archive.org/save/


New tweet from SpeakerRyan: Iowa: Officials are seeing a “waiting list” of
potential investors for the state’s 62 #OpportunityZones, springing…
https://t.co/xi049zWQYk

archiving URL http://twitter.com/SpeakerRyan/status/1002623686803943424
    ... archiving using prefix http://web.archive.org/save/

archiving URL https://twitter.com/SpeakerRyan/status/1002623686803943424
    ... archiving using prefix http://web.archive.org/save/
WARNING: received error HTTPSConnectionPool(host='stream.twitter.com',
port=443): Read timed out.; sleeping and trying again ...


New tweet from Scavino45: RT @FoxNews: BREAKING NEWS: "We'll be meeting on
June 12th in Singapore," President @realDonaldTrump says of his meeting with Kim
 Jong Un.…

archiving URL http://twitter.com/Scavino45/status/1002625315770953729
    ... archiving using prefix http://web.archive.org/save/

archiving URL https://twitter.com/Scavino45/status/1002625315770953729
    ... archiving using prefix http://web.archive.org/save/


New tweet from WhiteHouse: The U.S. economy continues its streak of
consecutive positive monthly job numbers, with employment growth averaging…
https://t.co/oDRCV5LYMJ

archiving URL http://twitter.com/WhiteHouse/status/1002625581043855360
    ... archiving using prefix http://web.archive.org/save/

archiving URL https://twitter.com/WhiteHouse/status/1002625581043855360
    ... archiving using prefix http://web.archive.org/save/


New tweet from VP: Honored to join @POTUS this morning at the @USCG Change of
Command ceremony. Congratulations to Admiral Paul Zukunf…
https://t.co/M3l8I2vT8c

archiving URL http://twitter.com/VP/status/1002627439892271106
    ... archiving using prefix http://web.archive.org/save/

archiving URL https://twitter.com/VP/status/1002627439892271106
    ... archiving using prefix http://web.archive.org/save/


New tweet from POTUS: RT @VP: Honored to join @POTUS this morning at the @USCG
 Change of Command ceremony. Congratulations to Admiral Paul Zukunft, and
welcome t…

archiving URL http://twitter.com/POTUS/status/1002627596990013440
    ... archiving using prefix http://web.archive.org/save/

archiving URL https://twitter.com/POTUS/status/1002627596990013440
    ... archiving using prefix http://web.archive.org/save/


New tweet from VP: Admiral Paul Zukunft has done an outstanding job as
Commandant of the @USCG. Best wishes to him and his wife, Fran,…
https://t.co/uRbzJ8tqru

archiving URL http://twitter.com/VP/status/1002628407807619073
    ... archiving using prefix http://web.archive.org/save/

archiving URL https://twitter.com/VP/status/1002628407807619073
    ... archiving using prefix http://web.archive.org/save/


New tweet from VP: Congratulations to Vice Admiral Karl Schultz on assuming
command of the @USCG! @POTUS Trump and I have high confide…
https://t.co/XAExdmbunX

archiving URL http://twitter.com/VP/status/1002628738146865154
    ... archiving using prefix http://web.archive.org/save/

archiving URL https://twitter.com/VP/status/1002628738146865154
    ... archiving using prefix http://web.archive.org/save/


New tweet from Scavino45: “Trump says summit back on with North Korea for June
 12” https://t.co/1APptG3wjC

archiving URL http://twitter.com/Scavino45/status/1002628873719373824
    ... archiving using prefix http://web.archive.org/save/


New tweet from POTUS: RT @VP: Admiral Paul Zukunft has done an outstanding job
 as Commandant of the @USCG. Best wishes to him and his wife, Fran, in
retirement!…

archiving URL http://twitter.com/POTUS/status/1002628928501149696
    ... archiving using prefix http://web.archive.org/save/


New tweet from POTUS: RT @VP: Congratulations to Vice Admiral Karl Schultz on
assuming command of the @USCG! @POTUS Trump and I have high confidence in your
abil…

archiving URL http://twitter.com/POTUS/status/1002628938747793408
    ... archiving using prefix http://web.archive.org/save/

archiving URL https://twitter.com/Scavino45/status/1002628873719373824
    ... archiving using prefix http://web.archive.org/save/

archiving URL https://twitter.com/POTUS/status/1002628938747793408
    ... archiving using prefix http://web.archive.org/save/

archiving URL https://twitter.com/POTUS/status/1002628928501149696
    ... archiving using prefix http://web.archive.org/save/


New tweet from SecretaryZinke: While I’m at @DucksUnlimited my assistant
Elinor is bringing water to the nesting mama duck that lives near Interio…
https://t.co/yX2UqxBtyP

archiving URL http://twitter.com/SecretaryZinke/status/1002632267498446848
    ... archiving using prefix http://web.archive.org/save/

archiving URL https://twitter.com/SecretaryZinke/status/1002632267498446848
    ... archiving using prefix http://web.archive.org/save/


New tweet from WhiteHouse: .@realdonaldtrump: "We're meeting with the Chairman
 on June 12th..." https://t.co/b0sEBbTkPf

archiving URL http://twitter.com/WhiteHouse/status/1002633696086593536
    ... archiving using prefix http://web.archive.org/save/

archiving URL https://twitter.com/WhiteHouse/status/1002633696086593536
    ... archiving using prefix http://web.archive.org/save/


New tweet from SecretaryZinke: RT @DucksUnlimited: Thanks to @SecretaryZinke
for joining us at the 2018 @DucksUnlimited National Convention in #Indy today.
We appreciate…

archiving URL http://twitter.com/SecretaryZinke/status/1002639152024875008
    ... archiving using prefix http://web.archive.org/save/

archiving URL https://twitter.com/SecretaryZinke/status/1002639152024875008
    ... archiving using prefix http://web.archive.org/save/
WARNING: received error ('Connection broken: IncompleteRead(0 bytes read, 512
more expected)', IncompleteRead(0 bytes read, 512 more expected)); sleeping and
trying again ...


New tweet from EPAScottPruitt: Thanks for the kind words, Senator. Glad to be
with so many Mississippians today. https://t.co/09W2GoEbvS

archiving URL http://twitter.com/EPAScottPruitt/status/1002651132848689154
    ... archiving using prefix http://web.archive.org/save/

archiving URL https://twitter.com/EPAScottPruitt/status/1002651132848689154
    ... archiving using prefix http://web.archive.org/save/


New tweet from seanspicer: .@theMRC president @BrentBozellslams TV academy
for banning press and honoring @iamsambee https://t.co/v4t4MjfGYC

archiving URL http://twitter.com/seanspicer/status/1002653174543605762
    ... archiving using prefix http://web.archive.org/save/

archiving URL https://twitter.com/seanspicer/status/1002653174543605762
    ... archiving using prefix http://web.archive.org/save/
WARNING: received error ('Connection broken: IncompleteRead(0 bytes read, 512
more expected)', IncompleteRead(0 bytes read, 512 more expected)); sleeping and
trying again ...
WARNING: received error ('Connection broken: IncompleteRead(0 bytes read, 512
more expected)', IncompleteRead(0 bytes read, 512 more expected)); sleeping and
trying again ...
