Hello, traveler. This is the beginning of a log file called: "Fascist Tweet Archiver".
Some basic system info about the host machine: posix.uname_result(sysname='Linux', nodename='file-server', release='3.16.0-5-686-pae', version='#1 SMP Debian 3.16.51-3+deb8u1 (2018-01-08)', machine='i686')
This log was begun Sunday, 01 April 2018 at 14:22



INFO: read target account data; we're tracking 52 accounts
WARNING: no ProtocolError (got exception "name 'ProtocolError' is not defined");
 trying requests.packages.urllib3.exceptions instead
NOTE: successfully imported from requests
Starting up...
about to get all tweets newer than ID #978793669963800577 for account
@DanScavino
about to get all tweets newer than ID #980500726202892288 for account
@StephGrisham45
ERROR: unable to get tweets for account @StephGrisham45
           the system said: Failed to send request: ('Connection aborted.',
BadStatusLine("''",))
about to get all tweets newer than ID #978650205192044545 for account
@SecShulkin
about to get all tweets newer than ID #980440712402604033 for account @PressSec
about to get all tweets newer than ID #980403646931329024 for account @VP
ERROR: unable to get tweets for account @VP
           the system said: Failed to parse JSON payload: Unterminated string
starting at: line 1 column 604366 (char 604365)
about to get all tweets newer than ID #979757293670666240 for account @SBALinda
about to get all tweets newer than ID #-1 for account @jaredkushner
about to get all tweets newer than ID #973198296897466368 for account
@Linda_McMahon
about to get all tweets newer than ID #980451798606602241 for account
@realDonaldTrump
about to get all tweets newer than ID #890659905798983680 for account @Reince45
ERROR: unable to get tweets for account @Reince45
           the system said: Not authorized.
about to get all tweets newer than ID #954801265732661248 for account
@MELANIATRUMP
ERROR: unable to get tweets for account @MELANIATRUMP
           the system said: Failed to send request:
HTTPSConnectionPool(host='api.twitter.com', port=443): Read timed out.
about to get all tweets newer than ID #980429816183869440 for account
@SecretaryAcosta
ERROR: unable to get tweets for account @SecretaryAcosta
           the system said: Failed to parse JSON payload: Unterminated string
starting at: line 1 column 606863 (char 606862)
about to get all tweets newer than ID #824610180881117184 for account
@GovPenceIN
ERROR: unable to get tweets for account @GovPenceIN
           the system said: Failed to parse JSON payload: Unterminated string
starting at: line 1 column 607297 (char 607296)
about to get all tweets newer than ID #979026720723435522 for account
@mike_pence
about to get all tweets newer than ID #836780744810844161 for account
@StephenMillerAL
about to get all tweets newer than ID #979871922375737344 for account
@IvankaTrump
about to get all tweets newer than ID #980414057583955968 for account
@KellyannePolls
about to get all tweets newer than ID #980457808469602304 for account
@SecondLady
about to get all tweets newer than ID #979817230224515074 for account @Scavino45
about to get all tweets newer than ID #979441414416281600 for account
@BetsyDeVosED
about to get all tweets newer than ID #913881045652688901 for account
@SecPriceMD
about to get all tweets newer than ID #980532261274771456 for account
@WhiteHouse
about to get all tweets newer than ID #856041462164836355 for account
@FirstLadyIN
about to get all tweets newer than ID #980452005771661313 for account
@SecretaryPerry
ERROR: unable to get tweets for account @SecretaryPerry
           the system said: Failed to parse JSON payload: Expecting value: line
1 column 503067 (char 503066)
about to get all tweets newer than ID #980426301705142272 for account @PRyan
ERROR: unable to get tweets for account @PRyan
           the system said: Failed to parse JSON payload: Unterminated string
starting at: line 1 column 503081 (char 503080)
about to get all tweets newer than ID #980515101122924544 for account
@Scaramucci
ERROR: unable to get tweets for account @Scaramucci
           the system said: Failed to send request: EOF occurred in violation of
 protocol (_ssl.c:600)
about to get all tweets newer than ID #980413686576803842 for account
@TomBossert45
ERROR: unable to get tweets for account @TomBossert45
           the system said: Failed to send request: EOF occurred in violation of
 protocol (_ssl.c:600)
about to get all tweets newer than ID #816846808789958656 for account
@SenDanCoats
about to get all tweets newer than ID #979824475339444234 for account
@SecretaryCarson
ERROR: unable to get tweets for account @SecretaryCarson
           the system said: Failed to parse JSON payload: Expecting ','
delimiter: line 1 column 502572 (char 502571)
about to get all tweets newer than ID #980473974294564866 for account
@seanspicer
ERROR: unable to get tweets for account @seanspicer
           the system said: Failed to send request: EOF occurred in violation of
 protocol (_ssl.c:600)
about to get all tweets newer than ID #903694300306923521 for account
@SecElaineChao
about to get all tweets newer than ID #830074939298414592 for account
@RepTomPrice
about to get all tweets newer than ID #976874036616626178 for account
@stevenmnuchin1
about to get all tweets newer than ID #980423218698665984 for account
@SpeakerRyan
getting all tweets before ID #968508099660169215
ERROR: unable to get tweets for account @SpeakerRyan
           the system said: Failed to parse JSON payload: Unterminated string
starting at: line 1 column 505492 (char 505491)
about to get all tweets newer than ID #-1 for account @ElaineChao
about to get all tweets newer than ID #980460547392049153 for account
@SecretaryZinke
about to get all tweets newer than ID #980446585560621056 for account @Reince
ERROR: unable to get tweets for account @Reince
           the system said: Failed to send request:
HTTPSConnectionPool(host='api.twitter.com', port=443): Max retries exceeded with
 url: /1.1/statuses/user_timeline.json?count=200&screen_name=Reince (Caused by N
ewConnectionError('<requests.packages.urllib3.connection.VerifiedHTTPSConnection
 object at 0xb63b7d0c>: Failed to establish a new connection: [Errno -2] Name or
 service not known',))
about to get all tweets newer than ID #980451148669833217 for account
@RealBenCarson
ERROR: unable to get tweets for account @RealBenCarson
           the system said: Failed to parse JSON payload: Unterminated string
starting at: line 1 column 605896 (char 605895)
about to get all tweets newer than ID #963927915284062209 for account
@SecretaryRoss
about to get all tweets newer than ID #980438053503291397 for account @POTUS
about to get all tweets newer than ID #816290296048873472 for account
@WilburRoss
about to get all tweets newer than ID #898632795517403136 for account
@GeneralJFKellly
ERROR: unable to get tweets for account @GeneralJFKellly
           the system said: Not authorized.
about to get all tweets newer than ID #979056009904885762 for account
@IvankaTrumpHQ
ERROR: unable to get tweets for account @IvankaTrumpHQ
           the system said: Failed to parse JSON payload: Unterminated string
starting at: line 1 column 504042 (char 504041)
about to get all tweets newer than ID #980441629554282496 for account
@JessicaDitto45
ERROR: unable to get tweets for account @JessicaDitto45
           the system said: Failed to parse JSON payload: Unterminated string
starting at: line 1 column 1041741 (char 1041740)
about to get all tweets newer than ID #979776589016662016 for account
@GovernorPerry
ERROR: unable to get tweets for account @GovernorPerry
           the system said: Failed to parse JSON payload: Unterminated string
starting at: line 1 column 507290 (char 507289)
about to get all tweets newer than ID #980537655585886208 for account
@nikkihaley
about to get all tweets newer than ID #980438292502949888 for account
@AshLeeStrong
about to get all tweets newer than ID #980493476751134721 for account @FLOTUS
about to get all tweets newer than ID #832282841471918080 for account
@BetsyDeVos
about to get all tweets newer than ID #980440795269476353 for account
@EPAScottPruitt
about to get all tweets newer than ID #974331628364423171 for account
@MickMulvaneyOMB
about to get all tweets newer than ID #979804532539568128 for account
@SecretarySonny
... OK, we're set up, and about to watch 620571475, 823638938590085124,
831482588246196225, 818927131883356161, 818910970567344128, 819992522109894658,
29547260, 65522706, 25073877, 803703725730779136, 108471631, 819980276570976256,
 15985455, 22203756, 728361177986797568, 52544275, 471672239,
822127086194348032, 823367015830323201, 828997388920619008, 829782369670410240,
822215673812119553, 1923451808, 830128820447539208, 733751245, 24578794,
866746592853979137, 212262370, 828613457020870657, 20776147, 826065858548133888,
 6577802, 799764016885329921, 18916432, 105267762, 827258161841135623, 20733972,
 1180379185, 836305915452272641, 822215679726100480, 809836066316451840,
892173412818354177, 798195585824104449, 836724024688410625, 18906561, 37666984,
296060169, 818876014390603776, 599530439, 832672006113931269,
888031054141022209, 842072478834909184
