Hello, traveler. This is the beginning of a log file called: "Fascist Tweet Archiver".
Some basic system info about the host machine: posix.uname_result(sysname='Linux', nodename='file-server', release='3.16.0-4-686-pae', version='#1 SMP Debian 3.16.51-3 (2017-12-13)', machine='i686')
This log was begun Tuesday, 02 January 2018 at 13:41



INFO: read target account data; we're tracking 52 accounts
WARNING: no ProtocolError (got exception "name 'ProtocolError' is not defined");
 trying requests.packages.urllib3.exceptions instead
NOTE: successfully imported from requests
Starting up...
about to get all tweets newer than ID #898401955847876608 for account
@Linda_McMahon
about to get all tweets newer than ID #-1 for account @ElaineChao
about to get all tweets newer than ID #-1 for account @jaredkushner
about to get all tweets newer than ID #947883338055987201 for account
@BetsyDeVosED
about to get all tweets newer than ID #946156999041052672 for account
@TomBossert45
about to get all tweets newer than ID #947908805618257920 for account @FLOTUS
about to get all tweets newer than ID #948255367393349634 for account
@realDonaldTrump
about to get all tweets newer than ID #948061791959027712 for account @PressSec
ERROR: unable to get tweets for account @PressSec
           the system said: Failed to parse JSON payload: Unterminated string
starting at: line 1 column 851618 (char 851617)
about to get all tweets newer than ID #948170753047920641 for account @POTUS
ERROR: unable to get tweets for account @POTUS
           the system said: Failed to parse JSON payload: Unterminated string
starting at: line 1 column 682655 (char 682654)
about to get all tweets newer than ID #898632795517403136 for account
@GeneralJFKellly
ERROR: unable to get tweets for account @GeneralJFKellly
           the system said: Not authorized.
about to get all tweets newer than ID #946809083050512384 for account
@SecShulkin
ERROR: unable to get tweets for account @SecShulkin
           the system said: Failed to parse JSON payload: Unterminated string
starting at: line 1 column 504583 (char 504582)
about to get all tweets newer than ID #948013271747121153 for account
@DanScavino
ERROR: unable to get tweets for account @DanScavino
           the system said: Failed to parse JSON payload: Unterminated string
starting at: line 1 column 678272 (char 678271)
about to get all tweets newer than ID #947851229719355392 for account
@GovernorPerry
about to get all tweets newer than ID #948239438336921600 for account @VP
getting all tweets before ID #935677497617911807
    ...400 tweets downloaded so far


New tweet from VP: Thank you @senorrinhatch for your decades of service in the
 United States Senate and for fighting every day for the…
https://t.co/XGfzOlKRDQ

archiving URL http://twitter.com/VP/status/948293399748251649
    ... archiving using prefix http://web.archive.org/save/
about to get all tweets newer than ID #947665157488041984 for account
@SecondLady

archiving URL https://twitter.com/VP/status/948293399748251649
    ... archiving using prefix http://web.archive.org/save/
about to get all tweets newer than ID #836780744810844161 for account
@StephenMillerAL
about to get all tweets newer than ID #943908455793823744 for account @Reince
about to get all tweets newer than ID #948288792607252480 for account
@WhiteHouse
about to get all tweets newer than ID #947956616665673729 for account
@nikkihaley
about to get all tweets newer than ID #947960369066250241 for account
@AshLeeStrong
about to get all tweets newer than ID #948244528640724993 for account
@EPAScottPruitt
getting all tweets before ID #871123632814256127
    ...354 tweets downloaded so far


New tweet from EPAScottPruitt: RT @EPA: Delisting #Superfund sites happens
when all cleanup work is done and no further action is needed to protect human
health &amp; environ…

archiving URL http://twitter.com/EPAScottPruitt/status/948261932477374464
    ... archiving using prefix http://web.archive.org/save/
about to get all tweets newer than ID #948201736338067456 for account
@KellyannePolls

archiving URL https://twitter.com/EPAScottPruitt/status/948261932477374464
    ... archiving using prefix http://web.archive.org/save/
about to get all tweets newer than ID #948246648957947910 for account
@Scaramucci
ERROR: unable to get tweets for account @Scaramucci
           the system said: Failed to send request:
HTTPSConnectionPool(host='api.twitter.com', port=443): Max retries exceeded with
 url: /1.1/statuses/user_timeline.json?count=200&screen_name=Scaramucci (Caused
by NewConnectionError('<requests.packages.urllib3.connection.VerifiedHTTPSConnec
tion object at 0xb635692c>: Failed to establish a new connection: [Errno -2]
Name or service not known',))
about to get all tweets newer than ID #816846808789958656 for account
@SenDanCoats
ERROR: unable to get tweets for account @SenDanCoats
           the system said: Failed to parse JSON payload: Unterminated string
starting at: line 1 column 510225 (char 510224)
about to get all tweets newer than ID #890659905798983680 for account @Reince45
about to get all tweets newer than ID #930982584649175047 for account
@mike_pence
about to get all tweets newer than ID #948267398292848641 for account @PRyan
about to get all tweets newer than ID #824610180881117184 for account
@GovPenceIN
about to get all tweets newer than ID #943545231244439555 for account
@SecretaryCarson
about to get all tweets newer than ID #947914251523457024 for account
@StephGrisham45
ERROR: unable to get tweets for account @StephGrisham45
           the system said: Failed to parse JSON payload: Unterminated string
starting at: line 1 column 686419 (char 686418)
about to get all tweets newer than ID #948227373983584256 for account
@IvankaTrump
about to get all tweets newer than ID #946627730136743936 for account
@stevenmnuchin1
about to get all tweets newer than ID #941074527592812545 for account
@SecretaryRoss
about to get all tweets newer than ID #947694647635259392 for account
@SecretarySonny
about to get all tweets newer than ID #816290296048873472 for account
@WilburRoss
about to get all tweets newer than ID #913881045652688901 for account
@SecPriceMD
ERROR: unable to get tweets for account @SecPriceMD
           the system said: Failed to parse JSON payload: Expecting value: line
1 column 687005 (char 687004)
about to get all tweets newer than ID #903694300306923521 for account
@SecElaineChao
about to get all tweets newer than ID #832282841471918080 for account
@BetsyDeVos
ERROR: unable to get tweets for account @BetsyDeVos
           the system said: Failed to send request: ('Connection aborted.',
BadStatusLine("''",))
about to get all tweets newer than ID #947627191080247296 for account
@SecretaryAcosta
about to get all tweets newer than ID #943545273489510400 for account
@MickMulvaneyOMB
about to get all tweets newer than ID #856041462164836355 for account
@FirstLadyIN
about to get all tweets newer than ID #946387776328617984 for account
@IvankaTrumpHQ
about to get all tweets newer than ID #948261133349244929 for account @Scavino45
about to get all tweets newer than ID #947847732923904000 for account
@JessicaDitto45
about to get all tweets newer than ID #795981284761894912 for account
@MELANIATRUMP
about to get all tweets newer than ID #947624310629457922 for account
@SecretaryPerry
about to get all tweets newer than ID #947969993898999813 for account @SBALinda
about to get all tweets newer than ID #830074939298414592 for account
@RepTomPrice
about to get all tweets newer than ID #948234573963513856 for account
@SecretaryZinke
getting all tweets before ID #928744293849845759
    ...400 tweets downloaded so far


New tweet from SecretaryZinke: Utah and the entire Senate is losing an
incredible fighter in @OrrinHatch. I came to know Orrin well last year and…
https://t.co/bv7YrKN317

archiving URL http://twitter.com/SecretaryZinke/status/948279336666320896
    ... archiving using prefix http://web.archive.org/save/
about to get all tweets newer than ID #947832708230713344 for account
@SpeakerRyan

archiving URL https://twitter.com/SecretaryZinke/status/948279336666320896
    ... archiving using prefix http://web.archive.org/save/
getting all tweets before ID #938780483361693695
    ...400 tweets downloaded so far
about to get all tweets newer than ID #948225155981070337 for account
@seanspicer


New tweet from SpeakerRyan: I count myself so fortunate to work with
@senorrinhatch. His hopeful spirit and sense of purpose always stand out.…
https://t.co/MHGwAckF2T

archiving URL http://twitter.com/SpeakerRyan/status/948292834465116165
    ... archiving using prefix http://web.archive.org/save/

archiving URL https://twitter.com/SpeakerRyan/status/948292834465116165
    ... archiving using prefix http://web.archive.org/save/
getting all tweets before ID #926214851143364608
    ...400 tweets downloaded so far


New tweet from seanspicer: RT @michaelcshort: I'll take 'today in alternate
realities' for 200, Alex. https://t.co/NxigoXzTBG

archiving URL http://twitter.com/seanspicer/status/948279231473217541
    ... archiving using prefix http://web.archive.org/save/
about to get all tweets newer than ID #867385249340297217 for account
@RealBenCarson

archiving URL https://twitter.com/seanspicer/status/948279231473217541
    ... archiving using prefix http://web.archive.org/save/
ERROR: unable to get tweets for account @RealBenCarson
           the system said: Failed to parse JSON payload: Unterminated string
starting at: line 1 column 504709 (char 504708)
... OK, we're set up, and about to watch 65522706, 105267762, 29547260,
828997388920619008, 866746592853979137, 818876014390603776, 25073877,
818927131883356161, 822215679726100480, 892173412818354177, 831482588246196225,
620571475, 18906561, 818910970567344128, 822127086194348032, 728361177986797568,
 20733972, 822215673812119553, 37666984, 296060169, 832672006113931269,
471672239, 24578794, 212262370, 803703725730779136, 22203756, 733751245,
15985455, 828613457020870657, 823638938590085124, 52544275, 799764016885329921,
836305915452272641, 842072478834909184, 809836066316451840, 829782369670410240,
826065858548133888, 599530439, 819980276570976256, 888031054141022209,
1923451808, 798195585824104449, 823367015830323201, 836724024688410625,
108471631, 830128820447539208, 819992522109894658, 6577802, 827258161841135623,
18916432, 20776147, 1180379185
WARNING: received error ('Connection broken: IncompleteRead(0 bytes read, 976
more expected)', IncompleteRead(0 bytes read, 976 more expected)); sleeping and
trying again ...
WARNING: received error ('Connection broken: IncompleteRead(0 bytes read, 512
more expected)', IncompleteRead(0 bytes read, 512 more expected)); sleeping and
trying again ...
