Hello, traveler. This is the beginning of a log file called: "Fascist Tweet Archiver".
Some basic system info about the host machine: posix.uname_result(sysname='Linux', nodename='file-server', release='3.16.0-6-686-pae', version='#1 SMP Debian 3.16.56-1+deb8u1 (2018-05-08)', machine='i686')
This log was begun Tuesday, 03 July 2018 at 15:21



INFO: read target account data; we're tracking 59 accounts
WARNING: no ProtocolError (got exception "name 'ProtocolError' is not defined");
 trying requests.packages.urllib3.exceptions instead
NOTE: successfully imported from requests
Starting up...
about to get all tweets newer than ID #903694300306923521 for account
@SecElaineChao
about to get all tweets newer than ID #816290296048873472 for account
@WilburRoss
about to get all tweets newer than ID #1008040710283628544 for account @Comey
about to get all tweets newer than ID #1011794086448238593 for account
@mike_pence
about to get all tweets newer than ID #1003795765028884485 for account
@Linda_McMahon
about to get all tweets newer than ID #1012506179350777856 for account @PressSec
about to get all tweets newer than ID #836780744810844161 for account
@StephenMillerAL
about to get all tweets newer than ID #1013791653931421696 for account @PRyan
about to get all tweets newer than ID #978650205192044545 for account
@SecShulkin
about to get all tweets newer than ID #1014196203108659201 for account
@SpeakerRyan
about to get all tweets newer than ID #1014237829994549248 for account
@IvankaTrump
about to get all tweets newer than ID #1008005270235205632 for account
@RealBenCarson
about to get all tweets newer than ID #-1 for account @jaredkushner
about to get all tweets newer than ID #1013867251349512192 for account
@seanspicer
about to get all tweets newer than ID #994396943421001728 for account
@TomBossert45
about to get all tweets newer than ID #1014238835025334272 for account
@nikkihaley
about to get all tweets newer than ID #1014195074085859328 for account @Cabinet
about to get all tweets newer than ID #856041462164836355 for account
@FirstLadyIN
about to get all tweets newer than ID #1014224978210967552 for account
@Scaramucci
about to get all tweets newer than ID #1013981080129560576 for account
@KellyannePolls
about to get all tweets newer than ID #1014231420770844672 for account
@StephGrisham45
about to get all tweets newer than ID #1013883300677603328 for account
@BetsyDeVosED
about to get all tweets newer than ID #1013093469848469505 for account
@EnergyDepSec
about to get all tweets newer than ID #1013916809576230918 for account
@SecretaryCarson
about to get all tweets newer than ID #1014127462081540097 for account @SBALinda
about to get all tweets newer than ID #1012454805804146690 for account
@GovernorPerry
about to get all tweets newer than ID #1012464763689766913 for account @Reince
about to get all tweets newer than ID #1014225751632175104 for account @POTUS
about to get all tweets newer than ID #816846808789958656 for account
@SenDanCoats
about to get all tweets newer than ID #1014218286035136513 for account
@SecretarySonny
about to get all tweets newer than ID #954801265732661248 for account
@MELANIATRUMP
about to get all tweets newer than ID #1014246053552549888 for account
@SecretaryZinke
about to get all tweets newer than ID #1014093343071010821 for account
@JessicaDitto45
about to get all tweets newer than ID #824610180881117184 for account
@GovPenceIN
about to get all tweets newer than ID #890659905798983680 for account @Reince45
ERROR: unable to get tweets for account @Reince45
           the system said: Not authorized.
about to get all tweets newer than ID #1013902318251794438 for account
@Scavino45
about to get all tweets newer than ID #1012793166632800256 for account
@SecondLady
about to get all tweets newer than ID #1014181991984582657 for account
@IvankaTrumpHQ
about to get all tweets newer than ID #1013949594420555776 for account
@SecretaryAcosta
about to get all tweets newer than ID #1012690898516430849 for account
@stevenmnuchin1
about to get all tweets newer than ID #1014257237945176071 for account
@realDonaldTrump
getting all tweets before ID #1008510118395293698
    ...400 tweets downloaded so far


New tweet from realDonaldTrump: Heading to West Virginia to be with my friend,
 @WVGovernor Jim Justice, at his beautiful Greenbrier Resort. He work…
https://t.co/xK3QjBoC4Z
about to get all tweets newer than ID #1012762946051690496 for account
@MickMulvaneyOMB

archiving URL http://twitter.com/realDonaldTrump/status/1014258987422928896
    ... archiving using prefix http://web.archive.org/save/

archiving URL https://twitter.com/realDonaldTrump/status/1014258987422928896
    ... archiving using prefix http://web.archive.org/save/
about to get all tweets newer than ID #1012761348885893123 for account
@AshLeeStrong
about to get all tweets newer than ID #1014225626759335936 for account @FLOTUS
about to get all tweets newer than ID #1013145209331429379 for account
@DepSecHargan
about to get all tweets newer than ID #832282841471918080 for account
@BetsyDeVos
about to get all tweets newer than ID #1012895688819183616 for account
@DanScavino
about to get all tweets newer than ID #1006582155357642753 for account
@AmbJohnBolton
about to get all tweets newer than ID #1012722969502781440 for account
@SecretaryRoss
about to get all tweets newer than ID #1014225814982922240 for account
@WhiteHouse
about to get all tweets newer than ID #-1 for account @ElaineChao
about to get all tweets newer than ID #1014253899866353665 for account @SecAzar
about to get all tweets newer than ID #1013791609857732609 for account
@SecNielsen
about to get all tweets newer than ID #1014201655548698624 for account @VP
about to get all tweets newer than ID #1014198264151887872 for account
@statedeptspox
about to get all tweets newer than ID #1014250926058692609 for account
@SecretaryPerry
about to get all tweets newer than ID #1014174433693589504 for account
@EPAScottPruitt
about to get all tweets newer than ID #913881045652688901 for account
@SecPriceMD
about to get all tweets newer than ID #830074939298414592 for account
@RepTomPrice
... OK, we're set up, and about to watch 826065858548133888, 809836066316451840,
 2334193741, 22203756, 65522706, 818927131883356161, 728361177986797568,
733751245, 831482588246196225, 18916432, 52544275, 1180379185, 29547260,
20776147, 866746592853979137, 37666984, 818928162449068032, 1923451808,
24578794, 471672239, 823638938590085124, 828997388920619008, 894923298374651904,
 828613457020870657, 819992522109894658, 18906561, 20733972, 822215679726100480,
 212262370, 842072478834909184, 108471631, 827258161841135623,
836724024688410625, 15985455, 803703725730779136, 823367015830323201,
822127086194348032, 798195585824104449, 819980276570976256, 799764016885329921,
25073877, 888031054141022209, 296060169, 818876014390603776, 920035992073064450,
 599530439, 620571475, 118756393, 836305915452272641, 822215673812119553,
105267762, 956283913835614208, 935148134505828353, 818910970567344128,
1967216306, 830128820447539208, 832672006113931269, 829782369670410240, 6577802
WARNING: received error ('Connection broken: IncompleteRead(0 bytes read, 1041
more expected)', IncompleteRead(0 bytes read, 1041 more expected)); sleeping and
 trying again ...
INFO: handling a deletion for data:

{'delete': {'status': {'id':
1014256591330250752,
                       'id_str': '1014256591330250752',

                       'user_id': 25073877,
'user_id_str': '25073877'},
            'timestamp_ms': '1530653676114'}}
INFO: successfully dumped raw data to JSON file
INFO: We're handling a deletion notification for tweet ID# 1014256591330250752
on account realDonaldTrump
INFO: get_archived_tweet() called to get tweet ID 1014256591330250752 for
account realDonaldTrump
INFO: found a tweet!		http://web.archive.org/*/http://twitter.com/realDonaldTrum
p/status/1014256591330250752	The Washington Post is constantly quoting
“anonymous sources” that do not exist. Rarely do they use the name of any…
https://t.co/bdCplutUcK
... adding to list of deleted tweets
... added
 ... and we're going to tweet about it
WARNING: received error ('Connection broken: IncompleteRead(0 bytes read, 512
more expected)', IncompleteRead(0 bytes read, 512 more expected)); sleeping and
trying again ...


New tweet from realDonaldTrump: RT @FLOTUS: I had a wonderful visit to
@WRBethesda today.  Thank you to the many dedicated service members &amp;
medical staff who take such go…

archiving URL http://twitter.com/realDonaldTrump/status/1014261407859249152
    ... archiving using prefix http://web.archive.org/save/

archiving URL https://twitter.com/realDonaldTrump/status/1014261407859249152
    ... archiving using prefix http://web.archive.org/save/
WARNING: received error ('Connection broken: IncompleteRead(0 bytes read, 512
more expected)', IncompleteRead(0 bytes read, 512 more expected)); sleeping and
trying again ...
WARNING: received error ('Connection broken: IncompleteRead(0 bytes read, 512
more expected)', IncompleteRead(0 bytes read, 512 more expected)); sleeping and
trying again ...
WARNING: received error ('Connection broken: IncompleteRead(0 bytes read, 512
more expected)', IncompleteRead(0 bytes read, 512 more expected)); sleeping and
trying again ...


New tweet from JessicaDitto45: RT @FLOTUS: I had a wonderful visit to
@WRBethesda today.  Thank you to the many dedicated service members &amp;
medical staff who take such go…

archiving URL http://twitter.com/JessicaDitto45/status/1014264997332115461
    ... archiving using prefix http://web.archive.org/save/

archiving URL https://twitter.com/JessicaDitto45/status/1014264997332115461
    ... archiving using prefix http://web.archive.org/save/
WARNING: received error ('Connection broken: IncompleteRead(0 bytes read, 512
more expected)', IncompleteRead(0 bytes read, 512 more expected)); sleeping and
trying again ...


New tweet from JessicaDitto45: RT @WhiteHouse: High optimism, low
unemployment, millions of new jobs: The Tax Cuts and Jobs Act is fulfilling
President Trump’s critical g…

archiving URL http://twitter.com/JessicaDitto45/status/1014265251582357504
    ... archiving using prefix http://web.archive.org/save/


New tweet from JessicaDitto45: RT @NFIB: Thank you @POTUS @realDonaldTrump for
 recognizing NFIB on the 6 month anniversary of the #TaxCutsandJobsAct.
#TaxReform was an im…

archiving URL http://twitter.com/JessicaDitto45/status/1014265363675189249
    ... archiving using prefix http://web.archive.org/save/
WARNING: attempt to archive timed out, sleeping for 10 seconds
WARNING: received error ('Connection broken: IncompleteRead(0 bytes read, 512
more expected)', IncompleteRead(0 bytes read, 512 more expected)); sleeping and
trying again ...

archiving URL https://twitter.com/JessicaDitto45/status/1014265363675189249
    ... archiving using prefix http://web.archive.org/save/
WARNING: received error ('Connection broken: IncompleteRead(0 bytes read, 512
more expected)', IncompleteRead(0 bytes read, 512 more expected)); sleeping and
trying again ...


New tweet from JessicaDitto45: RT @RajShah45: .@NBCNews poll: Most want vote
on Trump Supreme Court nominee before midterms https://t.co/FFZcGKHrwT

archiving URL http://twitter.com/JessicaDitto45/status/1014265964379168774
    ... archiving using prefix http://web.archive.org/save/
WARNING: attempt to archive timed out, sleeping for 10 seconds

archiving URL https://twitter.com/JessicaDitto45/status/1014265964379168774
    ... archiving using prefix http://web.archive.org/save/


New tweet from realDonaldTrump: Just arrived in West Virginia!
https://t.co/yjI0Xl5rMh

archiving URL http://twitter.com/realDonaldTrump/status/1014272859408162816
    ... archiving using prefix http://web.archive.org/save/

archiving URL https://twitter.com/realDonaldTrump/status/1014272859408162816
    ... archiving using prefix http://web.archive.org/save/
WARNING: received error ('Connection broken: IncompleteRead(0 bytes read, 512
more expected)', IncompleteRead(0 bytes read, 512 more expected)); sleeping and
trying again ...
