Hello, traveler. This is the beginning of a log file called: "Fascist Tweet Archiver".
Some basic system info about the host machine: posix.uname_result(sysname='Linux', nodename='file-server', release='3.16.0-6-686-pae', version='#1 SMP Debian 3.16.56-1+deb8u1 (2018-05-08)', machine='i686')
This log was begun Tuesday, 03 July 2018 at 22:49



INFO: read target account data; we're tracking 59 accounts
WARNING: no ProtocolError (got exception "name 'ProtocolError' is not defined");
 trying requests.packages.urllib3.exceptions instead
NOTE: successfully imported from requests
Starting up...
about to get all tweets newer than ID #1008005270235205632 for account
@RealBenCarson
about to get all tweets newer than ID #1013883300677603328 for account
@BetsyDeVosED
about to get all tweets newer than ID #-1 for account @ElaineChao
about to get all tweets newer than ID #824610180881117184 for account
@GovPenceIN
about to get all tweets newer than ID #832282841471918080 for account
@BetsyDeVos
about to get all tweets newer than ID #1014308957182136322 for account @POTUS
about to get all tweets newer than ID #1014195074085859328 for account @Cabinet
about to get all tweets newer than ID #890659905798983680 for account @Reince45
ERROR: unable to get tweets for account @Reince45
           the system said: Not authorized.
about to get all tweets newer than ID #816290296048873472 for account
@WilburRoss
about to get all tweets newer than ID #1012793166632800256 for account
@SecondLady
about to get all tweets newer than ID #1014258273141260293 for account
@IvankaTrump
about to get all tweets newer than ID #913881045652688901 for account
@SecPriceMD
about to get all tweets newer than ID #-1 for account @jaredkushner
about to get all tweets newer than ID #1014181991984582657 for account
@IvankaTrumpHQ
about to get all tweets newer than ID #1014246053552549888 for account
@SecretaryZinke
about to get all tweets newer than ID #1014333237043310598 for account
@seanspicer
about to get all tweets newer than ID #1012895688819183616 for account
@DanScavino
about to get all tweets newer than ID #1013949594420555776 for account
@SecretaryAcosta
about to get all tweets newer than ID #1014277892409208832 for account
@WhiteHouse
about to get all tweets newer than ID #994396943421001728 for account
@TomBossert45
about to get all tweets newer than ID #1013916809576230918 for account
@SecretaryCarson
about to get all tweets newer than ID #1013145209331429379 for account
@DepSecHargan
about to get all tweets newer than ID #830074939298414592 for account
@RepTomPrice
about to get all tweets newer than ID #1012454805804146690 for account
@GovernorPerry
about to get all tweets newer than ID #1014238835025334272 for account
@nikkihaley
about to get all tweets newer than ID #1014174433693589504 for account
@EPAScottPruitt
about to get all tweets newer than ID #1012506179350777856 for account @PressSec
about to get all tweets newer than ID #1014321654372106241 for account
@Scaramucci
about to get all tweets newer than ID #1014231420770844672 for account
@StephGrisham45
about to get all tweets newer than ID #1012761348885893123 for account
@AshLeeStrong
about to get all tweets newer than ID #1013981080129560576 for account
@KellyannePolls
about to get all tweets newer than ID #1013093469848469505 for account
@EnergyDepSec
about to get all tweets newer than ID #1008040710283628544 for account @Comey
about to get all tweets newer than ID #1014225626759335936 for account @FLOTUS
about to get all tweets newer than ID #1014347317850193922 for account
@SecretarySonny
about to get all tweets newer than ID #1013902318251794438 for account
@Scavino45
about to get all tweets newer than ID #1006582155357642753 for account
@AmbJohnBolton
about to get all tweets newer than ID #836780744810844161 for account
@StephenMillerAL
about to get all tweets newer than ID #1012722969502781440 for account
@SecretaryRoss
about to get all tweets newer than ID #1011794086448238593 for account
@mike_pence
about to get all tweets newer than ID #1012464763689766913 for account @Reince
about to get all tweets newer than ID #1014201655548698624 for account @VP
about to get all tweets newer than ID #954801265732661248 for account
@MELANIATRUMP
about to get all tweets newer than ID #1003795765028884485 for account
@Linda_McMahon
about to get all tweets newer than ID #1014297145468510208 for account
@SecretaryPerry
about to get all tweets newer than ID #1012690898516430849 for account
@stevenmnuchin1
about to get all tweets newer than ID #1014127462081540097 for account @SBALinda
about to get all tweets newer than ID #1014297032239013890 for account
@SecNielsen
about to get all tweets newer than ID #1014306963243532296 for account
@realDonaldTrump
about to get all tweets newer than ID #1014196203108659201 for account
@SpeakerRyan
about to get all tweets newer than ID #903694300306923521 for account
@SecElaineChao
about to get all tweets newer than ID #978650205192044545 for account
@SecShulkin
about to get all tweets newer than ID #1013791653931421696 for account @PRyan
about to get all tweets newer than ID #1014253899866353665 for account @SecAzar
about to get all tweets newer than ID #856041462164836355 for account
@FirstLadyIN
about to get all tweets newer than ID #1012762946051690496 for account
@MickMulvaneyOMB
about to get all tweets newer than ID #1014198264151887872 for account
@statedeptspox
about to get all tweets newer than ID #1014265964379168774 for account
@JessicaDitto45
about to get all tweets newer than ID #816846808789958656 for account
@SenDanCoats
... OK, we're set up, and about to watch 1180379185, 828997388920619008,
105267762, 15985455, 599530439, 822215679726100480, 818928162449068032,
803703725730779136, 809836066316451840, 822127086194348032, 52544275,
829782369670410240, 29547260, 798195585824104449, 827258161841135623, 20776147,
620571475, 819980276570976256, 822215673812119553, 866746592853979137,
828613457020870657, 920035992073064450, 6577802, 18906561, 37666984,
832672006113931269, 818927131883356161, 24578794, 823638938590085124, 296060169,
 471672239, 894923298374651904, 2334193741, 818876014390603776,
842072478834909184, 823367015830323201, 118756393, 728361177986797568,
836305915452272641, 22203756, 20733972, 818910970567344128, 108471631, 65522706,
 830128820447539208, 799764016885329921, 819992522109894658, 935148134505828353,
 25073877, 18916432, 826065858548133888, 831482588246196225, 733751245,
956283913835614208, 1923451808, 888031054141022209, 1967216306,
836724024688410625, 212262370
WARNING: received error HTTPSConnectionPool(host='stream.twitter.com',
port=443): Read timed out.; sleeping and trying again ...
WARNING: received error HTTPSConnectionPool(host='stream.twitter.com',
port=443): Read timed out.; sleeping and trying again ...
WARNING: received error HTTPSConnectionPool(host='stream.twitter.com',
port=443): Read timed out.; sleeping and trying again ...
