Hello, traveler. This is the beginning of a log file called: "Fascist Tweet Archiver".
Some basic system info about the host machine: posix.uname_result(sysname='Linux', nodename='file-server', release='3.16.0-5-686-pae', version='#1 SMP Debian 3.16.51-3+deb8u1 (2018-01-08)', machine='i686')
This log was begun Saturday, 17 February 2018 at 13:33



INFO: read target account data; we're tracking 52 accounts
WARNING: no ProtocolError (got exception "name 'ProtocolError' is not defined");
 trying requests.packages.urllib3.exceptions instead
NOTE: successfully imported from requests
Starting up...
about to get all tweets newer than ID #959613255206555648 for account
@DanScavino
about to get all tweets newer than ID #964237873972219906 for account
@stevenmnuchin1
about to get all tweets newer than ID #836780744810844161 for account
@StephenMillerAL
about to get all tweets newer than ID #964952415236747265 for account
@AshLeeStrong
about to get all tweets newer than ID #963899156300488704 for account
@IvankaTrumpHQ
about to get all tweets newer than ID #-1 for account @jaredkushner
about to get all tweets newer than ID #913881045652688901 for account
@SecPriceMD
about to get all tweets newer than ID #964596810298920961 for account
@SecretaryZinke
getting all tweets before ID #943608048693796867
    ...400 tweets downloaded so far
about to get all tweets newer than ID #955254388423118849 for account
@GovernorPerry


New tweet from SecretaryZinke: Today we celebrated the 200th birthday of
abolitionist Frederick Douglas. He was a leading voice to end slavery
https://t.co/bFWWeBlxjZ

archiving URL http://twitter.com/SecretaryZinke/status/964961740378329088
    ... archiving using prefix http://web.archive.org/save/

archiving URL https://twitter.com/SecretaryZinke/status/964961740378329088
    ... archiving using prefix http://web.archive.org/save/
about to get all tweets newer than ID #964180456685129729 for account @SBALinda
about to get all tweets newer than ID #963902159531147264 for account
@BetsyDeVosED
about to get all tweets newer than ID #964915877253611520 for account @VP
getting all tweets before ID #954858728704102400
    ...400 tweets downloaded so far


New tweet from VP: RT @SecondLady: Great visit at Methodist Children's
Hospital in San Antonio, TX where I met the art therapist &amp; children
participating in t…
about to get all tweets newer than ID #959503328014225408 for account
@mike_pence

archiving URL http://twitter.com/VP/status/964960072421003264
    ... archiving using prefix http://web.archive.org/save/

archiving URL https://twitter.com/VP/status/964960072421003264
    ... archiving using prefix http://web.archive.org/save/


New tweet from VP: RT @SecondLady: IN THE NEWS: Second Lady Tours Art Therapy
Program At San Antonio Children's Hospital | Texas Public Radio #ArtTherapy
htt…

archiving URL http://twitter.com/VP/status/964960235122315264
    ... archiving using prefix http://web.archive.org/save/

archiving URL https://twitter.com/VP/status/964960235122315264
    ... archiving using prefix http://web.archive.org/save/


New tweet from VP: RT @SecondLady: NEW BLOG: How Art Therapy Uplifts Children
Fighting Cancer https://t.co/S9r2w5YmXH

archiving URL http://twitter.com/VP/status/964960404639272960
    ... archiving using prefix http://web.archive.org/save/
about to get all tweets newer than ID #964902954967891968 for account @FLOTUS

archiving URL https://twitter.com/VP/status/964960404639272960
    ... archiving using prefix http://web.archive.org/save/
about to get all tweets newer than ID #964349912786681856 for account
@KellyannePolls
about to get all tweets newer than ID #964521172032475136 for account
@EPAScottPruitt
about to get all tweets newer than ID #964872066502709250 for account
@SpeakerRyan
about to get all tweets newer than ID #964524657834647552 for account
@SecretaryCarson
about to get all tweets newer than ID #964917960820260864 for account
@SecretaryAcosta
about to get all tweets newer than ID #856041462164836355 for account
@FirstLadyIN
ERROR: unable to get tweets for account @FirstLadyIN
           the system said: Failed to parse JSON payload: Expecting ':'
delimiter: line 1 column 507907 (char 507906)
about to get all tweets newer than ID #898632795517403136 for account
@GeneralJFKellly
ERROR: unable to get tweets for account @GeneralJFKellly
           the system said: Not authorized.
about to get all tweets newer than ID #964866590574632961 for account @Scavino45
about to get all tweets newer than ID #954801265732661248 for account
@MELANIATRUMP
about to get all tweets newer than ID #964531082665193472 for account @PRyan
about to get all tweets newer than ID #964727971784351745 for account @POTUS
about to get all tweets newer than ID #962184059052011522 for account @Reince
about to get all tweets newer than ID #816290296048873472 for account
@WilburRoss
about to get all tweets newer than ID #816846808789958656 for account
@SenDanCoats
about to get all tweets newer than ID #964698143429414912 for account
@seanspicer
about to get all tweets newer than ID #963949296121937920 for account
@IvankaTrump
about to get all tweets newer than ID #964887856555622405 for account
@JessicaDitto45
about to get all tweets newer than ID #824610180881117184 for account
@GovPenceIN
about to get all tweets newer than ID #890659905798983680 for account @Reince45
about to get all tweets newer than ID #-1 for account @ElaineChao
about to get all tweets newer than ID #964949269374529538 for account
@realDonaldTrump
getting all tweets before ID #951790999784783871
    ...400 tweets downloaded so far


New tweet from realDonaldTrump: The Fake News Media never fails. Hard to
ignore this fact from the Vice President of Facebook Ads, Rob Goldman!
https://t.co/XGC7ynZwYJ
about to get all tweets newer than ID #964891403070435328 for account
@SecondLady

archiving URL http://twitter.com/realDonaldTrump/status/964955496137535488
    ... archiving using prefix http://web.archive.org/save/

archiving URL https://twitter.com/realDonaldTrump/status/964955496137535488
    ... archiving using prefix http://web.archive.org/save/


New tweet from realDonaldTrump: “I have seen all of the Russian ads and I can
say very definitively that swaying the election was *NOT* the main go…
https://t.co/y4PVZ6KZqv

archiving URL http://twitter.com/realDonaldTrump/status/964956781670694912
    ... archiving using prefix http://web.archive.org/save/

archiving URL https://twitter.com/realDonaldTrump/status/964956781670694912
    ... archiving using prefix http://web.archive.org/save/
about to get all tweets newer than ID #964618325547536398 for account
@SecretaryPerry
about to get all tweets newer than ID #964922915895631879 for account
@nikkihaley
about to get all tweets newer than ID #830074939298414592 for account
@RepTomPrice
about to get all tweets newer than ID #961725970108633089 for account
@SecShulkin
about to get all tweets newer than ID #964650099006558208 for account
@RealBenCarson
about to get all tweets newer than ID #958090523364986887 for account
@MickMulvaneyOMB
about to get all tweets newer than ID #963927915284062209 for account
@SecretaryRoss
about to get all tweets newer than ID #903694300306923521 for account
@SecElaineChao
about to get all tweets newer than ID #964942652247625728 for account
@WhiteHouse
about to get all tweets newer than ID #964941788300668928 for account
@Scaramucci
about to get all tweets newer than ID #964903353322037248 for account
@StephGrisham45
about to get all tweets newer than ID #963917729328746496 for account
@TomBossert45
about to get all tweets newer than ID #964880823962034176 for account
@SecretarySonny
about to get all tweets newer than ID #832282841471918080 for account
@BetsyDeVos
about to get all tweets newer than ID #898401955847876608 for account
@Linda_McMahon
about to get all tweets newer than ID #964882212167483397 for account @PressSec
... OK, we're set up, and about to watch 620571475, 799764016885329921,
728361177986797568, 296060169, 798195585824104449, 29547260, 829782369670410240,
 827258161841135623, 18906561, 819992522109894658, 828997388920619008,
818910970567344128, 22203756, 818876014390603776, 471672239, 832672006113931269,
 18916432, 828613457020870657, 819980276570976256, 1923451808,
892173412818354177, 823367015830323201, 108471631, 733751245,
822215679726100480, 20733972, 809836066316451840, 212262370, 20776147, 52544275,
 836724024688410625, 15985455, 803703725730779136, 105267762, 25073877,
822127086194348032, 830128820447539208, 37666984, 6577802, 831482588246196225,
1180379185, 888031054141022209, 836305915452272641, 826065858548133888,
822215673812119553, 24578794, 823638938590085124, 866746592853979137,
842072478834909184, 599530439, 65522706, 818927131883356161
