Hello, traveler. This is the beginning of a log file called: "Fascist Tweet Archiver".
Some basic system info about the host machine: posix.uname_result(sysname='Linux', nodename='file-server', release='3.16.0-4-686-pae', version='#1 SMP Debian 3.16.51-3 (2017-12-13)', machine='i686')
This log was begun Tuesday, 02 January 2018 at 22:34



INFO: read target account data; we're tracking 52 accounts
WARNING: no ProtocolError (got exception "name 'ProtocolError' is not defined");
 trying requests.packages.urllib3.exceptions instead
NOTE: successfully imported from requests
Starting up...
about to get all tweets newer than ID #-1 for account @jaredkushner
about to get all tweets newer than ID #948334593756860423 for account
@WhiteHouse
ERROR: unable to get tweets for account @WhiteHouse
           the system said: Failed to parse JSON payload: Expecting ':'
delimiter: line 1 column 503565 (char 503564)
about to get all tweets newer than ID #947694647635259392 for account
@SecretarySonny
ERROR: unable to get tweets for account @SecretarySonny
           the system said: Failed to parse JSON payload: Unterminated string
starting at: line 1 column 506386 (char 506385)
about to get all tweets newer than ID #816290296048873472 for account
@WilburRoss
about to get all tweets newer than ID #946156999041052672 for account
@TomBossert45
about to get all tweets newer than ID #913881045652688901 for account
@SecPriceMD
about to get all tweets newer than ID #947969993898999813 for account @SBALinda
about to get all tweets newer than ID #948404303072460800 for account
@realDonaldTrump
ERROR: unable to get tweets for account @realDonaldTrump
           the system said: Failed to parse JSON payload: Unterminated string
starting at: line 1 column 674263 (char 674262)
about to get all tweets newer than ID #948380806032052225 for account
@AshLeeStrong
about to get all tweets newer than ID #948390329899802624 for account @PressSec
about to get all tweets newer than ID #948411984025997312 for account @Scavino45
about to get all tweets newer than ID #948349728999333891 for account
@Scaramucci
about to get all tweets newer than ID #-1 for account @ElaineChao
about to get all tweets newer than ID #836780744810844161 for account
@StephenMillerAL
about to get all tweets newer than ID #890659905798983680 for account @Reince45
about to get all tweets newer than ID #947847732923904000 for account
@JessicaDitto45
ERROR: unable to get tweets for account @JessicaDitto45
           the system said: Failed to parse JSON payload: Unterminated string
starting at: line 1 column 505002 (char 505001)
about to get all tweets newer than ID #948342797039472647 for account
@SpeakerRyan
about to get all tweets newer than ID #943545273489510400 for account
@MickMulvaneyOMB
about to get all tweets newer than ID #856041462164836355 for account
@FirstLadyIN
about to get all tweets newer than ID #930982584649175047 for account
@mike_pence
about to get all tweets newer than ID #830074939298414592 for account
@RepTomPrice
about to get all tweets newer than ID #948356678965235713 for account @POTUS
about to get all tweets newer than ID #948318266866454528 for account
@nikkihaley
about to get all tweets newer than ID #898401955847876608 for account
@Linda_McMahon
about to get all tweets newer than ID #943908455793823744 for account @Reince
about to get all tweets newer than ID #947883338055987201 for account
@BetsyDeVosED
about to get all tweets newer than ID #903694300306923521 for account
@SecElaineChao
about to get all tweets newer than ID #832282841471918080 for account
@BetsyDeVos
about to get all tweets newer than ID #946387776328617984 for account
@IvankaTrumpHQ
ERROR: unable to get tweets for account @IvankaTrumpHQ
           the system said: Failed to send request:
HTTPSConnectionPool(host='api.twitter.com', port=443): Read timed out.
about to get all tweets newer than ID #947851229719355392 for account
@GovernorPerry
about to get all tweets newer than ID #947624310629457922 for account
@SecretaryPerry
about to get all tweets newer than ID #948392878195212288 for account
@DanScavino
ERROR: unable to get tweets for account @DanScavino
           the system said: Failed to parse JSON payload: Unterminated string
starting at: line 1 column 505948 (char 505947)
about to get all tweets newer than ID #948201736338067456 for account
@KellyannePolls
ERROR: unable to get tweets for account @KellyannePolls
           the system said: Failed to parse JSON payload: Unterminated string
starting at: line 1 column 683139 (char 683138)
about to get all tweets newer than ID #948334554150002688 for account
@StephGrisham45
about to get all tweets newer than ID #867385249340297217 for account
@RealBenCarson
ERROR: unable to get tweets for account @RealBenCarson
           the system said: Failed to parse JSON payload: Unterminated string
starting at: line 1 column 508885 (char 508884)
about to get all tweets newer than ID #947908805618257920 for account @FLOTUS
about to get all tweets newer than ID #948267398292848641 for account @PRyan
about to get all tweets newer than ID #941074527592812545 for account
@SecretaryRoss
about to get all tweets newer than ID #816846808789958656 for account
@SenDanCoats
about to get all tweets newer than ID #947665157488041984 for account
@SecondLady
about to get all tweets newer than ID #948364678962597888 for account
@seanspicer
ERROR: unable to get tweets for account @seanspicer
           the system said: Failed to parse JSON payload: Unterminated string
starting at: line 1 column 855954 (char 855953)
about to get all tweets newer than ID #946627730136743936 for account
@stevenmnuchin1
about to get all tweets newer than ID #948261932477374464 for account
@EPAScottPruitt
about to get all tweets newer than ID #947627191080247296 for account
@SecretaryAcosta
about to get all tweets newer than ID #948363899195322368 for account
@IvankaTrump
about to get all tweets newer than ID #824610180881117184 for account
@GovPenceIN
about to get all tweets newer than ID #898632795517403136 for account
@GeneralJFKellly
ERROR: unable to get tweets for account @GeneralJFKellly
           the system said: Failed to send request: ('Connection aborted.',
BadStatusLine("''",))
about to get all tweets newer than ID #948266815679066112 for account
@SecShulkin
about to get all tweets newer than ID #943545231244439555 for account
@SecretaryCarson
about to get all tweets newer than ID #795981284761894912 for account
@MELANIATRUMP
about to get all tweets newer than ID #948279336666320896 for account
@SecretaryZinke
about to get all tweets newer than ID #948368071051366400 for account @VP
ERROR: unable to get tweets for account @VP
           the system said: Failed to parse JSON payload: Expecting ','
delimiter: line 1 column 501661 (char 501660)
... OK, we're set up, and about to watch 29547260, 822215673812119553,
842072478834909184, 809836066316451840, 866746592853979137, 829782369670410240,
819992522109894658, 25073877, 296060169, 818927131883356161, 823367015830323201,
 24578794, 105267762, 728361177986797568, 803703725730779136,
836724024688410625, 18916432, 888031054141022209, 1923451808, 22203756, 6577802,
 822215679726100480, 37666984, 65522706, 20733972, 828997388920619008,
826065858548133888, 599530439, 798195585824104449, 18906561, 830128820447539208,
 620571475, 471672239, 823638938590085124, 1180379185, 818876014390603776,
733751245, 836305915452272641, 212262370, 822127086194348032, 20776147,
799764016885329921, 832672006113931269, 819980276570976256, 52544275, 15985455,
892173412818354177, 831482588246196225, 828613457020870657, 108471631,
827258161841135623, 818910970567344128
WARNING: received error ('Connection broken: IncompleteRead(0 bytes read, 512
more expected)', IncompleteRead(0 bytes read, 512 more expected)); sleeping and
trying again ...
