Hello, traveler. This is the beginning of a log file called: "Fascist Tweet Archiver".
Some basic system info about the host machine: posix.uname_result(sysname='Linux', nodename='file-server', release='3.16.0-5-686-pae', version='#1 SMP Debian 3.16.51-3+deb8u1 (2018-01-08)', machine='i686')
This log was begun Wednesday, 21 February 2018 at 07:06



INFO: read target account data; we're tracking 52 accounts
WARNING: no ProtocolError (got exception "name 'ProtocolError' is not defined");
 trying requests.packages.urllib3.exceptions instead
NOTE: successfully imported from requests
Starting up...
about to get all tweets newer than ID #832282841471918080 for account
@BetsyDeVos
about to get all tweets newer than ID #966164147049295874 for account
@SecondLady
about to get all tweets newer than ID #903694300306923521 for account
@SecElaineChao
about to get all tweets newer than ID #965643859408621568 for account
@SecretaryAcosta
about to get all tweets newer than ID #959613255206555648 for account
@DanScavino
about to get all tweets newer than ID #963927915284062209 for account
@SecretaryRoss
about to get all tweets newer than ID #964524657834647552 for account
@SecretaryCarson
about to get all tweets newer than ID #965002523840008192 for account
@StephGrisham45
about to get all tweets newer than ID #966112494375841792 for account
@WhiteHouse
about to get all tweets newer than ID #964902954967891968 for account @FLOTUS
about to get all tweets newer than ID #966151791112015878 for account @VP
getting all tweets before ID #955433855174901759
    ...400 tweets downloaded so far


New tweet from VP: Karen and I were saddened to learn of the passing of one of
 the greatest Americans of the century, Reverend Billy G…
https://t.co/zZlH3BioHA
about to get all tweets newer than ID #890659905798983680 for account @Reince45

archiving URL http://twitter.com/VP/status/966312982090272769
    ... archiving using prefix http://web.archive.org/save/

archiving URL https://twitter.com/VP/status/966312982090272769
    ... archiving using prefix http://web.archive.org/save/


New tweet from VP: Billy Graham's ministry for the gospel of Jesus Christ and
his matchless voice changed the lives of millions. We mo…
https://t.co/PZ6dkAa8CU

archiving URL http://twitter.com/VP/status/966313229113876480
    ... archiving using prefix http://web.archive.org/save/

archiving URL https://twitter.com/VP/status/966313229113876480
    ... archiving using prefix http://web.archive.org/save/
about to get all tweets newer than ID #963917729328746496 for account
@TomBossert45
about to get all tweets newer than ID #966013218471768087 for account @SBALinda
about to get all tweets newer than ID #966312434100326400 for account
@realDonaldTrump
about to get all tweets newer than ID #965231014632132610 for account
@Linda_McMahon
about to get all tweets newer than ID #965069215509237760 for account
@mike_pence
about to get all tweets newer than ID #966000144293548032 for account
@IvankaTrump
about to get all tweets newer than ID #963902159531147264 for account
@BetsyDeVosED
about to get all tweets newer than ID #816846808789958656 for account
@SenDanCoats
about to get all tweets newer than ID #966060936934187008 for account
@RealBenCarson
about to get all tweets newer than ID #965969872311193601 for account
@SecretaryZinke
about to get all tweets newer than ID #966311976652738561 for account
@SecShulkin
about to get all tweets newer than ID #966283441019990017 for account
@Scaramucci
ERROR: unable to get tweets for account @Scaramucci
           the system said: Failed to send request:
HTTPSConnectionPool(host='api.twitter.com', port=443): Read timed out.
about to get all tweets newer than ID #966109695999139842 for account
@AshLeeStrong
about to get all tweets newer than ID #824610180881117184 for account
@GovPenceIN
about to get all tweets newer than ID #830074939298414592 for account
@RepTomPrice
about to get all tweets newer than ID #964349912786681856 for account
@KellyannePolls
about to get all tweets newer than ID #-1 for account @ElaineChao
about to get all tweets newer than ID #966053269163466753 for account @Scavino45
about to get all tweets newer than ID #966085093503782914 for account
@SpeakerRyan
about to get all tweets newer than ID #965632567067201536 for account
@stevenmnuchin1
about to get all tweets newer than ID #965988363470811136 for account @PressSec
about to get all tweets newer than ID #816290296048873472 for account
@WilburRoss
about to get all tweets newer than ID #964531082665193472 for account @PRyan
about to get all tweets newer than ID #966078871224414208 for account
@nikkihaley
about to get all tweets newer than ID #963899156300488704 for account
@IvankaTrumpHQ
about to get all tweets newer than ID #962184059052011522 for account @Reince
about to get all tweets newer than ID #965235438230343680 for account
@GovernorPerry
about to get all tweets newer than ID #958090523364986887 for account
@MickMulvaneyOMB
about to get all tweets newer than ID #836780744810844161 for account
@StephenMillerAL
about to get all tweets newer than ID #966308847194464256 for account
@SecretaryPerry
about to get all tweets newer than ID #856041462164836355 for account
@FirstLadyIN
about to get all tweets newer than ID #966014824563052545 for account @POTUS
about to get all tweets newer than ID #965618896454803456 for account
@EPAScottPruitt
about to get all tweets newer than ID #966091902813704192 for account
@seanspicer
about to get all tweets newer than ID #966295475010854912 for account
@SecretarySonny
about to get all tweets newer than ID #-1 for account @jaredkushner
about to get all tweets newer than ID #954801265732661248 for account
@MELANIATRUMP
about to get all tweets newer than ID #966105854079569921 for account
@JessicaDitto45
about to get all tweets newer than ID #913881045652688901 for account
@SecPriceMD
about to get all tweets newer than ID #898632795517403136 for account
@GeneralJFKellly
ERROR: unable to get tweets for account @GeneralJFKellly
           the system said: Not authorized.
... OK, we're set up, and about to watch 599530439, 822127086194348032,
826065858548133888, 819980276570976256, 620571475, 836305915452272641,
828613457020870657, 823638938590085124, 822215673812119553, 818876014390603776,
818910970567344128, 803703725730779136, 866746592853979137, 819992522109894658,
25073877, 65522706, 22203756, 52544275, 828997388920619008, 212262370,
1180379185, 827258161841135623, 831482588246196225, 24578794, 296060169,
15985455, 6577802, 471672239, 105267762, 823367015830323201, 18916432,
799764016885329921, 818927131883356161, 809836066316451840, 733751245, 37666984,
 798195585824104449, 20733972, 18906561, 888031054141022209, 728361177986797568,
 830128820447539208, 1923451808, 822215679726100480, 832672006113931269,
20776147, 842072478834909184, 29547260, 108471631, 836724024688410625,
829782369670410240, 892173412818354177
