Hello, traveler. This is the beginning of a log file called: "Fascist Tweet Archiver".
Some basic system info about the host machine: posix.uname_result(sysname='Linux', nodename='file-server', release='3.16.0-5-686-pae', version='#1 SMP Debian 3.16.51-3+deb8u1 (2018-01-08)', machine='i686')
This log was begun Wednesday, 07 February 2018 at 09:22



INFO: read target account data; we're tracking 52 accounts
WARNING: no ProtocolError (got exception "name 'ProtocolError' is not defined");
 trying requests.packages.urllib3.exceptions instead
NOTE: successfully imported from requests
Starting up...
about to get all tweets newer than ID #816290296048873472 for account
@WilburRoss
about to get all tweets newer than ID #960362146323468288 for account
@TomBossert45
ERROR: unable to get tweets for account @TomBossert45
           the system said: Failed to parse JSON payload: Unterminated string
starting at: line 1 column 511198 (char 511197)
about to get all tweets newer than ID #890659905798983680 for account @Reince45
about to get all tweets newer than ID #960969625151442944 for account
@SecShulkin
about to get all tweets newer than ID #958552614026784770 for account
@SecretaryRoss
about to get all tweets newer than ID #824610180881117184 for account
@GovPenceIN
about to get all tweets newer than ID #913881045652688901 for account
@SecPriceMD
about to get all tweets newer than ID #959831598412656640 for account @PRyan
about to get all tweets newer than ID #961073822794420224 for account @POTUS
about to get all tweets newer than ID #961178804562644993 for account
@SecondLady
about to get all tweets newer than ID #960989185028091904 for account
@IvankaTrump
about to get all tweets newer than ID #961264899027619844 for account @PressSec
about to get all tweets newer than ID #960889376996843521 for account
@SecretarySonny
about to get all tweets newer than ID #960959922140725248 for account
@EPAScottPruitt
about to get all tweets newer than ID #961214601181483008 for account
@nikkihaley
about to get all tweets newer than ID #961238019981369344 for account
@AshLeeStrong
about to get all tweets newer than ID #961232726266470400 for account
@WhiteHouse
about to get all tweets newer than ID #959207300727746560 for account
@IvankaTrumpHQ
about to get all tweets newer than ID #960902631836266496 for account
@StephGrisham45
about to get all tweets newer than ID #960952477595176960 for account
@stevenmnuchin1
about to get all tweets newer than ID #955254388423118849 for account
@GovernorPerry
ERROR: unable to get tweets for account @GovernorPerry
           the system said: Failed to parse JSON payload: Unterminated string
starting at: line 1 column 505104 (char 505103)
about to get all tweets newer than ID #954801265732661248 for account
@MELANIATRUMP
about to get all tweets newer than ID #856041462164836355 for account
@FirstLadyIN
about to get all tweets newer than ID #960904138526810113 for account
@SecretaryPerry
getting all tweets before ID #923563374813827071
    ...400 tweets downloaded so far


New tweet from SecretaryPerry: It was encouraging to participate in a long-
term disaster recovery briefing with @SecNielsen and @SecretaryCarson t…
https://t.co/ZN8JtfEvwc

archiving URL http://twitter.com/SecretaryPerry/status/961269740193935360
    ... archiving using prefix http://web.archive.org/save/
about to get all tweets newer than ID #961041018077540353 for account
@RealBenCarson

archiving URL https://twitter.com/SecretaryPerry/status/961269740193935360
    ... archiving using prefix http://web.archive.org/save/
about to get all tweets newer than ID #959613255206555648 for account
@DanScavino
about to get all tweets newer than ID #960583280256061440 for account
@SecretaryAcosta
about to get all tweets newer than ID #898401955847876608 for account
@Linda_McMahon
ERROR: unable to get tweets for account @Linda_McMahon
           the system said: Failed to parse JSON payload: Unterminated string
starting at: line 1 column 506913 (char 506912)
about to get all tweets newer than ID #960901771798482945 for account @FLOTUS
about to get all tweets newer than ID #816846808789958656 for account
@SenDanCoats
about to get all tweets newer than ID #961264442045583360 for account
@SecretaryZinke
about to get all tweets newer than ID #830074939298414592 for account
@RepTomPrice
about to get all tweets newer than ID #836780744810844161 for account
@StephenMillerAL
about to get all tweets newer than ID #-1 for account @ElaineChao
about to get all tweets newer than ID #-1 for account @jaredkushner
about to get all tweets newer than ID #961236733437280257 for account
@JessicaDitto45
about to get all tweets newer than ID #961221519144837120 for account @VP
about to get all tweets newer than ID #958090523364986887 for account
@MickMulvaneyOMB
about to get all tweets newer than ID #903694300306923521 for account
@SecElaineChao
about to get all tweets newer than ID #960675778361995264 for account
@KellyannePolls
about to get all tweets newer than ID #961253168968622086 for account
@realDonaldTrump
getting all tweets before ID #949495534003412991
    ...400 tweets downloaded so far


New tweet from realDonaldTrump: NEW FBI TEXTS ARE BOMBSHELLS!

archiving URL http://twitter.com/realDonaldTrump/status/961270833569202176
    ... archiving using prefix http://web.archive.org/save/
about to get all tweets newer than ID #959509964615188480 for account
@SecretaryCarson

archiving URL https://twitter.com/realDonaldTrump/status/961270833569202176
    ... archiving using prefix http://web.archive.org/save/
ERROR: unable to get tweets for account @SecretaryCarson
           the system said: Failed to parse JSON payload: Unterminated string
starting at: line 1 column 510793 (char 510792)
about to get all tweets newer than ID #960885041000861696 for account @SBALinda
getting all tweets before ID #934487109393457152
    ...400 tweets downloaded so far


New tweet from SBALinda: Today marks my 33rd #SBAIgniteTour stop! Follow along
 as I visit with local @SBA_MA small businesses.

archiving URL http://twitter.com/SBALinda/status/961270848828203008
    ... archiving using prefix http://web.archive.org/save/
about to get all tweets newer than ID #898632795517403136 for account
@GeneralJFKellly

archiving URL https://twitter.com/SBALinda/status/961270848828203008
    ... archiving using prefix http://web.archive.org/save/


New tweet from SBALinda: RT @SBA_NewEngland: We're Happy to have Administrator
 McMahon in Massachusetts today! #SBAIgniteTour https://t.co/jNa97z1a3y

archiving URL http://twitter.com/SBALinda/status/961273174263549953
    ... archiving using prefix http://web.archive.org/save/
ERROR: unable to get tweets for account @GeneralJFKellly
           the system said: Not authorized.
about to get all tweets newer than ID #961245382293454848 for account
@Scaramucci

archiving URL https://twitter.com/SBALinda/status/961273174263549953
    ... archiving using prefix http://web.archive.org/save/


New tweet from SBALinda: FACT: 99% of businesses in #Massachusetts are small
businesses! #SBA Don't miss my full interview with… https://t.co/ppzLtLFepW

archiving URL http://twitter.com/SBALinda/status/961275485589266432
    ... archiving using prefix http://web.archive.org/save/
about to get all tweets newer than ID #959503328014225408 for account
@mike_pence

archiving URL https://twitter.com/SBALinda/status/961275485589266432
    ... archiving using prefix http://web.archive.org/save/
about to get all tweets newer than ID #961127132746407936 for account @Scavino45
about to get all tweets newer than ID #961007407831896065 for account
@BetsyDeVosED
about to get all tweets newer than ID #961041743750877184 for account
@seanspicer
about to get all tweets newer than ID #960367165114380290 for account @Reince
about to get all tweets newer than ID #961223063344963585 for account
@SpeakerRyan
about to get all tweets newer than ID #832282841471918080 for account
@BetsyDeVos
... OK, we're set up, and about to watch 809836066316451840, 866746592853979137,
 803703725730779136, 831482588246196225, 836305915452272641, 15985455,
829782369670410240, 733751245, 822215679726100480, 822127086194348032, 52544275,
 818927131883356161, 842072478834909184, 832672006113931269, 37666984,
296060169, 822215673812119553, 798195585824104449, 823638938590085124,
799764016885329921, 18906561, 108471631, 1923451808, 830128820447539208,
1180379185, 620571475, 819980276570976256, 65522706, 818876014390603776,
212262370, 827258161841135623, 6577802, 728361177986797568, 105267762, 29547260,
 836724024688410625, 818910970567344128, 888031054141022209, 826065858548133888,
 471672239, 25073877, 828613457020870657, 819992522109894658,
892173412818354177, 24578794, 22203756, 823367015830323201, 828997388920619008,
20776147, 20733972, 18916432, 599530439
