Hello, traveler. This is the beginning of a log file called: "Fascist Tweet Archiver".
Some basic system info about the host machine: posix.uname_result(sysname='Linux', nodename='file-server', release='3.16.0-5-686-pae', version='#1 SMP Debian 3.16.51-3+deb8u1 (2018-01-08)', machine='i686')
This log was begun Sunday, 08 April 2018 at 08:48



INFO: read target account data; we're tracking 59 accounts
WARNING: no ProtocolError (got exception "name 'ProtocolError' is not defined");
 trying requests.packages.urllib3.exceptions instead
NOTE: successfully imported from requests
Starting up...
about to get all tweets newer than ID #963927915284062209 for account
@SecretaryRoss
about to get all tweets newer than ID #982634098337419265 for account @SecAzar
about to get all tweets newer than ID #982982173497135104 for account
@statedeptspox
about to get all tweets newer than ID #954801265732661248 for account
@MELANIATRUMP
about to get all tweets newer than ID #832282841471918080 for account
@BetsyDeVos
about to get all tweets newer than ID #890659905798983680 for account @Reince45
ERROR: unable to get tweets for account @Reince45
           the system said: Not authorized.
about to get all tweets newer than ID #982279841541230593 for account
@DepSecHargan
ERROR: unable to get tweets for account @DepSecHargan
           the system said: Failed to parse JSON payload: Unterminated string
starting at: line 1 column 602024 (char 602023)
about to get all tweets newer than ID #982777355302264832 for account
@SecretaryPerry
ERROR: unable to get tweets for account @SecretaryPerry
           the system said: Failed to parse JSON payload: Unterminated string
starting at: line 1 column 611946 (char 611945)
about to get all tweets newer than ID #982954355509907457 for account
@realDonaldTrump
getting all tweets before ID #970451373681790977
    ...400 tweets downloaded so far


New tweet from realDonaldTrump: Many dead, including women and children, in
mindless CHEMICAL attack in Syria. Area of atrocity is in lockdown and…
https://t.co/A1m0GgLV1L

archiving URL http://twitter.com/realDonaldTrump/status/982966315467116544
    ... archiving using prefix http://web.archive.org/save/
about to get all tweets newer than ID #856041462164836355 for account
@FirstLadyIN

archiving URL https://twitter.com/realDonaldTrump/status/982966315467116544
    ... archiving using prefix http://web.archive.org/save/
about to get all tweets newer than ID #982794756597174272 for account
@Scaramucci


New tweet from realDonaldTrump: ....to pay. Open area immediately for medical
help and verification. Another humanitarian disaster for no reason whatsoever.
SICK!

archiving URL http://twitter.com/realDonaldTrump/status/982967389028569088
    ... archiving using prefix http://web.archive.org/save/

archiving URL https://twitter.com/realDonaldTrump/status/982967389028569088
    ... archiving using prefix http://web.archive.org/save/
about to get all tweets newer than ID #981677295399251969 for account
@KellyannePolls


New tweet from realDonaldTrump: If President Obama had crossed his stated Red
Line In The Sand, the Syrian disaster would have ended long ago! Anim…
https://t.co/blQl4xUQ49

archiving URL http://twitter.com/realDonaldTrump/status/982969547283161090
    ... archiving using prefix http://web.archive.org/save/
about to get all tweets newer than ID #982715190172160000 for account @PressSec

archiving URL https://twitter.com/realDonaldTrump/status/982969547283161090
    ... archiving using prefix http://web.archive.org/save/
about to get all tweets newer than ID #982954315387195394 for account
@AmbJohnBolton
ERROR: unable to get tweets for account @AmbJohnBolton
           the system said: Failed to parse JSON payload: Expecting ','
delimiter: line 1 column 611212 (char 611211)
about to get all tweets newer than ID #973198296897466368 for account
@Linda_McMahon
ERROR: unable to get tweets for account @Linda_McMahon
           the system said: Failed to parse JSON payload: Expecting ','
delimiter: line 1 column 608812 (char 608811)
about to get all tweets newer than ID #982040775298043906 for account
@IvankaTrump
getting all tweets before ID #958028525352734721
    ...400 tweets downloaded so far


New tweet from IvankaTrump: .@ASCETweets estimates the poor state of US
#Infrastructure will cost the US $3.9T in GDP, $7T in business sales an…
https://t.co/JnZ3XPBzKM

archiving URL http://twitter.com/IvankaTrump/status/982985539967123456
    ... archiving using prefix http://web.archive.org/save/
about to get all tweets newer than ID #982968420479176704 for account @Reince

archiving URL https://twitter.com/IvankaTrump/status/982985539967123456
    ... archiving using prefix http://web.archive.org/save/
about to get all tweets newer than ID #982354372377104384 for account @POTUS
about to get all tweets newer than ID #982277244390465536 for account
@SecretaryCarson
about to get all tweets newer than ID #981641610336329728 for account
@RealBenCarson
about to get all tweets newer than ID #982701560441470976 for account @VP
about to get all tweets newer than ID #982643589749633025 for account
@nikkihaley
getting all tweets before ID #948739492986458112
    ...400 tweets downloaded so far


New tweet from nikkihaley: Happy Birthday to these beautiful ladies. Thank you
 for coming to NYC to celebrate! Here’s to many more years of lo…
https://t.co/u4kSs8hlod

archiving URL http://twitter.com/nikkihaley/status/982993550576103425
    ... archiving using prefix http://web.archive.org/save/
about to get all tweets newer than ID #981691674354216960 for account @PRyan
about to get all tweets newer than ID #903694300306923521 for account
@SecElaineChao

archiving URL https://twitter.com/nikkihaley/status/982993550576103425
    ... archiving using prefix http://web.archive.org/save/
about to get all tweets newer than ID #982978126073532416 for account
@WhiteHouse
about to get all tweets newer than ID #982962594209325057 for account
@TomBossert45
about to get all tweets newer than ID #-1 for account @ElaineChao
about to get all tweets newer than ID #824610180881117184 for account
@GovPenceIN
about to get all tweets newer than ID #981938415334772736 for account @Cabinet
about to get all tweets newer than ID #-1 for account @jaredkushner
about to get all tweets newer than ID #816846808789958656 for account
@SenDanCoats
about to get all tweets newer than ID #981529239097937920 for account
@SecondLady
about to get all tweets newer than ID #982323593483882497 for account
@SecretaryZinke
about to get all tweets newer than ID #982971691746971648 for account
@JessicaDitto45
about to get all tweets newer than ID #980970021898866694 for account @FLOTUS
about to get all tweets newer than ID #982311417591279617 for account
@stevenmnuchin1
about to get all tweets newer than ID #816290296048873472 for account
@WilburRoss
about to get all tweets newer than ID #981378292790984704 for account @Comey
about to get all tweets newer than ID #836780744810844161 for account
@StephenMillerAL
about to get all tweets newer than ID #982330273017876481 for account @SBALinda
about to get all tweets newer than ID #830074939298414592 for account
@RepTomPrice
about to get all tweets newer than ID #982256547622342656 for account
@SecretaryAcosta
about to get all tweets newer than ID #982704061328887810 for account
@SpeakerRyan
about to get all tweets newer than ID #913881045652688901 for account
@SecPriceMD
about to get all tweets newer than ID #979056009904885762 for account
@IvankaTrumpHQ
about to get all tweets newer than ID #979026720723435522 for account
@mike_pence
about to get all tweets newer than ID #982775584198746113 for account
@DanScavino
about to get all tweets newer than ID #982066498465353728 for account
@BetsyDeVosED
about to get all tweets newer than ID #982980530235936768 for account
@SecNielsen
about to get all tweets newer than ID #980909765860708352 for account
@StephGrisham45
ERROR: unable to get tweets for account @StephGrisham45
           the system said: Failed to parse JSON payload: Expecting value: line
1 column 603505 (char 603504)
about to get all tweets newer than ID #982733976732405760 for account
@seanspicer
about to get all tweets newer than ID #981954374133075968 for account
@MickMulvaneyOMB
about to get all tweets newer than ID #981604505371447296 for account
@EPAScottPruitt
about to get all tweets newer than ID #978650205192044545 for account
@SecShulkin
about to get all tweets newer than ID #982772321923616768 for account @Scavino45
about to get all tweets newer than ID #982990897087418369 for account
@AshLeeStrong
about to get all tweets newer than ID #982356890612043776 for account
@SecretarySonny
about to get all tweets newer than ID #981895098018533377 for account
@EnergyDepSec
about to get all tweets newer than ID #982452105276481536 for account
@GovernorPerry
... OK, we're set up, and about to watch 836305915452272641, 956283913835614208,
 1967216306, 108471631, 599530439, 803703725730779136, 920035992073064450,
830128820447539208, 25073877, 1923451808, 24578794, 471672239,
818927131883356161, 118756393, 65522706, 52544275, 20733972, 822215679726100480,
 828613457020870657, 1180379185, 818910970567344128, 37666984, 733751245,
826065858548133888, 822215673812119553, 866746592853979137, 105267762, 15985455,
 818928162449068032, 29547260, 212262370, 822127086194348032,
827258161841135623, 836724024688410625, 818876014390603776, 799764016885329921,
809836066316451840, 2334193741, 728361177986797568, 819992522109894658, 6577802,
 819980276570976256, 18916432, 829782369670410240, 798195585824104449, 22203756,
 620571475, 828997388920619008, 935148134505828353, 823638938590085124,
20776147, 888031054141022209, 832672006113931269, 831482588246196225,
823367015830323201, 296060169, 842072478834909184, 894923298374651904, 18906561
WARNING: received error ('Connection broken: IncompleteRead(0 bytes read, 976
more expected)', IncompleteRead(0 bytes read, 976 more expected)); sleeping and
trying again ...
WARNING: received error ('Connection broken: IncompleteRead(0 bytes read, 512
more expected)', IncompleteRead(0 bytes read, 512 more expected)); sleeping and
trying again ...
WARNING: received error ('Connection broken: IncompleteRead(0 bytes read, 512
more expected)', IncompleteRead(0 bytes read, 512 more expected)); sleeping and
trying again ...
WARNING: received error ('Connection broken: IncompleteRead(0 bytes read, 1364
more expected)', IncompleteRead(0 bytes read, 1364 more expected)); sleeping and
 trying again ...


New tweet from VP: .@POTUS &amp; I closely monitoring likely chemical attack
in Syria. We condemn in the strongest possible terms the assa…
https://t.co/O4zlaa445I

archiving URL http://twitter.com/VP/status/983002916280729601
    ... archiving using prefix http://web.archive.org/save/

archiving URL https://twitter.com/VP/status/983002916280729601
    ... archiving using prefix http://web.archive.org/save/
WARNING: received error ('Connection broken: IncompleteRead(0 bytes read, 733
more expected)', IncompleteRead(0 bytes read, 733 more expected)); sleeping and
trying again ...


New tweet from SpeakerRyan: The chemical attack in Syria is a horror that
cannot be tolerated by responsible nations. The U.S. must continue to…
https://t.co/XhXjpx69rH

archiving URL http://twitter.com/SpeakerRyan/status/983016587195244544
    ... archiving using prefix http://web.archive.org/save/

archiving URL https://twitter.com/SpeakerRyan/status/983016587195244544
    ... archiving using prefix http://web.archive.org/save/
WARNING: received error ('Connection broken: IncompleteRead(0 bytes read, 3358
more expected)', IncompleteRead(0 bytes read, 3358 more expected)); sleeping and
 trying again ...
WARNING: received error ('Connection broken: IncompleteRead(0 bytes read, 512
more expected)', IncompleteRead(0 bytes read, 512 more expected)); sleeping and
trying again ...
WARNING: received error ('Connection broken: IncompleteRead(0 bytes read, 512
more expected)', IncompleteRead(0 bytes read, 512 more expected)); sleeping and
trying again ...
