Hello, traveler. This is the beginning of a log file called: "Fascist Tweet Archiver".
Some basic system info about the host machine: posix.uname_result(sysname='Linux', nodename='file-server', release='3.16.0-5-686-pae', version='#1 SMP Debian 3.16.51-3+deb8u1 (2018-01-08)', machine='i686')
This log was begun Thursday, 08 March 2018 at 12:02



INFO: read target account data; we're tracking 52 accounts
WARNING: no ProtocolError (got exception "name 'ProtocolError' is not defined");
 trying requests.packages.urllib3.exceptions instead
NOTE: successfully imported from requests
Starting up...
about to get all tweets newer than ID #971089084394491905 for account
@GovernorPerry
ERROR: unable to get tweets for account @GovernorPerry
           the system said: Failed to parse JSON payload: Expecting value: line
1 column 505010 (char 505009)
about to get all tweets newer than ID #971454126423932929 for account
@SecretaryCarson
about to get all tweets newer than ID #816290296048873472 for account
@WilburRoss
about to get all tweets newer than ID #971172037891887104 for account
@MickMulvaneyOMB
about to get all tweets newer than ID #969365392798908423 for account
@KellyannePolls
about to get all tweets newer than ID #913881045652688901 for account
@SecPriceMD
about to get all tweets newer than ID #824610180881117184 for account
@GovPenceIN
ERROR: unable to get tweets for account @GovPenceIN
           the system said: Failed to send request:
HTTPSConnectionPool(host='api.twitter.com', port=443): Read timed out.
about to get all tweets newer than ID #898632795517403136 for account
@GeneralJFKellly
ERROR: unable to get tweets for account @GeneralJFKellly
           the system said: Failed to send request:
HTTPSConnectionPool(host='api.twitter.com', port=443): Max retries exceeded with
 url: /1.1/statuses/user_timeline.json?count=200&screen_name=GeneralJFKellly
(Caused by NewConnectionError('<requests.packages.urllib3.connection.VerifiedHTT
PSConnection object at 0xb65a248c>: Failed to establish a new connection: [Errno
 -2] Name or service not known',))
about to get all tweets newer than ID #971799576515661824 for account
@SecretaryZinke
about to get all tweets newer than ID #971531370966278144 for account
@stevenmnuchin1
about to get all tweets newer than ID #971477496511238145 for account
@EPAScottPruitt
about to get all tweets newer than ID #971816790048280581 for account
@seanspicer
about to get all tweets newer than ID #971762572910317569 for account
@StephGrisham45
about to get all tweets newer than ID #969786327666450432 for account @Reince
ERROR: unable to get tweets for account @Reince
           the system said: Failed to send request:
HTTPSConnectionPool(host='api.twitter.com', port=443): Max retries exceeded with
 url: /1.1/statuses/user_timeline.json?count=200&screen_name=Reince (Caused by N
ewConnectionError('<requests.packages.urllib3.connection.VerifiedHTTPSConnection
 object at 0xb64efbcc>: Failed to establish a new connection: [Errno -2] Name or
 service not known',))
about to get all tweets newer than ID #971822550757138433 for account
@realDonaldTrump
about to get all tweets newer than ID #971769903026929665 for account
@SecShulkin
about to get all tweets newer than ID #971761598120505345 for account
@SpeakerRyan
getting all tweets before ID #958068187110789120
    ...400 tweets downloaded so far


New tweet from SpeakerRyan: Good news→ Business optimism is at a record high
following #TaxReform, which means increased wages and job creation.
https://t.co/xd8X4YNMPQ
about to get all tweets newer than ID #836780744810844161 for account
@StephenMillerAL

archiving URL http://twitter.com/SpeakerRyan/status/971793596105003009
    ... archiving using prefix http://web.archive.org/save/
about to get all tweets newer than ID #890659905798983680 for account @Reince45

archiving URL https://twitter.com/SpeakerRyan/status/971793596105003009
    ... archiving using prefix http://web.archive.org/save/
ERROR: unable to get tweets for account @Reince45
           the system said: Not authorized.
about to get all tweets newer than ID #954801265732661248 for account
@MELANIATRUMP
about to get all tweets newer than ID #970897202808836097 for account @Scavino45
ERROR: unable to get tweets for account @Scavino45
           the system said: Failed to parse JSON payload: Unterminated string
starting at: line 1 column 508397 (char 508396)
about to get all tweets newer than ID #903694300306923521 for account
@SecElaineChao
about to get all tweets newer than ID #971716685299376129 for account @PressSec
ERROR: unable to get tweets for account @PressSec
           the system said: Failed to parse JSON payload: Unterminated string
starting at: line 1 column 504957 (char 504956)
about to get all tweets newer than ID #971458262427152384 for account
@SecretarySonny
about to get all tweets newer than ID #856041462164836355 for account
@FirstLadyIN
about to get all tweets newer than ID #971782366057451522 for account @SBALinda
about to get all tweets newer than ID #971579128012050432 for account
@TomBossert45
ERROR: unable to get tweets for account @TomBossert45
           the system said: Failed to parse JSON payload: Expecting ':'
delimiter: line 1 column 621804 (char 621803)
about to get all tweets newer than ID #971210326711582720 for account
@mike_pence
ERROR: unable to get tweets for account @mike_pence
           the system said: Failed to parse JSON payload: Expecting value: line
1 column 506001 (char 506000)
about to get all tweets newer than ID #971762370610696192 for account @FLOTUS
about to get all tweets newer than ID #971815119272505345 for account
@SecondLady
about to get all tweets newer than ID #971819605663547393 for account
@WhiteHouse
about to get all tweets newer than ID #970003576784375809 for account @PRyan
about to get all tweets newer than ID #971532497610735621 for account
@nikkihaley
about to get all tweets newer than ID #971815376886562817 for account
@IvankaTrump
ERROR: unable to get tweets for account @IvankaTrump
           the system said: Failed to send request:
HTTPSConnectionPool(host='api.twitter.com', port=443): Read timed out.
about to get all tweets newer than ID #-1 for account @ElaineChao
about to get all tweets newer than ID #971519362216681472 for account
@BetsyDeVosED
about to get all tweets newer than ID #971791674946084864 for account
@Scaramucci
about to get all tweets newer than ID #-1 for account @jaredkushner
about to get all tweets newer than ID #971387816453312512 for account
@SecretaryAcosta
about to get all tweets newer than ID #963927915284062209 for account
@SecretaryRoss
about to get all tweets newer than ID #816846808789958656 for account
@SenDanCoats
about to get all tweets newer than ID #970484798019063808 for account
@DanScavino
ERROR: unable to get tweets for account @DanScavino
           the system said: Failed to parse JSON payload: Expecting value: line
1 column 503010 (char 503009)
about to get all tweets newer than ID #971801186423721985 for account
@AshLeeStrong
ERROR: unable to get tweets for account @AshLeeStrong
           the system said: Failed to parse JSON payload: Unterminated string
starting at: line 1 column 507405 (char 507404)
about to get all tweets newer than ID #971400326690504709 for account
@IvankaTrumpHQ
about to get all tweets newer than ID #971822630767611909 for account @POTUS
ERROR: unable to get tweets for account @POTUS
           the system said: Failed to parse JSON payload: Unterminated string
starting at: line 1 column 608300 (char 608299)
about to get all tweets newer than ID #971810426429243394 for account @VP
about to get all tweets newer than ID #971357948986515456 for account
@RealBenCarson
about to get all tweets newer than ID #971761023018504194 for account
@SecretaryPerry
getting all tweets before ID #930554299549134849
    ...400 tweets downloaded so far


New tweet from SecretaryPerry: Our amazing #NationalLabs are blazing the trail
 for #NewEnergyRealism. It was great crossing paths with @Argonne di…
https://t.co/ZD2gsUV8Ly

archiving URL http://twitter.com/SecretaryPerry/status/971827480351989761
    ... archiving using prefix http://web.archive.org/save/
about to get all tweets newer than ID #971798515801382913 for account
@JessicaDitto45

archiving URL https://twitter.com/SecretaryPerry/status/971827480351989761
    ... archiving using prefix http://web.archive.org/save/
about to get all tweets newer than ID #830074939298414592 for account
@RepTomPrice
about to get all tweets newer than ID #832282841471918080 for account
@BetsyDeVos
about to get all tweets newer than ID #965231014632132610 for account
@Linda_McMahon
... OK, we're set up, and about to watch 18906561, 828613457020870657,
809836066316451840, 888031054141022209, 471672239, 829782369670410240, 15985455,
 892173412818354177, 827258161841135623, 799764016885329921, 832672006113931269,
 20776147, 823638938590085124, 20733972, 25073877, 831482588246196225, 18916432,
 728361177986797568, 803703725730779136, 108471631, 823367015830323201,
826065858548133888, 818927131883356161, 842072478834909184, 1923451808,
819992522109894658, 866746592853979137, 22203756, 818876014390603776,
822127086194348032, 822215673812119553, 733751245, 37666984, 52544275,
105267762, 828997388920619008, 24578794, 29547260, 819980276570976256,
836305915452272641, 212262370, 620571475, 296060169, 798195585824104449,
822215679726100480, 818910970567344128, 1180379185, 830128820447539208,
836724024688410625, 6577802, 599530439, 65522706
