Hello, traveler. This is the beginning of a log file called: "Fascist Tweet Archiver".
Some basic system info about the host machine: posix.uname_result(sysname='Linux', nodename='file-server', release='3.16.0-4-686-pae', version='#1 SMP Debian 3.16.51-3 (2017-12-13)', machine='i686')
This log was begun Saturday, 20 January 2018 at 13:03



INFO: read target account data; we're tracking 52 accounts
WARNING: no ProtocolError (got exception "name 'ProtocolError' is not defined");
 trying requests.packages.urllib3.exceptions instead
NOTE: successfully imported from requests
Starting up...
about to get all tweets newer than ID #824610180881117184 for account
@GovPenceIN
ERROR: unable to get tweets for account @GovPenceIN
           the system said: Failed to parse JSON payload: Unterminated string
starting at: line 1 column 870745 (char 870744)
about to get all tweets newer than ID #954719345275494406 for account
@nikkihaley
about to get all tweets newer than ID #954791992277389312 for account
@StephGrisham45
about to get all tweets newer than ID #954370070297399297 for account
@IvankaTrump
about to get all tweets newer than ID #954707866027347973 for account
@SecondLady
about to get all tweets newer than ID #832282841471918080 for account
@BetsyDeVos
about to get all tweets newer than ID #954800338120445952 for account
@MELANIATRUMP
getting all tweets before ID #954795553426206721
    ...400 tweets downloaded so far


New tweet from MELANIATRUMP: RT @FLOTUS: Wonderful to met Gu Gu 🐼
#FLOTUSinAsia https://t.co/ZdWWrj9bV8

archiving URL http://twitter.com/MELANIATRUMP/status/954800353811329025
    ... archiving using prefix http://web.archive.org/save/
about to get all tweets newer than ID #954090900921159680 for account
@stevenmnuchin1

archiving URL https://twitter.com/MELANIATRUMP/status/954800353811329025
    ... archiving using prefix http://web.archive.org/save/
about to get all tweets newer than ID #954776370915303425 for account
@SecretarySonny
about to get all tweets newer than ID #830074939298414592 for account
@RepTomPrice


New tweet from MELANIATRUMP: RT @FLOTUS: Unforgettable memories! The Great
Wall of #China #FLOTUSinAsia https://t.co/tEJ10uUOXo

archiving URL http://twitter.com/MELANIATRUMP/status/954800433192726529
    ... archiving using prefix http://web.archive.org/save/
about to get all tweets newer than ID #954221739675996160 for account
@DanScavino

archiving URL https://twitter.com/MELANIATRUMP/status/954800433192726529
    ... archiving using prefix http://web.archive.org/save/


New tweet from MELANIATRUMP: RT @FLOTUS: Thank you #Japan! 🇯🇵 🇺🇸
https://t.co/EGpGetDCed

archiving URL http://twitter.com/MELANIATRUMP/status/954800449181437952
    ... archiving using prefix http://web.archive.org/save/
about to get all tweets newer than ID #953073831534612480 for account
@SecretaryRoss
about to get all tweets newer than ID #954774886983094273 for account
@SpeakerRyan

archiving URL https://twitter.com/MELANIATRUMP/status/954800449181437952
    ... archiving using prefix http://web.archive.org/save/


New tweet from MELANIATRUMP: RT @FLOTUS: Thank you Republic of #Korea! 🇰🇷 🇺🇸
https://t.co/Wyxg2np8RQ

archiving URL http://twitter.com/MELANIATRUMP/status/954800468181618688
    ... archiving using prefix http://web.archive.org/save/
ERROR: unable to get tweets for account @SpeakerRyan
           the system said: Failed to parse JSON payload: Unterminated string
starting at: line 1 column 675816 (char 675815)
about to get all tweets newer than ID #867385249340297217 for account
@RealBenCarson

archiving URL https://twitter.com/MELANIATRUMP/status/954800468181618688
    ... archiving using prefix http://web.archive.org/save/
about to get all tweets newer than ID #954409146664783872 for account
@SecretaryCarson


New tweet from MELANIATRUMP: RT @FLOTUS: Thank you #China! 🇨🇳 🇺🇸
https://t.co/dNm9Qts8W2

archiving URL http://twitter.com/MELANIATRUMP/status/954800483855749120
    ... archiving using prefix http://web.archive.org/save/

archiving URL https://twitter.com/MELANIATRUMP/status/954800483855749120
    ... archiving using prefix http://web.archive.org/save/
about to get all tweets newer than ID #954748876887592960 for account @FLOTUS


New tweet from MELANIATRUMP: RT @FLOTUS: This year's @WhiteHouse Christmas
booklet is in printing!  Excited to receive the beautiful tree Monday!
#ChristmasTraditions h…

archiving URL http://twitter.com/MELANIATRUMP/status/954800498720362496
    ... archiving using prefix http://web.archive.org/save/
about to get all tweets newer than ID #954594386490413056 for account
@WhiteHouse

archiving URL https://twitter.com/MELANIATRUMP/status/954800498720362496
    ... archiving using prefix http://web.archive.org/save/
about to get all tweets newer than ID #836780744810844161 for account
@StephenMillerAL
about to get all tweets newer than ID #954472012424138754 for account @SBALinda
about to get all tweets newer than ID #954518400298045441 for account
@SecretaryAcosta
about to get all tweets newer than ID #898401955847876608 for account
@Linda_McMahon


New tweet from MELANIATRUMP: RT @ABCWorldNews: First lady Melania Trump, son
Barron welcomed the White House Christmas tree today, a 19.5 ft Balsam fir grown
 in Endeavo…

archiving URL http://twitter.com/MELANIATRUMP/status/954800513748471809
    ... archiving using prefix http://web.archive.org/save/
about to get all tweets newer than ID #816290296048873472 for account
@WilburRoss
about to get all tweets newer than ID #954790623500029952 for account
@AshLeeStrong

archiving URL https://twitter.com/MELANIATRUMP/status/954800513748471809
    ... archiving using prefix http://web.archive.org/save/
ERROR: unable to get tweets for account @AshLeeStrong
           the system said: Failed to parse JSON payload: Unterminated string
starting at: line 1 column 507425 (char 507424)
about to get all tweets newer than ID #898632795517403136 for account
@GeneralJFKellly


New tweet from MELANIATRUMP: RT @FLOTUS: Thank you Silent Night Evergreens in
Wisconsin for our beautiful tree! @POTUS, Barron &amp; I are excited for
Christmas in our new…

archiving URL http://twitter.com/MELANIATRUMP/status/954800591544385536
    ... archiving using prefix http://web.archive.org/save/

archiving URL https://twitter.com/MELANIATRUMP/status/954800591544385536
    ... archiving using prefix http://web.archive.org/save/


New tweet from MELANIATRUMP: RT @FLOTUS: Congratulations to Drumstick on the
pardon from @Potus ! We loved having you &amp; Wishbone at the @WhiteHouse.
https://t.co/4KGKOV…

archiving URL http://twitter.com/MELANIATRUMP/status/954800607474446337
    ... archiving using prefix http://web.archive.org/save/
ERROR: unable to get tweets for account @GeneralJFKellly
           the system said: Not authorized.
about to get all tweets newer than ID #954745336207159297 for account
@EPAScottPruitt

archiving URL https://twitter.com/MELANIATRUMP/status/954800607474446337
    ... archiving using prefix http://web.archive.org/save/


New tweet from MELANIATRUMP: RT @FLOTUS: Preparations are underway to
celebrate the holidays at the @WhiteHouse! https://t.co/N5qZ1NP8ez

archiving URL http://twitter.com/MELANIATRUMP/status/954800623333052418
    ... archiving using prefix http://web.archive.org/save/
about to get all tweets newer than ID #954749615944892416 for account
@KellyannePolls
about to get all tweets newer than ID #954049288866279425 for account
@TomBossert45
about to get all tweets newer than ID #954137162827649024 for account
@BetsyDeVosED

archiving URL https://twitter.com/MELANIATRUMP/status/954800623333052418
    ... archiving using prefix http://web.archive.org/save/
about to get all tweets newer than ID #951506732043456512 for account
@MickMulvaneyOMB


New tweet from MELANIATRUMP: RT @FLOTUS: Thrilled to spend part of our
Thanksgiving w the local Coast Guard station in Florida. Thank you to all
members of the military…

archiving URL http://twitter.com/MELANIATRUMP/status/954800686075703298
    ... archiving using prefix http://web.archive.org/save/
about to get all tweets newer than ID #816846808789958656 for account
@SenDanCoats

archiving URL https://twitter.com/MELANIATRUMP/status/954800686075703298
    ... archiving using prefix http://web.archive.org/save/
about to get all tweets newer than ID #-1 for account @jaredkushner
about to get all tweets newer than ID #954753799008133120 for account
@SecShulkin


New tweet from MELANIATRUMP: RT @FLOTUS: The decorations are up! @WhiteHouse
is ready to celebrate! Wishing you a Merry Christmas &amp; joyous holiday
season! https://t.co/…

archiving URL http://twitter.com/MELANIATRUMP/status/954800704601894913
    ... archiving using prefix http://web.archive.org/save/
about to get all tweets newer than ID #-1 for account @ElaineChao
about to get all tweets newer than ID #856041462164836355 for account
@FirstLadyIN

archiving URL https://twitter.com/MELANIATRUMP/status/954800704601894913
    ... archiving using prefix http://web.archive.org/save/
about to get all tweets newer than ID #954790197883035648 for account
@JessicaDitto45


New tweet from MELANIATRUMP: RT @FLOTUS: Had a wonderful visit from @JBA_NAFW
children today at the @whitehouse! #WhiteHouseChristmas https://t.co/Hnw758zHzL

archiving URL http://twitter.com/MELANIATRUMP/status/954800719185489922
    ... archiving using prefix http://web.archive.org/save/
about to get all tweets newer than ID #913881045652688901 for account
@SecPriceMD

archiving URL https://twitter.com/MELANIATRUMP/status/954800719185489922
    ... archiving using prefix http://web.archive.org/save/


New tweet from MELANIATRUMP: RT @FLOTUS: So important to thank our service
members for their service, especially those away from their families during the
holidays. htt…

archiving URL http://twitter.com/MELANIATRUMP/status/954800735270637568
    ... archiving using prefix http://web.archive.org/save/
about to get all tweets newer than ID #947851229719355392 for account
@GovernorPerry

archiving URL https://twitter.com/MELANIATRUMP/status/954800735270637568
    ... archiving using prefix http://web.archive.org/save/


New tweet from MELANIATRUMP: RT @FLOTUS: Thank you to the talented performers
from Vivid Ballet Company who helped us unveil this year's decorations at the
@whitehouse.…

archiving URL http://twitter.com/MELANIATRUMP/status/954800750437326848
    ... archiving using prefix http://web.archive.org/save/
about to get all tweets newer than ID #954488719377141761 for account
@IvankaTrumpHQ

archiving URL https://twitter.com/MELANIATRUMP/status/954800750437326848
    ... archiving using prefix http://web.archive.org/save/
about to get all tweets newer than ID #943908455793823744 for account @Reince


New tweet from MELANIATRUMP: RT @ABCWorldNews: MOMENTS AGO: Pres. Trump, first
 lady Melania Trump participate in National Christmas Tree lighting in
Washington D.C. htt…

archiving URL http://twitter.com/MELANIATRUMP/status/954800765113196547
    ... archiving using prefix http://web.archive.org/save/
about to get all tweets newer than ID #890659905798983680 for account @Reince45

archiving URL https://twitter.com/MELANIATRUMP/status/954800765113196547
    ... archiving using prefix http://web.archive.org/save/


New tweet from MELANIATRUMP: RT @FLOTUS: “Today, on #WorldAIDSDay, we honor
those who have lost their lives to AIDS, we celebrate the remarkable progress we
 have made i…

archiving URL http://twitter.com/MELANIATRUMP/status/954800780422283264
    ... archiving using prefix http://web.archive.org/save/
about to get all tweets newer than ID #954791743064608769 for account @Scavino45

archiving URL https://twitter.com/MELANIATRUMP/status/954800780422283264
    ... archiving using prefix http://web.archive.org/save/
ERROR: unable to get tweets for account @Scavino45
           the system said: Failed to parse JSON payload: Unterminated string
starting at: line 1 column 507898 (char 507897)
about to get all tweets newer than ID #930982584649175047 for account
@mike_pence
about to get all tweets newer than ID #954795128677429248 for account @POTUS


New tweet from MELANIATRUMP: RT @FLOTUS: Headed to #Texas tomorrow with
@SecondLady to continue support those affected by #HurricaneHarvey. We are with
you every step o…

archiving URL http://twitter.com/MELANIATRUMP/status/954800797644140544
    ... archiving using prefix http://web.archive.org/save/

archiving URL https://twitter.com/MELANIATRUMP/status/954800797644140544
    ... archiving using prefix http://web.archive.org/save/
about to get all tweets newer than ID #954435460968996864 for account
@SecretaryPerry


New tweet from MELANIATRUMP: RT @FLOTUS: Thoughts &amp; prayers to those
affected by the wildfires in California. Thank you to all first responders for
their heroic efforts.

archiving URL http://twitter.com/MELANIATRUMP/status/954800809077821445
    ... archiving using prefix http://web.archive.org/save/
about to get all tweets newer than ID #954435817862123520 for account @PRyan

archiving URL https://twitter.com/MELANIATRUMP/status/954800809077821445
    ... archiving using prefix http://web.archive.org/save/


New tweet from MELANIATRUMP: RT @FLOTUS: Thank you #Texas! So enjoyed my visit
 with everyone today. Special thanks to 1st responders &amp; @CoastalBendFB for
all that you d…

archiving URL http://twitter.com/MELANIATRUMP/status/954800824852631557
    ... archiving using prefix http://web.archive.org/save/
about to get all tweets newer than ID #954764028202676225 for account
@seanspicer

archiving URL https://twitter.com/MELANIATRUMP/status/954800824852631557
    ... archiving using prefix http://web.archive.org/save/


New tweet from MELANIATRUMP: RT @FLOTUS: Today we honor Pearl Harbor Heroes.
12/7/1941
Thank you to all military for your courage and sacrifice!
https://t.co/fuxvoaXAno

archiving URL http://twitter.com/MELANIATRUMP/status/954800839033487360
    ... archiving using prefix http://web.archive.org/save/
ERROR: unable to get tweets for account @seanspicer
           the system said: Failed to parse JSON payload: Unterminated string
starting at: line 1 column 675414 (char 675413)
about to get all tweets newer than ID #954738359083167744 for account
@Scaramucci

archiving URL https://twitter.com/MELANIATRUMP/status/954800839033487360
    ... archiving using prefix http://web.archive.org/save/
WARNING: attempt to archive timed out, sleeping for 10 seconds
WARNING: attempt to archive timed out, sleeping for 10 seconds
WARNING: attempt to archive timed out, sleeping for 10 seconds
ERROR: unable to get tweets for account @Scaramucci
           the system said: Failed to parse JSON payload: Unterminated string
starting at: line 1 column 681199 (char 681198)
about to get all tweets newer than ID #954788536389197824 for account @PressSec


New tweet from MELANIATRUMP: RT @FLOTUS: Wonderful to spend time with
@secondlady Mrs. Pence, @TexasFLCA Mrs. Abbott and @georgepbush Mr. Bush. Thank
you for your servi…

archiving URL http://twitter.com/MELANIATRUMP/status/954800905127415808
    ... archiving using prefix http://web.archive.org/save/
ERROR: unable to get tweets for account @PressSec
           the system said: Failed to send request:
HTTPSConnectionPool(host='api.twitter.com', port=443): Read timed out.
about to get all tweets newer than ID #954788467069870081 for account
@realDonaldTrump

archiving URL https://twitter.com/MELANIATRUMP/status/954800905127415808
    ... archiving using prefix http://web.archive.org/save/


New tweet from MELANIATRUMP: RT @FLOTUS: On my way to @childrenshealth to read
 a #Christmas book and visit with some of the brave patients. Please keep all
who are stru…

archiving URL http://twitter.com/MELANIATRUMP/status/954800932734357504
    ... archiving using prefix http://web.archive.org/save/

archiving URL https://twitter.com/MELANIATRUMP/status/954800932734357504
    ... archiving using prefix http://web.archive.org/save/
ERROR: unable to get tweets for account @realDonaldTrump
           the system said: Failed to parse JSON payload: Unterminated string
starting at: line 1 column 501162 (char 501161)
about to get all tweets newer than ID #903694300306923521 for account
@SecElaineChao
about to get all tweets newer than ID #954771059923931137 for account @VP


New tweet from MELANIATRUMP: RT @FLOTUS: Fun questions from the kids
@childrenshealth 😀 https://t.co/T5oIMBoIA6

archiving URL http://twitter.com/MELANIATRUMP/status/954800947477303296
    ... archiving using prefix http://web.archive.org/save/

archiving URL https://twitter.com/MELANIATRUMP/status/954800947477303296
    ... archiving using prefix http://web.archive.org/save/
getting all tweets before ID #941329919346438143


New tweet from MELANIATRUMP: RT @FLOTUS: I was so grateful at the opportunity
to spend time with the children and their families yesterday, and want to thank
the medica…

archiving URL http://twitter.com/MELANIATRUMP/status/954800965487595520
    ... archiving using prefix http://web.archive.org/save/
    ...400 tweets downloaded so far
about to get all tweets newer than ID #954797165049675779 for account
@SecretaryZinke


New tweet from VP: Productive discussion with Egyptian President
@AlsisiOfficial on a range of issues. We are united not just in comme…
https://t.co/LbQSYmxHMf

archiving URL http://twitter.com/VP/status/954807082615824384
    ... archiving using prefix http://web.archive.org/save/

archiving URL https://twitter.com/MELANIATRUMP/status/954800965487595520
    ... archiving using prefix http://web.archive.org/save/

archiving URL https://twitter.com/VP/status/954807082615824384
    ... archiving using prefix http://web.archive.org/save/


New tweet from MELANIATRUMP: RT @FLOTUS: Beautiful morning @WhiteHouse
#Christmas. First #snowday2017 https://t.co/m2YGh4e18M

archiving URL http://twitter.com/MELANIATRUMP/status/954800984508846082
    ... archiving using prefix http://web.archive.org/save/
ERROR: unable to get tweets for account @SecretaryZinke
           the system said: Failed to parse JSON payload: Unterminated string
starting at: line 1 column 858778 (char 858777)
... OK, we're set up, and about to watch 15985455, 37666984, 823638938590085124,
 52544275, 822127086194348032, 599530439, 108471631, 799764016885329921,
842072478834909184, 6577802, 620571475, 836305915452272641, 18916432,
1180379185, 828613457020870657, 818876014390603776, 822215673812119553,
728361177986797568, 819992522109894658, 819980276570976256, 65522706,
809836066316451840, 296060169, 892173412818354177, 832672006113931269,
471672239, 866746592853979137, 828997388920619008, 888031054141022209,
212262370, 29547260, 831482588246196225, 105267762, 1923451808,
836724024688410625, 829782369670410240, 18906561, 798195585824104449, 20733972,
803703725730779136, 823367015830323201, 22203756, 822215679726100480,
830128820447539208, 733751245, 20776147, 24578794, 818927131883356161, 25073877,
 826065858548133888, 818910970567344128, 827258161841135623

archiving URL https://twitter.com/MELANIATRUMP/status/954800984508846082
    ... archiving using prefix http://web.archive.org/save/


New tweet from MELANIATRUMP: RT @FLOTUS: The effects of the hurricane season
are still being felt &amp; residents still need our help. As Christmas &amp; the
 New Year approach,…

archiving URL http://twitter.com/MELANIATRUMP/status/954801011117494273
    ... archiving using prefix http://web.archive.org/save/
WARNING: received error ('Connection broken: IncompleteRead(0 bytes read, 512
more expected)', IncompleteRead(0 bytes read, 512 more expected)); sleeping and
trying again ...

archiving URL https://twitter.com/MELANIATRUMP/status/954801011117494273
    ... archiving using prefix http://web.archive.org/save/


New tweet from MELANIATRUMP: RT @FLOTUS: A special thank you to all the
amazing volunteers who made this year's @WhiteHouse #Christmas decorations a
success! https://t.…

archiving URL http://twitter.com/MELANIATRUMP/status/954801030524530688
    ... archiving using prefix http://web.archive.org/save/

archiving URL https://twitter.com/MELANIATRUMP/status/954801030524530688
    ... archiving using prefix http://web.archive.org/save/
WARNING: received error ('Connection broken: IncompleteRead(0 bytes read, 512
more expected)', IncompleteRead(0 bytes read, 512 more expected)); sleeping and
trying again ...
