Hello, traveler. This is the beginning of a log file called: "Fascist Tweet Archiver".
Some basic system info about the host machine: posix.uname_result(sysname='Linux', nodename='file-server', release='3.16.0-5-686-pae', version='#1 SMP Debian 3.16.51-3+deb8u1 (2018-01-08)', machine='i686')
This log was begun Wednesday, 04 April 2018 at 19:03



INFO: read target account data; we're tracking 59 accounts
WARNING: no ProtocolError (got exception "name 'ProtocolError' is not defined");
 trying requests.packages.urllib3.exceptions instead
NOTE: successfully imported from requests
Starting up...
about to get all tweets newer than ID #981677142026092551 for account
@SecretarySonny
ERROR: unable to get tweets for account @SecretarySonny
           the system said: Failed to send request:
HTTPSConnectionPool(host='api.twitter.com', port=443): Max retries exceeded with
 url: /1.1/statuses/user_timeline.json?count=200&screen_name=SecretarySonny
(Caused by NewConnectionError('<requests.packages.urllib3.connection.VerifiedHTT
PSConnection object at 0xb67275cc>: Failed to establish a new connection: [Errno
 -2] Name or service not known',))
about to get all tweets newer than ID #981547054643273728 for account @VP
about to get all tweets newer than ID #981642554604163073 for account
@SecretaryCarson
about to get all tweets newer than ID #981653235961384962 for account
@AshLeeStrong
about to get all tweets newer than ID #981529239097937920 for account
@SecondLady
about to get all tweets newer than ID #890659905798983680 for account @Reince45
ERROR: unable to get tweets for account @Reince45
           the system said: Not authorized.
about to get all tweets newer than ID #981644325330223104 for account @SecAzar
about to get all tweets newer than ID #981635316116348933 for account
@SecNielsen
about to get all tweets newer than ID #832282841471918080 for account
@BetsyDeVos
about to get all tweets newer than ID #979026720723435522 for account
@mike_pence
about to get all tweets newer than ID #903694300306923521 for account
@SecElaineChao
about to get all tweets newer than ID #981606934511017984 for account
@SpeakerRyan
about to get all tweets newer than ID #981691674354216960 for account @PRyan
about to get all tweets newer than ID #981641610336329728 for account
@RealBenCarson
about to get all tweets newer than ID #856041462164836355 for account
@FirstLadyIN
about to get all tweets newer than ID #816846808789958656 for account
@SenDanCoats
about to get all tweets newer than ID #-1 for account @ElaineChao
about to get all tweets newer than ID #981657355443232768 for account @SBALinda
about to get all tweets newer than ID #981677295399251969 for account
@KellyannePolls
about to get all tweets newer than ID #981168830415216641 for account
@AmbJohnBolton
about to get all tweets newer than ID #973198296897466368 for account
@Linda_McMahon
about to get all tweets newer than ID #980909765860708352 for account
@StephGrisham45
about to get all tweets newer than ID #981686249781067777 for account @Reince
about to get all tweets newer than ID #981604505371447296 for account
@EPAScottPruitt
about to get all tweets newer than ID #978650205192044545 for account
@SecShulkin
about to get all tweets newer than ID #981682323744788482 for account
@statedeptspox
about to get all tweets newer than ID #981664925734113282 for account
@DepSecHargan
about to get all tweets newer than ID #913881045652688901 for account
@SecPriceMD
about to get all tweets newer than ID #830074939298414592 for account
@RepTomPrice
about to get all tweets newer than ID #981583911011659777 for account
@SecretaryZinke
about to get all tweets newer than ID #978793669963800577 for account
@DanScavino
about to get all tweets newer than ID #981669823221559302 for account
@realDonaldTrump
about to get all tweets newer than ID #816290296048873472 for account
@WilburRoss
about to get all tweets newer than ID #980970021898866694 for account @FLOTUS
about to get all tweets newer than ID #979056009904885762 for account
@IvankaTrumpHQ
about to get all tweets newer than ID #981652332172791808 for account
@SecretaryPerry
about to get all tweets newer than ID #981612966402494464 for account
@seanspicer
about to get all tweets newer than ID #981628869374562304 for account
@JessicaDitto45
about to get all tweets newer than ID #974331628364423171 for account
@MickMulvaneyOMB
about to get all tweets newer than ID #981592704789475329 for account @PressSec
about to get all tweets newer than ID #981631803994845184 for account
@IvankaTrump
about to get all tweets newer than ID #836780744810844161 for account
@StephenMillerAL
about to get all tweets newer than ID #981697710158905346 for account
@Scaramucci
about to get all tweets newer than ID #-1 for account @jaredkushner
about to get all tweets newer than ID #981626387697192960 for account
@EnergyDepSec
ERROR: unable to get tweets for account @EnergyDepSec
           the system said: Failed to send request:
HTTPSConnectionPool(host='api.twitter.com', port=443): Read timed out.
about to get all tweets newer than ID #981638013242527744 for account
@WhiteHouse
ERROR: unable to get tweets for account @WhiteHouse
           the system said: Failed to send request:
HTTPSConnectionPool(host='api.twitter.com', port=443): Max retries exceeded with
 url: /1.1/statuses/user_timeline.json?count=200&screen_name=WhiteHouse (Caused
by NewConnectionError('<requests.packages.urllib3.connection.VerifiedHTTPSConnec
tion object at 0xb687ddec>: Failed to establish a new connection: [Errno -2]
Name or service not known',))
about to get all tweets newer than ID #981548692099477505 for account @POTUS
ERROR: unable to get tweets for account @POTUS
           the system said: Failed to send request:
HTTPSConnectionPool(host='api.twitter.com', port=443): Max retries exceeded with
 url: /1.1/statuses/user_timeline.json?count=200&screen_name=POTUS (Caused by Ne
wConnectionError('<requests.packages.urllib3.connection.VerifiedHTTPSConnection
object at 0xb64db1ec>: Failed to establish a new connection: [Errno -2] Name or
service not known',))
about to get all tweets newer than ID #981347950692585472 for account
@stevenmnuchin1
ERROR: unable to get tweets for account @stevenmnuchin1
           the system said: Failed to send request: ('Connection aborted.',
ConnectionResetError(104, 'Connection reset by peer'))
about to get all tweets newer than ID #954801265732661248 for account
@MELANIATRUMP
ERROR: unable to get tweets for account @MELANIATRUMP
           the system said: Failed to send request:
HTTPSConnectionPool(host='api.twitter.com', port=443): Max retries exceeded with
 url: /1.1/statuses/user_timeline.json?count=200&screen_name=MELANIATRUMP
(Caused by NewConnectionError('<requests.packages.urllib3.connection.VerifiedHTT
PSConnection object at 0xb68f4a4c>: Failed to establish a new connection: [Errno
 -2] Name or service not known',))
about to get all tweets newer than ID #981566738390241280 for account
@TomBossert45
ERROR: unable to get tweets for account @TomBossert45
           the system said: Failed to send request:
HTTPSConnectionPool(host='api.twitter.com', port=443): Max retries exceeded with
 url: /1.1/statuses/user_timeline.json?count=200&screen_name=TomBossert45
(Caused by NewConnectionError('<requests.packages.urllib3.connection.VerifiedHTT
PSConnection object at 0xb68f5cec>: Failed to establish a new connection: [Errno
 -2] Name or service not known',))
about to get all tweets newer than ID #824610180881117184 for account
@GovPenceIN
ERROR: unable to get tweets for account @GovPenceIN
           the system said: Failed to send request:
HTTPSConnectionPool(host='api.twitter.com', port=443): Max retries exceeded with
 url: /1.1/statuses/user_timeline.json?count=200&screen_name=GovPenceIN (Caused
by NewConnectionError('<requests.packages.urllib3.connection.VerifiedHTTPSConnec
tion object at 0xb68f41ec>: Failed to establish a new connection: [Errno -2]
Name or service not known',))
about to get all tweets newer than ID #981633904682684422 for account
@SecretaryAcosta
ERROR: unable to get tweets for account @SecretaryAcosta
           the system said: Failed to send request:
HTTPSConnectionPool(host='api.twitter.com', port=443): Max retries exceeded with
 url: /1.1/statuses/user_timeline.json?count=200&screen_name=SecretaryAcosta
(Caused by NewConnectionError('<requests.packages.urllib3.connection.VerifiedHTT
PSConnection object at 0xb68a7d2c>: Failed to establish a new connection: [Errno
 -2] Name or service not known',))
about to get all tweets newer than ID #981680394184601600 for account
@nikkihaley
about to get all tweets newer than ID #979776589016662016 for account
@GovernorPerry
about to get all tweets newer than ID #981354421597753344 for account @Scavino45
ERROR: unable to get tweets for account @Scavino45
           the system said: Failed to send request:
HTTPSConnectionPool(host='api.twitter.com', port=443): Max retries exceeded with
 url: /1.1/statuses/user_timeline.json?count=200&screen_name=Scavino45 (Caused
by NewConnectionError('<requests.packages.urllib3.connection.VerifiedHTTPSConnec
tion object at 0xb63c88ac>: Failed to establish a new connection: [Errno -2]
Name or service not known',))
about to get all tweets newer than ID #963927915284062209 for account
@SecretaryRoss
ERROR: unable to get tweets for account @SecretaryRoss
           the system said: Failed to send request:
HTTPSConnectionPool(host='api.twitter.com', port=443): Max retries exceeded with
 url: /1.1/statuses/user_timeline.json?count=200&screen_name=SecretaryRoss
(Caused by NewConnectionError('<requests.packages.urllib3.connection.VerifiedHTT
PSConnection object at 0xb661702c>: Failed to establish a new connection: [Errno
 -2] Name or service not known',))
about to get all tweets newer than ID #980164451436462080 for account @Comey
getting all tweets before ID #847590025223188479
    ...66 tweets downloaded so far


New tweet from Comey: Honored to be with amazing Broadway cast of
@TheBandsVisit, a musical about kindness, hospitality, and our common h…
https://t.co/rASNi18eqS

archiving URL http://twitter.com/Comey/status/981378292790984704
    ... archiving using prefix http://web.archive.org/save/
about to get all tweets newer than ID #981639062451781632 for account
@BetsyDeVosED

archiving URL https://twitter.com/Comey/status/981378292790984704
    ... archiving using prefix http://web.archive.org/save/
ERROR: unable to get tweets for account @BetsyDeVosED
           the system said: Failed to send request:
HTTPSConnectionPool(host='api.twitter.com', port=443): Read timed out.
about to get all tweets newer than ID #897530796268847105 for account @Cabinet
ERROR: unable to get tweets for account @Cabinet
           the system said: Failed to send request:
HTTPSConnectionPool(host='api.twitter.com', port=443): Max retries exceeded with
 url: /1.1/statuses/user_timeline.json?count=200&screen_name=Cabinet (Caused by
NewConnectionError('<requests.packages.urllib3.connection.VerifiedHTTPSConnectio
n object at 0xb63fd98c>: Failed to establish a new connection: [Errno -2] Name
or service not known',))
... OK, we're set up, and about to watch 842072478834909184, 818910970567344128,
 828613457020870657, 296060169, 822127086194348032, 803703725730779136,
956283913835614208, 935148134505828353, 599530439, 22203756, 826065858548133888,
 18916432, 733751245, 1180379185, 1923451808, 212262370, 105267762,
819992522109894658, 471672239, 118756393, 65522706, 823638938590085124,
20733972, 832672006113931269, 831482588246196225, 1967216306,
920035992073064450, 829782369670410240, 6577802, 827258161841135623, 620571475,
25073877, 809836066316451840, 818876014390603776, 798195585824104449,
830128820447539208, 20776147, 836724024688410625, 888031054141022209,
818927131883356161, 52544275, 728361177986797568, 24578794, 29547260,
894923298374651904, 822215673812119553, 822215679726100480, 799764016885329921,
108471631, 866746592853979137, 15985455, 819980276570976256, 37666984, 18906561,
 823367015830323201, 836305915452272641, 2334193741, 828997388920619008,
818928162449068032
