Hello, traveler. This is the beginning of a log file called: "Fascist Tweet Archiver".
Some basic system info about the host machine: posix.uname_result(sysname='Linux', nodename='file-server', release='3.16.0-6-686-pae', version='#1 SMP Debian 3.16.56-1+deb8u1 (2018-05-08)', machine='i686')
This log was begun Thursday, 28 June 2018 at 09:22



INFO: read target account data; we're tracking 59 accounts
WARNING: no ProtocolError (got exception "name 'ProtocolError' is not defined");
 trying requests.packages.urllib3.exceptions instead
NOTE: successfully imported from requests
Starting up...
about to get all tweets newer than ID #1012340579265544195 for account
@WhiteHouse
about to get all tweets newer than ID #1012342014946443264 for account @SecAzar
about to get all tweets newer than ID #1012320774055780352 for account
@SecretarySonny
about to get all tweets newer than ID #1003795765028884485 for account
@Linda_McMahon
about to get all tweets newer than ID #1012351408241283072 for account
@AshLeeStrong
about to get all tweets newer than ID #-1 for account @ElaineChao
about to get all tweets newer than ID #1011324901016457217 for account @PRyan
about to get all tweets newer than ID #913881045652688901 for account
@SecPriceMD
about to get all tweets newer than ID #1012046323451813889 for account
@SecretaryZinke
about to get all tweets newer than ID #903694300306923521 for account
@SecElaineChao
about to get all tweets newer than ID #816846808789958656 for account
@SenDanCoats
about to get all tweets newer than ID #1011794086448238593 for account
@mike_pence
about to get all tweets newer than ID #-1 for account @jaredkushner
about to get all tweets newer than ID #1006582155357642753 for account
@AmbJohnBolton
about to get all tweets newer than ID #1012340314873442305 for account @VP
about to get all tweets newer than ID #1011550724352806912 for account
@GovernorPerry
about to get all tweets newer than ID #1011587526094704640 for account
@EnergyDepSec
about to get all tweets newer than ID #890659905798983680 for account @Reince45
ERROR: unable to get tweets for account @Reince45
           the system said: Not authorized.
about to get all tweets newer than ID #1011976212992835584 for account @FLOTUS
about to get all tweets newer than ID #1012338720899518465 for account
@DanScavino
about to get all tweets newer than ID #1012164772962463745 for account
@SecondLady
getting all tweets before ID #962605251911184383
    ...400 tweets downloaded so far


New tweet from SecondLady: RT @VP: Honored to be in Ecuador. Thank you to our
gracious hosts President @Lenin Moreno &amp; First Lady Rocío González de
Moreno. Freedom ha…
about to get all tweets newer than ID #978650205192044545 for account
@SecShulkin

archiving URL http://twitter.com/SecondLady/status/1012357509531619328
    ... archiving using prefix http://web.archive.org/save/

archiving URL https://twitter.com/SecondLady/status/1012357509531619328
    ... archiving using prefix http://web.archive.org/save/
about to get all tweets newer than ID #1011971951265542149 for account
@DepSecHargan
about to get all tweets newer than ID #1012333072220426240 for account
@Scaramucci
getting all tweets before ID #1007948738042753023
    ...400 tweets downloaded so far
about to get all tweets newer than ID #1012124240416395264 for account
@EPAScottPruitt


New tweet from Scaramucci: RT @ROPpodcast: Anthony @Scaramucci joins us for a
discussion about the Trump border policy, liberal hysteria, trade and tariffs,
the 2018…

archiving URL http://twitter.com/Scaramucci/status/1012351445700677632
    ... archiving using prefix http://web.archive.org/save/

archiving URL https://twitter.com/Scaramucci/status/1012351445700677632
    ... archiving using prefix http://web.archive.org/save/
about to get all tweets newer than ID #1012340606029451264 for account
@SecretaryCarson
about to get all tweets newer than ID #1011976909570404354 for account
@StephGrisham45
about to get all tweets newer than ID #1012335726053285888 for account
@SecretaryPerry
about to get all tweets newer than ID #1012118221032427522 for account @PressSec
about to get all tweets newer than ID #1012321218056384513 for account
@realDonaldTrump
about to get all tweets newer than ID #830074939298414592 for account
@RepTomPrice
about to get all tweets newer than ID #1012329659604832258 for account @POTUS
about to get all tweets newer than ID #1012347948229853184 for account
@SecretaryRoss
about to get all tweets newer than ID #1012321535422582786 for account
@SpeakerRyan
getting all tweets before ID #999627902550396927
    ...400 tweets downloaded so far


New tweet from SpeakerRyan: Retweet to agree → Our men and women in uniform
deserve a pay raise. The House is about to vote to give them their…
https://t.co/CRO1eLROEf
about to get all tweets newer than ID #836780744810844161 for account
@StephenMillerAL

archiving URL http://twitter.com/SpeakerRyan/status/1012342828075311104
    ... archiving using prefix http://web.archive.org/save/

archiving URL https://twitter.com/SpeakerRyan/status/1012342828075311104
    ... archiving using prefix http://web.archive.org/save/


New tweet from SpeakerRyan: This funding package will help deliver better care
 for our veterans and grow our economy with critical investments…
https://t.co/zJ11VvNMUl

archiving URL http://twitter.com/SpeakerRyan/status/1012350449792536579
    ... archiving using prefix http://web.archive.org/save/
about to get all tweets newer than ID #1007022462205349894 for account
@BetsyDeVosED

archiving URL https://twitter.com/SpeakerRyan/status/1012350449792536579
    ... archiving using prefix http://web.archive.org/save/
about to get all tweets newer than ID #1008005270235205632 for account
@RealBenCarson
about to get all tweets newer than ID #1012032325029388288 for account
@SecretaryAcosta
about to get all tweets newer than ID #1012332204272291841 for account
@seanspicer
about to get all tweets newer than ID #1009853078906994689 for account
@MickMulvaneyOMB
about to get all tweets newer than ID #824610180881117184 for account
@GovPenceIN
about to get all tweets newer than ID #1011952587053072386 for account
@stevenmnuchin1
about to get all tweets newer than ID #856041462164836355 for account
@FirstLadyIN
about to get all tweets newer than ID #1011802300715761664 for account
@JessicaDitto45
about to get all tweets newer than ID #954801265732661248 for account
@MELANIATRUMP
about to get all tweets newer than ID #1012341663992295424 for account @SBALinda
about to get all tweets newer than ID #1012026965702971392 for account
@SecNielsen
about to get all tweets newer than ID #1012331714927087617 for account
@nikkihaley
about to get all tweets newer than ID #1008040710283628544 for account @Comey
about to get all tweets newer than ID #1012198552230154245 for account
@Scavino45
about to get all tweets newer than ID #1012338400190443522 for account
@statedeptspox
getting all tweets before ID #1000079990430593024
    ...400 tweets downloaded so far


New tweet from statedeptspox: RT @IvankaTrump: Tomorrow I am honored to join
@SecPompeo at the State Department to release the 2018 Trafficking in Persons
Report. Watch…
about to get all tweets newer than ID #1012006647454162945 for account
@IvankaTrumpHQ

archiving URL http://twitter.com/statedeptspox/status/1012338546835943424
    ... archiving using prefix http://web.archive.org/save/

archiving URL https://twitter.com/statedeptspox/status/1012338546835943424
    ... archiving using prefix http://web.archive.org/save/
about to get all tweets newer than ID #1010527605798457344 for account @Reince
about to get all tweets newer than ID #1011645161322008576 for account @Cabinet
about to get all tweets newer than ID #1012154915827912704 for account
@IvankaTrump
about to get all tweets newer than ID #816290296048873472 for account
@WilburRoss
about to get all tweets newer than ID #1011721114958073856 for account
@KellyannePolls
about to get all tweets newer than ID #994396943421001728 for account
@TomBossert45
about to get all tweets newer than ID #832282841471918080 for account
@BetsyDeVos
... OK, we're set up, and about to watch 822215673812119553, 956283913835614208,
 842072478834909184, 65522706, 296060169, 105267762, 733751245,
829782369670410240, 827258161841135623, 826065858548133888, 212262370, 22203756,
 29547260, 118756393, 818910970567344128, 18906561, 894923298374651904,
803703725730779136, 818876014390603776, 620571475, 822127086194348032,
831482588246196225, 920035992073064450, 24578794, 832672006113931269,
828613457020870657, 823638938590085124, 830128820447539208, 818927131883356161,
25073877, 6577802, 822215679726100480, 836305915452272641, 18916432,
728361177986797568, 828997388920619008, 1180379185, 819980276570976256,
20776147, 888031054141022209, 15985455, 799764016885329921, 1923451808,
836724024688410625, 108471631, 819992522109894658, 935148134505828353, 37666984,
 2334193741, 823367015830323201, 1967216306, 798195585824104449, 20733972,
818928162449068032, 52544275, 809836066316451840, 471672239, 866746592853979137,
 599530439
