Hello, traveler. This is the beginning of a log file called: "Fascist Tweet Archiver".
Some basic system info about the host machine: posix.uname_result(sysname='Linux', nodename='file-server', release='3.16.0-6-686-pae', version='#1 SMP Debian 3.16.57-2 (2018-07-14)', machine='i686')
This log was begun Friday, 10 August 2018 at 19:27



INFO: read target account data; we're tracking 59 accounts
WARNING: no ProtocolError (got exception "name 'ProtocolError' is not defined");
 trying requests.packages.urllib3.exceptions instead
NOTE: successfully imported from requests
Starting up...
about to get all tweets newer than ID #1028055006166110213 for account
@JessicaDitto45
about to get all tweets newer than ID #954801265732661248 for account
@MELANIATRUMP
about to get all tweets newer than ID #1028079035220406272 for account
@statedeptspox
about to get all tweets newer than ID #1028053269535502336 for account @PressSec
ERROR: unable to get tweets for account @PressSec
           the system said: Failed to parse JSON payload: Unterminated string
starting at: line 1 column 611166 (char 611165)
about to get all tweets newer than ID #1027034417146093568 for account @PRyan
ERROR: unable to get tweets for account @PRyan
           the system said: Failed to send request:
HTTPSConnectionPool(host='api.twitter.com', port=443): Read timed out.
about to get all tweets newer than ID #1028005613144612864 for account @SBALinda
about to get all tweets newer than ID #1028017284370051073 for account @SecAzar
ERROR: unable to get tweets for account @SecAzar
           the system said: Failed to parse JSON payload: Unterminated string
starting at: line 1 column 605946 (char 605945)
about to get all tweets newer than ID #903694300306923521 for account
@SecElaineChao
about to get all tweets newer than ID #1028044366097666048 for account
@SecondLady
ERROR: unable to get tweets for account @SecondLady
           the system said: Failed to send request:
HTTPSConnectionPool(host='api.twitter.com', port=443): Read timed out.
about to get all tweets newer than ID #913881045652688901 for account
@SecPriceMD
about to get all tweets newer than ID #1027947934762065921 for account
@EnergyDepSec
ERROR: unable to get tweets for account @EnergyDepSec
           the system said: Failed to parse JSON payload: Unterminated string
starting at: line 1 column 607779 (char 607778)
about to get all tweets newer than ID #1027032901299396610 for account
@RealBenCarson
ERROR: unable to get tweets for account @RealBenCarson
           the system said: Failed to parse JSON payload: Unterminated string
starting at: line 1 column 626185 (char 626184)
about to get all tweets newer than ID #830074939298414592 for account
@RepTomPrice
about to get all tweets newer than ID #978650205192044545 for account
@SecShulkin
about to get all tweets newer than ID #1027639455044304896 for account @FLOTUS
about to get all tweets newer than ID #1027984089163419648 for account
@IvankaTrump
ERROR: unable to get tweets for account @IvankaTrump
           the system said: Failed to parse JSON payload: Unterminated string
starting at: line 1 column 608251 (char 608250)
about to get all tweets newer than ID #1028012737790656513 for account
@Scaramucci
ERROR: unable to get tweets for account @Scaramucci
           the system said: Failed to send request:
HTTPSConnectionPool(host='api.twitter.com', port=443): Read timed out.
about to get all tweets newer than ID #1027944176456028161 for account @Reince
ERROR: unable to get tweets for account @Reince
           the system said: Failed to parse JSON payload: Unterminated string
starting at: line 1 column 606285 (char 606284)
about to get all tweets newer than ID #1026499587652108288 for account @Cabinet
ERROR: unable to get tweets for account @Cabinet
           the system said: Failed to parse JSON payload: Unterminated string
starting at: line 1 column 610135 (char 610134)
about to get all tweets newer than ID #890659905798983680 for account @Reince45
ERROR: unable to get tweets for account @Reince45
           the system said: Not authorized.
about to get all tweets newer than ID #1021844939473387520 for account
@IvankaTrumpHQ
ERROR: unable to get tweets for account @IvankaTrumpHQ
           the system said: Not authorized.
about to get all tweets newer than ID #1027688230336905217 for account
@GovernorPerry
about to get all tweets newer than ID #1028050851292749826 for account @POTUS
about to get all tweets newer than ID #816290296048873472 for account
@WilburRoss
about to get all tweets newer than ID #1026491173878288384 for account @Comey
about to get all tweets newer than ID #1026613666874097664 for account
@AmbJohnBolton
ERROR: unable to get tweets for account @AmbJohnBolton
           the system said: Failed to parse JSON payload: Unterminated string
starting at: line 1 column 608976 (char 608975)
about to get all tweets newer than ID #-1 for account @jaredkushner
about to get all tweets newer than ID #1028056640422068225 for account
@realDonaldTrump
ERROR: unable to get tweets for account @realDonaldTrump
           the system said: Failed to send request: EOF occurred in violation of
 protocol (_ssl.c:600)
about to get all tweets newer than ID #1024829935238750208 for account
@AshLeeStrong
about to get all tweets newer than ID #1028017629548765184 for account
@mike_pence
about to get all tweets newer than ID #1027981164315914240 for account
@SpeakerRyan
about to get all tweets newer than ID #1027937005785755650 for account
@SecretaryRoss
about to get all tweets newer than ID #1028046937784762368 for account
@SecretaryPerry
about to get all tweets newer than ID #1028063194659676160 for account
@WhiteHouse
ERROR: unable to get tweets for account @WhiteHouse
           the system said: Failed to parse JSON payload: Unterminated string
starting at: line 1 column 621791 (char 621790)
about to get all tweets newer than ID #1027723971448512513 for account
@SecretarySonny
ERROR: unable to get tweets for account @SecretarySonny
           the system said: Failed to parse JSON payload: Unterminated string
starting at: line 1 column 604294 (char 604293)
about to get all tweets newer than ID #1027726466711252992 for account
@DanScavino
ERROR: unable to get tweets for account @DanScavino
           the system said: Failed to parse JSON payload: Unterminated string
starting at: line 1 column 624080 (char 624079)
about to get all tweets newer than ID #1027234212007567361 for account
@SecretaryCarson
about to get all tweets newer than ID #1028088610866831362 for account
@seanspicer
about to get all tweets newer than ID #1014519079284199424 for account
@EPAScottPruitt
ERROR: unable to get tweets for account @EPAScottPruitt
           the system said: [{'code': 34, 'message': 'Sorry, that page does not
exist.'}]
about to get all tweets newer than ID #1024306290342993920 for account
@stevenmnuchin1
ERROR: unable to get tweets for account @stevenmnuchin1
           the system said: Failed to parse JSON payload: Unterminated string
starting at: line 1 column 625592 (char 625591)
about to get all tweets newer than ID #824610180881117184 for account
@GovPenceIN
about to get all tweets newer than ID #1028045698753810432 for account @VP
about to get all tweets newer than ID #1028038724976816129 for account
@DepSecHargan
ERROR: unable to get tweets for account @DepSecHargan
           the system said: Failed to parse JSON payload: Unterminated string
starting at: line 1 column 604466 (char 604465)
about to get all tweets newer than ID #1003795765028884485 for account
@Linda_McMahon
ERROR: unable to get tweets for account @Linda_McMahon
           the system said: Failed to parse JSON payload: Expecting value: line
1 column 606372 (char 606371)
about to get all tweets newer than ID #1027639789359652864 for account
@StephGrisham45
ERROR: unable to get tweets for account @StephGrisham45
           the system said: Failed to parse JSON payload: Expecting property
name enclosed in double quotes: line 1 column 606371 (char 606370)
about to get all tweets newer than ID #856041462164836355 for account
@FirstLadyIN
ERROR: unable to get tweets for account @FirstLadyIN
           the system said: Failed to parse JSON payload: Unterminated string
starting at: line 1 column 605874 (char 605873)
about to get all tweets newer than ID #1025423091822997505 for account
@MickMulvaneyOMB
about to get all tweets newer than ID #1027606877323108352 for account
@Scavino45
about to get all tweets newer than ID #1028082543680212993 for account
@nikkihaley
ERROR: unable to get tweets for account @nikkihaley
           the system said: Failed to parse JSON payload: Expecting ','
delimiter: line 1 column 610956 (char 610955)
about to get all tweets newer than ID #1025715874391568385 for account
@BetsyDeVosED
about to get all tweets newer than ID #-1 for account @ElaineChao
about to get all tweets newer than ID #1028071383195164679 for account
@SecretaryZinke
about to get all tweets newer than ID #1024348660753149952 for account
@KellyannePolls
about to get all tweets newer than ID #1027872368176324608 for account
@SecretaryAcosta
about to get all tweets newer than ID #832282841471918080 for account
@BetsyDeVos
about to get all tweets newer than ID #994396943421001728 for account
@TomBossert45
about to get all tweets newer than ID #816846808789958656 for account
@SenDanCoats
about to get all tweets newer than ID #836780744810844161 for account
@StephenMillerAL
about to get all tweets newer than ID #1028035208447021056 for account
@SecNielsen
... OK, we're set up, and about to watch 836724024688410625, 108471631,
1967216306, 818927131883356161, 733751245, 819992522109894658,
956283913835614208, 826065858548133888, 822127086194348032, 829782369670410240,
894923298374651904, 1180379185, 6577802, 831482588246196225, 818876014390603776,
 52544275, 24578794, 20733972, 818928162449068032, 803703725730779136,
798195585824104449, 18906561, 822215679726100480, 809836066316451840,
2334193741, 118756393, 29547260, 25073877, 296060169, 22203756, 18916432,
836305915452272641, 830128820447539208, 822215673812119553, 842072478834909184,
620571475, 828613457020870657, 20776147, 832672006113931269, 799764016885329921,
 15985455, 818910970567344128, 920035992073064450, 65522706, 823638938590085124,
 1923451808, 888031054141022209, 823367015830323201, 37666984,
828997388920619008, 105267762, 827258161841135623, 471672239,
819980276570976256, 599530439, 866746592853979137, 212262370,
728361177986797568, 935148134505828353
WARNING: received error HTTPSConnectionPool(host='stream.twitter.com',
port=443): Read timed out.; sleeping and trying again ...
WARNING: received error HTTPSConnectionPool(host='stream.twitter.com',
port=443): Read timed out.; sleeping and trying again ...


New tweet from Scavino45: RT @PierceSheriff: Follow this thread for official
info. This is not a terrorist incident. Confirmed info .. this is a single
suicide male.…

archiving URL http://twitter.com/Scavino45/status/1028147639760629760
    ... archiving using prefix http://web.archive.org/save/

archiving URL https://twitter.com/Scavino45/status/1028147639760629760
    ... archiving using prefix http://web.archive.org/save/


New tweet from Scavino45: Thank you @usairforce!!

archiving URL http://twitter.com/Scavino45/status/1028149174557134848
    ... archiving using prefix http://web.archive.org/save/

archiving URL https://twitter.com/Scavino45/status/1028149174557134848
    ... archiving using prefix http://web.archive.org/save/
INFO: handling a deletion for data:

{'delete': {'status': {'id':
1028147639760629760,
                       'id_str': '1028147639760629760',

                       'user_id': 823367015830323201,
'user_id_str': '823367015830323201'},
            'timestamp_ms':
'1533965357234'}}
INFO: successfully dumped raw data to JSON file
INFO: We're handling a deletion notification for tweet ID# 1028147639760629760
on account Scavino45
INFO: get_archived_tweet() called to get tweet ID 1028147639760629760 for
account Scavino45
INFO: found a tweet!
http://web.archive.org/*/http://twitter.com/Scavino45/status/1028147639760629760
	RT @PierceSheriff: Follow this thread for official info. This is not a
terrorist incident. Confirmed info .. this is a single suicide male.…
... adding to list of deleted tweets
... added
... but we're not going to tweet about it because Scavino45 is not in the list
of accounts we tweet about
INFO: handling a deletion for data:

{'delete': {'status': {'id':
1028149174557134848,
                       'id_str': '1028149174557134848',

                       'user_id': 823367015830323201,
'user_id_str': '823367015830323201'},
            'timestamp_ms':
'1533965415467'}}
INFO: successfully dumped raw data to JSON file
INFO: We're handling a deletion notification for tweet ID# 1028149174557134848
on account Scavino45
INFO: get_archived_tweet() called to get tweet ID 1028149174557134848 for
account Scavino45
INFO: found a tweet!
http://web.archive.org/*/http://twitter.com/Scavino45/status/1028149174557134848
	Thank you @usairforce!!
... adding to list of deleted tweets
... added
... but we're not going to tweet about it because Scavino45 is not in the list
of accounts we tweet about


New tweet from SecretaryAcosta: ICYMI: A record high 156 million Americans are
 working in @POTUS’s economy. https://t.co/uUYGoG4IkC

archiving URL http://twitter.com/SecretaryAcosta/status/1028249798619607043
    ... archiving using prefix http://web.archive.org/save/

archiving URL https://twitter.com/SecretaryAcosta/status/1028249798619607043
    ... archiving using prefix http://web.archive.org/save/
WARNING: received error ('Connection broken: IncompleteRead(0 bytes read, 512
more expected)', IncompleteRead(0 bytes read, 512 more expected)); sleeping and
trying again ...
WARNING: received error ('Connection broken: IncompleteRead(0 bytes read, 512
more expected)', IncompleteRead(0 bytes read, 512 more expected)); sleeping and
trying again ...
