Hello, traveler. This is the beginning of a log file called: "Fascist Tweet Archiver".
Some basic system info about the host machine: posix.uname_result(sysname='Linux', nodename='file-server', release='3.16.0-6-686-pae', version='#1 SMP Debian 3.16.56-1+deb8u1 (2018-05-08)', machine='i686')
This log was begun Wednesday, 27 June 2018 at 19:12



INFO: read target account data; we're tracking 59 accounts
WARNING: no ProtocolError (got exception "name 'ProtocolError' is not defined");
 trying requests.packages.urllib3.exceptions instead
NOTE: successfully imported from requests
Starting up...
about to get all tweets newer than ID #1011971951265542149 for account
@DepSecHargan
about to get all tweets newer than ID #1010230822480285696 for account
@SecretaryRoss
about to get all tweets newer than ID #1012028967677722625 for account @SBALinda
about to get all tweets newer than ID #832282841471918080 for account
@BetsyDeVos
about to get all tweets newer than ID #1012119913933262848 for account
@statedeptspox
about to get all tweets newer than ID #816290296048873472 for account
@WilburRoss
about to get all tweets newer than ID #-1 for account @ElaineChao
about to get all tweets newer than ID #1011550724352806912 for account
@GovernorPerry
about to get all tweets newer than ID #1011976909570404354 for account
@StephGrisham45
about to get all tweets newer than ID #1012114503125864448 for account
@IvankaTrump
about to get all tweets newer than ID #1011324901016457217 for account @PRyan
about to get all tweets newer than ID #1003795765028884485 for account
@Linda_McMahon
about to get all tweets newer than ID #1012063299628949504 for account
@SecretaryCarson
about to get all tweets newer than ID #1012096002894041093 for account
@SecondLady
about to get all tweets newer than ID #1012133587204726785 for account
@nikkihaley
about to get all tweets newer than ID #824610180881117184 for account
@GovPenceIN
about to get all tweets newer than ID #1009853078906994689 for account
@MickMulvaneyOMB
about to get all tweets newer than ID #1011976212992835584 for account @FLOTUS
about to get all tweets newer than ID #830074939298414592 for account
@RepTomPrice
about to get all tweets newer than ID #1012118221032427522 for account @PressSec
about to get all tweets newer than ID #1011254174770778112 for account
@DanScavino
about to get all tweets newer than ID #978650205192044545 for account
@SecShulkin
about to get all tweets newer than ID #1011719277735501831 for account @SecAzar
about to get all tweets newer than ID #1012026965702971392 for account
@SecNielsen
about to get all tweets newer than ID #954801265732661248 for account
@MELANIATRUMP
about to get all tweets newer than ID #1012065299091410944 for account
@Scaramucci
about to get all tweets newer than ID #1012123584343478272 for account @VP
getting all tweets before ID #1002294138031788031
    ...400 tweets downloaded so far


New tweet from VP: Great visit to Brazil. Thank you to President @MichelTemer
for your hospitality in Brasília. We are all working tog…
https://t.co/ztlFGX0d9K
about to get all tweets newer than ID #1012006647454162945 for account
@IvankaTrumpHQ

archiving URL http://twitter.com/VP/status/1012144855743467521
    ... archiving using prefix http://web.archive.org/save/
about to get all tweets newer than ID #1012046323451813889 for account
@SecretaryZinke
about to get all tweets newer than ID #1008040710283628544 for account @Comey
about to get all tweets newer than ID #1006582155357642753 for account
@AmbJohnBolton
about to get all tweets newer than ID #1012097151277649921 for account
@SpeakerRyan
about to get all tweets newer than ID #-1 for account @jaredkushner
about to get all tweets newer than ID #994396943421001728 for account
@TomBossert45
about to get all tweets newer than ID #836780744810844161 for account
@StephenMillerAL
about to get all tweets newer than ID #1008005270235205632 for account
@RealBenCarson
about to get all tweets newer than ID #1011587526094704640 for account
@EnergyDepSec
about to get all tweets newer than ID #1012134262416568321 for account
@seanspicer
about to get all tweets newer than ID #1011952587053072386 for account
@stevenmnuchin1
about to get all tweets newer than ID #903694300306923521 for account
@SecElaineChao
about to get all tweets newer than ID #1011721114958073856 for account
@KellyannePolls
about to get all tweets newer than ID #1012103031104688133 for account
@WhiteHouse
about to get all tweets newer than ID #1011802300715761664 for account
@JessicaDitto45
about to get all tweets newer than ID #856041462164836355 for account
@FirstLadyIN
about to get all tweets newer than ID #913881045652688901 for account
@SecPriceMD
about to get all tweets newer than ID #1012105253188263936 for account @POTUS
about to get all tweets newer than ID #1012059279564722176 for account
@AshLeeStrong
getting all tweets before ID #996001138276171775
    ...400 tweets downloaded so far


New tweet from AshLeeStrong: Stefanik is chair of the Subcommittee on Emerging
 Threats &amp; Capabilities. She has been selected four consecutive ye…
https://t.co/rTDLYNL2Dc
about to get all tweets newer than ID #1010527605798457344 for account @Reince

archiving URL http://twitter.com/AshLeeStrong/status/1012135703692611586
    ... archiving using prefix http://web.archive.org/save/

archiving URL https://twitter.com/AshLeeStrong/status/1012135703692611586
    ... archiving using prefix http://web.archive.org/save/
about to get all tweets newer than ID #890659905798983680 for account @Reince45
ERROR: unable to get tweets for account @Reince45
           the system said: Not authorized.
about to get all tweets newer than ID #1012083755245137922 for account
@Scavino45
about to get all tweets newer than ID #1012032325029388288 for account
@SecretaryAcosta
about to get all tweets newer than ID #816846808789958656 for account
@SenDanCoats
about to get all tweets newer than ID #1012112077781995521 for account
@realDonaldTrump
about to get all tweets newer than ID #1007022462205349894 for account
@BetsyDeVosED
about to get all tweets newer than ID #1012116793714933761 for account
@SecretaryPerry
about to get all tweets newer than ID #1011645161322008576 for account @Cabinet
about to get all tweets newer than ID #1011794086448238593 for account
@mike_pence
about to get all tweets newer than ID #1011786070013472768 for account
@SecretarySonny
about to get all tweets newer than ID #1012124240416395264 for account
@EPAScottPruitt
... OK, we're set up, and about to watch 920035992073064450, 836305915452272641,
 819992522109894658, 599530439, 1967216306, 809836066316451840, 105267762,
18906561, 823638938590085124, 52544275, 733751245, 65522706, 828613457020870657,
 822127086194348032, 37666984, 15985455, 888031054141022209, 818876014390603776,
 6577802, 818927131883356161, 620571475, 831482588246196225, 956283913835614208,
 935148134505828353, 108471631, 24578794, 818910970567344128,
798195585824104449, 827258161841135623, 2334193741, 118756393, 18916432,
29547260, 866746592853979137, 728361177986797568, 1180379185,
894923298374651904, 20776147, 799764016885329921, 826065858548133888, 471672239,
 822215673812119553, 836724024688410625, 1923451808, 829782369670410240,
822215679726100480, 296060169, 20733972, 803703725730779136, 823367015830323201,
 819980276570976256, 212262370, 25073877, 828997388920619008,
830128820447539208, 818928162449068032, 22203756, 842072478834909184,
832672006113931269
