Hello, traveler. This is the beginning of a log file called: "Fascist Tweet Archiver".
Some basic system info about the host machine: posix.uname_result(sysname='Linux', nodename='file-server', release='3.16.0-7-686-pae', version='#1 SMP Debian 3.16.59-1 (2018-10-03)', machine='i686')
This log was begun Tuesday, 09 October 2018 at 19:46



INFO: read target account data; we're tracking 59 accounts
WARNING: no ProtocolError (got exception "name 'ProtocolError' is not defined");
 trying requests.packages.urllib3.exceptions instead
NOTE: successfully imported from requests
Starting up...
about to get all tweets newer than ID #1049754490931486726 for account
@SecondLady
about to get all tweets newer than ID #1049710970191441920 for account
@StephGrisham45
ERROR: unable to get tweets for account @StephGrisham45
           the system said: Failed to parse JSON payload: Unterminated string
starting at: line 1 column 606198 (char 606197)
about to get all tweets newer than ID #1049821697866653696 for account @SecAzar
about to get all tweets newer than ID #1049334801298350081 for account @Reince
about to get all tweets newer than ID #1049707462822121472 for account @FLOTUS
about to get all tweets newer than ID #1049780649345908737 for account
@SecretaryZinke
ERROR: unable to get tweets for account @SecretaryZinke
           the system said: Failed to parse JSON payload: Unterminated string
starting at: line 1 column 606165 (char 606164)
about to get all tweets newer than ID #1049775488045129730 for account
@nikkihaley
ERROR: unable to get tweets for account @nikkihaley
           the system said: Failed to parse JSON payload: Unterminated string
starting at: line 1 column 606194 (char 606193)
about to get all tweets newer than ID #1049837468105740289 for account @SBALinda
ERROR: unable to get tweets for account @SBALinda
           the system said: Failed to parse JSON payload: Unterminated string
starting at: line 1 column 851956 (char 851955)
about to get all tweets newer than ID #1049767893192372225 for account
@statedeptspox
about to get all tweets newer than ID #824610180881117184 for account
@GovPenceIN
about to get all tweets newer than ID #1049785326124900359 for account @Cabinet
about to get all tweets newer than ID #856041462164836355 for account
@FirstLadyIN
about to get all tweets newer than ID #816846808789958656 for account
@SenDanCoats
about to get all tweets newer than ID #1049761911321980933 for account
@stevenmnuchin1
about to get all tweets newer than ID #1049774992328671233 for account
@SecretaryRoss
getting all tweets before ID #836986961504137216
    ...132 tweets downloaded so far


New tweet from SecretaryRoss: #HurricaneMichael could cause storm surges above
 9 feet high. If you are told to evacuate, please do so immediately.
https://t.co/bzdNLqRmRt

archiving URL http://twitter.com/SecretaryRoss/status/1049800114733285382
about to get all tweets newer than ID #836780744810844161 for account
@StephenMillerAL
    ... archiving using prefix http://web.archive.org/save/

archiving URL https://twitter.com/SecretaryRoss/status/1049800114733285382
    ... archiving using prefix http://web.archive.org/save/
about to get all tweets newer than ID #1049808481317003264 for account
@SecretaryPerry
about to get all tweets newer than ID #1049728941890658310 for account
@EnergyDepSec
about to get all tweets newer than ID #1049832845592723457 for account
@realDonaldTrump
about to get all tweets newer than ID #954801265732661248 for account
@MELANIATRUMP
about to get all tweets newer than ID #890659905798983680 for account @Reince45
ERROR: unable to get tweets for account @Reince45
           the system said: Not authorized.
about to get all tweets newer than ID #1049782602733940738 for account
@DepSecHargan
about to get all tweets newer than ID #1049795837415559169 for account
@AmbJohnBolton
about to get all tweets newer than ID #1049342810267308032 for account
@KellyannePolls
about to get all tweets newer than ID #1049805462424702977 for account
@WhiteHouse
about to get all tweets newer than ID #1048996316590825472 for account
@DanScavino
about to get all tweets newer than ID #1049633830385197056 for account
@JessicaDitto45
getting all tweets before ID #1032009212564582401
    ...399 tweets downloaded so far


New tweet from JessicaDitto45: RT @FLGovScott: If you’re in an evacuation
zone, I am urging you to leave RIGHT NOW. Do not risk your life or the lives of
your loved ones-…

archiving URL http://twitter.com/JessicaDitto45/status/1049838870085492736
    ... archiving using prefix http://web.archive.org/save/
about to get all tweets newer than ID #1021844939473387520 for account
@IvankaTrumpHQ
ERROR: unable to get tweets for account @IvankaTrumpHQ
           the system said: Not authorized.
about to get all tweets newer than ID #1049834778445447168 for account
@seanspicer

archiving URL https://twitter.com/JessicaDitto45/status/1049838870085492736
    ... archiving using prefix http://web.archive.org/save/


New tweet from JessicaDitto45: RT @FLSERT: #HurricaneMichael will be the
strongest storm to impact portions of Florida in more than 100 years. DO NOT
IGNORE #EVACUATION O…

archiving URL http://twitter.com/JessicaDitto45/status/1049839086041731072
    ... archiving using prefix http://web.archive.org/save/

archiving URL https://twitter.com/JessicaDitto45/status/1049839086041731072
    ... archiving using prefix http://web.archive.org/save/
about to get all tweets newer than ID #832282841471918080 for account
@BetsyDeVos


New tweet from JessicaDitto45: RT @SBALinda: I had the chance to check in with
 @FLGovScott to discuss #Florida’s preparation for #HurricaneMichael. Please do
NOT ignore t…

archiving URL http://twitter.com/JessicaDitto45/status/1049839245844783104
    ... archiving using prefix http://web.archive.org/save/

archiving URL https://twitter.com/JessicaDitto45/status/1049839245844783104
    ... archiving using prefix http://web.archive.org/save/
about to get all tweets newer than ID #994396943421001728 for account
@TomBossert45
about to get all tweets newer than ID #1048681488789786624 for account
@RealBenCarson
about to get all tweets newer than ID #913881045652688901 for account
@SecPriceMD
about to get all tweets newer than ID #1049452381895831553 for account @PRyan
about to get all tweets newer than ID #1014519079284199424 for account
@EPAScottPruitt
ERROR: unable to get tweets for account @EPAScottPruitt
           the system said: [{'code': 34, 'message': 'Sorry, that page does not
exist.'}]
about to get all tweets newer than ID #-1 for account @jaredkushner
about to get all tweets newer than ID #1049773378167590912 for account
@IvankaTrump
ERROR: unable to get tweets for account @IvankaTrump
           the system said: Failed to send request:
HTTPSConnectionPool(host='api.twitter.com', port=443): Read timed out.
about to get all tweets newer than ID #816290296048873472 for account
@WilburRoss
about to get all tweets newer than ID #1003795765028884485 for account
@Linda_McMahon
about to get all tweets newer than ID #1049663814411669504 for account @PressSec
getting all tweets before ID #1003326937568350207
    ...399 tweets downloaded so far


New tweet from PressSec: RT @FLGovScott: If you’re in an evacuation zone, I am
 urging you to leave RIGHT NOW. Do not risk your life or the lives of your loved
 ones-…

archiving URL http://twitter.com/PressSec/status/1049840705449775105
    ... archiving using prefix http://web.archive.org/save/
about to get all tweets newer than ID #1049748686295699456 for account
@SecNielsen

archiving URL https://twitter.com/PressSec/status/1049840705449775105
    ... archiving using prefix http://web.archive.org/save/
about to get all tweets newer than ID #830074939298414592 for account
@RepTomPrice
about to get all tweets newer than ID #1049782722636472320 for account
@Scaramucci
about to get all tweets newer than ID #1049735992272408577 for account
@SpeakerRyan
about to get all tweets newer than ID #978650205192044545 for account
@SecShulkin
about to get all tweets newer than ID #1049785933724188672 for account
@Scavino45
about to get all tweets newer than ID #903694300306923521 for account
@SecElaineChao
about to get all tweets newer than ID #1047975932882051072 for account
@BetsyDeVosED
about to get all tweets newer than ID #1049709567943294976 for account
@SecretaryCarson
about to get all tweets newer than ID #1049415088141164546 for account
@AshLeeStrong
about to get all tweets newer than ID #1044205921759444992 for account
@GovernorPerry
ERROR: unable to get tweets for account @GovernorPerry
           the system said: Failed to send request:
HTTPSConnectionPool(host='api.twitter.com', port=443): Read timed out. (read
timeout=60)
about to get all tweets newer than ID #1049753771968999425 for account
@SecretaryAcosta
about to get all tweets newer than ID #1049786239417647104 for account @POTUS
about to get all tweets newer than ID #-1 for account @ElaineChao
about to get all tweets newer than ID #1047544008153735168 for account @Comey
about to get all tweets newer than ID #1049818073673490434 for account
@SecretarySonny
about to get all tweets newer than ID #1048291544044896257 for account
@MickMulvaneyOMB
about to get all tweets newer than ID #1049818033370353665 for account
@mike_pence
about to get all tweets newer than ID #1049782184427626497 for account @VP
getting all tweets before ID #1041102490144522239
    ...400 tweets downloaded so far


New tweet from VP: RT @FLGovScott: If you’re in an evacuation zone, I am
urging you to leave RIGHT NOW. Do not risk your life or the lives of your loved
ones-…

archiving URL http://twitter.com/VP/status/1049843602019573761
... OK, we're set up, and about to watch 822127086194348032, 823638938590085124,
 956283913835614208, 20733972, 818876014390603776, 827258161841135623, 37666984,
 819992522109894658, 1967216306, 15985455, 818928162449068032, 1923451808,
212262370, 799764016885329921, 836305915452272641, 728361177986797568,
830128820447539208, 894923298374651904, 25073877, 108471631, 803703725730779136,
 920035992073064450, 118756393, 471672239, 822215673812119553, 620571475,
836724024688410625, 798195585824104449, 20776147, 599530439, 866746592853979137,
 1180379185, 829782369670410240, 733751245, 832672006113931269, 29547260,
52544275, 809836066316451840, 65522706, 818927131883356161, 935148134505828353,
6577802, 24578794, 18916432, 831482588246196225, 823367015830323201,
826065858548133888, 828997388920619008, 828613457020870657, 296060169, 18906561,
 819980276570976256, 822215679726100480, 105267762, 2334193741,
842072478834909184, 888031054141022209, 22203756, 818910970567344128
    ... archiving using prefix http://web.archive.org/save/

archiving URL https://twitter.com/VP/status/1049843602019573761
    ... archiving using prefix http://web.archive.org/save/


New tweet from nikkihaley: RT @BiancaJagger: I’m sad to learn that @nikkihaley
 will steep down at the end of the year. You have done an outstanding job as US
Amb to t…

archiving URL http://twitter.com/nikkihaley/status/1049847241136070656
    ... archiving using prefix http://web.archive.org/save/


New tweet from nikkihaley: RT @marcorubio: Even by todays low standards the
baseless speculation from some journalists about potential reasons why
@nikkihaley is resi…

archiving URL http://twitter.com/nikkihaley/status/1049847334723555331
    ... archiving using prefix http://web.archive.org/save/


New tweet from nikkihaley: RT @nuludong: @nikkihaley you brought your southern
 charm and hospitality and showed passion in representing your country...really,
 like ma…

archiving URL http://twitter.com/nikkihaley/status/1049847535190327299
    ... archiving using prefix http://web.archive.org/save/
WARNING: received error ('Connection broken: IncompleteRead(0 bytes read, 512
more expected)', IncompleteRead(0 bytes read, 512 more expected)); sleeping and
trying again ...

archiving URL https://twitter.com/nikkihaley/status/1049847334723555331
    ... archiving using prefix http://web.archive.org/save/

archiving URL https://twitter.com/nikkihaley/status/1049847241136070656
    ... archiving using prefix http://web.archive.org/save/

archiving URL https://twitter.com/nikkihaley/status/1049847535190327299
    ... archiving using prefix http://web.archive.org/save/


New tweet from nikkihaley: RT @AmbMudallali: It has been a pleasure and a
privilege throughout this year to work with US PR ⁦@nikkihaley⁩ and ⁦@USUN⁩ on
issues relate…

archiving URL http://twitter.com/nikkihaley/status/1049848030583816193
    ... archiving using prefix http://web.archive.org/save/


New tweet from nikkihaley: RT @seanspicer: Thanks to Ambassador @nikkihaley
for her service to our nation.  Long list of accomplishments at the UN during
her tenure

archiving URL http://twitter.com/nikkihaley/status/1049848086514819072
    ... archiving using prefix http://web.archive.org/save/
WARNING: attempt to archive timed out, sleeping for 10 seconds


New tweet from nikkihaley: RT @vloracitaku: Thank you @nikkihaley for your
unwavering support to #Kosovo! Thank you for your dedication. @Teutasah and
myself will mis…

archiving URL http://twitter.com/nikkihaley/status/1049848251762008065
    ... archiving using prefix http://web.archive.org/save/
WARNING: received error ('Connection broken: IncompleteRead(0 bytes read, 512
more expected)', IncompleteRead(0 bytes read, 512 more expected)); sleeping and
trying again ...

archiving URL https://twitter.com/nikkihaley/status/1049848086514819072
    ... archiving using prefix http://web.archive.org/save/

archiving URL https://twitter.com/nikkihaley/status/1049848030583816193
    ... archiving using prefix http://web.archive.org/save/

archiving URL https://twitter.com/nikkihaley/status/1049848251762008065
    ... archiving using prefix http://web.archive.org/save/


New tweet from realDonaldTrump: RT @FLGovScott: If you’re in an evacuation
zone, I am urging you to leave RIGHT NOW. Do not risk your life or the lives of
your loved ones-…

archiving URL http://twitter.com/realDonaldTrump/status/1049849039418679296
    ... archiving using prefix http://web.archive.org/save/


New tweet from Scavino45: RT @FLGovScott: If you’re in an evacuation zone, I
am urging you to leave RIGHT NOW. Do not risk your life or the lives of your
loved ones-…

archiving URL http://twitter.com/Scavino45/status/1049849132486025216
    ... archiving using prefix http://web.archive.org/save/


New tweet from POTUS: RT @FLGovScott: If you’re in an evacuation zone, I am
urging you to leave RIGHT NOW. Do not risk your life or the lives of your loved
ones-…

archiving URL http://twitter.com/POTUS/status/1049849358672220161
    ... archiving using prefix http://web.archive.org/save/

archiving URL https://twitter.com/realDonaldTrump/status/1049849039418679296
    ... archiving using prefix http://web.archive.org/save/

archiving URL https://twitter.com/Scavino45/status/1049849132486025216
    ... archiving using prefix http://web.archive.org/save/
WARNING: received error ('Connection broken: IncompleteRead(0 bytes read, 512
more expected)', IncompleteRead(0 bytes read, 512 more expected)); sleeping and
trying again ...

archiving URL https://twitter.com/POTUS/status/1049849358672220161
    ... archiving using prefix http://web.archive.org/save/
