Hello, traveler. This is the beginning of a log file called: "Fascist Tweet Archiver".
Some basic system info about the host machine: posix.uname_result(sysname='Linux', nodename='file-server', release='3.16.0-5-686-pae', version='#1 SMP Debian 3.16.51-3+deb8u1 (2018-01-08)', machine='i686')
This log was begun Saturday, 27 January 2018 at 20:07



INFO: read target account data; we're tracking 52 accounts
WARNING: no ProtocolError (got exception "name 'ProtocolError' is not defined");
 trying requests.packages.urllib3.exceptions instead
NOTE: successfully imported from requests
Starting up...
about to get all tweets newer than ID #890659905798983680 for account @Reince45
about to get all tweets newer than ID #957376877420859393 for account
@stevenmnuchin1
ERROR: unable to get tweets for account @stevenmnuchin1
           the system said: Failed to parse JSON payload: Unterminated string
starting at: line 1 column 507441 (char 507440)
about to get all tweets newer than ID #956947615601610752 for account @SBALinda
ERROR: unable to get tweets for account @SBALinda
           the system said: Failed to parse JSON payload: Unterminated string
starting at: line 1 column 510344 (char 510343)
about to get all tweets newer than ID #955492025830387714 for account @Reince
about to get all tweets newer than ID #832282841471918080 for account
@BetsyDeVos
about to get all tweets newer than ID #956935200168177664 for account
@IvankaTrumpHQ
about to get all tweets newer than ID #957388290595827713 for account
@WhiteHouse
about to get all tweets newer than ID #955634336887332864 for account
@MickMulvaneyOMB
about to get all tweets newer than ID #913881045652688901 for account
@SecPriceMD
about to get all tweets newer than ID #953073831534612480 for account
@SecretaryRoss
about to get all tweets newer than ID #957297411876995072 for account @FLOTUS
about to get all tweets newer than ID #957317342945398784 for account
@SecretaryZinke
about to get all tweets newer than ID #856041462164836355 for account
@FirstLadyIN
about to get all tweets newer than ID #957376018070867968 for account
@SecShulkin
about to get all tweets newer than ID #957406470831734784 for account
@Scaramucci
about to get all tweets newer than ID #957387711693905925 for account
@realDonaldTrump
about to get all tweets newer than ID #954948632666693632 for account
@DanScavino
about to get all tweets newer than ID #-1 for account @ElaineChao
about to get all tweets newer than ID #957272089723129856 for account
@JessicaDitto45
about to get all tweets newer than ID #956608918033231872 for account
@SecretaryCarson
about to get all tweets newer than ID #955254388423118849 for account
@GovernorPerry
about to get all tweets newer than ID #957352908839940097 for account @POTUS
getting all tweets before ID #945287615636557824
ERROR: unable to get tweets for account @POTUS
           the system said: Failed to parse JSON payload: Unterminated string
starting at: line 1 column 501575 (char 501574)
about to get all tweets newer than ID #830074939298414592 for account
@RepTomPrice
about to get all tweets newer than ID #957298759163154433 for account
@SecretaryPerry
about to get all tweets newer than ID #954801265732661248 for account
@MELANIATRUMP
about to get all tweets newer than ID #956905287704772608 for account
@BetsyDeVosED
about to get all tweets newer than ID #957388240075591682 for account @Scavino45
getting all tweets before ID #945752556344631295
    ...400 tweets downloaded so far


New tweet from Scavino45: “Trump’s tax bill is besieging workers — with cash”
via @nypost @JonathonTrugman https://t.co/8Im2NpuPks

archiving URL http://twitter.com/Scavino45/status/957450062162022400
about to get all tweets newer than ID #957367756063739904 for account
@RealBenCarson
    ... archiving using prefix http://web.archive.org/save/

archiving URL https://twitter.com/Scavino45/status/957450062162022400
    ... archiving using prefix http://web.archive.org/save/
about to get all tweets newer than ID #957353252504338432 for account
@seanspicer
about to get all tweets newer than ID #957316916363825152 for account
@AshLeeStrong
about to get all tweets newer than ID #898401955847876608 for account
@Linda_McMahon
about to get all tweets newer than ID #898632795517403136 for account
@GeneralJFKellly
ERROR: unable to get tweets for account @GeneralJFKellly
           the system said: Not authorized.
about to get all tweets newer than ID #836780744810844161 for account
@StephenMillerAL
about to get all tweets newer than ID #903694300306923521 for account
@SecElaineChao
about to get all tweets newer than ID #957402713331060736 for account
@SpeakerRyan
about to get all tweets newer than ID #956131391955197952 for account
@KellyannePolls
about to get all tweets newer than ID #824610180881117184 for account
@GovPenceIN
about to get all tweets newer than ID #956917317216165888 for account
@SecretaryAcosta
about to get all tweets newer than ID #957251305705222144 for account
@SecondLady
about to get all tweets newer than ID #-1 for account @jaredkushner
about to get all tweets newer than ID #957383382358528001 for account
@TomBossert45
about to get all tweets newer than ID #816290296048873472 for account
@WilburRoss
about to get all tweets newer than ID #957332043905585152 for account
@SecretarySonny
about to get all tweets newer than ID #816846808789958656 for account
@SenDanCoats
about to get all tweets newer than ID #930982584649175047 for account
@mike_pence
about to get all tweets newer than ID #957367109276839936 for account @PRyan
about to get all tweets newer than ID #957371781144342528 for account
@nikkihaley
about to get all tweets newer than ID #957297765889044480 for account
@StephGrisham45
about to get all tweets newer than ID #957279093615144960 for account
@EPAScottPruitt
about to get all tweets newer than ID #957391544696426496 for account
@IvankaTrump
about to get all tweets newer than ID #957385635068772360 for account @VP
about to get all tweets newer than ID #957427063480340480 for account @PressSec
... OK, we're set up, and about to watch 803703725730779136, 799764016885329921,
 819992522109894658, 20733972, 599530439, 798195585824104449,
822215673812119553, 888031054141022209, 829782369670410240, 836305915452272641,
818876014390603776, 827258161841135623, 1923451808, 831482588246196225,
24578794, 25073877, 620571475, 105267762, 836724024688410625,
828613457020870657, 18906561, 822215679726100480, 6577802, 830128820447539208,
108471631, 828997388920619008, 823367015830323201, 1180379185, 20776147,
296060169, 65522706, 892173412818354177, 728361177986797568, 826065858548133888,
 18916432, 471672239, 15985455, 819980276570976256, 822127086194348032,
29547260, 866746592853979137, 809836066316451840, 842072478834909184, 212262370,
 22203756, 733751245, 37666984, 823638938590085124, 832672006113931269,
52544275, 818910970567344128, 818927131883356161
WARNING: received error HTTPSConnectionPool(host='stream.twitter.com',
port=443): Read timed out.; sleeping and trying again ...


New tweet from seanspicer: RT @katieglueck: Koch Network says they're prepared
 to spend $20 million promoting benefits of tax reform in 2018

archiving URL http://twitter.com/seanspicer/status/957461925847293953
    ... archiving using prefix http://web.archive.org/save/

archiving URL https://twitter.com/seanspicer/status/957461925847293953
    ... archiving using prefix http://web.archive.org/save/


New tweet from realDonaldTrump: I have offered DACA a wonderful deal,
including a doubling in the number of recipients &amp; a twelve year pathway to
c… https://t.co/gSxSjiRcoC

archiving URL http://twitter.com/realDonaldTrump/status/957462746060206080
    ... archiving using prefix http://web.archive.org/save/

archiving URL https://twitter.com/realDonaldTrump/status/957462746060206080
    ... archiving using prefix http://web.archive.org/save/
WARNING: received error ('Connection broken: IncompleteRead(0 bytes read, 512
more expected)', IncompleteRead(0 bytes read, 512 more expected)); sleeping and
trying again ...


New tweet from realDonaldTrump: Democrats are not interested in Border Safety
&amp; Security or in the funding and rebuilding of our Military. They are…
https://t.co/wM9cL8CBo7

archiving URL http://twitter.com/realDonaldTrump/status/957465263129219073
    ... archiving using prefix http://web.archive.org/save/

archiving URL https://twitter.com/realDonaldTrump/status/957465263129219073
    ... archiving using prefix http://web.archive.org/save/
WARNING: received error ('Connection broken: IncompleteRead(0 bytes read, 512
more expected)', IncompleteRead(0 bytes read, 512 more expected)); sleeping and
trying again ...


New tweet from POTUS: RT @realDonaldTrump: I have offered DACA a wonderful
deal, including a doubling in the number of recipients &amp; a twelve year
pathway to citi…

archiving URL http://twitter.com/POTUS/status/957465792379015170
    ... archiving using prefix http://web.archive.org/save/


New tweet from POTUS: RT @realDonaldTrump: Democrats are not interested in
Border Safety &amp; Security or in the funding and rebuilding of our Military.
They are on…

archiving URL http://twitter.com/POTUS/status/957465798255239168
    ... archiving using prefix http://web.archive.org/save/

archiving URL https://twitter.com/POTUS/status/957465798255239168
    ... archiving using prefix http://web.archive.org/save/

archiving URL https://twitter.com/POTUS/status/957465792379015170
    ... archiving using prefix http://web.archive.org/save/
WARNING: received error HTTPSConnectionPool(host='stream.twitter.com',
port=443): Read timed out.; sleeping and trying again ...
WARNING: received error HTTPSConnectionPool(host='stream.twitter.com',
port=443): Read timed out.; sleeping and trying again ...
WARNING: received error HTTPSConnectionPool(host='stream.twitter.com',
port=443): Read timed out.; sleeping and trying again ...
WARNING: received error HTTPSConnectionPool(host='stream.twitter.com',
port=443): Read timed out.; sleeping and trying again ...
WARNING: received error HTTPSConnectionPool(host='stream.twitter.com',
port=443): Read timed out.; sleeping and trying again ...
WARNING: received error HTTPSConnectionPool(host='stream.twitter.com',
port=443): Read timed out.; sleeping and trying again ...
