Hello, traveler. This is the beginning of a log file called: "Fascist Tweet Archiver".
Some basic system info about the host machine: posix.uname_result(sysname='Linux', nodename='file-server', release='3.16.0-4-686-pae', version='#1 SMP Debian 3.16.51-3 (2017-12-13)', machine='i686')
This log was begun Tuesday, 02 January 2018 at 07:47



INFO: read target account data; we're tracking 52 accounts
WARNING: no ProtocolError (got exception "name 'ProtocolError' is not defined");
 trying requests.packages.urllib3.exceptions instead
NOTE: successfully imported from requests
Starting up...
about to get all tweets newer than ID #-1 for account @ElaineChao
about to get all tweets newer than ID #947832708230713344 for account
@SpeakerRyan
ERROR: unable to get tweets for account @SpeakerRyan
           the system said: Failed to parse JSON payload: Unterminated string
starting at: line 1 column 503134 (char 503133)
about to get all tweets newer than ID #948061791959027712 for account @PressSec
ERROR: unable to get tweets for account @PressSec
           the system said: Failed to parse JSON payload: Expecting ':'
delimiter: line 1 column 502036 (char 502035)
about to get all tweets newer than ID #943545273489510400 for account
@MickMulvaneyOMB
about to get all tweets newer than ID #947694647635259392 for account
@SecretarySonny
about to get all tweets newer than ID #943545231244439555 for account
@SecretaryCarson
about to get all tweets newer than ID #948202173049049088 for account
@realDonaldTrump
ERROR: unable to get tweets for account @realDonaldTrump
           the system said: Failed to send request:
HTTPSConnectionPool(host='api.twitter.com', port=443): Read timed out.
about to get all tweets newer than ID #824610180881117184 for account
@GovPenceIN
ERROR: unable to get tweets for account @GovPenceIN
           the system said: Failed to parse JSON payload: Unterminated string
starting at: line 1 column 506457 (char 506456)
about to get all tweets newer than ID #913881045652688901 for account
@SecPriceMD
about to get all tweets newer than ID #948186625191882752 for account
@Scaramucci
ERROR: unable to get tweets for account @Scaramucci
           the system said: Failed to send request: ('Connection aborted.',
ConnectionResetError(104, 'Connection reset by peer'))
about to get all tweets newer than ID #832282841471918080 for account
@BetsyDeVos
about to get all tweets newer than ID #946627730136743936 for account
@stevenmnuchin1
ERROR: unable to get tweets for account @stevenmnuchin1
           the system said: Failed to parse JSON payload: Unterminated string
starting at: line 1 column 503119 (char 503118)
about to get all tweets newer than ID #943908455793823744 for account @Reince
ERROR: unable to get tweets for account @Reince
           the system said: Failed to parse JSON payload: Unterminated string
starting at: line 1 column 502521 (char 502520)
about to get all tweets newer than ID #947914251523457024 for account
@StephGrisham45
about to get all tweets newer than ID #947656347985866752 for account
@SecretaryZinke
ERROR: unable to get tweets for account @SecretaryZinke
           the system said: Failed to send request: ('Connection aborted.',
ConnectionResetError(104, 'Connection reset by peer'))
about to get all tweets newer than ID #816290296048873472 for account
@WilburRoss
about to get all tweets newer than ID #795981284761894912 for account
@MELANIATRUMP
about to get all tweets newer than ID #947891830112309248 for account
@EPAScottPruitt
about to get all tweets newer than ID #947960369066250241 for account
@AshLeeStrong
about to get all tweets newer than ID #898632795517403136 for account
@GeneralJFKellly
ERROR: unable to get tweets for account @GeneralJFKellly
           the system said: Not authorized.
about to get all tweets newer than ID #947624310629457922 for account
@SecretaryPerry
about to get all tweets newer than ID #948170753047920641 for account @POTUS
about to get all tweets newer than ID #947846383129841666 for account
@WhiteHouse
about to get all tweets newer than ID #856041462164836355 for account
@FirstLadyIN
ERROR: unable to get tweets for account @FirstLadyIN
           the system said: Failed to send request: ('Connection aborted.',
BadStatusLine("''",))
about to get all tweets newer than ID #946156999041052672 for account
@TomBossert45
ERROR: unable to get tweets for account @TomBossert45
           the system said: Failed to parse JSON payload: Expecting value: line
1 column 506043 (char 506042)
about to get all tweets newer than ID #890659905798983680 for account @Reince45
about to get all tweets newer than ID #946809083050512384 for account
@SecShulkin
ERROR: unable to get tweets for account @SecShulkin
           the system said: Failed to send request:
HTTPSConnectionPool(host='api.twitter.com', port=443): Read timed out.
about to get all tweets newer than ID #947847732923904000 for account
@JessicaDitto45
about to get all tweets newer than ID #946387776328617984 for account
@IvankaTrumpHQ
about to get all tweets newer than ID #945295587301253120 for account @PRyan
about to get all tweets newer than ID #948201736338067456 for account
@KellyannePolls
about to get all tweets newer than ID #930982584649175047 for account
@mike_pence
about to get all tweets newer than ID #-1 for account @jaredkushner
about to get all tweets newer than ID #948040223740407808 for account
@IvankaTrump
about to get all tweets newer than ID #947863382547484673 for account @VP
about to get all tweets newer than ID #867385249340297217 for account
@RealBenCarson
about to get all tweets newer than ID #947969993898999813 for account @SBALinda
about to get all tweets newer than ID #941074527592812545 for account
@SecretaryRoss
about to get all tweets newer than ID #898401955847876608 for account
@Linda_McMahon
about to get all tweets newer than ID #948187833340219392 for account @Scavino45
getting all tweets before ID #938508744345911295
    ...400 tweets downloaded so far


New tweet from Scavino45: Yesterday, a B-2 Spirit from the 509th Bomb Wing -
from Whiteman @USAirForce Base, Missouri, performed the traditio…
https://t.co/jYf8LBZoqh

archiving URL http://twitter.com/Scavino45/status/948202759328796674
    ... archiving using prefix http://web.archive.org/save/
about to get all tweets newer than ID #947883338055987201 for account
@BetsyDeVosED

archiving URL https://twitter.com/Scavino45/status/948202759328796674
    ... archiving using prefix http://web.archive.org/save/
about to get all tweets newer than ID #947908805618257920 for account @FLOTUS
about to get all tweets newer than ID #903694300306923521 for account
@SecElaineChao
about to get all tweets newer than ID #948041387919978496 for account
@seanspicer
getting all tweets before ID #926152963651002369
    ...400 tweets downloaded so far


New tweet from seanspicer: RT @AriFleischer: I have an idea: If you want to
blunt the impact of high state taxes, cut them. Having the highest state income
taxes in t…

archiving URL http://twitter.com/seanspicer/status/948202225909862401
    ... archiving using prefix http://web.archive.org/save/
about to get all tweets newer than ID #947627191080247296 for account
@SecretaryAcosta

archiving URL https://twitter.com/seanspicer/status/948202225909862401
    ... archiving using prefix http://web.archive.org/save/
about to get all tweets newer than ID #947665157488041984 for account
@SecondLady


New tweet from seanspicer: Congratulations @hodakotb   Alexandria, Virginia is
 proud of you! #SavannahHodaTODAY

archiving URL http://twitter.com/seanspicer/status/948203285709811712
    ... archiving using prefix http://web.archive.org/save/

archiving URL https://twitter.com/seanspicer/status/948203285709811712
    ... archiving using prefix http://web.archive.org/save/
about to get all tweets newer than ID #830074939298414592 for account
@RepTomPrice
about to get all tweets newer than ID #947851229719355392 for account
@GovernorPerry
about to get all tweets newer than ID #948013271747121153 for account
@DanScavino
about to get all tweets newer than ID #816846808789958656 for account
@SenDanCoats
about to get all tweets newer than ID #836780744810844161 for account
@StephenMillerAL
about to get all tweets newer than ID #947956616665673729 for account
@nikkihaley
... OK, we're set up, and about to watch 105267762, 18916432,
818927131883356161, 888031054141022209, 842072478834909184, 828613457020870657,
25073877, 15985455, 829782369670410240, 24578794, 599530439, 799764016885329921,
 20733972, 823638938590085124, 827258161841135623, 809836066316451840,
108471631, 832672006113931269, 296060169, 892173412818354177,
830128820447539208, 822215679726100480, 822215673812119553, 1923451808,
866746592853979137, 803703725730779136, 831482588246196225, 836724024688410625,
798195585824104449, 733751245, 471672239, 22203756, 29547260, 52544275,
818910970567344128, 1180379185, 819992522109894658, 836305915452272641,
65522706, 823367015830323201, 828997388920619008, 818876014390603776,
826065858548133888, 20776147, 819980276570976256, 822127086194348032, 6577802,
18906561, 620571475, 212262370, 728361177986797568, 37666984


New tweet from realDonaldTrump: Democrats are doing nothing for DACA - just
interested in politics.  DACA activists and Hispanics will go hard agai…
https://t.co/gOK09nR4M3

archiving URL http://twitter.com/realDonaldTrump/status/948211438472089600
    ... archiving using prefix http://web.archive.org/save/

archiving URL https://twitter.com/realDonaldTrump/status/948211438472089600
    ... archiving using prefix http://web.archive.org/save/
WARNING: received error ('Connection broken: IncompleteRead(0 bytes read, 512
more expected)', IncompleteRead(0 bytes read, 512 more expected)); sleeping and
trying again ...
WARNING: received error ('Connection broken: IncompleteRead(0 bytes read, 512
more expected)', IncompleteRead(0 bytes read, 512 more expected)); sleeping and
trying again ...
WARNING: received error ('Connection broken: IncompleteRead(0 bytes read, 976
more expected)', IncompleteRead(0 bytes read, 976 more expected)); sleeping and
trying again ...
WARNING: received error ('Connection broken: IncompleteRead(0 bytes read, 2 more
 expected)', IncompleteRead(0 bytes read, 2 more expected)); sleeping and trying
 again ...


New tweet from Scaramucci: Well said . . . https://t.co/FeRf6NNLSA

archiving URL http://twitter.com/Scaramucci/status/948216679984754688
    ... archiving using prefix http://web.archive.org/save/

archiving URL https://twitter.com/Scaramucci/status/948216679984754688
    ... archiving using prefix http://web.archive.org/save/
WARNING: received error ('Connection broken: IncompleteRead(0 bytes read, 3463
more expected)', IncompleteRead(0 bytes read, 3463 more expected)); sleeping and
 trying again ...
WARNING: received error ('Connection broken: IncompleteRead(0 bytes read, 512
more expected)', IncompleteRead(0 bytes read, 512 more expected)); sleeping and
trying again ...
WARNING: received error ('Connection broken: IncompleteRead(0 bytes read, 512
more expected)', IncompleteRead(0 bytes read, 512 more expected)); sleeping and
trying again ...
WARNING: received error ('Connection broken: IncompleteRead(0 bytes read, 512
more expected)', IncompleteRead(0 bytes read, 512 more expected)); sleeping and
trying again ...
WARNING: received error ('Connection broken: IncompleteRead(0 bytes read, 512
more expected)', IncompleteRead(0 bytes read, 512 more expected)); sleeping and
trying again ...
