Hello, traveler. This is the beginning of a log file called: "Fascist Tweet Archiver".
Some basic system info about the host machine: posix.uname_result(sysname='Linux', nodename='file-server', release='3.16.0-6-686-pae', version='#1 SMP Debian 3.16.57-2 (2018-07-14)', machine='i686')
This log was begun Tuesday, 25 September 2018 at 16:54



INFO: read target account data; we're tracking 59 accounts
WARNING: no ProtocolError (got exception "name 'ProtocolError' is not defined");
 trying requests.packages.urllib3.exceptions instead
NOTE: successfully imported from requests
Starting up...
about to get all tweets newer than ID #1044708701674733570 for account
@DepSecHargan
about to get all tweets newer than ID #1044710856590872576 for account
@Scavino45
about to get all tweets newer than ID #1043536971006656512 for account
@mike_pence
about to get all tweets newer than ID #890659905798983680 for account @Reince45
ERROR: unable to get tweets for account @Reince45
           the system said: Not authorized.
about to get all tweets newer than ID #1044670545814593536 for account
@SpeakerRyan
about to get all tweets newer than ID #1044673069099307009 for account
@SecNielsen
about to get all tweets newer than ID #1003795765028884485 for account
@Linda_McMahon
about to get all tweets newer than ID #816846808789958656 for account
@SenDanCoats
about to get all tweets newer than ID #1043888205190303751 for account
@IvankaTrump
about to get all tweets newer than ID #1044642830814248966 for account
@EnergyDepSec
about to get all tweets newer than ID #1044316619667779584 for account
@KellyannePolls
about to get all tweets newer than ID #1042146815448109057 for account @FLOTUS
about to get all tweets newer than ID #830074939298414592 for account
@RepTomPrice
about to get all tweets newer than ID #1044593905101156352 for account
@AshLeeStrong
about to get all tweets newer than ID #832282841471918080 for account
@BetsyDeVos
about to get all tweets newer than ID #1044711959223062530 for account
@WhiteHouse
about to get all tweets newer than ID #1044655615556096002 for account
@SecretaryPerry
about to get all tweets newer than ID #1044373902032621569 for account
@AmbJohnBolton
about to get all tweets newer than ID #-1 for account @ElaineChao
about to get all tweets newer than ID #1044652616347734017 for account
@JessicaDitto45
about to get all tweets newer than ID #1021844939473387520 for account
@IvankaTrumpHQ
ERROR: unable to get tweets for account @IvankaTrumpHQ
           the system said: Not authorized.
about to get all tweets newer than ID #1044656860194836480 for account
@SecretarySonny
about to get all tweets newer than ID #816290296048873472 for account
@WilburRoss
about to get all tweets newer than ID #836780744810844161 for account
@StephenMillerAL
about to get all tweets newer than ID #1044712474002542597 for account @VP
getting all tweets before ID #1038783283469930495
    ...400 tweets downloaded so far


New tweet from VP: RT @SecondLady: Visited the @tracyskidsdc art therapy
program at @nyphospital and had the chance to observe an art therapy session.
Love to…

archiving URL http://twitter.com/VP/status/1044722113742082048
    ... archiving using prefix http://web.archive.org/save/
about to get all tweets newer than ID #1043911704789299201 for account @Comey
about to get all tweets newer than ID #1044667240984039425 for account
@SecretaryZinke

archiving URL https://twitter.com/VP/status/1044722113742082048
    ... archiving using prefix http://web.archive.org/save/
about to get all tweets newer than ID #1044710108452786176 for account @POTUS
about to get all tweets newer than ID #1044604694386085888 for account
@SecretaryAcosta
about to get all tweets newer than ID #1044720949038403590 for account
@seanspicer
about to get all tweets newer than ID #856041462164836355 for account
@FirstLadyIN
about to get all tweets newer than ID #954801265732661248 for account
@MELANIATRUMP
about to get all tweets newer than ID #1042443879440637952 for account
@MickMulvaneyOMB
about to get all tweets newer than ID #1043221205904449536 for account
@RealBenCarson
about to get all tweets newer than ID #1044613749980651520 for account @PRyan
about to get all tweets newer than ID #1014519079284199424 for account
@EPAScottPruitt
ERROR: unable to get tweets for account @EPAScottPruitt
           the system said: [{'message': 'Sorry, that page does not exist.',
'code': 34}]
about to get all tweets newer than ID #1044708291945877504 for account @SecAzar
about to get all tweets newer than ID #1044691725283930112 for account
@Scaramucci
about to get all tweets newer than ID #1044709771629260801 for account
@realDonaldTrump
about to get all tweets newer than ID #1044705599160807426 for account
@statedeptspox
about to get all tweets newer than ID #1044383700308414464 for account
@stevenmnuchin1
about to get all tweets newer than ID #913881045652688901 for account
@SecPriceMD
about to get all tweets newer than ID #1043204481431810048 for account
@StephGrisham45
about to get all tweets newer than ID #1044703100207058944 for account
@SecretaryRoss
about to get all tweets newer than ID #1044628910825230336 for account @PressSec
about to get all tweets newer than ID #1044712455363014656 for account
@SecondLady
about to get all tweets newer than ID #1041192514437500928 for account
@DanScavino
about to get all tweets newer than ID #1044684212761169920 for account @SBALinda
about to get all tweets newer than ID #1044700562254688256 for account
@nikkihaley
about to get all tweets newer than ID #1044669362756571136 for account
@SecretaryCarson
about to get all tweets newer than ID #978650205192044545 for account
@SecShulkin
about to get all tweets newer than ID #903694300306923521 for account
@SecElaineChao
about to get all tweets newer than ID #-1 for account @jaredkushner
about to get all tweets newer than ID #1041709200332804096 for account
@BetsyDeVosED
about to get all tweets newer than ID #1044665590701543424 for account @Cabinet
about to get all tweets newer than ID #824610180881117184 for account
@GovPenceIN
about to get all tweets newer than ID #1044205921759444992 for account
@GovernorPerry
about to get all tweets newer than ID #1044067838108020736 for account @Reince
about to get all tweets newer than ID #994396943421001728 for account
@TomBossert45
... OK, we're set up, and about to watch 920035992073064450, 823367015830323201,
 22203756, 803703725730779136, 18916432, 935148134505828353, 65522706,
212262370, 52544275, 894923298374651904, 471672239, 818876014390603776, 6577802,
 296060169, 599530439, 822215673812119553, 830128820447539208, 118756393,
105267762, 836724024688410625, 798195585824104449, 842072478834909184,
809836066316451840, 728361177986797568, 818910970567344128, 2334193741,
827258161841135623, 822215679726100480, 819980276570976256, 20776147,
1923451808, 108471631, 888031054141022209, 1180379185, 733751245,
832672006113931269, 956283913835614208, 24578794, 25073877, 1967216306,
799764016885329921, 829782369670410240, 823638938590085124, 836305915452272641,
818927131883356161, 822127086194348032, 620571475, 819992522109894658, 37666984,
 828613457020870657, 831482588246196225, 826065858548133888, 29547260,
828997388920619008, 818928162449068032, 15985455, 18906561, 20733972,
866746592853979137
INFO: handling a deletion for data:

{'delete': {'status': {'id':
933720803216166914,
                       'id_str': '933720803216166914',

                       'user_id': 24578794,
'user_id_str': '24578794'},
            'timestamp_ms': '1537916579379'}}
INFO: successfully dumped raw data to JSON file
INFO: We're handling a deletion notification for tweet ID# 933720803216166914 on
 account Scaramucci
INFO: get_archived_tweet() called to get tweet ID 933720803216166914 for account
 Scaramucci
ERROR: unable to read line "['=======']" because: need more than 1 value to
unpack.
INFO: found a tweet!
http://web.archive.org/*/http://twitter.com/Scaramucci/status/933720803216166914
	RT @Cernovich: "Brilliant thinking is rare, but courage is in even shorter
supply than genius." - Peter Thiel
... adding to list of deleted tweets
... added
... but we're not going to tweet about it because Scaramucci is not in the list
of accounts we tweet about
INFO: handling a deletion for data:

{'delete': {'status': {'id':
931951625991835648,
                       'id_str': '931951625991835648',

                       'user_id': 24578794,
'user_id_str': '24578794'},
            'timestamp_ms': '1537916740692'}}
INFO: successfully dumped raw data to JSON file
INFO: We're handling a deletion notification for tweet ID# 931951625991835648 on
 account Scaramucci
INFO: get_archived_tweet() called to get tweet ID 931951625991835648 for account
 Scaramucci
ERROR: unable to read line "['=======']" because: need more than 1 value to
unpack.
INFO: found a tweet!
http://web.archive.org/*/http://twitter.com/Scaramucci/status/931951625991835648
	RT @Cernovich: Gay haters are usually hiding something. https://t.co/SkkKuoapMi
... adding to list of deleted tweets
... added
... but we're not going to tweet about it because Scaramucci is not in the list
of accounts we tweet about
INFO: handling a deletion for data:

{'delete': {'status': {'id':
931658797340389377,
                       'id_str': '931658797340389377',

                       'user_id': 24578794,
'user_id_str': '24578794'},
            'timestamp_ms': '1537916752147'}}
INFO: successfully dumped raw data to JSON file
INFO: We're handling a deletion notification for tweet ID# 931658797340389377 on
 account Scaramucci
INFO: get_archived_tweet() called to get tweet ID 931658797340389377 for account
 Scaramucci
ERROR: unable to read line "['=======']" because: need more than 1 value to
unpack.
INFO: found a tweet!
http://web.archive.org/*/http://twitter.com/Scaramucci/status/931658797340389377
	RT @Cernovich: Today is the first time all year where I don’t know if I made
the correct decision. That is sign of leveling up, if…
... adding to list of deleted tweets
... added
... but we're not going to tweet about it because Scaramucci is not in the list
of accounts we tweet about


New tweet from WhiteHouse: A stronger, safer America makes for a stronger,
safer world. https://t.co/lGovCObUhn

archiving URL http://twitter.com/WhiteHouse/status/1044726754773004289
    ... archiving using prefix http://web.archive.org/save/

archiving URL https://twitter.com/WhiteHouse/status/1044726754773004289
    ... archiving using prefix http://web.archive.org/save/


New tweet from POTUS: RT @WhiteHouse: A stronger, safer America makes for a
stronger, safer world. https://t.co/lGovCObUhn

archiving URL http://twitter.com/POTUS/status/1044726859219427328
    ... archiving using prefix http://web.archive.org/save/

archiving URL https://twitter.com/POTUS/status/1044726859219427328
    ... archiving using prefix http://web.archive.org/save/


New tweet from SecAzar: Antibiotics have brought so many medical &amp; public
health advances, from safe surgery &amp; childbirth to the treatment…
https://t.co/JTFUPPtY9m

archiving URL http://twitter.com/SecAzar/status/1044727089767821313
    ... archiving using prefix http://web.archive.org/save/

archiving URL https://twitter.com/SecAzar/status/1044727089767821313
    ... archiving using prefix http://web.archive.org/save/
INFO: handling a deletion for data:

{'delete': {'status': {'id':
924030708137545729,
                       'id_str': '924030708137545729',

                       'user_id': 24578794,
'user_id_str': '24578794'},
            'timestamp_ms': '1537917490700'}}
INFO: successfully dumped raw data to JSON file
INFO: We're handling a deletion notification for tweet ID# 924030708137545729 on
 account Scaramucci
INFO: get_archived_tweet() called to get tweet ID 924030708137545729 for account
 Scaramucci
ERROR: unable to read line "['=======']" because: need more than 1 value to
unpack.
INFO: found a tweet!
http://web.archive.org/*/http://twitter.com/Scaramucci/status/924030708137545729
	RT @Cernovich: Well. https://t.co/5vncbNmhMJ
... adding to list of deleted tweets
... added
... but we're not going to tweet about it because Scaramucci is not in the list
of accounts we tweet about
WARNING: received error ('Connection broken: IncompleteRead(0 bytes read, 512
more expected)', IncompleteRead(0 bytes read, 512 more expected)); sleeping and
trying again ...


New tweet from SecAzar: In the US, drug-resistant bacteria infect 2M people
each year &amp; more than 20,000 people die as a result. Aggressive…
https://t.co/Gq9zFTKp8j

archiving URL http://twitter.com/SecAzar/status/1044728240227713024
    ... archiving using prefix http://web.archive.org/save/

archiving URL https://twitter.com/SecAzar/status/1044728240227713024
    ... archiving using prefix http://web.archive.org/save/


New tweet from SecAzar: Today, we're launching the #GlobalAMRChallenge, a
year-long global call to accelerate progress in the fight against…
https://t.co/I3YYhDQXQj

archiving URL http://twitter.com/SecAzar/status/1044730430048673792
    ... archiving using prefix http://web.archive.org/save/

archiving URL https://twitter.com/SecAzar/status/1044730430048673792
    ... archiving using prefix http://web.archive.org/save/


New tweet from SecAzar: RT @CDC_NCEZID: Follow the AMR Challenge kickoff event
 NOW with the hashtag #GlobalAMRChallenge

archiving URL http://twitter.com/SecAzar/status/1044730593492250625
    ... archiving using prefix http://web.archive.org/save/

archiving URL https://twitter.com/SecAzar/status/1044730593492250625
    ... archiving using prefix http://web.archive.org/save/


New tweet from SecAzar: Next year at #UNGA, I look forward to marking the end
of this 12-month #GlobalAMRChallenge and celebrating the prog…
https://t.co/OfsuUv2lf9

archiving URL http://twitter.com/SecAzar/status/1044731581934514181
    ... archiving using prefix http://web.archive.org/save/

archiving URL https://twitter.com/SecAzar/status/1044731581934514181
    ... archiving using prefix http://web.archive.org/save/
INFO: handling a deletion for data:

{'delete': {'status': {'id':
910738708806107139,
                       'id_str': '910738708806107139',

                       'user_id': 24578794,
'user_id_str': '24578794'},
            'timestamp_ms': '1537918579675'}}
INFO: successfully dumped raw data to JSON file
INFO: We're handling a deletion notification for tweet ID# 910738708806107139 on
 account Scaramucci
INFO: get_archived_tweet() called to get tweet ID 910738708806107139 for account
 Scaramucci
INFO: found a tweet!
http://web.archive.org/*/http://twitter.com/Scaramucci/status/910738708806107139
	RT @Cernovich: Cernovich Media will pay $10,000 for more videos of @Lawrence
abusing employee! Anonymity assured. https://t.co/7UbckRS9cw
... adding to list of deleted tweets
... added
... but we're not going to tweet about it because Scaramucci is not in the list
of accounts we tweet about


New tweet from Scaramucci: RT @brexHQ: This Sunday-- join @Scaramucci, Brex
CEO @hdubugras  and @danprimack  in Boston for a #30under30 discussion on tech,
policy, an…

archiving URL http://twitter.com/Scaramucci/status/1044732985877188613
    ... archiving using prefix http://web.archive.org/save/

archiving URL https://twitter.com/Scaramucci/status/1044732985877188613
    ... archiving using prefix http://web.archive.org/save/


New tweet from SecAzar: RT @CDCFound: #GlobalAMRChallenge “Let’s keep future
generations safe.” - @SecAzar Antibiotic resistance has been found in every
region of…

archiving URL http://twitter.com/SecAzar/status/1044733256678215680
    ... archiving using prefix http://web.archive.org/save/

archiving URL https://twitter.com/SecAzar/status/1044733256678215680
    ... archiving using prefix http://web.archive.org/save/


New tweet from nikkihaley: RT @UN_PGA: I had a very good meeting with the
President of the United States. #UNGA https://t.co/oTWTaYsbcD

archiving URL http://twitter.com/nikkihaley/status/1044734223071027206
    ... archiving using prefix http://web.archive.org/save/

archiving URL https://twitter.com/nikkihaley/status/1044734223071027206
    ... archiving using prefix http://web.archive.org/save/


New tweet from SecAzar: RT @CDCDirector: Today I am meeting with @SecAzar,
@CDCFound and others for a round table discussion on how CDC works to combat
#Antibiotic…

archiving URL http://twitter.com/SecAzar/status/1044734265454448641
    ... archiving using prefix http://web.archive.org/save/

archiving URL https://twitter.com/SecAzar/status/1044734265454448641
    ... archiving using prefix http://web.archive.org/save/


New tweet from Scavino45: RT @SecPompeo: Earlier, @nytimes decided to
selectively quote @CIA Director Haspel on #DPRK’s willingness to denuclearize.
Let me help you…

archiving URL http://twitter.com/Scavino45/status/1044735181255569408
    ... archiving using prefix http://web.archive.org/save/

archiving URL https://twitter.com/Scavino45/status/1044735181255569408
    ... archiving using prefix http://web.archive.org/save/


New tweet from WhiteHouse: Embracing “peace through strength,” President Trump
 has presided over a remarkable year in American foreign policy.…
https://t.co/42KUCM3z99

archiving URL http://twitter.com/WhiteHouse/status/1044736067390386176
    ... archiving using prefix http://web.archive.org/save/

archiving URL https://twitter.com/WhiteHouse/status/1044736067390386176
    ... archiving using prefix http://web.archive.org/save/


New tweet from Scaramucci: The idea is not to block every shot. The idea is to
 make your opponent believe that you might block every shot.…
https://t.co/0cvHrKOSbd

archiving URL http://twitter.com/Scaramucci/status/1044738580952895490
    ... archiving using prefix http://web.archive.org/save/

archiving URL https://twitter.com/Scaramucci/status/1044738580952895490
    ... archiving using prefix http://web.archive.org/save/


New tweet from Scaramucci: The idea is not to block every shot. The idea is to
 make your opponent believe that you might block every shot.…
https://t.co/0cvHrKOSbd

archiving URL http://twitter.com/Scaramucci/status/1044738580952895490
    ... archiving using prefix http://web.archive.org/save/

archiving URL https://twitter.com/Scaramucci/status/1044738580952895490
    ... archiving using prefix http://web.archive.org/save/


New tweet from nikkihaley: RT @cathymcmorris: I appreciated @POTUS’s focus on
making sure the @UN is accountable &amp; effective in its mission. I appreciate
his leadersh…

archiving URL http://twitter.com/nikkihaley/status/1044744735590674433
    ... archiving using prefix http://web.archive.org/save/

archiving URL https://twitter.com/nikkihaley/status/1044744735590674433
    ... archiving using prefix http://web.archive.org/save/


New tweet from nikkihaley: RT @USUN: We’ll join @foxandfriends tomorrow at
7:30am to discuss President Trump’s agenda at the UN highlighting U…
https://t.co/3tMh5He6IK

archiving URL http://twitter.com/nikkihaley/status/1044745560379576320
    ... archiving using prefix http://web.archive.org/save/

archiving URL https://twitter.com/nikkihaley/status/1044745560379576320
    ... archiving using prefix http://web.archive.org/save/


New tweet from nikkihaley: RT @sendavidperdue: .@POTUS, @SecPompeo, &amp;
@nikkihaley have made major strides to improve accountability &amp; transparency
 at the United Natio…

archiving URL http://twitter.com/nikkihaley/status/1044747004587446273
    ... archiving using prefix http://web.archive.org/save/

archiving URL https://twitter.com/nikkihaley/status/1044747004587446273
    ... archiving using prefix http://web.archive.org/save/


New tweet from WhiteHouse: "We must pursue peace without fear, hope without
despair, and security without apology." — President Donald J. Trump
https://t.co/VeFXZS2Dvn

archiving URL http://twitter.com/WhiteHouse/status/1044752168786497537
    ... archiving using prefix http://web.archive.org/save/

archiving URL https://twitter.com/WhiteHouse/status/1044752168786497537
    ... archiving using prefix http://web.archive.org/save/
WARNING: received error HTTPSConnectionPool(host='stream.twitter.com',
port=443): Read timed out.; sleeping and trying again ...


New tweet from POTUS: RT @WhiteHouse: "We must pursue peace without fear, hope
 without despair, and security without apology." — President Donald J. Trump
https:…

archiving URL http://twitter.com/POTUS/status/1044756675767545862
    ... archiving using prefix http://web.archive.org/save/

archiving URL https://twitter.com/POTUS/status/1044756675767545862
    ... archiving using prefix http://web.archive.org/save/
WARNING: received error HTTPSConnectionPool(host='stream.twitter.com',
port=443): Read timed out.; sleeping and trying again ...


New tweet from AshLeeStrong: Quiet night https://t.co/rW2AULD0cJ

archiving URL http://twitter.com/AshLeeStrong/status/1044767017834819585
    ... archiving using prefix http://web.archive.org/save/

archiving URL https://twitter.com/AshLeeStrong/status/1044767017834819585
    ... archiving using prefix http://web.archive.org/save/


New tweet from statedeptspox: Today at #UNGA @SecPompeo hosted 40 foreign
ministers &amp; senior officials from #Europe &amp; #Canada for the 18th Transa…
 https://t.co/aiHzN09itb

archiving URL http://twitter.com/statedeptspox/status/1044772259586600960
    ... archiving using prefix http://web.archive.org/save/

archiving URL https://twitter.com/statedeptspox/status/1044772259586600960
    ... archiving using prefix http://web.archive.org/save/
INFO: handling a deletion for data:

{'delete': {'status': {'id':
1044772259586600960,
                       'id_str': '1044772259586600960',

                       'user_id': 1967216306,
'user_id_str': '1967216306'},
            'timestamp_ms': '1537928145947'}}
INFO: successfully dumped raw data to JSON file
INFO: We're handling a deletion notification for tweet ID# 1044772259586600960
on account statedeptspox
INFO: get_archived_tweet() called to get tweet ID 1044772259586600960 for
account statedeptspox
ERROR: unable to read line "['464"']" because: need more than 1 value to unpack.
ERROR: unable to read line "['08"']" because: need more than 1 value to unpack.
INFO: found a tweet!		http://web.archive.org/*/http://twitter.com/statedeptspox/
status/1044772259586600960	Today at #UNGA @SecPompeo hosted 40 foreign ministers
 &amp; senior officials from #Europe &amp; #Canada for the 18th Transa…
https://t.co/aiHzN09itb
... adding to list of deleted tweets
... added
... but we're not going to tweet about it because statedeptspox is not in the
list of accounts we tweet about


New tweet from statedeptspox: Today at #UNGA @SecPompeo hosted 40 foreign
ministers &amp; senior officials from #Europe &amp; #Canada for the 18th Transa…
 https://t.co/Rgpmo9d2Vv

archiving URL http://twitter.com/statedeptspox/status/1044773034559770624
    ... archiving using prefix http://web.archive.org/save/

archiving URL https://twitter.com/statedeptspox/status/1044773034559770624
    ... archiving using prefix http://web.archive.org/save/


New tweet from nikkihaley: RT @VP: Great speech by @POTUS Trump at the United
Nations General Assembly today detailing how his America First foreign policy
agenda is…

archiving URL http://twitter.com/nikkihaley/status/1044776686645112833
    ... archiving using prefix http://web.archive.org/save/

archiving URL https://twitter.com/nikkihaley/status/1044776686645112833
    ... archiving using prefix http://web.archive.org/save/


New tweet from statedeptspox: RT @SecPompeo: Earlier, @nytimes decided to
selectively quote @CIA Director Haspel on #DPRK’s willingness to denuclearize.
Let me help you…

archiving URL http://twitter.com/statedeptspox/status/1044777496896516097
    ... archiving using prefix http://web.archive.org/save/

archiving URL https://twitter.com/statedeptspox/status/1044777496896516097
    ... archiving using prefix http://web.archive.org/save/


New tweet from realDonaldTrump: “These law enforcement people took the law
into their own hands when it came to President Trump.” @LindseyGrahamSC

archiving URL http://twitter.com/realDonaldTrump/status/1044778309362622466
    ... archiving using prefix http://web.archive.org/save/

archiving URL https://twitter.com/realDonaldTrump/status/1044778309362622466
    ... archiving using prefix http://web.archive.org/save/


New tweet from AshLeeStrong: This Congress continues to get big things done.
Now let’s get this to POTUS’ desk. #opioidepidemic

“Bipartisan Com…
https://t.co/6isnBzRAUA

archiving URL http://twitter.com/AshLeeStrong/status/1044781148461826048
    ... archiving using prefix http://web.archive.org/save/

archiving URL https://twitter.com/AshLeeStrong/status/1044781148461826048
    ... archiving using prefix http://web.archive.org/save/


New tweet from realDonaldTrump: The Democrats are playing a high level CON
GAME in their vicious effort to destroy a fine person. It is called the…
https://t.co/4Ma9JxNdi1

archiving URL http://twitter.com/realDonaldTrump/status/1044782444321361920
    ... archiving using prefix http://web.archive.org/save/

archiving URL https://twitter.com/realDonaldTrump/status/1044782444321361920
    ... archiving using prefix http://web.archive.org/save/
WARNING: received error ('Connection broken: IncompleteRead(0 bytes read, 512
more expected)', IncompleteRead(0 bytes read, 512 more expected)); sleeping and
trying again ...


New tweet from SecretaryZinke: RT @USIndianAffairs: *** Reward Offered***
Reward offered for any information leading to the successful prosecution of
suspect(s) in the c…

archiving URL http://twitter.com/SecretaryZinke/status/1044783397003055110
    ... archiving using prefix http://web.archive.org/save/

archiving URL https://twitter.com/SecretaryZinke/status/1044783397003055110
    ... archiving using prefix http://web.archive.org/save/


New tweet from AshLeeStrong: 🚨🚨🚨

archiving URL http://twitter.com/AshLeeStrong/status/1044785629350039552
    ... archiving using prefix http://web.archive.org/save/

archiving URL https://twitter.com/AshLeeStrong/status/1044785629350039552
    ... archiving using prefix http://web.archive.org/save/
WARNING: received error HTTPSConnectionPool(host='stream.twitter.com',
port=443): Read timed out.; sleeping and trying again ...


New tweet from Scaramucci: Don't give up. 
Don't ever give up.
#JimValvano

archiving URL http://twitter.com/Scaramucci/status/1044812686498955271
    ... archiving using prefix http://web.archive.org/save/

archiving URL https://twitter.com/Scaramucci/status/1044812686498955271
    ... archiving using prefix http://web.archive.org/save/
WARNING: received error HTTPSConnectionPool(host='stream.twitter.com',
port=443): Read timed out.; sleeping and trying again ...
WARNING: received error HTTPSConnectionPool(host='stream.twitter.com',
port=443): Read timed out.; sleeping and trying again ...


New tweet from IvankaTrump: RT @JimYongKim: I’m thrilled the Women
Entrepreneurs Finance Initiative has allocated its first round of funding &amp;
is expected to mobilize…

archiving URL http://twitter.com/IvankaTrump/status/1044885498022514690
    ... archiving using prefix http://web.archive.org/save/

archiving URL https://twitter.com/IvankaTrump/status/1044885498022514690
    ... archiving using prefix http://web.archive.org/save/
INFO: handling a deletion for data:

{'delete': {'status': {'id':
1044885498022514690,
                       'id_str': '1044885498022514690',

                       'user_id': 52544275,
'user_id_str': '52544275'},
            'timestamp_ms': '1537955115872'}}
INFO: successfully dumped raw data to JSON file
INFO: We're handling a deletion notification for tweet ID# 1044885498022514690
on account IvankaTrump
INFO: get_archived_tweet() called to get tweet ID 1044885498022514690 for
account IvankaTrump
INFO: found a tweet!		http://web.archive.org/*/http://twitter.com/IvankaTrump/st
atus/1044885498022514690	RT @JimYongKim: I’m thrilled the Women Entrepreneurs
Finance Initiative has allocated its first round of funding &amp; is expected to
 mobilize…
... adding to list of deleted tweets
... added
... but we're not going to tweet about it because IvankaTrump is not in the list
 of accounts we tweet about


New tweet from IvankaTrump: RT @emilycpryor: @JimYongKim announces that the
initial $150M contributed to #WeFi has leveraged an additional $1.7B for women
entrepreneur…

archiving URL http://twitter.com/IvankaTrump/status/1044885882128551937
    ... archiving using prefix http://web.archive.org/save/

archiving URL https://twitter.com/IvankaTrump/status/1044885882128551937
    ... archiving using prefix http://web.archive.org/save/


New tweet from IvankaTrump: RT @JimYongKim: Thrilled to welcome extraordinary
women from around the world for the inaugural meeting of #WeFi Champions. Their
efforts t…

archiving URL http://twitter.com/IvankaTrump/status/1044886322270425088
    ... archiving using prefix http://web.archive.org/save/

archiving URL https://twitter.com/IvankaTrump/status/1044886322270425088
    ... archiving using prefix http://web.archive.org/save/


New tweet from IvankaTrump: RT @USAIDMBekkering: ⁦@IvankaTrump⁩ lauded by
⁦@WorldBank⁩ President Kim for bringing the idea of #WeFi into reality. We-Fi is
 a one of a k…

archiving URL http://twitter.com/IvankaTrump/status/1044886731110125568
    ... archiving using prefix http://web.archive.org/save/

archiving URL https://twitter.com/IvankaTrump/status/1044886731110125568
    ... archiving using prefix http://web.archive.org/save/
WARNING: received error HTTPSConnectionPool(host='stream.twitter.com',
port=443): Read timed out.; sleeping and trying again ...


New tweet from statedeptspox: See you soon! 🌝

archiving URL http://twitter.com/statedeptspox/status/1044892182447099904
    ... archiving using prefix http://web.archive.org/save/

archiving URL https://twitter.com/statedeptspox/status/1044892182447099904
    ... archiving using prefix http://web.archive.org/save/


New tweet from realDonaldTrump: Consumer confidence hits an 18 year high,
close to breaking the all-time record. A big jump from last 8 years. Peop…
https://t.co/ftDZQ7LWuu

archiving URL http://twitter.com/realDonaldTrump/status/1044903153987203072
    ... archiving using prefix http://web.archive.org/save/

archiving URL https://twitter.com/realDonaldTrump/status/1044903153987203072
    ... archiving using prefix http://web.archive.org/save/


New tweet from realDonaldTrump: Jobless Claims fell to their lowest level in
49 years!

archiving URL http://twitter.com/realDonaldTrump/status/1044903785125089281
    ... archiving using prefix http://web.archive.org/save/

archiving URL https://twitter.com/realDonaldTrump/status/1044903785125089281
    ... archiving using prefix http://web.archive.org/save/


New tweet from SecretaryAcosta: 23,000 construction jobs were created in
August. @POTUS’s pro-growth, pro-jobs policies are growing the economy.
https://t.co/dwpOVHKXbC

archiving URL http://twitter.com/SecretaryAcosta/status/1044904675550605317
    ... archiving using prefix http://web.archive.org/save/

archiving URL https://twitter.com/SecretaryAcosta/status/1044904675550605317
    ... archiving using prefix http://web.archive.org/save/


New tweet from Scaramucci: RT @steve_hanke: "Some people regard private
enterprise as a predatory tiger to be shot. Others look on it as a cow they can
milk. Not enou…

archiving URL http://twitter.com/Scaramucci/status/1044909064919175168
    ... archiving using prefix http://web.archive.org/save/

archiving URL https://twitter.com/Scaramucci/status/1044909064919175168
    ... archiving using prefix http://web.archive.org/save/


New tweet from nikkihaley: #SCProud ❤️

archiving URL http://twitter.com/nikkihaley/status/1044917836450332672
    ... archiving using prefix http://web.archive.org/save/

archiving URL https://twitter.com/nikkihaley/status/1044917836450332672
    ... archiving using prefix http://web.archive.org/save/


New tweet from nikkihaley: RT @FoxNews: .@NikkiHaley: "For the first time,
Americans aren't suffering. It's fair for America.” @foxandfriends
https://t.co/kUoIz9rDeS…

archiving URL http://twitter.com/nikkihaley/status/1044918260309929984
    ... archiving using prefix http://web.archive.org/save/

archiving URL https://twitter.com/nikkihaley/status/1044918260309929984
    ... archiving using prefix http://web.archive.org/save/
