Hello, traveler. This is the beginning of a log file called: "Fascist Tweet Archiver".
Some basic system info about the host machine: posix.uname_result(sysname='Linux', nodename='file-server', release='3.16.0-7-686-pae', version='#1 SMP Debian 3.16.59-1 (2018-10-03)', machine='i686')
This log was begun Sunday, 13 January 2019 at 14:17



INFO: read target account data; we're tracking 65 accounts
WARNING: no ProtocolError (got exception "name 'ProtocolError' is not defined");
 trying requests.packages.urllib3.exceptions instead
NOTE: successfully imported from requests
Starting up...
about to get all tweets newer than ID #1075385343736758274 for account
@BetsyDeVosED
about to get all tweets newer than ID #1084492974325673985 for account @PressSec
ERROR: unable to get tweets for account @PressSec
           the system said: Failed to parse JSON payload: Unterminated string
starting at: line 1 column 619599 (char 619598)
about to get all tweets newer than ID #1084127812225847298 for account
@JessicaDitto45
about to get all tweets newer than ID #1080134453517869056 for account @FLOTUS
about to get all tweets newer than ID #1084479270880243712 for account @POTUS
about to get all tweets newer than ID #1014519079284199424 for account
@EPAScottPruitt
ERROR: unable to get tweets for account @EPAScottPruitt
           the system said: [{'message': 'Sorry, that page does not exist.',
'code': 34}]
about to get all tweets newer than ID #1083067253459951616 for account
@SecWilkie
about to get all tweets newer than ID #1083510349976858624 for account
@AshLeeStrong
about to get all tweets newer than ID #1083745407497367552 for account
@SecretarySonny
about to get all tweets newer than ID #1084286241678315520 for account
@Scaramucci
about to get all tweets newer than ID #1084476603269373953 for account
@realDonaldTrump
about to get all tweets newer than ID #1084483936326205445 for account
@IvankaTrump
about to get all tweets newer than ID #890659905798983680 for account @Reince45
ERROR: unable to get tweets for account @Reince45
           the system said: Not authorized.
about to get all tweets newer than ID #830074939298414592 for account
@RepTomPrice
about to get all tweets newer than ID #1080906517807796225 for account
@SecondLady
about to get all tweets newer than ID #1084230920138301442 for account @Comey
about to get all tweets newer than ID #1082810099721166848 for account
@GovernorPerry
about to get all tweets newer than ID #-1 for account @jaredkushner
about to get all tweets newer than ID #1082376297395994624 for account @Reince
about to get all tweets newer than ID #1082491131219316736 for account
@DanScavino
about to get all tweets newer than ID #1083439764831944711 for account
@DepSecHargan
about to get all tweets newer than ID #1083859239184027648 for account
@USTradeRep
about to get all tweets newer than ID #1075100185301344257 for account
@mike_pence
about to get all tweets newer than ID #1084171782595268608 for account @VP
about to get all tweets newer than ID #824610180881117184 for account
@GovPenceIN
ERROR: unable to get tweets for account @GovPenceIN
           the system said: Failed to parse JSON payload: Unterminated string
starting at: line 1 column 619571 (char 619570)
about to get all tweets newer than ID #1083452075915268096 for account
@stevenmnuchin1
about to get all tweets newer than ID #1084537306063736832 for account
@seanspicer
about to get all tweets newer than ID #836780744810844161 for account
@StephenMillerAL
about to get all tweets newer than ID #1021844939473387520 for account
@IvankaTrumpHQ
ERROR: unable to get tweets for account @IvankaTrumpHQ
           the system said: Not authorized.
about to get all tweets newer than ID #1084066724666839040 for account
@KellyannePolls
about to get all tweets newer than ID #1084153265242157058 for account
@Scavino45
about to get all tweets newer than ID #1076185577513541632 for account
@SecretaryRoss
about to get all tweets newer than ID #832282841471918080 for account
@BetsyDeVos
about to get all tweets newer than ID #1080509257441837057 for account
@SecretaryZinke
about to get all tweets newer than ID #903694300306923521 for account
@SecElaineChao
about to get all tweets newer than ID #1077568647110017024 for account @PRyan
about to get all tweets newer than ID #1083876582647832576 for account @SecAzar
about to get all tweets newer than ID #1082823327239098373 for account
@RealBenCarson
about to get all tweets newer than ID #1084101641165590530 for account
@SecretaryPerry
about to get all tweets newer than ID #1084165861991243776 for account @Cabinet
about to get all tweets newer than ID #1083835753908617216 for account
@DepSecDef
about to get all tweets newer than ID #1076160473639333889 for account
@SecretaryCarson
about to get all tweets newer than ID #1073709695809056768 for account
@MickMulvaneyOMB
about to get all tweets newer than ID #1084493430397509633 for account
@WhiteHouse
about to get all tweets newer than ID #816846808789958656 for account
@SenDanCoats
about to get all tweets newer than ID #913881045652688901 for account
@SecPriceMD
about to get all tweets newer than ID #1077219871962918912 for account
@SpeakerRyan
about to get all tweets newer than ID #954801265732661248 for account
@MELANIATRUMP
about to get all tweets newer than ID #856041462164836355 for account
@FirstLadyIN
about to get all tweets newer than ID #529836079659384833 for account
@jeffsessions
about to get all tweets newer than ID #1084514567739211777 for account
@EnergyDepSec
about to get all tweets newer than ID #816290296048873472 for account
@WilburRoss
about to get all tweets newer than ID #1075817897048576001 for account @SBALinda
about to get all tweets newer than ID #1084536775903756288 for account
@AmbJohnBolton
about to get all tweets newer than ID #1059291259859275777 for account
@Linda_McMahon
about to get all tweets newer than ID #-1 for account @ElaineChao
about to get all tweets newer than ID #-1 for account @MattWhitaker46
ERROR: unable to get tweets for account @MattWhitaker46
           the system said: Not authorized.
about to get all tweets newer than ID #1084545177174331392 for account
@SecPompeo
about to get all tweets newer than ID #1084105592996876288 for account
@SecNielsen
about to get all tweets newer than ID #994396943421001728 for account
@TomBossert45
about to get all tweets newer than ID #978650205192044545 for account
@SecShulkin
about to get all tweets newer than ID #1080170559101718528 for account
@nikkihaley
getting all tweets before ID #1080195496407388164
    ...77 tweets downloaded so far
about to get all tweets newer than ID #1084545961001660417 for account
@statedeptspox


New tweet from NikkiHaley: Due to State Dept rules that were changed by the
outgoing administration, I have had to clear my personal Twitter a…
https://t.co/7W82xrjVGv

archiving URL http://twitter.com/NikkiHaley/status/1080195496407388165
    ... archiving using prefix http://web.archive.org/save/
WARNING: attempt to archive timed out, sleeping for 10 seconds
about to get all tweets newer than ID #1084419791052566528 for account
@SecretaryAcosta
about to get all tweets newer than ID #1080135462331789312 for account
@StephGrisham45
... OK, we're set up, and about to watch 828997388920619008, 818927131883356161,
 836724024688410625, 818876014390603776, 822215679726100480, 832672006113931269,
 1024390184090181633, 296060169, 842072478834909184, 24578794, 25073877,
52544275, 803703725730779136, 6577802, 822127086194348032, 2334193741, 18906561,
 29547260, 20733972, 620571475, 920035992073064450, 862405301693296640,
22203756, 818910970567344128, 15985455, 799764016885329921, 20776147,
728361177986797568, 798195585824104449, 471672239, 823367015830323201,
836305915452272641, 599530439, 827258161841135623, 826065858548133888,
733751245, 956283913835614208, 1180379185, 830128820447539208,
818928162449068032, 2480087918, 828613457020870657, 888031054141022209,
822215673812119553, 212262370, 829782369670410240, 18916432, 108471631,
1923451808, 986781648, 894923298374651904, 809836066316451840,
819992522109894658, 118756393, 65522706, 105267762, 6672532, 988573326376427520,
 935148134505828353, 866746592853979137, 831482588246196225, 37666984,
1967216306, 819980276570976256, 823638938590085124


New tweet from seanspicer: Congrats to @patriots.   On to #KansasCity en route
 to #SuperBowlLIII

archiving URL http://twitter.com/seanspicer/status/1084565384546668544
    ... archiving using prefix http://web.archive.org/save/

archiving URL https://twitter.com/seanspicer/status/1084565384546668544
    ... archiving using prefix http://web.archive.org/save/


New tweet from seanspicer: RT @NFL: FINAL: The @Patriots defeat the Chargers
in the Divisional Round! #NFLPlayoffs #EverythingWeGot 

(by @Lexus)
https://t.co/ZbkDr7H…

archiving URL http://twitter.com/seanspicer/status/1084565440247070720
    ... archiving using prefix http://web.archive.org/save/

archiving URL https://twitter.com/seanspicer/status/1084565440247070720
    ... archiving using prefix http://web.archive.org/save/


New tweet from seanspicer: RT @ByronYork: New polling showing majority blames
Trump/GOP for shutdown underscores how confident Dems are in this. They can
vacation in…

archiving URL http://twitter.com/seanspicer/status/1084565808184000514
    ... archiving using prefix http://web.archive.org/save/

archiving URL https://twitter.com/seanspicer/status/1084565808184000514
    ... archiving using prefix http://web.archive.org/save/


New tweet from AshLeeStrong: Back to DC for a couple days. I may or may not
have brought the snow from Montana with me. You’re welcome! ❄️❄️❄️

archiving URL http://twitter.com/AshLeeStrong/status/1084565852102512640
    ... archiving using prefix http://web.archive.org/save/

archiving URL https://twitter.com/AshLeeStrong/status/1084565852102512640
    ... archiving using prefix http://web.archive.org/save/


New tweet from seanspicer: RT @WEEI: FINAL: Patriots 41, Chargers 28

The
Patriots are heading to the AFC championship game for a record eighth straight
year. https:/…

archiving URL http://twitter.com/seanspicer/status/1084566273198043136
    ... archiving using prefix http://web.archive.org/save/

archiving URL https://twitter.com/seanspicer/status/1084566273198043136
    ... archiving using prefix http://web.archive.org/save/


New tweet from KellyannePolls: @Eagles Drew Brees completed his first pass
attempt!

archiving URL http://twitter.com/KellyannePolls/status/1084566751206088706
    ... archiving using prefix http://web.archive.org/save/

archiving URL https://twitter.com/KellyannePolls/status/1084566751206088706
    ... archiving using prefix http://web.archive.org/save/


New tweet from realDonaldTrump: Wish I could share with everyone the beauty
and majesty of being in the White House and looking outside at the snow…
https://t.co/7mci5PqAs0

archiving URL http://twitter.com/realDonaldTrump/status/1084571124556619776
    ... archiving using prefix http://web.archive.org/save/

archiving URL https://twitter.com/realDonaldTrump/status/1084571124556619776
    ... archiving using prefix http://web.archive.org/save/


New tweet from WhiteHouse: RT @realDonaldTrump: Wish I could share with
everyone the beauty and majesty of being in the White House and looking outside
at the snow fi…

archiving URL http://twitter.com/WhiteHouse/status/1084571789601263616
    ... archiving using prefix http://web.archive.org/save/

archiving URL https://twitter.com/WhiteHouse/status/1084571789601263616
    ... archiving using prefix http://web.archive.org/save/


New tweet from POTUS: RT @realDonaldTrump: Wish I could share with everyone
the beauty and majesty of being in the White House and looking outside at the
snow fi…

archiving URL http://twitter.com/POTUS/status/1084571811629711360
    ... archiving using prefix http://web.archive.org/save/

archiving URL https://twitter.com/POTUS/status/1084571811629711360
    ... archiving using prefix http://web.archive.org/save/


New tweet from FLOTUS: ❄️❄️❄️ @WhiteHouse https://t.co/VxGFzETv95

archiving URL http://twitter.com/FLOTUS/status/1084572709122699264
    ... archiving using prefix http://web.archive.org/save/

archiving URL https://twitter.com/FLOTUS/status/1084572709122699264
    ... archiving using prefix http://web.archive.org/save/


New tweet from StephGrisham45: RT @FLOTUS: ❄️❄️❄️ @WhiteHouse
https://t.co/VxGFzETv95

archiving URL http://twitter.com/StephGrisham45/status/1084573199138983939
    ... archiving using prefix http://web.archive.org/save/

archiving URL https://twitter.com/StephGrisham45/status/1084573199138983939
    ... archiving using prefix http://web.archive.org/save/


New tweet from WhiteHouse: RT @FLOTUS: ❄️❄️❄️ @WhiteHouse
https://t.co/VxGFzETv95

archiving URL http://twitter.com/WhiteHouse/status/1084573638911815680
    ... archiving using prefix http://web.archive.org/save/

archiving URL https://twitter.com/WhiteHouse/status/1084573638911815680
    ... archiving using prefix http://web.archive.org/save/


New tweet from VP: RT @realDonaldTrump: Wish I could share with everyone the
beauty and majesty of being in the White House and looking outside at the snow
fi…

archiving URL http://twitter.com/VP/status/1084582694716092418
    ... archiving using prefix http://web.archive.org/save/

archiving URL https://twitter.com/VP/status/1084582694716092418
    ... archiving using prefix http://web.archive.org/save/
INFO: handling a deletion for data:

{'delete': {'status': {'id':
1084582694716092418,
                       'id_str': '1084582694716092418',

                       'user_id': 818910970567344128,
'user_id_str': '818910970567344128'},
            'timestamp_ms':
'1547419651574'}}
INFO: successfully dumped raw data to JSON file
INFO: We're handling a deletion notification for tweet ID# 1084582694716092418
on account VP
INFO: get_archived_tweet() called to get tweet ID 1084582694716092418 for
account VP
INFO: found a tweet!
http://web.archive.org/*/http://twitter.com/VP/status/1084582694716092418	RT
@realDonaldTrump: Wish I could share with everyone the beauty and majesty of
being in the White House and looking outside at the snow fi…
... adding to list of deleted tweets
... added
... but we're not going to tweet about it because VP is not in the list of
accounts we tweet about


New tweet from realDonaldTrump: Starting the long overdue pullout from Syria
while hitting the little remaining ISIS territorial caliphate hard, an…
https://t.co/IsQCp2ES5s

archiving URL http://twitter.com/realDonaldTrump/status/1084584259510304768
    ... archiving using prefix http://web.archive.org/save/

archiving URL https://twitter.com/realDonaldTrump/status/1084584259510304768
    ... archiving using prefix http://web.archive.org/save/


New tweet from WhiteHouse: RT @realDonaldTrump: Starting the long overdue
pullout from Syria while hitting the little remaining ISIS territorial caliphate
 hard, and f…

archiving URL http://twitter.com/WhiteHouse/status/1084584491446951938
    ... archiving using prefix http://web.archive.org/save/

archiving URL https://twitter.com/WhiteHouse/status/1084584491446951938
    ... archiving using prefix http://web.archive.org/save/


New tweet from realDonaldTrump: ....Likewise, do not want the Kurds to provoke
 Turkey. Russia, Iran and Syria have been the biggest beneficiaries o…
https://t.co/wADyQZ15eg

archiving URL http://twitter.com/realDonaldTrump/status/1084586625672376322
    ... archiving using prefix http://web.archive.org/save/

archiving URL https://twitter.com/realDonaldTrump/status/1084586625672376322
    ... archiving using prefix http://web.archive.org/save/


New tweet from WhiteHouse: RT @realDonaldTrump: ....Likewise, do not want the
Kurds to provoke Turkey. Russia, Iran and Syria have been the biggest
beneficiaries of t…

archiving URL http://twitter.com/WhiteHouse/status/1084587071916949504
    ... archiving using prefix http://web.archive.org/save/

archiving URL https://twitter.com/WhiteHouse/status/1084587071916949504
    ... archiving using prefix http://web.archive.org/save/


New tweet from POTUS: RT @realDonaldTrump: Starting the long overdue pullout
from Syria while hitting the little remaining ISIS territorial caliphate hard,
and f…

archiving URL http://twitter.com/POTUS/status/1084587831228592130
    ... archiving using prefix http://web.archive.org/save/


New tweet from POTUS: RT @realDonaldTrump: ....Likewise, do not want the Kurds
 to provoke Turkey. Russia, Iran and Syria have been the biggest beneficiaries
of t…

archiving URL http://twitter.com/POTUS/status/1084587837767467010
    ... archiving using prefix http://web.archive.org/save/

archiving URL https://twitter.com/POTUS/status/1084587831228592130
    ... archiving using prefix http://web.archive.org/save/

archiving URL https://twitter.com/POTUS/status/1084587837767467010
    ... archiving using prefix http://web.archive.org/save/


New tweet from AshLeeStrong: @DavidIRamadan Enjoy!

archiving URL http://twitter.com/AshLeeStrong/status/1084588606247895042
    ... archiving using prefix http://web.archive.org/save/
WARNING: attempt to archive timed out, sleeping for 10 seconds

archiving URL https://twitter.com/AshLeeStrong/status/1084588606247895042
    ... archiving using prefix http://web.archive.org/save/


New tweet from statedeptspox: RT @StateDeputySPOX: Today, @SecPompeo met with
Qatari Amir Sheikh Tamimbin Hamad Al Thani and thanked him for Qatar's longtime
friendship…

archiving URL http://twitter.com/statedeptspox/status/1084593352534904832
    ... archiving using prefix http://web.archive.org/save/

archiving URL https://twitter.com/statedeptspox/status/1084593352534904832
    ... archiving using prefix http://web.archive.org/save/


New tweet from statedeptspox: RT @StateDeputySPOX: .@SecPompeo met today with
Saudi Minister of State for Foreign Affairs Adel al-Jubeir and Saudi Ambassador
to the U.S.…

archiving URL http://twitter.com/statedeptspox/status/1084593373271470080
    ... archiving using prefix http://web.archive.org/save/

archiving URL https://twitter.com/statedeptspox/status/1084593373271470080
    ... archiving using prefix http://web.archive.org/save/


New tweet from KellyannePolls: RT @MarshaBlackburn: Our border patrol agents
tell us they need three things to secure the sovereignty of this nation: a wall,
 technology,…

archiving URL http://twitter.com/KellyannePolls/status/1084614727576309760
    ... archiving using prefix http://web.archive.org/save/

archiving URL https://twitter.com/KellyannePolls/status/1084614727576309760
    ... archiving using prefix http://web.archive.org/save/


New tweet from VP: My statement on Juan Guaido, President of the National
Assembly of Venezuela: https://t.co/72Gqy3Gkf4

archiving URL http://twitter.com/VP/status/1084619044274257922
    ... archiving using prefix http://web.archive.org/save/

archiving URL https://twitter.com/VP/status/1084619044274257922
    ... archiving using prefix http://web.archive.org/save/
INFO: handling a deletion for data:

{'delete': {'status': {'id':
1084619044274257922,
                       'id_str': '1084619044274257922',

                       'user_id': 818910970567344128,
'user_id_str': '818910970567344128'},
            'timestamp_ms':
'1547429556648'}}
INFO: successfully dumped raw data to JSON file
INFO: We're handling a deletion notification for tweet ID# 1084619044274257922
on account VP
INFO: get_archived_tweet() called to get tweet ID 1084619044274257922 for
account VP
INFO: found a tweet!
http://web.archive.org/*/http://twitter.com/VP/status/1084619044274257922	My
statement on Juan Guaido, President of the National Assembly of Venezuela:
https://t.co/72Gqy3Gkf4
... adding to list of deleted tweets
... added
... but we're not going to tweet about it because VP is not in the list of
accounts we tweet about


New tweet from VP: My statement on the arrest and intimidation of Juan Guaido,
 President of the National Assembly of Venezuela: https://t.co/kOdL0boyu3

archiving URL http://twitter.com/VP/status/1084624652448743425
    ... archiving using prefix http://web.archive.org/save/

archiving URL https://twitter.com/VP/status/1084624652448743425
    ... archiving using prefix http://web.archive.org/save/


New tweet from realDonaldTrump: So sorry to hear the news about Jeff Bozo
being taken down by a competitor whose reporting, I understand, is far mo…
https://t.co/ihKoPOyQZZ

archiving URL http://twitter.com/realDonaldTrump/status/1084627451983073280
    ... archiving using prefix http://web.archive.org/save/

archiving URL https://twitter.com/realDonaldTrump/status/1084627451983073280
    ... archiving using prefix http://web.archive.org/save/


New tweet from POTUS: RT @realDonaldTrump: So sorry to hear the news about
Jeff Bozo being taken down by a competitor whose reporting, I understand, is far
 more…

archiving URL http://twitter.com/POTUS/status/1084632972224090112
    ... archiving using prefix http://web.archive.org/save/

archiving URL https://twitter.com/POTUS/status/1084632972224090112
    ... archiving using prefix http://web.archive.org/save/


New tweet from realDonaldTrump: If Elizabeth Warren, often referred to by me
as Pocahontas did this commercial from Bighorn or Wounded Knee instead…
https://t.co/VWPOXKMz0p

archiving URL http://twitter.com/realDonaldTrump/status/1084633230467309569
    ... archiving using prefix http://web.archive.org/save/

archiving URL https://twitter.com/realDonaldTrump/status/1084633230467309569
    ... archiving using prefix http://web.archive.org/save/


New tweet from StephGrisham45: @samstein It’s going really well, thanks. Happy
 to list off any events/accomplishments that we’ve achieved thus far.

archiving URL http://twitter.com/StephGrisham45/status/1084636698674368512
    ... archiving using prefix http://web.archive.org/save/

archiving URL https://twitter.com/StephGrisham45/status/1084636698674368512
    ... archiving using prefix http://web.archive.org/save/
INFO: handling a deletion for data:

{'delete': {'status': {'id':
1084633230467309569,
                       'id_str': '1084633230467309569',

                       'user_id': 25073877,
'user_id_str': '25073877'},
            'timestamp_ms': '1547434347040'}}
INFO: successfully dumped raw data to JSON file
INFO: We're handling a deletion notification for tweet ID# 1084633230467309569
on account realDonaldTrump
INFO: get_archived_tweet() called to get tweet ID 1084633230467309569 for
account realDonaldTrump
ERROR: unable to read line "['7"']" because: need more than 1 value to unpack.
INFO: found a tweet!		http://web.archive.org/*/http://twitter.com/realDonaldTrum
p/status/1084633230467309569	If Elizabeth Warren, often referred to by me as
Pocahontas did this commercial from Bighorn or Wounded Knee instead…
https://t.co/VWPOXKMz0p
... adding to list of deleted tweets
... added
 ... and we're going to tweet about it


New tweet from realDonaldTrump: If Elizabeth Warren, often referred to by me
as Pocahontas, did this commercial from Bighorn or Wounded Knee instea…
https://t.co/iBFJ5jsr2F

archiving URL http://twitter.com/realDonaldTrump/status/1084644517238714369
    ... archiving using prefix http://web.archive.org/save/

archiving URL https://twitter.com/realDonaldTrump/status/1084644517238714369
    ... archiving using prefix http://web.archive.org/save/


New tweet from realDonaldTrump: Best line in the Elizabeth Warren beer
catastrophe is, to her husband, “Thank you for being here. I’m glad you’re h…
https://t.co/oJc4xd0ztN

archiving URL http://twitter.com/realDonaldTrump/status/1084647050208333825
    ... archiving using prefix http://web.archive.org/save/

archiving URL https://twitter.com/realDonaldTrump/status/1084647050208333825
    ... archiving using prefix http://web.archive.org/save/


New tweet from realDonaldTrump: The Trump portrait of an unsustainable Border
Crisis is dead on. “In the last two years, ICE officers made 266,000…
https://t.co/DIeYaeQrCr

archiving URL http://twitter.com/realDonaldTrump/status/1084649448003784704
    ... archiving using prefix http://web.archive.org/save/

archiving URL https://twitter.com/realDonaldTrump/status/1084649448003784704
    ... archiving using prefix http://web.archive.org/save/


New tweet from WhiteHouse: RT @realDonaldTrump: The Trump portrait of an
unsustainable Border Crisis is dead on. “In the last two years, ICE officers
made 266,000 arr…

archiving URL http://twitter.com/WhiteHouse/status/1084649747359633408
    ... archiving using prefix http://web.archive.org/save/

archiving URL https://twitter.com/WhiteHouse/status/1084649747359633408
    ... archiving using prefix http://web.archive.org/save/


New tweet from POTUS: RT @realDonaldTrump: The Trump portrait of an
unsustainable Border Crisis is dead on. “In the last two years, ICE officers
made 266,000 arr…

archiving URL http://twitter.com/POTUS/status/1084649762870177792
    ... archiving using prefix http://web.archive.org/save/

archiving URL https://twitter.com/POTUS/status/1084649762870177792
    ... archiving using prefix http://web.archive.org/save/


New tweet from realDonaldTrump: ....Border is eventually going to be
militarized and defended or the United States, as we have known it, is going t…
https://t.co/PSdYpgClqn

archiving URL http://twitter.com/realDonaldTrump/status/1084650944846012417
    ... archiving using prefix http://web.archive.org/save/

archiving URL https://twitter.com/realDonaldTrump/status/1084650944846012417
    ... archiving using prefix http://web.archive.org/save/


New tweet from WhiteHouse: RT @PressSec: Democrats in Congress are so alarmed
about federal workers not getting paid they’re partying on the beach instead of
negotiat…

archiving URL http://twitter.com/WhiteHouse/status/1084656633001725953
    ... archiving using prefix http://web.archive.org/save/

archiving URL https://twitter.com/WhiteHouse/status/1084656633001725953
    ... archiving using prefix http://web.archive.org/save/


New tweet from SecNielsen: RT @ComdtUSCG: Right now, @uscg members are
deployed around the world &amp; around the clock conducting critically important
 work for the Natio…

archiving URL http://twitter.com/SecNielsen/status/1084658634854932480
    ... archiving using prefix http://web.archive.org/save/

archiving URL https://twitter.com/SecNielsen/status/1084658634854932480
    ... archiving using prefix http://web.archive.org/save/
INFO: handling a deletion for data:

{'delete': {'status': {'id':
792090272884744192,
                       'id_str': '792090272884744192',

                       'user_id': 471672239,
'user_id_str': '471672239'},
            'timestamp_ms': '1547438618487'}}
INFO: successfully dumped raw data to JSON file
INFO: We're handling a deletion notification for tweet ID# 792090272884744192 on
 account KellyannePolls
INFO: get_archived_tweet() called to get tweet ID 792090272884744192 for account
 KellyannePolls
INFO: found a tweet!		http://web.archive.org/*/https://twitter.com/KellyannePoll
s/status/792090272884744192	https://t.co/c7W2ouAg7o"
... adding to list of deleted tweets
... added
... but we're not going to tweet about it because KellyannePolls is not in the
list of accounts we tweet about
INFO: handling a deletion for data:

{'delete': {'status': {'id':
792052937765683200,
                       'id_str': '792052937765683200',

                       'user_id': 20776147,
'user_id_str': '20776147'},
            'timestamp_ms': '1547438620128'}}
INFO: successfully dumped raw data to JSON file
INFO: We're handling a deletion notification for tweet ID# 792052937765683200 on
 account seanspicer
INFO: get_archived_tweet() called to get tweet ID 792052937765683200 for account
 seanspicer
ERROR: unable to read line "[]" because: need more than 0 values to unpack.
ERROR: unable to read line "[' ']" because: need more than 1 value to unpack.
ERROR: unable to read line "['2) Is it jobs day?']" because: need more than 1
value to unpack.
ERROR: unable to read line "['3) Is it raining?']" because: need more than 1
value to unpack.
ERROR: unable to read line "['4) Do I have an early breakfast?']" because: need
more than 1 value to unpack.
ERROR: unable to read line "['5) Do I have a late dinner?']" because: need more
than 1 value to unpack.
ERROR: unable to read line "['@alanagoodman ']" because: need more than 1 value
to unpack.
ERROR: unable to read line "['@AlanDersh']" because: need more than 1 value to
unpack.
ERROR: unable to read line "['@alexanderbolton ']" because: need more than 1
value to unpack.
ERROR: unable to read line "['Alibaba job boom: Jack Ma chats with
@realDonaldTrump about creating 1 million US jobs over 5 years']" because: need
more than 1 value to unpack.
ERROR: unable to read line "['@amber_athey ']" because: need more than 1 value
to unpack.
ERROR: unable to read line "['@antjuansea']" because: need more than 1 value to
unpack.
ERROR: unable to read line "['AR']" because: need more than 1 value to unpack.
ERROR: unable to read line "['🔺 @asben16 ']" because: need more than 1 value to
unpack.
ERROR: unable to read line "["ATTN @BernieSanders supporters, get out of your
parents baement and listen to what @HillaryClinton thinks of you\nAttn DNC:
@ChrisMurphyCT on #harveyWeinstein : 'People that took $ from him should
probably give it back'"]" because: need more than 1 value to unpack.
ERROR: unable to read line "['Bombshell book reveals how @HillaryClinton
terrified White House staff']" because: need more than 1 value to unpack.
ERROR: unable to read line "['@bostonherald ']" because: need more than 1 value
to unpack.
ERROR: unable to read line "["#breaking #exclusive @Reince Priebus' message to
RNC: Time to unite"]" because: need more than 1 value to unpack.
ERROR: unable to read line "['@Bre_payton']" because: need more than 1 value to
unpack.
ERROR: unable to read line "['@BrianBrenberg']" because: need more than 1 value
to unpack.
ERROR: unable to read line "['CA']" because: need more than 1 value to unpack.
ERROR: unable to read line "['@CBedfordDC']" because: need more than 1 value to
unpack.
ERROR: unable to read line "['Cc @GOP @NVGOP ']" because: need more than 1 value
 to unpack.
ERROR: unable to read line "['Cc @POTUS @realDonaldTrump ']" because: need more
than 1 value to unpack.
ERROR: unable to read line "['Cc @realDonaldTrump @POTUS @GOP ']" because: need
more than 1 value to unpack.
ERROR: unable to read line "['Cc @TomPerez @TheDemocrats ']" because: need more
than 1 value to unpack.
ERROR: unable to read line "["Chelsea's husband allegedly used @ClintonFdn ties
to boost hedge fund\nChina Makes Massive Cut to Car Tariffs After Truce With
@realDonaldTrump via @business "]" because: need more than 1 value to unpack.
ERROR: unable to read line "['@cmorganmusic']" because: need more than 1 value
to unpack.
ERROR: unable to read line "['#ConfirmPompeo #StateDepartment ']" because: need
more than 1 value to unpack.
ERROR: unable to read line "['Congrats @GOPChairwoman @GOP - Republicans Break
All Time Off-Year Fundraising Record Under @realDonaldTrump \nCongrats
@GOPChairwoman :Why are Republicans @gop trouncing @TheDemocrats in fundraising?
 @dcexaminer ']" because: need more than 1 value to unpack.
ERROR: unable to read line "['Conservatives coalescing behind @MarshaBlackburn
in race 4 @SenBobCorker TNSenate seat\nConservatives Rally Behind @GOP Senators
in Supreme Court Fight']" because: need more than 1 value to unpack.
ERROR: unable to read line "['@conservmillen ']" because: need more than 1 value
 to unpack.
ERROR: unable to read line "[' @continetti ']" because: need more than 1 value
to unpack.
ERROR: unable to read line "['@cyberguy']" because: need more than 1 value to
unpack.
ERROR: unable to read line "['@DailyCaller ']" because: need more than 1 value
to unpack.
ERROR: unable to read line "['@DavidMDrucker ']" because: need more than 1 value
 to unpack.
ERROR: unable to read line "['@dbongino']" because: need more than 1 value to
unpack.
ERROR: unable to read line "['@dbongino ']" because: need more than 1 value to
unpack.
ERROR: unable to read line "['@dcexaminer']" because: need more than 1 value to
unpack.
ERROR: unable to read line "['@dcexaminer @SecretsBedard ']" because: need more
than 1 value to unpack.
ERROR: unable to read line "['Dem Congresswoman Tulsi Gabbard Refuses To Back
@HillaryClinton']" because: need more than 1 value to unpack.
ERROR: unable to read line "['Democratic elector says he may reject
@HillaryClinton ']" because: need more than 1 value to unpack.
ERROR: unable to read line "["Democratic Platform Writers Lobby to Include
Israeli 'Occupation' in Party Language"]" because: need more than 1 value to
unpack.
ERROR: unable to read line "['Democrats fear two things about tax
reform\nDemocrats for Secret Donors']" because: need more than 1 value to
unpack.
ERROR: unable to read line "['Democrats shift to the left in weekend platform
fight']" because: need more than 1 value to unpack.
ERROR: unable to read line "['Democrats Worry About Low @hilClinton Support
Among Sanders Backers']" because: need more than 1 value to unpack.
ERROR: unable to read line "['Democrats Worry About Low @HillaryClinton Support
Among @BernieSanders Backers']" because: need more than 1 value to unpack.
ERROR: unable to read line "['Dem senator backing @SenatorSessions for attorney
general']" because: need more than 1 value to unpack.
ERROR: unable to read line "['Dem Sen. Heinrich Praises ""Passionate Sportsman""
 Zinke: ""It\'s Part Of What I Like About You.”']" because: need more than 1
value to unpack.
ERROR: unable to read line "['Dems fret over @realDonaldTrump bounce']" because:
 need more than 1 value to unpack.
ERROR: unable to read line "["Dems worry DNC chair 'too toxic' after Sanders
blast"]" because: need more than 1 value to unpack.
ERROR: unable to read line "['@denverpost ']" because: need more than 1 value to
 unpack.
ERROR: unable to read line "['Disclosures of new @HillaryClinton emails raise
questions about her transparency']" because: need more than 1 value to unpack.
ERROR: unable to read line "['@DLoesch']" because: need more than 1 value to
unpack.
ERROR: unable to read line "['DNC chair @DWStweets smacks down @BernieSanders
camp claim they have a chance at convention\nDNC Chair @TomPerez Endorses
@NYGovCuomo Over Cynthia Nixon After Pledging Not to Meddle in Dem Primaries']"
because: need more than 1 value to unpack.
ERROR: unable to read line "["DNC chair won't speak at Dem convention following
Wikileaks fallout"]" because: need more than 1 value to unpack.
ERROR: unable to read line "['DNC chief to @BernieSanders and @HillaryClinton :
Chill']" because: need more than 1 value to unpack.
ERROR: unable to read line "['DNC Platform Committee Member Cornel West Attacks
Israel’s “Occupation” Of Palestinians\nDNC reeling financially after brutal
2016']" because: need more than 1 value to unpack.
ERROR: unable to read line "['Doug Band would have to find new work:  @NBCNews
@chucktodd :No Way @ClintonFdn shld b Operating If She’s Elected']" because:
need more than 1 value to unpack.
ERROR: unable to read line "['@DrIanSmith']" because: need more than 1 value to
unpack.
ERROR: unable to read line "['@DrMarcSiegel ']" because: need more than 1 value
to unpack.
ERROR: unable to read line "['DVR @WattersWorld. ']" because: need more than 1
value to unpack.
ERROR: unable to read line "['Easy one for fact checkers: @HillaryClinton
wrongly says FBI director sent letter \'only\' to Republicans\n"Economists say
@realDonaldTrump delivered hope\n@edhenry\nEditorial
Board\n@EdWGillespie\n@EdWGillespie ahead by 3 points in new Virginia poll']"
because: need more than 1 value to unpack.
ERROR: unable to read line "["Even Chelsea knew -- &gt; Chelsea flagged 'serious
 concerns' about @ClintonFdn conflicts\nEven @CNN sees it: CNN Poll:
@theDemocrats 2018 advantage is nearly gone"]" because: need more than 1 value
to unpack.
ERROR: unable to read line "['Even Democrats think @Ted_Strickland is in
trouble']" because: need more than 1 value to unpack.
ERROR: unable to read line "['even extreme left agrees: The Atlantic’s
@alexwagner : Emails Confirm @HillaryClinton Not “Playing By Same Rules”']"
because: need more than 1 value to unpack.
ERROR: unable to read line "['Excellent read by @SharylAttkisson : The Clearest
(No Spin) Summary of FBI Report on @HillaryClinton Email']" because: need more
than 1 value to unpack.
ERROR: unable to read line "['FL']" because: need more than 1 value to unpack.
ERROR: unable to read line "['.@FLOTUS Melania Trump and Karen Pence to visit
Texas to continue hurricane relief via @dcexaminer \n.@FLOTUS Melania Trump
makes historic Osprey flight to visit US military']" because: need more than 1
value to unpack.
ERROR: unable to read line "['For real: @HillaryClinton used a taxpayer funded
security guard position 2 pay for nanny']" because: need more than 1 value to
unpack.
ERROR: unable to read line "['@FoxNews ']" because: need more than 1 value to
unpack.
ERROR: unable to read line "['@FreemanWSJ']" because: need more than 1 value to
unpack.
ERROR: unable to read line "['GA']" because: need more than 1 value to unpack.
ERROR: unable to read line "['@gdebenedetti ']" because: need more than 1 value
to unpack.
ERROR: unable to read line "['@gdebenedetti @politico ']" because: need more
than 1 value to unpack.
ERROR: unable to read line "['General Motors Plans at Least $1 Billion in Fresh
U.S. Investment']" because: need more than 1 value to unpack.
ERROR: unable to read line "['@GeraldoRivera']" because: need more than 1 value
to unpack.
ERROR: unable to read line "['#GOLD for @mrDavidWise']" because: need more than
1 value to unpack.
ERROR: unable to read line "['#GOLD for @USAHockey women']" because: need more
than 1 value to unpack.
ERROR: unable to read line "["Good news from the front via\nGood read from
@MaryVought in @thehill : Latino group's race-baiting ad insults all hard-
working Americans"]" because: need more than 1 value to unpack.
ERROR: unable to read line "[".@GOP chair @Reince Priebus: GOP will 'absolutely'
 have a Senate majority\n.@GOPChairwoman McDaniel: Every Democrat Should
Denounce Latino Victory Fund Ad"]" because: need more than 1 value to unpack.
ERROR: unable to read line "['.@gop Demands State Department Watchdog
Investigate @HillaryClinton \'Quid Pro Quo’ Reports\n".@GOP (@DevinNunes &amp;
@jasoninthehouse ) demands removal of State official who protected
@HillaryClinton\n.@GOP Devotes $250 million to midterm strategy: Keep House
Majority via @AP ']" because: need more than 1 value to unpack.
ERROR: unable to read line "['.@GOP Funds Huge Staffing Surge In Key
States\n".@GOP Gains Ground on @TheDemocrats in Voter Registration in Key
States\n.@GOP @GOPChairwoman in @FoxNews : Eric Holder\'s call to \'kick\'
Republicans must not become the left\'s new normal']" because: need more than 1
value to unpack.
ERROR: unable to read line "[".@GOP invades Philly 2 expose Billary's
'scandalous history'\n.@GOP launches aggressive effort to pressure
@SenatorMenendez to resign if convicted"]" because: need more than 1 value to
unpack.
ERROR: unable to read line "['#gop #rnc #Republican #ElectionDay ']" because:
need more than 1 value to unpack.
ERROR: unable to read line "['.@GOP warns of ‘long summer for Crooked
@HillaryClinton ']" because: need more than 1 value to unpack.
ERROR: unable to read line "['@GovMikeHuckabee']" because: need more than 1
value to unpack.
ERROR: unable to read line "['@GovMikeHuckabee ']" because: need more than 1
value to unpack.
ERROR: unable to read line "['@GregPalkot']" because: need more than 1 value to
unpack.
ERROR: unable to read line "["guess who is here to stay? via @politico
@BernieSanders : I'm staying in the race\nGuy at bar: “do people tell you that
you like Sean Spicer?”"]" because: need more than 1 value to unpack.
ERROR: unable to read line "['Guy next to him: “that would be unfortunate”']"
because: need more than 1 value to unpack.
ERROR: unable to read line "['@guypbenson']" because: need more than 1 value to
unpack.
ERROR: unable to read line "['Hacked Emails Show @HillaryClinton Campaign
Communicated With State']" because: need more than 1 value to unpack.
ERROR: unable to read line "['Hawley (R) 47% (+1)']" because: need more than 1
value to unpack.
ERROR: unable to read line "['Hey What u up to next week? @FBI interview with
@hillaryClinton could be in days\n.@HHSGov Secretary @SecAzar : Short-term
health insurance plans are an affordable option']" because: need more than 1
value to unpack.
ERROR: unable to read line "['@HowardKurtz']" because: need more than 1 value to
 unpack.
ERROR: unable to read line "['https://t.co/MPYiNnklZX…']" because: need more
than 1 value to unpack.
ERROR: unable to read line "['https://t.co/tx6Vv0rZxc']" because: need more than
 1 value to unpack.
ERROR: unable to read line "['https://t.co/xTn6HAHFGW ']" because: need more
than 1 value to unpack.
ERROR: unable to read line "['.@HuffPost report: At @NBCNews #HarveyWeinstein
Scandal Barely Exists \nHuge #campaigndail by @JenniferWexton -  Top Comstock
Challenger Criticized for Fake Cops in Ad']" because: need more than 1 value to
unpack.
ERROR: unable to read line "['@huntsmanabby']" because: need more than 1 value
to unpack.
ERROR: unable to read line "['@HuntsmanAbby @GriffJenkins @PeteHegseth ']"
because: need more than 1 value to unpack.
ERROR: unable to read line "['IA']" because: need more than 1 value to unpack.
ERROR: unable to read line "['ID']" because: need more than 1 value to unpack.
ERROR: unable to read line "['Insightful piece by @hughhewitt in @washingtonpost
 — A vote to reject Mike #Pompeo would be incredibly reckless\nInsightful piece
in @freep by @gop strategist @PARISDENNARD The red tide is rising']" because:
need more than 1 value to unpack.
ERROR: unable to read line "[' in support of Geoff Diehl for Senate']" because:
need more than 1 value to unpack.
ERROR: unable to read line "['I was not certain anyone would read it other than
my family.']" because: need more than 1 value to unpack.
ERROR: unable to read line "['Jack is a VERY good boy. ']" because: need more
than 1 value to unpack.
ERROR: unable to read line "['@JedediahBila']" because: need more than 1 value
to unpack.
ERROR: unable to read line "['@JGunlock ']" because: need more than 1 value to
unpack.
ERROR: unable to read line "['@JoanieCourtney']" because: need more than 1 value
 to unpack.
ERROR: unable to read line "['@JoeLieberman.']" because: need more than 1 value
to unpack.
ERROR: unable to read line "['John Podesta Claims That @HillaryClinton Hasn’t
Said Anything In Private That She Doesn’t Say In Public but...']" because: need
more than 1 value to unpack.
ERROR: unable to read line "['.@JohnPodesta Down Under: ']" because: need more
than 1 value to unpack.
ERROR: unable to read line "['.@johnpodesta Told @HillaryClinton Team To ‘Dump’
Emails After Use Of Private Server Emerged']" because: need more than 1 value to
 unpack.
ERROR: unable to read line "['J Street Wants Dem Platform to Articulate ‘New
Consensus’ on Israel\nJudge #Kavanaugh ‘s confirmation marks the 69th judicial
confirmation of @POTUS @realDonaldTrump ‘s presidency']" because: need more than
 1 value to unpack.
ERROR: unable to read line "["Judge links @HillaryClinton aide's immunity to
'criminal investigation'"]" because: need more than 1 value to unpack.
ERROR: unable to read line "['@Judgenap']" because: need more than 1 value to
unpack.
ERROR: unable to read line "['Judge Orders @HillaryClinton To Answer Questions
On Email Use']" because: need more than 1 value to unpack.
ERROR: unable to read line "['Judge orders Obama administration to release new
@HillaryClinton emails']" because: need more than 1 value to unpack.
ERROR: unable to read line "['Justice Department Obtains Warrant to Review
@HillaryClinton Aide’s Emails\n"Justice Department Officials Raised Objections
on U.S. Cash Payment to Iran\nJustice Neil #Gorsuch first year was exactly what
conservatives hoped']" because: need more than 1 value to unpack.
ERROR: unable to read line "['@Kathy4Truth ']" because: need more than 1 value
to unpack.
ERROR: unable to read line "['@KatrinaPierson ']" because: need more than 1
value to unpack.
ERROR: unable to read line "['@KellyannePolls ']" because: need more than 1
value to unpack.
ERROR: unable to read line "['@KevinRKelly_']" because: need more than 1 value
to unpack.
ERROR: unable to read line "['@KevinRKelly_ ']" because: need more than 1 value
to unpack.
ERROR: unable to read line "['@LawrenceBJones3 ']" because: need more than 1
value to unpack.
ERROR: unable to read line "['@LBellCFRA']" because: need more than 1 value to
unpack.
ERROR: unable to read line "['@LDAppell ']" because: need more than 1 value to
unpack.
ERROR: unable to read line "['Left wing groups burn American flag: Police arrest
 flag-burning protesters outside convention']" because: need more than 1 value
to unpack.
ERROR: unable to read line "['@leximccammond']" because: need more than 1 value
to unpack.
ERROR: unable to read line "['@lh_carter']" because: need more than 1 value to
unpack.
ERROR: unable to read line "['@LisaMarieBoothe   ']" because: need more than 1
value to unpack.
ERROR: unable to read line "['@LizClaman @KatTimpf @seanspicer @JessicaTarlov
@trish_regan ']" because: need more than 1 value to unpack.
ERROR: unable to read line "['Louisville ']" because: need more than 1 value to
unpack.
ERROR: unable to read line "['✔ Lowest ever Hispanic unemployment rate.']"
because: need more than 1 value to unpack.
ERROR: unable to read line "['Major @HillaryClinton donor appointed to
intelligence board with no experience']" because: need more than 1 value to
unpack.
ERROR: unable to read line "['#MakeAmericaGreatAgain #Trump2016']" because: need
 more than 1 value to unpack.
ERROR: unable to read line "['#MakeAmericaSafeAgain']" because: need more than 1
 value to unpack.
ERROR: unable to read line "[".@marcorubio makes the case for tax reform in
@nytimes Tax Reform Should Help American Families\n.@marcorubio :
@realDonaldTrump 'has said all the right things' about #Cuba via @dcexaminer "]"
 because: need more than 1 value to unpack.
ERROR: unable to read line "['@Martin_Dempsey']" because: need more than 1 value
 to unpack.
ERROR: unable to read line "['@MaryAnastasiaOG ']" because: need more than 1
value to unpack.
ERROR: unable to read line "['@MattMackowiak ']" because: need more than 1 value
 to unpack.
ERROR: unable to read line "['@MattWalshBlog']" because: need more than 1 value
to unpack.
ERROR: unable to read line "["Maybe a stronger word? Obama 'concerned' about
U.S. State Department handling of classified information"]" because: need more
than 1 value to unpack.
ERROR: unable to read line "['Media doesn’t ask @HillaryClinton about emails']"
because: need more than 1 value to unpack.
ERROR: unable to read line "['@michaeljknowles']" because: need more than 1
value to unpack.
ERROR: unable to read line "['MN']" because: need more than 1 value to unpack.
ERROR: unable to read line "['MO']" because: need more than 1 value to unpack.
ERROR: unable to read line "['More @HillaryClinton Shenanigans in #Haiti']"
because: need more than 1 value to unpack.
ERROR: unable to read line "['MS']" because: need more than 1 value to unpack.
ERROR: unable to read line "['@mschlapp ']" because: need more than 1 value to
unpack.
ERROR: unable to read line "['@murphyrosecliff']" because: need more than 1
value to unpack.
ERROR: unable to read line "['@MZHemingway']" because: need more than 1 value to
 unpack.
ERROR: unable to read line "['@MZHemingway ']" because: need more than 1 value
to unpack.
ERROR: unable to read line "["New poll out: As @realDonaldTrump ends year one,
record number rate economy 'excellent'\nNew poll shows competitive 2016
@realDonaldTrump @HillaryClinton race in Maine "]" because: need more than 1
value to unpack.
ERROR: unable to read line "['NH']" because: need more than 1 value to unpack.
ERROR: unable to read line "['@Nigel_Farage']" because: need more than 1 value
to unpack.
ERROR: unable to read line "['No wonder schools refuse to teach them.']"
because: need more than 1 value to unpack.
ERROR: unable to read line "['NV']" because: need more than 1 value to unpack.
ERROR: unable to read line "['NY']" because: need more than 1 value to unpack.
ERROR: unable to read line "['OH']" because: need more than 1 value to unpack.
ERROR: unable to read line "['PA']" because: need more than 1 value to unpack.
ERROR: unable to read line "['@PastorDScott ']" because: need more than 1 value
to unpack.
ERROR: unable to read line "['@PeteHegseth']" because: need more than 1 value to
 unpack.
ERROR: unable to read line "['@pjmcginnis']" because: need more than 1 value to
unpack.
ERROR: unable to read line "['@PlayOffense']" because: need more than 1 value to
 unpack.
ERROR: unable to read line "['Please consider donating: ']" because: need more
than 1 value to unpack.
ERROR: unable to read line "['@politico @gdebenedetti ']" because: need more
than 1 value to unpack.
ERROR: unable to read line "['Poll: Majority believes @HillaryClinton broke the
law\n"Poll: Most disapprove of @FBI decision to exonerate @HillaryClinton Via
\n"Poll: @realDonaldTrump  closes within 3 points of @HillaryClinton in
Michigan\n"Poll: @realDonaldTrump , @HillaryClinton in tight races in
battleground states\n"Poll: @realDonaldTrump  pulls ahead of @HillaryClinton in
North Carolina\n"Poll: @robportman @PatToomey lead Dem challengers in key Senate
 races\nPoll shows @tedcruz up 10 on @BetoORourke  in Texas Senate race']"
because: need more than 1 value to unpack.
ERROR: unable to read line "["POLLS: It's getting tighter in the most crucial
swing states"]" because: need more than 1 value to unpack.
ERROR: unable to read line "['Polls tighten in presidential race']" because:
need more than 1 value to unpack.
ERROR: unable to read line "['Poll: Voters Uneasy About @HillaryClinton’s
Private Email Usage']" because: need more than 1 value to unpack.
ERROR: unable to read line "['@POTUS @realDonaldTrump']" because: need more than
 1 value to unpack.
ERROR: unable to read line "['.@POTUS @realDonaldTrump making #Georgia America
great again\n.@potus @realDonaldTrump realdonaldTrump donates third-quarter
salary to HHS #opioid efforts']" because: need more than 1 value to unpack.
ERROR: unable to read line "[".@POTUS @realDonaldTrump says his tough rhetoric
on #NorthKorea worked\n.@potus @realdonaldTrump ‘s surprise G-7 pitch: 'We
should at least consider no tariffs'"]" because: need more than 1 value to
unpack.
ERROR: unable to read line "['@RajShah45']" because: need more than 1 value to
unpack.
ERROR: unable to read line "['.@realDonaldTrump finds Republican rallying cry in
 @HillaryClinton Foundation attacks cc @RajShah84 @RNCResearch
\n.@realDonaldTrump  first year is starting to look like a big win']" because:
need more than 1 value to unpack.
ERROR: unable to read line "['.@realDonaldTrump  flexes power over @GOP (and
wins)']" because: need more than 1 value to unpack.
ERROR: unable to read line "['.@realDonaldTrump fundraising sets off
@HillaryClinton camp alarms']" because: need more than 1 value to unpack.
ERROR: unable to read line "['.@realDonaldTrump gains ground on @HillaryClinton:
 @Reuters /Ipsos ']" because: need more than 1 value to unpack.
ERROR: unable to read line "['@realDonaldTrump Gets Modest Boost in Ohio After
@GOPconvention ']" because: need more than 1 value to unpack.
ERROR: unable to read line "['Remington Research / Missouri Scout 10/17-18']"
because: need more than 1 value to unpack.
ERROR: unable to read line "['@RepDeSantis']" because: need more than 1 value to
 unpack.
ERROR: unable to read line "['Report: @HillaryClinton Continued To Email
Classified Information After Leaving State Department']" because: need more than
 1 value to unpack.
ERROR: unable to read line "['Report: Loretta Lynch’s Justice Dept. Declined FBI
 Request To Investigate @HillaryClinton Foundation']" because: need more than 1
value to unpack.
ERROR: unable to read line "['Report: New evidence of rising #Obamacare
premiums']" because: need more than 1 value to unpack.
ERROR: unable to read line "['Report: Top aide said @HillaryClinton destroyed
State Dept. schedules']" because: need more than 1 value to unpack.
ERROR: unable to read line "['Republican National Committee Backs Overhaul of
Criminal Justice System']" because: need more than 1 value to unpack.
ERROR: unable to read line "['Republican National Committee Security Foiled
Russian Hackers']" because: need more than 1 value to unpack.
ERROR: unable to read line "['Republicans are set to defy history\nRepublicans
ask @HillaryClinton Foundation to produce correspondence']" because: need more
than 1 value to unpack.
ERROR: unable to read line "['Republicans Build New Social Media App to Boost
Voter Registration']" because: need more than 1 value to unpack.
ERROR: unable to read line "['RI']" because: need more than 1 value to unpack.
ERROR: unable to read line "['.@RJC Calls on Seven #Farrakhan connected Members
of Congress to Resign\n@RLHeinrichs \nRNC Ad Contrasts Clinton Coming Clean and
Comey Contradictions']" because: need more than 1 value to unpack.
ERROR: unable to read line "['RNC announces record haul for presidential
cycle']" because: need more than 1 value to unpack.
ERROR: unable to read line "['RNC calls on @HillaryClinton to hold press
conference amid foundation controversy']" because: need more than 1 value to
unpack.
ERROR: unable to read line "['RNC Chairman @Reince Priebus @CNN Republican
Presidential Debate Introduction #GOPDebate cc @GOP ']" because: need more than
1 value to unpack.
ERROR: unable to read line "['RNC Chairman @Reince Priebus Remarks At
@GOPconvention ']" because: need more than 1 value to unpack.
ERROR: unable to read line "['RNC Chair @reince Responds To @HillaryClinton
Veterans Speech Blasts Her For ‘Dismissing VA Scandals’']" because: need more
than 1 value to unpack.
ERROR: unable to read line "["RNC chair @Reince to @HillaryClinton You'd know
about the delete key"]" because: need more than 1 value to unpack.
ERROR: unable to read line "['RNC Challenges @Hillaryclinton Pay Extra $5
Million in Taxes Your Own Plan Would Require']" because: need more than 1 value
to unpack.
ERROR: unable to read line "['RNC Fundraising Rate Picks Up in Final Weeks\nRNC
@GOPChairwoman I’m @FoxNews opec : @realDonaldTrump first year as president is a
 historic success']" because: need more than 1 value to unpack.
ERROR: unable to read line "['#RNCinCLE ']" because: need more than 1 value to
unpack.
ERROR: unable to read line "['RNC outpaces DNC in September fundraising\nRNC
outraises DNC again in June']" because: need more than 1 value to unpack.
ERROR: unable to read line "['RNC raises millions more than DNC in July\n"RNC
raises more than $39 million in September\nRNC Reaches $252 Million Fundraising
Mark For  #2018Midterms ']" because: need more than 1 value to unpack.
ERROR: unable to read line "['RNC Requests @HillaryClinton E-Mails Through
FOIA']" because: need more than 1 value to unpack.
ERROR: unable to read line "['RNC says it has hit one million voter contacts in
#Nevada surpassing total contacts in 2016 cycle\nRNC says it raised $1.56
million from State of the Union fundraiser']" because: need more than 1 value to
 unpack.
ERROR: unable to read line "['RNC Seeks Records on Possible @HillaryClinton VP
Picks Including Warren, Becerra\nRNC sees another strong fundraising month as
@TheDemocrats struggle']" because: need more than 1 value to unpack.
ERROR: unable to read line "["RNC slams @HillaryClinton - @timKaine ticket as
'failed Democrat status quo'"]" because: need more than 1 value to unpack.
ERROR: unable to read line "['RNC Spokesman: @GovEdRendell ‘Ugly Women’ Comment
Exposes Media Double Standard']" because: need more than 1 value to unpack.
ERROR: unable to read line "['RNC strategizes against @HillaryClinton VP
contenders']" because: need more than 1 value to unpack.
ERROR: unable to read line "['RNC sues for @BillClinton schedules']" because:
need more than 1 value to unpack.
ERROR: unable to read line "["RNC: @timeKaine 'does nothing to unify'
@TheDemocrats "]" because: need more than 1 value to unpack.
ERROR: unable to read line "['RNC to more than triple staff in NH as part of
push in battleground states']" because: need more than 1 value to unpack.
ERROR: unable to read line "['RNC Unveils ‘Definitive’ Site to Understanding
@HillaryClinton Email Scandal']" because: need more than 1 value to unpack.
ERROR: unable to read line "["RNC video spotlights @DemConvention  'chaos'"]"
because: need more than 1 value to unpack.
ERROR: unable to read line "['@robertjeffress']" because: need more than 1 value
 to unpack.
ERROR: unable to read line "["RT @AmericaFirstPol: It's been only 6 months since
 the passage of #taxcuts, and we're seeing incredible results. \nRT
@AmericaFirstPol: NEW TV AD📺: 'Anonymous'"]" because: need more than 1 value to
unpack.
ERROR: unable to read line "['RT @AriMelber: RNC, which is largely handling
field for Trump, says it has now made 12m doorknocks, more than in 2012.\nRT
@ArthurSchwartz: “A spokesperson for CNN did not immediately return a request
for comment.”']" because: need more than 1 value to unpack.
ERROR: unable to read line "['RT @bpmehlman: GREAT NEWS = Highest small business
 owner optimism since January 2008. ']" because: need more than 1 value to
unpack.
ERROR: unable to read line "['RT @bpmehlman: MOST VOTES EVER: Trump campaign set
 new record for votes received by a Republican.']" because: need more than 1
value to unpack.
ERROR: unable to read line "['RT @bpmehlman: One potential bright spot for Trump
 campaign = Efficiency']" because: need more than 1 value to unpack.
ERROR: unable to read line "['RT @FNC_Ladies_Rule: 📺@Foxandfriends \nRT
@FNC_Ladies_Rule: 📺@MediaBuzzFNC w/ @HowardKurtz 11am ET @FoxNews ']" because:
need more than 1 value to unpack.
ERROR: unable to read line "['RT @foxandfriends: Coming up...!\nRT
@foxandfriends: Coming up…!']" because: need more than 1 value to unpack.
ERROR: unable to read line "['RT @foxandfriends: Still ahead!\nRT
@foxandfriends: Still ahead…!']" because: need more than 1 value to unpack.
ERROR: unable to read line "['RT @FrankLuntz: Total primary votes received so
far…']" because: need more than 1 value to unpack.
ERROR: unable to read line "['RT @FrankLuntz: Trump is doing better with
undecideds than even with Trump-leaners.']" because: need more than 1 value to
unpack.
ERROR: unable to read line "['RT @FrankLuntz: Who won on immigration?']"
because: need more than 1 value to unpack.
ERROR: unable to read line "['RT @KellyannePolls: Impt read. Judges were sleeper
 election issue that energized base voters &amp; helped tip undecideds in swing
states. \nRT @KellyannePolls: Love and prayers for friends Adrienne &amp; Eric
Bolling. ']" because: need more than 1 value to unpack.
ERROR: unable to read line "['RT @kevcirilli: ST. LOUIS --\nRT @KevinMcCarthyTV:
 So tonight I attempted to dance for charity. Raised money for LLS.']" because:
need more than 1 value to unpack.
INFO: found a tweet!		http://web.archive.org/*/https://twitter.com/seanspicer/st
atus/792052937765683200	RT @KFILE: FBI reviewing new emails in Clinton probe,
director tells Senate Judiciary Committee @CNNPolitics https://t.co/KvsUfBP6NT
... adding to list of deleted tweets
... added
... but we're not going to tweet about it because seanspicer is not in the list
of accounts we tweet about


New tweet from SecPompeo: Met with HH Amir @TamimBinHamad in #Doha. Strong
agreement on the robust #USQatar partnership and need for #GCC uni…
https://t.co/dZzcf3nGla

archiving URL http://twitter.com/SecPompeo/status/1084664332787568640
    ... archiving using prefix http://web.archive.org/save/

archiving URL https://twitter.com/SecPompeo/status/1084664332787568640
    ... archiving using prefix http://web.archive.org/save/


New tweet from statedeptspox: RT @StateDept: Today, @SecPompeo arrived in
Saudi Arabia and met with Saudi Minister of State for Foreign Affairs Adel al-
Jubeir. Readout o…

archiving URL http://twitter.com/statedeptspox/status/1084664825144401921
    ... archiving using prefix http://web.archive.org/save/

archiving URL https://twitter.com/statedeptspox/status/1084664825144401921
    ... archiving using prefix http://web.archive.org/save/


New tweet from statedeptspox: RT @SecPompeo: Met with HH Amir @TamimBinHamad
in #Doha. Strong agreement on the robust #USQatar partnership and need for #GCC
unity to adv…

archiving URL http://twitter.com/statedeptspox/status/1084664864004603905
    ... archiving using prefix http://web.archive.org/save/

archiving URL https://twitter.com/statedeptspox/status/1084664864004603905
    ... archiving using prefix http://web.archive.org/save/


New tweet from SecondLady: RT @FLOTUS: ❄️❄️❄️ @WhiteHouse
https://t.co/VxGFzETv95

archiving URL http://twitter.com/SecondLady/status/1084671409551478785
    ... archiving using prefix http://web.archive.org/save/

archiving URL https://twitter.com/SecondLady/status/1084671409551478785
    ... archiving using prefix http://web.archive.org/save/


New tweet from EnergyDepSec: Happy to meet with #AbdullaAlSubaie and
congratulate him on his appointment as Qatar’s Minister of Municipality and…
https://t.co/N3LAolLG9h

archiving URL http://twitter.com/EnergyDepSec/status/1084764151539474433
    ... archiving using prefix http://web.archive.org/save/

archiving URL https://twitter.com/EnergyDepSec/status/1084764151539474433
    ... archiving using prefix http://web.archive.org/save/


New tweet from SecPompeo: I had a very good meeting with @KingSalman. We
discussed many issues, including #Yemen, #Iran, #Syria, and…
https://t.co/g4X9XX3aPM

archiving URL http://twitter.com/SecPompeo/status/1084772734578671616
    ... archiving using prefix http://web.archive.org/save/

archiving URL https://twitter.com/SecPompeo/status/1084772734578671616
    ... archiving using prefix http://web.archive.org/save/


New tweet from SecPompeo: Met today with Crown Prince #MohammedbinSalman. We
discussed the U.S.-Saudi relationship, accountability for Jamal…
https://t.co/ks25LY2e0T

archiving URL http://twitter.com/SecPompeo/status/1084774572438814722
    ... archiving using prefix http://web.archive.org/save/

archiving URL https://twitter.com/SecPompeo/status/1084774572438814722
    ... archiving using prefix http://web.archive.org/save/


New tweet from SecPompeo: Thank you to the @USAinKSA team for all you did to
support my visit, and grateful for the work you do on an ongoing…
https://t.co/S52iNANO7T

archiving URL http://twitter.com/SecPompeo/status/1084776177154297862
    ... archiving using prefix http://web.archive.org/save/

archiving URL https://twitter.com/SecPompeo/status/1084776177154297862
    ... archiving using prefix http://web.archive.org/save/


New tweet from statedeptspox: RT @SecPompeo: I had a very good meeting with
@KingSalman. We discussed many issues, including #Yemen, #Iran, #Syria, and
#Afghanistan. Gra…

archiving URL http://twitter.com/statedeptspox/status/1084776644701798401
    ... archiving using prefix http://web.archive.org/save/

archiving URL https://twitter.com/statedeptspox/status/1084776644701798401
    ... archiving using prefix http://web.archive.org/save/


New tweet from statedeptspox: RT @SecPompeo: Met today with Crown Prince
#MohammedbinSalman. We discussed the U.S.-Saudi relationship, accountability for
 Jamal Khashoggi…

archiving URL http://twitter.com/statedeptspox/status/1084776696048484353
    ... archiving using prefix http://web.archive.org/save/

archiving URL https://twitter.com/statedeptspox/status/1084776696048484353
    ... archiving using prefix http://web.archive.org/save/


New tweet from statedeptspox: RT @SecPompeo: Thank you to the @USAinKSA team
for all you did to support my visit, and grateful for the work you do on an
ongoing basis to…

archiving URL http://twitter.com/statedeptspox/status/1084776750503084036
    ... archiving using prefix http://web.archive.org/save/

archiving URL https://twitter.com/statedeptspox/status/1084776750503084036
    ... archiving using prefix http://web.archive.org/save/


New tweet from EnergyDepSec: One of my favorite parts about traveling to
different countries is getting to meet with energy businesses in the ar…
https://t.co/0YRkcJ3eba

archiving URL http://twitter.com/EnergyDepSec/status/1084779661178138629
    ... archiving using prefix http://web.archive.org/save/

archiving URL https://twitter.com/EnergyDepSec/status/1084779661178138629
    ... archiving using prefix http://web.archive.org/save/


New tweet from SecretaryAcosta: Jobs, more jobs, and even more jobs have been
created since November 2016 – more than 5 million jobs so far. @POTUS
https://t.co/rNzBa9SYnB

archiving URL http://twitter.com/SecretaryAcosta/status/1084782503871823872
    ... archiving using prefix http://web.archive.org/save/

archiving URL https://twitter.com/SecretaryAcosta/status/1084782503871823872
    ... archiving using prefix http://web.archive.org/save/


New tweet from realDonaldTrump: “Gas prices drop across the United States
because President Trump has deregulated Energy and we are now  producing…
https://t.co/OPhGVLtuX9

archiving URL http://twitter.com/realDonaldTrump/status/1084785809000185862
    ... archiving using prefix http://web.archive.org/save/
WARNING: attempt to archive timed out, sleeping for 10 seconds

archiving URL https://twitter.com/realDonaldTrump/status/1084785809000185862
    ... archiving using prefix http://web.archive.org/save/


New tweet from realDonaldTrump: RT @GOPChairwoman: It didn't get the attention
 it deserved, but @realDonaldTrump recently signed a bill into law that will
empower women al…

archiving URL http://twitter.com/realDonaldTrump/status/1084786495398072320
    ... archiving using prefix http://web.archive.org/save/

archiving URL https://twitter.com/realDonaldTrump/status/1084786495398072320
    ... archiving using prefix http://web.archive.org/save/


New tweet from realDonaldTrump: RT @GOPChairwoman: Chuck Schumer and Nancy
Pelosi are not negotiating in good faith with @realDonaldTrump.
 
Instead,
Congressional Democra…

archiving URL http://twitter.com/realDonaldTrump/status/1084786623320150016
    ... archiving using prefix http://web.archive.org/save/

archiving URL https://twitter.com/realDonaldTrump/status/1084786623320150016
    ... archiving using prefix http://web.archive.org/save/


New tweet from realDonaldTrump: RT @GeraldoRivera: Based on the record, the
allegation/suggestion that the #FBI came close to investigating @realDonaldTrump
 as a Russian s…

archiving URL http://twitter.com/realDonaldTrump/status/1084786824516653057
    ... archiving using prefix http://web.archive.org/save/

archiving URL https://twitter.com/realDonaldTrump/status/1084786824516653057
    ... archiving using prefix http://web.archive.org/save/


New tweet from realDonaldTrump: RT @GOPChairwoman: Economic policies that
@realDonaldTrump and @IvankaTrump have championed are producing some fantastic
results for Americ…

archiving URL http://twitter.com/realDonaldTrump/status/1084786926367002624
    ... archiving using prefix http://web.archive.org/save/

archiving URL https://twitter.com/realDonaldTrump/status/1084786926367002624
    ... archiving using prefix http://web.archive.org/save/


New tweet from realDonaldTrump: RT @GOPChairwoman: Smugglers are flooding our
communities with drugs.

*300 Americans die each week from heroin, 90% of it
comes from south…

archiving URL http://twitter.com/realDonaldTrump/status/1084787164574040064
    ... archiving using prefix http://web.archive.org/save/

archiving URL https://twitter.com/realDonaldTrump/status/1084787164574040064
    ... archiving using prefix http://web.archive.org/save/


New tweet from WhiteHouse: RT @realDonaldTrump: “Gas prices drop across the
United States because President Trump has deregulated Energy and we are now
producing a g…

archiving URL http://twitter.com/WhiteHouse/status/1084787620692049921
    ... archiving using prefix http://web.archive.org/save/

archiving URL https://twitter.com/WhiteHouse/status/1084787620692049921
    ... archiving using prefix http://web.archive.org/save/


New tweet from POTUS: RT @realDonaldTrump: “Gas prices drop across the United
States because President Trump has deregulated Energy and we are now  producing
a g…

archiving URL http://twitter.com/POTUS/status/1084787637108514821
    ... archiving using prefix http://web.archive.org/save/

archiving URL https://twitter.com/POTUS/status/1084787637108514821
    ... archiving using prefix http://web.archive.org/save/


New tweet from realDonaldTrump: I’ve been waiting all weekend. Democrats must
get to work now. Border must be secured!

archiving URL http://twitter.com/realDonaldTrump/status/1084788012725166080
    ... archiving using prefix http://web.archive.org/save/


New tweet from realDonaldTrump: Nancy and Cryin’ Chuck can end the Shutdown in
 15 minutes. At this point it has become their, and the Democrats, fault!

archiving URL http://twitter.com/realDonaldTrump/status/1084788796011491330
    ... archiving using prefix http://web.archive.org/save/

archiving URL https://twitter.com/realDonaldTrump/status/1084788796011491330
    ... archiving using prefix http://web.archive.org/save/


New tweet from realDonaldTrump: Getting ready to address the Farm Convention
today in Nashville, Tennessee. Love our farmers, love Tennessee - a gr…
https://t.co/Y27RxurA4y

archiving URL http://twitter.com/realDonaldTrump/status/1084790393764364288
    ... archiving using prefix http://web.archive.org/save/

archiving URL https://twitter.com/realDonaldTrump/status/1084790393764364288
    ... archiving using prefix http://web.archive.org/save/


New tweet from realDonaldTrump: “Dems in Puerto Rico as Shutdown hits day 24.”
 @foxandfriends

archiving URL http://twitter.com/realDonaldTrump/status/1084791040291282944
    ... archiving using prefix http://web.archive.org/save/

archiving URL https://twitter.com/realDonaldTrump/status/1084791040291282944
    ... archiving using prefix http://web.archive.org/save/
INFO: handling a deletion for data:

{'delete': {'status': {'id':
1084790393764364288,
                       'id_str': '1084790393764364288',

                       'user_id': 25073877,
'user_id_str': '25073877'},
            'timestamp_ms': '1547469377630'}}
INFO: successfully dumped raw data to JSON file
INFO: We're handling a deletion notification for tweet ID# 1084790393764364288
on account realDonaldTrump
INFO: get_archived_tweet() called to get tweet ID 1084790393764364288 for
account realDonaldTrump
ERROR: unable to read line "['7"']" because: need more than 1 value to unpack.
INFO: found a tweet!		http://web.archive.org/*/http://twitter.com/realDonaldTrum
p/status/1084790393764364288	Getting ready to address the Farm Convention today
in Nashville, Tennessee. Love our farmers, love Tennessee - a gr…
https://t.co/Y27RxurA4y
... adding to list of deleted tweets
... added
 ... and we're going to tweet about it


New tweet from WhiteHouse: RT @realDonaldTrump: I’ve been waiting all weekend.
 Democrats must get to work now. Border must be secured!

archiving URL http://twitter.com/WhiteHouse/status/1084791651997024257
    ... archiving using prefix http://web.archive.org/save/

archiving URL https://twitter.com/WhiteHouse/status/1084791651997024257
    ... archiving using prefix http://web.archive.org/save/


New tweet from POTUS: RT @realDonaldTrump: I’ve been waiting all weekend.
Democrats must get to work now. Border must be secured!

archiving URL http://twitter.com/POTUS/status/1084791676076519425
    ... archiving using prefix http://web.archive.org/save/

archiving URL https://twitter.com/POTUS/status/1084791676076519425
    ... archiving using prefix http://web.archive.org/save/


New tweet from WhiteHouse: RT @realDonaldTrump: “Dems in Puerto Rico as
Shutdown hits day 24.” @foxandfriends

archiving URL http://twitter.com/WhiteHouse/status/1084791693789024256
    ... archiving using prefix http://web.archive.org/save/

archiving URL https://twitter.com/WhiteHouse/status/1084791693789024256
    ... archiving using prefix http://web.archive.org/save/


New tweet from POTUS: RT @realDonaldTrump: “Dems in Puerto Rico as Shutdown
hits day 24.” @foxandfriends

archiving URL http://twitter.com/POTUS/status/1084791714919972864
    ... archiving using prefix http://web.archive.org/save/

archiving URL https://twitter.com/POTUS/status/1084791714919972864
    ... archiving using prefix http://web.archive.org/save/


New tweet from WhiteHouse: RT @realDonaldTrump: Nancy and Cryin’ Chuck can end
 the Shutdown in 15 minutes. At this point it has become their, and the
Democrats, fault!

archiving URL http://twitter.com/WhiteHouse/status/1084791736868716544
    ... archiving using prefix http://web.archive.org/save/

archiving URL https://twitter.com/WhiteHouse/status/1084791736868716544
    ... archiving using prefix http://web.archive.org/save/


New tweet from POTUS: RT @realDonaldTrump: Nancy and Cryin’ Chuck can end the
Shutdown in 15 minutes. At this point it has become their, and the Democrats,
fault!

archiving URL http://twitter.com/POTUS/status/1084791760566607872
    ... archiving using prefix http://web.archive.org/save/

archiving URL https://twitter.com/POTUS/status/1084791760566607872
    ... archiving using prefix http://web.archive.org/save/


New tweet from SecWilkie: I published an Op-Ed this morning about the progress
 we are making in preventing Veteran suicide.   https://t.co/iE7eyf1oeJ

archiving URL http://twitter.com/SecWilkie/status/1084796786827554816
    ... archiving using prefix http://web.archive.org/save/
WARNING: attempt to archive timed out, sleeping for 10 seconds

archiving URL https://twitter.com/SecWilkie/status/1084796786827554816
    ... archiving using prefix http://web.archive.org/save/


New tweet from SecretarySonny: Started the day in studio at @FOX8NOLA for an
interview with @JohnSnellFox8. Good discussion on importance of…
https://t.co/Clfg8JCthB

archiving URL http://twitter.com/SecretarySonny/status/1084804549070725120
    ... archiving using prefix http://web.archive.org/save/

archiving URL https://twitter.com/SecretarySonny/status/1084804549070725120
    ... archiving using prefix http://web.archive.org/save/


New tweet from seanspicer: RT @AmericaNewsroom: TODAY ON THE SHOW:
@ByronYork
 
@KarlRove 
@RepAndyBiggsAZ 
@AlanDersh 
@RepPeteKing 
@seanspicer
@Nigel_Farage 
@jaso…

archiving URL http://twitter.com/seanspicer/status/1084805944175820800
    ... archiving using prefix http://web.archive.org/save/

archiving URL https://twitter.com/seanspicer/status/1084805944175820800
    ... archiving using prefix http://web.archive.org/save/


New tweet from seanspicer: RT @Patriots: What he said.

#EverythingWeGot |
#GoPats https://t.co/8eFilfgrN2

archiving URL http://twitter.com/seanspicer/status/1084806144256868352
    ... archiving using prefix http://web.archive.org/save/

archiving URL https://twitter.com/seanspicer/status/1084806144256868352
    ... archiving using prefix http://web.archive.org/save/


New tweet from seanspicer: RT @AriFleischer: Money ‘in the Wrong Hands’ - WSJ
https://t.co/N6M1t14VXD

archiving URL http://twitter.com/seanspicer/status/1084806179694485505
    ... archiving using prefix http://web.archive.org/save/

archiving URL https://twitter.com/seanspicer/status/1084806179694485505
    ... archiving using prefix http://web.archive.org/save/


New tweet from IvankaTrump: RT @Refinery29: President Trump signed into law a
bipartisan women's economic empowerment bill that aims to provide support for
women-led v…

archiving URL http://twitter.com/IvankaTrump/status/1084806572914733058
    ... archiving using prefix http://web.archive.org/save/

archiving URL https://twitter.com/IvankaTrump/status/1084806572914733058
    ... archiving using prefix http://web.archive.org/save/
INFO: handling a deletion for data:

{'delete': {'status': {'id':
1084806572914733058,
                       'id_str': '1084806572914733058',

                       'user_id': 52544275,
'user_id_str': '52544275'},
            'timestamp_ms': '1547473018844'}}
INFO: successfully dumped raw data to JSON file
INFO: We're handling a deletion notification for tweet ID# 1084806572914733058
on account IvankaTrump
INFO: get_archived_tweet() called to get tweet ID 1084806572914733058 for
account IvankaTrump
INFO: found a tweet!		http://web.archive.org/*/http://twitter.com/IvankaTrump/st
atus/1084806572914733058	RT @Refinery29: President Trump signed into law a
bipartisan women's economic empowerment bill that aims to provide support for
women-led v…
... adding to list of deleted tweets
... added
... but we're not going to tweet about it because IvankaTrump is not in the list
 of accounts we tweet about


New tweet from IvankaTrump: The Women’s Entrepreneurship and Economic
Empowerment Act will have a transformative effect on women’s economic emp…
https://t.co/M8h383oLZL

archiving URL http://twitter.com/IvankaTrump/status/1084807806539186176
    ... archiving using prefix http://web.archive.org/save/

archiving URL https://twitter.com/IvankaTrump/status/1084807806539186176
    ... archiving using prefix http://web.archive.org/save/


New tweet from realDonaldTrump: The Fake News gets crazier and more dishonest
every single day. Amazing to watch as certain people covering me, and…
https://t.co/kIEcksBJbm

archiving URL http://twitter.com/realDonaldTrump/status/1084808599124221954
    ... archiving using prefix http://web.archive.org/save/

archiving URL https://twitter.com/realDonaldTrump/status/1084808599124221954
    ... archiving using prefix http://web.archive.org/save/


New tweet from POTUS: RT @realDonaldTrump: The Fake News gets crazier and more
 dishonest every single day. Amazing to watch as certain people covering me, and
 th…

archiving URL http://twitter.com/POTUS/status/1084809161676857344
    ... archiving using prefix http://web.archive.org/save/

archiving URL https://twitter.com/POTUS/status/1084809161676857344
    ... archiving using prefix http://web.archive.org/save/


New tweet from AmbJohnBolton: RT @realDonaldTrump: Starting the long overdue
pullout from Syria while hitting the little remaining ISIS territorial caliphate
 hard, and f…

archiving URL http://twitter.com/AmbJohnBolton/status/1084818060329000960
    ... archiving using prefix http://web.archive.org/save/

archiving URL https://twitter.com/AmbJohnBolton/status/1084818060329000960
    ... archiving using prefix http://web.archive.org/save/


New tweet from KellyannePolls: Angel moms, Angel dads and Angel kids...their
pain is real and raw, not “manufactured”.

archiving URL http://twitter.com/KellyannePolls/status/1084831118522765319
    ... archiving using prefix http://web.archive.org/save/


New tweet from seanspicer: Snowed in?  Tune in to @FoxNews now.  I’m talking
congressional oversight with @BillHemmer and @SandraSmithFox

archiving URL http://twitter.com/seanspicer/status/1084831633881137152
    ... archiving using prefix http://web.archive.org/save/

archiving URL https://twitter.com/seanspicer/status/1084831633881137152
    ... archiving using prefix http://web.archive.org/save/


New tweet from DepSecHargan: RT @HHS_ASH: #Naloxone can be lifesaving during
an overdose. But only 0.4% of overdoses w/ prescription drugs receive it from a
bystander w…

archiving URL http://twitter.com/DepSecHargan/status/1084838850646720513
    ... archiving using prefix http://web.archive.org/save/

archiving URL https://twitter.com/DepSecHargan/status/1084838850646720513
    ... archiving using prefix http://web.archive.org/save/
INFO: handling a deletion for data:

{'delete': {'status': {'id':
1084838850646720513,
                       'id_str': '1084838850646720513',

                       'user_id': 920035992073064450,
'user_id_str': '920035992073064450'},
            'timestamp_ms':
'1547480715553'}}
INFO: successfully dumped raw data to JSON file
INFO: We're handling a deletion notification for tweet ID# 1084838850646720513
on account DepSecHargan
INFO: get_archived_tweet() called to get tweet ID 1084838850646720513 for
account DepSecHargan
INFO: found a tweet!		http://web.archive.org/*/http://twitter.com/DepSecHargan/s
tatus/1084838850646720513	RT @HHS_ASH: #Naloxone can be lifesaving during an
overdose. But only 0.4% of overdoses w/ prescription drugs receive it from a
bystander w…
... adding to list of deleted tweets
... added
... but we're not going to tweet about it because DepSecHargan is not in the
list of accounts we tweet about


New tweet from DepSecHargan: Be prepared to use naloxone and #savealife

archiving URL http://twitter.com/DepSecHargan/status/1084839106323058688
    ... archiving using prefix http://web.archive.org/save/


New tweet from realDonaldTrump: https://t.co/w5X8jqvtiS

archiving URL http://twitter.com/realDonaldTrump/status/1084839940972638208
    ... archiving using prefix http://web.archive.org/save/

archiving URL https://twitter.com/realDonaldTrump/status/1084839940972638208
    ... archiving using prefix http://web.archive.org/save/


New tweet from WhiteHouse: RT @FarmBureau: We look forward to welcoming
President @realDonaldTrump at our 100th Annual Convention today! #AFBF19
#AFBF100

archiving URL http://twitter.com/WhiteHouse/status/1084841803919040512
    ... archiving using prefix http://web.archive.org/save/


New tweet from WhiteHouse: RT @realDonaldTrump: https://t.co/w5X8jqvtiS

archiving URL http://twitter.com/WhiteHouse/status/1084842935198367745
    ... archiving using prefix http://web.archive.org/save/

archiving URL https://twitter.com/WhiteHouse/status/1084842935198367745
    ... archiving using prefix http://web.archive.org/save/


New tweet from POTUS: RT @realDonaldTrump: https://t.co/w5X8jqvtiS

archiving URL http://twitter.com/POTUS/status/1084849443109814273
    ... archiving using prefix http://web.archive.org/save/

archiving URL https://twitter.com/POTUS/status/1084849443109814273
    ... archiving using prefix http://web.archive.org/save/


New tweet from seanspicer: There's a great new book out that proves about the
#Bible and gives Christians a ton of great information! Check it…
https://t.co/EeiKTqqmwf

archiving URL http://twitter.com/seanspicer/status/1084871767448006658
    ... archiving using prefix http://web.archive.org/save/

archiving URL https://twitter.com/seanspicer/status/1084871767448006658
    ... archiving using prefix http://web.archive.org/save/


New tweet from seanspicer: RT @AmericaNewsroom: LISTEN: @seanspicer told
@BillHemmer and @SandraSmithFox, "There’s a difference between political witch
hunts and the…

archiving URL http://twitter.com/seanspicer/status/1084871788394360833
    ... archiving using prefix http://web.archive.org/save/

archiving URL https://twitter.com/seanspicer/status/1084871788394360833
    ... archiving using prefix http://web.archive.org/save/


New tweet from SecretarySonny: RT @sarah_k_mock: The #ag gang is all here
#AFBF100 https://t.co/3j9D4gR7SY

archiving URL http://twitter.com/SecretarySonny/status/1084873830387142656
    ... archiving using prefix http://web.archive.org/save/


New tweet from SecretarySonny: RT @MariaBartiromo: Agriculture Secretary on
partial government shutdown: Not short cutting any type of food safety issues at
 USDA https://…

archiving URL http://twitter.com/SecretarySonny/status/1084874006103293955
    ... archiving using prefix http://web.archive.org/save/

archiving URL https://twitter.com/SecretarySonny/status/1084874006103293955
    ... archiving using prefix http://web.archive.org/save/


New tweet from realDonaldTrump: Getting ready to go on stage at the #AFBF100
in New Orleans - packed house! I will try and match the great game pla…
https://t.co/JvTpUlkus6

archiving URL http://twitter.com/realDonaldTrump/status/1084883995886800896
    ... archiving using prefix http://web.archive.org/save/

archiving URL https://twitter.com/realDonaldTrump/status/1084883995886800896
    ... archiving using prefix http://web.archive.org/save/


New tweet from WhiteHouse: President Trump Delivers Remarks at the American
Farm Bureau Federation's 100th Annual Convention https://t.co/tMWj5zj3K0

archiving URL http://twitter.com/WhiteHouse/status/1084884171229519872
    ... archiving using prefix http://web.archive.org/save/

archiving URL https://twitter.com/WhiteHouse/status/1084884171229519872
    ... archiving using prefix http://web.archive.org/save/


New tweet from SecretarySonny: RT @agripulse: Sec. Perdue says Pres. Donald
Trump is absolutely a friend of the American farmer. He’s promised to support
farmers and he’s…

archiving URL http://twitter.com/SecretarySonny/status/1084884838333775873
    ... archiving using prefix http://web.archive.org/save/

archiving URL https://twitter.com/SecretarySonny/status/1084884838333775873
    ... archiving using prefix http://web.archive.org/save/


New tweet from WhiteHouse: RT @realDonaldTrump: Getting ready to go on stage
at the #AFBF100 in New Orleans - packed house! I will try and match the great
game played…

archiving URL http://twitter.com/WhiteHouse/status/1084886290053636096
    ... archiving using prefix http://web.archive.org/save/

archiving URL https://twitter.com/WhiteHouse/status/1084886290053636096
    ... archiving using prefix http://web.archive.org/save/


New tweet from POTUS: RT @realDonaldTrump: Getting ready to go on stage at the
 #AFBF100 in New Orleans - packed house! I will try and match the great game
played…

archiving URL http://twitter.com/POTUS/status/1084886308386992129
    ... archiving using prefix http://web.archive.org/save/

archiving URL https://twitter.com/POTUS/status/1084886308386992129
    ... archiving using prefix http://web.archive.org/save/


New tweet from SecretarySonny: It is great to be at the @FarmBureau’s
Centennial Annual Convention and introduce @POTUS who is a true friend to th…
https://t.co/Ik5Hiy7xhk

archiving URL http://twitter.com/SecretarySonny/status/1084888553543385095
    ... archiving using prefix http://web.archive.org/save/

archiving URL https://twitter.com/SecretarySonny/status/1084888553543385095
    ... archiving using prefix http://web.archive.org/save/


New tweet from WhiteHouse: President Trump: “To keep family farms in the
family, we have virtually eliminated the estate tax, also known as the death
tax.”

archiving URL http://twitter.com/WhiteHouse/status/1084896431771697158
    ... archiving using prefix http://web.archive.org/save/

archiving URL https://twitter.com/WhiteHouse/status/1084896431771697158
    ... archiving using prefix http://web.archive.org/save/


New tweet from realDonaldTrump: RT @WhiteHouse: President Trump Delivers
Remarks at the American Farm Bureau Federation's 100th Annual Convention
https://t.co/tMWj5zj3K0

archiving URL http://twitter.com/realDonaldTrump/status/1084900086533025795
    ... archiving using prefix http://web.archive.org/save/

archiving URL https://twitter.com/realDonaldTrump/status/1084900086533025795
    ... archiving using prefix http://web.archive.org/save/


New tweet from POTUS: RT @WhiteHouse: President Trump Delivers Remarks at the
American Farm Bureau Federation's 100th Annual Convention
https://t.co/tMWj5zj3K0

archiving URL http://twitter.com/POTUS/status/1084900146687737856
    ... archiving using prefix http://web.archive.org/save/

archiving URL https://twitter.com/POTUS/status/1084900146687737856
    ... archiving using prefix http://web.archive.org/save/


New tweet from Scavino45: RT @WhiteHouse: President Trump Delivers Remarks at
the American Farm Bureau Federation's 100th Annual Convention
https://t.co/tMWj5zj3K0

archiving URL http://twitter.com/Scavino45/status/1084900188374880256
    ... archiving using prefix http://web.archive.org/save/

archiving URL https://twitter.com/Scavino45/status/1084900188374880256
    ... archiving using prefix http://web.archive.org/save/


New tweet from WhiteHouse: In the last 2 years, @ICEgov officers arrested
266,000 illegal aliens with criminal records—including 100,000 assau…
https://t.co/IlAif94HlB

archiving URL http://twitter.com/WhiteHouse/status/1084901270165438464
    ... archiving using prefix http://web.archive.org/save/

archiving URL https://twitter.com/WhiteHouse/status/1084901270165438464
    ... archiving using prefix http://web.archive.org/save/


New tweet from WhiteHouse: Another stabbing at the hands of MS-13 that could
have been prevented. Enough is enough. Congress, close this looph…
https://t.co/ZwEuhtmKIA

archiving URL http://twitter.com/WhiteHouse/status/1084906756684374016
    ... archiving using prefix http://web.archive.org/save/

archiving URL https://twitter.com/WhiteHouse/status/1084906756684374016
    ... archiving using prefix http://web.archive.org/save/


New tweet from SecPompeo: Enjoyed meeting the dedicated @USEmbMuscat staff and
 families! Had some terrific discussions about the work they ar…
https://t.co/fFRYTxjHdg

archiving URL http://twitter.com/SecPompeo/status/1084909285635747841
    ... archiving using prefix http://web.archive.org/save/

archiving URL https://twitter.com/SecPompeo/status/1084909285635747841
    ... archiving using prefix http://web.archive.org/save/


New tweet from Comey: This is not okay, not normal. That the witness
intimidation continues while hundreds of thousands of honest public…
https://t.co/t3GbG7NTHQ

archiving URL http://twitter.com/Comey/status/1084909549197447169
    ... archiving using prefix http://web.archive.org/save/

archiving URL https://twitter.com/Comey/status/1084909549197447169
    ... archiving using prefix http://web.archive.org/save/


New tweet from statedeptspox: RT @SecPompeo: Enjoyed meeting the dedicated
@USEmbMuscat staff and families! Had some terrific discussions about the work
they are doing.…

archiving URL http://twitter.com/statedeptspox/status/1084910343275581440
    ... archiving using prefix http://web.archive.org/save/

archiving URL https://twitter.com/statedeptspox/status/1084910343275581440
    ... archiving using prefix http://web.archive.org/save/


New tweet from WhiteHouse: Heroin alone kills 300 Americans each week. And 90%
 of that heroin crosses our Southern Border.

archiving URL http://twitter.com/WhiteHouse/status/1084911822782767106
    ... archiving using prefix http://web.archive.org/save/

archiving URL https://twitter.com/WhiteHouse/status/1084911822782767106
    ... archiving using prefix http://web.archive.org/save/
