Hello, traveler. This is the beginning of a log file called: "Fascist Tweet Archiver".
Some basic system info about the host machine: posix.uname_result(sysname='Linux', nodename='file-server', release='3.16.0-7-686-pae', version='#1 SMP Debian 3.16.59-1 (2018-10-03)', machine='i686')
This log was begun Monday, 18 March 2019 at 10:17



INFO: read target account data; we're tracking 65 accounts
WARNING: no ProtocolError (got exception "name 'ProtocolError' is not defined");
 trying requests.packages.urllib3.exceptions instead
NOTE: successfully imported from requests
Starting up...
about to get all tweets newer than ID #954801265732661248 for account
@MELANIATRUMP
about to get all tweets newer than ID #1107418223404830720 for account
@SecNielsen
about to get all tweets newer than ID #856041462164836355 for account
@FirstLadyIN
about to get all tweets newer than ID #1107332094794047489 for account
@KellyannePolls
getting all tweets before ID #1058784729670008831
    ...395 tweets downloaded so far


New tweet from KellyannePolls: Enjoy your pregnancy @ChelseaClinton (my
favorite times) &amp; motherhood/your children (the absolute best). Ignore the…
https://t.co/j2BkHgqUEr
about to get all tweets newer than ID #1080170559101718528 for account
@nikkihaley

archiving URL http://twitter.com/KellyannePolls/status/1107673479103553538
    ... archiving using prefix http://web.archive.org/save/

archiving URL https://twitter.com/KellyannePolls/status/1107673479103553538
    ... archiving using prefix http://web.archive.org/save/
getting all tweets before ID #1086063678745731071
    ...286 tweets downloaded so far
getting all tweets before ID #1080195496407388164
    ...286 tweets downloaded so far


New tweet from NikkiHaley: Due to State Dept rules that were changed by the
outgoing administration, I have had to clear my personal Twitter a…
https://t.co/7W82xrjVGv

archiving URL http://twitter.com/NikkiHaley/status/1080195496407388165
about to get all tweets newer than ID #1106697389748994048 for account
@SecPompeo
    ... archiving using prefix http://web.archive.org/save/

archiving URL https://twitter.com/NikkiHaley/status/1080195496407388165
    ... archiving using prefix http://web.archive.org/save/
about to get all tweets newer than ID #816290296048873472 for account
@WilburRoss
about to get all tweets newer than ID #1107665202579996673 for account
@Scaramucci
getting all tweets before ID #1096246780751048703
    ...398 tweets downloaded so far


New tweet from Scaramucci: RT @Scaramucci: SALT Unveils Preliminary Agenda For
 10th Annual Conference will be our best one. More speakers announce shortly and
 of cour…

archiving URL http://twitter.com/Scaramucci/status/1107675764785336320
about to get all tweets newer than ID #1106605052477800448 for account
@stevenmnuchin1
    ... archiving using prefix http://web.archive.org/save/

archiving URL https://twitter.com/Scaramucci/status/1107675764785336320
    ... archiving using prefix http://web.archive.org/save/
about to get all tweets newer than ID #1077568647110017024 for account @PRyan
about to get all tweets newer than ID #816846808789958656 for account
@SenDanCoats
about to get all tweets newer than ID #1106636095029170177 for account
@SecretaryPerry
about to get all tweets newer than ID #903694300306923521 for account
@SecElaineChao
about to get all tweets newer than ID #1107676046613274626 for account
@realDonaldTrump
about to get all tweets newer than ID #1106646960197550080 for account
@SecretaryCarson
about to get all tweets newer than ID #1106636742684221440 for account
@EnergyDepSec
about to get all tweets newer than ID #1021844939473387520 for account
@IvankaTrumpHQ
ERROR: unable to get tweets for account @IvankaTrumpHQ
           the system said: Not authorized.
about to get all tweets newer than ID #1107333089326497794 for account
@seanspicer
about to get all tweets newer than ID #890659905798983680 for account @Reince45
ERROR: unable to get tweets for account @Reince45
           the system said: [{'code': 34, 'message': 'Sorry, that page does not
exist.'}]
about to get all tweets newer than ID #1107371022586531840 for account
@SecretaryRoss
about to get all tweets newer than ID #1087333489853243392 for account
@DepSecDef
ERROR: unable to get tweets for account @DepSecDef
           the system said: [{'code': 34, 'message': 'Sorry, that page does not
exist.'}]
about to get all tweets newer than ID #1103053493877833728 for account @Reince
about to get all tweets newer than ID #1103993441854390272 for account
@RealBenCarson
about to get all tweets newer than ID #1059291259859275777 for account
@Linda_McMahon
about to get all tweets newer than ID #1073709695809056768 for account
@MickMulvaneyOMB
about to get all tweets newer than ID #1107328273405616128 for account @FLOTUS
about to get all tweets newer than ID #1104906034987048961 for account
@MattWhitaker46
about to get all tweets newer than ID #1106715255827324930 for account
@DanScavino
about to get all tweets newer than ID #1107307791511883776 for account @VP
about to get all tweets newer than ID #529836079659384833 for account
@jeffsessions
about to get all tweets newer than ID #1107685624235073537 for account
@DepSecHargan
about to get all tweets newer than ID #1107285578725449730 for account
@SecondLady
about to get all tweets newer than ID #-1 for account @jaredkushner
about to get all tweets newer than ID #994396943421001728 for account
@TomBossert45
about to get all tweets newer than ID #1107673497839562753 for account @POTUS
about to get all tweets newer than ID #1107289468199948288 for account @SecAzar
getting all tweets before ID #1075795394481831936
    ...400 tweets downloaded so far


New tweet from SecAzar: RT @FDATobacco: #FDA intends to prioritize enforcement
 of flavored ENDS products covered by the new policy that are offered for sale
in way…

archiving URL http://twitter.com/SecAzar/status/1107290492658728960
    ... archiving using prefix http://web.archive.org/save/
about to get all tweets newer than ID #-1 for account @ElaineChao
about to get all tweets newer than ID #824610180881117184 for account
@GovPenceIN

archiving URL https://twitter.com/SecAzar/status/1107290492658728960
    ... archiving using prefix http://web.archive.org/save/
about to get all tweets newer than ID #1107252787849711617 for account
@statedeptspox
about to get all tweets newer than ID #1107064356364263426 for account @PressSec
about to get all tweets newer than ID #1107661539795001345 for account
@IvankaTrump
about to get all tweets newer than ID #1107002042181185536 for account
@GovernorPerry
about to get all tweets newer than ID #1107652686634254339 for account
@StephGrisham45
about to get all tweets newer than ID #1106573866141405184 for account
@USTradeRep
about to get all tweets newer than ID #1106996027414982656 for account
@Scavino45
about to get all tweets newer than ID #1107687361230573569 for account
@SecretarySonny
about to get all tweets newer than ID #1106958554492219393 for account @Cabinet
about to get all tweets newer than ID #1107652570019823617 for account
@JessicaDitto45
about to get all tweets newer than ID #913881045652688901 for account
@SecPriceMD
about to get all tweets newer than ID #1107680315970146310 for account
@WhiteHouse
about to get all tweets newer than ID #1014519079284199424 for account
@EPAScottPruitt
ERROR: unable to get tweets for account @EPAScottPruitt
           the system said: [{'code': 34, 'message': 'Sorry, that page does not
exist.'}]
about to get all tweets newer than ID #1107343827344465920 for account
@SpeakerRyan
about to get all tweets newer than ID #1107443500386316288 for account @Comey
about to get all tweets newer than ID #836780744810844161 for account
@StephenMillerAL
about to get all tweets newer than ID #830074939298414592 for account
@RepTomPrice
about to get all tweets newer than ID #1106614992051290112 for account @SBALinda
about to get all tweets newer than ID #978650205192044545 for account
@SecShulkin
about to get all tweets newer than ID #1080509257441837057 for account
@SecretaryZinke
about to get all tweets newer than ID #1104129635846184963 for account
@mike_pence
about to get all tweets newer than ID #1107597730044612608 for account
@SecretaryAcosta
about to get all tweets newer than ID #1107455992755822599 for account
@AmbJohnBolton
about to get all tweets newer than ID #1107167177281429504 for account
@AshLeeStrong
about to get all tweets newer than ID #832282841471918080 for account
@BetsyDeVos
about to get all tweets newer than ID #1105544488443883529 for account
@SecWilkie
about to get all tweets newer than ID #1106904512743292928 for account
@BetsyDeVosED
... OK, we're set up, and about to watch 108471631, 935148134505828353,
1923451808, 471672239, 37666984, 988573326376427520, 809836066316451840,
24578794, 799764016885329921, 733751245, 212262370, 830128820447539208,
826065858548133888, 25073877, 828613457020870657, 894923298374651904,
798195585824104449, 20776147, 803703725730779136, 836305915452272641,
2480087918, 20733972, 1180379185, 65522706, 888031054141022209,
818876014390603776, 6672532, 620571475, 818910970567344128, 986781648,
920035992073064450, 822127086194348032, 29547260, 866746592853979137,
822215679726100480, 956283913835614208, 105267762, 15985455, 1967216306,
818927131883356161, 52544275, 18906561, 823638938590085124, 862405301693296640,
823367015830323201, 842072478834909184, 818928162449068032, 836724024688410625,
829782369670410240, 822215673812119553, 832672006113931269, 18916432,
2334193741, 728361177986797568, 6577802, 819992522109894658, 831482588246196225,
 827258161841135623, 22203756, 819980276570976256, 118756393, 296060169,
599530439, 1024390184090181633, 828997388920619008
WARNING: received error ('Connection broken: IncompleteRead(0 bytes read, 1220
more expected)', IncompleteRead(0 bytes read, 1220 more expected)); sleeping and
 trying again ...
WARNING: received error ('Connection broken: IncompleteRead(0 bytes read, 512
more expected)', IncompleteRead(0 bytes read, 512 more expected)); sleeping and
trying again ...
WARNING: received error ('Connection broken: IncompleteRead(0 bytes read, 512
more expected)', IncompleteRead(0 bytes read, 512 more expected)); sleeping and
trying again ...
WARNING: received error ('Connection broken: IncompleteRead(0 bytes read, 512
more expected)', IncompleteRead(0 bytes read, 512 more expected)); sleeping and
trying again ...
