Hello, traveler. This is the beginning of a log file called: "Fascist Tweet Archiver".
Some basic system info about the host machine: posix.uname_result(sysname='Linux', nodename='file-server', release='3.16.0-7-686-pae', version='#1 SMP Debian 3.16.59-1 (2018-10-03)', machine='i686')
This log was begun Monday, 18 March 2019 at 20:56



INFO: read target account data; we're tracking 65 accounts
WARNING: no ProtocolError (got exception "name 'ProtocolError' is not defined");
 trying requests.packages.urllib3.exceptions instead
NOTE: successfully imported from requests
Starting up...
about to get all tweets newer than ID #978650205192044545 for account
@SecShulkin
ERROR: unable to get tweets for account @SecShulkin
           the system said: Failed to send request: EOF occurred in violation of
 protocol (_ssl.c:600)
about to get all tweets newer than ID #1107801205210791936 for account @POTUS
ERROR: unable to get tweets for account @POTUS
           the system said: Failed to send request: EOF occurred in violation of
 protocol (_ssl.c:600)
about to get all tweets newer than ID #1077568647110017024 for account @PRyan
ERROR: unable to get tweets for account @PRyan
           the system said: Failed to send request: EOF occurred in violation of
 protocol (_ssl.c:600)
about to get all tweets newer than ID #1107714757723860992 for account
@EnergyDepSec
ERROR: unable to get tweets for account @EnergyDepSec
           the system said: Failed to send request: EOF occurred in violation of
 protocol (_ssl.c:600)
about to get all tweets newer than ID #-1 for account @ElaineChao
ERROR: unable to get tweets for account @ElaineChao
           the system said: Failed to send request: EOF occurred in violation of
 protocol (_ssl.c:600)
about to get all tweets newer than ID #1107764296862351360 for account
@SecretaryAcosta
ERROR: unable to get tweets for account @SecretaryAcosta
           the system said: Failed to send request: EOF occurred in violation of
 protocol (_ssl.c:600)
about to get all tweets newer than ID #830074939298414592 for account
@RepTomPrice
about to get all tweets newer than ID #1104129635846184963 for account
@mike_pence
about to get all tweets newer than ID #1107763113825316864 for account
@SecNielsen
about to get all tweets newer than ID #1107773941253369856 for account
@SecretaryPerry
about to get all tweets newer than ID #1073709695809056768 for account
@MickMulvaneyOMB
about to get all tweets newer than ID #1106605052477800448 for account
@stevenmnuchin1
getting all tweets before ID #1002329169584218112
    ...400 tweets downloaded so far


New tweet from stevenmnuchin1: Venezuela Sanctions announcement from
@USTreasury https://t.co/8IqT7bsa5O

archiving URL http://twitter.com/stevenmnuchin1/status/1108017387234746369
    ... archiving using prefix http://web.archive.org/save/
about to get all tweets newer than ID #816846808789958656 for account
@SenDanCoats

archiving URL https://twitter.com/stevenmnuchin1/status/1108017387234746369
    ... archiving using prefix http://web.archive.org/save/
about to get all tweets newer than ID #1021844939473387520 for account
@IvankaTrumpHQ
ERROR: unable to get tweets for account @IvankaTrumpHQ
           the system said: Not authorized.
about to get all tweets newer than ID #954801265732661248 for account
@MELANIATRUMP
about to get all tweets newer than ID #1103993441854390272 for account
@RealBenCarson
about to get all tweets newer than ID #816290296048873472 for account
@WilburRoss
about to get all tweets newer than ID #1106715255827324930 for account
@DanScavino
about to get all tweets newer than ID #1107807195444494336 for account
@KellyannePolls
about to get all tweets newer than ID #1107807032202153990 for account
@SecretarySonny
getting all tweets before ID #1068533425945149439
    ...400 tweets downloaded so far


New tweet from SecretarySonny: Just arrived at the @NYSE, I’ll be joined by
farmers, producers, and ag leaders from across the country to discuss…
https://t.co/sUGnf7t6Ci

archiving URL http://twitter.com/SecretarySonny/status/1107959667806867458
    ... archiving using prefix http://web.archive.org/save/
about to get all tweets newer than ID #1107795212426981378 for account
@StephGrisham45
about to get all tweets newer than ID #1106614992051290112 for account @SBALinda
getting all tweets before ID #1060615542770462721

archiving URL https://twitter.com/SecretarySonny/status/1107959667806867458
    ... archiving using prefix http://web.archive.org/save/
    ...400 tweets downloaded so far


New tweet from SecretarySonny: Wide-ranging discussion with industry leaders
this morning at the @NYSE about the future of agriculture. Technology…
https://t.co/MXN1mfDF9Z


New tweet from SBALinda: Good morning from Kansas City! Chatting with Pete
Mundo @kcmotalkradio about how #trade #USMCA &amp; #TaxCuts can help…
https://t.co/IsnlA2gP5a

archiving URL http://twitter.com/SBALinda/status/1107988263581683713
    ... archiving using prefix http://web.archive.org/save/

archiving URL http://twitter.com/SecretarySonny/status/1107969514937962497
    ... archiving using prefix http://web.archive.org/save/
about to get all tweets newer than ID #1107455992755822599 for account
@AmbJohnBolton

archiving URL https://twitter.com/SBALinda/status/1107988263581683713
    ... archiving using prefix http://web.archive.org/save/

archiving URL https://twitter.com/SecretarySonny/status/1107969514937962497
    ... archiving using prefix http://web.archive.org/save/
getting all tweets before ID #1091343025438146559


New tweet from SBALinda: Thanks to @theGESsummit for hosting this event! Great
 sharing ideas about how we can ignite entrepreneurship and in…
https://t.co/Nd8aFGrEK9

archiving URL http://twitter.com/SBALinda/status/1108017502997676032
    ... archiving using prefix http://web.archive.org/save/


New tweet from SecretarySonny: So pleased to have all these farmers, ranchers
and producers that I’ve met in my travels from all across the countr…
https://t.co/vJmZc4sFcr

archiving URL http://twitter.com/SecretarySonny/status/1107997011880628224
    ... archiving using prefix http://web.archive.org/save/

archiving URL https://twitter.com/SBALinda/status/1108017502997676032
    ... archiving using prefix http://web.archive.org/save/
ERROR: unable to get tweets for account @AmbJohnBolton
           the system said: Failed to send request: EOF occurred in violation of
 protocol (_ssl.c:600)
about to get all tweets newer than ID #529836079659384833 for account
@jeffsessions

archiving URL https://twitter.com/SecretarySonny/status/1107997011880628224
    ... archiving using prefix http://web.archive.org/save/


New tweet from SBALinda: Speaking with @KAKEnews about how @SBAgov helps small
 businesses grow through access to funding, counseling, and gu…
https://t.co/8IjkqshkGc

archiving URL http://twitter.com/SBALinda/status/1108020686893867008
    ... archiving using prefix http://web.archive.org/save/
about to get all tweets newer than ID #1107732939725512706 for account
@SecretaryCarson
ERROR: unable to get tweets for account @SecretaryCarson
           the system said: Failed to send request: EOF occurred in violation of
 protocol (_ssl.c:600)

archiving URL https://twitter.com/SBALinda/status/1108020686893867008
    ... archiving using prefix http://web.archive.org/save/
about to get all tweets newer than ID #1104906034987048961 for account
@MattWhitaker46
about to get all tweets newer than ID #1107782484513697793 for account @Cabinet
getting all tweets before ID #1068224073480716288
    ...400 tweets downloaded so far


New tweet from Cabinet: RT @USCG: Over the last 3 years, the Coast Guard has
removed over 1.4 million pounds of cocaine and delivered almost 1,800 smugglers
to @Th…

archiving URL http://twitter.com/Cabinet/status/1108021380539432960
    ... archiving using prefix http://web.archive.org/save/
about to get all tweets newer than ID #836780744810844161 for account
@StephenMillerAL
about to get all tweets newer than ID #1107726967305056256 for account
@IvankaTrump

archiving URL https://twitter.com/Cabinet/status/1108021380539432960
    ... archiving using prefix http://web.archive.org/save/
getting all tweets before ID #1088053469758541824
    ...400 tweets downloaded so far


New tweet from IvankaTrump: It’s time to enhance our higher education system
to better prepare our students + workers for the rapidly changing…
https://t.co/FHVGcMPy6i

archiving URL http://twitter.com/IvankaTrump/status/1107808247728275458
about to get all tweets newer than ID #1103053493877833728 for account @Reince
    ... archiving using prefix http://web.archive.org/save/

archiving URL https://twitter.com/IvankaTrump/status/1107808247728275458
    ... archiving using prefix http://web.archive.org/save/
about to get all tweets newer than ID #1107776228944154628 for account
@SecretaryRoss


New tweet from IvankaTrump: The 2019 Economic Report of the President is out!
 

This is a must read... the great work of a brilliant, passionat…
https://t.co/Atfz0LiKce

archiving URL http://twitter.com/IvankaTrump/status/1108005102122606592
    ... archiving using prefix http://web.archive.org/save/

archiving URL https://twitter.com/IvankaTrump/status/1108005102122606592
    ... archiving using prefix http://web.archive.org/save/
about to get all tweets newer than ID #1107803368750284800 for account
@Scaramucci
about to get all tweets newer than ID #1107443500386316288 for account @Comey
about to get all tweets newer than ID #994396943421001728 for account
@TomBossert45
about to get all tweets newer than ID #1107791869700763648 for account @VP
getting all tweets before ID #1093967500268716031
    ...400 tweets downloaded so far


New tweet from VP: Heading to Nebraska today to  survey the devastating flood
damage. To the people of Nebraska, Iowa, South Dakota, K…
https://t.co/vzk8tX9GlL

archiving URL http://twitter.com/VP/status/1107959262276448257
    ... archiving using prefix http://web.archive.org/save/
about to get all tweets newer than ID #1107795911135150085 for account
@JessicaDitto45

archiving URL https://twitter.com/VP/status/1107959262276448257
    ... archiving using prefix http://web.archive.org/save/
getting all tweets before ID #1093555224717987840


New tweet from VP: .@POTUS takes more strong action in #Venezuela, sanctioning
 corrupt state-run mining company MINERVEN. Blackouts, h…
https://t.co/DleTlmQShs

archiving URL http://twitter.com/VP/status/1108032631994638336
    ... archiving using prefix http://web.archive.org/save/

archiving URL https://twitter.com/VP/status/1108032631994638336
    ... archiving using prefix http://web.archive.org/save/
    ...400 tweets downloaded so far


New tweet from JessicaDitto45: RT @WhiteHouse: Tomorrow, @WhiteHouseCEA
releases the 2019 Economic Report of the President! https://t.co/Ne5atyXKmh

archiving URL http://twitter.com/JessicaDitto45/status/1107816150665232385
    ... archiving using prefix http://web.archive.org/save/
about to get all tweets newer than ID #903694300306923521 for account
@SecElaineChao

archiving URL https://twitter.com/JessicaDitto45/status/1107816150665232385
    ... archiving using prefix http://web.archive.org/save/
about to get all tweets newer than ID #1107167177281429504 for account
@AshLeeStrong


New tweet from JessicaDitto45: RT @SecretarySonny: Just in case you missed it:

https://t.co/LMBaguFxF1

archiving URL http://twitter.com/JessicaDitto45/status/1107819638807777280
    ... archiving using prefix http://web.archive.org/save/
about to get all tweets newer than ID #-1 for account @jaredkushner

archiving URL https://twitter.com/JessicaDitto45/status/1107819638807777280
    ... archiving using prefix http://web.archive.org/save/
about to get all tweets newer than ID #1080509257441837057 for account
@SecretaryZinke


New tweet from JessicaDitto45: RT @govkristinoem: Grateful for the partnership
 of @realDonaldTrump and other leaders as we work to help our communities
impacted by last w…

archiving URL http://twitter.com/JessicaDitto45/status/1107852180151771136
    ... archiving using prefix http://web.archive.org/save/

archiving URL https://twitter.com/JessicaDitto45/status/1107852180151771136
    ... archiving using prefix http://web.archive.org/save/
about to get all tweets newer than ID #1105544488443883529 for account
@SecWilkie


New tweet from JessicaDitto45: RT @VP: Heading to Nebraska today to  survey
the devastating flood damage. To the people of Nebraska, Iowa, South Dakota,
Kansas &amp; all regi…

archiving URL http://twitter.com/JessicaDitto45/status/1107965462816702464
    ... archiving using prefix http://web.archive.org/save/
about to get all tweets newer than ID #890659905798983680 for account @Reince45
ERROR: unable to get tweets for account @Reince45
           the system said: [{'message': 'Sorry, that page does not exist.',
'code': 34}]
about to get all tweets newer than ID #1107753182552297472 for account
@DepSecHargan
about to get all tweets newer than ID #1106573866141405184 for account
@USTradeRep

archiving URL https://twitter.com/JessicaDitto45/status/1107965462816702464
    ... archiving using prefix http://web.archive.org/save/


New tweet from JessicaDitto45: 🚨👇👇👇 https://t.co/h7Rvqx09rl

archiving URL http://twitter.com/JessicaDitto45/status/1108006753311051777
    ... archiving using prefix http://web.archive.org/save/

archiving URL https://twitter.com/JessicaDitto45/status/1108006753311051777
    ... archiving using prefix http://web.archive.org/save/
about to get all tweets newer than ID #856041462164836355 for account
@FirstLadyIN
about to get all tweets newer than ID #1087333489853243392 for account
@DepSecDef
ERROR: unable to get tweets for account @DepSecDef
           the system said: [{'message': 'Sorry, that page does not exist.',
'code': 34}]
about to get all tweets newer than ID #1107252787849711617 for account
@statedeptspox
getting all tweets before ID #1092127751748939776
    ...400 tweets downloaded so far


New tweet from statedeptspox: RT @SecPompeo: Great to be home in America’s
Heartland on the #RoadtoGES! Had a productive discussion with business leaders
about entrepren…

archiving URL http://twitter.com/statedeptspox/status/1107966939102613504
    ... archiving using prefix http://web.archive.org/save/
about to get all tweets newer than ID #1106996027414982656 for account
@Scavino45

archiving URL https://twitter.com/statedeptspox/status/1107966939102613504
    ... archiving using prefix http://web.archive.org/save/
about to get all tweets newer than ID #1080170559101718528 for account
@nikkihaley


New tweet from statedeptspox: RT @SecPompeo: The lessons I learned as a
#Kansas entrepreneur are the same I use to deliver on America’s foreign policy
goals. Work hard,…

archiving URL http://twitter.com/statedeptspox/status/1107966951601721345
    ... archiving using prefix http://web.archive.org/save/

archiving URL https://twitter.com/statedeptspox/status/1107966951601721345
    ... archiving using prefix http://web.archive.org/save/
getting all tweets before ID #1087081459377164288


New tweet from statedeptspox: RT @SecPompeo: #RoadtoGES &amp; @theGESsummit
are two examples of how our economic diplomacy efforts align with U.S. interests
 and values. We a…

archiving URL http://twitter.com/statedeptspox/status/1107966966449491969
    ... archiving using prefix http://web.archive.org/save/

archiving URL https://twitter.com/statedeptspox/status/1107966966449491969
    ... archiving using prefix http://web.archive.org/save/
    ...293 tweets downloaded so far
getting all tweets before ID #1080195496407388164
    ...293 tweets downloaded so far


New tweet from NikkiHaley: Due to State Dept rules that were changed by the
outgoing administration, I have had to clear my personal Twitter a…
https://t.co/7W82xrjVGv

archiving URL http://twitter.com/NikkiHaley/status/1080195496407388165
    ... archiving using prefix http://web.archive.org/save/
about to get all tweets newer than ID #1107793379621064704 for account
@SecPompeo


New tweet from statedeptspox: RT @SecPompeo: A pleasure to meet with
@SigridKaag on the #RoadtoGES. As we prepare to co-host @theGESsummit in The
Hague, the U.S. &amp; the #…

archiving URL http://twitter.com/statedeptspox/status/1107966980097826816
    ... archiving using prefix http://web.archive.org/save/

archiving URL https://twitter.com/NikkiHaley/status/1080195496407388165
    ... archiving using prefix http://web.archive.org/save/

archiving URL https://twitter.com/statedeptspox/status/1107966980097826816
    ... archiving using prefix http://web.archive.org/save/
getting all tweets before ID #1083126482535362565


New tweet from NikkiHaley: RT @AmbNikkiHaley: As we enter 2019, I feel blessed
 to have had the opportunity to rep the country I love so much. Thank you Mr.
President…

archiving URL http://twitter.com/NikkiHaley/status/1080201299294076929
    ... archiving using prefix http://web.archive.org/save/

archiving URL https://twitter.com/NikkiHaley/status/1080201299294076929
    ... archiving using prefix http://web.archive.org/save/


New tweet from NikkiHaley: We celebrated 2018 with a bang. Wishing all of you
a Happy New Year of love, health, and laughter. https://t.co/s7s1JZfLT4

archiving URL http://twitter.com/NikkiHaley/status/1080206866368606208
    ... archiving using prefix http://web.archive.org/save/

archiving URL https://twitter.com/NikkiHaley/status/1080206866368606208
    ... archiving using prefix http://web.archive.org/save/
    ...400 tweets downloaded so far


New tweet from NikkiHaley: Thanks @benshapiro! https://t.co/egCN083Zfm

archiving URL http://twitter.com/NikkiHaley/status/1080213222244995073


New tweet from SecPompeo: The American heartland is an ideal place to do
business. I’m proud @StateDept is celebrating the entrepreneurs and…
https://t.co/j80O46wZfS

archiving URL http://twitter.com/SecPompeo/status/1107978480464084993
    ... archiving using prefix http://web.archive.org/save/
    ... archiving using prefix http://web.archive.org/save/
about to get all tweets newer than ID #1107761920306790407 for account
@BetsyDeVosED

archiving URL https://twitter.com/NikkiHaley/status/1080213222244995073
    ... archiving using prefix http://web.archive.org/save/


New tweet from NikkiHaley: RT @jaketapper: Haley spokeswoman confirms this is
the new account — https://t.co/smGDmPbia3

archiving URL http://twitter.com/NikkiHaley/status/1080214056521424897

archiving URL https://twitter.com/SecPompeo/status/1107978480464084993
    ... archiving using prefix http://web.archive.org/save/
    ... archiving using prefix http://web.archive.org/save/

archiving URL https://twitter.com/NikkiHaley/status/1080214056521424897
    ... archiving using prefix http://web.archive.org/save/


New tweet from NikkiHaley: RT @KatMcKinley: New account for Nikki!! Follow!!
@NikkiHaley 😁😁😁 https://t.co/xFbPblqy5T

archiving URL http://twitter.com/NikkiHaley/status/1080214267486453762
    ... archiving using prefix http://web.archive.org/save/

archiving URL https://twitter.com/NikkiHaley/status/1080214267486453762
    ... archiving using prefix http://web.archive.org/save/


New tweet from NikkiHaley: RT @charliekirk11: Stupid government rule made
@NikkiHaley delete her Twitter account and lose all her followers she earned
over 8+ years…

archiving URL http://twitter.com/NikkiHaley/status/1080215717478318080
    ... archiving using prefix http://web.archive.org/save/

archiving URL https://twitter.com/NikkiHaley/status/1080215717478318080
    ... archiving using prefix http://web.archive.org/save/
about to get all tweets newer than ID #824610180881117184 for account
@GovPenceIN


New tweet from NikkiHaley: RT @KassyDillon: Hey everyone! @NikkiHaley has a
new account. Go follow it. I can’t wait to see what she does next.

archiving URL http://twitter.com/NikkiHaley/status/1080215815285366795
    ... archiving using prefix http://web.archive.org/save/

archiving URL https://twitter.com/NikkiHaley/status/1080215815285366795
    ... archiving using prefix http://web.archive.org/save/


New tweet from NikkiHaley: RT @_BradleyStein_: If you follow ⁦@NikkiHaley,⁩ be
 sure to refollow her now, as ⁦@StateDept⁩ has archived her old account. That is
 all. ht…

archiving URL http://twitter.com/NikkiHaley/status/1080217117671256067
    ... archiving using prefix http://web.archive.org/save/

archiving URL https://twitter.com/NikkiHaley/status/1080217117671256067
    ... archiving using prefix http://web.archive.org/save/


New tweet from NikkiHaley: RT @Scaramucci: "Everyone, please follow Ambassador
 Haley's new account @NikkiHaley. I thank her for her tremendous service to our
country!"

archiving URL http://twitter.com/NikkiHaley/status/1080217574103810053
    ... archiving using prefix http://web.archive.org/save/
about to get all tweets newer than ID #1107801276505563137 for account
@WhiteHouse

archiving URL https://twitter.com/NikkiHaley/status/1080217574103810053
    ... archiving using prefix http://web.archive.org/save/


New tweet from NikkiHaley: RT @KyleKashuv: Everyone go follow our great, sadly
 now, (former) UN Ambassador @NikkiHaley

America thanks you for your
exceptional fortit…

archiving URL http://twitter.com/NikkiHaley/status/1080219987372068865
    ... archiving using prefix http://web.archive.org/save/

archiving URL https://twitter.com/NikkiHaley/status/1080219987372068865
    ... archiving using prefix http://web.archive.org/save/


New tweet from NikkiHaley: RT @guypbenson: Proud to re-follow @NikkiHaley, who
 had to re-start her account after leaving her post as our strong ambassador to
the UN.…

archiving URL http://twitter.com/NikkiHaley/status/1080221443407966214
    ... archiving using prefix http://web.archive.org/save/
getting all tweets before ID #1103365130086203391

archiving URL https://twitter.com/NikkiHaley/status/1080221443407966214
    ... archiving using prefix http://web.archive.org/save/


New tweet from NikkiHaley: RT @IvankaTrump: Thank you @nikkihaley - we will be
 rooting for you as you begin your next exciting chapter!
https://t.co/vyzu7HIOeQ

archiving URL http://twitter.com/NikkiHaley/status/1080222347783819265
    ... archiving using prefix http://web.archive.org/save/

archiving URL https://twitter.com/NikkiHaley/status/1080222347783819265
    ... archiving using prefix http://web.archive.org/save/
ERROR: unable to get tweets for account @WhiteHouse
           the system said: Failed to send request: EOF occurred in violation of
 protocol (_ssl.c:600)
about to get all tweets newer than ID #832282841471918080 for account
@BetsyDeVos


New tweet from NikkiHaley: RT @AutumnDawnPrice: @NikkiHaley happy to re-
follow. Thank you for your service as U.N. Ambassador. You have always been a
role model to me…

archiving URL http://twitter.com/NikkiHaley/status/1080223187504414727
    ... archiving using prefix http://web.archive.org/save/
ERROR: unable to get tweets for account @BetsyDeVos
           the system said: Failed to send request: EOF occurred in violation of
 protocol (_ssl.c:600)

archiving URL https://twitter.com/NikkiHaley/status/1080223187504414727
    ... archiving using prefix http://web.archive.org/save/
about to get all tweets newer than ID #1107771030385426432 for account
@realDonaldTrump


New tweet from NikkiHaley: RT @RyanAFournier: The State Department requires
all outgoing senior roles to archive their Twitter accounts / go follow
@NikkiHaley on her…

archiving URL http://twitter.com/NikkiHaley/status/1080227538188816384
    ... archiving using prefix http://web.archive.org/save/
ERROR: unable to get tweets for account @realDonaldTrump
           the system said: Failed to send request: EOF occurred in violation of
 protocol (_ssl.c:600)
about to get all tweets newer than ID #1107784001648029698 for account
@SecondLady

archiving URL https://twitter.com/NikkiHaley/status/1080227538188816384
    ... archiving using prefix http://web.archive.org/save/


New tweet from NikkiHaley: RT @jdgreenblatt45: Thank you @nikkihaley for your
great service to our country, your leadership, friendship and courage. You will
be misse…

archiving URL http://twitter.com/NikkiHaley/status/1080238169889619969
    ... archiving using prefix http://web.archive.org/save/

archiving URL https://twitter.com/NikkiHaley/status/1080238169889619969
    ... archiving using prefix http://web.archive.org/save/


New tweet from NikkiHaley: RT @seanspicer: Ambassador @NikkiHaley has started
out 2019 with a new Twitter handle    Please follow and thank her for her
service to our…

archiving URL http://twitter.com/NikkiHaley/status/1080238461876166656
    ... archiving using prefix http://web.archive.org/save/
about to get all tweets newer than ID #1107002042181185536 for account
@GovernorPerry

archiving URL https://twitter.com/NikkiHaley/status/1080238461876166656
    ... archiving using prefix http://web.archive.org/save/
ERROR: unable to get tweets for account @GovernorPerry
           the system said: Failed to send request: EOF occurred in violation of
 protocol (_ssl.c:600)
about to get all tweets newer than ID #1107711895447003137 for account @SecAzar


New tweet from NikkiHaley: RT @JonahNRO: Cc @nikkihaley
https://t.co/44heWAtwzJ

archiving URL http://twitter.com/NikkiHaley/status/1080238934632923136
    ... archiving using prefix http://web.archive.org/save/

archiving URL https://twitter.com/NikkiHaley/status/1080238934632923136
    ... archiving using prefix http://web.archive.org/save/
getting all tweets before ID #1077281001867542527


New tweet from NikkiHaley: RT @Diego_Arria: No USA representative at the UN
before her did more to defend  the cause of my country, Venezuela . Extremely
greatful to…

archiving URL http://twitter.com/NikkiHaley/status/1080239354793115649
    ... archiving using prefix http://web.archive.org/save/

archiving URL https://twitter.com/NikkiHaley/status/1080239354793115649
    ... archiving using prefix http://web.archive.org/save/


New tweet from NikkiHaley: RT @TPUSA: We are happy to see @NikkiHaley’s new
Twitter handle and look forward to following her new pursuits and commentary!
Thank you fo…

archiving URL http://twitter.com/NikkiHaley/status/1080264560186150912
    ... archiving using prefix http://web.archive.org/save/

archiving URL https://twitter.com/NikkiHaley/status/1080264560186150912
    ... archiving using prefix http://web.archive.org/save/
ERROR: unable to get tweets for account @SecAzar
           the system said: Failed to send request:
HTTPSConnectionPool(host='api.twitter.com', port=443): Read timed out.
about to get all tweets newer than ID #1014519079284199424 for account
@EPAScottPruitt
ERROR: unable to get tweets for account @EPAScottPruitt
           the system said: Failed to send request:
HTTPSConnectionPool(host='api.twitter.com', port=443): Max retries exceeded with
 url: /1.1/statuses/user_timeline.json?screen_name=EPAScottPruitt&count=200
(Caused by NewConnectionError('<requests.packages.urllib3.connection.VerifiedHTT
PSConnection object at 0xb682622c>: Failed to establish a new connection: [Errno
 101] Network is unreachable',))
about to get all tweets newer than ID #1107343827344465920 for account
@SpeakerRyan
ERROR: unable to get tweets for account @SpeakerRyan
           the system said: Failed to send request:
HTTPSConnectionPool(host='api.twitter.com', port=443): Max retries exceeded with
 url: /1.1/statuses/user_timeline.json?screen_name=SpeakerRyan&count=200 (Caused
 by NewConnectionError('<requests.packages.urllib3.connection.VerifiedHTTPSConne
ction object at 0xb67cbe6c>: Failed to establish a new connection: [Errno 101]
Network is unreachable',))
about to get all tweets newer than ID #913881045652688901 for account
@SecPriceMD
ERROR: unable to get tweets for account @SecPriceMD
           the system said: Failed to send request:
HTTPSConnectionPool(host='api.twitter.com', port=443): Max retries exceeded with
 url: /1.1/statuses/user_timeline.json?screen_name=SecPriceMD&count=200 (Caused
by NewConnectionError('<requests.packages.urllib3.connection.VerifiedHTTPSConnec
tion object at 0xb69222ac>: Failed to establish a new connection: [Errno 101]
Network is unreachable',))
about to get all tweets newer than ID #1107707195205001217 for account @FLOTUS
ERROR: unable to get tweets for account @FLOTUS
           the system said: Failed to send request:
HTTPSConnectionPool(host='api.twitter.com', port=443): Max retries exceeded with
 url: /1.1/statuses/user_timeline.json?screen_name=FLOTUS&count=200 (Caused by N
ewConnectionError('<requests.packages.urllib3.connection.VerifiedHTTPSConnection
 object at 0xb5beda8c>: Failed to establish a new connection: [Errno 101]
Network is unreachable',))
about to get all tweets newer than ID #1107792096851886087 for account @PressSec
ERROR: unable to get tweets for account @PressSec
           the system said: Failed to send request:
HTTPSConnectionPool(host='api.twitter.com', port=443): Max retries exceeded with
 url: /1.1/statuses/user_timeline.json?screen_name=PressSec&count=200 (Caused by
 NewConnectionError('<requests.packages.urllib3.connection.VerifiedHTTPSConnecti
on object at 0xb67f8d8c>: Failed to establish a new connection: [Errno 101]
Network is unreachable',))
about to get all tweets newer than ID #1059291259859275777 for account
@Linda_McMahon
ERROR: unable to get tweets for account @Linda_McMahon
           the system said: Failed to send request:
HTTPSConnectionPool(host='api.twitter.com', port=443): Max retries exceeded with
 url: /1.1/statuses/user_timeline.json?screen_name=Linda_McMahon&count=200
(Caused by NewConnectionError('<requests.packages.urllib3.connection.VerifiedHTT
PSConnection object at 0xb6a7e46c>: Failed to establish a new connection: [Errno
 101] Network is unreachable',))
about to get all tweets newer than ID #1107333089326497794 for account
@seanspicer
ERROR: unable to get tweets for account @seanspicer
           the system said: Failed to send request:
HTTPSConnectionPool(host='api.twitter.com', port=443): Max retries exceeded with
 url: /1.1/statuses/user_timeline.json?screen_name=seanspicer&count=200 (Caused
by NewConnectionError('<requests.packages.urllib3.connection.VerifiedHTTPSConnec
tion object at 0xb5bf988c>: Failed to establish a new connection: [Errno 101]
Network is unreachable',))
... OK, we're set up, and about to watch 831482588246196225, 822215679726100480,
 733751245, 894923298374651904, 105267762, 819980276570976256, 6577802,
22203756, 935148134505828353, 830128820447539208, 888031054141022209,
799764016885329921, 212262370, 798195585824104449, 108471631, 1180379185,
809836066316451840, 620571475, 471672239, 842072478834909184,
823638938590085124, 819992522109894658, 118756393, 986781648,
828613457020870657, 6672532, 818928162449068032, 728361177986797568, 52544275,
20733972, 836305915452272641, 24578794, 2334193741, 866746592853979137,
818910970567344128, 836724024688410625, 826065858548133888, 296060169, 29547260,
 827258161841135623, 1024390184090181633, 803703725730779136,
920035992073064450, 862405301693296640, 1923451808, 2480087918, 1967216306,
823367015830323201, 37666984, 988573326376427520, 828997388920619008, 15985455,
822215673812119553, 599530439, 25073877, 822127086194348032, 18906561,
956283913835614208, 832672006113931269, 18916432, 829782369670410240,
818876014390603776, 818927131883356161, 65522706, 20776147
