Hello, traveler. This is the beginning of a log file called: "Fascist Tweet Archiver".
Some basic system info about the host machine: posix.uname_result(sysname='Linux', nodename='file-server', release='3.16.0-7-686-pae', version='#1 SMP Debian 3.16.59-1 (2018-10-03)', machine='i686')
This log was begun Tuesday, 08 January 2019 at 20:41



INFO: read target account data; we're tracking 65 accounts
WARNING: no ProtocolError (got exception "name 'ProtocolError' is not defined");
 trying requests.packages.urllib3.exceptions instead
NOTE: successfully imported from requests
Starting up...
about to get all tweets newer than ID #1081930054932877312 for account
@DepSecDef
about to get all tweets newer than ID #1082746071091163136 for account @SecAzar
about to get all tweets newer than ID #994396943421001728 for account
@TomBossert45
about to get all tweets newer than ID #1082789948657414144 for account
@SecretarySonny
about to get all tweets newer than ID #816846808789958656 for account
@SenDanCoats
about to get all tweets newer than ID #903694300306923521 for account
@SecElaineChao
about to get all tweets newer than ID #1075100185301344257 for account
@mike_pence
about to get all tweets newer than ID #-1 for account @ElaineChao
about to get all tweets newer than ID #1076160473639333889 for account
@SecretaryCarson
about to get all tweets newer than ID #1082829469260365824 for account
@KellyannePolls
about to get all tweets newer than ID #1082491131219316736 for account
@DanScavino
about to get all tweets newer than ID #1082376297395994624 for account @Reince
about to get all tweets newer than ID #1081325982919938048 for account
@USTradeRep
about to get all tweets newer than ID #1082833226987724800 for account @VP
about to get all tweets newer than ID #1075385343736758274 for account
@BetsyDeVosED
about to get all tweets newer than ID #1073709695809056768 for account
@MickMulvaneyOMB
about to get all tweets newer than ID #1082823327239098373 for account
@RealBenCarson
about to get all tweets newer than ID #1080134453517869056 for account @FLOTUS
about to get all tweets newer than ID #954801265732661248 for account
@MELANIATRUMP
about to get all tweets newer than ID #1082823394234716160 for account
@realDonaldTrump
about to get all tweets newer than ID #1082668501494575105 for account
@SecretaryAcosta
about to get all tweets newer than ID #1075817897048576001 for account @SBALinda
about to get all tweets newer than ID #1082673782286966785 for account
@AmbJohnBolton
about to get all tweets newer than ID #1082826787556548608 for account
@AshLeeStrong
about to get all tweets newer than ID #1082395380640374784 for account
@SecretaryPerry
about to get all tweets newer than ID #832282841471918080 for account
@BetsyDeVos
about to get all tweets newer than ID #1080170559101718528 for account
@nikkihaley
getting all tweets before ID #1080195496407388164
    ...64 tweets downloaded so far
about to get all tweets newer than ID #836780744810844161 for account
@StephenMillerAL


New tweet from NikkiHaley: Due to State Dept rules that were changed by the
outgoing administration, I have had to clear my personal Twitter a…
https://t.co/7W82xrjVGv

archiving URL http://twitter.com/NikkiHaley/status/1080195496407388165
    ... archiving using prefix http://web.archive.org/save/
about to get all tweets newer than ID #1080135462331789312 for account
@StephGrisham45

archiving URL https://twitter.com/NikkiHaley/status/1080195496407388165
    ... archiving using prefix http://web.archive.org/save/
about to get all tweets newer than ID #978650205192044545 for account
@SecShulkin
about to get all tweets newer than ID #1082819263730274304 for account
@JessicaDitto45
about to get all tweets newer than ID #1082831012227411969 for account
@seanspicer
about to get all tweets newer than ID #1059291259859275777 for account
@Linda_McMahon
about to get all tweets newer than ID #824610180881117184 for account
@GovPenceIN
about to get all tweets newer than ID #1081921742149304320 for account
@IvankaTrump
about to get all tweets newer than ID #1080982901909536770 for account @Cabinet
about to get all tweets newer than ID #1082770984904474624 for account
@Scaramucci
about to get all tweets newer than ID #890659905798983680 for account @Reince45
ERROR: unable to get tweets for account @Reince45
           the system said: Not authorized.
about to get all tweets newer than ID #1082824740480471043 for account @PressSec
about to get all tweets newer than ID #1082421088372621313 for account
@DepSecHargan
about to get all tweets newer than ID #-1 for account @jaredkushner
about to get all tweets newer than ID #1014519079284199424 for account
@EPAScottPruitt
ERROR: unable to get tweets for account @EPAScottPruitt
           the system said: [{'code': 34, 'message': 'Sorry, that page does not
exist.'}]
about to get all tweets newer than ID #1082823499843100675 for account @POTUS
about to get all tweets newer than ID #913881045652688901 for account
@SecPriceMD
about to get all tweets newer than ID #1021844939473387520 for account
@IvankaTrumpHQ
ERROR: unable to get tweets for account @IvankaTrumpHQ
           the system said: Not authorized.
about to get all tweets newer than ID #856041462164836355 for account
@FirstLadyIN
about to get all tweets newer than ID #1082724497885724672 for account
@SecPompeo
about to get all tweets newer than ID #1082296381065383941 for account
@SecWilkie
about to get all tweets newer than ID #1082709966287499265 for account
@statedeptspox
about to get all tweets newer than ID #1082719952052867072 for account
@EnergyDepSec
about to get all tweets newer than ID #1082840489605431296 for account
@WhiteHouse
about to get all tweets newer than ID #529836079659384833 for account
@jeffsessions
about to get all tweets newer than ID #830074939298414592 for account
@RepTomPrice
about to get all tweets newer than ID #1082772187336138752 for account
@stevenmnuchin1
about to get all tweets newer than ID #1080906517807796225 for account
@SecondLady
about to get all tweets newer than ID #-1 for account @MattWhitaker46
ERROR: unable to get tweets for account @MattWhitaker46
           the system said: Not authorized.
about to get all tweets newer than ID #1082810099721166848 for account
@GovernorPerry
about to get all tweets newer than ID #1080633057038815232 for account @Comey
about to get all tweets newer than ID #1077219871962918912 for account
@SpeakerRyan
about to get all tweets newer than ID #1082823443962310656 for account
@Scavino45
about to get all tweets newer than ID #816290296048873472 for account
@WilburRoss
about to get all tweets newer than ID #1082769057227702272 for account
@SecNielsen
about to get all tweets newer than ID #1077568647110017024 for account @PRyan
about to get all tweets newer than ID #1076185577513541632 for account
@SecretaryRoss
about to get all tweets newer than ID #1080509257441837057 for account
@SecretaryZinke
... OK, we're set up, and about to watch 2480087918, 956283913835614208,
866746592853979137, 842072478834909184, 212262370, 826065858548133888, 22203756,
 105267762, 828613457020870657, 471672239, 620571475, 20733972,
862405301693296640, 818910970567344128, 828997388920619008, 888031054141022209,
1180379185, 818876014390603776, 108471631, 25073877, 819980276570976256,
819992522109894658, 118756393, 296060169, 830128820447539208, 599530439,
37666984, 728361177986797568, 823638938590085124, 831482588246196225,
836724024688410625, 20776147, 65522706, 15985455, 52544275, 818928162449068032,
24578794, 803703725730779136, 818927131883356161, 920035992073064450, 29547260,
832672006113931269, 822215679726100480, 829782369670410240, 798195585824104449,
1923451808, 988573326376427520, 1024390184090181633, 1967216306,
894923298374651904, 822215673812119553, 986781648, 6577802, 799764016885329921,
822127086194348032, 6672532, 18906561, 2334193741, 18916432, 823367015830323201,
 809836066316451840, 935148134505828353, 733751245, 836305915452272641,
827258161841135623
ERROR: 420
ERROR: 420
ERROR: 420
ERROR: 420
ERROR: 420
ERROR: 420
ERROR: 420
ERROR: 420
ERROR: 420
ERROR: 420
ERROR: 420
ERROR: 420
ERROR: 420
ERROR: 420
ERROR: 420
ERROR: 420
ERROR: 420
ERROR: 420
ERROR: 420
ERROR: 420
ERROR: 420
ERROR: 420
ERROR: 420
ERROR: 420
ERROR: 420
ERROR: 420
ERROR: 420
ERROR: 420
ERROR: 420
ERROR: 420
ERROR: 420
ERROR: 420
ERROR: 420
ERROR: 420
ERROR: 420
ERROR: 420
ERROR: 420
ERROR: 420
ERROR: 420
ERROR: 420
ERROR: 420
ERROR: 420
ERROR: 420
ERROR: 420
ERROR: 420
ERROR: 420
ERROR: 420


New tweet from statedeptspox: RT @SecPompeo: Today, EU issued its first
sanctions against the Iranian regime since the Iran deal, and the Netherlands
disclosed that #Ira…

archiving URL http://twitter.com/statedeptspox/status/1082932740813742080
    ... archiving using prefix http://web.archive.org/save/

archiving URL https://twitter.com/statedeptspox/status/1082932740813742080
    ... archiving using prefix http://web.archive.org/save/


New tweet from statedeptspox: RT @SecPompeo: #Iran and Hizballah have
terrorized Europe since 1979. By taking action today, European nations sent Iran
 a clear message th…

archiving URL http://twitter.com/statedeptspox/status/1082932777840971778
    ... archiving using prefix http://web.archive.org/save/

archiving URL https://twitter.com/statedeptspox/status/1082932777840971778
    ... archiving using prefix http://web.archive.org/save/


New tweet from SecretaryAcosta: American manufacturing is booming in the
@POTUS economy: 284,000 manufacturing jobs were created in 2018 – more tha…
https://t.co/2XWtkqV77U

archiving URL http://twitter.com/SecretaryAcosta/status/1082970497367924736
    ... archiving using prefix http://web.archive.org/save/

archiving URL https://twitter.com/SecretaryAcosta/status/1082970497367924736
    ... archiving using prefix http://web.archive.org/save/


New tweet from seanspicer: RT @AriFleischer: Schumer is right. We don’t govern
 by tantrum.  Instead, we govern by filibuster.  That’s why the government is
shut down.…

archiving URL http://twitter.com/seanspicer/status/1082981172366458881
    ... archiving using prefix http://web.archive.org/save/

archiving URL https://twitter.com/seanspicer/status/1082981172366458881
    ... archiving using prefix http://web.archive.org/save/


New tweet from seanspicer: RT @AriFleischer: This guy is great.
https://t.co/oOTZSKOVkT

archiving URL http://twitter.com/seanspicer/status/1082981427531169792
    ... archiving using prefix http://web.archive.org/save/

archiving URL https://twitter.com/seanspicer/status/1082981427531169792
    ... archiving using prefix http://web.archive.org/save/


New tweet from seanspicer: .@marcthiessen on @POTUS @realDonaldTrump
#NationalAddress : Trump won the night. Schumer and Pelosi lost.
https://t.co/DRzwOGhetD

archiving URL http://twitter.com/seanspicer/status/1082981849360748544
    ... archiving using prefix http://web.archive.org/save/

archiving URL https://twitter.com/seanspicer/status/1082981849360748544
    ... archiving using prefix http://web.archive.org/save/


New tweet from SecPompeo: Great to meet the new Iraqi government and
congratulate @AdilAbdAlMahdi, @BarhamSalih, @AlHalbooosii and @maalhakim…
https://t.co/o4EKlIYd7V

archiving URL http://twitter.com/SecPompeo/status/1082999253922971648
    ... archiving using prefix http://web.archive.org/save/

archiving URL https://twitter.com/SecPompeo/status/1082999253922971648
    ... archiving using prefix http://web.archive.org/save/


New tweet from statedeptspox: RT @SecPompeo: Great to meet the new Iraqi
government and congratulate @AdilAbdAlMahdi, @BarhamSalih, @AlHalbooosii and
@maalhakim in perso…

archiving URL http://twitter.com/statedeptspox/status/1083000033811795968
    ... archiving using prefix http://web.archive.org/save/

archiving URL https://twitter.com/statedeptspox/status/1083000033811795968
    ... archiving using prefix http://web.archive.org/save/


New tweet from PressSec: “To normal Americans watching in the heartland, and
who are not steeped in Trump hatred, the president must have se…
https://t.co/fnMkZZ36Rr

archiving URL http://twitter.com/PressSec/status/1083000493595656195
    ... archiving using prefix http://web.archive.org/save/

archiving URL https://twitter.com/PressSec/status/1083000493595656195
    ... archiving using prefix http://web.archive.org/save/


New tweet from realDonaldTrump: Our Country is doing so well in so many ways.
Great jobs numbers, with a record setting December. We are rebuilding…
https://t.co/LWGj8t2N8L

archiving URL http://twitter.com/realDonaldTrump/status/1083001986331672580
    ... archiving using prefix http://web.archive.org/save/

archiving URL https://twitter.com/realDonaldTrump/status/1083001986331672580
    ... archiving using prefix http://web.archive.org/save/


New tweet from IvankaTrump: Congratulations and thank you Sgt. Tara-Lyn Baker!

archiving URL http://twitter.com/IvankaTrump/status/1083003511565103104
    ... archiving using prefix http://web.archive.org/save/

archiving URL https://twitter.com/IvankaTrump/status/1083003511565103104
    ... archiving using prefix http://web.archive.org/save/


New tweet from DepSecHargan: ICYMI: ⬇️ ⬇️ ⬇️

archiving URL http://twitter.com/DepSecHargan/status/1083003817040531456
    ... archiving using prefix http://web.archive.org/save/

archiving URL https://twitter.com/DepSecHargan/status/1083003817040531456
    ... archiving using prefix http://web.archive.org/save/


New tweet from WhiteHouse: RT @realDonaldTrump: Our Country is doing so well
in so many ways. Great jobs numbers, with a record setting December. We are
rebuilding ou…

archiving URL http://twitter.com/WhiteHouse/status/1083003957218328576
    ... archiving using prefix http://web.archive.org/save/

archiving URL https://twitter.com/WhiteHouse/status/1083003957218328576
    ... archiving using prefix http://web.archive.org/save/


New tweet from POTUS: RT @realDonaldTrump: Our Country is doing so well in so
many ways. Great jobs numbers, with a record setting December. We are rebuilding
 ou…

archiving URL http://twitter.com/POTUS/status/1083003982610644992
    ... archiving using prefix http://web.archive.org/save/

archiving URL https://twitter.com/POTUS/status/1083003982610644992
    ... archiving using prefix http://web.archive.org/save/


New tweet from realDonaldTrump: Billions of dollars are sent to the State of
California for Forrest fires that, with proper Forrest Management, wou…
https://t.co/GBBPju24t8

archiving URL http://twitter.com/realDonaldTrump/status/1083009519503003648
    ... archiving using prefix http://web.archive.org/save/

archiving URL https://twitter.com/realDonaldTrump/status/1083009519503003648
    ... archiving using prefix http://web.archive.org/save/


New tweet from EnergyDepSec: “@ENERGY states intent to invest in centrifuge
technology at Piketon” via @newswatchman https://t.co/DvXGq1CIVz

archiving URL http://twitter.com/EnergyDepSec/status/1083015732743622656
    ... archiving using prefix http://web.archive.org/save/

archiving URL https://twitter.com/EnergyDepSec/status/1083015732743622656
    ... archiving using prefix http://web.archive.org/save/


New tweet from VP: RT @WhiteHouse: A barrier is absolutely critical to border
security. #SecureOurBorder https://t.co/6aogOnUFS8

archiving URL http://twitter.com/VP/status/1083017656998027264
    ... archiving using prefix http://web.archive.org/save/

archiving URL https://twitter.com/VP/status/1083017656998027264
    ... archiving using prefix http://web.archive.org/save/


New tweet from VP: RT @WhiteHouse: The only thing that is immoral is the
politicians to do nothing and continue to allow more innocent people to be so
horribl…

archiving URL http://twitter.com/VP/status/1083017745904648196
    ... archiving using prefix http://web.archive.org/save/


New tweet from VP: RT @WhiteHouse: The federal government remains shut down
for one reason and one reason only—because Democrats will not fund border
security…

archiving URL http://twitter.com/VP/status/1083017759603281920
    ... archiving using prefix http://web.archive.org/save/

archiving URL https://twitter.com/VP/status/1083017745904648196
    ... archiving using prefix http://web.archive.org/save/


New tweet from VP: RT @WhiteHouse: To every member of Congress: Pass a bill
that ends this crisis and finally, after all of these decades, secures our
border.…

archiving URL http://twitter.com/VP/status/1083017777366163456
    ... archiving using prefix http://web.archive.org/save/

archiving URL https://twitter.com/VP/status/1083017759603281920
    ... archiving using prefix http://web.archive.org/save/

archiving URL https://twitter.com/VP/status/1083017777366163456
    ... archiving using prefix http://web.archive.org/save/


New tweet from VP: RT @GOPLeader: Now. Not later. We must #SecureTheBorder.
https://t.co/Jek4qPzTJE

archiving URL http://twitter.com/VP/status/1083017918647058433
    ... archiving using prefix http://web.archive.org/save/

archiving URL https://twitter.com/VP/status/1083017918647058433
    ... archiving using prefix http://web.archive.org/save/


New tweet from VP: RT @RepKevinBrady: Our southern border is NOT secure and
the Houston area and communities I represent pay the price -- MS-13 gang
violence,…

archiving URL http://twitter.com/VP/status/1083017990059278337
    ... archiving using prefix http://web.archive.org/save/


New tweet from VP: RT @SteveScalise: .@realDonaldTrump made it clear: we are
in the midst of a humanitarian and national security crisis. These facts may
not…

archiving URL http://twitter.com/VP/status/1083018043557580805
    ... archiving using prefix http://web.archive.org/save/

archiving URL https://twitter.com/VP/status/1083017990059278337
    ... archiving using prefix http://web.archive.org/save/

archiving URL https://twitter.com/VP/status/1083018043557580805
    ... archiving using prefix http://web.archive.org/save/


New tweet from POTUS: RT @realDonaldTrump: Billions of dollars are sent to the
 State of California for Forrest fires that, with proper Forrest Management,
would…

archiving URL http://twitter.com/POTUS/status/1083018377860390913
    ... archiving using prefix http://web.archive.org/save/

archiving URL https://twitter.com/POTUS/status/1083018377860390913
    ... archiving using prefix http://web.archive.org/save/


New tweet from SecAzar: We’ve seen some good behavior from companies such as
Merck, Gilead, and Amgen, who announced lower prices for their…
https://t.co/zqJ4XzE2kO

archiving URL http://twitter.com/SecAzar/status/1083019273352683520
    ... archiving using prefix http://web.archive.org/save/

archiving URL https://twitter.com/SecAzar/status/1083019273352683520
    ... archiving using prefix http://web.archive.org/save/
INFO: handling a deletion for data:

{'delete': {'status': {'id':
1083009519503003648,
                       'id_str': '1083009519503003648',

                       'user_id': 25073877,
'user_id_str': '25073877'},
            'timestamp_ms': '1547047510803'}}
INFO: successfully dumped raw data to JSON file
INFO: We're handling a deletion notification for tweet ID# 1083009519503003648
on account realDonaldTrump
INFO: get_archived_tweet() called to get tweet ID 1083009519503003648 for
account realDonaldTrump
ERROR: unable to read line "['7"']" because: need more than 1 value to unpack.
INFO: found a tweet!		http://web.archive.org/*/http://twitter.com/realDonaldTrum
p/status/1083009519503003648	Billions of dollars are sent to the State of
California for Forrest fires that, with proper Forrest Management, wou…
https://t.co/GBBPju24t8
... adding to list of deleted tweets
... added
 ... and we're going to tweet about it
ERROR: 
  Exception is:
<class 'tweepy.error.TweepError'>
  Value of data is:
{'delete': {'status': {'id': 1083009519503003648,
'id_str': '1083009519503003648',
                       'user_id': 25073877,

                       'user_id_str': '25073877'},
            'timestamp_ms':
'1547047510803'}}
