Hello, traveler. This is the beginning of a log file called: "Fascist Tweet Archiver".
Some basic system info about the host machine: posix.uname_result(sysname='Linux', nodename='file-server', release='3.16.0-8-686-pae', version='#1 SMP Debian 3.16.64-2 (2019-04-01)', machine='i686')
This log was begun Thursday, 16 May 2019 at 12:31



INFO: read target account data; we're tracking 65 accounts
WARNING: no ProtocolError (got exception "name 'ProtocolError' is not defined");
 trying requests.packages.urllib3.exceptions instead
NOTE: successfully imported from requests
Starting up...
about to get all tweets newer than ID #1073709695809056768 for account
@MickMulvaneyOMB
about to get all tweets newer than ID #836780744810844161 for account
@StephenMillerAL
about to get all tweets newer than ID #1129060583536549888 for account
@SecretaryAcosta
about to get all tweets newer than ID #954801265732661248 for account
@MELANIATRUMP
about to get all tweets newer than ID #1128356844093759494 for account
@USTradeRep
about to get all tweets newer than ID #856041462164836355 for account
@FirstLadyIN
about to get all tweets newer than ID #832282841471918080 for account
@BetsyDeVos
about to get all tweets newer than ID #1129067332725297152 for account
@realDonaldTrump
about to get all tweets newer than ID #1128434192071778304 for account
@SecPompeo
about to get all tweets newer than ID #1129061727365206016 for account
@SecretaryPerry
about to get all tweets newer than ID #1128994081345032193 for account @FLOTUS
about to get all tweets newer than ID #1129079803813027841 for account @POTUS
about to get all tweets newer than ID #1129051141239640065 for account
@EnergyDepSec
about to get all tweets newer than ID #1129069001580138496 for account
@BetsyDeVosED
about to get all tweets newer than ID #1129056034172149762 for account
@statedeptspox
about to get all tweets newer than ID #1128149905170735104 for account @Reince
about to get all tweets newer than ID #1129048826579492866 for account
@SecretaryRoss
about to get all tweets newer than ID #816846808789958656 for account
@SenDanCoats
about to get all tweets newer than ID #1129061122689122304 for account
@AmbJohnBolton
about to get all tweets newer than ID #1129077582123687940 for account @VP
about to get all tweets newer than ID #1128844477731364864 for account
@KellyannePolls
about to get all tweets newer than ID #1021844939473387520 for account
@IvankaTrumpHQ
ERROR: unable to get tweets for account @IvankaTrumpHQ
           the system said: Not authorized.
about to get all tweets newer than ID #1128807981905268736 for account
@SecretarySonny
about to get all tweets newer than ID #816290296048873472 for account
@WilburRoss
about to get all tweets newer than ID #1116735612898414597 for account @SBALinda
about to get all tweets newer than ID #1129041077191757826 for account
@seanspicer
about to get all tweets newer than ID #1127994378138603520 for account
@stevenmnuchin1
about to get all tweets newer than ID #913881045652688901 for account
@SecPriceMD
about to get all tweets newer than ID #1129088891686936576 for account @Cabinet
about to get all tweets newer than ID #1127300998194769921 for account
@RealBenCarson
about to get all tweets newer than ID #1080170559101718528 for account
@nikkihaley
getting all tweets before ID #1101846227145101312
    ...400 tweets downloaded so far
getting all tweets before ID #1082591132884692992
    ...458 tweets downloaded so far
getting all tweets before ID #1080195496407388164
    ...458 tweets downloaded so far


New tweet from NikkiHaley: Due to State Dept rules that were changed by the
outgoing administration, I have had to clear my personal Twitter a…
https://t.co/7W82xrjVGv

archiving URL http://twitter.com/NikkiHaley/status/1080195496407388165
    ... archiving using prefix http://web.archive.org/save/
about to get all tweets newer than ID #1127977631700353026 for account
@SecWilkie
about to get all tweets newer than ID #1077568647110017024 for account @PRyan
about to get all tweets newer than ID #1128470160791105537 for account @PressSec

archiving URL https://twitter.com/NikkiHaley/status/1080195496407388165
    ... archiving using prefix http://web.archive.org/save/
about to get all tweets newer than ID #1087333489853243392 for account
@DepSecDef
ERROR: unable to get tweets for account @DepSecDef
           the system said: [{'code': 34, 'message': 'Sorry, that page does not
exist.'}]
about to get all tweets newer than ID #1128018730116689920 for account
@SecretaryCarson
about to get all tweets newer than ID #824610180881117184 for account
@GovPenceIN
about to get all tweets newer than ID #-1 for account @ElaineChao
about to get all tweets newer than ID #1128510251693748229 for account
@DanScavino
about to get all tweets newer than ID #1014519079284199424 for account
@EPAScottPruitt
ERROR: unable to get tweets for account @EPAScottPruitt
           the system said: [{'code': 34, 'message': 'Sorry, that page does not
exist.'}]
about to get all tweets newer than ID #1121757134050426882 for account
@MattWhitaker46
about to get all tweets newer than ID #1128442085005254656 for account
@SpeakerRyan
about to get all tweets newer than ID #890659905798983680 for account @Reince45
ERROR: unable to get tweets for account @Reince45
           the system said: [{'code': 34, 'message': 'Sorry, that page does not
exist.'}]
about to get all tweets newer than ID #1080509257441837057 for account
@SecretaryZinke
about to get all tweets newer than ID #830074939298414592 for account
@RepTomPrice
about to get all tweets newer than ID #1128838474813939712 for account
@AshLeeStrong
about to get all tweets newer than ID #978650205192044545 for account
@SecShulkin
about to get all tweets newer than ID #1129066095770578946 for account
@IvankaTrump
about to get all tweets newer than ID #1129079822217633792 for account
@WhiteHouse
getting all tweets before ID #1126128850415566847
    ...400 tweets downloaded so far


New tweet from WhiteHouse: UP NEXT: President @realDonaldTrump delivers
remarks on modernizing America's immigration system. 

Watch LIVE:…
https://t.co/H2RUU2n7z3

archiving URL http://twitter.com/WhiteHouse/status/1129092159972491265
    ... archiving using prefix http://web.archive.org/save/
about to get all tweets newer than ID #1129084051699228672 for account
@Scaramucci
about to get all tweets newer than ID #1115755187258515458 for account
@SecNielsen

archiving URL https://twitter.com/WhiteHouse/status/1129092159972491265
    ... archiving using prefix http://web.archive.org/save/
about to get all tweets newer than ID #1129080055618068480 for account
@JessicaDitto45
about to get all tweets newer than ID #1128854672792522752 for account
@Scavino45
about to get all tweets newer than ID #1125216010959818757 for account
@Linda_McMahon
about to get all tweets newer than ID #994396943421001728 for account
@TomBossert45
about to get all tweets newer than ID #529836079659384833 for account
@jeffsessions
about to get all tweets newer than ID #1128808641803542528 for account
@DepSecHargan
about to get all tweets newer than ID #1127973256156336128 for account
@StephGrisham45
about to get all tweets newer than ID #1128466950122643457 for account
@GovernorPerry
about to get all tweets newer than ID #1128853513067479040 for account
@SecondLady
about to get all tweets newer than ID #1129053392511406080 for account @SecAzar
about to get all tweets newer than ID #903694300306923521 for account
@SecElaineChao
about to get all tweets newer than ID #1126944477946552327 for account @Comey
about to get all tweets newer than ID #1126649446358556675 for account
@mike_pence
about to get all tweets newer than ID #-1 for account @jaredkushner
... OK, we're set up, and about to watch 888031054141022209, 728361177986797568,
 819980276570976256, 108471631, 862405301693296640, 1923451808, 599530439,
25073877, 988573326376427520, 830128820447539208, 818876014390603776,
822215679726100480, 894923298374651904, 828997388920619008, 1967216306,
20733972, 836305915452272641, 212262370, 118756393, 818910970567344128,
471672239, 798195585824104449, 842072478834909184, 809836066316451840,
819992522109894658, 20776147, 799764016885329921, 829782369670410240,
818928162449068032, 1180379185, 37666984, 1024390184090181633, 733751245,
818927131883356161, 2480087918, 828613457020870657, 15985455, 105267762,
620571475, 832672006113931269, 6672532, 18916432, 803703725730779136,
827258161841135623, 6577802, 296060169, 831482588246196225, 52544275,
822215673812119553, 24578794, 935148134505828353, 836724024688410625,
823367015830323201, 65522706, 866746592853979137, 986781648, 920035992073064450,
 823638938590085124, 18906561, 822127086194348032, 956283913835614208,
826065858548133888, 2334193741, 22203756, 29547260


New tweet from WhiteHouse: LIVE: President Trump Delivers Remarks on
Modernizing Our Immigration System for a Stronger America
https://t.co/kSvFtBYj0w

archiving URL http://twitter.com/WhiteHouse/status/1129092841412521985
    ... archiving using prefix http://web.archive.org/save/

archiving URL https://twitter.com/WhiteHouse/status/1129092841412521985
    ... archiving using prefix http://web.archive.org/save/


New tweet from POTUS: RT @WhiteHouse: LIVE: President Trump Delivers Remarks
on Modernizing Our Immigration System for a Stronger America
https://t.co/kSvFtBYj0w

archiving URL http://twitter.com/POTUS/status/1129093261186994176
    ... archiving using prefix http://web.archive.org/save/

archiving URL https://twitter.com/POTUS/status/1129093261186994176
    ... archiving using prefix http://web.archive.org/save/


New tweet from JessicaDitto45: RT @WhiteHouse: LIVE: President Trump Delivers
Remarks on Modernizing Our Immigration System for a Stronger America
https://t.co/kSvFtBYj0w

archiving URL http://twitter.com/JessicaDitto45/status/1129093978358521856
    ... archiving using prefix http://web.archive.org/save/

archiving URL https://twitter.com/JessicaDitto45/status/1129093978358521856
    ... archiving using prefix http://web.archive.org/save/
WARNING: received error ('Connection broken: IncompleteRead(0 bytes read)',
IncompleteRead(0 bytes read)); sleeping and trying again ...
WARNING: received error ('Connection broken: IncompleteRead(0 bytes read)',
IncompleteRead(0 bytes read)); sleeping and trying again ...


New tweet from Scaramucci: RT @DeidreScaramuc2: Throwback to 2015 before we
tried to annihilate eachother just 2 short years later! 😝 As they say, time
heals most thi…

archiving URL http://twitter.com/Scaramucci/status/1129100041107464192
    ... archiving using prefix http://web.archive.org/save/

archiving URL https://twitter.com/Scaramucci/status/1129100041107464192
    ... archiving using prefix http://web.archive.org/save/


New tweet from WhiteHouse: President Trump just unveiled his plan to create a
fair, modern, and LAWFUL immigration system for America!

"Our p…
https://t.co/KUb0iJeFk3

archiving URL http://twitter.com/WhiteHouse/status/1129101294457819136
    ... archiving using prefix http://web.archive.org/save/

archiving URL https://twitter.com/WhiteHouse/status/1129101294457819136
    ... archiving using prefix http://web.archive.org/save/


New tweet from POTUS: RT @WhiteHouse: President Trump just unveiled his plan
to create a fair, modern, and LAWFUL immigration system for America!

"Our
proposal…

archiving URL http://twitter.com/POTUS/status/1129101364766945285
    ... archiving using prefix http://web.archive.org/save/

archiving URL https://twitter.com/POTUS/status/1129101364766945285
    ... archiving using prefix http://web.archive.org/save/


New tweet from Cabinet: RT @Interior: #TFW you want to tell traffic "Bison"
@YellowstoneNPS #Wyoming https://t.co/EniUqrS3xg

archiving URL http://twitter.com/Cabinet/status/1129102218744012800
    ... archiving using prefix http://web.archive.org/save/

archiving URL https://twitter.com/Cabinet/status/1129102218744012800
    ... archiving using prefix http://web.archive.org/save/


New tweet from realDonaldTrump: We are here on this beautiful spring day to
unveil our plan to create a fair, modern &amp; LAWFUL system of immigration…
https://t.co/f9WzBQt95w

archiving URL http://twitter.com/realDonaldTrump/status/1129102710580621312
    ... archiving using prefix http://web.archive.org/save/

archiving URL https://twitter.com/realDonaldTrump/status/1129102710580621312
    ... archiving using prefix http://web.archive.org/save/


New tweet from Scavino45: RT @realDonaldTrump: We are here on this beautiful
spring day to unveil our plan to create a fair, modern &amp; LAWFUL system of
immigration fo…

archiving URL http://twitter.com/Scavino45/status/1129102804130381830
    ... archiving using prefix http://web.archive.org/save/

archiving URL https://twitter.com/Scavino45/status/1129102804130381830
    ... archiving using prefix http://web.archive.org/save/


New tweet from SecondLady: Proud to partner with @ACPUSA to host 46 businesses
 to discuss employment solutions for military spouses. The parti…
https://t.co/ioJAymhADU

archiving URL http://twitter.com/SecondLady/status/1129103280708231175
    ... archiving using prefix http://web.archive.org/save/

archiving URL https://twitter.com/SecondLady/status/1129103280708231175
    ... archiving using prefix http://web.archive.org/save/


New tweet from POTUS: RT @realDonaldTrump: We are here on this beautiful
spring day to unveil our plan to create a fair, modern &amp; LAWFUL system of
immigration fo…

archiving URL http://twitter.com/POTUS/status/1129104408288141312
    ... archiving using prefix http://web.archive.org/save/

archiving URL https://twitter.com/POTUS/status/1129104408288141312
    ... archiving using prefix http://web.archive.org/save/


New tweet from WhiteHouse: RT @realDonaldTrump: We are here on this beautiful
spring day to unveil our plan to create a fair, modern &amp; LAWFUL system of
immigration fo…

archiving URL http://twitter.com/WhiteHouse/status/1129104525120327680
    ... archiving using prefix http://web.archive.org/save/

archiving URL https://twitter.com/WhiteHouse/status/1129104525120327680
    ... archiving using prefix http://web.archive.org/save/


New tweet from WhiteHouse: "Democrats are proposing open borders, lower wages,
 and frankly, lawless chaos. 

We are proposing an immigration p…
https://t.co/dJRylzxQIR

archiving URL http://twitter.com/WhiteHouse/status/1129105038830460929
    ... archiving using prefix http://web.archive.org/save/

archiving URL https://twitter.com/WhiteHouse/status/1129105038830460929
    ... archiving using prefix http://web.archive.org/save/


New tweet from POTUS: RT @WhiteHouse: "Democrats are proposing open borders,
lower wages, and frankly, lawless chaos. 

We are proposing an immigration plan
that…

archiving URL http://twitter.com/POTUS/status/1129106122579808257
    ... archiving using prefix http://web.archive.org/save/

archiving URL https://twitter.com/POTUS/status/1129106122579808257
    ... archiving using prefix http://web.archive.org/save/


New tweet from VP: Great to be at J&amp;D Manufacturing in Eau Claire,
Wisconsin! American workers &amp; job creators need Congress to ratify…
https://t.co/8nc08pq7wN

archiving URL http://twitter.com/VP/status/1129109088326115329
    ... archiving using prefix http://web.archive.org/save/

archiving URL https://twitter.com/VP/status/1129109088326115329
    ... archiving using prefix http://web.archive.org/save/


New tweet from WhiteHouse: "To make certain that we are constantly making the
upgrades we need, our proposal creates a permanent and self-sust…
https://t.co/O7uplr5ttB

archiving URL http://twitter.com/WhiteHouse/status/1129109586449969154
    ... archiving using prefix http://web.archive.org/save/

archiving URL https://twitter.com/WhiteHouse/status/1129109586449969154
    ... archiving using prefix http://web.archive.org/save/


New tweet from VP: RT @SecondLady: Proud to partner with @ACPUSA to host 46
businesses to discuss employment solutions for military spouses. The
participants…

archiving URL http://twitter.com/VP/status/1129109804901949440
    ... archiving using prefix http://web.archive.org/save/

archiving URL https://twitter.com/VP/status/1129109804901949440
    ... archiving using prefix http://web.archive.org/save/


New tweet from POTUS: RT @WhiteHouse: "To make certain that we are constantly
making the upgrades we need, our proposal creates a permanent and self-
sustaining b…

archiving URL http://twitter.com/POTUS/status/1129109934065541120
    ... archiving using prefix http://web.archive.org/save/

archiving URL https://twitter.com/POTUS/status/1129109934065541120
    ... archiving using prefix http://web.archive.org/save/


New tweet from Cabinet: RT @BetsyDeVosED: #ThrowbackThursday to my visit to
@SLAMMiaOfficial with @pitbull. Sports Leadership and Management (SLAM) that
serves stu…

archiving URL http://twitter.com/Cabinet/status/1129112287183331328
    ... archiving using prefix http://web.archive.org/save/

archiving URL https://twitter.com/Cabinet/status/1129112287183331328
    ... archiving using prefix http://web.archive.org/save/


New tweet from GovernorPerry: She was her friend, her partner, her defender,
her dog.  She was faithful &amp; true to the last beat of her heart. Ani…
https://t.co/mPCeIIajVm

archiving URL http://twitter.com/GovernorPerry/status/1129113356386873344
    ... archiving using prefix http://web.archive.org/save/

archiving URL https://twitter.com/GovernorPerry/status/1129113356386873344
    ... archiving using prefix http://web.archive.org/save/


New tweet from WhiteHouse: "We must also restore the integrity of our broken
asylum system. Our Nation has a proud history of affording protec…
https://t.co/3OsXHOfkmQ

archiving URL http://twitter.com/WhiteHouse/status/1129114110355005441
    ... archiving using prefix http://web.archive.org/save/

archiving URL https://twitter.com/WhiteHouse/status/1129114110355005441
    ... archiving using prefix http://web.archive.org/save/


New tweet from POTUS: RT @WhiteHouse: "We must also restore the integrity of
our broken asylum system. Our Nation has a proud history of affording protection
 to…

archiving URL http://twitter.com/POTUS/status/1129114555714539527
    ... archiving using prefix http://web.archive.org/save/

archiving URL https://twitter.com/POTUS/status/1129114555714539527
    ... archiving using prefix http://web.archive.org/save/


New tweet from AshLeeStrong: Ha, thanks for the mentions @DanaPerino &amp;
@ChrisStirewalt. No fishing with Marc Racicot. But you make a good point.…
https://t.co/5PYg5OsCzL

archiving URL http://twitter.com/AshLeeStrong/status/1129115793055047680
    ... archiving using prefix http://web.archive.org/save/

archiving URL https://twitter.com/AshLeeStrong/status/1129115793055047680
    ... archiving using prefix http://web.archive.org/save/
