Hello, traveler. This is the beginning of a log file called: "Fascist Tweet Archiver".
Some basic system info about the host machine: posix.uname_result(sysname='Linux', nodename='file-server', release='3.16.0-7-686-pae', version='#1 SMP Debian 3.16.59-1 (2018-10-03)', machine='i686')
This log was begun Thursday, 28 March 2019 at 02:10



INFO: read target account data; we're tracking 65 accounts
WARNING: no ProtocolError (got exception "name 'ProtocolError' is not defined");
 trying requests.packages.urllib3.exceptions instead
NOTE: successfully imported from requests
Starting up...
about to get all tweets newer than ID #1107002042181185536 for account
@GovernorPerry
ERROR: unable to get tweets for account @GovernorPerry
           the system said: Failed to send request:
HTTPSConnectionPool(host='api.twitter.com', port=443): Max retries exceeded with
 url: /1.1/statuses/user_timeline.json?screen_name=GovernorPerry&count=200
(Caused by NewConnectionError('<requests.packages.urllib3.connection.VerifiedHTT
PSConnection object at 0xb66c566c>: Failed to establish a new connection: [Errno
 101] Network is unreachable',))
about to get all tweets newer than ID #529836079659384833 for account
@jeffsessions
ERROR: unable to get tweets for account @jeffsessions
           the system said: Failed to send request:
HTTPSConnectionPool(host='api.twitter.com', port=443): Max retries exceeded with
 url: /1.1/statuses/user_timeline.json?screen_name=jeffsessions&count=200
(Caused by NewConnectionError('<requests.packages.urllib3.connection.VerifiedHTT
PSConnection object at 0xb666504c>: Failed to establish a new connection: [Errno
 101] Network is unreachable',))
about to get all tweets newer than ID #1107333089326497794 for account
@seanspicer
ERROR: unable to get tweets for account @seanspicer
           the system said: Failed to send request:
HTTPSConnectionPool(host='api.twitter.com', port=443): Max retries exceeded with
 url: /1.1/statuses/user_timeline.json?screen_name=seanspicer&count=200 (Caused
by NewConnectionError('<requests.packages.urllib3.connection.VerifiedHTTPSConnec
tion object at 0xb667484c>: Failed to establish a new connection: [Errno 101]
Network is unreachable',))
about to get all tweets newer than ID #1104906034987048961 for account
@MattWhitaker46
ERROR: unable to get tweets for account @MattWhitaker46
           the system said: Failed to send request:
HTTPSConnectionPool(host='api.twitter.com', port=443): Max retries exceeded with
 url: /1.1/statuses/user_timeline.json?screen_name=MattWhitaker46&count=200
(Caused by NewConnectionError('<requests.packages.urllib3.connection.VerifiedHTT
PSConnection object at 0xb666638c>: Failed to establish a new connection: [Errno
 101] Network is unreachable',))
about to get all tweets newer than ID #913881045652688901 for account
@SecPriceMD
ERROR: unable to get tweets for account @SecPriceMD
           the system said: Failed to send request:
HTTPSConnectionPool(host='api.twitter.com', port=443): Max retries exceeded with
 url: /1.1/statuses/user_timeline.json?screen_name=SecPriceMD&count=200 (Caused
by NewConnectionError('<requests.packages.urllib3.connection.VerifiedHTTPSConnec
tion object at 0xb666bc6c>: Failed to establish a new connection: [Errno 101]
Network is unreachable',))
about to get all tweets newer than ID #954801265732661248 for account
@MELANIATRUMP
ERROR: unable to get tweets for account @MELANIATRUMP
           the system said: Failed to send request:
HTTPSConnectionPool(host='api.twitter.com', port=443): Max retries exceeded with
 url: /1.1/statuses/user_timeline.json?screen_name=MELANIATRUMP&count=200
(Caused by NewConnectionError('<requests.packages.urllib3.connection.VerifiedHTT
PSConnection object at 0xb66659ec>: Failed to establish a new connection: [Errno
 101] Network is unreachable',))
about to get all tweets newer than ID #1106996027414982656 for account
@Scavino45
ERROR: unable to get tweets for account @Scavino45
           the system said: Failed to send request:
HTTPSConnectionPool(host='api.twitter.com', port=443): Max retries exceeded with
 url: /1.1/statuses/user_timeline.json?screen_name=Scavino45&count=200 (Caused
by NewConnectionError('<requests.packages.urllib3.connection.VerifiedHTTPSConnec
tion object at 0xb6674a8c>: Failed to establish a new connection: [Errno 101]
Network is unreachable',))
about to get all tweets newer than ID #903694300306923521 for account
@SecElaineChao
ERROR: unable to get tweets for account @SecElaineChao
           the system said: Failed to send request:
HTTPSConnectionPool(host='api.twitter.com', port=443): Max retries exceeded with
 url: /1.1/statuses/user_timeline.json?screen_name=SecElaineChao&count=200
(Caused by NewConnectionError('<requests.packages.urllib3.connection.VerifiedHTT
PSConnection object at 0xb66748ec>: Failed to establish a new connection: [Errno
 101] Network is unreachable',))
about to get all tweets newer than ID #1108020686893867008 for account @SBALinda
ERROR: unable to get tweets for account @SBALinda
           the system said: Failed to send request:
HTTPSConnectionPool(host='api.twitter.com', port=443): Max retries exceeded with
 url: /1.1/statuses/user_timeline.json?screen_name=SBALinda&count=200 (Caused by
 NewConnectionError('<requests.packages.urllib3.connection.VerifiedHTTPSConnecti
on object at 0xb6665c4c>: Failed to establish a new connection: [Errno 101]
Network is unreachable',))
about to get all tweets newer than ID #1107997011880628224 for account
@SecretarySonny
ERROR: unable to get tweets for account @SecretarySonny
           the system said: Failed to send request:
HTTPSConnectionPool(host='api.twitter.com', port=443): Max retries exceeded with
 url: /1.1/statuses/user_timeline.json?screen_name=SecretarySonny&count=200
(Caused by NewConnectionError('<requests.packages.urllib3.connection.VerifiedHTT
PSConnection object at 0xb666df0c>: Failed to establish a new connection: [Errno
 101] Network is unreachable',))
about to get all tweets newer than ID #1107753182552297472 for account
@DepSecHargan
ERROR: unable to get tweets for account @DepSecHargan
           the system said: Failed to send request:
HTTPSConnectionPool(host='api.twitter.com', port=443): Max retries exceeded with
 url: /1.1/statuses/user_timeline.json?screen_name=DepSecHargan&count=200
(Caused by NewConnectionError('<requests.packages.urllib3.connection.VerifiedHTT
PSConnection object at 0xb666660c>: Failed to establish a new connection: [Errno
 101] Network is unreachable',))
about to get all tweets newer than ID #1059291259859275777 for account
@Linda_McMahon
ERROR: unable to get tweets for account @Linda_McMahon
           the system said: Failed to send request:
HTTPSConnectionPool(host='api.twitter.com', port=443): Max retries exceeded with
 url: /1.1/statuses/user_timeline.json?screen_name=Linda_McMahon&count=200
(Caused by NewConnectionError('<requests.packages.urllib3.connection.VerifiedHTT
PSConnection object at 0xb66652ac>: Failed to establish a new connection: [Errno
 101] Network is unreachable',))
about to get all tweets newer than ID #1107711895447003137 for account @SecAzar
ERROR: unable to get tweets for account @SecAzar
           the system said: Failed to send request:
HTTPSConnectionPool(host='api.twitter.com', port=443): Max retries exceeded with
 url: /1.1/statuses/user_timeline.json?screen_name=SecAzar&count=200 (Caused by
NewConnectionError('<requests.packages.urllib3.connection.VerifiedHTTPSConnectio
n object at 0xb667610c>: Failed to establish a new connection: [Errno 101]
Network is unreachable',))
about to get all tweets newer than ID #1108017387234746369 for account
@stevenmnuchin1
ERROR: unable to get tweets for account @stevenmnuchin1
           the system said: Failed to send request:
HTTPSConnectionPool(host='api.twitter.com', port=443): Max retries exceeded with
 url: /1.1/statuses/user_timeline.json?screen_name=stevenmnuchin1&count=200
(Caused by NewConnectionError('<requests.packages.urllib3.connection.VerifiedHTT
PSConnection object at 0xb667b50c>: Failed to establish a new connection: [Errno
 101] Network is unreachable',))
about to get all tweets newer than ID #1107801205210791936 for account @POTUS
ERROR: unable to get tweets for account @POTUS
           the system said: Failed to send request:
HTTPSConnectionPool(host='api.twitter.com', port=443): Max retries exceeded with
 url: /1.1/statuses/user_timeline.json?screen_name=POTUS&count=200 (Caused by Ne
wConnectionError('<requests.packages.urllib3.connection.VerifiedHTTPSConnection
object at 0xb666602c>: Failed to establish a new connection: [Errno 101] Network
 is unreachable',))
about to get all tweets newer than ID #1106573866141405184 for account
@USTradeRep
ERROR: unable to get tweets for account @USTradeRep
           the system said: Failed to send request:
HTTPSConnectionPool(host='api.twitter.com', port=443): Max retries exceeded with
 url: /1.1/statuses/user_timeline.json?screen_name=USTradeRep&count=200 (Caused
by NewConnectionError('<requests.packages.urllib3.connection.VerifiedHTTPSConnec
tion object at 0xb666df8c>: Failed to establish a new connection: [Errno 101]
Network is unreachable',))
about to get all tweets newer than ID #1104129635846184963 for account
@mike_pence
ERROR: unable to get tweets for account @mike_pence
           the system said: Failed to send request:
HTTPSConnectionPool(host='api.twitter.com', port=443): Max retries exceeded with
 url: /1.1/statuses/user_timeline.json?screen_name=mike_pence&count=200 (Caused
by NewConnectionError('<requests.packages.urllib3.connection.VerifiedHTTPSConnec
tion object at 0xb666bd4c>: Failed to establish a new connection: [Errno 101]
Network is unreachable',))
about to get all tweets newer than ID #-1 for account @ElaineChao
ERROR: unable to get tweets for account @ElaineChao
           the system said: Failed to send request:
HTTPSConnectionPool(host='api.twitter.com', port=443): Max retries exceeded with
 url: /1.1/statuses/user_timeline.json?screen_name=ElaineChao&count=200 (Caused
by NewConnectionError('<requests.packages.urllib3.connection.VerifiedHTTPSConnec
tion object at 0xb66738ec>: Failed to establish a new connection: [Errno 101]
Network is unreachable',))
about to get all tweets newer than ID #1103053493877833728 for account @Reince
ERROR: unable to get tweets for account @Reince
           the system said: Failed to send request:
HTTPSConnectionPool(host='api.twitter.com', port=443): Max retries exceeded with
 url: /1.1/statuses/user_timeline.json?screen_name=Reince&count=200 (Caused by N
ewConnectionError('<requests.packages.urllib3.connection.VerifiedHTTPSConnection
 object at 0xb66c5bcc>: Failed to establish a new connection: [Errno 101]
Network is unreachable',))
about to get all tweets newer than ID #1080509257441837057 for account
@SecretaryZinke
ERROR: unable to get tweets for account @SecretaryZinke
           the system said: Failed to send request:
HTTPSConnectionPool(host='api.twitter.com', port=443): Max retries exceeded with
 url: /1.1/statuses/user_timeline.json?screen_name=SecretaryZinke&count=200
(Caused by NewConnectionError('<requests.packages.urllib3.connection.VerifiedHTT
PSConnection object at 0xb6665acc>: Failed to establish a new connection: [Errno
 101] Network is unreachable',))
about to get all tweets newer than ID #832282841471918080 for account
@BetsyDeVos
ERROR: unable to get tweets for account @BetsyDeVos
           the system said: Failed to send request:
HTTPSConnectionPool(host='api.twitter.com', port=443): Max retries exceeded with
 url: /1.1/statuses/user_timeline.json?screen_name=BetsyDeVos&count=200 (Caused
by NewConnectionError('<requests.packages.urllib3.connection.VerifiedHTTPSConnec
tion object at 0xb667a66c>: Failed to establish a new connection: [Errno 101]
Network is unreachable',))
about to get all tweets newer than ID #824610180881117184 for account
@GovPenceIN
ERROR: unable to get tweets for account @GovPenceIN
           the system said: Failed to send request:
HTTPSConnectionPool(host='api.twitter.com', port=443): Max retries exceeded with
 url: /1.1/statuses/user_timeline.json?screen_name=GovPenceIN&count=200 (Caused
by NewConnectionError('<requests.packages.urllib3.connection.VerifiedHTTPSConnec
tion object at 0xb6673eac>: Failed to establish a new connection: [Errno 101]
Network is unreachable',))
about to get all tweets newer than ID #1107455992755822599 for account
@AmbJohnBolton
ERROR: unable to get tweets for account @AmbJohnBolton
           the system said: Failed to send request:
HTTPSConnectionPool(host='api.twitter.com', port=443): Max retries exceeded with
 url: /1.1/statuses/user_timeline.json?screen_name=AmbJohnBolton&count=200
(Caused by NewConnectionError('<requests.packages.urllib3.connection.VerifiedHTT
PSConnection object at 0xb667b3ec>: Failed to establish a new connection: [Errno
 101] Network is unreachable',))
about to get all tweets newer than ID #1107707195205001217 for account @FLOTUS
ERROR: unable to get tweets for account @FLOTUS
           the system said: Failed to send request:
HTTPSConnectionPool(host='api.twitter.com', port=443): Max retries exceeded with
 url: /1.1/statuses/user_timeline.json?screen_name=FLOTUS&count=200 (Caused by N
ewConnectionError('<requests.packages.urllib3.connection.VerifiedHTTPSConnection
 object at 0xb667b6ac>: Failed to establish a new connection: [Errno 101]
Network is unreachable',))
about to get all tweets newer than ID #1107966980097826816 for account
@statedeptspox
ERROR: unable to get tweets for account @statedeptspox
           the system said: Failed to send request:
HTTPSConnectionPool(host='api.twitter.com', port=443): Max retries exceeded with
 url: /1.1/statuses/user_timeline.json?screen_name=statedeptspox&count=200
(Caused by NewConnectionError('<requests.packages.urllib3.connection.VerifiedHTT
PSConnection object at 0xb6676b0c>: Failed to establish a new connection: [Errno
 101] Network is unreachable',))
about to get all tweets newer than ID #1108005102122606592 for account
@IvankaTrump
ERROR: unable to get tweets for account @IvankaTrump
           the system said: Failed to send request:
HTTPSConnectionPool(host='api.twitter.com', port=443): Max retries exceeded with
 url: /1.1/statuses/user_timeline.json?screen_name=IvankaTrump&count=200 (Caused
 by NewConnectionError('<requests.packages.urllib3.connection.VerifiedHTTPSConne
ction object at 0xb666596c>: Failed to establish a new connection: [Errno 101]
Network is unreachable',))
about to get all tweets newer than ID #1107763113825316864 for account
@SecNielsen
ERROR: unable to get tweets for account @SecNielsen
           the system said: Failed to send request:
HTTPSConnectionPool(host='api.twitter.com', port=443): Max retries exceeded with
 url: /1.1/statuses/user_timeline.json?screen_name=SecNielsen&count=200 (Caused
by NewConnectionError('<requests.packages.urllib3.connection.VerifiedHTTPSConnec
tion object at 0xb6665d6c>: Failed to establish a new connection: [Errno 101]
Network is unreachable',))
about to get all tweets newer than ID #1107803368750284800 for account
@Scaramucci
ERROR: unable to get tweets for account @Scaramucci
           the system said: Failed to send request:
HTTPSConnectionPool(host='api.twitter.com', port=443): Max retries exceeded with
 url: /1.1/statuses/user_timeline.json?screen_name=Scaramucci&count=200 (Caused
by NewConnectionError('<requests.packages.urllib3.connection.VerifiedHTTPSConnec
tion object at 0xb66765ec>: Failed to establish a new connection: [Errno 101]
Network is unreachable',))
about to get all tweets newer than ID #1108021380539432960 for account @Cabinet
ERROR: unable to get tweets for account @Cabinet
           the system said: Failed to send request:
HTTPSConnectionPool(host='api.twitter.com', port=443): Max retries exceeded with
 url: /1.1/statuses/user_timeline.json?screen_name=Cabinet&count=200 (Caused by
NewConnectionError('<requests.packages.urllib3.connection.VerifiedHTTPSConnectio
n object at 0xb666bdec>: Failed to establish a new connection: [Errno 101]
Network is unreachable',))
about to get all tweets newer than ID #1107167177281429504 for account
@AshLeeStrong
ERROR: unable to get tweets for account @AshLeeStrong
           the system said: Failed to send request:
HTTPSConnectionPool(host='api.twitter.com', port=443): Max retries exceeded with
 url: /1.1/statuses/user_timeline.json?screen_name=AshLeeStrong&count=200
(Caused by NewConnectionError('<requests.packages.urllib3.connection.VerifiedHTT
PSConnection object at 0xb666d48c>: Failed to establish a new connection: [Errno
 101] Network is unreachable',))
about to get all tweets newer than ID #1107343827344465920 for account
@SpeakerRyan
ERROR: unable to get tweets for account @SpeakerRyan
           the system said: Failed to send request:
HTTPSConnectionPool(host='api.twitter.com', port=443): Max retries exceeded with
 url: /1.1/statuses/user_timeline.json?screen_name=SpeakerRyan&count=200 (Caused
 by NewConnectionError('<requests.packages.urllib3.connection.VerifiedHTTPSConne
ction object at 0xb6673d6c>: Failed to establish a new connection: [Errno 101]
Network is unreachable',))
about to get all tweets newer than ID #890659905798983680 for account @Reince45
ERROR: unable to get tweets for account @Reince45
           the system said: Failed to send request:
HTTPSConnectionPool(host='api.twitter.com', port=443): Max retries exceeded with
 url: /1.1/statuses/user_timeline.json?screen_name=Reince45&count=200 (Caused by
 NewConnectionError('<requests.packages.urllib3.connection.VerifiedHTTPSConnecti
on object at 0xb66742ac>: Failed to establish a new connection: [Errno 101]
Network is unreachable',))
about to get all tweets newer than ID #1108006753311051777 for account
@JessicaDitto45
ERROR: unable to get tweets for account @JessicaDitto45
           the system said: Failed to send request:
HTTPSConnectionPool(host='api.twitter.com', port=443): Max retries exceeded with
 url: /1.1/statuses/user_timeline.json?screen_name=JessicaDitto45&count=200
(Caused by NewConnectionError('<requests.packages.urllib3.connection.VerifiedHTT
PSConnection object at 0xb667386c>: Failed to establish a new connection: [Errno
 101] Network is unreachable',))
about to get all tweets newer than ID #816846808789958656 for account
@SenDanCoats
ERROR: unable to get tweets for account @SenDanCoats
           the system said: Failed to send request:
HTTPSConnectionPool(host='api.twitter.com', port=443): Max retries exceeded with
 url: /1.1/statuses/user_timeline.json?screen_name=SenDanCoats&count=200 (Caused
 by NewConnectionError('<requests.packages.urllib3.connection.VerifiedHTTPSConne
ction object at 0xb666d86c>: Failed to establish a new connection: [Errno 101]
Network is unreachable',))
about to get all tweets newer than ID #1107443500386316288 for account @Comey
ERROR: unable to get tweets for account @Comey
           the system said: Failed to send request:
HTTPSConnectionPool(host='api.twitter.com', port=443): Max retries exceeded with
 url: /1.1/statuses/user_timeline.json?screen_name=Comey&count=200 (Caused by Ne
wConnectionError('<requests.packages.urllib3.connection.VerifiedHTTPSConnection
object at 0xb666b16c>: Failed to establish a new connection: [Errno 101] Network
 is unreachable',))
about to get all tweets newer than ID #1107978480464084993 for account
@SecPompeo
ERROR: unable to get tweets for account @SecPompeo
           the system said: Failed to send request:
HTTPSConnectionPool(host='api.twitter.com', port=443): Max retries exceeded with
 url: /1.1/statuses/user_timeline.json?screen_name=SecPompeo&count=200 (Caused
by NewConnectionError('<requests.packages.urllib3.connection.VerifiedHTTPSConnec
tion object at 0xb666d34c>: Failed to establish a new connection: [Errno 101]
Network is unreachable',))
about to get all tweets newer than ID #830074939298414592 for account
@RepTomPrice
ERROR: unable to get tweets for account @RepTomPrice
           the system said: Failed to send request:
HTTPSConnectionPool(host='api.twitter.com', port=443): Max retries exceeded with
 url: /1.1/statuses/user_timeline.json?screen_name=RepTomPrice&count=200 (Caused
 by NewConnectionError('<requests.packages.urllib3.connection.VerifiedHTTPSConne
ction object at 0xb66c5f2c>: Failed to establish a new connection: [Errno 101]
Network is unreachable',))
about to get all tweets newer than ID #1107807195444494336 for account
@KellyannePolls
ERROR: unable to get tweets for account @KellyannePolls
           the system said: Failed to send request:
HTTPSConnectionPool(host='api.twitter.com', port=443): Max retries exceeded with
 url: /1.1/statuses/user_timeline.json?screen_name=KellyannePolls&count=200
(Caused by NewConnectionError('<requests.packages.urllib3.connection.VerifiedHTT
PSConnection object at 0xb66c59cc>: Failed to establish a new connection: [Errno
 101] Network is unreachable',))
about to get all tweets newer than ID #1107784001648029698 for account
@SecondLady
ERROR: unable to get tweets for account @SecondLady
           the system said: Failed to send request:
HTTPSConnectionPool(host='api.twitter.com', port=443): Max retries exceeded with
 url: /1.1/statuses/user_timeline.json?screen_name=SecondLady&count=200 (Caused
by NewConnectionError('<requests.packages.urllib3.connection.VerifiedHTTPSConnec
tion object at 0xb66767cc>: Failed to establish a new connection: [Errno 101]
Network is unreachable',))
about to get all tweets newer than ID #1107771030385426432 for account
@realDonaldTrump
ERROR: unable to get tweets for account @realDonaldTrump
           the system said: Failed to send request:
HTTPSConnectionPool(host='api.twitter.com', port=443): Max retries exceeded with
 url: /1.1/statuses/user_timeline.json?screen_name=realDonaldTrump&count=200
(Caused by NewConnectionError('<requests.packages.urllib3.connection.VerifiedHTT
PSConnection object at 0xb66c96cc>: Failed to establish a new connection: [Errno
 101] Network is unreachable',))
about to get all tweets newer than ID #1107776228944154628 for account
@SecretaryRoss
ERROR: unable to get tweets for account @SecretaryRoss
           the system said: Failed to send request:
HTTPSConnectionPool(host='api.twitter.com', port=443): Max retries exceeded with
 url: /1.1/statuses/user_timeline.json?screen_name=SecretaryRoss&count=200
(Caused by NewConnectionError('<requests.packages.urllib3.connection.VerifiedHTT
PSConnection object at 0xb667390c>: Failed to establish a new connection: [Errno
 101] Network is unreachable',))
about to get all tweets newer than ID #1107764296862351360 for account
@SecretaryAcosta
ERROR: unable to get tweets for account @SecretaryAcosta
           the system said: Failed to send request:
HTTPSConnectionPool(host='api.twitter.com', port=443): Max retries exceeded with
 url: /1.1/statuses/user_timeline.json?screen_name=SecretaryAcosta&count=200
(Caused by NewConnectionError('<requests.packages.urllib3.connection.VerifiedHTT
PSConnection object at 0xb666d34c>: Failed to establish a new connection: [Errno
 101] Network is unreachable',))
about to get all tweets newer than ID #1106715255827324930 for account
@DanScavino
ERROR: unable to get tweets for account @DanScavino
           the system said: Failed to send request:
HTTPSConnectionPool(host='api.twitter.com', port=443): Max retries exceeded with
 url: /1.1/statuses/user_timeline.json?screen_name=DanScavino&count=200 (Caused
by NewConnectionError('<requests.packages.urllib3.connection.VerifiedHTTPSConnec
tion object at 0xb667a38c>: Failed to establish a new connection: [Errno 101]
Network is unreachable',))
about to get all tweets newer than ID #1087333489853243392 for account
@DepSecDef
ERROR: unable to get tweets for account @DepSecDef
           the system said: Failed to send request:
HTTPSConnectionPool(host='api.twitter.com', port=443): Max retries exceeded with
 url: /1.1/statuses/user_timeline.json?screen_name=DepSecDef&count=200 (Caused
by NewConnectionError('<requests.packages.urllib3.connection.VerifiedHTTPSConnec
tion object at 0xb667680c>: Failed to establish a new connection: [Errno 101]
Network is unreachable',))
about to get all tweets newer than ID #1108032631994638336 for account @VP
ERROR: unable to get tweets for account @VP
           the system said: Failed to send request:
HTTPSConnectionPool(host='api.twitter.com', port=443): Max retries exceeded with
 url: /1.1/statuses/user_timeline.json?screen_name=VP&count=200 (Caused by NewCo
nnectionError('<requests.packages.urllib3.connection.VerifiedHTTPSConnection
object at 0xb6674e6c>: Failed to establish a new connection: [Errno 101] Network
 is unreachable',))
about to get all tweets newer than ID #1103993441854390272 for account
@RealBenCarson
ERROR: unable to get tweets for account @RealBenCarson
           the system said: Failed to send request:
HTTPSConnectionPool(host='api.twitter.com', port=443): Max retries exceeded with
 url: /1.1/statuses/user_timeline.json?screen_name=RealBenCarson&count=200
(Caused by NewConnectionError('<requests.packages.urllib3.connection.VerifiedHTT
PSConnection object at 0xb66c97ac>: Failed to establish a new connection: [Errno
 101] Network is unreachable',))
about to get all tweets newer than ID #994396943421001728 for account
@TomBossert45
ERROR: unable to get tweets for account @TomBossert45
           the system said: Failed to send request:
HTTPSConnectionPool(host='api.twitter.com', port=443): Max retries exceeded with
 url: /1.1/statuses/user_timeline.json?screen_name=TomBossert45&count=200
(Caused by NewConnectionError('<requests.packages.urllib3.connection.VerifiedHTT
PSConnection object at 0xb667484c>: Failed to establish a new connection: [Errno
 101] Network is unreachable',))
about to get all tweets newer than ID #816290296048873472 for account
@WilburRoss
ERROR: unable to get tweets for account @WilburRoss
           the system said: Failed to send request:
HTTPSConnectionPool(host='api.twitter.com', port=443): Max retries exceeded with
 url: /1.1/statuses/user_timeline.json?screen_name=WilburRoss&count=200 (Caused
by NewConnectionError('<requests.packages.urllib3.connection.VerifiedHTTPSConnec
tion object at 0xb667108c>: Failed to establish a new connection: [Errno 101]
Network is unreachable',))
about to get all tweets newer than ID #1021844939473387520 for account
@IvankaTrumpHQ
ERROR: unable to get tweets for account @IvankaTrumpHQ
           the system said: Failed to send request:
HTTPSConnectionPool(host='api.twitter.com', port=443): Max retries exceeded with
 url: /1.1/statuses/user_timeline.json?screen_name=IvankaTrumpHQ&count=200
(Caused by NewConnectionError('<requests.packages.urllib3.connection.VerifiedHTT
PSConnection object at 0xb666d1ec>: Failed to establish a new connection: [Errno
 101] Network is unreachable',))
about to get all tweets newer than ID #836780744810844161 for account
@StephenMillerAL
ERROR: unable to get tweets for account @StephenMillerAL
           the system said: Failed to send request:
HTTPSConnectionPool(host='api.twitter.com', port=443): Max retries exceeded with
 url: /1.1/statuses/user_timeline.json?screen_name=StephenMillerAL&count=200
(Caused by NewConnectionError('<requests.packages.urllib3.connection.VerifiedHTT
PSConnection object at 0xb6676fcc>: Failed to establish a new connection: [Errno
 101] Network is unreachable',))
about to get all tweets newer than ID #1073709695809056768 for account
@MickMulvaneyOMB
ERROR: unable to get tweets for account @MickMulvaneyOMB
           the system said: Failed to send request:
HTTPSConnectionPool(host='api.twitter.com', port=443): Max retries exceeded with
 url: /1.1/statuses/user_timeline.json?screen_name=MickMulvaneyOMB&count=200
(Caused by NewConnectionError('<requests.packages.urllib3.connection.VerifiedHTT
PSConnection object at 0xb667f24c>: Failed to establish a new connection: [Errno
 101] Network is unreachable',))
about to get all tweets newer than ID #1107761920306790407 for account
@BetsyDeVosED
ERROR: unable to get tweets for account @BetsyDeVosED
           the system said: Failed to send request:
HTTPSConnectionPool(host='api.twitter.com', port=443): Max retries exceeded with
 url: /1.1/statuses/user_timeline.json?screen_name=BetsyDeVosED&count=200
(Caused by NewConnectionError('<requests.packages.urllib3.connection.VerifiedHTT
PSConnection object at 0xb667610c>: Failed to establish a new connection: [Errno
 101] Network is unreachable',))
about to get all tweets newer than ID #1107801276505563137 for account
@WhiteHouse
ERROR: unable to get tweets for account @WhiteHouse
           the system said: Failed to send request:
HTTPSConnectionPool(host='api.twitter.com', port=443): Max retries exceeded with
 url: /1.1/statuses/user_timeline.json?screen_name=WhiteHouse&count=200 (Caused
by NewConnectionError('<requests.packages.urllib3.connection.VerifiedHTTPSConnec
tion object at 0xb667176c>: Failed to establish a new connection: [Errno 101]
Network is unreachable',))
about to get all tweets newer than ID #1107732939725512706 for account
@SecretaryCarson
ERROR: unable to get tweets for account @SecretaryCarson
           the system said: Failed to send request:
HTTPSConnectionPool(host='api.twitter.com', port=443): Max retries exceeded with
 url: /1.1/statuses/user_timeline.json?screen_name=SecretaryCarson&count=200
(Caused by NewConnectionError('<requests.packages.urllib3.connection.VerifiedHTT
PSConnection object at 0xb667132c>: Failed to establish a new connection: [Errno
 101] Network is unreachable',))
about to get all tweets newer than ID #-1 for account @jaredkushner
ERROR: unable to get tweets for account @jaredkushner
           the system said: Failed to send request:
HTTPSConnectionPool(host='api.twitter.com', port=443): Max retries exceeded with
 url: /1.1/statuses/user_timeline.json?screen_name=jaredkushner&count=200
(Caused by NewConnectionError('<requests.packages.urllib3.connection.VerifiedHTT
PSConnection object at 0xb667974c>: Failed to establish a new connection: [Errno
 101] Network is unreachable',))
about to get all tweets newer than ID #1080170559101718528 for account
@nikkihaley
ERROR: unable to get tweets for account @nikkihaley
           the system said: Failed to send request:
HTTPSConnectionPool(host='api.twitter.com', port=443): Max retries exceeded with
 url: /1.1/statuses/user_timeline.json?screen_name=nikkihaley&count=200 (Caused
by NewConnectionError('<requests.packages.urllib3.connection.VerifiedHTTPSConnec
tion object at 0xb66c53ac>: Failed to establish a new connection: [Errno 101]
Network is unreachable',))
about to get all tweets newer than ID #856041462164836355 for account
@FirstLadyIN
ERROR: unable to get tweets for account @FirstLadyIN
           the system said: Failed to send request:
HTTPSConnectionPool(host='api.twitter.com', port=443): Max retries exceeded with
 url: /1.1/statuses/user_timeline.json?screen_name=FirstLadyIN&count=200 (Caused
 by NewConnectionError('<requests.packages.urllib3.connection.VerifiedHTTPSConne
ction object at 0xb66c52ac>: Failed to establish a new connection: [Errno 101]
Network is unreachable',))
about to get all tweets newer than ID #978650205192044545 for account
@SecShulkin
ERROR: unable to get tweets for account @SecShulkin
           the system said: Failed to send request:
HTTPSConnectionPool(host='api.twitter.com', port=443): Max retries exceeded with
 url: /1.1/statuses/user_timeline.json?screen_name=SecShulkin&count=200 (Caused
by NewConnectionError('<requests.packages.urllib3.connection.VerifiedHTTPSConnec
tion object at 0xb66797cc>: Failed to establish a new connection: [Errno 101]
Network is unreachable',))
about to get all tweets newer than ID #1107773941253369856 for account
@SecretaryPerry
ERROR: unable to get tweets for account @SecretaryPerry
           the system said: Failed to send request:
HTTPSConnectionPool(host='api.twitter.com', port=443): Max retries exceeded with
 url: /1.1/statuses/user_timeline.json?screen_name=SecretaryPerry&count=200
(Caused by NewConnectionError('<requests.packages.urllib3.connection.VerifiedHTT
PSConnection object at 0xb66749ac>: Failed to establish a new connection: [Errno
 101] Network is unreachable',))
about to get all tweets newer than ID #1077568647110017024 for account @PRyan
ERROR: unable to get tweets for account @PRyan
           the system said: Failed to send request:
HTTPSConnectionPool(host='api.twitter.com', port=443): Max retries exceeded with
 url: /1.1/statuses/user_timeline.json?screen_name=PRyan&count=200 (Caused by Ne
wConnectionError('<requests.packages.urllib3.connection.VerifiedHTTPSConnection
object at 0xb6674b8c>: Failed to establish a new connection: [Errno 101] Network
 is unreachable',))
about to get all tweets newer than ID #1105544488443883529 for account
@SecWilkie
ERROR: unable to get tweets for account @SecWilkie
           the system said: Failed to send request:
HTTPSConnectionPool(host='api.twitter.com', port=443): Max retries exceeded with
 url: /1.1/statuses/user_timeline.json?screen_name=SecWilkie&count=200 (Caused
by NewConnectionError('<requests.packages.urllib3.connection.VerifiedHTTPSConnec
tion object at 0xb667ae4c>: Failed to establish a new connection: [Errno 101]
Network is unreachable',))
about to get all tweets newer than ID #1107792096851886087 for account @PressSec
ERROR: unable to get tweets for account @PressSec
           the system said: Failed to send request:
HTTPSConnectionPool(host='api.twitter.com', port=443): Max retries exceeded with
 url: /1.1/statuses/user_timeline.json?screen_name=PressSec&count=200 (Caused by
 NewConnectionError('<requests.packages.urllib3.connection.VerifiedHTTPSConnecti
on object at 0xb666b76c>: Failed to establish a new connection: [Errno 101]
Network is unreachable',))
about to get all tweets newer than ID #1107795212426981378 for account
@StephGrisham45
ERROR: unable to get tweets for account @StephGrisham45
           the system said: Failed to send request:
HTTPSConnectionPool(host='api.twitter.com', port=443): Max retries exceeded with
 url: /1.1/statuses/user_timeline.json?screen_name=StephGrisham45&count=200
(Caused by NewConnectionError('<requests.packages.urllib3.connection.VerifiedHTT
PSConnection object at 0xb66791cc>: Failed to establish a new connection: [Errno
 101] Network is unreachable',))
about to get all tweets newer than ID #1014519079284199424 for account
@EPAScottPruitt
ERROR: unable to get tweets for account @EPAScottPruitt
           the system said: Failed to send request:
HTTPSConnectionPool(host='api.twitter.com', port=443): Max retries exceeded with
 url: /1.1/statuses/user_timeline.json?screen_name=EPAScottPruitt&count=200
(Caused by NewConnectionError('<requests.packages.urllib3.connection.VerifiedHTT
PSConnection object at 0xb666b9ac>: Failed to establish a new connection: [Errno
 101] Network is unreachable',))
about to get all tweets newer than ID #1107714757723860992 for account
@EnergyDepSec
ERROR: unable to get tweets for account @EnergyDepSec
           the system said: Failed to send request:
HTTPSConnectionPool(host='api.twitter.com', port=443): Max retries exceeded with
 url: /1.1/statuses/user_timeline.json?screen_name=EnergyDepSec&count=200
(Caused by NewConnectionError('<requests.packages.urllib3.connection.VerifiedHTT
PSConnection object at 0xb667454c>: Failed to establish a new connection: [Errno
 101] Network is unreachable',))
... OK, we're set up, and about to watch 18906561, 986781648, 20776147, 6672532,
 829782369670410240, 108471631, 823367015830323201, 826065858548133888,
819992522109894658, 842072478834909184, 920035992073064450, 65522706,
956283913835614208, 799764016885329921, 822215679726100480, 862405301693296640,
22203756, 105267762, 20733972, 827258161841135623, 599530439, 15985455,
118756393, 818876014390603776, 1967216306, 52544275, 935148134505828353,
24578794, 818928162449068032, 296060169, 18916432, 803703725730779136,
836724024688410625, 212262370, 2334193741, 988573326376427520, 6577802,
471672239, 822127086194348032, 25073877, 836305915452272641, 819980276570976256,
 620571475, 2480087918, 818910970567344128, 1180379185, 866746592853979137,
809836066316451840, 798195585824104449, 728361177986797568, 888031054141022209,
828997388920619008, 822215673812119553, 828613457020870657, 29547260, 37666984,
1923451808, 831482588246196225, 830128820447539208, 733751245,
1024390184090181633, 818927131883356161, 823638938590085124, 832672006113931269,
 894923298374651904
