Hello, traveler. This is the beginning of a log file called: "Fascist Tweet Archiver".
Some basic system info about the host machine: posix.uname_result(sysname='Linux', nodename='file-server', release='4.4.0-151-generic', version='#178-Ubuntu SMP Tue Jun 11 08:29:58 UTC 2019', machine='i686')
This log was begun Wednesday, 31 July 2019 at 12:04



INFO: read target account data; we're tracking 65 accounts
WARNING: no ProtocolError (got exception "name 'ProtocolError' is not defined");
 trying requests.packages.urllib3.exceptions instead
NOTE: successfully imported from requests
Starting up...
about to get all tweets newer than ID #816846808789958656 for account
@SenDanCoats
ERROR: unable to get tweets for account @SenDanCoats
           the system said: Failed to send request:
HTTPSConnectionPool(host='api.twitter.com', port=443): Max retries exceeded with
 url: /1.1/statuses/user_timeline.json?screen_name=SenDanCoats&count=200 (Caused
 by NewConnectionError('<urllib3.connection.VerifiedHTTPSConnection object at
0xb6a3792c>: Failed to establish a new connection: [Errno 113] No route to
host',))
about to get all tweets newer than ID #1156622565571518466 for account @SecAzar
ERROR: unable to get tweets for account @SecAzar
           the system said: Failed to send request:
HTTPSConnectionPool(host='api.twitter.com', port=443): Max retries exceeded with
 url: /1.1/statuses/user_timeline.json?screen_name=SecAzar&count=200 (Caused by
NewConnectionError('<urllib3.connection.VerifiedHTTPSConnection object at
0xb6a3372c>: Failed to establish a new connection: [Errno 113] No route to
host',))
about to get all tweets newer than ID #1155848904946196480 for account
@SecretaryCarson
ERROR: unable to get tweets for account @SecretaryCarson
           the system said: Failed to send request:
HTTPSConnectionPool(host='api.twitter.com', port=443): Max retries exceeded with
 url: /1.1/statuses/user_timeline.json?screen_name=SecretaryCarson&count=200
(Caused by NewConnectionError('<urllib3.connection.VerifiedHTTPSConnection
object at 0xb6a5126c>: Failed to establish a new connection: [Errno 101] Network
 is unreachable',))
about to get all tweets newer than ID #1156603699407577088 for account
@SecretaryPerry
ERROR: unable to get tweets for account @SecretaryPerry
           the system said: Failed to send request:
HTTPSConnectionPool(host='api.twitter.com', port=443): Max retries exceeded with
 url: /1.1/statuses/user_timeline.json?screen_name=SecretaryPerry&count=200
(Caused by NewConnectionError('<urllib3.connection.VerifiedHTTPSConnection
object at 0xb6a5290c>: Failed to establish a new connection: [Errno -3]
Temporary failure in name resolution',))
about to get all tweets newer than ID #1128442085005254656 for account
@SpeakerRyan
ERROR: unable to get tweets for account @SpeakerRyan
           the system said: Failed to send request:
HTTPSConnectionPool(host='api.twitter.com', port=443): Max retries exceeded with
 url: /1.1/statuses/user_timeline.json?screen_name=SpeakerRyan&count=200 (Caused
 by NewConnectionError('<urllib3.connection.VerifiedHTTPSConnection object at
0xb6a55a2c>: Failed to establish a new connection: [Errno -3] Temporary failure
in name resolution',))
about to get all tweets newer than ID #1154877841290518528 for account
@StephGrisham45
ERROR: unable to get tweets for account @StephGrisham45
           the system said: Failed to send request:
HTTPSConnectionPool(host='api.twitter.com', port=443): Max retries exceeded with
 url: /1.1/statuses/user_timeline.json?screen_name=StephGrisham45&count=200
(Caused by NewConnectionError('<urllib3.connection.VerifiedHTTPSConnection
object at 0xb6a5190c>: Failed to establish a new connection: [Errno -3]
Temporary failure in name resolution',))
about to get all tweets newer than ID #824610180881117184 for account
@GovPenceIN
ERROR: unable to get tweets for account @GovPenceIN
           the system said: Failed to send request:
HTTPSConnectionPool(host='api.twitter.com', port=443): Max retries exceeded with
 url: /1.1/statuses/user_timeline.json?screen_name=GovPenceIN&count=200 (Caused
by NewConnectionError('<urllib3.connection.VerifiedHTTPSConnection object at
0xb6a4ff2c>: Failed to establish a new connection: [Errno -3] Temporary failure
in name resolution',))
about to get all tweets newer than ID #954801265732661248 for account
@MELANIATRUMP
ERROR: unable to get tweets for account @MELANIATRUMP
           the system said: Failed to send request:
HTTPSConnectionPool(host='api.twitter.com', port=443): Max retries exceeded with
 url: /1.1/statuses/user_timeline.json?screen_name=MELANIATRUMP&count=200
(Caused by NewConnectionError('<urllib3.connection.VerifiedHTTPSConnection
object at 0xb6a37aac>: Failed to establish a new connection: [Errno -3]
Temporary failure in name resolution',))
about to get all tweets newer than ID #-1 for account @jaredkushner
ERROR: unable to get tweets for account @jaredkushner
           the system said: Failed to send request:
HTTPSConnectionPool(host='api.twitter.com', port=443): Max retries exceeded with
 url: /1.1/statuses/user_timeline.json?screen_name=jaredkushner&count=200
(Caused by NewConnectionError('<urllib3.connection.VerifiedHTTPSConnection
object at 0xb6a55ccc>: Failed to establish a new connection: [Errno -3]
Temporary failure in name resolution',))
about to get all tweets newer than ID #1021844939473387520 for account
@IvankaTrumpHQ
ERROR: unable to get tweets for account @IvankaTrumpHQ
           the system said: Failed to send request:
HTTPSConnectionPool(host='api.twitter.com', port=443): Max retries exceeded with
 url: /1.1/statuses/user_timeline.json?screen_name=IvankaTrumpHQ&count=200
(Caused by NewConnectionError('<urllib3.connection.VerifiedHTTPSConnection
object at 0xb6a37aac>: Failed to establish a new connection: [Errno -3]
Temporary failure in name resolution',))
about to get all tweets newer than ID #856041462164836355 for account
@FirstLadyIN
ERROR: unable to get tweets for account @FirstLadyIN
           the system said: Failed to send request:
HTTPSConnectionPool(host='api.twitter.com', port=443): Max retries exceeded with
 url: /1.1/statuses/user_timeline.json?screen_name=FirstLadyIN&count=200 (Caused
 by NewConnectionError('<urllib3.connection.VerifiedHTTPSConnection object at
0xb6a4fc8c>: Failed to establish a new connection: [Errno -3] Temporary failure
in name resolution',))
about to get all tweets newer than ID #1156552079848198145 for account
@statedeptspox
ERROR: unable to get tweets for account @statedeptspox
           the system said: Failed to send request:
HTTPSConnectionPool(host='api.twitter.com', port=443): Max retries exceeded with
 url: /1.1/statuses/user_timeline.json?screen_name=statedeptspox&count=200
(Caused by NewConnectionError('<urllib3.connection.VerifiedHTTPSConnection
object at 0xb6a33e8c>: Failed to establish a new connection: [Errno -3]
Temporary failure in name resolution',))
about to get all tweets newer than ID #1156608615752642560 for account @Cabinet
ERROR: unable to get tweets for account @Cabinet
           the system said: Failed to send request:
HTTPSConnectionPool(host='api.twitter.com', port=443): Max retries exceeded with
 url: /1.1/statuses/user_timeline.json?screen_name=Cabinet&count=200 (Caused by
NewConnectionError('<urllib3.connection.VerifiedHTTPSConnection object at
0xb6a515ec>: Failed to establish a new connection: [Errno -3] Temporary failure
in name resolution',))
about to get all tweets newer than ID #1156587529543585792 for account
@SecPompeo
ERROR: unable to get tweets for account @SecPompeo
           the system said: Failed to send request:
HTTPSConnectionPool(host='api.twitter.com', port=443): Max retries exceeded with
 url: /1.1/statuses/user_timeline.json?screen_name=SecPompeo&count=200 (Caused
by NewConnectionError('<urllib3.connection.VerifiedHTTPSConnection object at
0xb6a57f0c>: Failed to establish a new connection: [Errno -3] Temporary failure
in name resolution',))
about to get all tweets newer than ID #1156285416347189249 for account
@mike_pence
ERROR: unable to get tweets for account @mike_pence
           the system said: Failed to send request:
HTTPSConnectionPool(host='api.twitter.com', port=443): Max retries exceeded with
 url: /1.1/statuses/user_timeline.json?screen_name=mike_pence&count=200 (Caused
by NewConnectionError('<urllib3.connection.VerifiedHTTPSConnection object at
0xb6a5550c>: Failed to establish a new connection: [Errno -3] Temporary failure
in name resolution',))
about to get all tweets newer than ID #1156354419849617411 for account
@RealBenCarson
ERROR: unable to get tweets for account @RealBenCarson
           the system said: Failed to send request:
HTTPSConnectionPool(host='api.twitter.com', port=443): Max retries exceeded with
 url: /1.1/statuses/user_timeline.json?screen_name=RealBenCarson&count=200
(Caused by NewConnectionError('<urllib3.connection.VerifiedHTTPSConnection
object at 0xb6a5132c>: Failed to establish a new connection: [Errno -3]
Temporary failure in name resolution',))
about to get all tweets newer than ID #1155660978295623680 for account @Comey
ERROR: unable to get tweets for account @Comey
           the system said: Failed to send request:
HTTPSConnectionPool(host='api.twitter.com', port=443): Max retries exceeded with
 url: /1.1/statuses/user_timeline.json?screen_name=Comey&count=200 (Caused by
NewConnectionError('<urllib3.connection.VerifiedHTTPSConnection object at
0xb6a3322c>: Failed to establish a new connection: [Errno -3] Temporary failure
in name resolution',))
about to get all tweets newer than ID #1149688089213714432 for account
@SecretaryAcosta
ERROR: unable to get tweets for account @SecretaryAcosta
           the system said: Failed to send request:
HTTPSConnectionPool(host='api.twitter.com', port=443): Max retries exceeded with
 url: /1.1/statuses/user_timeline.json?screen_name=SecretaryAcosta&count=200
(Caused by NewConnectionError('<urllib3.connection.VerifiedHTTPSConnection
object at 0xb6a4f64c>: Failed to establish a new connection: [Errno -3]
Temporary failure in name resolution',))
about to get all tweets newer than ID #830074939298414592 for account
@RepTomPrice
ERROR: unable to get tweets for account @RepTomPrice
           the system said: Failed to send request:
HTTPSConnectionPool(host='api.twitter.com', port=443): Max retries exceeded with
 url: /1.1/statuses/user_timeline.json?screen_name=RepTomPrice&count=200 (Caused
 by NewConnectionError('<urllib3.connection.VerifiedHTTPSConnection object at
0xb69c1e0c>: Failed to establish a new connection: [Errno -3] Temporary failure
in name resolution',))
about to get all tweets newer than ID #1156365666640977922 for account
@Linda_McMahon
ERROR: unable to get tweets for account @Linda_McMahon
           the system said: Failed to send request:
HTTPSConnectionPool(host='api.twitter.com', port=443): Max retries exceeded with
 url: /1.1/statuses/user_timeline.json?screen_name=Linda_McMahon&count=200
(Caused by NewConnectionError('<urllib3.connection.VerifiedHTTPSConnection
object at 0xb6a52c6c>: Failed to establish a new connection: [Errno -3]
Temporary failure in name resolution',))
about to get all tweets newer than ID #1156370297458692101 for account
@seanspicer
ERROR: unable to get tweets for account @seanspicer
           the system said: Failed to send request:
HTTPSConnectionPool(host='api.twitter.com', port=443): Max retries exceeded with
 url: /1.1/statuses/user_timeline.json?screen_name=seanspicer&count=200 (Caused
by NewConnectionError('<urllib3.connection.VerifiedHTTPSConnection object at
0xb6a4f98c>: Failed to establish a new connection: [Errno -3] Temporary failure
in name resolution',))
about to get all tweets newer than ID #1156574313446666240 for account
@SecretarySonny
ERROR: unable to get tweets for account @SecretarySonny
           the system said: Failed to send request:
HTTPSConnectionPool(host='api.twitter.com', port=443): Max retries exceeded with
 url: /1.1/statuses/user_timeline.json?screen_name=SecretarySonny&count=200
(Caused by NewConnectionError('<urllib3.connection.VerifiedHTTPSConnection
object at 0xb6a33b6c>: Failed to establish a new connection: [Errno -3]
Temporary failure in name resolution',))
about to get all tweets newer than ID #529836079659384833 for account
@jeffsessions
ERROR: unable to get tweets for account @jeffsessions
           the system said: Failed to send request:
HTTPSConnectionPool(host='api.twitter.com', port=443): Max retries exceeded with
 url: /1.1/statuses/user_timeline.json?screen_name=jeffsessions&count=200
(Caused by NewConnectionError('<urllib3.connection.VerifiedHTTPSConnection
object at 0xb6a51f8c>: Failed to establish a new connection: [Errno -3]
Temporary failure in name resolution',))
about to get all tweets newer than ID #1087333489853243392 for account
@DepSecDef
ERROR: unable to get tweets for account @DepSecDef
           the system said: Failed to send request:
HTTPSConnectionPool(host='api.twitter.com', port=443): Max retries exceeded with
 url: /1.1/statuses/user_timeline.json?screen_name=DepSecDef&count=200 (Caused
by NewConnectionError('<urllib3.connection.VerifiedHTTPSConnection object at
0xb69c0bac>: Failed to establish a new connection: [Errno -3] Temporary failure
in name resolution',))
about to get all tweets newer than ID #1077568647110017024 for account @PRyan
ERROR: unable to get tweets for account @PRyan
           the system said: Failed to send request:
HTTPSConnectionPool(host='api.twitter.com', port=443): Max retries exceeded with
 url: /1.1/statuses/user_timeline.json?screen_name=PRyan&count=200 (Caused by
NewConnectionError('<urllib3.connection.VerifiedHTTPSConnection object at
0xb69c768c>: Failed to establish a new connection: [Errno -3] Temporary failure
in name resolution',))
about to get all tweets newer than ID #1156396437300797441 for account
@Scavino45
ERROR: unable to get tweets for account @Scavino45
           the system said: Failed to send request:
HTTPSConnectionPool(host='api.twitter.com', port=443): Max retries exceeded with
 url: /1.1/statuses/user_timeline.json?screen_name=Scavino45&count=200 (Caused
by NewConnectionError('<urllib3.connection.VerifiedHTTPSConnection object at
0xb6a338cc>: Failed to establish a new connection: [Errno -3] Temporary failure
in name resolution',))
about to get all tweets newer than ID #1116735612898414597 for account @SBALinda
ERROR: unable to get tweets for account @SBALinda
           the system said: Failed to send request:
HTTPSConnectionPool(host='api.twitter.com', port=443): Max retries exceeded with
 url: /1.1/statuses/user_timeline.json?screen_name=SBALinda&count=200 (Caused by
 NewConnectionError('<urllib3.connection.VerifiedHTTPSConnection object at
0xb6a5188c>: Failed to establish a new connection: [Errno -3] Temporary failure
in name resolution',))
about to get all tweets newer than ID #1156597843060232193 for account
@DepSecHargan
ERROR: unable to get tweets for account @DepSecHargan
           the system said: Failed to send request:
HTTPSConnectionPool(host='api.twitter.com', port=443): Max retries exceeded with
 url: /1.1/statuses/user_timeline.json?screen_name=DepSecHargan&count=200
(Caused by NewConnectionError('<urllib3.connection.VerifiedHTTPSConnection
object at 0xb6a4f7ac>: Failed to establish a new connection: [Errno -3]
Temporary failure in name resolution',))
about to get all tweets newer than ID #832282841471918080 for account
@BetsyDeVos
ERROR: unable to get tweets for account @BetsyDeVos
           the system said: Failed to send request:
HTTPSConnectionPool(host='api.twitter.com', port=443): Max retries exceeded with
 url: /1.1/statuses/user_timeline.json?screen_name=BetsyDeVos&count=200 (Caused
by NewConnectionError('<urllib3.connection.VerifiedHTTPSConnection object at
0xb69c7aac>: Failed to establish a new connection: [Errno -3] Temporary failure
in name resolution',))
about to get all tweets newer than ID #1080509257441837057 for account
@SecretaryZinke
ERROR: unable to get tweets for account @SecretaryZinke
           the system said: Failed to send request:
HTTPSConnectionPool(host='api.twitter.com', port=443): Max retries exceeded with
 url: /1.1/statuses/user_timeline.json?screen_name=SecretaryZinke&count=200
(Caused by NewConnectionError('<urllib3.connection.VerifiedHTTPSConnection
object at 0xb6a51d0c>: Failed to establish a new connection: [Errno -3]
Temporary failure in name resolution',))
about to get all tweets newer than ID #1156598232967012352 for account
@Scaramucci
ERROR: unable to get tweets for account @Scaramucci
           the system said: Failed to send request:
HTTPSConnectionPool(host='api.twitter.com', port=443): Max retries exceeded with
 url: /1.1/statuses/user_timeline.json?screen_name=Scaramucci&count=200 (Caused
by NewConnectionError('<urllib3.connection.VerifiedHTTPSConnection object at
0xb6a4f64c>: Failed to establish a new connection: [Errno -3] Temporary failure
in name resolution',))
about to get all tweets newer than ID #1115755187258515458 for account
@SecNielsen
ERROR: unable to get tweets for account @SecNielsen
           the system said: Failed to send request:
HTTPSConnectionPool(host='api.twitter.com', port=443): Max retries exceeded with
 url: /1.1/statuses/user_timeline.json?screen_name=SecNielsen&count=200 (Caused
by NewConnectionError('<urllib3.connection.VerifiedHTTPSConnection object at
0xb69c1a0c>: Failed to establish a new connection: [Errno -3] Temporary failure
in name resolution',))
about to get all tweets newer than ID #1014519079284199424 for account
@EPAScottPruitt
ERROR: unable to get tweets for account @EPAScottPruitt
           the system said: Failed to send request:
HTTPSConnectionPool(host='api.twitter.com', port=443): Max retries exceeded with
 url: /1.1/statuses/user_timeline.json?screen_name=EPAScottPruitt&count=200
(Caused by NewConnectionError('<urllib3.connection.VerifiedHTTPSConnection
object at 0xb6a33a6c>: Failed to establish a new connection: [Errno -3]
Temporary failure in name resolution',))
about to get all tweets newer than ID #978650205192044545 for account
@SecShulkin
ERROR: unable to get tweets for account @SecShulkin
           the system said: Failed to send request:
HTTPSConnectionPool(host='api.twitter.com', port=443): Max retries exceeded with
 url: /1.1/statuses/user_timeline.json?screen_name=SecShulkin&count=200 (Caused
by NewConnectionError('<urllib3.connection.VerifiedHTTPSConnection object at
0xb69c874c>: Failed to establish a new connection: [Errno -3] Temporary failure
in name resolution',))
about to get all tweets newer than ID #1156588093367083009 for account
@realDonaldTrump
ERROR: unable to get tweets for account @realDonaldTrump
           the system said: Failed to send request:
HTTPSConnectionPool(host='api.twitter.com', port=443): Max retries exceeded with
 url: /1.1/statuses/user_timeline.json?screen_name=realDonaldTrump&count=200
(Caused by NewConnectionError('<urllib3.connection.VerifiedHTTPSConnection
object at 0xb6b136ac>: Failed to establish a new connection: [Errno -3]
Temporary failure in name resolution',))
about to get all tweets newer than ID #1154870382178054144 for account
@USTradeRep
ERROR: unable to get tweets for account @USTradeRep
           the system said: Failed to send request:
HTTPSConnectionPool(host='api.twitter.com', port=443): Max retries exceeded with
 url: /1.1/statuses/user_timeline.json?screen_name=USTradeRep&count=200 (Caused
by NewConnectionError('<urllib3.connection.VerifiedHTTPSConnection object at
0xb6a37c0c>: Failed to establish a new connection: [Errno -3] Temporary failure
in name resolution',))
about to get all tweets newer than ID #1154941159845875712 for account @FLOTUS
ERROR: unable to get tweets for account @FLOTUS
           the system said: Failed to send request:
HTTPSConnectionPool(host='api.twitter.com', port=443): Max retries exceeded with
 url: /1.1/statuses/user_timeline.json?screen_name=FLOTUS&count=200 (Caused by
NewConnectionError('<urllib3.connection.VerifiedHTTPSConnection object at
0xb69c18cc>: Failed to establish a new connection: [Errno -3] Temporary failure
in name resolution',))
about to get all tweets newer than ID #1156589265435971585 for account
@MattWhitaker46
ERROR: unable to get tweets for account @MattWhitaker46
           the system said: Failed to send request:
HTTPSConnectionPool(host='api.twitter.com', port=443): Max retries exceeded with
 url: /1.1/statuses/user_timeline.json?screen_name=MattWhitaker46&count=200
(Caused by NewConnectionError('<urllib3.connection.VerifiedHTTPSConnection
object at 0xb69c842c>: Failed to establish a new connection: [Errno -3]
Temporary failure in name resolution',))
about to get all tweets newer than ID #1156572633716183042 for account
@EnergyDepSec
ERROR: unable to get tweets for account @EnergyDepSec
           the system said: Failed to send request:
HTTPSConnectionPool(host='api.twitter.com', port=443): Max retries exceeded with
 url: /1.1/statuses/user_timeline.json?screen_name=EnergyDepSec&count=200
(Caused by NewConnectionError('<urllib3.connection.VerifiedHTTPSConnection
object at 0xb69c4b8c>: Failed to establish a new connection: [Errno -3]
Temporary failure in name resolution',))
about to get all tweets newer than ID #1155954692326772737 for account @PressSec
ERROR: unable to get tweets for account @PressSec
           the system said: Failed to send request:
HTTPSConnectionPool(host='api.twitter.com', port=443): Max retries exceeded with
 url: /1.1/statuses/user_timeline.json?screen_name=PressSec&count=200 (Caused by
 NewConnectionError('<urllib3.connection.VerifiedHTTPSConnection object at
0xb6a5520c>: Failed to establish a new connection: [Errno -3] Temporary failure
in name resolution',))
about to get all tweets newer than ID #816290296048873472 for account
@WilburRoss
ERROR: unable to get tweets for account @WilburRoss
           the system said: Failed to send request:
HTTPSConnectionPool(host='api.twitter.com', port=443): Max retries exceeded with
 url: /1.1/statuses/user_timeline.json?screen_name=WilburRoss&count=200 (Caused
by NewConnectionError('<urllib3.connection.VerifiedHTTPSConnection object at
0xb69c88ac>: Failed to establish a new connection: [Errno -3] Temporary failure
in name resolution',))
about to get all tweets newer than ID #1073709695809056768 for account
@MickMulvaneyOMB
ERROR: unable to get tweets for account @MickMulvaneyOMB
           the system said: Failed to send request:
HTTPSConnectionPool(host='api.twitter.com', port=443): Max retries exceeded with
 url: /1.1/statuses/user_timeline.json?screen_name=MickMulvaneyOMB&count=200
(Caused by NewConnectionError('<urllib3.connection.VerifiedHTTPSConnection
object at 0xb6a5180c>: Failed to establish a new connection: [Errno -3]
Temporary failure in name resolution',))
about to get all tweets newer than ID #903694300306923521 for account
@SecElaineChao
ERROR: unable to get tweets for account @SecElaineChao
           the system said: Failed to send request:
HTTPSConnectionPool(host='api.twitter.com', port=443): Max retries exceeded with
 url: /1.1/statuses/user_timeline.json?screen_name=SecElaineChao&count=200
(Caused by NewConnectionError('<urllib3.connection.VerifiedHTTPSConnection
object at 0xb6a370cc>: Failed to establish a new connection: [Errno -3]
Temporary failure in name resolution',))
about to get all tweets newer than ID #1156577555023110145 for account
@JessicaDitto45
ERROR: unable to get tweets for account @JessicaDitto45
           the system said: Failed to send request:
HTTPSConnectionPool(host='api.twitter.com', port=443): Max retries exceeded with
 url: /1.1/statuses/user_timeline.json?screen_name=JessicaDitto45&count=200
(Caused by NewConnectionError('<urllib3.connection.VerifiedHTTPSConnection
object at 0xb69cb3ec>: Failed to establish a new connection: [Errno -3]
Temporary failure in name resolution',))
about to get all tweets newer than ID #-1 for account @ElaineChao
ERROR: unable to get tweets for account @ElaineChao
           the system said: Failed to send request:
HTTPSConnectionPool(host='api.twitter.com', port=443): Max retries exceeded with
 url: /1.1/statuses/user_timeline.json?screen_name=ElaineChao&count=200 (Caused
by NewConnectionError('<urllib3.connection.VerifiedHTTPSConnection object at
0xb69cc78c>: Failed to establish a new connection: [Errno -3] Temporary failure
in name resolution',))
about to get all tweets newer than ID #1156587295350415361 for account
@IvankaTrump
ERROR: unable to get tweets for account @IvankaTrump
           the system said: Failed to send request:
HTTPSConnectionPool(host='api.twitter.com', port=443): Max retries exceeded with
 url: /1.1/statuses/user_timeline.json?screen_name=IvankaTrump&count=200 (Caused
 by NewConnectionError('<urllib3.connection.VerifiedHTTPSConnection object at
0xb69c1ccc>: Failed to establish a new connection: [Errno -3] Temporary failure
in name resolution',))
about to get all tweets newer than ID #1156419433209794560 for account
@AshLeeStrong
ERROR: unable to get tweets for account @AshLeeStrong
           the system said: Failed to send request:
HTTPSConnectionPool(host='api.twitter.com', port=443): Max retries exceeded with
 url: /1.1/statuses/user_timeline.json?screen_name=AshLeeStrong&count=200
(Caused by NewConnectionError('<urllib3.connection.VerifiedHTTPSConnection
object at 0xb6a4f22c>: Failed to establish a new connection: [Errno -3]
Temporary failure in name resolution',))
about to get all tweets newer than ID #1156618207366733824 for account @VP
ERROR: unable to get tweets for account @VP
           the system said: Failed to send request:
HTTPSConnectionPool(host='api.twitter.com', port=443): Max retries exceeded with
 url: /1.1/statuses/user_timeline.json?screen_name=VP&count=200 (Caused by
NewConnectionError('<urllib3.connection.VerifiedHTTPSConnection object at
0xb69cbbcc>: Failed to establish a new connection: [Errno -3] Temporary failure
in name resolution',))
about to get all tweets newer than ID #1156390200052015106 for account
@DanScavino
ERROR: unable to get tweets for account @DanScavino
           the system said: Failed to send request:
HTTPSConnectionPool(host='api.twitter.com', port=443): Max retries exceeded with
 url: /1.1/statuses/user_timeline.json?screen_name=DanScavino&count=200 (Caused
by NewConnectionError('<urllib3.connection.VerifiedHTTPSConnection object at
0xb69cc76c>: Failed to establish a new connection: [Errno -3] Temporary failure
in name resolution',))
about to get all tweets newer than ID #1156299286952513537 for account
@SecWilkie
ERROR: unable to get tweets for account @SecWilkie
           the system said: Failed to send request:
HTTPSConnectionPool(host='api.twitter.com', port=443): Max retries exceeded with
 url: /1.1/statuses/user_timeline.json?screen_name=SecWilkie&count=200 (Caused
by NewConnectionError('<urllib3.connection.VerifiedHTTPSConnection object at
0xb6a57cec>: Failed to establish a new connection: [Errno -3] Temporary failure
in name resolution',))
about to get all tweets newer than ID #890659905798983680 for account @Reince45
ERROR: unable to get tweets for account @Reince45
           the system said: Failed to send request:
HTTPSConnectionPool(host='api.twitter.com', port=443): Max retries exceeded with
 url: /1.1/statuses/user_timeline.json?screen_name=Reince45&count=200 (Caused by
 NewConnectionError('<urllib3.connection.VerifiedHTTPSConnection object at
0xb6a33f0c>: Failed to establish a new connection: [Errno -3] Temporary failure
in name resolution',))
about to get all tweets newer than ID #1148123293721010182 for account @Reince
ERROR: unable to get tweets for account @Reince
           the system said: Failed to send request:
HTTPSConnectionPool(host='api.twitter.com', port=443): Max retries exceeded with
 url: /1.1/statuses/user_timeline.json?screen_name=Reince&count=200 (Caused by
NewConnectionError('<urllib3.connection.VerifiedHTTPSConnection object at
0xb69c11ac>: Failed to establish a new connection: [Errno -3] Temporary failure
in name resolution',))
about to get all tweets newer than ID #1156337672589336576 for account
@AmbJohnBolton
ERROR: unable to get tweets for account @AmbJohnBolton
           the system said: Failed to send request:
HTTPSConnectionPool(host='api.twitter.com', port=443): Max retries exceeded with
 url: /1.1/statuses/user_timeline.json?screen_name=AmbJohnBolton&count=200
(Caused by NewConnectionError('<urllib3.connection.VerifiedHTTPSConnection
object at 0xb6a525ec>: Failed to establish a new connection: [Errno -3]
Temporary failure in name resolution',))
about to get all tweets newer than ID #1156618087988367360 for account
@SecondLady
ERROR: unable to get tweets for account @SecondLady
           the system said: Failed to send request:
HTTPSConnectionPool(host='api.twitter.com', port=443): Max retries exceeded with
 url: /1.1/statuses/user_timeline.json?screen_name=SecondLady&count=200 (Caused
by NewConnectionError('<urllib3.connection.VerifiedHTTPSConnection object at
0xb69cf42c>: Failed to establish a new connection: [Errno -3] Temporary failure
in name resolution',))
about to get all tweets newer than ID #1155183785379540993 for account
@KellyannePolls
ERROR: unable to get tweets for account @KellyannePolls
           the system said: Failed to send request:
HTTPSConnectionPool(host='api.twitter.com', port=443): Max retries exceeded with
 url: /1.1/statuses/user_timeline.json?screen_name=KellyannePolls&count=200
(Caused by NewConnectionError('<urllib3.connection.VerifiedHTTPSConnection
object at 0xb69cc5ac>: Failed to establish a new connection: [Errno -3]
Temporary failure in name resolution',))
about to get all tweets newer than ID #1155897302021619717 for account
@stevenmnuchin1
ERROR: unable to get tweets for account @stevenmnuchin1
           the system said: Failed to send request:
HTTPSConnectionPool(host='api.twitter.com', port=443): Max retries exceeded with
 url: /1.1/statuses/user_timeline.json?screen_name=stevenmnuchin1&count=200
(Caused by NewConnectionError('<urllib3.connection.VerifiedHTTPSConnection
object at 0xb69c1bcc>: Failed to establish a new connection: [Errno -3]
Temporary failure in name resolution',))
about to get all tweets newer than ID #1156565178684715009 for account
@BetsyDeVosED
ERROR: unable to get tweets for account @BetsyDeVosED
           the system said: Failed to send request:
HTTPSConnectionPool(host='api.twitter.com', port=443): Max retries exceeded with
 url: /1.1/statuses/user_timeline.json?screen_name=BetsyDeVosED&count=200
(Caused by NewConnectionError('<urllib3.connection.VerifiedHTTPSConnection
object at 0xb6a51bec>: Failed to establish a new connection: [Errno -3]
Temporary failure in name resolution',))
about to get all tweets newer than ID #1155551808573624325 for account
@GovernorPerry
ERROR: unable to get tweets for account @GovernorPerry
           the system said: Failed to send request:
HTTPSConnectionPool(host='api.twitter.com', port=443): Max retries exceeded with
 url: /1.1/statuses/user_timeline.json?screen_name=GovernorPerry&count=200
(Caused by NewConnectionError('<urllib3.connection.VerifiedHTTPSConnection
object at 0xb6a3344c>: Failed to establish a new connection: [Errno -3]
Temporary failure in name resolution',))
about to get all tweets newer than ID #1156610786682445824 for account
@WhiteHouse
ERROR: unable to get tweets for account @WhiteHouse
           the system said: Failed to send request:
HTTPSConnectionPool(host='api.twitter.com', port=443): Max retries exceeded with
 url: /1.1/statuses/user_timeline.json?screen_name=WhiteHouse&count=200 (Caused
by NewConnectionError('<urllib3.connection.VerifiedHTTPSConnection object at
0xb69d284c>: Failed to establish a new connection: [Errno -3] Temporary failure
in name resolution',))
about to get all tweets newer than ID #994396943421001728 for account
@TomBossert45
ERROR: unable to get tweets for account @TomBossert45
           the system said: Failed to send request:
HTTPSConnectionPool(host='api.twitter.com', port=443): Max retries exceeded with
 url: /1.1/statuses/user_timeline.json?screen_name=TomBossert45&count=200
(Caused by NewConnectionError('<urllib3.connection.VerifiedHTTPSConnection
object at 0xb6a572ec>: Failed to establish a new connection: [Errno -3]
Temporary failure in name resolution',))
about to get all tweets newer than ID #1156323031389786114 for account
@SecretaryRoss
ERROR: unable to get tweets for account @SecretaryRoss
           the system said: Failed to send request:
HTTPSConnectionPool(host='api.twitter.com', port=443): Max retries exceeded with
 url: /1.1/statuses/user_timeline.json?screen_name=SecretaryRoss&count=200
(Caused by NewConnectionError('<urllib3.connection.VerifiedHTTPSConnection
object at 0xb6a4f8cc>: Failed to establish a new connection: [Errno -3]
Temporary failure in name resolution',))
about to get all tweets newer than ID #913881045652688901 for account
@SecPriceMD
ERROR: unable to get tweets for account @SecPriceMD
           the system said: Failed to send request:
HTTPSConnectionPool(host='api.twitter.com', port=443): Max retries exceeded with
 url: /1.1/statuses/user_timeline.json?screen_name=SecPriceMD&count=200 (Caused
by NewConnectionError('<urllib3.connection.VerifiedHTTPSConnection object at
0xb6a3366c>: Failed to establish a new connection: [Errno -3] Temporary failure
in name resolution',))
about to get all tweets newer than ID #836780744810844161 for account
@StephenMillerAL
ERROR: unable to get tweets for account @StephenMillerAL
           the system said: Failed to send request:
HTTPSConnectionPool(host='api.twitter.com', port=443): Max retries exceeded with
 url: /1.1/statuses/user_timeline.json?screen_name=StephenMillerAL&count=200
(Caused by NewConnectionError('<urllib3.connection.VerifiedHTTPSConnection
object at 0xb69c180c>: Failed to establish a new connection: [Errno -3]
Temporary failure in name resolution',))
about to get all tweets newer than ID #1080170559101718528 for account
@nikkihaley
ERROR: unable to get tweets for account @nikkihaley
           the system said: Failed to send request:
HTTPSConnectionPool(host='api.twitter.com', port=443): Max retries exceeded with
 url: /1.1/statuses/user_timeline.json?screen_name=nikkihaley&count=200 (Caused
by NewConnectionError('<urllib3.connection.VerifiedHTTPSConnection object at
0xb69d610c>: Failed to establish a new connection: [Errno -3] Temporary failure
in name resolution',))
about to get all tweets newer than ID #1156590538403012609 for account @POTUS
ERROR: unable to get tweets for account @POTUS
           the system said: Failed to send request:
HTTPSConnectionPool(host='api.twitter.com', port=443): Max retries exceeded with
 url: /1.1/statuses/user_timeline.json?screen_name=POTUS&count=200 (Caused by
NewConnectionError('<urllib3.connection.VerifiedHTTPSConnection object at
0xb69d004c>: Failed to establish a new connection: [Errno -3] Temporary failure
in name resolution',))
... OK, we're set up, and about to watch 212262370, 956283913835614208,
828613457020870657, 830128820447539208, 18916432, 823638938590085124, 15985455,
108471631, 29547260, 798195585824104449, 1923451808, 1967216306,
818928162449068032, 988573326376427520, 22203756, 1180379185, 2334193741,
819980276570976256, 6577802, 65522706, 20776147, 842072478834909184, 986781648,
2480087918, 733751245, 823367015830323201, 819992522109894658,
920035992073064450, 599530439, 827258161841135623, 24578794, 935148134505828353,
 832672006113931269, 831482588246196225, 25073877, 862405301693296640,
818876014390603776, 6672532, 894923298374651904, 818927131883356161,
809836066316451840, 888031054141022209, 826065858548133888, 836724024688410625,
105267762, 52544275, 296060169, 818910970567344128, 620571475,
1024390184090181633, 803703725730779136, 20733972, 118756393,
822127086194348032, 471672239, 799764016885329921, 828997388920619008, 18906561,
 822215673812119553, 866746592853979137, 836305915452272641, 829782369670410240,
 728361177986797568, 37666984, 822215679726100480
