Hello, traveler. This is the beginning of a log file called: "Fascist Tweet Archiver".
Some basic system info about the host machine: posix.uname_result(sysname='Linux', nodename='file-server', release='4.4.0-157-generic', version='#185-Ubuntu SMP Tue Jul 23 09:15:44 UTC 2019', machine='i686')
This log was begun Tuesday, 27 August 2019 at 15:24



INFO: read target account data; we're tracking 65 accounts
WARNING: no ProtocolError (got exception "name 'ProtocolError' is not defined");
 trying requests.packages.urllib3.exceptions instead
NOTE: successfully imported from requests
Starting up...
about to get all tweets newer than ID #1164890177468325888 for account @Reince
about to get all tweets newer than ID #1166435274504777731 for account
@SecPompeo
about to get all tweets newer than ID #830074939298414592 for account
@RepTomPrice
about to get all tweets newer than ID #994396943421001728 for account
@TomBossert45
about to get all tweets newer than ID #1166417618837876741 for account
@WhiteHouse
about to get all tweets newer than ID #913881045652688901 for account
@SecPriceMD
about to get all tweets newer than ID #832282841471918080 for account
@BetsyDeVos
about to get all tweets newer than ID #-1 for account @ElaineChao
about to get all tweets newer than ID #1166015056246648837 for account
@SecondLady
about to get all tweets newer than ID #1164910290653368320 for account
@SecretaryCarson
about to get all tweets newer than ID #1166389407588466690 for account
@realDonaldTrump
about to get all tweets newer than ID #1161410426548174848 for account @Comey
about to get all tweets newer than ID #1166389667266289664 for account @POTUS
about to get all tweets newer than ID #1166375704331792389 for account
@SecretaryRoss
about to get all tweets newer than ID #1080170559101718528 for account
@nikkihaley
getting all tweets before ID #1139514993911783424
    ...400 tweets downloaded so far
getting all tweets before ID #1118917843725238271
    ...600 tweets downloaded so far
getting all tweets before ID #1093257972040564736
    ...762 tweets downloaded so far
getting all tweets before ID #1080195496407388164
    ...762 tweets downloaded so far


New tweet from NikkiHaley: Due to State Dept rules that were changed by the
outgoing administration, I have had to clear my personal Twitter a…
https://t.co/7W82xrjVGv

archiving URL http://twitter.com/NikkiHaley/status/1080195496407388165
    ... archiving using prefix http://web.archive.org/save/
about to get all tweets newer than ID #1165625134687735809 for account
@StephGrisham45
about to get all tweets newer than ID #1166373983954132992 for account
@KellyannePolls
about to get all tweets newer than ID #1166128350617903105 for account
@seanspicer
about to get all tweets newer than ID #1166449200105709568 for account @VP
about to get all tweets newer than ID #1166450266239045638 for account
@SecretarySonny
about to get all tweets newer than ID #1166364818795900931 for account
@SecWilkie
about to get all tweets newer than ID #1166192100477526017 for account
@AshLeeStrong
about to get all tweets newer than ID #1149688089213714432 for account
@SecretaryAcosta

archiving URL https://twitter.com/NikkiHaley/status/1080195496407388165
    ... archiving using prefix http://web.archive.org/save/
about to get all tweets newer than ID #816846808789958656 for account
@SenDanCoats
about to get all tweets newer than ID #1128442085005254656 for account
@SpeakerRyan
about to get all tweets newer than ID #1080509257441837057 for account
@SecretaryZinke


New tweet from NikkiHaley: RT @AmbNikkiHaley: As we enter 2019, I feel blessed
 to have had the opportunity to rep the country I love so much. Thank you Mr.
President…

archiving URL http://twitter.com/NikkiHaley/status/1080201299294076929
    ... archiving using prefix http://web.archive.org/save/
about to get all tweets newer than ID #1166003241399832579 for account
@Linda_McMahon

archiving URL https://twitter.com/NikkiHaley/status/1080201299294076929
    ... archiving using prefix http://web.archive.org/save/
about to get all tweets newer than ID #1166449455043948544 for account
@EnergyDepSec
about to get all tweets newer than ID #1166185991800905728 for account
@SecretaryPerry


New tweet from NikkiHaley: We celebrated 2018 with a bang. Wishing all of you
a Happy New Year of love, health, and laughter. https://t.co/s7s1JZfLT4

archiving URL http://twitter.com/NikkiHaley/status/1080206866368606208
    ... archiving using prefix http://web.archive.org/save/
about to get all tweets newer than ID #1156354419849617411 for account
@RealBenCarson

archiving URL https://twitter.com/NikkiHaley/status/1080206866368606208
    ... archiving using prefix http://web.archive.org/save/
about to get all tweets newer than ID #1166431093291212800 for account
@DepSecHargan


New tweet from NikkiHaley: Thanks @benshapiro! https://t.co/egCN083Zfm

archiving URL http://twitter.com/NikkiHaley/status/1080213222244995073
    ... archiving using prefix http://web.archive.org/save/
about to get all tweets newer than ID #1116735612898414597 for account @SBALinda

archiving URL https://twitter.com/NikkiHaley/status/1080213222244995073
    ... archiving using prefix http://web.archive.org/save/
about to get all tweets newer than ID #836780744810844161 for account
@StephenMillerAL
about to get all tweets newer than ID #1166432166236033026 for account
@mike_pence


New tweet from NikkiHaley: RT @jaketapper: Haley spokeswoman confirms this is
the new account — https://t.co/smGDmPbia3

archiving URL http://twitter.com/NikkiHaley/status/1080214056521424897
    ... archiving using prefix http://web.archive.org/save/
about to get all tweets newer than ID #1166404045059383296 for account
@JessicaDitto45

archiving URL https://twitter.com/NikkiHaley/status/1080214056521424897
    ... archiving using prefix http://web.archive.org/save/
about to get all tweets newer than ID #1166420163052363776 for account @SecAzar
about to get all tweets newer than ID #903694300306923521 for account
@SecElaineChao


New tweet from NikkiHaley: RT @KatMcKinley: New account for Nikki!! Follow!!
@NikkiHaley 😁😁😁 https://t.co/xFbPblqy5T

archiving URL http://twitter.com/NikkiHaley/status/1080214267486453762
    ... archiving using prefix http://web.archive.org/save/
about to get all tweets newer than ID #1165674861517312000 for account
@USTradeRep
about to get all tweets newer than ID #1115755187258515458 for account
@SecNielsen

archiving URL https://twitter.com/NikkiHaley/status/1080214267486453762
    ... archiving using prefix http://web.archive.org/save/
about to get all tweets newer than ID #1160187915814735872 for account
@DepSecDef


New tweet from NikkiHaley: RT @charliekirk11: Stupid government rule made
@NikkiHaley delete her Twitter account and lose all her followers she earned
over 8+ years…

archiving URL http://twitter.com/NikkiHaley/status/1080215717478318080
    ... archiving using prefix http://web.archive.org/save/
about to get all tweets newer than ID #1166432167917957122 for account
@AmbJohnBolton
about to get all tweets newer than ID #1014519079284199424 for account
@EPAScottPruitt
ERROR: unable to get tweets for account @EPAScottPruitt
           the system said: [{'code': 34, 'message': 'Sorry, that page does not
exist.'}]
about to get all tweets newer than ID #-1 for account @jaredkushner
about to get all tweets newer than ID #1166174435637944321 for account
@Scavino45

archiving URL https://twitter.com/NikkiHaley/status/1080215717478318080
    ... archiving using prefix http://web.archive.org/save/
about to get all tweets newer than ID #978650205192044545 for account
@SecShulkin


New tweet from NikkiHaley: RT @KassyDillon: Hey everyone! @NikkiHaley has a
new account. Go follow it. I can’t wait to see what she does next.

archiving URL http://twitter.com/NikkiHaley/status/1080215815285366795
    ... archiving using prefix http://web.archive.org/save/
about to get all tweets newer than ID #1021844939473387520 for account
@IvankaTrumpHQ
ERROR: unable to get tweets for account @IvankaTrumpHQ
           the system said: [{'code': 34, 'message': 'Sorry, that page does not
exist.'}]
about to get all tweets newer than ID #1166351053371166720 for account
@BetsyDeVosED

archiving URL https://twitter.com/NikkiHaley/status/1080215815285366795
    ... archiving using prefix http://web.archive.org/save/
about to get all tweets newer than ID #816290296048873472 for account
@WilburRoss
about to get all tweets newer than ID #1166446407764598784 for account @Cabinet


New tweet from NikkiHaley: RT @_BradleyStein_: If you follow ⁦@NikkiHaley,⁩ be
 sure to refollow her now, as ⁦@StateDept⁩ has archived her old account. That is
 all. ht…

archiving URL http://twitter.com/NikkiHaley/status/1080217117671256067
    ... archiving using prefix http://web.archive.org/save/

archiving URL https://twitter.com/NikkiHaley/status/1080217117671256067
    ... archiving using prefix http://web.archive.org/save/
about to get all tweets newer than ID #1166438712609320961 for account @FLOTUS


New tweet from NikkiHaley: RT @Scaramucci: "Everyone, please follow Ambassador
 Haley's new account @NikkiHaley. I thank her for her tremendous service to our
country!"

archiving URL http://twitter.com/NikkiHaley/status/1080217574103810053
    ... archiving using prefix http://web.archive.org/save/
about to get all tweets newer than ID #824610180881117184 for account
@GovPenceIN

archiving URL https://twitter.com/NikkiHaley/status/1080217574103810053
    ... archiving using prefix http://web.archive.org/save/
about to get all tweets newer than ID #1166368150478307329 for account
@stevenmnuchin1
about to get all tweets newer than ID #1166380940903485442 for account
@IvankaTrump


New tweet from NikkiHaley: RT @KyleKashuv: Everyone go follow our great, sadly
 now, (former) UN Ambassador @NikkiHaley

America thanks you for your
exceptional fortit…

archiving URL http://twitter.com/NikkiHaley/status/1080219987372068865
    ... archiving using prefix http://web.archive.org/save/
about to get all tweets newer than ID #1077568647110017024 for account @PRyan

archiving URL https://twitter.com/NikkiHaley/status/1080219987372068865
    ... archiving using prefix http://web.archive.org/save/
about to get all tweets newer than ID #954801265732661248 for account
@MELANIATRUMP


New tweet from NikkiHaley: RT @guypbenson: Proud to re-follow @NikkiHaley, who
 had to re-start her account after leaving her post as our strong ambassador to
the UN.…

archiving URL http://twitter.com/NikkiHaley/status/1080221443407966214
    ... archiving using prefix http://web.archive.org/save/
about to get all tweets newer than ID #1073709695809056768 for account
@MickMulvaneyOMB
about to get all tweets newer than ID #1166048833475895296 for account @PressSec

archiving URL https://twitter.com/NikkiHaley/status/1080221443407966214
    ... archiving using prefix http://web.archive.org/save/
about to get all tweets newer than ID #1165033753430806528 for account
@GovernorPerry
about to get all tweets newer than ID #529836079659384833 for account
@jeffsessions


New tweet from NikkiHaley: RT @IvankaTrump: Thank you @nikkihaley - we will be
 rooting for you as you begin your next exciting chapter!
https://t.co/vyzu7HIOeQ

archiving URL http://twitter.com/NikkiHaley/status/1080222347783819265
    ... archiving using prefix http://web.archive.org/save/
about to get all tweets newer than ID #1165044608658759680 for account
@MattWhitaker46
about to get all tweets newer than ID #1166437050565955585 for account
@statedeptspox

archiving URL https://twitter.com/NikkiHaley/status/1080222347783819265
    ... archiving using prefix http://web.archive.org/save/
about to get all tweets newer than ID #1166430669297393674 for account
@Scaramucci


New tweet from NikkiHaley: RT @AutumnDawnPrice: @NikkiHaley happy to re-
follow. Thank you for your service as U.N. Ambassador. You have always been a
role model to me…

archiving URL http://twitter.com/NikkiHaley/status/1080223187504414727
    ... archiving using prefix http://web.archive.org/save/
about to get all tweets newer than ID #890659905798983680 for account @Reince45
ERROR: unable to get tweets for account @Reince45
           the system said: [{'code': 34, 'message': 'Sorry, that page does not
exist.'}]
about to get all tweets newer than ID #1164348835415625729 for account
@DanScavino
about to get all tweets newer than ID #856041462164836355 for account
@FirstLadyIN

archiving URL https://twitter.com/NikkiHaley/status/1080223187504414727
    ... archiving using prefix http://web.archive.org/save/
... OK, we're set up, and about to watch 20733972, 988573326376427520, 6577802,
866746592853979137, 822215673812119553, 829782369670410240, 599530439,
105267762, 822127086194348032, 828613457020870657, 25073877, 2334193741,
822215679726100480, 836305915452272641, 37666984, 823638938590085124, 471672239,
 20776147, 818910970567344128, 842072478834909184, 1024390184090181633,
296060169, 819980276570976256, 212262370, 18916432, 827258161841135623,
65522706, 894923298374651904, 830128820447539208, 1180379185,
920035992073064450, 819992522109894658, 728361177986797568, 22203756,
836724024688410625, 956283913835614208, 826065858548133888, 862405301693296640,
935148134505828353, 2480087918, 118756393, 832672006113931269, 29547260,
823367015830323201, 831482588246196225, 798195585824104449, 828997388920619008,
809836066316451840, 818928162449068032, 818876014390603776, 15985455,
799764016885329921, 52544275, 733751245, 108471631, 888031054141022209,
818927131883356161, 18906561, 986781648, 6672532, 1967216306, 24578794,
803703725730779136, 620571475, 1923451808


New tweet from NikkiHaley: RT @RyanAFournier: The State Department requires
all outgoing senior roles to archive their Twitter accounts / go follow
@NikkiHaley on her…

archiving URL http://twitter.com/NikkiHaley/status/1080227538188816384
    ... archiving using prefix http://web.archive.org/save/

archiving URL https://twitter.com/NikkiHaley/status/1080227538188816384
    ... archiving using prefix http://web.archive.org/save/


New tweet from NikkiHaley: RT @jdgreenblatt45: Thank you @nikkihaley for your
great service to our country, your leadership, friendship and courage. You will
be misse…

archiving URL http://twitter.com/NikkiHaley/status/1080238169889619969
    ... archiving using prefix http://web.archive.org/save/

archiving URL https://twitter.com/NikkiHaley/status/1080238169889619969
    ... archiving using prefix http://web.archive.org/save/


New tweet from NikkiHaley: RT @seanspicer: Ambassador @NikkiHaley has started
out 2019 with a new Twitter handle    Please follow and thank her for her
service to our…

archiving URL http://twitter.com/NikkiHaley/status/1080238461876166656
    ... archiving using prefix http://web.archive.org/save/

archiving URL https://twitter.com/NikkiHaley/status/1080238461876166656
    ... archiving using prefix http://web.archive.org/save/


New tweet from NikkiHaley: RT @JonahNRO: Cc @nikkihaley
https://t.co/44heWAtwzJ

archiving URL http://twitter.com/NikkiHaley/status/1080238934632923136
    ... archiving using prefix http://web.archive.org/save/

archiving URL https://twitter.com/NikkiHaley/status/1080238934632923136
    ... archiving using prefix http://web.archive.org/save/


New tweet from NikkiHaley: RT @Diego_Arria: No USA representative at the UN
before her did more to defend  the cause of my country, Venezuela . Extremely
greatful to…

archiving URL http://twitter.com/NikkiHaley/status/1080239354793115649
    ... archiving using prefix http://web.archive.org/save/

archiving URL https://twitter.com/NikkiHaley/status/1080239354793115649
    ... archiving using prefix http://web.archive.org/save/


New tweet from NikkiHaley: RT @TPUSA: We are happy to see @NikkiHaley’s new
Twitter handle and look forward to following her new pursuits and commentary!
Thank you fo…

archiving URL http://twitter.com/NikkiHaley/status/1080264560186150912
    ... archiving using prefix http://web.archive.org/save/

archiving URL https://twitter.com/NikkiHaley/status/1080264560186150912
    ... archiving using prefix http://web.archive.org/save/


New tweet from NikkiHaley: Congratulations to Brazil’s new President
Bolsonaro.  It’s great to have another U.S.-friendly leader in South Amer…
https://t.co/zNftAQfHeh

archiving URL http://twitter.com/NikkiHaley/status/1080268599967784960
    ... archiving using prefix http://web.archive.org/save/

archiving URL https://twitter.com/NikkiHaley/status/1080268599967784960
    ... archiving using prefix http://web.archive.org/save/


New tweet from NikkiHaley: UNESCO is among the most corrupt and politically
biased UN agencies.  Today the U.S. withdrawal from this cesspool…
https://t.co/tROJniicOQ

archiving URL http://twitter.com/NikkiHaley/status/1080272354050297857
    ... archiving using prefix http://web.archive.org/save/

archiving URL https://twitter.com/NikkiHaley/status/1080272354050297857
    ... archiving using prefix http://web.archive.org/save/


New tweet from NikkiHaley: RT @ReaganBattalion: First follow in the new year
is the best one yet! @NikkiHaley’s new account! https://t.co/Q9ge7JvzzA

archiving URL http://twitter.com/NikkiHaley/status/1080274643142037504
    ... archiving using prefix http://web.archive.org/save/

archiving URL https://twitter.com/NikkiHaley/status/1080274643142037504
    ... archiving using prefix http://web.archive.org/save/


New tweet from NikkiHaley: RT @AkbaruddinIndia: On her 1st day in a new avatar
 @NikkiHaley already has more than 100,000 Twitter followers.  

Happy to be one
 of them…

archiving URL http://twitter.com/NikkiHaley/status/1080284596657418241
    ... archiving using prefix http://web.archive.org/save/

archiving URL https://twitter.com/NikkiHaley/status/1080284596657418241
    ... archiving using prefix http://web.archive.org/save/


New tweet from NikkiHaley: You’re the best @FrankMartin_SC. Thank you. Happy
New Year! https://t.co/vD0aBPgNHZ

archiving URL http://twitter.com/NikkiHaley/status/1080294993670086656
    ... archiving using prefix http://web.archive.org/save/

archiving URL https://twitter.com/NikkiHaley/status/1080294993670086656
    ... archiving using prefix http://web.archive.org/save/


New tweet from NikkiHaley: RT @RosLehtinen: Hurrah, @NikkiHaley! 
I fought
every year to defund UNESCO in our Congressional budget and we were successful
most of the…

archiving URL http://twitter.com/NikkiHaley/status/1080300847643402240
    ... archiving using prefix http://web.archive.org/save/

archiving URL https://twitter.com/NikkiHaley/status/1080300847643402240
    ... archiving using prefix http://web.archive.org/save/


New tweet from NikkiHaley: RT @HillelNeuer: Yesterday, Ambassador Nikki Haley
had 1,700,000 followers, earned over a decade; today, she suddenly had 0. Under
State De…

archiving URL http://twitter.com/NikkiHaley/status/1080464924504150016
    ... archiving using prefix http://web.archive.org/save/

archiving URL https://twitter.com/NikkiHaley/status/1080464924504150016
    ... archiving using prefix http://web.archive.org/save/


New tweet from NikkiHaley: RT @michaeldickson: I had the pleasure to meet
@NikkiHaley in Jerusalem &amp; present letters from many 1000s of people
thanking her for suppor…

archiving URL http://twitter.com/NikkiHaley/status/1080473779728457730
    ... archiving using prefix http://web.archive.org/save/

archiving URL https://twitter.com/NikkiHaley/status/1080473779728457730
    ... archiving using prefix http://web.archive.org/save/


New tweet from NikkiHaley: RT @chicksonright: Nikki Haley Had To Start Fresh
On Twitter All Over Again https://t.co/RXD2mFm5EL

archiving URL http://twitter.com/NikkiHaley/status/1080476759903166464
    ... archiving using prefix http://web.archive.org/save/

archiving URL https://twitter.com/NikkiHaley/status/1080476759903166464
    ... archiving using prefix http://web.archive.org/save/


New tweet from NikkiHaley: RT @RepJeffDuncan: Everyone please follow my
friend, my former Governor, and fellow State House and Clemson alum @NikkiHaley.
 #GoTigers

archiving URL http://twitter.com/NikkiHaley/status/1080477883687149569
    ... archiving using prefix http://web.archive.org/save/

archiving URL https://twitter.com/NikkiHaley/status/1080477883687149569
    ... archiving using prefix http://web.archive.org/save/


New tweet from NikkiHaley: RT @JakeTurx: For two years @NikkiHaley had the
courage to stand up to the most corrupt countries in the world, very often using
 Twitter as…

archiving URL http://twitter.com/NikkiHaley/status/1080487646944808961
    ... archiving using prefix http://web.archive.org/save/

archiving URL https://twitter.com/NikkiHaley/status/1080487646944808961
    ... archiving using prefix http://web.archive.org/save/


New tweet from NikkiHaley: RT @brithume: @RPBradley1 I very much admire those
that have taken jobs and done their best. I don’t think all the good ones are
gone but t…

archiving URL http://twitter.com/NikkiHaley/status/1080494142931767296
    ... archiving using prefix http://web.archive.org/save/

archiving URL https://twitter.com/NikkiHaley/status/1080494142931767296
    ... archiving using prefix http://web.archive.org/save/


New tweet from NikkiHaley: RT @USAmbIsrael: Thank you Ambassador Haley
(@nikkihaley) for your friendship, your courage and your leadership over the
past two years. In…

archiving URL http://twitter.com/NikkiHaley/status/1080495140182151168
    ... archiving using prefix http://web.archive.org/save/
