Hello, traveler. This is the beginning of a log file called: "Fascist Tweet Archiver".
Some basic system info about the host machine: posix.uname_result(sysname='Linux', nodename='file-server', release='4.4.0-151-generic', version='#178-Ubuntu SMP Tue Jun 11 08:29:58 UTC 2019', machine='i686')
This log was begun Wednesday, 31 July 2019 at 13:57



INFO: read target account data; we're tracking 65 accounts
WARNING: no ProtocolError (got exception "name 'ProtocolError' is not defined");
 trying requests.packages.urllib3.exceptions instead
NOTE: successfully imported from requests
Starting up...
about to get all tweets newer than ID #913881045652688901 for account
@SecPriceMD
ERROR: unable to get tweets for account @SecPriceMD
           the system said: Failed to send request:
HTTPSConnectionPool(host='api.twitter.com', port=443): Max retries exceeded with
 url: /1.1/statuses/user_timeline.json?count=200&screen_name=SecPriceMD (Caused
by NewConnectionError('<urllib3.connection.VerifiedHTTPSConnection object at
0xb6a3992c>: Failed to establish a new connection: [Errno -3] Temporary failure
in name resolution',))
about to get all tweets newer than ID #1149688089213714432 for account
@SecretaryAcosta
ERROR: unable to get tweets for account @SecretaryAcosta
           the system said: Failed to send request:
HTTPSConnectionPool(host='api.twitter.com', port=443): Max retries exceeded with
 url: /1.1/statuses/user_timeline.json?count=200&screen_name=SecretaryAcosta
(Caused by NewConnectionError('<urllib3.connection.VerifiedHTTPSConnection
object at 0xb6a501cc>: Failed to establish a new connection: [Errno -3]
Temporary failure in name resolution',))
about to get all tweets newer than ID #903694300306923521 for account
@SecElaineChao
ERROR: unable to get tweets for account @SecElaineChao
           the system said: Failed to send request:
HTTPSConnectionPool(host='api.twitter.com', port=443): Max retries exceeded with
 url: /1.1/statuses/user_timeline.json?count=200&screen_name=SecElaineChao
(Caused by NewConnectionError('<urllib3.connection.VerifiedHTTPSConnection
object at 0xb6a50c0c>: Failed to establish a new connection: [Errno -3]
Temporary failure in name resolution',))
about to get all tweets newer than ID #1156618207366733824 for account @VP
ERROR: unable to get tweets for account @VP
           the system said: Failed to send request:
HTTPSConnectionPool(host='api.twitter.com', port=443): Max retries exceeded with
 url: /1.1/statuses/user_timeline.json?count=200&screen_name=VP (Caused by
NewConnectionError('<urllib3.connection.VerifiedHTTPSConnection object at
0xb6a53cec>: Failed to establish a new connection: [Errno -3] Temporary failure
in name resolution',))
about to get all tweets newer than ID #1154877841290518528 for account
@StephGrisham45
ERROR: unable to get tweets for account @StephGrisham45
           the system said: Failed to send request:
HTTPSConnectionPool(host='api.twitter.com', port=443): Max retries exceeded with
 url: /1.1/statuses/user_timeline.json?count=200&screen_name=StephGrisham45
(Caused by NewConnectionError('<urllib3.connection.VerifiedHTTPSConnection
object at 0xb6a54dcc>: Failed to establish a new connection: [Errno -3]
Temporary failure in name resolution',))
about to get all tweets newer than ID #1156597843060232193 for account
@DepSecHargan
ERROR: unable to get tweets for account @DepSecHargan
           the system said: Failed to send request:
HTTPSConnectionPool(host='api.twitter.com', port=443): Max retries exceeded with
 url: /1.1/statuses/user_timeline.json?count=200&screen_name=DepSecHargan
(Caused by NewConnectionError('<urllib3.connection.VerifiedHTTPSConnection
object at 0xb6a56e8c>: Failed to establish a new connection: [Errno -3]
Temporary failure in name resolution',))
about to get all tweets newer than ID #1156299286952513537 for account
@SecWilkie
ERROR: unable to get tweets for account @SecWilkie
           the system said: Failed to send request:
HTTPSConnectionPool(host='api.twitter.com', port=443): Max retries exceeded with
 url: /1.1/statuses/user_timeline.json?count=200&screen_name=SecWilkie (Caused
by NewConnectionError('<urllib3.connection.VerifiedHTTPSConnection object at
0xb6a53d6c>: Failed to establish a new connection: [Errno -3] Temporary failure
in name resolution',))
about to get all tweets newer than ID #1156572633716183042 for account
@EnergyDepSec
ERROR: unable to get tweets for account @EnergyDepSec
           the system said: Failed to send request:
HTTPSConnectionPool(host='api.twitter.com', port=443): Max retries exceeded with
 url: /1.1/statuses/user_timeline.json?count=200&screen_name=EnergyDepSec
(Caused by NewConnectionError('<urllib3.connection.VerifiedHTTPSConnection
object at 0xb6a50d4c>: Failed to establish a new connection: [Errno -3]
Temporary failure in name resolution',))
about to get all tweets newer than ID #1087333489853243392 for account
@DepSecDef
ERROR: unable to get tweets for account @DepSecDef
           the system said: Failed to send request:
HTTPSConnectionPool(host='api.twitter.com', port=443): Max retries exceeded with
 url: /1.1/statuses/user_timeline.json?count=200&screen_name=DepSecDef (Caused
by NewConnectionError('<urllib3.connection.VerifiedHTTPSConnection object at
0xb6a3594c>: Failed to establish a new connection: [Errno -3] Temporary failure
in name resolution',))
about to get all tweets newer than ID #1156419433209794560 for account
@AshLeeStrong
ERROR: unable to get tweets for account @AshLeeStrong
           the system said: Failed to send request:
HTTPSConnectionPool(host='api.twitter.com', port=443): Max retries exceeded with
 url: /1.1/statuses/user_timeline.json?count=200&screen_name=AshLeeStrong
(Caused by NewConnectionError('<urllib3.connection.VerifiedHTTPSConnection
object at 0xb6a56fec>: Failed to establish a new connection: [Errno -3]
Temporary failure in name resolution',))
about to get all tweets newer than ID #1116735612898414597 for account @SBALinda
ERROR: unable to get tweets for account @SBALinda
           the system said: Failed to send request:
HTTPSConnectionPool(host='api.twitter.com', port=443): Max retries exceeded with
 url: /1.1/statuses/user_timeline.json?count=200&screen_name=SBALinda (Caused by
 NewConnectionError('<urllib3.connection.VerifiedHTTPSConnection object at
0xb7289f0c>: Failed to establish a new connection: [Errno -3] Temporary failure
in name resolution',))
about to get all tweets newer than ID #1080170559101718528 for account
@nikkihaley
ERROR: unable to get tweets for account @nikkihaley
           the system said: Failed to send request:
HTTPSConnectionPool(host='api.twitter.com', port=443): Max retries exceeded with
 url: /1.1/statuses/user_timeline.json?count=200&screen_name=nikkihaley (Caused
by NewConnectionError('<urllib3.connection.VerifiedHTTPSConnection object at
0xb6a3558c>: Failed to establish a new connection: [Errno -3] Temporary failure
in name resolution',))
about to get all tweets newer than ID #1154870382178054144 for account
@USTradeRep
ERROR: unable to get tweets for account @USTradeRep
           the system said: Failed to send request:
HTTPSConnectionPool(host='api.twitter.com', port=443): Max retries exceeded with
 url: /1.1/statuses/user_timeline.json?count=200&screen_name=USTradeRep (Caused
by NewConnectionError('<urllib3.connection.VerifiedHTTPSConnection object at
0xb6a5304c>: Failed to establish a new connection: [Errno -3] Temporary failure
in name resolution',))
about to get all tweets newer than ID #529836079659384833 for account
@jeffsessions
ERROR: unable to get tweets for account @jeffsessions
           the system said: Failed to send request:
HTTPSConnectionPool(host='api.twitter.com', port=443): Max retries exceeded with
 url: /1.1/statuses/user_timeline.json?count=200&screen_name=jeffsessions
(Caused by NewConnectionError('<urllib3.connection.VerifiedHTTPSConnection
object at 0xb6a5672c>: Failed to establish a new connection: [Errno -3]
Temporary failure in name resolution',))
about to get all tweets newer than ID #1156285416347189249 for account
@mike_pence
ERROR: unable to get tweets for account @mike_pence
           the system said: Failed to send request:
HTTPSConnectionPool(host='api.twitter.com', port=443): Max retries exceeded with
 url: /1.1/statuses/user_timeline.json?count=200&screen_name=mike_pence (Caused
by NewConnectionError('<urllib3.connection.VerifiedHTTPSConnection object at
0xb6a57fec>: Failed to establish a new connection: [Errno -3] Temporary failure
in name resolution',))
about to get all tweets newer than ID #1077568647110017024 for account @PRyan
ERROR: unable to get tweets for account @PRyan
           the system said: Failed to send request:
HTTPSConnectionPool(host='api.twitter.com', port=443): Max retries exceeded with
 url: /1.1/statuses/user_timeline.json?count=200&screen_name=PRyan (Caused by
NewConnectionError('<urllib3.connection.VerifiedHTTPSConnection object at
0xb6a543ac>: Failed to establish a new connection: [Errno -3] Temporary failure
in name resolution',))
about to get all tweets newer than ID #-1 for account @jaredkushner
ERROR: unable to get tweets for account @jaredkushner
           the system said: Failed to send request:
HTTPSConnectionPool(host='api.twitter.com', port=443): Max retries exceeded with
 url: /1.1/statuses/user_timeline.json?count=200&screen_name=jaredkushner
(Caused by NewConnectionError('<urllib3.connection.VerifiedHTTPSConnection
object at 0xb6a53d0c>: Failed to establish a new connection: [Errno -3]
Temporary failure in name resolution',))
about to get all tweets newer than ID #1014519079284199424 for account
@EPAScottPruitt
ERROR: unable to get tweets for account @EPAScottPruitt
           the system said: Failed to send request:
HTTPSConnectionPool(host='api.twitter.com', port=443): Max retries exceeded with
 url: /1.1/statuses/user_timeline.json?count=200&screen_name=EPAScottPruitt
(Caused by NewConnectionError('<urllib3.connection.VerifiedHTTPSConnection
object at 0xb6a5056c>: Failed to establish a new connection: [Errno -3]
Temporary failure in name resolution',))
about to get all tweets newer than ID #1156396437300797441 for account
@Scavino45
ERROR: unable to get tweets for account @Scavino45
           the system said: Failed to send request:
HTTPSConnectionPool(host='api.twitter.com', port=443): Max retries exceeded with
 url: /1.1/statuses/user_timeline.json?count=200&screen_name=Scavino45 (Caused
by NewConnectionError('<urllib3.connection.VerifiedHTTPSConnection object at
0xb6a3506c>: Failed to establish a new connection: [Errno -3] Temporary failure
in name resolution',))
about to get all tweets newer than ID #1148123293721010182 for account @Reince
ERROR: unable to get tweets for account @Reince
           the system said: Failed to send request:
HTTPSConnectionPool(host='api.twitter.com', port=443): Max retries exceeded with
 url: /1.1/statuses/user_timeline.json?count=200&screen_name=Reince (Caused by
NewConnectionError('<urllib3.connection.VerifiedHTTPSConnection object at
0xb69c4dac>: Failed to establish a new connection: [Errno -3] Temporary failure
in name resolution',))
about to get all tweets newer than ID #1154941159845875712 for account @FLOTUS
ERROR: unable to get tweets for account @FLOTUS
           the system said: Failed to send request:
HTTPSConnectionPool(host='api.twitter.com', port=443): Max retries exceeded with
 url: /1.1/statuses/user_timeline.json?count=200&screen_name=FLOTUS (Caused by
NewConnectionError('<urllib3.connection.VerifiedHTTPSConnection object at
0xb69c28cc>: Failed to establish a new connection: [Errno -3] Temporary failure
in name resolution',))
about to get all tweets newer than ID #1155551808573624325 for account
@GovernorPerry
ERROR: unable to get tweets for account @GovernorPerry
           the system said: Failed to send request:
HTTPSConnectionPool(host='api.twitter.com', port=443): Max retries exceeded with
 url: /1.1/statuses/user_timeline.json?count=200&screen_name=GovernorPerry
(Caused by NewConnectionError('<urllib3.connection.VerifiedHTTPSConnection
object at 0xb6a5080c>: Failed to establish a new connection: [Errno -3]
Temporary failure in name resolution',))
about to get all tweets newer than ID #832282841471918080 for account
@BetsyDeVos
ERROR: unable to get tweets for account @BetsyDeVos
           the system said: Failed to send request:
HTTPSConnectionPool(host='api.twitter.com', port=443): Max retries exceeded with
 url: /1.1/statuses/user_timeline.json?count=200&screen_name=BetsyDeVos (Caused
by NewConnectionError('<urllib3.connection.VerifiedHTTPSConnection object at
0xb69c49ec>: Failed to establish a new connection: [Errno -3] Temporary failure
in name resolution',))
about to get all tweets newer than ID #954801265732661248 for account
@MELANIATRUMP
ERROR: unable to get tweets for account @MELANIATRUMP
           the system said: Failed to send request:
HTTPSConnectionPool(host='api.twitter.com', port=443): Max retries exceeded with
 url: /1.1/statuses/user_timeline.json?count=200&screen_name=MELANIATRUMP
(Caused by NewConnectionError('<urllib3.connection.VerifiedHTTPSConnection
object at 0xb6a5354c>: Failed to establish a new connection: [Errno -3]
Temporary failure in name resolution',))
about to get all tweets newer than ID #1156598232967012352 for account
@Scaramucci
ERROR: unable to get tweets for account @Scaramucci
           the system said: Failed to send request:
HTTPSConnectionPool(host='api.twitter.com', port=443): Max retries exceeded with
 url: /1.1/statuses/user_timeline.json?count=200&screen_name=Scaramucci (Caused
by NewConnectionError('<urllib3.connection.VerifiedHTTPSConnection object at
0xb69c2bcc>: Failed to establish a new connection: [Errno -3] Temporary failure
in name resolution',))
about to get all tweets newer than ID #1128442085005254656 for account
@SpeakerRyan
ERROR: unable to get tweets for account @SpeakerRyan
           the system said: Failed to send request:
HTTPSConnectionPool(host='api.twitter.com', port=443): Max retries exceeded with
 url: /1.1/statuses/user_timeline.json?count=200&screen_name=SpeakerRyan (Caused
 by NewConnectionError('<urllib3.connection.VerifiedHTTPSConnection object at
0xb6a5342c>: Failed to establish a new connection: [Errno -3] Temporary failure
in name resolution',))
about to get all tweets newer than ID #1156610786682445824 for account
@WhiteHouse
ERROR: unable to get tweets for account @WhiteHouse
           the system said: Failed to send request:
HTTPSConnectionPool(host='api.twitter.com', port=443): Max retries exceeded with
 url: /1.1/statuses/user_timeline.json?count=200&screen_name=WhiteHouse (Caused
by NewConnectionError('<urllib3.connection.VerifiedHTTPSConnection object at
0xb6a5678c>: Failed to establish a new connection: [Errno -3] Temporary failure
in name resolution',))
about to get all tweets newer than ID #1156603699407577088 for account
@SecretaryPerry
ERROR: unable to get tweets for account @SecretaryPerry
           the system said: Failed to send request:
HTTPSConnectionPool(host='api.twitter.com', port=443): Max retries exceeded with
 url: /1.1/statuses/user_timeline.json?count=200&screen_name=SecretaryPerry
(Caused by NewConnectionError('<urllib3.connection.VerifiedHTTPSConnection
object at 0xb69c47ec>: Failed to establish a new connection: [Errno -3]
Temporary failure in name resolution',))
about to get all tweets newer than ID #1156587295350415361 for account
@IvankaTrump
ERROR: unable to get tweets for account @IvankaTrump
           the system said: Failed to send request:
HTTPSConnectionPool(host='api.twitter.com', port=443): Max retries exceeded with
 url: /1.1/statuses/user_timeline.json?count=200&screen_name=IvankaTrump (Caused
 by NewConnectionError('<urllib3.connection.VerifiedHTTPSConnection object at
0xb6a354ec>: Failed to establish a new connection: [Errno -3] Temporary failure
in name resolution',))
about to get all tweets newer than ID #1156574313446666240 for account
@SecretarySonny
ERROR: unable to get tweets for account @SecretarySonny
           the system said: Failed to send request:
HTTPSConnectionPool(host='api.twitter.com', port=443): Max retries exceeded with
 url: /1.1/statuses/user_timeline.json?count=200&screen_name=SecretarySonny
(Caused by NewConnectionError('<urllib3.connection.VerifiedHTTPSConnection
object at 0xb69c878c>: Failed to establish a new connection: [Errno -3]
Temporary failure in name resolution',))
about to get all tweets newer than ID #1156608615752642560 for account @Cabinet
ERROR: unable to get tweets for account @Cabinet
           the system said: Failed to send request:
HTTPSConnectionPool(host='api.twitter.com', port=443): Max retries exceeded with
 url: /1.1/statuses/user_timeline.json?count=200&screen_name=Cabinet (Caused by
NewConnectionError('<urllib3.connection.VerifiedHTTPSConnection object at
0xb6a57dcc>: Failed to establish a new connection: [Errno -3] Temporary failure
in name resolution',))
about to get all tweets newer than ID #1156590538403012609 for account @POTUS
ERROR: unable to get tweets for account @POTUS
           the system said: Failed to send request:
HTTPSConnectionPool(host='api.twitter.com', port=443): Max retries exceeded with
 url: /1.1/statuses/user_timeline.json?count=200&screen_name=POTUS (Caused by
NewConnectionError('<urllib3.connection.VerifiedHTTPSConnection object at
0xb6a5068c>: Failed to establish a new connection: [Errno -3] Temporary failure
in name resolution',))
about to get all tweets newer than ID #1073709695809056768 for account
@MickMulvaneyOMB
ERROR: unable to get tweets for account @MickMulvaneyOMB
           the system said: Failed to send request:
HTTPSConnectionPool(host='api.twitter.com', port=443): Max retries exceeded with
 url: /1.1/statuses/user_timeline.json?count=200&screen_name=MickMulvaneyOMB
(Caused by NewConnectionError('<urllib3.connection.VerifiedHTTPSConnection
object at 0xb6a3986c>: Failed to establish a new connection: [Errno -3]
Temporary failure in name resolution',))
about to get all tweets newer than ID #-1 for account @ElaineChao
ERROR: unable to get tweets for account @ElaineChao
           the system said: Failed to send request:
HTTPSConnectionPool(host='api.twitter.com', port=443): Max retries exceeded with
 url: /1.1/statuses/user_timeline.json?count=200&screen_name=ElaineChao (Caused
by NewConnectionError('<urllib3.connection.VerifiedHTTPSConnection object at
0xb69c85ac>: Failed to establish a new connection: [Errno -3] Temporary failure
in name resolution',))
about to get all tweets newer than ID #1021844939473387520 for account
@IvankaTrumpHQ
ERROR: unable to get tweets for account @IvankaTrumpHQ
           the system said: Failed to send request:
HTTPSConnectionPool(host='api.twitter.com', port=443): Max retries exceeded with
 url: /1.1/statuses/user_timeline.json?count=200&screen_name=IvankaTrumpHQ
(Caused by NewConnectionError('<urllib3.connection.VerifiedHTTPSConnection
object at 0xb69cac0c>: Failed to establish a new connection: [Errno -3]
Temporary failure in name resolution',))
about to get all tweets newer than ID #1156589265435971585 for account
@MattWhitaker46
ERROR: unable to get tweets for account @MattWhitaker46
           the system said: Failed to send request:
HTTPSConnectionPool(host='api.twitter.com', port=443): Max retries exceeded with
 url: /1.1/statuses/user_timeline.json?count=200&screen_name=MattWhitaker46
(Caused by NewConnectionError('<urllib3.connection.VerifiedHTTPSConnection
object at 0xb69c8a4c>: Failed to establish a new connection: [Errno -3]
Temporary failure in name resolution',))
about to get all tweets newer than ID #978650205192044545 for account
@SecShulkin
ERROR: unable to get tweets for account @SecShulkin
           the system said: Failed to send request:
HTTPSConnectionPool(host='api.twitter.com', port=443): Max retries exceeded with
 url: /1.1/statuses/user_timeline.json?count=200&screen_name=SecShulkin (Caused
by NewConnectionError('<urllib3.connection.VerifiedHTTPSConnection object at
0xb69c4a6c>: Failed to establish a new connection: [Errno -3] Temporary failure
in name resolution',))
about to get all tweets newer than ID #856041462164836355 for account
@FirstLadyIN
ERROR: unable to get tweets for account @FirstLadyIN
           the system said: Failed to send request:
HTTPSConnectionPool(host='api.twitter.com', port=443): Max retries exceeded with
 url: /1.1/statuses/user_timeline.json?count=200&screen_name=FirstLadyIN (Caused
 by NewConnectionError('<urllib3.connection.VerifiedHTTPSConnection object at
0xb6a35a0c>: Failed to establish a new connection: [Errno -3] Temporary failure
in name resolution',))
about to get all tweets newer than ID #1115755187258515458 for account
@SecNielsen
ERROR: unable to get tweets for account @SecNielsen
           the system said: Failed to send request:
HTTPSConnectionPool(host='api.twitter.com', port=443): Max retries exceeded with
 url: /1.1/statuses/user_timeline.json?count=200&screen_name=SecNielsen (Caused
by NewConnectionError('<urllib3.connection.VerifiedHTTPSConnection object at
0xb69cadac>: Failed to establish a new connection: [Errno -3] Temporary failure
in name resolution',))
about to get all tweets newer than ID #1156577555023110145 for account
@JessicaDitto45
ERROR: unable to get tweets for account @JessicaDitto45
           the system said: Failed to send request:
HTTPSConnectionPool(host='api.twitter.com', port=443): Max retries exceeded with
 url: /1.1/statuses/user_timeline.json?count=200&screen_name=JessicaDitto45
(Caused by NewConnectionError('<urllib3.connection.VerifiedHTTPSConnection
object at 0xb69c9b2c>: Failed to establish a new connection: [Errno -3]
Temporary failure in name resolution',))
about to get all tweets newer than ID #1156587529543585792 for account
@SecPompeo
ERROR: unable to get tweets for account @SecPompeo
           the system said: Failed to send request:
HTTPSConnectionPool(host='api.twitter.com', port=443): Max retries exceeded with
 url: /1.1/statuses/user_timeline.json?count=200&screen_name=SecPompeo (Caused
by NewConnectionError('<urllib3.connection.VerifiedHTTPSConnection object at
0xb69c560c>: Failed to establish a new connection: [Errno -3] Temporary failure
in name resolution',))
about to get all tweets newer than ID #1156370297458692101 for account
@seanspicer
ERROR: unable to get tweets for account @seanspicer
           the system said: Failed to send request:
HTTPSConnectionPool(host='api.twitter.com', port=443): Max retries exceeded with
 url: /1.1/statuses/user_timeline.json?count=200&screen_name=seanspicer (Caused
by NewConnectionError('<urllib3.connection.VerifiedHTTPSConnection object at
0xb6a3948c>: Failed to establish a new connection: [Errno -3] Temporary failure
in name resolution',))
about to get all tweets newer than ID #1156588093367083009 for account
@realDonaldTrump
ERROR: unable to get tweets for account @realDonaldTrump
           the system said: Failed to send request:
HTTPSConnectionPool(host='api.twitter.com', port=443): Max retries exceeded with
 url: /1.1/statuses/user_timeline.json?count=200&screen_name=realDonaldTrump
(Caused by NewConnectionError('<urllib3.connection.VerifiedHTTPSConnection
object at 0xb6a3526c>: Failed to establish a new connection: [Errno -3]
Temporary failure in name resolution',))
about to get all tweets newer than ID #1156622565571518466 for account @SecAzar
ERROR: unable to get tweets for account @SecAzar
           the system said: Failed to send request:
HTTPSConnectionPool(host='api.twitter.com', port=443): Max retries exceeded with
 url: /1.1/statuses/user_timeline.json?count=200&screen_name=SecAzar (Caused by
NewConnectionError('<urllib3.connection.VerifiedHTTPSConnection object at
0xb69c47ac>: Failed to establish a new connection: [Errno -3] Temporary failure
in name resolution',))
about to get all tweets newer than ID #836780744810844161 for account
@StephenMillerAL
ERROR: unable to get tweets for account @StephenMillerAL
           the system said: Failed to send request:
HTTPSConnectionPool(host='api.twitter.com', port=443): Max retries exceeded with
 url: /1.1/statuses/user_timeline.json?count=200&screen_name=StephenMillerAL
(Caused by NewConnectionError('<urllib3.connection.VerifiedHTTPSConnection
object at 0xb69c56cc>: Failed to establish a new connection: [Errno -3]
Temporary failure in name resolution',))
about to get all tweets newer than ID #1156365666640977922 for account
@Linda_McMahon
ERROR: unable to get tweets for account @Linda_McMahon
           the system said: Failed to send request:
HTTPSConnectionPool(host='api.twitter.com', port=443): Max retries exceeded with
 url: /1.1/statuses/user_timeline.json?count=200&screen_name=Linda_McMahon
(Caused by NewConnectionError('<urllib3.connection.VerifiedHTTPSConnection
object at 0xb6a2ffec>: Failed to establish a new connection: [Errno -3]
Temporary failure in name resolution',))
about to get all tweets newer than ID #1156618087988367360 for account
@SecondLady
ERROR: unable to get tweets for account @SecondLady
           the system said: Failed to send request:
HTTPSConnectionPool(host='api.twitter.com', port=443): Max retries exceeded with
 url: /1.1/statuses/user_timeline.json?count=200&screen_name=SecondLady (Caused
by NewConnectionError('<urllib3.connection.VerifiedHTTPSConnection object at
0xb69c99ec>: Failed to establish a new connection: [Errno -3] Temporary failure
in name resolution',))
about to get all tweets newer than ID #830074939298414592 for account
@RepTomPrice
ERROR: unable to get tweets for account @RepTomPrice
           the system said: Failed to send request:
HTTPSConnectionPool(host='api.twitter.com', port=443): Max retries exceeded with
 url: /1.1/statuses/user_timeline.json?count=200&screen_name=RepTomPrice (Caused
 by NewConnectionError('<urllib3.connection.VerifiedHTTPSConnection object at
0xb6a50d8c>: Failed to establish a new connection: [Errno -3] Temporary failure
in name resolution',))
about to get all tweets newer than ID #1155660978295623680 for account @Comey
ERROR: unable to get tweets for account @Comey
           the system said: Failed to send request:
HTTPSConnectionPool(host='api.twitter.com', port=443): Max retries exceeded with
 url: /1.1/statuses/user_timeline.json?count=200&screen_name=Comey (Caused by
NewConnectionError('<urllib3.connection.VerifiedHTTPSConnection object at
0xb6a39cec>: Failed to establish a new connection: [Errno -3] Temporary failure
in name resolution',))
about to get all tweets newer than ID #816290296048873472 for account
@WilburRoss
ERROR: unable to get tweets for account @WilburRoss
           the system said: Failed to send request:
HTTPSConnectionPool(host='api.twitter.com', port=443): Max retries exceeded with
 url: /1.1/statuses/user_timeline.json?count=200&screen_name=WilburRoss (Caused
by NewConnectionError('<urllib3.connection.VerifiedHTTPSConnection object at
0xb69d142c>: Failed to establish a new connection: [Errno -3] Temporary failure
in name resolution',))
about to get all tweets newer than ID #816846808789958656 for account
@SenDanCoats
ERROR: unable to get tweets for account @SenDanCoats
           the system said: Failed to send request:
HTTPSConnectionPool(host='api.twitter.com', port=443): Max retries exceeded with
 url: /1.1/statuses/user_timeline.json?count=200&screen_name=SenDanCoats (Caused
 by NewConnectionError('<urllib3.connection.VerifiedHTTPSConnection object at
0xb69c53ac>: Failed to establish a new connection: [Errno -3] Temporary failure
in name resolution',))
about to get all tweets newer than ID #1156390200052015106 for account
@DanScavino
ERROR: unable to get tweets for account @DanScavino
           the system said: Failed to send request:
HTTPSConnectionPool(host='api.twitter.com', port=443): Max retries exceeded with
 url: /1.1/statuses/user_timeline.json?count=200&screen_name=DanScavino (Caused
by NewConnectionError('<urllib3.connection.VerifiedHTTPSConnection object at
0xb6a50d4c>: Failed to establish a new connection: [Errno -3] Temporary failure
in name resolution',))
about to get all tweets newer than ID #1156552079848198145 for account
@statedeptspox
ERROR: unable to get tweets for account @statedeptspox
           the system said: Failed to send request:
HTTPSConnectionPool(host='api.twitter.com', port=443): Max retries exceeded with
 url: /1.1/statuses/user_timeline.json?count=200&screen_name=statedeptspox
(Caused by NewConnectionError('<urllib3.connection.VerifiedHTTPSConnection
object at 0xb6a53e2c>: Failed to establish a new connection: [Errno -3]
Temporary failure in name resolution',))
about to get all tweets newer than ID #1155954692326772737 for account @PressSec
ERROR: unable to get tweets for account @PressSec
           the system said: Failed to send request:
HTTPSConnectionPool(host='api.twitter.com', port=443): Max retries exceeded with
 url: /1.1/statuses/user_timeline.json?count=200&screen_name=PressSec (Caused by
 NewConnectionError('<urllib3.connection.VerifiedHTTPSConnection object at
0xb69c9b4c>: Failed to establish a new connection: [Errno -3] Temporary failure
in name resolution',))
about to get all tweets newer than ID #1156354419849617411 for account
@RealBenCarson
ERROR: unable to get tweets for account @RealBenCarson
           the system said: Failed to send request:
HTTPSConnectionPool(host='api.twitter.com', port=443): Max retries exceeded with
 url: /1.1/statuses/user_timeline.json?count=200&screen_name=RealBenCarson
(Caused by NewConnectionError('<urllib3.connection.VerifiedHTTPSConnection
object at 0xb69cd84c>: Failed to establish a new connection: [Errno -3]
Temporary failure in name resolution',))
about to get all tweets newer than ID #1155183785379540993 for account
@KellyannePolls
ERROR: unable to get tweets for account @KellyannePolls
           the system said: Failed to send request:
HTTPSConnectionPool(host='api.twitter.com', port=443): Max retries exceeded with
 url: /1.1/statuses/user_timeline.json?count=200&screen_name=KellyannePolls
(Caused by NewConnectionError('<urllib3.connection.VerifiedHTTPSConnection
object at 0xb69c4bcc>: Failed to establish a new connection: [Errno -3]
Temporary failure in name resolution',))
about to get all tweets newer than ID #1156337672589336576 for account
@AmbJohnBolton
ERROR: unable to get tweets for account @AmbJohnBolton
           the system said: Failed to send request:
HTTPSConnectionPool(host='api.twitter.com', port=443): Max retries exceeded with
 url: /1.1/statuses/user_timeline.json?count=200&screen_name=AmbJohnBolton
(Caused by NewConnectionError('<urllib3.connection.VerifiedHTTPSConnection
object at 0xb6a3570c>: Failed to establish a new connection: [Errno -3]
Temporary failure in name resolution',))
about to get all tweets newer than ID #1156565178684715009 for account
@BetsyDeVosED
ERROR: unable to get tweets for account @BetsyDeVosED
           the system said: Failed to send request:
HTTPSConnectionPool(host='api.twitter.com', port=443): Max retries exceeded with
 url: /1.1/statuses/user_timeline.json?count=200&screen_name=BetsyDeVosED
(Caused by NewConnectionError('<urllib3.connection.VerifiedHTTPSConnection
object at 0xb6a398ac>: Failed to establish a new connection: [Errno -3]
Temporary failure in name resolution',))
about to get all tweets newer than ID #890659905798983680 for account @Reince45
ERROR: unable to get tweets for account @Reince45
           the system said: Failed to send request:
HTTPSConnectionPool(host='api.twitter.com', port=443): Max retries exceeded with
 url: /1.1/statuses/user_timeline.json?count=200&screen_name=Reince45 (Caused by
 NewConnectionError('<urllib3.connection.VerifiedHTTPSConnection object at
0xb6a5088c>: Failed to establish a new connection: [Errno -3] Temporary failure
in name resolution',))
about to get all tweets newer than ID #1156323031389786114 for account
@SecretaryRoss
ERROR: unable to get tweets for account @SecretaryRoss
           the system said: Failed to send request:
HTTPSConnectionPool(host='api.twitter.com', port=443): Max retries exceeded with
 url: /1.1/statuses/user_timeline.json?count=200&screen_name=SecretaryRoss
(Caused by NewConnectionError('<urllib3.connection.VerifiedHTTPSConnection
object at 0xb69d240c>: Failed to establish a new connection: [Errno -3]
Temporary failure in name resolution',))
about to get all tweets newer than ID #1155897302021619717 for account
@stevenmnuchin1
ERROR: unable to get tweets for account @stevenmnuchin1
           the system said: Failed to send request:
HTTPSConnectionPool(host='api.twitter.com', port=443): Max retries exceeded with
 url: /1.1/statuses/user_timeline.json?count=200&screen_name=stevenmnuchin1
(Caused by NewConnectionError('<urllib3.connection.VerifiedHTTPSConnection
object at 0xb69d730c>: Failed to establish a new connection: [Errno -3]
Temporary failure in name resolution',))
about to get all tweets newer than ID #824610180881117184 for account
@GovPenceIN
ERROR: unable to get tweets for account @GovPenceIN
           the system said: Failed to send request:
HTTPSConnectionPool(host='api.twitter.com', port=443): Max retries exceeded with
 url: /1.1/statuses/user_timeline.json?count=200&screen_name=GovPenceIN (Caused
by NewConnectionError('<urllib3.connection.VerifiedHTTPSConnection object at
0xb6a53c6c>: Failed to establish a new connection: [Errno -3] Temporary failure
in name resolution',))
about to get all tweets newer than ID #1155848904946196480 for account
@SecretaryCarson
ERROR: unable to get tweets for account @SecretaryCarson
           the system said: Failed to send request:
HTTPSConnectionPool(host='api.twitter.com', port=443): Max retries exceeded with
 url: /1.1/statuses/user_timeline.json?count=200&screen_name=SecretaryCarson
(Caused by NewConnectionError('<urllib3.connection.VerifiedHTTPSConnection
object at 0xb6a50d0c>: Failed to establish a new connection: [Errno -3]
Temporary failure in name resolution',))
about to get all tweets newer than ID #994396943421001728 for account
@TomBossert45
ERROR: unable to get tweets for account @TomBossert45
           the system said: Failed to send request:
HTTPSConnectionPool(host='api.twitter.com', port=443): Max retries exceeded with
 url: /1.1/statuses/user_timeline.json?count=200&screen_name=TomBossert45
(Caused by NewConnectionError('<urllib3.connection.VerifiedHTTPSConnection
object at 0xb6a35d2c>: Failed to establish a new connection: [Errno -3]
Temporary failure in name resolution',))
about to get all tweets newer than ID #1080509257441837057 for account
@SecretaryZinke
ERROR: unable to get tweets for account @SecretaryZinke
           the system said: Failed to send request:
HTTPSConnectionPool(host='api.twitter.com', port=443): Max retries exceeded with
 url: /1.1/statuses/user_timeline.json?count=200&screen_name=SecretaryZinke
(Caused by NewConnectionError('<urllib3.connection.VerifiedHTTPSConnection
object at 0xb69d756c>: Failed to establish a new connection: [Errno -3]
Temporary failure in name resolution',))
... OK, we're set up, and about to watch 829782369670410240, 819980276570976256,
 826065858548133888, 818910970567344128, 823638938590085124, 920035992073064450,
 1024390184090181633, 894923298374651904, 2480087918, 296060169,
819992522109894658, 37666984, 862405301693296640, 986781648, 22203756,
733751245, 29547260, 832672006113931269, 823367015830323201, 20733972,
818876014390603776, 18906561, 599530439, 108471631, 24578794, 18916432,
822215673812119553, 830128820447539208, 52544275, 842072478834909184,
818928162449068032, 822215679726100480, 888031054141022209, 105267762,
798195585824104449, 6672532, 831482588246196225, 1923451808, 935148134505828353,
 836724024688410625, 988573326376427520, 20776147, 25073877, 956283913835614208,
 728361177986797568, 65522706, 822127086194348032, 6577802, 2334193741,
809836066316451840, 212262370, 620571475, 1967216306, 818927131883356161,
1180379185, 471672239, 118756393, 828997388920619008, 803703725730779136,
836305915452272641, 799764016885329921, 15985455, 828613457020870657,
866746592853979137, 827258161841135623
