Hello, traveler. This is the beginning of a log file called: "Fascist Tweet Archiver".
Some basic system info about the host machine: posix.uname_result(sysname='Linux', nodename='file-server', release='3.16.0-7-686-pae', version='#1 SMP Debian 3.16.59-1 (2018-10-03)', machine='i686')
This log was begun Tuesday, 05 February 2019 at 11:47



INFO: read target account data; we're tracking 65 accounts
WARNING: no ProtocolError (got exception "name 'ProtocolError' is not defined");
 trying requests.packages.urllib3.exceptions instead
NOTE: successfully imported from requests
Starting up...
about to get all tweets newer than ID #830074939298414592 for account
@RepTomPrice
about to get all tweets newer than ID #1088053469758541825 for account
@IvankaTrump
getting all tweets before ID #1060195169264418817
    ...400 tweets downloaded so far


New tweet from IvankaTrump: Congratulations Mariano Rivera for becoming the
first player ever unanimously elected into the Baseball Hall of Fam…
https://t.co/zStrN9hOv2

archiving URL http://twitter.com/IvankaTrump/status/1088085489071112192
    ... archiving using prefix http://web.archive.org/save/
about to get all tweets newer than ID #1080509257441837057 for account
@SecretaryZinke
about to get all tweets newer than ID #1087867969454120964 for account
@DanScavino

archiving URL https://twitter.com/IvankaTrump/status/1088085489071112192
    ... archiving using prefix http://web.archive.org/save/


New tweet from IvankaTrump: #Libertad https://t.co/wlCKXcS1Kg

archiving URL http://twitter.com/IvankaTrump/status/1088168917716094976
    ... archiving using prefix http://web.archive.org/save/
getting all tweets before ID #850538057732378625

archiving URL https://twitter.com/IvankaTrump/status/1088168917716094976
    ... archiving using prefix http://web.archive.org/save/
    ...400 tweets downloaded so far


New tweet from DanScavino: 25 years of being on the links with
@realDonaldTrump - today was one of the best to witness and watch, as he played…
 https://t.co/WdSqabuIOl

archiving URL http://twitter.com/DanScavino/status/1091916972844040198
    ... archiving using prefix http://web.archive.org/save/
about to get all tweets newer than ID #1014519079284199424 for account
@EPAScottPruitt
ERROR: unable to get tweets for account @EPAScottPruitt
           the system said: [{'code': 34, 'message': 'Sorry, that page does not
exist.'}]
about to get all tweets newer than ID #1087887473026523136 for account
@SecretarySonny


New tweet from IvankaTrump: 74 years ago, the remaining prisoners of
Auschwitz-Birkenau were liberated. 

We recognize International Holocaust…
https://t.co/yzKqoxW4xP

archiving URL http://twitter.com/IvankaTrump/status/1089538925176205312
    ... archiving using prefix http://web.archive.org/save/

archiving URL https://twitter.com/DanScavino/status/1091916972844040198
    ... archiving using prefix http://web.archive.org/save/
getting all tweets before ID #1055068041451581441

archiving URL https://twitter.com/IvankaTrump/status/1089538925176205312
    ... archiving using prefix http://web.archive.org/save/
    ...400 tweets downloaded so far


New tweet from SecretarySonny: Wanted to drop in this morning and say thank
you to our @USDA Operations team, who have been on the job during the…
https://t.co/Cd4TVYVfW6

archiving URL http://twitter.com/SecretarySonny/status/1088471379308150784
    ... archiving using prefix http://web.archive.org/save/
about to get all tweets newer than ID #1087415791732039680 for account
@KellyannePolls


New tweet from IvankaTrump: Disabled Americans are experiencing the lowest
unemployment rate in history, “breaking a long-running trend that ha…
https://t.co/hZoZT1Iz6Z

archiving URL http://twitter.com/IvankaTrump/status/1089904004111450112
    ... archiving using prefix http://web.archive.org/save/

archiving URL https://twitter.com/SecretarySonny/status/1088471379308150784
    ... archiving using prefix http://web.archive.org/save/
getting all tweets before ID #1045712815758233599

archiving URL https://twitter.com/IvankaTrump/status/1089904004111450112
    ... archiving using prefix http://web.archive.org/save/


New tweet from SecretarySonny: Welcome news as @POTUS announces reopening of
gov't. @USDA will prepare for smooth reestablishment of operations. M…
https://t.co/wM2cogtSqz

archiving URL http://twitter.com/SecretarySonny/status/1088903461708722176
    ... archiving using prefix http://web.archive.org/save/


New tweet from IvankaTrump: RT @ConcordiaSummit: Earlier this month the
Women’s Entrepreneurship and Economic Empowerment Act was signed into law.
Advocated for by @Iv…

archiving URL http://twitter.com/IvankaTrump/status/1090052215572713472
    ... archiving using prefix http://web.archive.org/save/
    ...400 tweets downloaded so far


New tweet from KellyannePolls: RT @dcexaminer: .@realdonaldtrump donates $100K
 of salary to alcoholism research https://t.co/pCnd6Omr4i

archiving URL http://twitter.com/KellyannePolls/status/1089634136141299712
    ... archiving using prefix http://web.archive.org/save/
about to get all tweets newer than ID #1087751707726090252 for account
@BetsyDeVosED

archiving URL https://twitter.com/SecretarySonny/status/1088903461708722176
    ... archiving using prefix http://web.archive.org/save/

archiving URL https://twitter.com/IvankaTrump/status/1090052215572713472
    ... archiving using prefix http://web.archive.org/save/

archiving URL https://twitter.com/KellyannePolls/status/1089634136141299712
    ... archiving using prefix http://web.archive.org/save/
getting all tweets before ID #970777044542992383


New tweet from SecretarySonny: USDA employees will receive pay missed during
the shutdown under legislation already signed by @POTUS. We will work…
https://t.co/STXoAep6HZ

archiving URL http://twitter.com/SecretarySonny/status/1088904633366601728
    ... archiving using prefix http://web.archive.org/save/


New tweet from IvankaTrump: RT @usatodayopinion: My life was saved by many
fighting for justice reform. I want to save the lives of other prisoners who are
 nonviolent…

archiving URL http://twitter.com/IvankaTrump/status/1090997730627997697
    ... archiving using prefix http://web.archive.org/save/

archiving URL https://twitter.com/SecretarySonny/status/1088904633366601728
    ... archiving using prefix http://web.archive.org/save/


New tweet from KellyannePolls: RT @HotlineJosh: More NBC/WSJ poll: Pelosi’s
negatives shot up during government shutdown more than any pol // now the most
unpopular polit…

archiving URL http://twitter.com/KellyannePolls/status/1089660029651832832
    ... archiving using prefix http://web.archive.org/save/
    ...400 tweets downloaded so far


New tweet from BetsyDeVosED: RT @usedgov: “Parents have the greatest stake in
their child’s education. Accordingly, they should have the greatest power to
make sure the…

archiving URL http://twitter.com/BetsyDeVosED/status/1088983921629585415
    ... archiving using prefix http://web.archive.org/save/
about to get all tweets newer than ID #1087919584970264577 for account
@seanspicer

archiving URL https://twitter.com/IvankaTrump/status/1090997730627997697
    ... archiving using prefix http://web.archive.org/save/


New tweet from SecretarySonny: We look forward to welcoming back our whole
team. Many stayed on the job during the shutdown and we are grateful to…
https://t.co/145Jokw3HN

archiving URL http://twitter.com/SecretarySonny/status/1089196186949570562
    ... archiving using prefix http://web.archive.org/save/

archiving URL https://twitter.com/KellyannePolls/status/1089660029651832832
    ... archiving using prefix http://web.archive.org/save/

archiving URL https://twitter.com/BetsyDeVosED/status/1088983921629585415
    ... archiving using prefix http://web.archive.org/save/


New tweet from IvankaTrump: As the Nation prepares to celebrate
#SuperBowlLIII, the US government is taking aggressive action to combat traffic…
 https://t.co/WEv4D6bKT1

archiving URL http://twitter.com/IvankaTrump/status/1091020608157167616
    ... archiving using prefix http://web.archive.org/save/

archiving URL https://twitter.com/SecretarySonny/status/1089196186949570562
    ... archiving using prefix http://web.archive.org/save/
getting all tweets before ID #1078394068663717887
